[2025-03-01T15:08:59.369+0000] {local_task_job_runner.py:123} INFO - ::group::Pre task execution logs
[2025-03-01T15:08:59.388+0000] {taskinstance.py:2614} INFO - Dependencies all met for dep_context=non-requeueable deps ti=<TaskInstance: first_dag.first_task scheduled__2025-02-28T00:00:00+00:00 [queued]>
[2025-03-01T15:08:59.397+0000] {taskinstance.py:2614} INFO - Dependencies all met for dep_context=requeueable deps ti=<TaskInstance: first_dag.first_task scheduled__2025-02-28T00:00:00+00:00 [queued]>
[2025-03-01T15:08:59.398+0000] {taskinstance.py:2867} INFO - Starting attempt 1 of 6
[2025-03-01T15:08:59.414+0000] {taskinstance.py:2890} INFO - Executing <Task(BashOperator): first_task> on 2025-02-28 00:00:00+00:00
[2025-03-01T15:08:59.421+0000] {warnings.py:112} WARNING - /home/***/.local/lib/python3.12/site-packages/***/task/task_runner/standard_task_runner.py:70: DeprecationWarning: This process (pid=626) is multi-threaded, use of fork() may lead to deadlocks in the child.
  pid = os.fork()

[2025-03-01T15:08:59.423+0000] {standard_task_runner.py:72} INFO - Started process 630 to run task
[2025-03-01T15:08:59.424+0000] {standard_task_runner.py:104} INFO - Running: ['***', 'tasks', 'run', 'first_dag', 'first_task', 'scheduled__2025-02-28T00:00:00+00:00', '--job-id', '84', '--raw', '--subdir', 'DAGS_FOLDER/first_dag.py', '--cfg-path', '/tmp/tmpxah4j5uu']
[2025-03-01T15:08:59.425+0000] {standard_task_runner.py:105} INFO - Job 84: Subtask first_task
[2025-03-01T15:08:59.484+0000] {task_command.py:467} INFO - Running <TaskInstance: first_dag.first_task scheduled__2025-02-28T00:00:00+00:00 [running]> on host 93ff5a63b4d9
[2025-03-01T15:08:59.614+0000] {taskinstance.py:3134} INFO - Exporting env vars: AIRFLOW_CTX_DAG_OWNER='matthew' AIRFLOW_CTX_DAG_ID='first_dag' AIRFLOW_CTX_TASK_ID='first_task' AIRFLOW_CTX_EXECUTION_DATE='2025-02-28T00:00:00+00:00' AIRFLOW_CTX_TRY_NUMBER='1' AIRFLOW_CTX_DAG_RUN_ID='scheduled__2025-02-28T00:00:00+00:00'
[2025-03-01T15:08:59.615+0000] {taskinstance.py:732} INFO - ::endgroup::
[2025-03-01T15:08:59.644+0000] {subprocess.py:78} INFO - Tmp dir root location: /tmp
[2025-03-01T15:08:59.657+0000] {subprocess.py:88} INFO - Running command: ['/usr/bin/bash', '-c', 'echo hello world, this is the first task']
[2025-03-01T15:08:59.685+0000] {subprocess.py:99} INFO - Output:
[2025-03-01T15:08:59.688+0000] {subprocess.py:106} INFO - hello world, this is the first task
[2025-03-01T15:08:59.689+0000] {subprocess.py:110} INFO - Command exited with return code 0
[2025-03-01T15:08:59.713+0000] {taskinstance.py:341} INFO - ::group::Post task execution logs
[2025-03-01T15:08:59.714+0000] {taskinstance.py:353} INFO - Marking task as SUCCESS. dag_id=first_dag, task_id=first_task, run_id=scheduled__2025-02-28T00:00:00+00:00, execution_date=20250228T000000, start_date=20250301T150859, end_date=20250301T150859
[2025-03-01T15:08:59.764+0000] {local_task_job_runner.py:266} INFO - Task exited with return code 0
[2025-03-01T15:08:59.776+0000] {taskinstance.py:3901} INFO - 0 downstream tasks scheduled from follow-on schedule check
[2025-03-01T15:08:59.777+0000] {local_task_job_runner.py:245} INFO - ::endgroup::
[2025-03-01T15:29:26.320+0000] {local_task_job_runner.py:123} INFO - ::group::Pre task execution logs
[2025-03-01T15:29:26.341+0000] {taskinstance.py:2614} INFO - Dependencies all met for dep_context=non-requeueable deps ti=<TaskInstance: first_dag.first_task scheduled__2025-02-28T00:00:00+00:00 [queued]>
[2025-03-01T15:29:26.353+0000] {taskinstance.py:2614} INFO - Dependencies all met for dep_context=requeueable deps ti=<TaskInstance: first_dag.first_task scheduled__2025-02-28T00:00:00+00:00 [queued]>
[2025-03-01T15:29:26.353+0000] {taskinstance.py:2867} INFO - Starting attempt 1 of 6
[2025-03-01T15:29:26.369+0000] {taskinstance.py:2890} INFO - Executing <Task(BashOperator): first_task> on 2025-02-28 00:00:00+00:00
[2025-03-01T15:29:26.376+0000] {warnings.py:112} WARNING - /home/***/.local/lib/python3.12/site-packages/***/task/task_runner/standard_task_runner.py:70: DeprecationWarning: This process (pid=82) is multi-threaded, use of fork() may lead to deadlocks in the child.
  pid = os.fork()

[2025-03-01T15:29:26.377+0000] {standard_task_runner.py:72} INFO - Started process 84 to run task
[2025-03-01T15:29:26.381+0000] {standard_task_runner.py:104} INFO - Running: ['***', 'tasks', 'run', 'first_dag', 'first_task', 'scheduled__2025-02-28T00:00:00+00:00', '--job-id', '3', '--raw', '--subdir', 'DAGS_FOLDER/first_dag.py', '--cfg-path', '/tmp/tmpho6ix_k7']
[2025-03-01T15:29:26.382+0000] {standard_task_runner.py:105} INFO - Job 3: Subtask first_task
[2025-03-01T15:29:26.438+0000] {task_command.py:467} INFO - Running <TaskInstance: first_dag.first_task scheduled__2025-02-28T00:00:00+00:00 [running]> on host ec03a6047826
[2025-03-01T15:29:26.533+0000] {taskinstance.py:3134} INFO - Exporting env vars: AIRFLOW_CTX_DAG_OWNER='matthew' AIRFLOW_CTX_DAG_ID='first_dag' AIRFLOW_CTX_TASK_ID='first_task' AIRFLOW_CTX_EXECUTION_DATE='2025-02-28T00:00:00+00:00' AIRFLOW_CTX_TRY_NUMBER='1' AIRFLOW_CTX_DAG_RUN_ID='scheduled__2025-02-28T00:00:00+00:00'
[2025-03-01T15:29:26.533+0000] {taskinstance.py:732} INFO - ::endgroup::
[2025-03-01T15:29:26.573+0000] {subprocess.py:78} INFO - Tmp dir root location: /tmp
[2025-03-01T15:29:26.574+0000] {subprocess.py:88} INFO - Running command: ['/usr/bin/bash', '-c', 'echo hello world, this is the first task']
[2025-03-01T15:29:26.591+0000] {subprocess.py:99} INFO - Output:
[2025-03-01T15:29:26.596+0000] {subprocess.py:106} INFO - hello world, this is the first task
[2025-03-01T15:29:26.597+0000] {subprocess.py:110} INFO - Command exited with return code 0
[2025-03-01T15:29:26.622+0000] {taskinstance.py:341} INFO - ::group::Post task execution logs
[2025-03-01T15:29:26.623+0000] {taskinstance.py:353} INFO - Marking task as SUCCESS. dag_id=first_dag, task_id=first_task, run_id=scheduled__2025-02-28T00:00:00+00:00, execution_date=20250228T000000, start_date=20250301T152926, end_date=20250301T152926
[2025-03-01T15:29:26.685+0000] {local_task_job_runner.py:266} INFO - Task exited with return code 0
[2025-03-01T15:29:26.698+0000] {taskinstance.py:3901} INFO - 0 downstream tasks scheduled from follow-on schedule check
[2025-03-01T15:29:26.701+0000] {local_task_job_runner.py:245} INFO - ::endgroup::
