[2025-03-01T15:06:02.593+0000] {local_task_job_runner.py:123} INFO - ::group::Pre task execution logs
[2025-03-01T15:06:02.762+0000] {taskinstance.py:2614} INFO - Dependencies all met for dep_context=non-requeueable deps ti=<TaskInstance: first_dag.first_task scheduled__2021-07-23T00:00:00+00:00 [queued]>
[2025-03-01T15:06:02.883+0000] {taskinstance.py:2614} INFO - Dependencies all met for dep_context=requeueable deps ti=<TaskInstance: first_dag.first_task scheduled__2021-07-23T00:00:00+00:00 [queued]>
[2025-03-01T15:06:02.887+0000] {taskinstance.py:2867} INFO - Starting attempt 1 of 6
[2025-03-01T15:06:03.088+0000] {taskinstance.py:2890} INFO - Executing <Task(BashOperator): first_task> on 2021-07-23 00:00:00+00:00
[2025-03-01T15:06:03.101+0000] {warnings.py:112} WARNING - /home/***/.local/lib/python3.12/site-packages/***/task/task_runner/standard_task_runner.py:70: DeprecationWarning: This process (pid=314) is multi-threaded, use of fork() may lead to deadlocks in the child.
  pid = os.fork()

[2025-03-01T15:06:03.109+0000] {standard_task_runner.py:72} INFO - Started process 339 to run task
[2025-03-01T15:06:03.113+0000] {standard_task_runner.py:104} INFO - Running: ['***', 'tasks', 'run', 'first_dag', 'first_task', 'scheduled__2021-07-23T00:00:00+00:00', '--job-id', '22', '--raw', '--subdir', 'DAGS_FOLDER/first_dag.py', '--cfg-path', '/tmp/tmp6fnauumn']
[2025-03-01T15:06:03.126+0000] {standard_task_runner.py:105} INFO - Job 22: Subtask first_task
[2025-03-01T15:06:03.450+0000] {task_command.py:467} INFO - Running <TaskInstance: first_dag.first_task scheduled__2021-07-23T00:00:00+00:00 [running]> on host 93ff5a63b4d9
[2025-03-01T15:06:04.415+0000] {taskinstance.py:3134} INFO - Exporting env vars: AIRFLOW_CTX_DAG_OWNER='matthew' AIRFLOW_CTX_DAG_ID='first_dag' AIRFLOW_CTX_TASK_ID='first_task' AIRFLOW_CTX_EXECUTION_DATE='2021-07-23T00:00:00+00:00' AIRFLOW_CTX_TRY_NUMBER='1' AIRFLOW_CTX_DAG_RUN_ID='scheduled__2021-07-23T00:00:00+00:00'
[2025-03-01T15:06:04.415+0000] {taskinstance.py:732} INFO - ::endgroup::
[2025-03-01T15:06:04.584+0000] {subprocess.py:78} INFO - Tmp dir root location: /tmp
[2025-03-01T15:06:04.592+0000] {subprocess.py:88} INFO - Running command: ['/usr/bin/bash', '-c', 'echo hello world, this is the first task']
[2025-03-01T15:06:04.706+0000] {subprocess.py:99} INFO - Output:
[2025-03-01T15:06:04.723+0000] {subprocess.py:106} INFO - hello world, this is the first task
[2025-03-01T15:06:04.724+0000] {subprocess.py:110} INFO - Command exited with return code 0
[2025-03-01T15:06:04.836+0000] {taskinstance.py:341} INFO - ::group::Post task execution logs
[2025-03-01T15:06:04.844+0000] {taskinstance.py:353} INFO - Marking task as SUCCESS. dag_id=first_dag, task_id=first_task, run_id=scheduled__2021-07-23T00:00:00+00:00, execution_date=20210723T000000, start_date=20250301T150602, end_date=20250301T150604
[2025-03-01T15:06:05.077+0000] {local_task_job_runner.py:266} INFO - Task exited with return code 0
[2025-03-01T15:06:05.172+0000] {taskinstance.py:3901} INFO - 0 downstream tasks scheduled from follow-on schedule check
[2025-03-01T15:06:05.190+0000] {local_task_job_runner.py:245} INFO - ::endgroup::
