[2025-03-06T15:12:29.467+0000] {local_task_job_runner.py:123} INFO - ::group::Pre task execution logs
[2025-03-06T15:12:29.479+0000] {taskinstance.py:2614} INFO - Dependencies all met for dep_context=non-requeueable deps ti=<TaskInstance: etl_setup_dag.setup_env_variables manual__2025-03-06T15:12:27.956882+00:00 [queued]>
[2025-03-06T15:12:29.485+0000] {taskinstance.py:2614} INFO - Dependencies all met for dep_context=requeueable deps ti=<TaskInstance: etl_setup_dag.setup_env_variables manual__2025-03-06T15:12:27.956882+00:00 [queued]>
[2025-03-06T15:12:29.485+0000] {taskinstance.py:2867} INFO - Starting attempt 1 of 1
[2025-03-06T15:12:29.494+0000] {taskinstance.py:2890} INFO - Executing <Task(PythonOperator): setup_env_variables> on 2025-03-06 15:12:27.956882+00:00
[2025-03-06T15:12:29.501+0000] {warnings.py:112} WARNING - /home/***/.local/lib/python3.12/site-packages/***/task/task_runner/standard_task_runner.py:70: DeprecationWarning: This process (pid=432) is multi-threaded, use of fork() may lead to deadlocks in the child.
  pid = os.fork()

[2025-03-06T15:12:29.503+0000] {standard_task_runner.py:72} INFO - Started process 434 to run task
[2025-03-06T15:12:29.503+0000] {standard_task_runner.py:104} INFO - Running: ['***', 'tasks', 'run', 'etl_setup_dag', 'setup_env_variables', 'manual__2025-03-06T15:12:27.956882+00:00', '--job-id', '27', '--raw', '--subdir', 'DAGS_FOLDER/etl_dag.py', '--cfg-path', '/tmp/tmppghm3x29']
[2025-03-06T15:12:29.505+0000] {standard_task_runner.py:105} INFO - Job 27: Subtask setup_env_variables
[2025-03-06T15:12:29.539+0000] {task_command.py:467} INFO - Running <TaskInstance: etl_setup_dag.setup_env_variables manual__2025-03-06T15:12:27.956882+00:00 [running]> on host 4248ae9eea74
[2025-03-06T15:12:29.761+0000] {taskinstance.py:3134} INFO - Exporting env vars: AIRFLOW_CTX_DAG_OWNER='***' AIRFLOW_CTX_DAG_ID='etl_setup_dag' AIRFLOW_CTX_TASK_ID='setup_env_variables' AIRFLOW_CTX_EXECUTION_DATE='2025-03-06T15:12:27.956882+00:00' AIRFLOW_CTX_TRY_NUMBER='1' AIRFLOW_CTX_DAG_RUN_ID='manual__2025-03-06T15:12:27.956882+00:00'
[2025-03-06T15:12:29.762+0000] {taskinstance.py:732} INFO - ::endgroup::
[2025-03-06T15:12:29.773+0000] {logging_mixin.py:190} INFO - Successfully loaded API_KEY
[2025-03-06T15:12:29.773+0000] {logging_mixin.py:190} INFO - Successfully loaded 3 cities.
[2025-03-06T15:12:29.831+0000] {logging_mixin.py:190} INFO - Retrieved coordinate for Denver,CO,USA: (39.7392, -104.9847)
[2025-03-06T15:12:29.832+0000] {logging_mixin.py:190} INFO - City: Denver,CO,USA - Latitude: 39.7392, Longitude: -104.9847
[2025-03-06T15:12:29.833+0000] {warnings.py:112} WARNING - /opt/***/dags/utils/encodings_setup.py:74: FutureWarning: The behavior of DataFrame concatenation with empty or all-NA entries is deprecated. In a future version, this will no longer exclude empty or all-NA columns when determining the result dtypes. To retain the old behavior, exclude the relevant entries before the concat operation.
  encodings = pd.concat([encodings, new_row], ignore_index=True)

[2025-03-06T15:12:29.887+0000] {logging_mixin.py:190} INFO - Retrieved coordinate for Austin,TX,USA: (30.2711, -97.7437)
[2025-03-06T15:12:29.887+0000] {logging_mixin.py:190} INFO - City: Austin,TX,USA - Latitude: 30.2711, Longitude: -97.7437
[2025-03-06T15:12:29.940+0000] {logging_mixin.py:190} INFO - Retrieved coordinate for Stuttgart,DE: (48.7823, 9.177)
[2025-03-06T15:12:29.941+0000] {logging_mixin.py:190} INFO - City: Stuttgart,DE - Latitude: 48.7823, Longitude: 9.177
[2025-03-06T15:12:29.944+0000] {logging_mixin.py:190} INFO - Successfully wrote city encodings to cities_config.json
[2025-03-06T15:12:29.945+0000] {logging_mixin.py:190} INFO - Data has been written to cities_config.json
[2025-03-06T15:12:29.945+0000] {python.py:240} INFO - Done. Returned value was: None
[2025-03-06T15:12:29.956+0000] {taskinstance.py:341} INFO - ::group::Post task execution logs
[2025-03-06T15:12:29.957+0000] {taskinstance.py:353} INFO - Marking task as SUCCESS. dag_id=etl_setup_dag, task_id=setup_env_variables, run_id=manual__2025-03-06T15:12:27.956882+00:00, execution_date=20250306T151227, start_date=20250306T151229, end_date=20250306T151229
[2025-03-06T15:12:29.998+0000] {local_task_job_runner.py:266} INFO - Task exited with return code 0
[2025-03-06T15:12:30.167+0000] {taskinstance.py:3901} INFO - 1 downstream tasks scheduled from follow-on schedule check
[2025-03-06T15:12:30.168+0000] {local_task_job_runner.py:245} INFO - ::endgroup::
