[2025-03-01T15:05:59.996+0000] {local_task_job_runner.py:123} INFO - ::group::Pre task execution logs
[2025-03-01T15:06:00.221+0000] {taskinstance.py:2614} INFO - Dependencies all met for dep_context=non-requeueable deps ti=<TaskInstance: first_dag.first_task scheduled__2021-07-19T00:00:00+00:00 [queued]>
[2025-03-01T15:06:00.325+0000] {taskinstance.py:2614} INFO - Dependencies all met for dep_context=requeueable deps ti=<TaskInstance: first_dag.first_task scheduled__2021-07-19T00:00:00+00:00 [queued]>
[2025-03-01T15:06:00.338+0000] {taskinstance.py:2867} INFO - Starting attempt 1 of 6
[2025-03-01T15:06:00.556+0000] {taskinstance.py:2890} INFO - Executing <Task(BashOperator): first_task> on 2021-07-19 00:00:00+00:00
[2025-03-01T15:06:00.623+0000] {warnings.py:112} WARNING - /home/***/.local/lib/python3.12/site-packages/***/task/task_runner/standard_task_runner.py:70: DeprecationWarning: This process (pid=310) is multi-threaded, use of fork() may lead to deadlocks in the child.
  pid = os.fork()

[2025-03-01T15:06:00.656+0000] {standard_task_runner.py:72} INFO - Started process 328 to run task
[2025-03-01T15:06:00.745+0000] {standard_task_runner.py:104} INFO - Running: ['***', 'tasks', 'run', 'first_dag', 'first_task', 'scheduled__2021-07-19T00:00:00+00:00', '--job-id', '17', '--raw', '--subdir', 'DAGS_FOLDER/first_dag.py', '--cfg-path', '/tmp/tmpr274czxw']
[2025-03-01T15:06:00.746+0000] {standard_task_runner.py:105} INFO - Job 17: Subtask first_task
[2025-03-01T15:06:01.273+0000] {task_command.py:467} INFO - Running <TaskInstance: first_dag.first_task scheduled__2021-07-19T00:00:00+00:00 [running]> on host 93ff5a63b4d9
[2025-03-01T15:06:01.986+0000] {taskinstance.py:3134} INFO - Exporting env vars: AIRFLOW_CTX_DAG_OWNER='matthew' AIRFLOW_CTX_DAG_ID='first_dag' AIRFLOW_CTX_TASK_ID='first_task' AIRFLOW_CTX_EXECUTION_DATE='2021-07-19T00:00:00+00:00' AIRFLOW_CTX_TRY_NUMBER='1' AIRFLOW_CTX_DAG_RUN_ID='scheduled__2021-07-19T00:00:00+00:00'
[2025-03-01T15:06:01.998+0000] {taskinstance.py:732} INFO - ::endgroup::
[2025-03-01T15:06:02.393+0000] {subprocess.py:78} INFO - Tmp dir root location: /tmp
[2025-03-01T15:06:02.402+0000] {subprocess.py:88} INFO - Running command: ['/usr/bin/bash', '-c', 'echo hello world, this is the first task']
[2025-03-01T15:06:02.592+0000] {subprocess.py:99} INFO - Output:
[2025-03-01T15:06:02.623+0000] {subprocess.py:106} INFO - hello world, this is the first task
[2025-03-01T15:06:02.631+0000] {subprocess.py:110} INFO - Command exited with return code 0
[2025-03-01T15:06:02.694+0000] {taskinstance.py:341} INFO - ::group::Post task execution logs
[2025-03-01T15:06:02.701+0000] {taskinstance.py:353} INFO - Marking task as SUCCESS. dag_id=first_dag, task_id=first_task, run_id=scheduled__2021-07-19T00:00:00+00:00, execution_date=20210719T000000, start_date=20250301T150600, end_date=20250301T150602
[2025-03-01T15:06:02.963+0000] {local_task_job_runner.py:266} INFO - Task exited with return code 0
[2025-03-01T15:06:03.005+0000] {local_task_job_runner.py:245} INFO - ::endgroup::
