[2025-03-06T15:25:22.915+0000] {local_task_job_runner.py:123} INFO - ::group::Pre task execution logs
[2025-03-06T15:25:22.938+0000] {taskinstance.py:2614} INFO - Dependencies all met for dep_context=non-requeueable deps ti=<TaskInstance: etl_setup_dag.extract_write_raw_weather_data manual__2025-03-06T15:25:19.581741+00:00 [queued]>
[2025-03-06T15:25:22.948+0000] {taskinstance.py:2614} INFO - Dependencies all met for dep_context=requeueable deps ti=<TaskInstance: etl_setup_dag.extract_write_raw_weather_data manual__2025-03-06T15:25:19.581741+00:00 [queued]>
[2025-03-06T15:25:22.948+0000] {taskinstance.py:2867} INFO - Starting attempt 1 of 1
[2025-03-06T15:25:22.965+0000] {taskinstance.py:2890} INFO - Executing <Task(PythonOperator): extract_write_raw_weather_data> on 2025-03-06 15:25:19.581741+00:00
[2025-03-06T15:25:22.974+0000] {warnings.py:112} WARNING - /home/***/.local/lib/python3.12/site-packages/***/task/task_runner/standard_task_runner.py:70: DeprecationWarning: This process (pid=638) is multi-threaded, use of fork() may lead to deadlocks in the child.
  pid = os.fork()

[2025-03-06T15:25:22.976+0000] {standard_task_runner.py:72} INFO - Started process 640 to run task
[2025-03-06T15:25:22.982+0000] {standard_task_runner.py:104} INFO - Running: ['***', 'tasks', 'run', 'etl_setup_dag', 'extract_write_raw_weather_data', 'manual__2025-03-06T15:25:19.581741+00:00', '--job-id', '35', '--raw', '--subdir', 'DAGS_FOLDER/etl_dag.py', '--cfg-path', '/tmp/tmp2bqo7rhs']
[2025-03-06T15:25:22.984+0000] {standard_task_runner.py:105} INFO - Job 35: Subtask extract_write_raw_weather_data
[2025-03-06T15:25:23.313+0000] {task_command.py:467} INFO - Running <TaskInstance: etl_setup_dag.extract_write_raw_weather_data manual__2025-03-06T15:25:19.581741+00:00 [running]> on host 4248ae9eea74
[2025-03-06T15:25:23.399+0000] {taskinstance.py:3134} INFO - Exporting env vars: AIRFLOW_CTX_DAG_OWNER='***' AIRFLOW_CTX_DAG_ID='etl_setup_dag' AIRFLOW_CTX_TASK_ID='extract_write_raw_weather_data' AIRFLOW_CTX_EXECUTION_DATE='2025-03-06T15:25:19.581741+00:00' AIRFLOW_CTX_TRY_NUMBER='1' AIRFLOW_CTX_DAG_RUN_ID='manual__2025-03-06T15:25:19.581741+00:00'
[2025-03-06T15:25:23.400+0000] {taskinstance.py:732} INFO - ::endgroup::
[2025-03-06T15:25:23.418+0000] {logging_mixin.py:190} INFO - Successfully loaded API key
[2025-03-06T15:25:23.506+0000] {logging_mixin.py:190} INFO - Successfully fetched weather data for Denver,CO,USA
[2025-03-06T15:25:23.506+0000] {logging_mixin.py:190} INFO - {'lat': 39.7392, 'lon': -104.9847, 'timezone': 'America/Denver', 'timezone_offset': -25200, 'current': {'dt': 1741274723, 'sunrise': 1741267513, 'sunset': 1741309038, 'temp': 36.34, 'feels_like': 36.34, 'pressure': 1005, 'humidity': 87, 'dew_point': 32.85, 'uvi': 0.86, 'clouds': 41, 'visibility': 10000, 'wind_speed': 1.99, 'wind_deg': 152, 'wind_gust': 5.01, 'weather': [{'id': 802, 'main': 'Clouds', 'description': 'scattered clouds', 'icon': '03d'}]}, 'City': 'Denver,CO,USA'}
[2025-03-06T15:25:23.508+0000] {logging_mixin.py:190} INFO - Successfully loaded API key
[2025-03-06T15:25:23.590+0000] {logging_mixin.py:190} INFO - Successfully fetched weather data for Austin,TX,USA
[2025-03-06T15:25:23.591+0000] {logging_mixin.py:190} INFO - {'lat': 30.2711, 'lon': -97.7437, 'timezone': 'America/Chicago', 'timezone_offset': -21600, 'current': {'dt': 1741274723, 'sunrise': 1741265478, 'sunset': 1741307599, 'temp': 57.6, 'feels_like': 55.08, 'pressure': 1020, 'humidity': 43, 'dew_point': 35.29, 'uvi': 2.12, 'clouds': 0, 'visibility': 10000, 'wind_speed': 8.05, 'wind_deg': 150, 'wind_gust': 19.57, 'weather': [{'id': 800, 'main': 'Clear', 'description': 'clear sky', 'icon': '01d'}]}, 'City': 'Austin,TX,USA'}
[2025-03-06T15:25:23.593+0000] {logging_mixin.py:190} INFO - Successfully loaded API key
[2025-03-06T15:25:23.679+0000] {logging_mixin.py:190} INFO - Successfully fetched weather data for Stuttgart,DE
[2025-03-06T15:25:23.679+0000] {logging_mixin.py:190} INFO - {'lat': 48.7823, 'lon': 9.177, 'timezone': 'Europe/Berlin', 'timezone_offset': 3600, 'current': {'dt': 1741274723, 'sunrise': 1741240520, 'sunset': 1741281243, 'temp': 62.76, 'feels_like': 60.15, 'pressure': 1021, 'humidity': 30, 'dew_point': 31.05, 'uvi': 0.72, 'clouds': 0, 'visibility': 10000, 'wind_speed': 4.61, 'wind_deg': 360, 'weather': [{'id': 800, 'main': 'Clear', 'description': 'clear sky', 'icon': '01d'}]}, 'alerts': [{'sender_name': 'Deutscher Wetterdienst', 'event': 'frost', 'start': 1741291200, 'end': 1741334400, 'description': 'There is a risk of frost (level 1 of 2).\nMinimum temperature: > -2 °C; near surface: > -7 °C', 'tags': ['Extreme low temperature']}], 'City': 'Stuttgart,DE'}
[2025-03-06T15:25:23.682+0000] {logging_mixin.py:190} INFO - Data saved to /opt/***/dags/data/raw_weather_data.json
[2025-03-06T15:25:23.682+0000] {logging_mixin.py:190} INFO - Weather data successfully saved to /opt/***/dags/data/raw_weather_data.json
[2025-03-06T15:25:23.684+0000] {logging_mixin.py:190} INFO - Data saved to /opt/***/dags/data/raw_compiled_data.json
[2025-03-06T15:25:23.684+0000] {logging_mixin.py:190} INFO - Weather data successfully saved to /opt/***/dags/data/raw_compiled_data.json
[2025-03-06T15:25:23.684+0000] {python.py:240} INFO - Done. Returned value was: None
[2025-03-06T15:25:23.694+0000] {taskinstance.py:341} INFO - ::group::Post task execution logs
[2025-03-06T15:25:23.695+0000] {taskinstance.py:353} INFO - Marking task as SUCCESS. dag_id=etl_setup_dag, task_id=extract_write_raw_weather_data, run_id=manual__2025-03-06T15:25:19.581741+00:00, execution_date=20250306T152519, start_date=20250306T152522, end_date=20250306T152523
[2025-03-06T15:25:23.804+0000] {local_task_job_runner.py:266} INFO - Task exited with return code 0
[2025-03-06T15:25:24.096+0000] {taskinstance.py:3901} INFO - 1 downstream tasks scheduled from follow-on schedule check
[2025-03-06T15:25:24.105+0000] {local_task_job_runner.py:245} INFO - ::endgroup::
