[2025-03-01T14:17:42.658+0000] {processor.py:186} INFO - Started process (PID=89) to work on /home/airflow/.local/lib/python3.12/site-packages/airflow/example_dags/example_xcomargs.py
[2025-03-01T14:17:42.659+0000] {processor.py:914} INFO - Processing file /home/airflow/.local/lib/python3.12/site-packages/airflow/example_dags/example_xcomargs.py for tasks to queue
[2025-03-01T14:17:42.670+0000] {logging_mixin.py:190} INFO - [2025-03-01T14:17:42.669+0000] {dagbag.py:588} INFO - Filling up the DagBag from /home/airflow/.local/lib/python3.12/site-packages/airflow/example_dags/example_xcomargs.py
[2025-03-01T14:17:42.726+0000] {processor.py:925} INFO - DAG(s) 'example_xcom_args_with_operators', 'example_xcom_args' retrieved from /home/airflow/.local/lib/python3.12/site-packages/airflow/example_dags/example_xcomargs.py
[2025-03-01T14:17:43.073+0000] {logging_mixin.py:190} INFO - [2025-03-01T14:17:43.073+0000] {override.py:1912} INFO - Created Permission View: can edit on DAG:example_xcom_args_with_operators
[2025-03-01T14:17:43.095+0000] {logging_mixin.py:190} INFO - [2025-03-01T14:17:43.095+0000] {override.py:1912} INFO - Created Permission View: can read on DAG:example_xcom_args_with_operators
[2025-03-01T14:17:43.100+0000] {logging_mixin.py:190} INFO - [2025-03-01T14:17:43.100+0000] {override.py:1912} INFO - Created Permission View: can delete on DAG:example_xcom_args_with_operators
[2025-03-01T14:17:43.110+0000] {logging_mixin.py:190} INFO - [2025-03-01T14:17:43.110+0000] {override.py:1912} INFO - Created Permission View: menu access on DAG Run:example_xcom_args_with_operators
[2025-03-01T14:17:43.115+0000] {logging_mixin.py:190} INFO - [2025-03-01T14:17:43.115+0000] {override.py:1912} INFO - Created Permission View: can read on DAG Run:example_xcom_args_with_operators
[2025-03-01T14:17:43.121+0000] {logging_mixin.py:190} INFO - [2025-03-01T14:17:43.121+0000] {override.py:1912} INFO - Created Permission View: can create on DAG Run:example_xcom_args_with_operators
[2025-03-01T14:17:43.140+0000] {logging_mixin.py:190} INFO - [2025-03-01T14:17:43.140+0000] {override.py:1912} INFO - Created Permission View: can delete on DAG Run:example_xcom_args_with_operators
[2025-03-01T14:17:43.170+0000] {logging_mixin.py:190} INFO - [2025-03-01T14:17:43.170+0000] {override.py:1912} INFO - Created Permission View: can edit on DAG:example_xcom_args
[2025-03-01T14:17:43.191+0000] {logging_mixin.py:190} INFO - [2025-03-01T14:17:43.191+0000] {override.py:1912} INFO - Created Permission View: can read on DAG:example_xcom_args
[2025-03-01T14:17:43.196+0000] {logging_mixin.py:190} INFO - [2025-03-01T14:17:43.196+0000] {override.py:1912} INFO - Created Permission View: can delete on DAG:example_xcom_args
[2025-03-01T14:17:43.209+0000] {logging_mixin.py:190} INFO - [2025-03-01T14:17:43.208+0000] {override.py:1912} INFO - Created Permission View: menu access on DAG Run:example_xcom_args
[2025-03-01T14:17:43.227+0000] {logging_mixin.py:190} INFO - [2025-03-01T14:17:43.226+0000] {override.py:1912} INFO - Created Permission View: can read on DAG Run:example_xcom_args
[2025-03-01T14:17:43.263+0000] {logging_mixin.py:190} INFO - [2025-03-01T14:17:43.262+0000] {override.py:1912} INFO - Created Permission View: can create on DAG Run:example_xcom_args
[2025-03-01T14:17:43.280+0000] {logging_mixin.py:190} INFO - [2025-03-01T14:17:43.279+0000] {override.py:1912} INFO - Created Permission View: can delete on DAG Run:example_xcom_args
[2025-03-01T14:17:43.292+0000] {logging_mixin.py:190} INFO - [2025-03-01T14:17:43.291+0000] {dag.py:3239} INFO - Sync 2 DAGs
[2025-03-01T14:17:43.336+0000] {logging_mixin.py:190} INFO - [2025-03-01T14:17:43.336+0000] {dag.py:3262} INFO - Creating ORM DAG for example_xcom_args
[2025-03-01T14:17:43.342+0000] {logging_mixin.py:190} INFO - [2025-03-01T14:17:43.342+0000] {dag.py:3262} INFO - Creating ORM DAG for example_xcom_args_with_operators
[2025-03-01T14:17:43.342+0000] {logging_mixin.py:190} INFO - [2025-03-01T14:17:43.342+0000] {dag.py:4180} INFO - Setting next_dagrun for example_xcom_args to None, run_after=None
[2025-03-01T14:17:43.346+0000] {logging_mixin.py:190} INFO - [2025-03-01T14:17:43.346+0000] {dag.py:4180} INFO - Setting next_dagrun for example_xcom_args_with_operators to None, run_after=None
[2025-03-01T14:17:43.400+0000] {processor.py:208} INFO - Processing /home/airflow/.local/lib/python3.12/site-packages/airflow/example_dags/example_xcomargs.py took 0.765 seconds
[2025-03-01T14:18:13.529+0000] {processor.py:186} INFO - Started process (PID=152) to work on /home/airflow/.local/lib/python3.12/site-packages/airflow/example_dags/example_xcomargs.py
[2025-03-01T14:18:13.531+0000] {processor.py:914} INFO - Processing file /home/airflow/.local/lib/python3.12/site-packages/airflow/example_dags/example_xcomargs.py for tasks to queue
[2025-03-01T14:18:13.533+0000] {logging_mixin.py:190} INFO - [2025-03-01T14:18:13.533+0000] {dagbag.py:588} INFO - Filling up the DagBag from /home/airflow/.local/lib/python3.12/site-packages/airflow/example_dags/example_xcomargs.py
[2025-03-01T14:18:13.545+0000] {processor.py:925} INFO - DAG(s) 'example_xcom_args', 'example_xcom_args_with_operators' retrieved from /home/airflow/.local/lib/python3.12/site-packages/airflow/example_dags/example_xcomargs.py
[2025-03-01T14:18:13.582+0000] {logging_mixin.py:190} INFO - [2025-03-01T14:18:13.581+0000] {dag.py:3239} INFO - Sync 2 DAGs
[2025-03-01T14:18:13.609+0000] {logging_mixin.py:190} INFO - [2025-03-01T14:18:13.609+0000] {dag.py:4180} INFO - Setting next_dagrun for example_xcom_args to None, run_after=None
[2025-03-01T14:18:13.614+0000] {logging_mixin.py:190} INFO - [2025-03-01T14:18:13.614+0000] {dag.py:4180} INFO - Setting next_dagrun for example_xcom_args_with_operators to None, run_after=None
[2025-03-01T14:18:13.630+0000] {processor.py:208} INFO - Processing /home/airflow/.local/lib/python3.12/site-packages/airflow/example_dags/example_xcomargs.py took 0.108 seconds
[2025-03-01T14:18:43.872+0000] {processor.py:186} INFO - Started process (PID=214) to work on /home/airflow/.local/lib/python3.12/site-packages/airflow/example_dags/example_xcomargs.py
[2025-03-01T14:18:43.876+0000] {processor.py:914} INFO - Processing file /home/airflow/.local/lib/python3.12/site-packages/airflow/example_dags/example_xcomargs.py for tasks to queue
[2025-03-01T14:18:43.903+0000] {logging_mixin.py:190} INFO - [2025-03-01T14:18:43.903+0000] {dagbag.py:588} INFO - Filling up the DagBag from /home/airflow/.local/lib/python3.12/site-packages/airflow/example_dags/example_xcomargs.py
[2025-03-01T14:18:43.944+0000] {processor.py:925} INFO - DAG(s) 'example_xcom_args_with_operators', 'example_xcom_args' retrieved from /home/airflow/.local/lib/python3.12/site-packages/airflow/example_dags/example_xcomargs.py
[2025-03-01T14:18:44.015+0000] {logging_mixin.py:190} INFO - [2025-03-01T14:18:44.014+0000] {dag.py:3239} INFO - Sync 2 DAGs
[2025-03-01T14:18:44.065+0000] {logging_mixin.py:190} INFO - [2025-03-01T14:18:44.064+0000] {dag.py:4180} INFO - Setting next_dagrun for example_xcom_args to None, run_after=None
[2025-03-01T14:18:44.082+0000] {logging_mixin.py:190} INFO - [2025-03-01T14:18:44.082+0000] {dag.py:4180} INFO - Setting next_dagrun for example_xcom_args_with_operators to None, run_after=None
[2025-03-01T14:18:44.146+0000] {processor.py:208} INFO - Processing /home/airflow/.local/lib/python3.12/site-packages/airflow/example_dags/example_xcomargs.py took 0.333 seconds
[2025-03-01T14:19:15.168+0000] {processor.py:186} INFO - Started process (PID=277) to work on /home/airflow/.local/lib/python3.12/site-packages/airflow/example_dags/example_xcomargs.py
[2025-03-01T14:19:15.169+0000] {processor.py:914} INFO - Processing file /home/airflow/.local/lib/python3.12/site-packages/airflow/example_dags/example_xcomargs.py for tasks to queue
[2025-03-01T14:19:15.171+0000] {logging_mixin.py:190} INFO - [2025-03-01T14:19:15.170+0000] {dagbag.py:588} INFO - Filling up the DagBag from /home/airflow/.local/lib/python3.12/site-packages/airflow/example_dags/example_xcomargs.py
[2025-03-01T14:19:15.181+0000] {processor.py:925} INFO - DAG(s) 'example_xcom_args', 'example_xcom_args_with_operators' retrieved from /home/airflow/.local/lib/python3.12/site-packages/airflow/example_dags/example_xcomargs.py
[2025-03-01T14:19:15.204+0000] {logging_mixin.py:190} INFO - [2025-03-01T14:19:15.203+0000] {dag.py:3239} INFO - Sync 2 DAGs
[2025-03-01T14:19:15.219+0000] {logging_mixin.py:190} INFO - [2025-03-01T14:19:15.219+0000] {dag.py:4180} INFO - Setting next_dagrun for example_xcom_args to None, run_after=None
[2025-03-01T14:19:15.223+0000] {logging_mixin.py:190} INFO - [2025-03-01T14:19:15.223+0000] {dag.py:4180} INFO - Setting next_dagrun for example_xcom_args_with_operators to None, run_after=None
[2025-03-01T14:19:15.237+0000] {processor.py:208} INFO - Processing /home/airflow/.local/lib/python3.12/site-packages/airflow/example_dags/example_xcomargs.py took 0.076 seconds
[2025-03-01T14:19:45.347+0000] {processor.py:186} INFO - Started process (PID=340) to work on /home/airflow/.local/lib/python3.12/site-packages/airflow/example_dags/example_xcomargs.py
[2025-03-01T14:19:45.348+0000] {processor.py:914} INFO - Processing file /home/airflow/.local/lib/python3.12/site-packages/airflow/example_dags/example_xcomargs.py for tasks to queue
[2025-03-01T14:19:45.350+0000] {logging_mixin.py:190} INFO - [2025-03-01T14:19:45.350+0000] {dagbag.py:588} INFO - Filling up the DagBag from /home/airflow/.local/lib/python3.12/site-packages/airflow/example_dags/example_xcomargs.py
[2025-03-01T14:19:45.360+0000] {processor.py:925} INFO - DAG(s) 'example_xcom_args', 'example_xcom_args_with_operators' retrieved from /home/airflow/.local/lib/python3.12/site-packages/airflow/example_dags/example_xcomargs.py
[2025-03-01T14:19:45.382+0000] {logging_mixin.py:190} INFO - [2025-03-01T14:19:45.382+0000] {dag.py:3239} INFO - Sync 2 DAGs
[2025-03-01T14:19:45.398+0000] {logging_mixin.py:190} INFO - [2025-03-01T14:19:45.397+0000] {dag.py:4180} INFO - Setting next_dagrun for example_xcom_args to None, run_after=None
[2025-03-01T14:19:45.401+0000] {logging_mixin.py:190} INFO - [2025-03-01T14:19:45.401+0000] {dag.py:4180} INFO - Setting next_dagrun for example_xcom_args_with_operators to None, run_after=None
[2025-03-01T14:19:45.415+0000] {processor.py:208} INFO - Processing /home/airflow/.local/lib/python3.12/site-packages/airflow/example_dags/example_xcomargs.py took 0.074 seconds
[2025-03-01T14:20:15.908+0000] {processor.py:186} INFO - Started process (PID=403) to work on /home/airflow/.local/lib/python3.12/site-packages/airflow/example_dags/example_xcomargs.py
[2025-03-01T14:20:15.909+0000] {processor.py:914} INFO - Processing file /home/airflow/.local/lib/python3.12/site-packages/airflow/example_dags/example_xcomargs.py for tasks to queue
[2025-03-01T14:20:15.911+0000] {logging_mixin.py:190} INFO - [2025-03-01T14:20:15.910+0000] {dagbag.py:588} INFO - Filling up the DagBag from /home/airflow/.local/lib/python3.12/site-packages/airflow/example_dags/example_xcomargs.py
[2025-03-01T14:20:15.921+0000] {processor.py:925} INFO - DAG(s) 'example_xcom_args_with_operators', 'example_xcom_args' retrieved from /home/airflow/.local/lib/python3.12/site-packages/airflow/example_dags/example_xcomargs.py
[2025-03-01T14:20:15.943+0000] {logging_mixin.py:190} INFO - [2025-03-01T14:20:15.943+0000] {dag.py:3239} INFO - Sync 2 DAGs
[2025-03-01T14:20:15.958+0000] {logging_mixin.py:190} INFO - [2025-03-01T14:20:15.958+0000] {dag.py:4180} INFO - Setting next_dagrun for example_xcom_args to None, run_after=None
[2025-03-01T14:20:15.962+0000] {logging_mixin.py:190} INFO - [2025-03-01T14:20:15.962+0000] {dag.py:4180} INFO - Setting next_dagrun for example_xcom_args_with_operators to None, run_after=None
[2025-03-01T14:20:15.978+0000] {processor.py:208} INFO - Processing /home/airflow/.local/lib/python3.12/site-packages/airflow/example_dags/example_xcomargs.py took 0.076 seconds
[2025-03-01T14:20:46.223+0000] {processor.py:186} INFO - Started process (PID=466) to work on /home/airflow/.local/lib/python3.12/site-packages/airflow/example_dags/example_xcomargs.py
[2025-03-01T14:20:46.224+0000] {processor.py:914} INFO - Processing file /home/airflow/.local/lib/python3.12/site-packages/airflow/example_dags/example_xcomargs.py for tasks to queue
[2025-03-01T14:20:46.226+0000] {logging_mixin.py:190} INFO - [2025-03-01T14:20:46.226+0000] {dagbag.py:588} INFO - Filling up the DagBag from /home/airflow/.local/lib/python3.12/site-packages/airflow/example_dags/example_xcomargs.py
[2025-03-01T14:20:46.236+0000] {processor.py:925} INFO - DAG(s) 'example_xcom_args_with_operators', 'example_xcom_args' retrieved from /home/airflow/.local/lib/python3.12/site-packages/airflow/example_dags/example_xcomargs.py
[2025-03-01T14:20:46.259+0000] {logging_mixin.py:190} INFO - [2025-03-01T14:20:46.258+0000] {dag.py:3239} INFO - Sync 2 DAGs
[2025-03-01T14:20:46.274+0000] {logging_mixin.py:190} INFO - [2025-03-01T14:20:46.274+0000] {dag.py:4180} INFO - Setting next_dagrun for example_xcom_args to None, run_after=None
[2025-03-01T14:20:46.277+0000] {logging_mixin.py:190} INFO - [2025-03-01T14:20:46.277+0000] {dag.py:4180} INFO - Setting next_dagrun for example_xcom_args_with_operators to None, run_after=None
[2025-03-01T14:20:46.292+0000] {processor.py:208} INFO - Processing /home/airflow/.local/lib/python3.12/site-packages/airflow/example_dags/example_xcomargs.py took 0.074 seconds
[2025-03-01T14:21:16.680+0000] {processor.py:186} INFO - Started process (PID=529) to work on /home/airflow/.local/lib/python3.12/site-packages/airflow/example_dags/example_xcomargs.py
[2025-03-01T14:21:16.686+0000] {processor.py:914} INFO - Processing file /home/airflow/.local/lib/python3.12/site-packages/airflow/example_dags/example_xcomargs.py for tasks to queue
[2025-03-01T14:21:16.688+0000] {logging_mixin.py:190} INFO - [2025-03-01T14:21:16.688+0000] {dagbag.py:588} INFO - Filling up the DagBag from /home/airflow/.local/lib/python3.12/site-packages/airflow/example_dags/example_xcomargs.py
[2025-03-01T14:21:16.706+0000] {processor.py:925} INFO - DAG(s) 'example_xcom_args', 'example_xcom_args_with_operators' retrieved from /home/airflow/.local/lib/python3.12/site-packages/airflow/example_dags/example_xcomargs.py
[2025-03-01T14:21:16.753+0000] {logging_mixin.py:190} INFO - [2025-03-01T14:21:16.753+0000] {dag.py:3239} INFO - Sync 2 DAGs
[2025-03-01T14:21:16.780+0000] {logging_mixin.py:190} INFO - [2025-03-01T14:21:16.779+0000] {dag.py:4180} INFO - Setting next_dagrun for example_xcom_args to None, run_after=None
[2025-03-01T14:21:16.784+0000] {logging_mixin.py:190} INFO - [2025-03-01T14:21:16.783+0000] {dag.py:4180} INFO - Setting next_dagrun for example_xcom_args_with_operators to None, run_after=None
[2025-03-01T14:21:16.797+0000] {processor.py:208} INFO - Processing /home/airflow/.local/lib/python3.12/site-packages/airflow/example_dags/example_xcomargs.py took 0.124 seconds
[2025-03-01T14:21:47.488+0000] {processor.py:186} INFO - Started process (PID=592) to work on /home/airflow/.local/lib/python3.12/site-packages/airflow/example_dags/example_xcomargs.py
[2025-03-01T14:21:47.489+0000] {processor.py:914} INFO - Processing file /home/airflow/.local/lib/python3.12/site-packages/airflow/example_dags/example_xcomargs.py for tasks to queue
[2025-03-01T14:21:47.491+0000] {logging_mixin.py:190} INFO - [2025-03-01T14:21:47.491+0000] {dagbag.py:588} INFO - Filling up the DagBag from /home/airflow/.local/lib/python3.12/site-packages/airflow/example_dags/example_xcomargs.py
[2025-03-01T14:21:47.501+0000] {processor.py:925} INFO - DAG(s) 'example_xcom_args', 'example_xcom_args_with_operators' retrieved from /home/airflow/.local/lib/python3.12/site-packages/airflow/example_dags/example_xcomargs.py
[2025-03-01T14:21:47.523+0000] {logging_mixin.py:190} INFO - [2025-03-01T14:21:47.523+0000] {dag.py:3239} INFO - Sync 2 DAGs
[2025-03-01T14:21:47.541+0000] {logging_mixin.py:190} INFO - [2025-03-01T14:21:47.541+0000] {dag.py:4180} INFO - Setting next_dagrun for example_xcom_args to None, run_after=None
[2025-03-01T14:21:47.545+0000] {logging_mixin.py:190} INFO - [2025-03-01T14:21:47.544+0000] {dag.py:4180} INFO - Setting next_dagrun for example_xcom_args_with_operators to None, run_after=None
[2025-03-01T14:21:47.559+0000] {processor.py:208} INFO - Processing /home/airflow/.local/lib/python3.12/site-packages/airflow/example_dags/example_xcomargs.py took 0.076 seconds
[2025-03-01T14:22:17.878+0000] {processor.py:186} INFO - Started process (PID=655) to work on /home/airflow/.local/lib/python3.12/site-packages/airflow/example_dags/example_xcomargs.py
[2025-03-01T14:22:17.878+0000] {processor.py:914} INFO - Processing file /home/airflow/.local/lib/python3.12/site-packages/airflow/example_dags/example_xcomargs.py for tasks to queue
[2025-03-01T14:22:17.880+0000] {logging_mixin.py:190} INFO - [2025-03-01T14:22:17.880+0000] {dagbag.py:588} INFO - Filling up the DagBag from /home/airflow/.local/lib/python3.12/site-packages/airflow/example_dags/example_xcomargs.py
[2025-03-01T14:22:17.891+0000] {processor.py:925} INFO - DAG(s) 'example_xcom_args', 'example_xcom_args_with_operators' retrieved from /home/airflow/.local/lib/python3.12/site-packages/airflow/example_dags/example_xcomargs.py
[2025-03-01T14:22:17.912+0000] {logging_mixin.py:190} INFO - [2025-03-01T14:22:17.911+0000] {dag.py:3239} INFO - Sync 2 DAGs
[2025-03-01T14:22:17.928+0000] {logging_mixin.py:190} INFO - [2025-03-01T14:22:17.928+0000] {dag.py:4180} INFO - Setting next_dagrun for example_xcom_args to None, run_after=None
[2025-03-01T14:22:17.932+0000] {logging_mixin.py:190} INFO - [2025-03-01T14:22:17.931+0000] {dag.py:4180} INFO - Setting next_dagrun for example_xcom_args_with_operators to None, run_after=None
[2025-03-01T14:22:17.946+0000] {processor.py:208} INFO - Processing /home/airflow/.local/lib/python3.12/site-packages/airflow/example_dags/example_xcomargs.py took 0.074 seconds
[2025-03-01T14:22:48.217+0000] {processor.py:186} INFO - Started process (PID=719) to work on /home/airflow/.local/lib/python3.12/site-packages/airflow/example_dags/example_xcomargs.py
[2025-03-01T14:22:48.218+0000] {processor.py:914} INFO - Processing file /home/airflow/.local/lib/python3.12/site-packages/airflow/example_dags/example_xcomargs.py for tasks to queue
[2025-03-01T14:22:48.224+0000] {logging_mixin.py:190} INFO - [2025-03-01T14:22:48.224+0000] {dagbag.py:588} INFO - Filling up the DagBag from /home/airflow/.local/lib/python3.12/site-packages/airflow/example_dags/example_xcomargs.py
[2025-03-01T14:22:48.234+0000] {processor.py:925} INFO - DAG(s) 'example_xcom_args_with_operators', 'example_xcom_args' retrieved from /home/airflow/.local/lib/python3.12/site-packages/airflow/example_dags/example_xcomargs.py
[2025-03-01T14:22:48.256+0000] {logging_mixin.py:190} INFO - [2025-03-01T14:22:48.256+0000] {dag.py:3239} INFO - Sync 2 DAGs
[2025-03-01T14:22:48.272+0000] {logging_mixin.py:190} INFO - [2025-03-01T14:22:48.272+0000] {dag.py:4180} INFO - Setting next_dagrun for example_xcom_args to None, run_after=None
[2025-03-01T14:22:48.276+0000] {logging_mixin.py:190} INFO - [2025-03-01T14:22:48.276+0000] {dag.py:4180} INFO - Setting next_dagrun for example_xcom_args_with_operators to None, run_after=None
[2025-03-01T14:22:48.290+0000] {processor.py:208} INFO - Processing /home/airflow/.local/lib/python3.12/site-packages/airflow/example_dags/example_xcomargs.py took 0.078 seconds
[2025-03-01T14:23:18.504+0000] {processor.py:186} INFO - Started process (PID=783) to work on /home/airflow/.local/lib/python3.12/site-packages/airflow/example_dags/example_xcomargs.py
[2025-03-01T14:23:18.513+0000] {processor.py:914} INFO - Processing file /home/airflow/.local/lib/python3.12/site-packages/airflow/example_dags/example_xcomargs.py for tasks to queue
[2025-03-01T14:23:18.516+0000] {logging_mixin.py:190} INFO - [2025-03-01T14:23:18.515+0000] {dagbag.py:588} INFO - Filling up the DagBag from /home/airflow/.local/lib/python3.12/site-packages/airflow/example_dags/example_xcomargs.py
[2025-03-01T14:23:18.535+0000] {processor.py:925} INFO - DAG(s) 'example_xcom_args', 'example_xcom_args_with_operators' retrieved from /home/airflow/.local/lib/python3.12/site-packages/airflow/example_dags/example_xcomargs.py
[2025-03-01T14:23:18.596+0000] {logging_mixin.py:190} INFO - [2025-03-01T14:23:18.595+0000] {dag.py:3239} INFO - Sync 2 DAGs
[2025-03-01T14:23:18.639+0000] {logging_mixin.py:190} INFO - [2025-03-01T14:23:18.639+0000] {dag.py:4180} INFO - Setting next_dagrun for example_xcom_args to None, run_after=None
[2025-03-01T14:23:18.654+0000] {logging_mixin.py:190} INFO - [2025-03-01T14:23:18.654+0000] {dag.py:4180} INFO - Setting next_dagrun for example_xcom_args_with_operators to None, run_after=None
[2025-03-01T14:23:18.721+0000] {processor.py:208} INFO - Processing /home/airflow/.local/lib/python3.12/site-packages/airflow/example_dags/example_xcomargs.py took 0.222 seconds
[2025-03-01T14:23:48.824+0000] {processor.py:186} INFO - Started process (PID=847) to work on /home/airflow/.local/lib/python3.12/site-packages/airflow/example_dags/example_xcomargs.py
[2025-03-01T14:23:48.832+0000] {processor.py:914} INFO - Processing file /home/airflow/.local/lib/python3.12/site-packages/airflow/example_dags/example_xcomargs.py for tasks to queue
[2025-03-01T14:23:48.837+0000] {logging_mixin.py:190} INFO - [2025-03-01T14:23:48.836+0000] {dagbag.py:588} INFO - Filling up the DagBag from /home/airflow/.local/lib/python3.12/site-packages/airflow/example_dags/example_xcomargs.py
[2025-03-01T14:23:48.867+0000] {processor.py:925} INFO - DAG(s) 'example_xcom_args', 'example_xcom_args_with_operators' retrieved from /home/airflow/.local/lib/python3.12/site-packages/airflow/example_dags/example_xcomargs.py
[2025-03-01T14:23:48.895+0000] {logging_mixin.py:190} INFO - [2025-03-01T14:23:48.895+0000] {dag.py:3239} INFO - Sync 2 DAGs
[2025-03-01T14:23:48.911+0000] {logging_mixin.py:190} INFO - [2025-03-01T14:23:48.910+0000] {dag.py:4180} INFO - Setting next_dagrun for example_xcom_args to None, run_after=None
[2025-03-01T14:23:48.915+0000] {logging_mixin.py:190} INFO - [2025-03-01T14:23:48.914+0000] {dag.py:4180} INFO - Setting next_dagrun for example_xcom_args_with_operators to None, run_after=None
[2025-03-01T14:23:48.929+0000] {processor.py:208} INFO - Processing /home/airflow/.local/lib/python3.12/site-packages/airflow/example_dags/example_xcomargs.py took 0.116 seconds
[2025-03-01T14:24:18.981+0000] {processor.py:186} INFO - Started process (PID=910) to work on /home/airflow/.local/lib/python3.12/site-packages/airflow/example_dags/example_xcomargs.py
[2025-03-01T14:24:18.982+0000] {processor.py:914} INFO - Processing file /home/airflow/.local/lib/python3.12/site-packages/airflow/example_dags/example_xcomargs.py for tasks to queue
[2025-03-01T14:24:18.984+0000] {logging_mixin.py:190} INFO - [2025-03-01T14:24:18.983+0000] {dagbag.py:588} INFO - Filling up the DagBag from /home/airflow/.local/lib/python3.12/site-packages/airflow/example_dags/example_xcomargs.py
[2025-03-01T14:24:18.994+0000] {processor.py:925} INFO - DAG(s) 'example_xcom_args', 'example_xcom_args_with_operators' retrieved from /home/airflow/.local/lib/python3.12/site-packages/airflow/example_dags/example_xcomargs.py
[2025-03-01T14:24:19.013+0000] {logging_mixin.py:190} INFO - [2025-03-01T14:24:19.013+0000] {dag.py:3239} INFO - Sync 2 DAGs
[2025-03-01T14:24:19.029+0000] {logging_mixin.py:190} INFO - [2025-03-01T14:24:19.029+0000] {dag.py:4180} INFO - Setting next_dagrun for example_xcom_args to None, run_after=None
[2025-03-01T14:24:19.033+0000] {logging_mixin.py:190} INFO - [2025-03-01T14:24:19.033+0000] {dag.py:4180} INFO - Setting next_dagrun for example_xcom_args_with_operators to None, run_after=None
[2025-03-01T14:24:19.047+0000] {processor.py:208} INFO - Processing /home/airflow/.local/lib/python3.12/site-packages/airflow/example_dags/example_xcomargs.py took 0.072 seconds
[2025-03-01T14:24:49.260+0000] {processor.py:186} INFO - Started process (PID=973) to work on /home/airflow/.local/lib/python3.12/site-packages/airflow/example_dags/example_xcomargs.py
[2025-03-01T14:24:49.261+0000] {processor.py:914} INFO - Processing file /home/airflow/.local/lib/python3.12/site-packages/airflow/example_dags/example_xcomargs.py for tasks to queue
[2025-03-01T14:24:49.263+0000] {logging_mixin.py:190} INFO - [2025-03-01T14:24:49.263+0000] {dagbag.py:588} INFO - Filling up the DagBag from /home/airflow/.local/lib/python3.12/site-packages/airflow/example_dags/example_xcomargs.py
[2025-03-01T14:24:49.273+0000] {processor.py:925} INFO - DAG(s) 'example_xcom_args_with_operators', 'example_xcom_args' retrieved from /home/airflow/.local/lib/python3.12/site-packages/airflow/example_dags/example_xcomargs.py
[2025-03-01T14:24:49.296+0000] {logging_mixin.py:190} INFO - [2025-03-01T14:24:49.295+0000] {dag.py:3239} INFO - Sync 2 DAGs
[2025-03-01T14:24:49.311+0000] {logging_mixin.py:190} INFO - [2025-03-01T14:24:49.311+0000] {dag.py:4180} INFO - Setting next_dagrun for example_xcom_args to None, run_after=None
[2025-03-01T14:24:49.314+0000] {logging_mixin.py:190} INFO - [2025-03-01T14:24:49.314+0000] {dag.py:4180} INFO - Setting next_dagrun for example_xcom_args_with_operators to None, run_after=None
[2025-03-01T14:24:49.330+0000] {processor.py:208} INFO - Processing /home/airflow/.local/lib/python3.12/site-packages/airflow/example_dags/example_xcomargs.py took 0.075 seconds
[2025-03-01T14:25:19.601+0000] {processor.py:186} INFO - Started process (PID=1036) to work on /home/airflow/.local/lib/python3.12/site-packages/airflow/example_dags/example_xcomargs.py
[2025-03-01T14:25:19.604+0000] {processor.py:914} INFO - Processing file /home/airflow/.local/lib/python3.12/site-packages/airflow/example_dags/example_xcomargs.py for tasks to queue
[2025-03-01T14:25:19.609+0000] {logging_mixin.py:190} INFO - [2025-03-01T14:25:19.608+0000] {dagbag.py:588} INFO - Filling up the DagBag from /home/airflow/.local/lib/python3.12/site-packages/airflow/example_dags/example_xcomargs.py
[2025-03-01T14:25:19.620+0000] {processor.py:925} INFO - DAG(s) 'example_xcom_args', 'example_xcom_args_with_operators' retrieved from /home/airflow/.local/lib/python3.12/site-packages/airflow/example_dags/example_xcomargs.py
[2025-03-01T14:25:19.646+0000] {logging_mixin.py:190} INFO - [2025-03-01T14:25:19.646+0000] {dag.py:3239} INFO - Sync 2 DAGs
[2025-03-01T14:25:19.662+0000] {logging_mixin.py:190} INFO - [2025-03-01T14:25:19.662+0000] {dag.py:4180} INFO - Setting next_dagrun for example_xcom_args to None, run_after=None
[2025-03-01T14:25:19.666+0000] {logging_mixin.py:190} INFO - [2025-03-01T14:25:19.666+0000] {dag.py:4180} INFO - Setting next_dagrun for example_xcom_args_with_operators to None, run_after=None
[2025-03-01T14:25:19.680+0000] {processor.py:208} INFO - Processing /home/airflow/.local/lib/python3.12/site-packages/airflow/example_dags/example_xcomargs.py took 0.097 seconds
[2025-03-01T14:25:49.742+0000] {processor.py:186} INFO - Started process (PID=1099) to work on /home/airflow/.local/lib/python3.12/site-packages/airflow/example_dags/example_xcomargs.py
[2025-03-01T14:25:49.743+0000] {processor.py:914} INFO - Processing file /home/airflow/.local/lib/python3.12/site-packages/airflow/example_dags/example_xcomargs.py for tasks to queue
[2025-03-01T14:25:49.745+0000] {logging_mixin.py:190} INFO - [2025-03-01T14:25:49.745+0000] {dagbag.py:588} INFO - Filling up the DagBag from /home/airflow/.local/lib/python3.12/site-packages/airflow/example_dags/example_xcomargs.py
[2025-03-01T14:25:49.755+0000] {processor.py:925} INFO - DAG(s) 'example_xcom_args', 'example_xcom_args_with_operators' retrieved from /home/airflow/.local/lib/python3.12/site-packages/airflow/example_dags/example_xcomargs.py
[2025-03-01T14:25:49.822+0000] {logging_mixin.py:190} INFO - [2025-03-01T14:25:49.822+0000] {dag.py:3239} INFO - Sync 2 DAGs
[2025-03-01T14:25:49.859+0000] {logging_mixin.py:190} INFO - [2025-03-01T14:25:49.859+0000] {dag.py:4180} INFO - Setting next_dagrun for example_xcom_args to None, run_after=None
[2025-03-01T14:25:49.877+0000] {logging_mixin.py:190} INFO - [2025-03-01T14:25:49.877+0000] {dag.py:4180} INFO - Setting next_dagrun for example_xcom_args_with_operators to None, run_after=None
[2025-03-01T14:25:49.932+0000] {processor.py:208} INFO - Processing /home/airflow/.local/lib/python3.12/site-packages/airflow/example_dags/example_xcomargs.py took 0.196 seconds
[2025-03-01T14:26:20.134+0000] {processor.py:186} INFO - Started process (PID=1161) to work on /home/airflow/.local/lib/python3.12/site-packages/airflow/example_dags/example_xcomargs.py
[2025-03-01T14:26:20.135+0000] {processor.py:914} INFO - Processing file /home/airflow/.local/lib/python3.12/site-packages/airflow/example_dags/example_xcomargs.py for tasks to queue
[2025-03-01T14:26:20.137+0000] {logging_mixin.py:190} INFO - [2025-03-01T14:26:20.137+0000] {dagbag.py:588} INFO - Filling up the DagBag from /home/airflow/.local/lib/python3.12/site-packages/airflow/example_dags/example_xcomargs.py
[2025-03-01T14:26:20.148+0000] {processor.py:925} INFO - DAG(s) 'example_xcom_args', 'example_xcom_args_with_operators' retrieved from /home/airflow/.local/lib/python3.12/site-packages/airflow/example_dags/example_xcomargs.py
[2025-03-01T14:26:20.170+0000] {logging_mixin.py:190} INFO - [2025-03-01T14:26:20.170+0000] {dag.py:3239} INFO - Sync 2 DAGs
[2025-03-01T14:26:20.186+0000] {logging_mixin.py:190} INFO - [2025-03-01T14:26:20.186+0000] {dag.py:4180} INFO - Setting next_dagrun for example_xcom_args to None, run_after=None
[2025-03-01T14:26:20.190+0000] {logging_mixin.py:190} INFO - [2025-03-01T14:26:20.190+0000] {dag.py:4180} INFO - Setting next_dagrun for example_xcom_args_with_operators to None, run_after=None
[2025-03-01T14:26:20.206+0000] {processor.py:208} INFO - Processing /home/airflow/.local/lib/python3.12/site-packages/airflow/example_dags/example_xcomargs.py took 0.077 seconds
[2025-03-01T14:26:50.234+0000] {processor.py:186} INFO - Started process (PID=1224) to work on /home/airflow/.local/lib/python3.12/site-packages/airflow/example_dags/example_xcomargs.py
[2025-03-01T14:26:50.235+0000] {processor.py:914} INFO - Processing file /home/airflow/.local/lib/python3.12/site-packages/airflow/example_dags/example_xcomargs.py for tasks to queue
[2025-03-01T14:26:50.237+0000] {logging_mixin.py:190} INFO - [2025-03-01T14:26:50.237+0000] {dagbag.py:588} INFO - Filling up the DagBag from /home/airflow/.local/lib/python3.12/site-packages/airflow/example_dags/example_xcomargs.py
[2025-03-01T14:26:50.244+0000] {processor.py:925} INFO - DAG(s) 'example_xcom_args_with_operators', 'example_xcom_args' retrieved from /home/airflow/.local/lib/python3.12/site-packages/airflow/example_dags/example_xcomargs.py
[2025-03-01T14:26:50.267+0000] {logging_mixin.py:190} INFO - [2025-03-01T14:26:50.267+0000] {dag.py:3239} INFO - Sync 2 DAGs
[2025-03-01T14:26:50.284+0000] {logging_mixin.py:190} INFO - [2025-03-01T14:26:50.284+0000] {dag.py:4180} INFO - Setting next_dagrun for example_xcom_args to None, run_after=None
[2025-03-01T14:26:50.288+0000] {logging_mixin.py:190} INFO - [2025-03-01T14:26:50.288+0000] {dag.py:4180} INFO - Setting next_dagrun for example_xcom_args_with_operators to None, run_after=None
[2025-03-01T14:26:50.299+0000] {processor.py:208} INFO - Processing /home/airflow/.local/lib/python3.12/site-packages/airflow/example_dags/example_xcomargs.py took 0.070 seconds
[2025-03-01T14:27:20.594+0000] {processor.py:186} INFO - Started process (PID=1288) to work on /home/airflow/.local/lib/python3.12/site-packages/airflow/example_dags/example_xcomargs.py
[2025-03-01T14:27:20.595+0000] {processor.py:914} INFO - Processing file /home/airflow/.local/lib/python3.12/site-packages/airflow/example_dags/example_xcomargs.py for tasks to queue
[2025-03-01T14:27:20.598+0000] {logging_mixin.py:190} INFO - [2025-03-01T14:27:20.598+0000] {dagbag.py:588} INFO - Filling up the DagBag from /home/airflow/.local/lib/python3.12/site-packages/airflow/example_dags/example_xcomargs.py
[2025-03-01T14:27:20.609+0000] {processor.py:925} INFO - DAG(s) 'example_xcom_args_with_operators', 'example_xcom_args' retrieved from /home/airflow/.local/lib/python3.12/site-packages/airflow/example_dags/example_xcomargs.py
[2025-03-01T14:27:20.632+0000] {logging_mixin.py:190} INFO - [2025-03-01T14:27:20.632+0000] {dag.py:3239} INFO - Sync 2 DAGs
[2025-03-01T14:27:20.648+0000] {logging_mixin.py:190} INFO - [2025-03-01T14:27:20.648+0000] {dag.py:4180} INFO - Setting next_dagrun for example_xcom_args to None, run_after=None
[2025-03-01T14:27:20.652+0000] {logging_mixin.py:190} INFO - [2025-03-01T14:27:20.652+0000] {dag.py:4180} INFO - Setting next_dagrun for example_xcom_args_with_operators to None, run_after=None
[2025-03-01T14:27:20.667+0000] {processor.py:208} INFO - Processing /home/airflow/.local/lib/python3.12/site-packages/airflow/example_dags/example_xcomargs.py took 0.078 seconds
[2025-03-01T14:27:51.554+0000] {processor.py:186} INFO - Started process (PID=1351) to work on /home/airflow/.local/lib/python3.12/site-packages/airflow/example_dags/example_xcomargs.py
[2025-03-01T14:27:51.555+0000] {processor.py:914} INFO - Processing file /home/airflow/.local/lib/python3.12/site-packages/airflow/example_dags/example_xcomargs.py for tasks to queue
[2025-03-01T14:27:51.557+0000] {logging_mixin.py:190} INFO - [2025-03-01T14:27:51.557+0000] {dagbag.py:588} INFO - Filling up the DagBag from /home/airflow/.local/lib/python3.12/site-packages/airflow/example_dags/example_xcomargs.py
[2025-03-01T14:27:51.575+0000] {processor.py:925} INFO - DAG(s) 'example_xcom_args', 'example_xcom_args_with_operators' retrieved from /home/airflow/.local/lib/python3.12/site-packages/airflow/example_dags/example_xcomargs.py
[2025-03-01T14:27:51.599+0000] {logging_mixin.py:190} INFO - [2025-03-01T14:27:51.599+0000] {dag.py:3239} INFO - Sync 2 DAGs
[2025-03-01T14:27:51.615+0000] {logging_mixin.py:190} INFO - [2025-03-01T14:27:51.615+0000] {dag.py:4180} INFO - Setting next_dagrun for example_xcom_args to None, run_after=None
[2025-03-01T14:27:51.619+0000] {logging_mixin.py:190} INFO - [2025-03-01T14:27:51.619+0000] {dag.py:4180} INFO - Setting next_dagrun for example_xcom_args_with_operators to None, run_after=None
[2025-03-01T14:27:51.633+0000] {processor.py:208} INFO - Processing /home/airflow/.local/lib/python3.12/site-packages/airflow/example_dags/example_xcomargs.py took 0.085 seconds
[2025-03-01T14:28:22.897+0000] {processor.py:186} INFO - Started process (PID=1414) to work on /home/airflow/.local/lib/python3.12/site-packages/airflow/example_dags/example_xcomargs.py
[2025-03-01T14:28:22.905+0000] {processor.py:914} INFO - Processing file /home/airflow/.local/lib/python3.12/site-packages/airflow/example_dags/example_xcomargs.py for tasks to queue
[2025-03-01T14:28:22.908+0000] {logging_mixin.py:190} INFO - [2025-03-01T14:28:22.907+0000] {dagbag.py:588} INFO - Filling up the DagBag from /home/airflow/.local/lib/python3.12/site-packages/airflow/example_dags/example_xcomargs.py
[2025-03-01T14:28:22.919+0000] {processor.py:925} INFO - DAG(s) 'example_xcom_args_with_operators', 'example_xcom_args' retrieved from /home/airflow/.local/lib/python3.12/site-packages/airflow/example_dags/example_xcomargs.py
[2025-03-01T14:28:22.947+0000] {logging_mixin.py:190} INFO - [2025-03-01T14:28:22.947+0000] {dag.py:3239} INFO - Sync 2 DAGs
[2025-03-01T14:28:22.963+0000] {logging_mixin.py:190} INFO - [2025-03-01T14:28:22.963+0000] {dag.py:4180} INFO - Setting next_dagrun for example_xcom_args to None, run_after=None
[2025-03-01T14:28:22.967+0000] {logging_mixin.py:190} INFO - [2025-03-01T14:28:22.967+0000] {dag.py:4180} INFO - Setting next_dagrun for example_xcom_args_with_operators to None, run_after=None
[2025-03-01T14:28:22.981+0000] {processor.py:208} INFO - Processing /home/airflow/.local/lib/python3.12/site-packages/airflow/example_dags/example_xcomargs.py took 0.091 seconds
[2025-03-01T14:28:53.508+0000] {processor.py:186} INFO - Started process (PID=1468) to work on /home/airflow/.local/lib/python3.12/site-packages/airflow/example_dags/example_xcomargs.py
[2025-03-01T14:28:53.509+0000] {processor.py:914} INFO - Processing file /home/airflow/.local/lib/python3.12/site-packages/airflow/example_dags/example_xcomargs.py for tasks to queue
[2025-03-01T14:28:53.511+0000] {logging_mixin.py:190} INFO - [2025-03-01T14:28:53.511+0000] {dagbag.py:588} INFO - Filling up the DagBag from /home/airflow/.local/lib/python3.12/site-packages/airflow/example_dags/example_xcomargs.py
[2025-03-01T14:28:53.521+0000] {processor.py:925} INFO - DAG(s) 'example_xcom_args', 'example_xcom_args_with_operators' retrieved from /home/airflow/.local/lib/python3.12/site-packages/airflow/example_dags/example_xcomargs.py
[2025-03-01T14:28:53.545+0000] {logging_mixin.py:190} INFO - [2025-03-01T14:28:53.545+0000] {dag.py:3239} INFO - Sync 2 DAGs
[2025-03-01T14:28:53.562+0000] {logging_mixin.py:190} INFO - [2025-03-01T14:28:53.562+0000] {dag.py:4180} INFO - Setting next_dagrun for example_xcom_args to None, run_after=None
[2025-03-01T14:28:53.566+0000] {logging_mixin.py:190} INFO - [2025-03-01T14:28:53.566+0000] {dag.py:4180} INFO - Setting next_dagrun for example_xcom_args_with_operators to None, run_after=None
[2025-03-01T14:28:53.600+0000] {processor.py:208} INFO - Processing /home/airflow/.local/lib/python3.12/site-packages/airflow/example_dags/example_xcomargs.py took 0.098 seconds
[2025-03-01T14:29:24.070+0000] {processor.py:186} INFO - Started process (PID=1527) to work on /home/airflow/.local/lib/python3.12/site-packages/airflow/example_dags/example_xcomargs.py
[2025-03-01T14:29:24.071+0000] {processor.py:914} INFO - Processing file /home/airflow/.local/lib/python3.12/site-packages/airflow/example_dags/example_xcomargs.py for tasks to queue
[2025-03-01T14:29:24.073+0000] {logging_mixin.py:190} INFO - [2025-03-01T14:29:24.073+0000] {dagbag.py:588} INFO - Filling up the DagBag from /home/airflow/.local/lib/python3.12/site-packages/airflow/example_dags/example_xcomargs.py
[2025-03-01T14:29:24.085+0000] {processor.py:925} INFO - DAG(s) 'example_xcom_args', 'example_xcom_args_with_operators' retrieved from /home/airflow/.local/lib/python3.12/site-packages/airflow/example_dags/example_xcomargs.py
[2025-03-01T14:29:24.108+0000] {logging_mixin.py:190} INFO - [2025-03-01T14:29:24.107+0000] {dag.py:3239} INFO - Sync 2 DAGs
[2025-03-01T14:29:24.123+0000] {logging_mixin.py:190} INFO - [2025-03-01T14:29:24.123+0000] {dag.py:4180} INFO - Setting next_dagrun for example_xcom_args to None, run_after=None
[2025-03-01T14:29:24.127+0000] {logging_mixin.py:190} INFO - [2025-03-01T14:29:24.127+0000] {dag.py:4180} INFO - Setting next_dagrun for example_xcom_args_with_operators to None, run_after=None
[2025-03-01T14:29:24.140+0000] {processor.py:208} INFO - Processing /home/airflow/.local/lib/python3.12/site-packages/airflow/example_dags/example_xcomargs.py took 0.076 seconds
[2025-03-01T14:29:55.037+0000] {processor.py:186} INFO - Started process (PID=1589) to work on /home/airflow/.local/lib/python3.12/site-packages/airflow/example_dags/example_xcomargs.py
[2025-03-01T14:29:55.037+0000] {processor.py:914} INFO - Processing file /home/airflow/.local/lib/python3.12/site-packages/airflow/example_dags/example_xcomargs.py for tasks to queue
[2025-03-01T14:29:55.050+0000] {logging_mixin.py:190} INFO - [2025-03-01T14:29:55.050+0000] {dagbag.py:588} INFO - Filling up the DagBag from /home/airflow/.local/lib/python3.12/site-packages/airflow/example_dags/example_xcomargs.py
[2025-03-01T14:29:55.064+0000] {processor.py:925} INFO - DAG(s) 'example_xcom_args', 'example_xcom_args_with_operators' retrieved from /home/airflow/.local/lib/python3.12/site-packages/airflow/example_dags/example_xcomargs.py
[2025-03-01T14:29:55.090+0000] {logging_mixin.py:190} INFO - [2025-03-01T14:29:55.090+0000] {dag.py:3239} INFO - Sync 2 DAGs
[2025-03-01T14:29:55.106+0000] {logging_mixin.py:190} INFO - [2025-03-01T14:29:55.106+0000] {dag.py:4180} INFO - Setting next_dagrun for example_xcom_args to None, run_after=None
[2025-03-01T14:29:55.111+0000] {logging_mixin.py:190} INFO - [2025-03-01T14:29:55.111+0000] {dag.py:4180} INFO - Setting next_dagrun for example_xcom_args_with_operators to None, run_after=None
[2025-03-01T14:29:55.139+0000] {processor.py:208} INFO - Processing /home/airflow/.local/lib/python3.12/site-packages/airflow/example_dags/example_xcomargs.py took 0.108 seconds
[2025-03-01T14:30:25.724+0000] {processor.py:186} INFO - Started process (PID=1652) to work on /home/airflow/.local/lib/python3.12/site-packages/airflow/example_dags/example_xcomargs.py
[2025-03-01T14:30:25.725+0000] {processor.py:914} INFO - Processing file /home/airflow/.local/lib/python3.12/site-packages/airflow/example_dags/example_xcomargs.py for tasks to queue
[2025-03-01T14:30:25.727+0000] {logging_mixin.py:190} INFO - [2025-03-01T14:30:25.727+0000] {dagbag.py:588} INFO - Filling up the DagBag from /home/airflow/.local/lib/python3.12/site-packages/airflow/example_dags/example_xcomargs.py
[2025-03-01T14:30:25.748+0000] {processor.py:925} INFO - DAG(s) 'example_xcom_args_with_operators', 'example_xcom_args' retrieved from /home/airflow/.local/lib/python3.12/site-packages/airflow/example_dags/example_xcomargs.py
[2025-03-01T14:30:25.788+0000] {logging_mixin.py:190} INFO - [2025-03-01T14:30:25.788+0000] {dag.py:3239} INFO - Sync 2 DAGs
[2025-03-01T14:30:25.805+0000] {logging_mixin.py:190} INFO - [2025-03-01T14:30:25.805+0000] {dag.py:4180} INFO - Setting next_dagrun for example_xcom_args to None, run_after=None
[2025-03-01T14:30:25.809+0000] {logging_mixin.py:190} INFO - [2025-03-01T14:30:25.809+0000] {dag.py:4180} INFO - Setting next_dagrun for example_xcom_args_with_operators to None, run_after=None
[2025-03-01T14:30:25.823+0000] {processor.py:208} INFO - Processing /home/airflow/.local/lib/python3.12/site-packages/airflow/example_dags/example_xcomargs.py took 0.113 seconds
[2025-03-01T14:30:56.323+0000] {processor.py:186} INFO - Started process (PID=1715) to work on /home/airflow/.local/lib/python3.12/site-packages/airflow/example_dags/example_xcomargs.py
[2025-03-01T14:30:56.342+0000] {processor.py:914} INFO - Processing file /home/airflow/.local/lib/python3.12/site-packages/airflow/example_dags/example_xcomargs.py for tasks to queue
[2025-03-01T14:30:56.346+0000] {logging_mixin.py:190} INFO - [2025-03-01T14:30:56.346+0000] {dagbag.py:588} INFO - Filling up the DagBag from /home/airflow/.local/lib/python3.12/site-packages/airflow/example_dags/example_xcomargs.py
[2025-03-01T14:30:56.381+0000] {processor.py:925} INFO - DAG(s) 'example_xcom_args_with_operators', 'example_xcom_args' retrieved from /home/airflow/.local/lib/python3.12/site-packages/airflow/example_dags/example_xcomargs.py
[2025-03-01T14:30:56.454+0000] {logging_mixin.py:190} INFO - [2025-03-01T14:30:56.454+0000] {dag.py:3239} INFO - Sync 2 DAGs
[2025-03-01T14:30:56.483+0000] {logging_mixin.py:190} INFO - [2025-03-01T14:30:56.483+0000] {dag.py:4180} INFO - Setting next_dagrun for example_xcom_args to None, run_after=None
[2025-03-01T14:30:56.490+0000] {logging_mixin.py:190} INFO - [2025-03-01T14:30:56.490+0000] {dag.py:4180} INFO - Setting next_dagrun for example_xcom_args_with_operators to None, run_after=None
[2025-03-01T14:30:56.516+0000] {processor.py:208} INFO - Processing /home/airflow/.local/lib/python3.12/site-packages/airflow/example_dags/example_xcomargs.py took 0.214 seconds
[2025-03-01T14:31:26.764+0000] {processor.py:186} INFO - Started process (PID=1779) to work on /home/airflow/.local/lib/python3.12/site-packages/airflow/example_dags/example_xcomargs.py
[2025-03-01T14:31:26.765+0000] {processor.py:914} INFO - Processing file /home/airflow/.local/lib/python3.12/site-packages/airflow/example_dags/example_xcomargs.py for tasks to queue
[2025-03-01T14:31:26.767+0000] {logging_mixin.py:190} INFO - [2025-03-01T14:31:26.767+0000] {dagbag.py:588} INFO - Filling up the DagBag from /home/airflow/.local/lib/python3.12/site-packages/airflow/example_dags/example_xcomargs.py
[2025-03-01T14:31:26.777+0000] {processor.py:925} INFO - DAG(s) 'example_xcom_args', 'example_xcom_args_with_operators' retrieved from /home/airflow/.local/lib/python3.12/site-packages/airflow/example_dags/example_xcomargs.py
[2025-03-01T14:31:26.799+0000] {logging_mixin.py:190} INFO - [2025-03-01T14:31:26.799+0000] {dag.py:3239} INFO - Sync 2 DAGs
[2025-03-01T14:31:26.815+0000] {logging_mixin.py:190} INFO - [2025-03-01T14:31:26.815+0000] {dag.py:4180} INFO - Setting next_dagrun for example_xcom_args to None, run_after=None
[2025-03-01T14:31:26.819+0000] {logging_mixin.py:190} INFO - [2025-03-01T14:31:26.819+0000] {dag.py:4180} INFO - Setting next_dagrun for example_xcom_args_with_operators to None, run_after=None
[2025-03-01T14:31:26.833+0000] {processor.py:208} INFO - Processing /home/airflow/.local/lib/python3.12/site-packages/airflow/example_dags/example_xcomargs.py took 0.075 seconds
[2025-03-01T14:31:57.463+0000] {processor.py:186} INFO - Started process (PID=1842) to work on /home/airflow/.local/lib/python3.12/site-packages/airflow/example_dags/example_xcomargs.py
[2025-03-01T14:31:57.469+0000] {processor.py:914} INFO - Processing file /home/airflow/.local/lib/python3.12/site-packages/airflow/example_dags/example_xcomargs.py for tasks to queue
[2025-03-01T14:31:57.477+0000] {logging_mixin.py:190} INFO - [2025-03-01T14:31:57.477+0000] {dagbag.py:588} INFO - Filling up the DagBag from /home/airflow/.local/lib/python3.12/site-packages/airflow/example_dags/example_xcomargs.py
[2025-03-01T14:31:57.487+0000] {processor.py:925} INFO - DAG(s) 'example_xcom_args', 'example_xcom_args_with_operators' retrieved from /home/airflow/.local/lib/python3.12/site-packages/airflow/example_dags/example_xcomargs.py
[2025-03-01T14:31:57.538+0000] {logging_mixin.py:190} INFO - [2025-03-01T14:31:57.537+0000] {dag.py:3239} INFO - Sync 2 DAGs
[2025-03-01T14:31:57.567+0000] {logging_mixin.py:190} INFO - [2025-03-01T14:31:57.567+0000] {dag.py:4180} INFO - Setting next_dagrun for example_xcom_args to None, run_after=None
[2025-03-01T14:31:57.574+0000] {logging_mixin.py:190} INFO - [2025-03-01T14:31:57.574+0000] {dag.py:4180} INFO - Setting next_dagrun for example_xcom_args_with_operators to None, run_after=None
[2025-03-01T14:31:57.607+0000] {processor.py:208} INFO - Processing /home/airflow/.local/lib/python3.12/site-packages/airflow/example_dags/example_xcomargs.py took 0.157 seconds
[2025-03-01T14:32:27.658+0000] {processor.py:186} INFO - Started process (PID=1904) to work on /home/airflow/.local/lib/python3.12/site-packages/airflow/example_dags/example_xcomargs.py
[2025-03-01T14:32:27.658+0000] {processor.py:914} INFO - Processing file /home/airflow/.local/lib/python3.12/site-packages/airflow/example_dags/example_xcomargs.py for tasks to queue
[2025-03-01T14:32:27.660+0000] {logging_mixin.py:190} INFO - [2025-03-01T14:32:27.659+0000] {dagbag.py:588} INFO - Filling up the DagBag from /home/airflow/.local/lib/python3.12/site-packages/airflow/example_dags/example_xcomargs.py
[2025-03-01T14:32:27.667+0000] {processor.py:925} INFO - DAG(s) 'example_xcom_args_with_operators', 'example_xcom_args' retrieved from /home/airflow/.local/lib/python3.12/site-packages/airflow/example_dags/example_xcomargs.py
[2025-03-01T14:32:27.689+0000] {logging_mixin.py:190} INFO - [2025-03-01T14:32:27.689+0000] {dag.py:3239} INFO - Sync 2 DAGs
[2025-03-01T14:32:27.703+0000] {logging_mixin.py:190} INFO - [2025-03-01T14:32:27.703+0000] {dag.py:4180} INFO - Setting next_dagrun for example_xcom_args to None, run_after=None
[2025-03-01T14:32:27.707+0000] {logging_mixin.py:190} INFO - [2025-03-01T14:32:27.706+0000] {dag.py:4180} INFO - Setting next_dagrun for example_xcom_args_with_operators to None, run_after=None
[2025-03-01T14:32:27.720+0000] {processor.py:208} INFO - Processing /home/airflow/.local/lib/python3.12/site-packages/airflow/example_dags/example_xcomargs.py took 0.067 seconds
[2025-03-01T14:32:57.949+0000] {processor.py:186} INFO - Started process (PID=1968) to work on /home/airflow/.local/lib/python3.12/site-packages/airflow/example_dags/example_xcomargs.py
[2025-03-01T14:32:57.949+0000] {processor.py:914} INFO - Processing file /home/airflow/.local/lib/python3.12/site-packages/airflow/example_dags/example_xcomargs.py for tasks to queue
[2025-03-01T14:32:57.951+0000] {logging_mixin.py:190} INFO - [2025-03-01T14:32:57.951+0000] {dagbag.py:588} INFO - Filling up the DagBag from /home/airflow/.local/lib/python3.12/site-packages/airflow/example_dags/example_xcomargs.py
[2025-03-01T14:32:57.967+0000] {processor.py:925} INFO - DAG(s) 'example_xcom_args', 'example_xcom_args_with_operators' retrieved from /home/airflow/.local/lib/python3.12/site-packages/airflow/example_dags/example_xcomargs.py
[2025-03-01T14:32:57.988+0000] {logging_mixin.py:190} INFO - [2025-03-01T14:32:57.988+0000] {dag.py:3239} INFO - Sync 2 DAGs
[2025-03-01T14:32:58.004+0000] {logging_mixin.py:190} INFO - [2025-03-01T14:32:58.003+0000] {dag.py:4180} INFO - Setting next_dagrun for example_xcom_args to None, run_after=None
[2025-03-01T14:32:58.007+0000] {logging_mixin.py:190} INFO - [2025-03-01T14:32:58.007+0000] {dag.py:4180} INFO - Setting next_dagrun for example_xcom_args_with_operators to None, run_after=None
[2025-03-01T14:32:58.021+0000] {processor.py:208} INFO - Processing /home/airflow/.local/lib/python3.12/site-packages/airflow/example_dags/example_xcomargs.py took 0.079 seconds
[2025-03-01T14:33:28.224+0000] {processor.py:186} INFO - Started process (PID=2031) to work on /home/airflow/.local/lib/python3.12/site-packages/airflow/example_dags/example_xcomargs.py
[2025-03-01T14:33:28.225+0000] {processor.py:914} INFO - Processing file /home/airflow/.local/lib/python3.12/site-packages/airflow/example_dags/example_xcomargs.py for tasks to queue
[2025-03-01T14:33:28.227+0000] {logging_mixin.py:190} INFO - [2025-03-01T14:33:28.227+0000] {dagbag.py:588} INFO - Filling up the DagBag from /home/airflow/.local/lib/python3.12/site-packages/airflow/example_dags/example_xcomargs.py
[2025-03-01T14:33:28.237+0000] {processor.py:925} INFO - DAG(s) 'example_xcom_args', 'example_xcom_args_with_operators' retrieved from /home/airflow/.local/lib/python3.12/site-packages/airflow/example_dags/example_xcomargs.py
[2025-03-01T14:33:28.261+0000] {logging_mixin.py:190} INFO - [2025-03-01T14:33:28.261+0000] {dag.py:3239} INFO - Sync 2 DAGs
[2025-03-01T14:33:28.278+0000] {logging_mixin.py:190} INFO - [2025-03-01T14:33:28.277+0000] {dag.py:4180} INFO - Setting next_dagrun for example_xcom_args to None, run_after=None
[2025-03-01T14:33:28.281+0000] {logging_mixin.py:190} INFO - [2025-03-01T14:33:28.281+0000] {dag.py:4180} INFO - Setting next_dagrun for example_xcom_args_with_operators to None, run_after=None
[2025-03-01T14:33:28.302+0000] {processor.py:208} INFO - Processing /home/airflow/.local/lib/python3.12/site-packages/airflow/example_dags/example_xcomargs.py took 0.085 seconds
[2025-03-01T14:33:58.679+0000] {processor.py:186} INFO - Started process (PID=2094) to work on /home/airflow/.local/lib/python3.12/site-packages/airflow/example_dags/example_xcomargs.py
[2025-03-01T14:33:58.680+0000] {processor.py:914} INFO - Processing file /home/airflow/.local/lib/python3.12/site-packages/airflow/example_dags/example_xcomargs.py for tasks to queue
[2025-03-01T14:33:58.683+0000] {logging_mixin.py:190} INFO - [2025-03-01T14:33:58.682+0000] {dagbag.py:588} INFO - Filling up the DagBag from /home/airflow/.local/lib/python3.12/site-packages/airflow/example_dags/example_xcomargs.py
[2025-03-01T14:33:58.693+0000] {processor.py:925} INFO - DAG(s) 'example_xcom_args', 'example_xcom_args_with_operators' retrieved from /home/airflow/.local/lib/python3.12/site-packages/airflow/example_dags/example_xcomargs.py
[2025-03-01T14:33:58.714+0000] {logging_mixin.py:190} INFO - [2025-03-01T14:33:58.714+0000] {dag.py:3239} INFO - Sync 2 DAGs
[2025-03-01T14:33:58.730+0000] {logging_mixin.py:190} INFO - [2025-03-01T14:33:58.730+0000] {dag.py:4180} INFO - Setting next_dagrun for example_xcom_args to None, run_after=None
[2025-03-01T14:33:58.734+0000] {logging_mixin.py:190} INFO - [2025-03-01T14:33:58.733+0000] {dag.py:4180} INFO - Setting next_dagrun for example_xcom_args_with_operators to None, run_after=None
[2025-03-01T14:33:58.751+0000] {processor.py:208} INFO - Processing /home/airflow/.local/lib/python3.12/site-packages/airflow/example_dags/example_xcomargs.py took 0.078 seconds
[2025-03-01T14:34:28.895+0000] {processor.py:186} INFO - Started process (PID=2156) to work on /home/airflow/.local/lib/python3.12/site-packages/airflow/example_dags/example_xcomargs.py
[2025-03-01T14:34:28.895+0000] {processor.py:914} INFO - Processing file /home/airflow/.local/lib/python3.12/site-packages/airflow/example_dags/example_xcomargs.py for tasks to queue
[2025-03-01T14:34:28.897+0000] {logging_mixin.py:190} INFO - [2025-03-01T14:34:28.897+0000] {dagbag.py:588} INFO - Filling up the DagBag from /home/airflow/.local/lib/python3.12/site-packages/airflow/example_dags/example_xcomargs.py
[2025-03-01T14:34:28.907+0000] {processor.py:925} INFO - DAG(s) 'example_xcom_args_with_operators', 'example_xcom_args' retrieved from /home/airflow/.local/lib/python3.12/site-packages/airflow/example_dags/example_xcomargs.py
[2025-03-01T14:34:28.946+0000] {logging_mixin.py:190} INFO - [2025-03-01T14:34:28.945+0000] {dag.py:3239} INFO - Sync 2 DAGs
[2025-03-01T14:34:28.974+0000] {logging_mixin.py:190} INFO - [2025-03-01T14:34:28.974+0000] {dag.py:4180} INFO - Setting next_dagrun for example_xcom_args to None, run_after=None
[2025-03-01T14:34:28.986+0000] {logging_mixin.py:190} INFO - [2025-03-01T14:34:28.986+0000] {dag.py:4180} INFO - Setting next_dagrun for example_xcom_args_with_operators to None, run_after=None
[2025-03-01T14:34:29.039+0000] {processor.py:208} INFO - Processing /home/airflow/.local/lib/python3.12/site-packages/airflow/example_dags/example_xcomargs.py took 0.150 seconds
[2025-03-01T14:34:59.354+0000] {processor.py:186} INFO - Started process (PID=2219) to work on /home/airflow/.local/lib/python3.12/site-packages/airflow/example_dags/example_xcomargs.py
[2025-03-01T14:34:59.355+0000] {processor.py:914} INFO - Processing file /home/airflow/.local/lib/python3.12/site-packages/airflow/example_dags/example_xcomargs.py for tasks to queue
[2025-03-01T14:34:59.357+0000] {logging_mixin.py:190} INFO - [2025-03-01T14:34:59.356+0000] {dagbag.py:588} INFO - Filling up the DagBag from /home/airflow/.local/lib/python3.12/site-packages/airflow/example_dags/example_xcomargs.py
[2025-03-01T14:34:59.370+0000] {processor.py:925} INFO - DAG(s) 'example_xcom_args', 'example_xcom_args_with_operators' retrieved from /home/airflow/.local/lib/python3.12/site-packages/airflow/example_dags/example_xcomargs.py
[2025-03-01T14:34:59.392+0000] {logging_mixin.py:190} INFO - [2025-03-01T14:34:59.392+0000] {dag.py:3239} INFO - Sync 2 DAGs
[2025-03-01T14:34:59.408+0000] {logging_mixin.py:190} INFO - [2025-03-01T14:34:59.408+0000] {dag.py:4180} INFO - Setting next_dagrun for example_xcom_args to None, run_after=None
[2025-03-01T14:34:59.412+0000] {logging_mixin.py:190} INFO - [2025-03-01T14:34:59.412+0000] {dag.py:4180} INFO - Setting next_dagrun for example_xcom_args_with_operators to None, run_after=None
[2025-03-01T14:34:59.426+0000] {processor.py:208} INFO - Processing /home/airflow/.local/lib/python3.12/site-packages/airflow/example_dags/example_xcomargs.py took 0.078 seconds
[2025-03-01T14:35:29.595+0000] {processor.py:186} INFO - Started process (PID=2282) to work on /home/airflow/.local/lib/python3.12/site-packages/airflow/example_dags/example_xcomargs.py
[2025-03-01T14:35:29.596+0000] {processor.py:914} INFO - Processing file /home/airflow/.local/lib/python3.12/site-packages/airflow/example_dags/example_xcomargs.py for tasks to queue
[2025-03-01T14:35:29.598+0000] {logging_mixin.py:190} INFO - [2025-03-01T14:35:29.597+0000] {dagbag.py:588} INFO - Filling up the DagBag from /home/airflow/.local/lib/python3.12/site-packages/airflow/example_dags/example_xcomargs.py
[2025-03-01T14:35:29.607+0000] {processor.py:925} INFO - DAG(s) 'example_xcom_args', 'example_xcom_args_with_operators' retrieved from /home/airflow/.local/lib/python3.12/site-packages/airflow/example_dags/example_xcomargs.py
[2025-03-01T14:35:29.629+0000] {logging_mixin.py:190} INFO - [2025-03-01T14:35:29.629+0000] {dag.py:3239} INFO - Sync 2 DAGs
[2025-03-01T14:35:29.644+0000] {logging_mixin.py:190} INFO - [2025-03-01T14:35:29.644+0000] {dag.py:4180} INFO - Setting next_dagrun for example_xcom_args to None, run_after=None
[2025-03-01T14:35:29.648+0000] {logging_mixin.py:190} INFO - [2025-03-01T14:35:29.648+0000] {dag.py:4180} INFO - Setting next_dagrun for example_xcom_args_with_operators to None, run_after=None
[2025-03-01T14:35:29.663+0000] {processor.py:208} INFO - Processing /home/airflow/.local/lib/python3.12/site-packages/airflow/example_dags/example_xcomargs.py took 0.075 seconds
[2025-03-01T14:36:00.423+0000] {processor.py:186} INFO - Started process (PID=2345) to work on /home/airflow/.local/lib/python3.12/site-packages/airflow/example_dags/example_xcomargs.py
[2025-03-01T14:36:00.424+0000] {processor.py:914} INFO - Processing file /home/airflow/.local/lib/python3.12/site-packages/airflow/example_dags/example_xcomargs.py for tasks to queue
[2025-03-01T14:36:00.430+0000] {logging_mixin.py:190} INFO - [2025-03-01T14:36:00.430+0000] {dagbag.py:588} INFO - Filling up the DagBag from /home/airflow/.local/lib/python3.12/site-packages/airflow/example_dags/example_xcomargs.py
[2025-03-01T14:36:00.440+0000] {processor.py:925} INFO - DAG(s) 'example_xcom_args_with_operators', 'example_xcom_args' retrieved from /home/airflow/.local/lib/python3.12/site-packages/airflow/example_dags/example_xcomargs.py
[2025-03-01T14:36:00.461+0000] {logging_mixin.py:190} INFO - [2025-03-01T14:36:00.461+0000] {dag.py:3239} INFO - Sync 2 DAGs
[2025-03-01T14:36:00.477+0000] {logging_mixin.py:190} INFO - [2025-03-01T14:36:00.477+0000] {dag.py:4180} INFO - Setting next_dagrun for example_xcom_args to None, run_after=None
[2025-03-01T14:36:00.481+0000] {logging_mixin.py:190} INFO - [2025-03-01T14:36:00.480+0000] {dag.py:4180} INFO - Setting next_dagrun for example_xcom_args_with_operators to None, run_after=None
[2025-03-01T14:36:00.514+0000] {processor.py:208} INFO - Processing /home/airflow/.local/lib/python3.12/site-packages/airflow/example_dags/example_xcomargs.py took 0.097 seconds
[2025-03-01T14:36:30.988+0000] {processor.py:186} INFO - Started process (PID=2408) to work on /home/airflow/.local/lib/python3.12/site-packages/airflow/example_dags/example_xcomargs.py
[2025-03-01T14:36:30.994+0000] {processor.py:914} INFO - Processing file /home/airflow/.local/lib/python3.12/site-packages/airflow/example_dags/example_xcomargs.py for tasks to queue
[2025-03-01T14:36:30.996+0000] {logging_mixin.py:190} INFO - [2025-03-01T14:36:30.996+0000] {dagbag.py:588} INFO - Filling up the DagBag from /home/airflow/.local/lib/python3.12/site-packages/airflow/example_dags/example_xcomargs.py
[2025-03-01T14:36:31.034+0000] {processor.py:925} INFO - DAG(s) 'example_xcom_args', 'example_xcom_args_with_operators' retrieved from /home/airflow/.local/lib/python3.12/site-packages/airflow/example_dags/example_xcomargs.py
[2025-03-01T14:36:31.093+0000] {logging_mixin.py:190} INFO - [2025-03-01T14:36:31.093+0000] {dag.py:3239} INFO - Sync 2 DAGs
[2025-03-01T14:36:31.119+0000] {logging_mixin.py:190} INFO - [2025-03-01T14:36:31.119+0000] {dag.py:4180} INFO - Setting next_dagrun for example_xcom_args to None, run_after=None
[2025-03-01T14:36:31.130+0000] {logging_mixin.py:190} INFO - [2025-03-01T14:36:31.130+0000] {dag.py:4180} INFO - Setting next_dagrun for example_xcom_args_with_operators to None, run_after=None
[2025-03-01T14:36:31.161+0000] {processor.py:208} INFO - Processing /home/airflow/.local/lib/python3.12/site-packages/airflow/example_dags/example_xcomargs.py took 0.190 seconds
[2025-03-01T14:37:01.207+0000] {processor.py:186} INFO - Started process (PID=2472) to work on /home/airflow/.local/lib/python3.12/site-packages/airflow/example_dags/example_xcomargs.py
[2025-03-01T14:37:01.208+0000] {processor.py:914} INFO - Processing file /home/airflow/.local/lib/python3.12/site-packages/airflow/example_dags/example_xcomargs.py for tasks to queue
[2025-03-01T14:37:01.209+0000] {logging_mixin.py:190} INFO - [2025-03-01T14:37:01.209+0000] {dagbag.py:588} INFO - Filling up the DagBag from /home/airflow/.local/lib/python3.12/site-packages/airflow/example_dags/example_xcomargs.py
[2025-03-01T14:37:01.221+0000] {processor.py:925} INFO - DAG(s) 'example_xcom_args_with_operators', 'example_xcom_args' retrieved from /home/airflow/.local/lib/python3.12/site-packages/airflow/example_dags/example_xcomargs.py
[2025-03-01T14:37:01.243+0000] {logging_mixin.py:190} INFO - [2025-03-01T14:37:01.243+0000] {dag.py:3239} INFO - Sync 2 DAGs
[2025-03-01T14:37:01.253+0000] {logging_mixin.py:190} INFO - [2025-03-01T14:37:01.253+0000] {dag.py:4180} INFO - Setting next_dagrun for example_xcom_args to None, run_after=None
[2025-03-01T14:37:01.256+0000] {logging_mixin.py:190} INFO - [2025-03-01T14:37:01.256+0000] {dag.py:4180} INFO - Setting next_dagrun for example_xcom_args_with_operators to None, run_after=None
[2025-03-01T14:37:01.270+0000] {processor.py:208} INFO - Processing /home/airflow/.local/lib/python3.12/site-packages/airflow/example_dags/example_xcomargs.py took 0.067 seconds
[2025-03-01T14:37:31.356+0000] {processor.py:186} INFO - Started process (PID=2534) to work on /home/airflow/.local/lib/python3.12/site-packages/airflow/example_dags/example_xcomargs.py
[2025-03-01T14:37:31.356+0000] {processor.py:914} INFO - Processing file /home/airflow/.local/lib/python3.12/site-packages/airflow/example_dags/example_xcomargs.py for tasks to queue
[2025-03-01T14:37:31.358+0000] {logging_mixin.py:190} INFO - [2025-03-01T14:37:31.358+0000] {dagbag.py:588} INFO - Filling up the DagBag from /home/airflow/.local/lib/python3.12/site-packages/airflow/example_dags/example_xcomargs.py
[2025-03-01T14:37:31.366+0000] {processor.py:925} INFO - DAG(s) 'example_xcom_args', 'example_xcom_args_with_operators' retrieved from /home/airflow/.local/lib/python3.12/site-packages/airflow/example_dags/example_xcomargs.py
[2025-03-01T14:37:31.383+0000] {logging_mixin.py:190} INFO - [2025-03-01T14:37:31.383+0000] {dag.py:3239} INFO - Sync 2 DAGs
[2025-03-01T14:37:31.394+0000] {logging_mixin.py:190} INFO - [2025-03-01T14:37:31.393+0000] {dag.py:4180} INFO - Setting next_dagrun for example_xcom_args to None, run_after=None
[2025-03-01T14:37:31.396+0000] {logging_mixin.py:190} INFO - [2025-03-01T14:37:31.396+0000] {dag.py:4180} INFO - Setting next_dagrun for example_xcom_args_with_operators to None, run_after=None
[2025-03-01T14:37:31.407+0000] {processor.py:208} INFO - Processing /home/airflow/.local/lib/python3.12/site-packages/airflow/example_dags/example_xcomargs.py took 0.057 seconds
[2025-03-01T14:38:01.666+0000] {processor.py:186} INFO - Started process (PID=2598) to work on /home/airflow/.local/lib/python3.12/site-packages/airflow/example_dags/example_xcomargs.py
[2025-03-01T14:38:01.667+0000] {processor.py:914} INFO - Processing file /home/airflow/.local/lib/python3.12/site-packages/airflow/example_dags/example_xcomargs.py for tasks to queue
[2025-03-01T14:38:01.668+0000] {logging_mixin.py:190} INFO - [2025-03-01T14:38:01.668+0000] {dagbag.py:588} INFO - Filling up the DagBag from /home/airflow/.local/lib/python3.12/site-packages/airflow/example_dags/example_xcomargs.py
[2025-03-01T14:38:01.676+0000] {processor.py:925} INFO - DAG(s) 'example_xcom_args', 'example_xcom_args_with_operators' retrieved from /home/airflow/.local/lib/python3.12/site-packages/airflow/example_dags/example_xcomargs.py
[2025-03-01T14:38:01.697+0000] {logging_mixin.py:190} INFO - [2025-03-01T14:38:01.697+0000] {dag.py:3239} INFO - Sync 2 DAGs
[2025-03-01T14:38:01.712+0000] {logging_mixin.py:190} INFO - [2025-03-01T14:38:01.712+0000] {dag.py:4180} INFO - Setting next_dagrun for example_xcom_args to None, run_after=None
[2025-03-01T14:38:01.715+0000] {logging_mixin.py:190} INFO - [2025-03-01T14:38:01.715+0000] {dag.py:4180} INFO - Setting next_dagrun for example_xcom_args_with_operators to None, run_after=None
[2025-03-01T14:38:01.728+0000] {processor.py:208} INFO - Processing /home/airflow/.local/lib/python3.12/site-packages/airflow/example_dags/example_xcomargs.py took 0.066 seconds
[2025-03-01T14:38:32.747+0000] {processor.py:186} INFO - Started process (PID=2667) to work on /home/airflow/.local/lib/python3.12/site-packages/airflow/example_dags/example_xcomargs.py
[2025-03-01T14:38:32.748+0000] {processor.py:914} INFO - Processing file /home/airflow/.local/lib/python3.12/site-packages/airflow/example_dags/example_xcomargs.py for tasks to queue
[2025-03-01T14:38:32.750+0000] {logging_mixin.py:190} INFO - [2025-03-01T14:38:32.749+0000] {dagbag.py:588} INFO - Filling up the DagBag from /home/airflow/.local/lib/python3.12/site-packages/airflow/example_dags/example_xcomargs.py
[2025-03-01T14:38:32.757+0000] {processor.py:925} INFO - DAG(s) 'example_xcom_args_with_operators', 'example_xcom_args' retrieved from /home/airflow/.local/lib/python3.12/site-packages/airflow/example_dags/example_xcomargs.py
[2025-03-01T14:38:32.772+0000] {logging_mixin.py:190} INFO - [2025-03-01T14:38:32.772+0000] {dag.py:3239} INFO - Sync 2 DAGs
[2025-03-01T14:38:32.783+0000] {logging_mixin.py:190} INFO - [2025-03-01T14:38:32.783+0000] {dag.py:4180} INFO - Setting next_dagrun for example_xcom_args to None, run_after=None
[2025-03-01T14:38:32.785+0000] {logging_mixin.py:190} INFO - [2025-03-01T14:38:32.785+0000] {dag.py:4180} INFO - Setting next_dagrun for example_xcom_args_with_operators to None, run_after=None
[2025-03-01T14:38:32.796+0000] {processor.py:208} INFO - Processing /home/airflow/.local/lib/python3.12/site-packages/airflow/example_dags/example_xcomargs.py took 0.052 seconds
[2025-03-01T14:39:03.206+0000] {processor.py:186} INFO - Started process (PID=2731) to work on /home/airflow/.local/lib/python3.12/site-packages/airflow/example_dags/example_xcomargs.py
[2025-03-01T14:39:03.213+0000] {processor.py:914} INFO - Processing file /home/airflow/.local/lib/python3.12/site-packages/airflow/example_dags/example_xcomargs.py for tasks to queue
[2025-03-01T14:39:03.218+0000] {logging_mixin.py:190} INFO - [2025-03-01T14:39:03.217+0000] {dagbag.py:588} INFO - Filling up the DagBag from /home/airflow/.local/lib/python3.12/site-packages/airflow/example_dags/example_xcomargs.py
[2025-03-01T14:39:03.228+0000] {processor.py:925} INFO - DAG(s) 'example_xcom_args', 'example_xcom_args_with_operators' retrieved from /home/airflow/.local/lib/python3.12/site-packages/airflow/example_dags/example_xcomargs.py
[2025-03-01T14:39:03.279+0000] {logging_mixin.py:190} INFO - [2025-03-01T14:39:03.278+0000] {dag.py:3239} INFO - Sync 2 DAGs
[2025-03-01T14:39:03.311+0000] {logging_mixin.py:190} INFO - [2025-03-01T14:39:03.311+0000] {dag.py:4180} INFO - Setting next_dagrun for example_xcom_args to None, run_after=None
[2025-03-01T14:39:03.315+0000] {logging_mixin.py:190} INFO - [2025-03-01T14:39:03.315+0000] {dag.py:4180} INFO - Setting next_dagrun for example_xcom_args_with_operators to None, run_after=None
[2025-03-01T14:39:03.344+0000] {processor.py:208} INFO - Processing /home/airflow/.local/lib/python3.12/site-packages/airflow/example_dags/example_xcomargs.py took 0.152 seconds
[2025-03-01T14:39:33.539+0000] {processor.py:186} INFO - Started process (PID=2793) to work on /home/airflow/.local/lib/python3.12/site-packages/airflow/example_dags/example_xcomargs.py
[2025-03-01T14:39:33.540+0000] {processor.py:914} INFO - Processing file /home/airflow/.local/lib/python3.12/site-packages/airflow/example_dags/example_xcomargs.py for tasks to queue
[2025-03-01T14:39:33.542+0000] {logging_mixin.py:190} INFO - [2025-03-01T14:39:33.542+0000] {dagbag.py:588} INFO - Filling up the DagBag from /home/airflow/.local/lib/python3.12/site-packages/airflow/example_dags/example_xcomargs.py
[2025-03-01T14:39:33.552+0000] {processor.py:925} INFO - DAG(s) 'example_xcom_args', 'example_xcom_args_with_operators' retrieved from /home/airflow/.local/lib/python3.12/site-packages/airflow/example_dags/example_xcomargs.py
[2025-03-01T14:39:33.573+0000] {logging_mixin.py:190} INFO - [2025-03-01T14:39:33.573+0000] {dag.py:3239} INFO - Sync 2 DAGs
[2025-03-01T14:39:33.590+0000] {logging_mixin.py:190} INFO - [2025-03-01T14:39:33.590+0000] {dag.py:4180} INFO - Setting next_dagrun for example_xcom_args to None, run_after=None
[2025-03-01T14:39:33.594+0000] {logging_mixin.py:190} INFO - [2025-03-01T14:39:33.594+0000] {dag.py:4180} INFO - Setting next_dagrun for example_xcom_args_with_operators to None, run_after=None
[2025-03-01T14:39:33.608+0000] {processor.py:208} INFO - Processing /home/airflow/.local/lib/python3.12/site-packages/airflow/example_dags/example_xcomargs.py took 0.075 seconds
[2025-03-01T14:40:04.415+0000] {processor.py:186} INFO - Started process (PID=2857) to work on /home/airflow/.local/lib/python3.12/site-packages/airflow/example_dags/example_xcomargs.py
[2025-03-01T14:40:04.416+0000] {processor.py:914} INFO - Processing file /home/airflow/.local/lib/python3.12/site-packages/airflow/example_dags/example_xcomargs.py for tasks to queue
[2025-03-01T14:40:04.418+0000] {logging_mixin.py:190} INFO - [2025-03-01T14:40:04.418+0000] {dagbag.py:588} INFO - Filling up the DagBag from /home/airflow/.local/lib/python3.12/site-packages/airflow/example_dags/example_xcomargs.py
[2025-03-01T14:40:04.428+0000] {processor.py:925} INFO - DAG(s) 'example_xcom_args', 'example_xcom_args_with_operators' retrieved from /home/airflow/.local/lib/python3.12/site-packages/airflow/example_dags/example_xcomargs.py
[2025-03-01T14:40:04.450+0000] {logging_mixin.py:190} INFO - [2025-03-01T14:40:04.450+0000] {dag.py:3239} INFO - Sync 2 DAGs
[2025-03-01T14:40:04.465+0000] {logging_mixin.py:190} INFO - [2025-03-01T14:40:04.465+0000] {dag.py:4180} INFO - Setting next_dagrun for example_xcom_args to None, run_after=None
[2025-03-01T14:40:04.469+0000] {logging_mixin.py:190} INFO - [2025-03-01T14:40:04.468+0000] {dag.py:4180} INFO - Setting next_dagrun for example_xcom_args_with_operators to None, run_after=None
[2025-03-01T14:40:04.482+0000] {processor.py:208} INFO - Processing /home/airflow/.local/lib/python3.12/site-packages/airflow/example_dags/example_xcomargs.py took 0.074 seconds
[2025-03-01T14:40:34.798+0000] {processor.py:186} INFO - Started process (PID=2920) to work on /home/airflow/.local/lib/python3.12/site-packages/airflow/example_dags/example_xcomargs.py
[2025-03-01T14:40:34.799+0000] {processor.py:914} INFO - Processing file /home/airflow/.local/lib/python3.12/site-packages/airflow/example_dags/example_xcomargs.py for tasks to queue
[2025-03-01T14:40:34.804+0000] {logging_mixin.py:190} INFO - [2025-03-01T14:40:34.804+0000] {dagbag.py:588} INFO - Filling up the DagBag from /home/airflow/.local/lib/python3.12/site-packages/airflow/example_dags/example_xcomargs.py
[2025-03-01T14:40:34.814+0000] {processor.py:925} INFO - DAG(s) 'example_xcom_args', 'example_xcom_args_with_operators' retrieved from /home/airflow/.local/lib/python3.12/site-packages/airflow/example_dags/example_xcomargs.py
[2025-03-01T14:40:34.836+0000] {logging_mixin.py:190} INFO - [2025-03-01T14:40:34.836+0000] {dag.py:3239} INFO - Sync 2 DAGs
[2025-03-01T14:40:34.852+0000] {logging_mixin.py:190} INFO - [2025-03-01T14:40:34.852+0000] {dag.py:4180} INFO - Setting next_dagrun for example_xcom_args to None, run_after=None
[2025-03-01T14:40:34.856+0000] {logging_mixin.py:190} INFO - [2025-03-01T14:40:34.856+0000] {dag.py:4180} INFO - Setting next_dagrun for example_xcom_args_with_operators to None, run_after=None
[2025-03-01T14:40:34.874+0000] {processor.py:208} INFO - Processing /home/airflow/.local/lib/python3.12/site-packages/airflow/example_dags/example_xcomargs.py took 0.082 seconds
[2025-03-01T14:41:05.863+0000] {processor.py:186} INFO - Started process (PID=2983) to work on /home/airflow/.local/lib/python3.12/site-packages/airflow/example_dags/example_xcomargs.py
[2025-03-01T14:41:05.864+0000] {processor.py:914} INFO - Processing file /home/airflow/.local/lib/python3.12/site-packages/airflow/example_dags/example_xcomargs.py for tasks to queue
[2025-03-01T14:41:05.866+0000] {logging_mixin.py:190} INFO - [2025-03-01T14:41:05.866+0000] {dagbag.py:588} INFO - Filling up the DagBag from /home/airflow/.local/lib/python3.12/site-packages/airflow/example_dags/example_xcomargs.py
[2025-03-01T14:41:05.876+0000] {processor.py:925} INFO - DAG(s) 'example_xcom_args', 'example_xcom_args_with_operators' retrieved from /home/airflow/.local/lib/python3.12/site-packages/airflow/example_dags/example_xcomargs.py
[2025-03-01T14:41:05.899+0000] {logging_mixin.py:190} INFO - [2025-03-01T14:41:05.899+0000] {dag.py:3239} INFO - Sync 2 DAGs
[2025-03-01T14:41:05.915+0000] {logging_mixin.py:190} INFO - [2025-03-01T14:41:05.914+0000] {dag.py:4180} INFO - Setting next_dagrun for example_xcom_args to None, run_after=None
[2025-03-01T14:41:05.918+0000] {logging_mixin.py:190} INFO - [2025-03-01T14:41:05.918+0000] {dag.py:4180} INFO - Setting next_dagrun for example_xcom_args_with_operators to None, run_after=None
[2025-03-01T14:41:05.933+0000] {processor.py:208} INFO - Processing /home/airflow/.local/lib/python3.12/site-packages/airflow/example_dags/example_xcomargs.py took 0.075 seconds
[2025-03-01T14:41:36.566+0000] {processor.py:186} INFO - Started process (PID=3046) to work on /home/airflow/.local/lib/python3.12/site-packages/airflow/example_dags/example_xcomargs.py
[2025-03-01T14:41:36.566+0000] {processor.py:914} INFO - Processing file /home/airflow/.local/lib/python3.12/site-packages/airflow/example_dags/example_xcomargs.py for tasks to queue
[2025-03-01T14:41:36.569+0000] {logging_mixin.py:190} INFO - [2025-03-01T14:41:36.568+0000] {dagbag.py:588} INFO - Filling up the DagBag from /home/airflow/.local/lib/python3.12/site-packages/airflow/example_dags/example_xcomargs.py
[2025-03-01T14:41:36.579+0000] {processor.py:925} INFO - DAG(s) 'example_xcom_args_with_operators', 'example_xcom_args' retrieved from /home/airflow/.local/lib/python3.12/site-packages/airflow/example_dags/example_xcomargs.py
[2025-03-01T14:41:36.601+0000] {logging_mixin.py:190} INFO - [2025-03-01T14:41:36.600+0000] {dag.py:3239} INFO - Sync 2 DAGs
[2025-03-01T14:41:36.617+0000] {logging_mixin.py:190} INFO - [2025-03-01T14:41:36.617+0000] {dag.py:4180} INFO - Setting next_dagrun for example_xcom_args to None, run_after=None
[2025-03-01T14:41:36.621+0000] {logging_mixin.py:190} INFO - [2025-03-01T14:41:36.621+0000] {dag.py:4180} INFO - Setting next_dagrun for example_xcom_args_with_operators to None, run_after=None
[2025-03-01T14:41:36.636+0000] {processor.py:208} INFO - Processing /home/airflow/.local/lib/python3.12/site-packages/airflow/example_dags/example_xcomargs.py took 0.075 seconds
[2025-03-01T14:42:06.818+0000] {processor.py:186} INFO - Started process (PID=3108) to work on /home/airflow/.local/lib/python3.12/site-packages/airflow/example_dags/example_xcomargs.py
[2025-03-01T14:42:06.818+0000] {processor.py:914} INFO - Processing file /home/airflow/.local/lib/python3.12/site-packages/airflow/example_dags/example_xcomargs.py for tasks to queue
[2025-03-01T14:42:06.820+0000] {logging_mixin.py:190} INFO - [2025-03-01T14:42:06.820+0000] {dagbag.py:588} INFO - Filling up the DagBag from /home/airflow/.local/lib/python3.12/site-packages/airflow/example_dags/example_xcomargs.py
[2025-03-01T14:42:06.830+0000] {processor.py:925} INFO - DAG(s) 'example_xcom_args', 'example_xcom_args_with_operators' retrieved from /home/airflow/.local/lib/python3.12/site-packages/airflow/example_dags/example_xcomargs.py
[2025-03-01T14:42:06.855+0000] {logging_mixin.py:190} INFO - [2025-03-01T14:42:06.855+0000] {dag.py:3239} INFO - Sync 2 DAGs
[2025-03-01T14:42:06.870+0000] {logging_mixin.py:190} INFO - [2025-03-01T14:42:06.870+0000] {dag.py:4180} INFO - Setting next_dagrun for example_xcom_args to None, run_after=None
[2025-03-01T14:42:06.874+0000] {logging_mixin.py:190} INFO - [2025-03-01T14:42:06.874+0000] {dag.py:4180} INFO - Setting next_dagrun for example_xcom_args_with_operators to None, run_after=None
[2025-03-01T14:42:06.888+0000] {processor.py:208} INFO - Processing /home/airflow/.local/lib/python3.12/site-packages/airflow/example_dags/example_xcomargs.py took 0.076 seconds
[2025-03-01T14:42:37.177+0000] {processor.py:186} INFO - Started process (PID=3171) to work on /home/airflow/.local/lib/python3.12/site-packages/airflow/example_dags/example_xcomargs.py
[2025-03-01T14:42:37.178+0000] {processor.py:914} INFO - Processing file /home/airflow/.local/lib/python3.12/site-packages/airflow/example_dags/example_xcomargs.py for tasks to queue
[2025-03-01T14:42:37.181+0000] {logging_mixin.py:190} INFO - [2025-03-01T14:42:37.181+0000] {dagbag.py:588} INFO - Filling up the DagBag from /home/airflow/.local/lib/python3.12/site-packages/airflow/example_dags/example_xcomargs.py
[2025-03-01T14:42:37.192+0000] {processor.py:925} INFO - DAG(s) 'example_xcom_args', 'example_xcom_args_with_operators' retrieved from /home/airflow/.local/lib/python3.12/site-packages/airflow/example_dags/example_xcomargs.py
[2025-03-01T14:42:37.214+0000] {logging_mixin.py:190} INFO - [2025-03-01T14:42:37.214+0000] {dag.py:3239} INFO - Sync 2 DAGs
[2025-03-01T14:42:37.230+0000] {logging_mixin.py:190} INFO - [2025-03-01T14:42:37.230+0000] {dag.py:4180} INFO - Setting next_dagrun for example_xcom_args to None, run_after=None
[2025-03-01T14:42:37.234+0000] {logging_mixin.py:190} INFO - [2025-03-01T14:42:37.234+0000] {dag.py:4180} INFO - Setting next_dagrun for example_xcom_args_with_operators to None, run_after=None
[2025-03-01T14:42:37.258+0000] {processor.py:208} INFO - Processing /home/airflow/.local/lib/python3.12/site-packages/airflow/example_dags/example_xcomargs.py took 0.087 seconds
[2025-03-01T14:43:07.428+0000] {processor.py:186} INFO - Started process (PID=3234) to work on /home/airflow/.local/lib/python3.12/site-packages/airflow/example_dags/example_xcomargs.py
[2025-03-01T14:43:07.429+0000] {processor.py:914} INFO - Processing file /home/airflow/.local/lib/python3.12/site-packages/airflow/example_dags/example_xcomargs.py for tasks to queue
[2025-03-01T14:43:07.432+0000] {logging_mixin.py:190} INFO - [2025-03-01T14:43:07.432+0000] {dagbag.py:588} INFO - Filling up the DagBag from /home/airflow/.local/lib/python3.12/site-packages/airflow/example_dags/example_xcomargs.py
[2025-03-01T14:43:07.443+0000] {processor.py:925} INFO - DAG(s) 'example_xcom_args', 'example_xcom_args_with_operators' retrieved from /home/airflow/.local/lib/python3.12/site-packages/airflow/example_dags/example_xcomargs.py
[2025-03-01T14:43:07.464+0000] {logging_mixin.py:190} INFO - [2025-03-01T14:43:07.464+0000] {dag.py:3239} INFO - Sync 2 DAGs
[2025-03-01T14:43:07.480+0000] {logging_mixin.py:190} INFO - [2025-03-01T14:43:07.480+0000] {dag.py:4180} INFO - Setting next_dagrun for example_xcom_args to None, run_after=None
[2025-03-01T14:43:07.484+0000] {logging_mixin.py:190} INFO - [2025-03-01T14:43:07.483+0000] {dag.py:4180} INFO - Setting next_dagrun for example_xcom_args_with_operators to None, run_after=None
[2025-03-01T14:43:07.498+0000] {processor.py:208} INFO - Processing /home/airflow/.local/lib/python3.12/site-packages/airflow/example_dags/example_xcomargs.py took 0.076 seconds
[2025-03-01T14:43:38.426+0000] {processor.py:186} INFO - Started process (PID=3293) to work on /home/airflow/.local/lib/python3.12/site-packages/airflow/example_dags/example_xcomargs.py
[2025-03-01T14:43:38.427+0000] {processor.py:914} INFO - Processing file /home/airflow/.local/lib/python3.12/site-packages/airflow/example_dags/example_xcomargs.py for tasks to queue
[2025-03-01T14:43:38.429+0000] {logging_mixin.py:190} INFO - [2025-03-01T14:43:38.428+0000] {dagbag.py:588} INFO - Filling up the DagBag from /home/airflow/.local/lib/python3.12/site-packages/airflow/example_dags/example_xcomargs.py
[2025-03-01T14:43:38.439+0000] {processor.py:925} INFO - DAG(s) 'example_xcom_args_with_operators', 'example_xcom_args' retrieved from /home/airflow/.local/lib/python3.12/site-packages/airflow/example_dags/example_xcomargs.py
[2025-03-01T14:43:38.467+0000] {logging_mixin.py:190} INFO - [2025-03-01T14:43:38.467+0000] {dag.py:3239} INFO - Sync 2 DAGs
[2025-03-01T14:43:38.482+0000] {logging_mixin.py:190} INFO - [2025-03-01T14:43:38.482+0000] {dag.py:4180} INFO - Setting next_dagrun for example_xcom_args to None, run_after=None
[2025-03-01T14:43:38.485+0000] {logging_mixin.py:190} INFO - [2025-03-01T14:43:38.485+0000] {dag.py:4180} INFO - Setting next_dagrun for example_xcom_args_with_operators to None, run_after=None
[2025-03-01T14:43:38.498+0000] {processor.py:208} INFO - Processing /home/airflow/.local/lib/python3.12/site-packages/airflow/example_dags/example_xcomargs.py took 0.078 seconds
[2025-03-01T14:44:08.917+0000] {processor.py:186} INFO - Started process (PID=3349) to work on /home/airflow/.local/lib/python3.12/site-packages/airflow/example_dags/example_xcomargs.py
[2025-03-01T14:44:08.919+0000] {processor.py:914} INFO - Processing file /home/airflow/.local/lib/python3.12/site-packages/airflow/example_dags/example_xcomargs.py for tasks to queue
[2025-03-01T14:44:08.922+0000] {logging_mixin.py:190} INFO - [2025-03-01T14:44:08.922+0000] {dagbag.py:588} INFO - Filling up the DagBag from /home/airflow/.local/lib/python3.12/site-packages/airflow/example_dags/example_xcomargs.py
[2025-03-01T14:44:08.946+0000] {processor.py:925} INFO - DAG(s) 'example_xcom_args_with_operators', 'example_xcom_args' retrieved from /home/airflow/.local/lib/python3.12/site-packages/airflow/example_dags/example_xcomargs.py
[2025-03-01T14:44:09.019+0000] {logging_mixin.py:190} INFO - [2025-03-01T14:44:09.018+0000] {dag.py:3239} INFO - Sync 2 DAGs
[2025-03-01T14:44:09.056+0000] {logging_mixin.py:190} INFO - [2025-03-01T14:44:09.056+0000] {dag.py:4180} INFO - Setting next_dagrun for example_xcom_args to None, run_after=None
[2025-03-01T14:44:09.072+0000] {logging_mixin.py:190} INFO - [2025-03-01T14:44:09.072+0000] {dag.py:4180} INFO - Setting next_dagrun for example_xcom_args_with_operators to None, run_after=None
[2025-03-01T14:44:09.125+0000] {processor.py:208} INFO - Processing /home/airflow/.local/lib/python3.12/site-packages/airflow/example_dags/example_xcomargs.py took 0.234 seconds
[2025-03-01T14:44:39.745+0000] {processor.py:186} INFO - Started process (PID=3411) to work on /home/airflow/.local/lib/python3.12/site-packages/airflow/example_dags/example_xcomargs.py
[2025-03-01T14:44:39.746+0000] {processor.py:914} INFO - Processing file /home/airflow/.local/lib/python3.12/site-packages/airflow/example_dags/example_xcomargs.py for tasks to queue
[2025-03-01T14:44:39.748+0000] {logging_mixin.py:190} INFO - [2025-03-01T14:44:39.748+0000] {dagbag.py:588} INFO - Filling up the DagBag from /home/airflow/.local/lib/python3.12/site-packages/airflow/example_dags/example_xcomargs.py
[2025-03-01T14:44:39.758+0000] {processor.py:925} INFO - DAG(s) 'example_xcom_args', 'example_xcom_args_with_operators' retrieved from /home/airflow/.local/lib/python3.12/site-packages/airflow/example_dags/example_xcomargs.py
[2025-03-01T14:44:39.786+0000] {logging_mixin.py:190} INFO - [2025-03-01T14:44:39.786+0000] {dag.py:3239} INFO - Sync 2 DAGs
[2025-03-01T14:44:39.816+0000] {logging_mixin.py:190} INFO - [2025-03-01T14:44:39.816+0000] {dag.py:4180} INFO - Setting next_dagrun for example_xcom_args to None, run_after=None
[2025-03-01T14:44:39.820+0000] {logging_mixin.py:190} INFO - [2025-03-01T14:44:39.819+0000] {dag.py:4180} INFO - Setting next_dagrun for example_xcom_args_with_operators to None, run_after=None
[2025-03-01T14:44:39.834+0000] {processor.py:208} INFO - Processing /home/airflow/.local/lib/python3.12/site-packages/airflow/example_dags/example_xcomargs.py took 0.095 seconds
[2025-03-01T14:45:10.284+0000] {processor.py:186} INFO - Started process (PID=3473) to work on /home/airflow/.local/lib/python3.12/site-packages/airflow/example_dags/example_xcomargs.py
[2025-03-01T14:45:10.292+0000] {processor.py:914} INFO - Processing file /home/airflow/.local/lib/python3.12/site-packages/airflow/example_dags/example_xcomargs.py for tasks to queue
[2025-03-01T14:45:10.294+0000] {logging_mixin.py:190} INFO - [2025-03-01T14:45:10.294+0000] {dagbag.py:588} INFO - Filling up the DagBag from /home/airflow/.local/lib/python3.12/site-packages/airflow/example_dags/example_xcomargs.py
[2025-03-01T14:45:10.320+0000] {processor.py:925} INFO - DAG(s) 'example_xcom_args_with_operators', 'example_xcom_args' retrieved from /home/airflow/.local/lib/python3.12/site-packages/airflow/example_dags/example_xcomargs.py
[2025-03-01T14:45:10.374+0000] {logging_mixin.py:190} INFO - [2025-03-01T14:45:10.373+0000] {dag.py:3239} INFO - Sync 2 DAGs
[2025-03-01T14:45:10.406+0000] {logging_mixin.py:190} INFO - [2025-03-01T14:45:10.405+0000] {dag.py:4180} INFO - Setting next_dagrun for example_xcom_args to None, run_after=None
[2025-03-01T14:45:10.418+0000] {logging_mixin.py:190} INFO - [2025-03-01T14:45:10.418+0000] {dag.py:4180} INFO - Setting next_dagrun for example_xcom_args_with_operators to None, run_after=None
[2025-03-01T14:45:10.467+0000] {processor.py:208} INFO - Processing /home/airflow/.local/lib/python3.12/site-packages/airflow/example_dags/example_xcomargs.py took 0.205 seconds
[2025-03-01T14:45:40.964+0000] {processor.py:186} INFO - Started process (PID=3534) to work on /home/airflow/.local/lib/python3.12/site-packages/airflow/example_dags/example_xcomargs.py
[2025-03-01T14:45:40.969+0000] {processor.py:914} INFO - Processing file /home/airflow/.local/lib/python3.12/site-packages/airflow/example_dags/example_xcomargs.py for tasks to queue
[2025-03-01T14:45:40.982+0000] {logging_mixin.py:190} INFO - [2025-03-01T14:45:40.982+0000] {dagbag.py:588} INFO - Filling up the DagBag from /home/airflow/.local/lib/python3.12/site-packages/airflow/example_dags/example_xcomargs.py
[2025-03-01T14:45:41.055+0000] {processor.py:925} INFO - DAG(s) 'example_xcom_args', 'example_xcom_args_with_operators' retrieved from /home/airflow/.local/lib/python3.12/site-packages/airflow/example_dags/example_xcomargs.py
[2025-03-01T14:45:41.255+0000] {logging_mixin.py:190} INFO - [2025-03-01T14:45:41.254+0000] {dag.py:3239} INFO - Sync 2 DAGs
[2025-03-01T14:45:41.322+0000] {logging_mixin.py:190} INFO - [2025-03-01T14:45:41.322+0000] {dag.py:4180} INFO - Setting next_dagrun for example_xcom_args to None, run_after=None
[2025-03-01T14:45:41.344+0000] {logging_mixin.py:190} INFO - [2025-03-01T14:45:41.343+0000] {dag.py:4180} INFO - Setting next_dagrun for example_xcom_args_with_operators to None, run_after=None
[2025-03-01T14:45:41.420+0000] {processor.py:208} INFO - Processing /home/airflow/.local/lib/python3.12/site-packages/airflow/example_dags/example_xcomargs.py took 0.474 seconds
[2025-03-01T14:46:12.464+0000] {processor.py:186} INFO - Started process (PID=3594) to work on /home/airflow/.local/lib/python3.12/site-packages/airflow/example_dags/example_xcomargs.py
[2025-03-01T14:46:12.471+0000] {processor.py:914} INFO - Processing file /home/airflow/.local/lib/python3.12/site-packages/airflow/example_dags/example_xcomargs.py for tasks to queue
[2025-03-01T14:46:12.481+0000] {logging_mixin.py:190} INFO - [2025-03-01T14:46:12.480+0000] {dagbag.py:588} INFO - Filling up the DagBag from /home/airflow/.local/lib/python3.12/site-packages/airflow/example_dags/example_xcomargs.py
[2025-03-01T14:46:12.555+0000] {processor.py:925} INFO - DAG(s) 'example_xcom_args', 'example_xcom_args_with_operators' retrieved from /home/airflow/.local/lib/python3.12/site-packages/airflow/example_dags/example_xcomargs.py
[2025-03-01T14:46:12.741+0000] {logging_mixin.py:190} INFO - [2025-03-01T14:46:12.740+0000] {dag.py:3239} INFO - Sync 2 DAGs
[2025-03-01T14:46:12.857+0000] {logging_mixin.py:190} INFO - [2025-03-01T14:46:12.857+0000] {dag.py:4180} INFO - Setting next_dagrun for example_xcom_args to None, run_after=None
[2025-03-01T14:46:12.897+0000] {logging_mixin.py:190} INFO - [2025-03-01T14:46:12.896+0000] {dag.py:4180} INFO - Setting next_dagrun for example_xcom_args_with_operators to None, run_after=None
[2025-03-01T14:46:13.099+0000] {processor.py:208} INFO - Processing /home/airflow/.local/lib/python3.12/site-packages/airflow/example_dags/example_xcomargs.py took 0.664 seconds
[2025-03-01T14:47:03.015+0000] {processor.py:186} INFO - Started process (PID=3656) to work on /home/airflow/.local/lib/python3.12/site-packages/airflow/example_dags/example_xcomargs.py
[2025-03-01T14:47:03.027+0000] {processor.py:914} INFO - Processing file /home/airflow/.local/lib/python3.12/site-packages/airflow/example_dags/example_xcomargs.py for tasks to queue
[2025-03-01T14:47:03.037+0000] {logging_mixin.py:190} INFO - [2025-03-01T14:47:03.037+0000] {dagbag.py:588} INFO - Filling up the DagBag from /home/airflow/.local/lib/python3.12/site-packages/airflow/example_dags/example_xcomargs.py
[2025-03-01T14:47:03.156+0000] {processor.py:925} INFO - DAG(s) 'example_xcom_args', 'example_xcom_args_with_operators' retrieved from /home/airflow/.local/lib/python3.12/site-packages/airflow/example_dags/example_xcomargs.py
[2025-03-01T14:47:03.374+0000] {logging_mixin.py:190} INFO - [2025-03-01T14:47:03.363+0000] {dag.py:3239} INFO - Sync 2 DAGs
[2025-03-01T14:47:03.478+0000] {logging_mixin.py:190} INFO - [2025-03-01T14:47:03.478+0000] {dag.py:4180} INFO - Setting next_dagrun for example_xcom_args to None, run_after=None
[2025-03-01T14:47:03.495+0000] {logging_mixin.py:190} INFO - [2025-03-01T14:47:03.495+0000] {dag.py:4180} INFO - Setting next_dagrun for example_xcom_args_with_operators to None, run_after=None
[2025-03-01T14:47:03.520+0000] {processor.py:208} INFO - Processing /home/airflow/.local/lib/python3.12/site-packages/airflow/example_dags/example_xcomargs.py took 0.544 seconds
[2025-03-01T14:47:42.551+0000] {processor.py:186} INFO - Started process (PID=3724) to work on /home/airflow/.local/lib/python3.12/site-packages/airflow/example_dags/example_xcomargs.py
[2025-03-01T14:47:42.559+0000] {processor.py:914} INFO - Processing file /home/airflow/.local/lib/python3.12/site-packages/airflow/example_dags/example_xcomargs.py for tasks to queue
[2025-03-01T14:47:42.593+0000] {logging_mixin.py:190} INFO - [2025-03-01T14:47:42.592+0000] {dagbag.py:588} INFO - Filling up the DagBag from /home/airflow/.local/lib/python3.12/site-packages/airflow/example_dags/example_xcomargs.py
[2025-03-01T14:47:42.693+0000] {processor.py:925} INFO - DAG(s) 'example_xcom_args', 'example_xcom_args_with_operators' retrieved from /home/airflow/.local/lib/python3.12/site-packages/airflow/example_dags/example_xcomargs.py
[2025-03-01T14:47:42.849+0000] {logging_mixin.py:190} INFO - [2025-03-01T14:47:42.848+0000] {dag.py:3239} INFO - Sync 2 DAGs
[2025-03-01T14:47:42.940+0000] {logging_mixin.py:190} INFO - [2025-03-01T14:47:42.940+0000] {dag.py:4180} INFO - Setting next_dagrun for example_xcom_args to None, run_after=None
[2025-03-01T14:47:42.977+0000] {logging_mixin.py:190} INFO - [2025-03-01T14:47:42.975+0000] {dag.py:4180} INFO - Setting next_dagrun for example_xcom_args_with_operators to None, run_after=None
[2025-03-01T14:47:43.088+0000] {processor.py:208} INFO - Processing /home/airflow/.local/lib/python3.12/site-packages/airflow/example_dags/example_xcomargs.py took 0.637 seconds
