[2025-03-01T14:17:53.978+0000] {processor.py:186} INFO - Started process (PID=105) to work on /home/airflow/.local/lib/python3.12/site-packages/airflow/example_dags/example_branch_datetime_operator.py
[2025-03-01T14:17:53.981+0000] {processor.py:914} INFO - Processing file /home/airflow/.local/lib/python3.12/site-packages/airflow/example_dags/example_branch_datetime_operator.py for tasks to queue
[2025-03-01T14:17:53.986+0000] {logging_mixin.py:190} INFO - [2025-03-01T14:17:53.986+0000] {dagbag.py:588} INFO - Filling up the DagBag from /home/airflow/.local/lib/python3.12/site-packages/airflow/example_dags/example_branch_datetime_operator.py
[2025-03-01T14:17:54.011+0000] {processor.py:925} INFO - DAG(s) 'example_branch_datetime_operator_3', 'example_branch_datetime_operator', 'example_branch_datetime_operator_2' retrieved from /home/airflow/.local/lib/python3.12/site-packages/airflow/example_dags/example_branch_datetime_operator.py
[2025-03-01T14:17:54.271+0000] {logging_mixin.py:190} INFO - [2025-03-01T14:17:54.270+0000] {override.py:1912} INFO - Created Permission View: can edit on DAG:example_branch_datetime_operator_3
[2025-03-01T14:17:54.295+0000] {logging_mixin.py:190} INFO - [2025-03-01T14:17:54.295+0000] {override.py:1912} INFO - Created Permission View: can read on DAG:example_branch_datetime_operator_3
[2025-03-01T14:17:54.310+0000] {logging_mixin.py:190} INFO - [2025-03-01T14:17:54.309+0000] {override.py:1912} INFO - Created Permission View: can delete on DAG:example_branch_datetime_operator_3
[2025-03-01T14:17:54.319+0000] {logging_mixin.py:190} INFO - [2025-03-01T14:17:54.319+0000] {override.py:1912} INFO - Created Permission View: menu access on DAG Run:example_branch_datetime_operator_3
[2025-03-01T14:17:54.335+0000] {logging_mixin.py:190} INFO - [2025-03-01T14:17:54.335+0000] {override.py:1912} INFO - Created Permission View: can read on DAG Run:example_branch_datetime_operator_3
[2025-03-01T14:17:54.351+0000] {logging_mixin.py:190} INFO - [2025-03-01T14:17:54.351+0000] {override.py:1912} INFO - Created Permission View: can create on DAG Run:example_branch_datetime_operator_3
[2025-03-01T14:17:54.361+0000] {logging_mixin.py:190} INFO - [2025-03-01T14:17:54.360+0000] {override.py:1912} INFO - Created Permission View: can delete on DAG Run:example_branch_datetime_operator_3
[2025-03-01T14:17:54.383+0000] {logging_mixin.py:190} INFO - [2025-03-01T14:17:54.383+0000] {override.py:1912} INFO - Created Permission View: can edit on DAG:example_branch_datetime_operator
[2025-03-01T14:17:54.389+0000] {logging_mixin.py:190} INFO - [2025-03-01T14:17:54.389+0000] {override.py:1912} INFO - Created Permission View: can read on DAG:example_branch_datetime_operator
[2025-03-01T14:17:54.394+0000] {logging_mixin.py:190} INFO - [2025-03-01T14:17:54.394+0000] {override.py:1912} INFO - Created Permission View: can delete on DAG:example_branch_datetime_operator
[2025-03-01T14:17:54.399+0000] {logging_mixin.py:190} INFO - [2025-03-01T14:17:54.399+0000] {override.py:1912} INFO - Created Permission View: menu access on DAG Run:example_branch_datetime_operator
[2025-03-01T14:17:54.410+0000] {logging_mixin.py:190} INFO - [2025-03-01T14:17:54.410+0000] {override.py:1912} INFO - Created Permission View: can read on DAG Run:example_branch_datetime_operator
[2025-03-01T14:17:54.418+0000] {logging_mixin.py:190} INFO - [2025-03-01T14:17:54.418+0000] {override.py:1912} INFO - Created Permission View: can create on DAG Run:example_branch_datetime_operator
[2025-03-01T14:17:54.428+0000] {logging_mixin.py:190} INFO - [2025-03-01T14:17:54.428+0000] {override.py:1912} INFO - Created Permission View: can delete on DAG Run:example_branch_datetime_operator
[2025-03-01T14:17:54.446+0000] {logging_mixin.py:190} INFO - [2025-03-01T14:17:54.446+0000] {override.py:1912} INFO - Created Permission View: can edit on DAG:example_branch_datetime_operator_2
[2025-03-01T14:17:54.458+0000] {logging_mixin.py:190} INFO - [2025-03-01T14:17:54.458+0000] {override.py:1912} INFO - Created Permission View: can read on DAG:example_branch_datetime_operator_2
[2025-03-01T14:17:54.469+0000] {logging_mixin.py:190} INFO - [2025-03-01T14:17:54.469+0000] {override.py:1912} INFO - Created Permission View: can delete on DAG:example_branch_datetime_operator_2
[2025-03-01T14:17:54.477+0000] {logging_mixin.py:190} INFO - [2025-03-01T14:17:54.477+0000] {override.py:1912} INFO - Created Permission View: menu access on DAG Run:example_branch_datetime_operator_2
[2025-03-01T14:17:54.486+0000] {logging_mixin.py:190} INFO - [2025-03-01T14:17:54.486+0000] {override.py:1912} INFO - Created Permission View: can read on DAG Run:example_branch_datetime_operator_2
[2025-03-01T14:17:54.498+0000] {logging_mixin.py:190} INFO - [2025-03-01T14:17:54.498+0000] {override.py:1912} INFO - Created Permission View: can create on DAG Run:example_branch_datetime_operator_2
[2025-03-01T14:17:54.512+0000] {logging_mixin.py:190} INFO - [2025-03-01T14:17:54.512+0000] {override.py:1912} INFO - Created Permission View: can delete on DAG Run:example_branch_datetime_operator_2
[2025-03-01T14:17:54.513+0000] {logging_mixin.py:190} INFO - [2025-03-01T14:17:54.512+0000] {dag.py:3239} INFO - Sync 3 DAGs
[2025-03-01T14:17:54.527+0000] {logging_mixin.py:190} INFO - [2025-03-01T14:17:54.526+0000] {dag.py:3262} INFO - Creating ORM DAG for example_branch_datetime_operator_3
[2025-03-01T14:17:54.527+0000] {logging_mixin.py:190} INFO - [2025-03-01T14:17:54.527+0000] {dag.py:3262} INFO - Creating ORM DAG for example_branch_datetime_operator
[2025-03-01T14:17:54.528+0000] {logging_mixin.py:190} INFO - [2025-03-01T14:17:54.528+0000] {dag.py:3262} INFO - Creating ORM DAG for example_branch_datetime_operator_2
[2025-03-01T14:17:54.552+0000] {logging_mixin.py:190} INFO - [2025-03-01T14:17:54.551+0000] {dag.py:4180} INFO - Setting next_dagrun for example_branch_datetime_operator to 2025-02-28 00:00:00+00:00, run_after=2025-03-01 00:00:00+00:00
[2025-03-01T14:17:54.554+0000] {logging_mixin.py:190} INFO - [2025-03-01T14:17:54.554+0000] {dag.py:4180} INFO - Setting next_dagrun for example_branch_datetime_operator_2 to 2025-02-28 00:00:00+00:00, run_after=2025-03-01 00:00:00+00:00
[2025-03-01T14:17:54.556+0000] {logging_mixin.py:190} INFO - [2025-03-01T14:17:54.556+0000] {dag.py:4180} INFO - Setting next_dagrun for example_branch_datetime_operator_3 to 2025-02-28 00:00:00+00:00, run_after=2025-03-01 00:00:00+00:00
[2025-03-01T14:17:54.573+0000] {processor.py:208} INFO - Processing /home/airflow/.local/lib/python3.12/site-packages/airflow/example_dags/example_branch_datetime_operator.py took 0.613 seconds
[2025-03-01T14:18:24.963+0000] {processor.py:186} INFO - Started process (PID=168) to work on /home/airflow/.local/lib/python3.12/site-packages/airflow/example_dags/example_branch_datetime_operator.py
[2025-03-01T14:18:24.972+0000] {processor.py:914} INFO - Processing file /home/airflow/.local/lib/python3.12/site-packages/airflow/example_dags/example_branch_datetime_operator.py for tasks to queue
[2025-03-01T14:18:24.974+0000] {logging_mixin.py:190} INFO - [2025-03-01T14:18:24.974+0000] {dagbag.py:588} INFO - Filling up the DagBag from /home/airflow/.local/lib/python3.12/site-packages/airflow/example_dags/example_branch_datetime_operator.py
[2025-03-01T14:18:24.997+0000] {processor.py:925} INFO - DAG(s) 'example_branch_datetime_operator_3', 'example_branch_datetime_operator_2', 'example_branch_datetime_operator' retrieved from /home/airflow/.local/lib/python3.12/site-packages/airflow/example_dags/example_branch_datetime_operator.py
[2025-03-01T14:18:25.043+0000] {logging_mixin.py:190} INFO - [2025-03-01T14:18:25.043+0000] {dag.py:3239} INFO - Sync 3 DAGs
[2025-03-01T14:18:25.070+0000] {logging_mixin.py:190} INFO - [2025-03-01T14:18:25.070+0000] {dag.py:4180} INFO - Setting next_dagrun for example_branch_datetime_operator to 2025-02-28 00:00:00+00:00, run_after=2025-03-01 00:00:00+00:00
[2025-03-01T14:18:25.075+0000] {logging_mixin.py:190} INFO - [2025-03-01T14:18:25.075+0000] {dag.py:4180} INFO - Setting next_dagrun for example_branch_datetime_operator_2 to 2025-02-28 00:00:00+00:00, run_after=2025-03-01 00:00:00+00:00
[2025-03-01T14:18:25.077+0000] {logging_mixin.py:190} INFO - [2025-03-01T14:18:25.077+0000] {dag.py:4180} INFO - Setting next_dagrun for example_branch_datetime_operator_3 to 2025-02-28 00:00:00+00:00, run_after=2025-03-01 00:00:00+00:00
[2025-03-01T14:18:25.093+0000] {processor.py:208} INFO - Processing /home/airflow/.local/lib/python3.12/site-packages/airflow/example_dags/example_branch_datetime_operator.py took 0.137 seconds
[2025-03-01T14:18:55.833+0000] {processor.py:186} INFO - Started process (PID=231) to work on /home/airflow/.local/lib/python3.12/site-packages/airflow/example_dags/example_branch_datetime_operator.py
[2025-03-01T14:18:55.834+0000] {processor.py:914} INFO - Processing file /home/airflow/.local/lib/python3.12/site-packages/airflow/example_dags/example_branch_datetime_operator.py for tasks to queue
[2025-03-01T14:18:55.836+0000] {logging_mixin.py:190} INFO - [2025-03-01T14:18:55.835+0000] {dagbag.py:588} INFO - Filling up the DagBag from /home/airflow/.local/lib/python3.12/site-packages/airflow/example_dags/example_branch_datetime_operator.py
[2025-03-01T14:18:55.848+0000] {processor.py:925} INFO - DAG(s) 'example_branch_datetime_operator_2', 'example_branch_datetime_operator_3', 'example_branch_datetime_operator' retrieved from /home/airflow/.local/lib/python3.12/site-packages/airflow/example_dags/example_branch_datetime_operator.py
[2025-03-01T14:18:55.874+0000] {logging_mixin.py:190} INFO - [2025-03-01T14:18:55.874+0000] {dag.py:3239} INFO - Sync 3 DAGs
[2025-03-01T14:18:55.901+0000] {logging_mixin.py:190} INFO - [2025-03-01T14:18:55.901+0000] {dag.py:4180} INFO - Setting next_dagrun for example_branch_datetime_operator to 2025-02-28 00:00:00+00:00, run_after=2025-03-01 00:00:00+00:00
[2025-03-01T14:18:55.906+0000] {logging_mixin.py:190} INFO - [2025-03-01T14:18:55.906+0000] {dag.py:4180} INFO - Setting next_dagrun for example_branch_datetime_operator_2 to 2025-02-28 00:00:00+00:00, run_after=2025-03-01 00:00:00+00:00
[2025-03-01T14:18:55.909+0000] {logging_mixin.py:190} INFO - [2025-03-01T14:18:55.909+0000] {dag.py:4180} INFO - Setting next_dagrun for example_branch_datetime_operator_3 to 2025-02-28 00:00:00+00:00, run_after=2025-03-01 00:00:00+00:00
[2025-03-01T14:18:55.924+0000] {processor.py:208} INFO - Processing /home/airflow/.local/lib/python3.12/site-packages/airflow/example_dags/example_branch_datetime_operator.py took 0.096 seconds
[2025-03-01T14:19:26.252+0000] {processor.py:186} INFO - Started process (PID=293) to work on /home/airflow/.local/lib/python3.12/site-packages/airflow/example_dags/example_branch_datetime_operator.py
[2025-03-01T14:19:26.253+0000] {processor.py:914} INFO - Processing file /home/airflow/.local/lib/python3.12/site-packages/airflow/example_dags/example_branch_datetime_operator.py for tasks to queue
[2025-03-01T14:19:26.255+0000] {logging_mixin.py:190} INFO - [2025-03-01T14:19:26.255+0000] {dagbag.py:588} INFO - Filling up the DagBag from /home/airflow/.local/lib/python3.12/site-packages/airflow/example_dags/example_branch_datetime_operator.py
[2025-03-01T14:19:26.269+0000] {processor.py:925} INFO - DAG(s) 'example_branch_datetime_operator_2', 'example_branch_datetime_operator_3', 'example_branch_datetime_operator' retrieved from /home/airflow/.local/lib/python3.12/site-packages/airflow/example_dags/example_branch_datetime_operator.py
[2025-03-01T14:19:26.303+0000] {logging_mixin.py:190} INFO - [2025-03-01T14:19:26.303+0000] {dag.py:3239} INFO - Sync 3 DAGs
[2025-03-01T14:19:26.339+0000] {logging_mixin.py:190} INFO - [2025-03-01T14:19:26.339+0000] {dag.py:4180} INFO - Setting next_dagrun for example_branch_datetime_operator to 2025-02-28 00:00:00+00:00, run_after=2025-03-01 00:00:00+00:00
[2025-03-01T14:19:26.344+0000] {logging_mixin.py:190} INFO - [2025-03-01T14:19:26.344+0000] {dag.py:4180} INFO - Setting next_dagrun for example_branch_datetime_operator_2 to 2025-02-28 00:00:00+00:00, run_after=2025-03-01 00:00:00+00:00
[2025-03-01T14:19:26.347+0000] {logging_mixin.py:190} INFO - [2025-03-01T14:19:26.347+0000] {dag.py:4180} INFO - Setting next_dagrun for example_branch_datetime_operator_3 to 2025-02-28 00:00:00+00:00, run_after=2025-03-01 00:00:00+00:00
[2025-03-01T14:19:26.362+0000] {processor.py:208} INFO - Processing /home/airflow/.local/lib/python3.12/site-packages/airflow/example_dags/example_branch_datetime_operator.py took 0.116 seconds
[2025-03-01T14:19:56.538+0000] {processor.py:186} INFO - Started process (PID=356) to work on /home/airflow/.local/lib/python3.12/site-packages/airflow/example_dags/example_branch_datetime_operator.py
[2025-03-01T14:19:56.539+0000] {processor.py:914} INFO - Processing file /home/airflow/.local/lib/python3.12/site-packages/airflow/example_dags/example_branch_datetime_operator.py for tasks to queue
[2025-03-01T14:19:56.544+0000] {logging_mixin.py:190} INFO - [2025-03-01T14:19:56.542+0000] {dagbag.py:588} INFO - Filling up the DagBag from /home/airflow/.local/lib/python3.12/site-packages/airflow/example_dags/example_branch_datetime_operator.py
[2025-03-01T14:19:56.585+0000] {processor.py:925} INFO - DAG(s) 'example_branch_datetime_operator_2', 'example_branch_datetime_operator_3', 'example_branch_datetime_operator' retrieved from /home/airflow/.local/lib/python3.12/site-packages/airflow/example_dags/example_branch_datetime_operator.py
[2025-03-01T14:19:56.674+0000] {logging_mixin.py:190} INFO - [2025-03-01T14:19:56.674+0000] {dag.py:3239} INFO - Sync 3 DAGs
[2025-03-01T14:19:56.777+0000] {logging_mixin.py:190} INFO - [2025-03-01T14:19:56.777+0000] {dag.py:4180} INFO - Setting next_dagrun for example_branch_datetime_operator to 2025-02-28 00:00:00+00:00, run_after=2025-03-01 00:00:00+00:00
[2025-03-01T14:19:56.791+0000] {logging_mixin.py:190} INFO - [2025-03-01T14:19:56.791+0000] {dag.py:4180} INFO - Setting next_dagrun for example_branch_datetime_operator_2 to 2025-02-28 00:00:00+00:00, run_after=2025-03-01 00:00:00+00:00
[2025-03-01T14:19:56.804+0000] {logging_mixin.py:190} INFO - [2025-03-01T14:19:56.804+0000] {dag.py:4180} INFO - Setting next_dagrun for example_branch_datetime_operator_3 to 2025-02-28 00:00:00+00:00, run_after=2025-03-01 00:00:00+00:00
[2025-03-01T14:19:56.835+0000] {processor.py:208} INFO - Processing /home/airflow/.local/lib/python3.12/site-packages/airflow/example_dags/example_branch_datetime_operator.py took 0.323 seconds
[2025-03-01T14:20:28.984+0000] {processor.py:186} INFO - Started process (PID=425) to work on /home/airflow/.local/lib/python3.12/site-packages/airflow/example_dags/example_branch_datetime_operator.py
[2025-03-01T14:20:28.993+0000] {processor.py:914} INFO - Processing file /home/airflow/.local/lib/python3.12/site-packages/airflow/example_dags/example_branch_datetime_operator.py for tasks to queue
[2025-03-01T14:20:28.999+0000] {logging_mixin.py:190} INFO - [2025-03-01T14:20:28.999+0000] {dagbag.py:588} INFO - Filling up the DagBag from /home/airflow/.local/lib/python3.12/site-packages/airflow/example_dags/example_branch_datetime_operator.py
[2025-03-01T14:20:29.054+0000] {processor.py:925} INFO - DAG(s) 'example_branch_datetime_operator_2', 'example_branch_datetime_operator_3', 'example_branch_datetime_operator' retrieved from /home/airflow/.local/lib/python3.12/site-packages/airflow/example_dags/example_branch_datetime_operator.py
[2025-03-01T14:20:29.086+0000] {logging_mixin.py:190} INFO - [2025-03-01T14:20:29.086+0000] {dag.py:3239} INFO - Sync 3 DAGs
[2025-03-01T14:20:29.119+0000] {logging_mixin.py:190} INFO - [2025-03-01T14:20:29.118+0000] {dag.py:4180} INFO - Setting next_dagrun for example_branch_datetime_operator to 2025-02-28 00:00:00+00:00, run_after=2025-03-01 00:00:00+00:00
[2025-03-01T14:20:29.134+0000] {logging_mixin.py:190} INFO - [2025-03-01T14:20:29.134+0000] {dag.py:4180} INFO - Setting next_dagrun for example_branch_datetime_operator_2 to 2025-02-28 00:00:00+00:00, run_after=2025-03-01 00:00:00+00:00
[2025-03-01T14:20:29.138+0000] {logging_mixin.py:190} INFO - [2025-03-01T14:20:29.137+0000] {dag.py:4180} INFO - Setting next_dagrun for example_branch_datetime_operator_3 to 2025-02-28 00:00:00+00:00, run_after=2025-03-01 00:00:00+00:00
[2025-03-01T14:20:29.184+0000] {processor.py:208} INFO - Processing /home/airflow/.local/lib/python3.12/site-packages/airflow/example_dags/example_branch_datetime_operator.py took 0.217 seconds
[2025-03-01T14:20:59.766+0000] {processor.py:186} INFO - Started process (PID=488) to work on /home/airflow/.local/lib/python3.12/site-packages/airflow/example_dags/example_branch_datetime_operator.py
[2025-03-01T14:20:59.773+0000] {processor.py:914} INFO - Processing file /home/airflow/.local/lib/python3.12/site-packages/airflow/example_dags/example_branch_datetime_operator.py for tasks to queue
[2025-03-01T14:20:59.775+0000] {logging_mixin.py:190} INFO - [2025-03-01T14:20:59.775+0000] {dagbag.py:588} INFO - Filling up the DagBag from /home/airflow/.local/lib/python3.12/site-packages/airflow/example_dags/example_branch_datetime_operator.py
[2025-03-01T14:20:59.789+0000] {processor.py:925} INFO - DAG(s) 'example_branch_datetime_operator_3', 'example_branch_datetime_operator_2', 'example_branch_datetime_operator' retrieved from /home/airflow/.local/lib/python3.12/site-packages/airflow/example_dags/example_branch_datetime_operator.py
[2025-03-01T14:20:59.815+0000] {logging_mixin.py:190} INFO - [2025-03-01T14:20:59.815+0000] {dag.py:3239} INFO - Sync 3 DAGs
[2025-03-01T14:20:59.848+0000] {logging_mixin.py:190} INFO - [2025-03-01T14:20:59.848+0000] {dag.py:4180} INFO - Setting next_dagrun for example_branch_datetime_operator to 2025-02-28 00:00:00+00:00, run_after=2025-03-01 00:00:00+00:00
[2025-03-01T14:20:59.854+0000] {logging_mixin.py:190} INFO - [2025-03-01T14:20:59.854+0000] {dag.py:4180} INFO - Setting next_dagrun for example_branch_datetime_operator_2 to 2025-02-28 00:00:00+00:00, run_after=2025-03-01 00:00:00+00:00
[2025-03-01T14:20:59.857+0000] {logging_mixin.py:190} INFO - [2025-03-01T14:20:59.857+0000] {dag.py:4180} INFO - Setting next_dagrun for example_branch_datetime_operator_3 to 2025-02-28 00:00:00+00:00, run_after=2025-03-01 00:00:00+00:00
[2025-03-01T14:20:59.900+0000] {processor.py:208} INFO - Processing /home/airflow/.local/lib/python3.12/site-packages/airflow/example_dags/example_branch_datetime_operator.py took 0.143 seconds
[2025-03-01T14:21:30.477+0000] {processor.py:186} INFO - Started process (PID=550) to work on /home/airflow/.local/lib/python3.12/site-packages/airflow/example_dags/example_branch_datetime_operator.py
[2025-03-01T14:21:30.478+0000] {processor.py:914} INFO - Processing file /home/airflow/.local/lib/python3.12/site-packages/airflow/example_dags/example_branch_datetime_operator.py for tasks to queue
[2025-03-01T14:21:30.480+0000] {logging_mixin.py:190} INFO - [2025-03-01T14:21:30.480+0000] {dagbag.py:588} INFO - Filling up the DagBag from /home/airflow/.local/lib/python3.12/site-packages/airflow/example_dags/example_branch_datetime_operator.py
[2025-03-01T14:21:30.493+0000] {processor.py:925} INFO - DAG(s) 'example_branch_datetime_operator_3', 'example_branch_datetime_operator', 'example_branch_datetime_operator_2' retrieved from /home/airflow/.local/lib/python3.12/site-packages/airflow/example_dags/example_branch_datetime_operator.py
[2025-03-01T14:21:30.522+0000] {logging_mixin.py:190} INFO - [2025-03-01T14:21:30.522+0000] {dag.py:3239} INFO - Sync 3 DAGs
[2025-03-01T14:21:30.549+0000] {logging_mixin.py:190} INFO - [2025-03-01T14:21:30.548+0000] {dag.py:4180} INFO - Setting next_dagrun for example_branch_datetime_operator to 2025-02-28 00:00:00+00:00, run_after=2025-03-01 00:00:00+00:00
[2025-03-01T14:21:30.554+0000] {logging_mixin.py:190} INFO - [2025-03-01T14:21:30.554+0000] {dag.py:4180} INFO - Setting next_dagrun for example_branch_datetime_operator_2 to 2025-02-28 00:00:00+00:00, run_after=2025-03-01 00:00:00+00:00
[2025-03-01T14:21:30.558+0000] {logging_mixin.py:190} INFO - [2025-03-01T14:21:30.558+0000] {dag.py:4180} INFO - Setting next_dagrun for example_branch_datetime_operator_3 to 2025-02-28 00:00:00+00:00, run_after=2025-03-01 00:00:00+00:00
[2025-03-01T14:21:30.580+0000] {processor.py:208} INFO - Processing /home/airflow/.local/lib/python3.12/site-packages/airflow/example_dags/example_branch_datetime_operator.py took 0.120 seconds
[2025-03-01T14:22:00.750+0000] {processor.py:186} INFO - Started process (PID=612) to work on /home/airflow/.local/lib/python3.12/site-packages/airflow/example_dags/example_branch_datetime_operator.py
[2025-03-01T14:22:00.751+0000] {processor.py:914} INFO - Processing file /home/airflow/.local/lib/python3.12/site-packages/airflow/example_dags/example_branch_datetime_operator.py for tasks to queue
[2025-03-01T14:22:00.753+0000] {logging_mixin.py:190} INFO - [2025-03-01T14:22:00.753+0000] {dagbag.py:588} INFO - Filling up the DagBag from /home/airflow/.local/lib/python3.12/site-packages/airflow/example_dags/example_branch_datetime_operator.py
[2025-03-01T14:22:00.763+0000] {processor.py:925} INFO - DAG(s) 'example_branch_datetime_operator_3', 'example_branch_datetime_operator', 'example_branch_datetime_operator_2' retrieved from /home/airflow/.local/lib/python3.12/site-packages/airflow/example_dags/example_branch_datetime_operator.py
[2025-03-01T14:22:00.783+0000] {logging_mixin.py:190} INFO - [2025-03-01T14:22:00.783+0000] {dag.py:3239} INFO - Sync 3 DAGs
[2025-03-01T14:22:00.807+0000] {logging_mixin.py:190} INFO - [2025-03-01T14:22:00.807+0000] {dag.py:4180} INFO - Setting next_dagrun for example_branch_datetime_operator to 2025-02-28 00:00:00+00:00, run_after=2025-03-01 00:00:00+00:00
[2025-03-01T14:22:00.817+0000] {logging_mixin.py:190} INFO - [2025-03-01T14:22:00.817+0000] {dag.py:4180} INFO - Setting next_dagrun for example_branch_datetime_operator_2 to 2025-02-28 00:00:00+00:00, run_after=2025-03-01 00:00:00+00:00
[2025-03-01T14:22:00.821+0000] {logging_mixin.py:190} INFO - [2025-03-01T14:22:00.821+0000] {dag.py:4180} INFO - Setting next_dagrun for example_branch_datetime_operator_3 to 2025-02-28 00:00:00+00:00, run_after=2025-03-01 00:00:00+00:00
[2025-03-01T14:22:00.849+0000] {processor.py:208} INFO - Processing /home/airflow/.local/lib/python3.12/site-packages/airflow/example_dags/example_branch_datetime_operator.py took 0.105 seconds
[2025-03-01T14:22:31.274+0000] {processor.py:186} INFO - Started process (PID=676) to work on /home/airflow/.local/lib/python3.12/site-packages/airflow/example_dags/example_branch_datetime_operator.py
[2025-03-01T14:22:31.278+0000] {processor.py:914} INFO - Processing file /home/airflow/.local/lib/python3.12/site-packages/airflow/example_dags/example_branch_datetime_operator.py for tasks to queue
[2025-03-01T14:22:31.280+0000] {logging_mixin.py:190} INFO - [2025-03-01T14:22:31.279+0000] {dagbag.py:588} INFO - Filling up the DagBag from /home/airflow/.local/lib/python3.12/site-packages/airflow/example_dags/example_branch_datetime_operator.py
[2025-03-01T14:22:31.306+0000] {processor.py:925} INFO - DAG(s) 'example_branch_datetime_operator_3', 'example_branch_datetime_operator', 'example_branch_datetime_operator_2' retrieved from /home/airflow/.local/lib/python3.12/site-packages/airflow/example_dags/example_branch_datetime_operator.py
[2025-03-01T14:22:31.340+0000] {logging_mixin.py:190} INFO - [2025-03-01T14:22:31.339+0000] {dag.py:3239} INFO - Sync 3 DAGs
[2025-03-01T14:22:31.364+0000] {logging_mixin.py:190} INFO - [2025-03-01T14:22:31.364+0000] {dag.py:4180} INFO - Setting next_dagrun for example_branch_datetime_operator to 2025-02-28 00:00:00+00:00, run_after=2025-03-01 00:00:00+00:00
[2025-03-01T14:22:31.369+0000] {logging_mixin.py:190} INFO - [2025-03-01T14:22:31.368+0000] {dag.py:4180} INFO - Setting next_dagrun for example_branch_datetime_operator_2 to 2025-02-28 00:00:00+00:00, run_after=2025-03-01 00:00:00+00:00
[2025-03-01T14:22:31.371+0000] {logging_mixin.py:190} INFO - [2025-03-01T14:22:31.371+0000] {dag.py:4180} INFO - Setting next_dagrun for example_branch_datetime_operator_3 to 2025-02-28 00:00:00+00:00, run_after=2025-03-01 00:00:00+00:00
[2025-03-01T14:22:31.384+0000] {processor.py:208} INFO - Processing /home/airflow/.local/lib/python3.12/site-packages/airflow/example_dags/example_branch_datetime_operator.py took 0.116 seconds
[2025-03-01T14:23:01.489+0000] {processor.py:186} INFO - Started process (PID=740) to work on /home/airflow/.local/lib/python3.12/site-packages/airflow/example_dags/example_branch_datetime_operator.py
[2025-03-01T14:23:01.490+0000] {processor.py:914} INFO - Processing file /home/airflow/.local/lib/python3.12/site-packages/airflow/example_dags/example_branch_datetime_operator.py for tasks to queue
[2025-03-01T14:23:01.492+0000] {logging_mixin.py:190} INFO - [2025-03-01T14:23:01.491+0000] {dagbag.py:588} INFO - Filling up the DagBag from /home/airflow/.local/lib/python3.12/site-packages/airflow/example_dags/example_branch_datetime_operator.py
[2025-03-01T14:23:01.505+0000] {processor.py:925} INFO - DAG(s) 'example_branch_datetime_operator_2', 'example_branch_datetime_operator', 'example_branch_datetime_operator_3' retrieved from /home/airflow/.local/lib/python3.12/site-packages/airflow/example_dags/example_branch_datetime_operator.py
[2025-03-01T14:23:01.537+0000] {logging_mixin.py:190} INFO - [2025-03-01T14:23:01.537+0000] {dag.py:3239} INFO - Sync 3 DAGs
[2025-03-01T14:23:01.564+0000] {logging_mixin.py:190} INFO - [2025-03-01T14:23:01.564+0000] {dag.py:4180} INFO - Setting next_dagrun for example_branch_datetime_operator to 2025-02-28 00:00:00+00:00, run_after=2025-03-01 00:00:00+00:00
[2025-03-01T14:23:01.570+0000] {logging_mixin.py:190} INFO - [2025-03-01T14:23:01.570+0000] {dag.py:4180} INFO - Setting next_dagrun for example_branch_datetime_operator_2 to 2025-02-28 00:00:00+00:00, run_after=2025-03-01 00:00:00+00:00
[2025-03-01T14:23:01.573+0000] {logging_mixin.py:190} INFO - [2025-03-01T14:23:01.572+0000] {dag.py:4180} INFO - Setting next_dagrun for example_branch_datetime_operator_3 to 2025-02-28 00:00:00+00:00, run_after=2025-03-01 00:00:00+00:00
[2025-03-01T14:23:01.587+0000] {processor.py:208} INFO - Processing /home/airflow/.local/lib/python3.12/site-packages/airflow/example_dags/example_branch_datetime_operator.py took 0.103 seconds
[2025-03-01T14:23:31.651+0000] {processor.py:186} INFO - Started process (PID=804) to work on /home/airflow/.local/lib/python3.12/site-packages/airflow/example_dags/example_branch_datetime_operator.py
[2025-03-01T14:23:31.653+0000] {processor.py:914} INFO - Processing file /home/airflow/.local/lib/python3.12/site-packages/airflow/example_dags/example_branch_datetime_operator.py for tasks to queue
[2025-03-01T14:23:31.655+0000] {logging_mixin.py:190} INFO - [2025-03-01T14:23:31.655+0000] {dagbag.py:588} INFO - Filling up the DagBag from /home/airflow/.local/lib/python3.12/site-packages/airflow/example_dags/example_branch_datetime_operator.py
[2025-03-01T14:23:31.668+0000] {processor.py:925} INFO - DAG(s) 'example_branch_datetime_operator_2', 'example_branch_datetime_operator_3', 'example_branch_datetime_operator' retrieved from /home/airflow/.local/lib/python3.12/site-packages/airflow/example_dags/example_branch_datetime_operator.py
[2025-03-01T14:23:31.697+0000] {logging_mixin.py:190} INFO - [2025-03-01T14:23:31.697+0000] {dag.py:3239} INFO - Sync 3 DAGs
[2025-03-01T14:23:31.722+0000] {logging_mixin.py:190} INFO - [2025-03-01T14:23:31.722+0000] {dag.py:4180} INFO - Setting next_dagrun for example_branch_datetime_operator to 2025-02-28 00:00:00+00:00, run_after=2025-03-01 00:00:00+00:00
[2025-03-01T14:23:31.727+0000] {logging_mixin.py:190} INFO - [2025-03-01T14:23:31.727+0000] {dag.py:4180} INFO - Setting next_dagrun for example_branch_datetime_operator_2 to 2025-02-28 00:00:00+00:00, run_after=2025-03-01 00:00:00+00:00
[2025-03-01T14:23:31.731+0000] {logging_mixin.py:190} INFO - [2025-03-01T14:23:31.731+0000] {dag.py:4180} INFO - Setting next_dagrun for example_branch_datetime_operator_3 to 2025-02-28 00:00:00+00:00, run_after=2025-03-01 00:00:00+00:00
[2025-03-01T14:23:31.743+0000] {processor.py:208} INFO - Processing /home/airflow/.local/lib/python3.12/site-packages/airflow/example_dags/example_branch_datetime_operator.py took 0.102 seconds
[2025-03-01T14:24:02.095+0000] {processor.py:186} INFO - Started process (PID=867) to work on /home/airflow/.local/lib/python3.12/site-packages/airflow/example_dags/example_branch_datetime_operator.py
[2025-03-01T14:24:02.096+0000] {processor.py:914} INFO - Processing file /home/airflow/.local/lib/python3.12/site-packages/airflow/example_dags/example_branch_datetime_operator.py for tasks to queue
[2025-03-01T14:24:02.098+0000] {logging_mixin.py:190} INFO - [2025-03-01T14:24:02.098+0000] {dagbag.py:588} INFO - Filling up the DagBag from /home/airflow/.local/lib/python3.12/site-packages/airflow/example_dags/example_branch_datetime_operator.py
[2025-03-01T14:24:02.111+0000] {processor.py:925} INFO - DAG(s) 'example_branch_datetime_operator_3', 'example_branch_datetime_operator_2', 'example_branch_datetime_operator' retrieved from /home/airflow/.local/lib/python3.12/site-packages/airflow/example_dags/example_branch_datetime_operator.py
[2025-03-01T14:24:02.139+0000] {logging_mixin.py:190} INFO - [2025-03-01T14:24:02.139+0000] {dag.py:3239} INFO - Sync 3 DAGs
[2025-03-01T14:24:02.166+0000] {logging_mixin.py:190} INFO - [2025-03-01T14:24:02.166+0000] {dag.py:4180} INFO - Setting next_dagrun for example_branch_datetime_operator to 2025-02-28 00:00:00+00:00, run_after=2025-03-01 00:00:00+00:00
[2025-03-01T14:24:02.173+0000] {logging_mixin.py:190} INFO - [2025-03-01T14:24:02.173+0000] {dag.py:4180} INFO - Setting next_dagrun for example_branch_datetime_operator_2 to 2025-02-28 00:00:00+00:00, run_after=2025-03-01 00:00:00+00:00
[2025-03-01T14:24:02.176+0000] {logging_mixin.py:190} INFO - [2025-03-01T14:24:02.176+0000] {dag.py:4180} INFO - Setting next_dagrun for example_branch_datetime_operator_3 to 2025-02-28 00:00:00+00:00, run_after=2025-03-01 00:00:00+00:00
[2025-03-01T14:24:02.190+0000] {processor.py:208} INFO - Processing /home/airflow/.local/lib/python3.12/site-packages/airflow/example_dags/example_branch_datetime_operator.py took 0.100 seconds
[2025-03-01T14:24:32.471+0000] {processor.py:186} INFO - Started process (PID=930) to work on /home/airflow/.local/lib/python3.12/site-packages/airflow/example_dags/example_branch_datetime_operator.py
[2025-03-01T14:24:32.474+0000] {processor.py:914} INFO - Processing file /home/airflow/.local/lib/python3.12/site-packages/airflow/example_dags/example_branch_datetime_operator.py for tasks to queue
[2025-03-01T14:24:32.476+0000] {logging_mixin.py:190} INFO - [2025-03-01T14:24:32.475+0000] {dagbag.py:588} INFO - Filling up the DagBag from /home/airflow/.local/lib/python3.12/site-packages/airflow/example_dags/example_branch_datetime_operator.py
[2025-03-01T14:24:32.497+0000] {processor.py:925} INFO - DAG(s) 'example_branch_datetime_operator', 'example_branch_datetime_operator_3', 'example_branch_datetime_operator_2' retrieved from /home/airflow/.local/lib/python3.12/site-packages/airflow/example_dags/example_branch_datetime_operator.py
[2025-03-01T14:24:32.522+0000] {logging_mixin.py:190} INFO - [2025-03-01T14:24:32.522+0000] {dag.py:3239} INFO - Sync 3 DAGs
[2025-03-01T14:24:32.547+0000] {logging_mixin.py:190} INFO - [2025-03-01T14:24:32.547+0000] {dag.py:4180} INFO - Setting next_dagrun for example_branch_datetime_operator to 2025-02-28 00:00:00+00:00, run_after=2025-03-01 00:00:00+00:00
[2025-03-01T14:24:32.553+0000] {logging_mixin.py:190} INFO - [2025-03-01T14:24:32.553+0000] {dag.py:4180} INFO - Setting next_dagrun for example_branch_datetime_operator_2 to 2025-02-28 00:00:00+00:00, run_after=2025-03-01 00:00:00+00:00
[2025-03-01T14:24:32.556+0000] {logging_mixin.py:190} INFO - [2025-03-01T14:24:32.555+0000] {dag.py:4180} INFO - Setting next_dagrun for example_branch_datetime_operator_3 to 2025-02-28 00:00:00+00:00, run_after=2025-03-01 00:00:00+00:00
[2025-03-01T14:24:32.568+0000] {processor.py:208} INFO - Processing /home/airflow/.local/lib/python3.12/site-packages/airflow/example_dags/example_branch_datetime_operator.py took 0.102 seconds
[2025-03-01T14:25:02.829+0000] {processor.py:186} INFO - Started process (PID=993) to work on /home/airflow/.local/lib/python3.12/site-packages/airflow/example_dags/example_branch_datetime_operator.py
[2025-03-01T14:25:02.830+0000] {processor.py:914} INFO - Processing file /home/airflow/.local/lib/python3.12/site-packages/airflow/example_dags/example_branch_datetime_operator.py for tasks to queue
[2025-03-01T14:25:02.832+0000] {logging_mixin.py:190} INFO - [2025-03-01T14:25:02.832+0000] {dagbag.py:588} INFO - Filling up the DagBag from /home/airflow/.local/lib/python3.12/site-packages/airflow/example_dags/example_branch_datetime_operator.py
[2025-03-01T14:25:02.844+0000] {processor.py:925} INFO - DAG(s) 'example_branch_datetime_operator_3', 'example_branch_datetime_operator', 'example_branch_datetime_operator_2' retrieved from /home/airflow/.local/lib/python3.12/site-packages/airflow/example_dags/example_branch_datetime_operator.py
[2025-03-01T14:25:02.876+0000] {logging_mixin.py:190} INFO - [2025-03-01T14:25:02.876+0000] {dag.py:3239} INFO - Sync 3 DAGs
[2025-03-01T14:25:02.910+0000] {logging_mixin.py:190} INFO - [2025-03-01T14:25:02.910+0000] {dag.py:4180} INFO - Setting next_dagrun for example_branch_datetime_operator to 2025-02-28 00:00:00+00:00, run_after=2025-03-01 00:00:00+00:00
[2025-03-01T14:25:02.915+0000] {logging_mixin.py:190} INFO - [2025-03-01T14:25:02.915+0000] {dag.py:4180} INFO - Setting next_dagrun for example_branch_datetime_operator_2 to 2025-02-28 00:00:00+00:00, run_after=2025-03-01 00:00:00+00:00
[2025-03-01T14:25:02.918+0000] {logging_mixin.py:190} INFO - [2025-03-01T14:25:02.918+0000] {dag.py:4180} INFO - Setting next_dagrun for example_branch_datetime_operator_3 to 2025-02-28 00:00:00+00:00, run_after=2025-03-01 00:00:00+00:00
[2025-03-01T14:25:02.937+0000] {processor.py:208} INFO - Processing /home/airflow/.local/lib/python3.12/site-packages/airflow/example_dags/example_branch_datetime_operator.py took 0.113 seconds
[2025-03-01T14:25:33.057+0000] {processor.py:186} INFO - Started process (PID=1056) to work on /home/airflow/.local/lib/python3.12/site-packages/airflow/example_dags/example_branch_datetime_operator.py
[2025-03-01T14:25:33.058+0000] {processor.py:914} INFO - Processing file /home/airflow/.local/lib/python3.12/site-packages/airflow/example_dags/example_branch_datetime_operator.py for tasks to queue
[2025-03-01T14:25:33.060+0000] {logging_mixin.py:190} INFO - [2025-03-01T14:25:33.060+0000] {dagbag.py:588} INFO - Filling up the DagBag from /home/airflow/.local/lib/python3.12/site-packages/airflow/example_dags/example_branch_datetime_operator.py
[2025-03-01T14:25:33.074+0000] {processor.py:925} INFO - DAG(s) 'example_branch_datetime_operator_3', 'example_branch_datetime_operator', 'example_branch_datetime_operator_2' retrieved from /home/airflow/.local/lib/python3.12/site-packages/airflow/example_dags/example_branch_datetime_operator.py
[2025-03-01T14:25:33.102+0000] {logging_mixin.py:190} INFO - [2025-03-01T14:25:33.101+0000] {dag.py:3239} INFO - Sync 3 DAGs
[2025-03-01T14:25:33.128+0000] {logging_mixin.py:190} INFO - [2025-03-01T14:25:33.128+0000] {dag.py:4180} INFO - Setting next_dagrun for example_branch_datetime_operator to 2025-02-28 00:00:00+00:00, run_after=2025-03-01 00:00:00+00:00
[2025-03-01T14:25:33.133+0000] {logging_mixin.py:190} INFO - [2025-03-01T14:25:33.133+0000] {dag.py:4180} INFO - Setting next_dagrun for example_branch_datetime_operator_2 to 2025-02-28 00:00:00+00:00, run_after=2025-03-01 00:00:00+00:00
[2025-03-01T14:25:33.136+0000] {logging_mixin.py:190} INFO - [2025-03-01T14:25:33.136+0000] {dag.py:4180} INFO - Setting next_dagrun for example_branch_datetime_operator_3 to 2025-02-28 00:00:00+00:00, run_after=2025-03-01 00:00:00+00:00
[2025-03-01T14:25:33.150+0000] {processor.py:208} INFO - Processing /home/airflow/.local/lib/python3.12/site-packages/airflow/example_dags/example_branch_datetime_operator.py took 0.099 seconds
[2025-03-01T14:26:03.714+0000] {processor.py:186} INFO - Started process (PID=1118) to work on /home/airflow/.local/lib/python3.12/site-packages/airflow/example_dags/example_branch_datetime_operator.py
[2025-03-01T14:26:03.721+0000] {processor.py:914} INFO - Processing file /home/airflow/.local/lib/python3.12/site-packages/airflow/example_dags/example_branch_datetime_operator.py for tasks to queue
[2025-03-01T14:26:03.723+0000] {logging_mixin.py:190} INFO - [2025-03-01T14:26:03.723+0000] {dagbag.py:588} INFO - Filling up the DagBag from /home/airflow/.local/lib/python3.12/site-packages/airflow/example_dags/example_branch_datetime_operator.py
[2025-03-01T14:26:03.748+0000] {processor.py:925} INFO - DAG(s) 'example_branch_datetime_operator_3', 'example_branch_datetime_operator_2', 'example_branch_datetime_operator' retrieved from /home/airflow/.local/lib/python3.12/site-packages/airflow/example_dags/example_branch_datetime_operator.py
[2025-03-01T14:26:03.810+0000] {logging_mixin.py:190} INFO - [2025-03-01T14:26:03.810+0000] {dag.py:3239} INFO - Sync 3 DAGs
[2025-03-01T14:26:03.863+0000] {logging_mixin.py:190} INFO - [2025-03-01T14:26:03.862+0000] {dag.py:4180} INFO - Setting next_dagrun for example_branch_datetime_operator to 2025-02-28 00:00:00+00:00, run_after=2025-03-01 00:00:00+00:00
[2025-03-01T14:26:03.873+0000] {logging_mixin.py:190} INFO - [2025-03-01T14:26:03.873+0000] {dag.py:4180} INFO - Setting next_dagrun for example_branch_datetime_operator_2 to 2025-02-28 00:00:00+00:00, run_after=2025-03-01 00:00:00+00:00
[2025-03-01T14:26:03.879+0000] {logging_mixin.py:190} INFO - [2025-03-01T14:26:03.879+0000] {dag.py:4180} INFO - Setting next_dagrun for example_branch_datetime_operator_3 to 2025-02-28 00:00:00+00:00, run_after=2025-03-01 00:00:00+00:00
[2025-03-01T14:26:03.906+0000] {processor.py:208} INFO - Processing /home/airflow/.local/lib/python3.12/site-packages/airflow/example_dags/example_branch_datetime_operator.py took 0.210 seconds
[2025-03-01T14:26:34.286+0000] {processor.py:186} INFO - Started process (PID=1182) to work on /home/airflow/.local/lib/python3.12/site-packages/airflow/example_dags/example_branch_datetime_operator.py
[2025-03-01T14:26:34.287+0000] {processor.py:914} INFO - Processing file /home/airflow/.local/lib/python3.12/site-packages/airflow/example_dags/example_branch_datetime_operator.py for tasks to queue
[2025-03-01T14:26:34.289+0000] {logging_mixin.py:190} INFO - [2025-03-01T14:26:34.289+0000] {dagbag.py:588} INFO - Filling up the DagBag from /home/airflow/.local/lib/python3.12/site-packages/airflow/example_dags/example_branch_datetime_operator.py
[2025-03-01T14:26:34.315+0000] {processor.py:925} INFO - DAG(s) 'example_branch_datetime_operator_2', 'example_branch_datetime_operator', 'example_branch_datetime_operator_3' retrieved from /home/airflow/.local/lib/python3.12/site-packages/airflow/example_dags/example_branch_datetime_operator.py
[2025-03-01T14:26:34.378+0000] {logging_mixin.py:190} INFO - [2025-03-01T14:26:34.378+0000] {dag.py:3239} INFO - Sync 3 DAGs
[2025-03-01T14:26:34.432+0000] {logging_mixin.py:190} INFO - [2025-03-01T14:26:34.432+0000] {dag.py:4180} INFO - Setting next_dagrun for example_branch_datetime_operator to 2025-02-28 00:00:00+00:00, run_after=2025-03-01 00:00:00+00:00
[2025-03-01T14:26:34.452+0000] {logging_mixin.py:190} INFO - [2025-03-01T14:26:34.452+0000] {dag.py:4180} INFO - Setting next_dagrun for example_branch_datetime_operator_2 to 2025-02-28 00:00:00+00:00, run_after=2025-03-01 00:00:00+00:00
[2025-03-01T14:26:34.454+0000] {logging_mixin.py:190} INFO - [2025-03-01T14:26:34.454+0000] {dag.py:4180} INFO - Setting next_dagrun for example_branch_datetime_operator_3 to 2025-02-28 00:00:00+00:00, run_after=2025-03-01 00:00:00+00:00
[2025-03-01T14:26:34.483+0000] {processor.py:208} INFO - Processing /home/airflow/.local/lib/python3.12/site-packages/airflow/example_dags/example_branch_datetime_operator.py took 0.210 seconds
[2025-03-01T14:27:04.906+0000] {processor.py:186} INFO - Started process (PID=1245) to work on /home/airflow/.local/lib/python3.12/site-packages/airflow/example_dags/example_branch_datetime_operator.py
[2025-03-01T14:27:04.911+0000] {processor.py:914} INFO - Processing file /home/airflow/.local/lib/python3.12/site-packages/airflow/example_dags/example_branch_datetime_operator.py for tasks to queue
[2025-03-01T14:27:04.913+0000] {logging_mixin.py:190} INFO - [2025-03-01T14:27:04.913+0000] {dagbag.py:588} INFO - Filling up the DagBag from /home/airflow/.local/lib/python3.12/site-packages/airflow/example_dags/example_branch_datetime_operator.py
[2025-03-01T14:27:04.936+0000] {processor.py:925} INFO - DAG(s) 'example_branch_datetime_operator_2', 'example_branch_datetime_operator_3', 'example_branch_datetime_operator' retrieved from /home/airflow/.local/lib/python3.12/site-packages/airflow/example_dags/example_branch_datetime_operator.py
[2025-03-01T14:27:04.982+0000] {logging_mixin.py:190} INFO - [2025-03-01T14:27:04.982+0000] {dag.py:3239} INFO - Sync 3 DAGs
[2025-03-01T14:27:05.060+0000] {logging_mixin.py:190} INFO - [2025-03-01T14:27:05.060+0000] {dag.py:4180} INFO - Setting next_dagrun for example_branch_datetime_operator to 2025-02-28 00:00:00+00:00, run_after=2025-03-01 00:00:00+00:00
[2025-03-01T14:27:05.067+0000] {logging_mixin.py:190} INFO - [2025-03-01T14:27:05.067+0000] {dag.py:4180} INFO - Setting next_dagrun for example_branch_datetime_operator_2 to 2025-02-28 00:00:00+00:00, run_after=2025-03-01 00:00:00+00:00
[2025-03-01T14:27:05.073+0000] {logging_mixin.py:190} INFO - [2025-03-01T14:27:05.073+0000] {dag.py:4180} INFO - Setting next_dagrun for example_branch_datetime_operator_3 to 2025-02-28 00:00:00+00:00, run_after=2025-03-01 00:00:00+00:00
[2025-03-01T14:27:05.127+0000] {processor.py:208} INFO - Processing /home/airflow/.local/lib/python3.12/site-packages/airflow/example_dags/example_branch_datetime_operator.py took 0.235 seconds
[2025-03-01T14:27:35.252+0000] {processor.py:186} INFO - Started process (PID=1308) to work on /home/airflow/.local/lib/python3.12/site-packages/airflow/example_dags/example_branch_datetime_operator.py
[2025-03-01T14:27:35.252+0000] {processor.py:914} INFO - Processing file /home/airflow/.local/lib/python3.12/site-packages/airflow/example_dags/example_branch_datetime_operator.py for tasks to queue
[2025-03-01T14:27:35.254+0000] {logging_mixin.py:190} INFO - [2025-03-01T14:27:35.254+0000] {dagbag.py:588} INFO - Filling up the DagBag from /home/airflow/.local/lib/python3.12/site-packages/airflow/example_dags/example_branch_datetime_operator.py
[2025-03-01T14:27:35.267+0000] {processor.py:925} INFO - DAG(s) 'example_branch_datetime_operator', 'example_branch_datetime_operator_2', 'example_branch_datetime_operator_3' retrieved from /home/airflow/.local/lib/python3.12/site-packages/airflow/example_dags/example_branch_datetime_operator.py
[2025-03-01T14:27:35.294+0000] {logging_mixin.py:190} INFO - [2025-03-01T14:27:35.294+0000] {dag.py:3239} INFO - Sync 3 DAGs
[2025-03-01T14:27:35.320+0000] {logging_mixin.py:190} INFO - [2025-03-01T14:27:35.320+0000] {dag.py:4180} INFO - Setting next_dagrun for example_branch_datetime_operator to 2025-02-28 00:00:00+00:00, run_after=2025-03-01 00:00:00+00:00
[2025-03-01T14:27:35.326+0000] {logging_mixin.py:190} INFO - [2025-03-01T14:27:35.325+0000] {dag.py:4180} INFO - Setting next_dagrun for example_branch_datetime_operator_2 to 2025-02-28 00:00:00+00:00, run_after=2025-03-01 00:00:00+00:00
[2025-03-01T14:27:35.328+0000] {logging_mixin.py:190} INFO - [2025-03-01T14:27:35.328+0000] {dag.py:4180} INFO - Setting next_dagrun for example_branch_datetime_operator_3 to 2025-02-28 00:00:00+00:00, run_after=2025-03-01 00:00:00+00:00
[2025-03-01T14:27:35.342+0000] {processor.py:208} INFO - Processing /home/airflow/.local/lib/python3.12/site-packages/airflow/example_dags/example_branch_datetime_operator.py took 0.096 seconds
[2025-03-01T14:28:06.215+0000] {processor.py:186} INFO - Started process (PID=1371) to work on /home/airflow/.local/lib/python3.12/site-packages/airflow/example_dags/example_branch_datetime_operator.py
[2025-03-01T14:28:06.215+0000] {processor.py:914} INFO - Processing file /home/airflow/.local/lib/python3.12/site-packages/airflow/example_dags/example_branch_datetime_operator.py for tasks to queue
[2025-03-01T14:28:06.218+0000] {logging_mixin.py:190} INFO - [2025-03-01T14:28:06.218+0000] {dagbag.py:588} INFO - Filling up the DagBag from /home/airflow/.local/lib/python3.12/site-packages/airflow/example_dags/example_branch_datetime_operator.py
[2025-03-01T14:28:06.231+0000] {processor.py:925} INFO - DAG(s) 'example_branch_datetime_operator_3', 'example_branch_datetime_operator_2', 'example_branch_datetime_operator' retrieved from /home/airflow/.local/lib/python3.12/site-packages/airflow/example_dags/example_branch_datetime_operator.py
[2025-03-01T14:28:06.257+0000] {logging_mixin.py:190} INFO - [2025-03-01T14:28:06.257+0000] {dag.py:3239} INFO - Sync 3 DAGs
[2025-03-01T14:28:06.284+0000] {logging_mixin.py:190} INFO - [2025-03-01T14:28:06.284+0000] {dag.py:4180} INFO - Setting next_dagrun for example_branch_datetime_operator to 2025-02-28 00:00:00+00:00, run_after=2025-03-01 00:00:00+00:00
[2025-03-01T14:28:06.289+0000] {logging_mixin.py:190} INFO - [2025-03-01T14:28:06.289+0000] {dag.py:4180} INFO - Setting next_dagrun for example_branch_datetime_operator_2 to 2025-02-28 00:00:00+00:00, run_after=2025-03-01 00:00:00+00:00
[2025-03-01T14:28:06.292+0000] {logging_mixin.py:190} INFO - [2025-03-01T14:28:06.292+0000] {dag.py:4180} INFO - Setting next_dagrun for example_branch_datetime_operator_3 to 2025-02-28 00:00:00+00:00, run_after=2025-03-01 00:00:00+00:00
[2025-03-01T14:28:06.306+0000] {processor.py:208} INFO - Processing /home/airflow/.local/lib/python3.12/site-packages/airflow/example_dags/example_branch_datetime_operator.py took 0.097 seconds
[2025-03-01T14:28:36.753+0000] {processor.py:186} INFO - Started process (PID=1433) to work on /home/airflow/.local/lib/python3.12/site-packages/airflow/example_dags/example_branch_datetime_operator.py
[2025-03-01T14:28:36.754+0000] {processor.py:914} INFO - Processing file /home/airflow/.local/lib/python3.12/site-packages/airflow/example_dags/example_branch_datetime_operator.py for tasks to queue
[2025-03-01T14:28:36.756+0000] {logging_mixin.py:190} INFO - [2025-03-01T14:28:36.756+0000] {dagbag.py:588} INFO - Filling up the DagBag from /home/airflow/.local/lib/python3.12/site-packages/airflow/example_dags/example_branch_datetime_operator.py
[2025-03-01T14:28:36.769+0000] {processor.py:925} INFO - DAG(s) 'example_branch_datetime_operator', 'example_branch_datetime_operator_3', 'example_branch_datetime_operator_2' retrieved from /home/airflow/.local/lib/python3.12/site-packages/airflow/example_dags/example_branch_datetime_operator.py
[2025-03-01T14:28:36.796+0000] {logging_mixin.py:190} INFO - [2025-03-01T14:28:36.796+0000] {dag.py:3239} INFO - Sync 3 DAGs
[2025-03-01T14:28:36.821+0000] {logging_mixin.py:190} INFO - [2025-03-01T14:28:36.820+0000] {dag.py:4180} INFO - Setting next_dagrun for example_branch_datetime_operator to 2025-02-28 00:00:00+00:00, run_after=2025-03-01 00:00:00+00:00
[2025-03-01T14:28:36.826+0000] {logging_mixin.py:190} INFO - [2025-03-01T14:28:36.826+0000] {dag.py:4180} INFO - Setting next_dagrun for example_branch_datetime_operator_2 to 2025-02-28 00:00:00+00:00, run_after=2025-03-01 00:00:00+00:00
[2025-03-01T14:28:36.829+0000] {logging_mixin.py:190} INFO - [2025-03-01T14:28:36.829+0000] {dag.py:4180} INFO - Setting next_dagrun for example_branch_datetime_operator_3 to 2025-02-28 00:00:00+00:00, run_after=2025-03-01 00:00:00+00:00
[2025-03-01T14:28:36.844+0000] {processor.py:208} INFO - Processing /home/airflow/.local/lib/python3.12/site-packages/airflow/example_dags/example_branch_datetime_operator.py took 0.097 seconds
[2025-03-01T14:29:07.337+0000] {processor.py:186} INFO - Started process (PID=1497) to work on /home/airflow/.local/lib/python3.12/site-packages/airflow/example_dags/example_branch_datetime_operator.py
[2025-03-01T14:29:07.338+0000] {processor.py:914} INFO - Processing file /home/airflow/.local/lib/python3.12/site-packages/airflow/example_dags/example_branch_datetime_operator.py for tasks to queue
[2025-03-01T14:29:07.340+0000] {logging_mixin.py:190} INFO - [2025-03-01T14:29:07.340+0000] {dagbag.py:588} INFO - Filling up the DagBag from /home/airflow/.local/lib/python3.12/site-packages/airflow/example_dags/example_branch_datetime_operator.py
[2025-03-01T14:29:07.353+0000] {processor.py:925} INFO - DAG(s) 'example_branch_datetime_operator', 'example_branch_datetime_operator_2', 'example_branch_datetime_operator_3' retrieved from /home/airflow/.local/lib/python3.12/site-packages/airflow/example_dags/example_branch_datetime_operator.py
[2025-03-01T14:29:07.382+0000] {logging_mixin.py:190} INFO - [2025-03-01T14:29:07.381+0000] {dag.py:3239} INFO - Sync 3 DAGs
[2025-03-01T14:29:07.408+0000] {logging_mixin.py:190} INFO - [2025-03-01T14:29:07.407+0000] {dag.py:4180} INFO - Setting next_dagrun for example_branch_datetime_operator to 2025-02-28 00:00:00+00:00, run_after=2025-03-01 00:00:00+00:00
[2025-03-01T14:29:07.413+0000] {logging_mixin.py:190} INFO - [2025-03-01T14:29:07.413+0000] {dag.py:4180} INFO - Setting next_dagrun for example_branch_datetime_operator_2 to 2025-02-28 00:00:00+00:00, run_after=2025-03-01 00:00:00+00:00
[2025-03-01T14:29:07.416+0000] {logging_mixin.py:190} INFO - [2025-03-01T14:29:07.415+0000] {dag.py:4180} INFO - Setting next_dagrun for example_branch_datetime_operator_3 to 2025-02-28 00:00:00+00:00, run_after=2025-03-01 00:00:00+00:00
[2025-03-01T14:29:07.430+0000] {processor.py:208} INFO - Processing /home/airflow/.local/lib/python3.12/site-packages/airflow/example_dags/example_branch_datetime_operator.py took 0.098 seconds
[2025-03-01T14:29:37.628+0000] {processor.py:186} INFO - Started process (PID=1560) to work on /home/airflow/.local/lib/python3.12/site-packages/airflow/example_dags/example_branch_datetime_operator.py
[2025-03-01T14:29:37.628+0000] {processor.py:914} INFO - Processing file /home/airflow/.local/lib/python3.12/site-packages/airflow/example_dags/example_branch_datetime_operator.py for tasks to queue
[2025-03-01T14:29:37.630+0000] {logging_mixin.py:190} INFO - [2025-03-01T14:29:37.630+0000] {dagbag.py:588} INFO - Filling up the DagBag from /home/airflow/.local/lib/python3.12/site-packages/airflow/example_dags/example_branch_datetime_operator.py
[2025-03-01T14:29:37.643+0000] {processor.py:925} INFO - DAG(s) 'example_branch_datetime_operator_2', 'example_branch_datetime_operator', 'example_branch_datetime_operator_3' retrieved from /home/airflow/.local/lib/python3.12/site-packages/airflow/example_dags/example_branch_datetime_operator.py
[2025-03-01T14:29:37.671+0000] {logging_mixin.py:190} INFO - [2025-03-01T14:29:37.670+0000] {dag.py:3239} INFO - Sync 3 DAGs
[2025-03-01T14:29:37.700+0000] {logging_mixin.py:190} INFO - [2025-03-01T14:29:37.700+0000] {dag.py:4180} INFO - Setting next_dagrun for example_branch_datetime_operator to 2025-02-28 00:00:00+00:00, run_after=2025-03-01 00:00:00+00:00
[2025-03-01T14:29:37.705+0000] {logging_mixin.py:190} INFO - [2025-03-01T14:29:37.705+0000] {dag.py:4180} INFO - Setting next_dagrun for example_branch_datetime_operator_2 to 2025-02-28 00:00:00+00:00, run_after=2025-03-01 00:00:00+00:00
[2025-03-01T14:29:37.708+0000] {logging_mixin.py:190} INFO - [2025-03-01T14:29:37.708+0000] {dag.py:4180} INFO - Setting next_dagrun for example_branch_datetime_operator_3 to 2025-02-28 00:00:00+00:00, run_after=2025-03-01 00:00:00+00:00
[2025-03-01T14:29:37.722+0000] {processor.py:208} INFO - Processing /home/airflow/.local/lib/python3.12/site-packages/airflow/example_dags/example_branch_datetime_operator.py took 0.100 seconds
[2025-03-01T14:30:08.019+0000] {processor.py:186} INFO - Started process (PID=1623) to work on /home/airflow/.local/lib/python3.12/site-packages/airflow/example_dags/example_branch_datetime_operator.py
[2025-03-01T14:30:08.020+0000] {processor.py:914} INFO - Processing file /home/airflow/.local/lib/python3.12/site-packages/airflow/example_dags/example_branch_datetime_operator.py for tasks to queue
[2025-03-01T14:30:08.022+0000] {logging_mixin.py:190} INFO - [2025-03-01T14:30:08.022+0000] {dagbag.py:588} INFO - Filling up the DagBag from /home/airflow/.local/lib/python3.12/site-packages/airflow/example_dags/example_branch_datetime_operator.py
[2025-03-01T14:30:08.035+0000] {processor.py:925} INFO - DAG(s) 'example_branch_datetime_operator_3', 'example_branch_datetime_operator_2', 'example_branch_datetime_operator' retrieved from /home/airflow/.local/lib/python3.12/site-packages/airflow/example_dags/example_branch_datetime_operator.py
[2025-03-01T14:30:08.062+0000] {logging_mixin.py:190} INFO - [2025-03-01T14:30:08.061+0000] {dag.py:3239} INFO - Sync 3 DAGs
[2025-03-01T14:30:08.086+0000] {logging_mixin.py:190} INFO - [2025-03-01T14:30:08.086+0000] {dag.py:4180} INFO - Setting next_dagrun for example_branch_datetime_operator to 2025-02-28 00:00:00+00:00, run_after=2025-03-01 00:00:00+00:00
[2025-03-01T14:30:08.091+0000] {logging_mixin.py:190} INFO - [2025-03-01T14:30:08.091+0000] {dag.py:4180} INFO - Setting next_dagrun for example_branch_datetime_operator_2 to 2025-02-28 00:00:00+00:00, run_after=2025-03-01 00:00:00+00:00
[2025-03-01T14:30:08.093+0000] {logging_mixin.py:190} INFO - [2025-03-01T14:30:08.093+0000] {dag.py:4180} INFO - Setting next_dagrun for example_branch_datetime_operator_3 to 2025-02-28 00:00:00+00:00, run_after=2025-03-01 00:00:00+00:00
[2025-03-01T14:30:08.109+0000] {processor.py:208} INFO - Processing /home/airflow/.local/lib/python3.12/site-packages/airflow/example_dags/example_branch_datetime_operator.py took 0.096 seconds
[2025-03-01T14:30:38.938+0000] {processor.py:186} INFO - Started process (PID=1686) to work on /home/airflow/.local/lib/python3.12/site-packages/airflow/example_dags/example_branch_datetime_operator.py
[2025-03-01T14:30:38.941+0000] {processor.py:914} INFO - Processing file /home/airflow/.local/lib/python3.12/site-packages/airflow/example_dags/example_branch_datetime_operator.py for tasks to queue
[2025-03-01T14:30:38.943+0000] {logging_mixin.py:190} INFO - [2025-03-01T14:30:38.943+0000] {dagbag.py:588} INFO - Filling up the DagBag from /home/airflow/.local/lib/python3.12/site-packages/airflow/example_dags/example_branch_datetime_operator.py
[2025-03-01T14:30:38.959+0000] {processor.py:925} INFO - DAG(s) 'example_branch_datetime_operator_2', 'example_branch_datetime_operator', 'example_branch_datetime_operator_3' retrieved from /home/airflow/.local/lib/python3.12/site-packages/airflow/example_dags/example_branch_datetime_operator.py
[2025-03-01T14:30:38.984+0000] {logging_mixin.py:190} INFO - [2025-03-01T14:30:38.984+0000] {dag.py:3239} INFO - Sync 3 DAGs
[2025-03-01T14:30:39.009+0000] {logging_mixin.py:190} INFO - [2025-03-01T14:30:39.009+0000] {dag.py:4180} INFO - Setting next_dagrun for example_branch_datetime_operator to 2025-02-28 00:00:00+00:00, run_after=2025-03-01 00:00:00+00:00
[2025-03-01T14:30:39.014+0000] {logging_mixin.py:190} INFO - [2025-03-01T14:30:39.014+0000] {dag.py:4180} INFO - Setting next_dagrun for example_branch_datetime_operator_2 to 2025-02-28 00:00:00+00:00, run_after=2025-03-01 00:00:00+00:00
[2025-03-01T14:30:39.017+0000] {logging_mixin.py:190} INFO - [2025-03-01T14:30:39.017+0000] {dag.py:4180} INFO - Setting next_dagrun for example_branch_datetime_operator_3 to 2025-02-28 00:00:00+00:00, run_after=2025-03-01 00:00:00+00:00
[2025-03-01T14:30:39.032+0000] {processor.py:208} INFO - Processing /home/airflow/.local/lib/python3.12/site-packages/airflow/example_dags/example_branch_datetime_operator.py took 0.099 seconds
[2025-03-01T14:31:09.318+0000] {processor.py:186} INFO - Started process (PID=1750) to work on /home/airflow/.local/lib/python3.12/site-packages/airflow/example_dags/example_branch_datetime_operator.py
[2025-03-01T14:31:09.319+0000] {processor.py:914} INFO - Processing file /home/airflow/.local/lib/python3.12/site-packages/airflow/example_dags/example_branch_datetime_operator.py for tasks to queue
[2025-03-01T14:31:09.321+0000] {logging_mixin.py:190} INFO - [2025-03-01T14:31:09.321+0000] {dagbag.py:588} INFO - Filling up the DagBag from /home/airflow/.local/lib/python3.12/site-packages/airflow/example_dags/example_branch_datetime_operator.py
[2025-03-01T14:31:09.335+0000] {processor.py:925} INFO - DAG(s) 'example_branch_datetime_operator_3', 'example_branch_datetime_operator_2', 'example_branch_datetime_operator' retrieved from /home/airflow/.local/lib/python3.12/site-packages/airflow/example_dags/example_branch_datetime_operator.py
[2025-03-01T14:31:09.362+0000] {logging_mixin.py:190} INFO - [2025-03-01T14:31:09.362+0000] {dag.py:3239} INFO - Sync 3 DAGs
[2025-03-01T14:31:09.395+0000] {logging_mixin.py:190} INFO - [2025-03-01T14:31:09.395+0000] {dag.py:4180} INFO - Setting next_dagrun for example_branch_datetime_operator to 2025-02-28 00:00:00+00:00, run_after=2025-03-01 00:00:00+00:00
[2025-03-01T14:31:09.401+0000] {logging_mixin.py:190} INFO - [2025-03-01T14:31:09.401+0000] {dag.py:4180} INFO - Setting next_dagrun for example_branch_datetime_operator_2 to 2025-02-28 00:00:00+00:00, run_after=2025-03-01 00:00:00+00:00
[2025-03-01T14:31:09.403+0000] {logging_mixin.py:190} INFO - [2025-03-01T14:31:09.403+0000] {dag.py:4180} INFO - Setting next_dagrun for example_branch_datetime_operator_3 to 2025-02-28 00:00:00+00:00, run_after=2025-03-01 00:00:00+00:00
[2025-03-01T14:31:09.416+0000] {processor.py:208} INFO - Processing /home/airflow/.local/lib/python3.12/site-packages/airflow/example_dags/example_branch_datetime_operator.py took 0.103 seconds
[2025-03-01T14:31:40.168+0000] {processor.py:186} INFO - Started process (PID=1813) to work on /home/airflow/.local/lib/python3.12/site-packages/airflow/example_dags/example_branch_datetime_operator.py
[2025-03-01T14:31:40.169+0000] {processor.py:914} INFO - Processing file /home/airflow/.local/lib/python3.12/site-packages/airflow/example_dags/example_branch_datetime_operator.py for tasks to queue
[2025-03-01T14:31:40.171+0000] {logging_mixin.py:190} INFO - [2025-03-01T14:31:40.171+0000] {dagbag.py:588} INFO - Filling up the DagBag from /home/airflow/.local/lib/python3.12/site-packages/airflow/example_dags/example_branch_datetime_operator.py
[2025-03-01T14:31:40.184+0000] {processor.py:925} INFO - DAG(s) 'example_branch_datetime_operator', 'example_branch_datetime_operator_3', 'example_branch_datetime_operator_2' retrieved from /home/airflow/.local/lib/python3.12/site-packages/airflow/example_dags/example_branch_datetime_operator.py
[2025-03-01T14:31:40.211+0000] {logging_mixin.py:190} INFO - [2025-03-01T14:31:40.211+0000] {dag.py:3239} INFO - Sync 3 DAGs
[2025-03-01T14:31:40.237+0000] {logging_mixin.py:190} INFO - [2025-03-01T14:31:40.236+0000] {dag.py:4180} INFO - Setting next_dagrun for example_branch_datetime_operator to 2025-02-28 00:00:00+00:00, run_after=2025-03-01 00:00:00+00:00
[2025-03-01T14:31:40.247+0000] {logging_mixin.py:190} INFO - [2025-03-01T14:31:40.246+0000] {dag.py:4180} INFO - Setting next_dagrun for example_branch_datetime_operator_2 to 2025-02-28 00:00:00+00:00, run_after=2025-03-01 00:00:00+00:00
[2025-03-01T14:31:40.251+0000] {logging_mixin.py:190} INFO - [2025-03-01T14:31:40.251+0000] {dag.py:4180} INFO - Setting next_dagrun for example_branch_datetime_operator_3 to 2025-02-28 00:00:00+00:00, run_after=2025-03-01 00:00:00+00:00
[2025-03-01T14:31:40.270+0000] {processor.py:208} INFO - Processing /home/airflow/.local/lib/python3.12/site-packages/airflow/example_dags/example_branch_datetime_operator.py took 0.111 seconds
[2025-03-01T14:32:10.895+0000] {processor.py:186} INFO - Started process (PID=1876) to work on /home/airflow/.local/lib/python3.12/site-packages/airflow/example_dags/example_branch_datetime_operator.py
[2025-03-01T14:32:10.896+0000] {processor.py:914} INFO - Processing file /home/airflow/.local/lib/python3.12/site-packages/airflow/example_dags/example_branch_datetime_operator.py for tasks to queue
[2025-03-01T14:32:10.902+0000] {logging_mixin.py:190} INFO - [2025-03-01T14:32:10.901+0000] {dagbag.py:588} INFO - Filling up the DagBag from /home/airflow/.local/lib/python3.12/site-packages/airflow/example_dags/example_branch_datetime_operator.py
[2025-03-01T14:32:10.917+0000] {processor.py:925} INFO - DAG(s) 'example_branch_datetime_operator_2', 'example_branch_datetime_operator_3', 'example_branch_datetime_operator' retrieved from /home/airflow/.local/lib/python3.12/site-packages/airflow/example_dags/example_branch_datetime_operator.py
[2025-03-01T14:32:10.944+0000] {logging_mixin.py:190} INFO - [2025-03-01T14:32:10.944+0000] {dag.py:3239} INFO - Sync 3 DAGs
[2025-03-01T14:32:10.970+0000] {logging_mixin.py:190} INFO - [2025-03-01T14:32:10.970+0000] {dag.py:4180} INFO - Setting next_dagrun for example_branch_datetime_operator to 2025-02-28 00:00:00+00:00, run_after=2025-03-01 00:00:00+00:00
[2025-03-01T14:32:10.976+0000] {logging_mixin.py:190} INFO - [2025-03-01T14:32:10.976+0000] {dag.py:4180} INFO - Setting next_dagrun for example_branch_datetime_operator_2 to 2025-02-28 00:00:00+00:00, run_after=2025-03-01 00:00:00+00:00
[2025-03-01T14:32:10.979+0000] {logging_mixin.py:190} INFO - [2025-03-01T14:32:10.978+0000] {dag.py:4180} INFO - Setting next_dagrun for example_branch_datetime_operator_3 to 2025-02-28 00:00:00+00:00, run_after=2025-03-01 00:00:00+00:00
[2025-03-01T14:32:10.991+0000] {processor.py:208} INFO - Processing /home/airflow/.local/lib/python3.12/site-packages/airflow/example_dags/example_branch_datetime_operator.py took 0.109 seconds
[2025-03-01T14:32:41.076+0000] {processor.py:186} INFO - Started process (PID=1939) to work on /home/airflow/.local/lib/python3.12/site-packages/airflow/example_dags/example_branch_datetime_operator.py
[2025-03-01T14:32:41.077+0000] {processor.py:914} INFO - Processing file /home/airflow/.local/lib/python3.12/site-packages/airflow/example_dags/example_branch_datetime_operator.py for tasks to queue
[2025-03-01T14:32:41.079+0000] {logging_mixin.py:190} INFO - [2025-03-01T14:32:41.079+0000] {dagbag.py:588} INFO - Filling up the DagBag from /home/airflow/.local/lib/python3.12/site-packages/airflow/example_dags/example_branch_datetime_operator.py
[2025-03-01T14:32:41.092+0000] {processor.py:925} INFO - DAG(s) 'example_branch_datetime_operator_2', 'example_branch_datetime_operator_3', 'example_branch_datetime_operator' retrieved from /home/airflow/.local/lib/python3.12/site-packages/airflow/example_dags/example_branch_datetime_operator.py
[2025-03-01T14:32:41.120+0000] {logging_mixin.py:190} INFO - [2025-03-01T14:32:41.120+0000] {dag.py:3239} INFO - Sync 3 DAGs
[2025-03-01T14:32:41.160+0000] {logging_mixin.py:190} INFO - [2025-03-01T14:32:41.160+0000] {dag.py:4180} INFO - Setting next_dagrun for example_branch_datetime_operator to 2025-02-28 00:00:00+00:00, run_after=2025-03-01 00:00:00+00:00
[2025-03-01T14:32:41.164+0000] {logging_mixin.py:190} INFO - [2025-03-01T14:32:41.164+0000] {dag.py:4180} INFO - Setting next_dagrun for example_branch_datetime_operator_2 to 2025-02-28 00:00:00+00:00, run_after=2025-03-01 00:00:00+00:00
[2025-03-01T14:32:41.167+0000] {logging_mixin.py:190} INFO - [2025-03-01T14:32:41.166+0000] {dag.py:4180} INFO - Setting next_dagrun for example_branch_datetime_operator_3 to 2025-02-28 00:00:00+00:00, run_after=2025-03-01 00:00:00+00:00
[2025-03-01T14:32:41.179+0000] {processor.py:208} INFO - Processing /home/airflow/.local/lib/python3.12/site-packages/airflow/example_dags/example_branch_datetime_operator.py took 0.109 seconds
[2025-03-01T14:33:12.098+0000] {processor.py:186} INFO - Started process (PID=2002) to work on /home/airflow/.local/lib/python3.12/site-packages/airflow/example_dags/example_branch_datetime_operator.py
[2025-03-01T14:33:12.104+0000] {processor.py:914} INFO - Processing file /home/airflow/.local/lib/python3.12/site-packages/airflow/example_dags/example_branch_datetime_operator.py for tasks to queue
[2025-03-01T14:33:12.106+0000] {logging_mixin.py:190} INFO - [2025-03-01T14:33:12.106+0000] {dagbag.py:588} INFO - Filling up the DagBag from /home/airflow/.local/lib/python3.12/site-packages/airflow/example_dags/example_branch_datetime_operator.py
[2025-03-01T14:33:12.123+0000] {processor.py:925} INFO - DAG(s) 'example_branch_datetime_operator', 'example_branch_datetime_operator_2', 'example_branch_datetime_operator_3' retrieved from /home/airflow/.local/lib/python3.12/site-packages/airflow/example_dags/example_branch_datetime_operator.py
[2025-03-01T14:33:12.166+0000] {logging_mixin.py:190} INFO - [2025-03-01T14:33:12.166+0000] {dag.py:3239} INFO - Sync 3 DAGs
[2025-03-01T14:33:12.195+0000] {logging_mixin.py:190} INFO - [2025-03-01T14:33:12.194+0000] {dag.py:4180} INFO - Setting next_dagrun for example_branch_datetime_operator to 2025-02-28 00:00:00+00:00, run_after=2025-03-01 00:00:00+00:00
[2025-03-01T14:33:12.200+0000] {logging_mixin.py:190} INFO - [2025-03-01T14:33:12.200+0000] {dag.py:4180} INFO - Setting next_dagrun for example_branch_datetime_operator_2 to 2025-02-28 00:00:00+00:00, run_after=2025-03-01 00:00:00+00:00
[2025-03-01T14:33:12.203+0000] {logging_mixin.py:190} INFO - [2025-03-01T14:33:12.203+0000] {dag.py:4180} INFO - Setting next_dagrun for example_branch_datetime_operator_3 to 2025-02-28 00:00:00+00:00, run_after=2025-03-01 00:00:00+00:00
[2025-03-01T14:33:12.218+0000] {processor.py:208} INFO - Processing /home/airflow/.local/lib/python3.12/site-packages/airflow/example_dags/example_branch_datetime_operator.py took 0.128 seconds
