[2025-03-01T14:17:34.143+0000] {processor.py:186} INFO - Started process (PID=80) to work on /home/airflow/.local/lib/python3.12/site-packages/airflow/example_dags/example_branch_python_dop_operator_3.py
[2025-03-01T14:17:34.148+0000] {processor.py:914} INFO - Processing file /home/airflow/.local/lib/python3.12/site-packages/airflow/example_dags/example_branch_python_dop_operator_3.py for tasks to queue
[2025-03-01T14:17:34.157+0000] {logging_mixin.py:190} INFO - [2025-03-01T14:17:34.150+0000] {dagbag.py:588} INFO - Filling up the DagBag from /home/airflow/.local/lib/python3.12/site-packages/airflow/example_dags/example_branch_python_dop_operator_3.py
[2025-03-01T14:17:34.239+0000] {processor.py:925} INFO - DAG(s) 'example_branch_dop_operator_v3' retrieved from /home/airflow/.local/lib/python3.12/site-packages/airflow/example_dags/example_branch_python_dop_operator_3.py
[2025-03-01T14:17:34.756+0000] {logging_mixin.py:190} INFO - [2025-03-01T14:17:34.755+0000] {override.py:1912} INFO - Created Permission View: can edit on DAG:example_branch_dop_operator_v3
[2025-03-01T14:17:34.795+0000] {logging_mixin.py:190} INFO - [2025-03-01T14:17:34.795+0000] {override.py:1912} INFO - Created Permission View: can read on DAG:example_branch_dop_operator_v3
[2025-03-01T14:17:34.821+0000] {logging_mixin.py:190} INFO - [2025-03-01T14:17:34.821+0000] {override.py:1912} INFO - Created Permission View: can delete on DAG:example_branch_dop_operator_v3
[2025-03-01T14:17:34.836+0000] {logging_mixin.py:190} INFO - [2025-03-01T14:17:34.836+0000] {override.py:1912} INFO - Created Permission View: menu access on DAG Run:example_branch_dop_operator_v3
[2025-03-01T14:17:34.858+0000] {logging_mixin.py:190} INFO - [2025-03-01T14:17:34.857+0000] {override.py:1912} INFO - Created Permission View: can read on DAG Run:example_branch_dop_operator_v3
[2025-03-01T14:17:34.875+0000] {logging_mixin.py:190} INFO - [2025-03-01T14:17:34.874+0000] {override.py:1912} INFO - Created Permission View: can create on DAG Run:example_branch_dop_operator_v3
[2025-03-01T14:17:34.900+0000] {logging_mixin.py:190} INFO - [2025-03-01T14:17:34.900+0000] {override.py:1912} INFO - Created Permission View: can delete on DAG Run:example_branch_dop_operator_v3
[2025-03-01T14:17:34.901+0000] {logging_mixin.py:190} INFO - [2025-03-01T14:17:34.900+0000] {dag.py:3239} INFO - Sync 1 DAGs
[2025-03-01T14:17:34.934+0000] {logging_mixin.py:190} INFO - [2025-03-01T14:17:34.933+0000] {dag.py:3262} INFO - Creating ORM DAG for example_branch_dop_operator_v3
[2025-03-01T14:17:35.024+0000] {logging_mixin.py:190} INFO - [2025-03-01T14:17:35.024+0000] {dag.py:4180} INFO - Setting next_dagrun for example_branch_dop_operator_v3 to 2025-03-01 14:16:00+00:00, run_after=2025-03-01 14:17:00+00:00
[2025-03-01T14:17:35.074+0000] {processor.py:208} INFO - Processing /home/airflow/.local/lib/python3.12/site-packages/airflow/example_dags/example_branch_python_dop_operator_3.py took 0.949 seconds
[2025-03-01T14:18:05.920+0000] {processor.py:186} INFO - Started process (PID=143) to work on /home/airflow/.local/lib/python3.12/site-packages/airflow/example_dags/example_branch_python_dop_operator_3.py
[2025-03-01T14:18:05.921+0000] {processor.py:914} INFO - Processing file /home/airflow/.local/lib/python3.12/site-packages/airflow/example_dags/example_branch_python_dop_operator_3.py for tasks to queue
[2025-03-01T14:18:05.923+0000] {logging_mixin.py:190} INFO - [2025-03-01T14:18:05.923+0000] {dagbag.py:588} INFO - Filling up the DagBag from /home/airflow/.local/lib/python3.12/site-packages/airflow/example_dags/example_branch_python_dop_operator_3.py
[2025-03-01T14:18:05.937+0000] {processor.py:925} INFO - DAG(s) 'example_branch_dop_operator_v3' retrieved from /home/airflow/.local/lib/python3.12/site-packages/airflow/example_dags/example_branch_python_dop_operator_3.py
[2025-03-01T14:18:05.955+0000] {logging_mixin.py:190} INFO - [2025-03-01T14:18:05.955+0000] {dag.py:3239} INFO - Sync 1 DAGs
[2025-03-01T14:18:05.983+0000] {logging_mixin.py:190} INFO - [2025-03-01T14:18:05.983+0000] {dag.py:4180} INFO - Setting next_dagrun for example_branch_dop_operator_v3 to 2025-03-01 14:17:00+00:00, run_after=2025-03-01 14:18:00+00:00
[2025-03-01T14:18:05.999+0000] {processor.py:208} INFO - Processing /home/airflow/.local/lib/python3.12/site-packages/airflow/example_dags/example_branch_python_dop_operator_3.py took 0.090 seconds
[2025-03-01T14:18:36.390+0000] {processor.py:186} INFO - Started process (PID=206) to work on /home/airflow/.local/lib/python3.12/site-packages/airflow/example_dags/example_branch_python_dop_operator_3.py
[2025-03-01T14:18:36.393+0000] {processor.py:914} INFO - Processing file /home/airflow/.local/lib/python3.12/site-packages/airflow/example_dags/example_branch_python_dop_operator_3.py for tasks to queue
[2025-03-01T14:18:36.395+0000] {logging_mixin.py:190} INFO - [2025-03-01T14:18:36.395+0000] {dagbag.py:588} INFO - Filling up the DagBag from /home/airflow/.local/lib/python3.12/site-packages/airflow/example_dags/example_branch_python_dop_operator_3.py
[2025-03-01T14:18:36.404+0000] {processor.py:925} INFO - DAG(s) 'example_branch_dop_operator_v3' retrieved from /home/airflow/.local/lib/python3.12/site-packages/airflow/example_dags/example_branch_python_dop_operator_3.py
[2025-03-01T14:18:36.429+0000] {logging_mixin.py:190} INFO - [2025-03-01T14:18:36.429+0000] {dag.py:3239} INFO - Sync 1 DAGs
[2025-03-01T14:18:36.457+0000] {logging_mixin.py:190} INFO - [2025-03-01T14:18:36.457+0000] {dag.py:4180} INFO - Setting next_dagrun for example_branch_dop_operator_v3 to 2025-03-01 14:17:00+00:00, run_after=2025-03-01 14:18:00+00:00
[2025-03-01T14:18:36.472+0000] {processor.py:208} INFO - Processing /home/airflow/.local/lib/python3.12/site-packages/airflow/example_dags/example_branch_python_dop_operator_3.py took 0.087 seconds
[2025-03-01T14:19:06.777+0000] {processor.py:186} INFO - Started process (PID=269) to work on /home/airflow/.local/lib/python3.12/site-packages/airflow/example_dags/example_branch_python_dop_operator_3.py
[2025-03-01T14:19:06.778+0000] {processor.py:914} INFO - Processing file /home/airflow/.local/lib/python3.12/site-packages/airflow/example_dags/example_branch_python_dop_operator_3.py for tasks to queue
[2025-03-01T14:19:06.780+0000] {logging_mixin.py:190} INFO - [2025-03-01T14:19:06.780+0000] {dagbag.py:588} INFO - Filling up the DagBag from /home/airflow/.local/lib/python3.12/site-packages/airflow/example_dags/example_branch_python_dop_operator_3.py
[2025-03-01T14:19:06.791+0000] {processor.py:925} INFO - DAG(s) 'example_branch_dop_operator_v3' retrieved from /home/airflow/.local/lib/python3.12/site-packages/airflow/example_dags/example_branch_python_dop_operator_3.py
[2025-03-01T14:19:06.809+0000] {logging_mixin.py:190} INFO - [2025-03-01T14:19:06.809+0000] {dag.py:3239} INFO - Sync 1 DAGs
[2025-03-01T14:19:06.836+0000] {logging_mixin.py:190} INFO - [2025-03-01T14:19:06.836+0000] {dag.py:4180} INFO - Setting next_dagrun for example_branch_dop_operator_v3 to 2025-03-01 14:18:00+00:00, run_after=2025-03-01 14:19:00+00:00
[2025-03-01T14:19:06.851+0000] {processor.py:208} INFO - Processing /home/airflow/.local/lib/python3.12/site-packages/airflow/example_dags/example_branch_python_dop_operator_3.py took 0.079 seconds
[2025-03-01T14:19:36.944+0000] {processor.py:186} INFO - Started process (PID=332) to work on /home/airflow/.local/lib/python3.12/site-packages/airflow/example_dags/example_branch_python_dop_operator_3.py
[2025-03-01T14:19:36.945+0000] {processor.py:914} INFO - Processing file /home/airflow/.local/lib/python3.12/site-packages/airflow/example_dags/example_branch_python_dop_operator_3.py for tasks to queue
[2025-03-01T14:19:36.947+0000] {logging_mixin.py:190} INFO - [2025-03-01T14:19:36.947+0000] {dagbag.py:588} INFO - Filling up the DagBag from /home/airflow/.local/lib/python3.12/site-packages/airflow/example_dags/example_branch_python_dop_operator_3.py
[2025-03-01T14:19:36.958+0000] {processor.py:925} INFO - DAG(s) 'example_branch_dop_operator_v3' retrieved from /home/airflow/.local/lib/python3.12/site-packages/airflow/example_dags/example_branch_python_dop_operator_3.py
[2025-03-01T14:19:36.975+0000] {logging_mixin.py:190} INFO - [2025-03-01T14:19:36.975+0000] {dag.py:3239} INFO - Sync 1 DAGs
[2025-03-01T14:19:37.003+0000] {logging_mixin.py:190} INFO - [2025-03-01T14:19:37.002+0000] {dag.py:4180} INFO - Setting next_dagrun for example_branch_dop_operator_v3 to 2025-03-01 14:18:00+00:00, run_after=2025-03-01 14:19:00+00:00
[2025-03-01T14:19:37.020+0000] {processor.py:208} INFO - Processing /home/airflow/.local/lib/python3.12/site-packages/airflow/example_dags/example_branch_python_dop_operator_3.py took 0.081 seconds
[2025-03-01T14:20:07.504+0000] {processor.py:186} INFO - Started process (PID=395) to work on /home/airflow/.local/lib/python3.12/site-packages/airflow/example_dags/example_branch_python_dop_operator_3.py
[2025-03-01T14:20:07.505+0000] {processor.py:914} INFO - Processing file /home/airflow/.local/lib/python3.12/site-packages/airflow/example_dags/example_branch_python_dop_operator_3.py for tasks to queue
[2025-03-01T14:20:07.507+0000] {logging_mixin.py:190} INFO - [2025-03-01T14:20:07.506+0000] {dagbag.py:588} INFO - Filling up the DagBag from /home/airflow/.local/lib/python3.12/site-packages/airflow/example_dags/example_branch_python_dop_operator_3.py
[2025-03-01T14:20:07.519+0000] {processor.py:925} INFO - DAG(s) 'example_branch_dop_operator_v3' retrieved from /home/airflow/.local/lib/python3.12/site-packages/airflow/example_dags/example_branch_python_dop_operator_3.py
[2025-03-01T14:20:07.542+0000] {logging_mixin.py:190} INFO - [2025-03-01T14:20:07.542+0000] {dag.py:3239} INFO - Sync 1 DAGs
[2025-03-01T14:20:07.571+0000] {logging_mixin.py:190} INFO - [2025-03-01T14:20:07.571+0000] {dag.py:4180} INFO - Setting next_dagrun for example_branch_dop_operator_v3 to 2025-03-01 14:19:00+00:00, run_after=2025-03-01 14:20:00+00:00
[2025-03-01T14:20:07.589+0000] {processor.py:208} INFO - Processing /home/airflow/.local/lib/python3.12/site-packages/airflow/example_dags/example_branch_python_dop_operator_3.py took 0.090 seconds
[2025-03-01T14:20:37.848+0000] {processor.py:186} INFO - Started process (PID=458) to work on /home/airflow/.local/lib/python3.12/site-packages/airflow/example_dags/example_branch_python_dop_operator_3.py
[2025-03-01T14:20:37.849+0000] {processor.py:914} INFO - Processing file /home/airflow/.local/lib/python3.12/site-packages/airflow/example_dags/example_branch_python_dop_operator_3.py for tasks to queue
[2025-03-01T14:20:37.851+0000] {logging_mixin.py:190} INFO - [2025-03-01T14:20:37.851+0000] {dagbag.py:588} INFO - Filling up the DagBag from /home/airflow/.local/lib/python3.12/site-packages/airflow/example_dags/example_branch_python_dop_operator_3.py
[2025-03-01T14:20:37.861+0000] {processor.py:925} INFO - DAG(s) 'example_branch_dop_operator_v3' retrieved from /home/airflow/.local/lib/python3.12/site-packages/airflow/example_dags/example_branch_python_dop_operator_3.py
[2025-03-01T14:20:37.880+0000] {logging_mixin.py:190} INFO - [2025-03-01T14:20:37.879+0000] {dag.py:3239} INFO - Sync 1 DAGs
[2025-03-01T14:20:37.908+0000] {logging_mixin.py:190} INFO - [2025-03-01T14:20:37.908+0000] {dag.py:4180} INFO - Setting next_dagrun for example_branch_dop_operator_v3 to 2025-03-01 14:19:00+00:00, run_after=2025-03-01 14:20:00+00:00
[2025-03-01T14:20:37.924+0000] {processor.py:208} INFO - Processing /home/airflow/.local/lib/python3.12/site-packages/airflow/example_dags/example_branch_python_dop_operator_3.py took 0.081 seconds
[2025-03-01T14:21:08.291+0000] {processor.py:186} INFO - Started process (PID=521) to work on /home/airflow/.local/lib/python3.12/site-packages/airflow/example_dags/example_branch_python_dop_operator_3.py
[2025-03-01T14:21:08.292+0000] {processor.py:914} INFO - Processing file /home/airflow/.local/lib/python3.12/site-packages/airflow/example_dags/example_branch_python_dop_operator_3.py for tasks to queue
[2025-03-01T14:21:08.294+0000] {logging_mixin.py:190} INFO - [2025-03-01T14:21:08.294+0000] {dagbag.py:588} INFO - Filling up the DagBag from /home/airflow/.local/lib/python3.12/site-packages/airflow/example_dags/example_branch_python_dop_operator_3.py
[2025-03-01T14:21:08.305+0000] {processor.py:925} INFO - DAG(s) 'example_branch_dop_operator_v3' retrieved from /home/airflow/.local/lib/python3.12/site-packages/airflow/example_dags/example_branch_python_dop_operator_3.py
[2025-03-01T14:21:08.323+0000] {logging_mixin.py:190} INFO - [2025-03-01T14:21:08.323+0000] {dag.py:3239} INFO - Sync 1 DAGs
[2025-03-01T14:21:08.354+0000] {logging_mixin.py:190} INFO - [2025-03-01T14:21:08.353+0000] {dag.py:4180} INFO - Setting next_dagrun for example_branch_dop_operator_v3 to 2025-03-01 14:20:00+00:00, run_after=2025-03-01 14:21:00+00:00
[2025-03-01T14:21:08.369+0000] {processor.py:208} INFO - Processing /home/airflow/.local/lib/python3.12/site-packages/airflow/example_dags/example_branch_python_dop_operator_3.py took 0.083 seconds
[2025-03-01T14:21:39.094+0000] {processor.py:186} INFO - Started process (PID=584) to work on /home/airflow/.local/lib/python3.12/site-packages/airflow/example_dags/example_branch_python_dop_operator_3.py
[2025-03-01T14:21:39.095+0000] {processor.py:914} INFO - Processing file /home/airflow/.local/lib/python3.12/site-packages/airflow/example_dags/example_branch_python_dop_operator_3.py for tasks to queue
[2025-03-01T14:21:39.099+0000] {logging_mixin.py:190} INFO - [2025-03-01T14:21:39.098+0000] {dagbag.py:588} INFO - Filling up the DagBag from /home/airflow/.local/lib/python3.12/site-packages/airflow/example_dags/example_branch_python_dop_operator_3.py
[2025-03-01T14:21:39.112+0000] {processor.py:925} INFO - DAG(s) 'example_branch_dop_operator_v3' retrieved from /home/airflow/.local/lib/python3.12/site-packages/airflow/example_dags/example_branch_python_dop_operator_3.py
[2025-03-01T14:21:39.154+0000] {logging_mixin.py:190} INFO - [2025-03-01T14:21:39.154+0000] {dag.py:3239} INFO - Sync 1 DAGs
[2025-03-01T14:21:39.205+0000] {logging_mixin.py:190} INFO - [2025-03-01T14:21:39.204+0000] {dag.py:4180} INFO - Setting next_dagrun for example_branch_dop_operator_v3 to 2025-03-01 14:20:00+00:00, run_after=2025-03-01 14:21:00+00:00
[2025-03-01T14:21:39.233+0000] {processor.py:208} INFO - Processing /home/airflow/.local/lib/python3.12/site-packages/airflow/example_dags/example_branch_python_dop_operator_3.py took 0.146 seconds
[2025-03-01T14:22:09.325+0000] {processor.py:186} INFO - Started process (PID=647) to work on /home/airflow/.local/lib/python3.12/site-packages/airflow/example_dags/example_branch_python_dop_operator_3.py
[2025-03-01T14:22:09.330+0000] {processor.py:914} INFO - Processing file /home/airflow/.local/lib/python3.12/site-packages/airflow/example_dags/example_branch_python_dop_operator_3.py for tasks to queue
[2025-03-01T14:22:09.334+0000] {logging_mixin.py:190} INFO - [2025-03-01T14:22:09.334+0000] {dagbag.py:588} INFO - Filling up the DagBag from /home/airflow/.local/lib/python3.12/site-packages/airflow/example_dags/example_branch_python_dop_operator_3.py
[2025-03-01T14:22:09.353+0000] {processor.py:925} INFO - DAG(s) 'example_branch_dop_operator_v3' retrieved from /home/airflow/.local/lib/python3.12/site-packages/airflow/example_dags/example_branch_python_dop_operator_3.py
[2025-03-01T14:22:09.381+0000] {logging_mixin.py:190} INFO - [2025-03-01T14:22:09.380+0000] {dag.py:3239} INFO - Sync 1 DAGs
[2025-03-01T14:22:09.417+0000] {logging_mixin.py:190} INFO - [2025-03-01T14:22:09.417+0000] {dag.py:4180} INFO - Setting next_dagrun for example_branch_dop_operator_v3 to 2025-03-01 14:21:00+00:00, run_after=2025-03-01 14:22:00+00:00
[2025-03-01T14:22:09.445+0000] {processor.py:208} INFO - Processing /home/airflow/.local/lib/python3.12/site-packages/airflow/example_dags/example_branch_python_dop_operator_3.py took 0.126 seconds
[2025-03-01T14:22:40.114+0000] {processor.py:186} INFO - Started process (PID=710) to work on /home/airflow/.local/lib/python3.12/site-packages/airflow/example_dags/example_branch_python_dop_operator_3.py
[2025-03-01T14:22:40.115+0000] {processor.py:914} INFO - Processing file /home/airflow/.local/lib/python3.12/site-packages/airflow/example_dags/example_branch_python_dop_operator_3.py for tasks to queue
[2025-03-01T14:22:40.117+0000] {logging_mixin.py:190} INFO - [2025-03-01T14:22:40.117+0000] {dagbag.py:588} INFO - Filling up the DagBag from /home/airflow/.local/lib/python3.12/site-packages/airflow/example_dags/example_branch_python_dop_operator_3.py
[2025-03-01T14:22:40.128+0000] {processor.py:925} INFO - DAG(s) 'example_branch_dop_operator_v3' retrieved from /home/airflow/.local/lib/python3.12/site-packages/airflow/example_dags/example_branch_python_dop_operator_3.py
[2025-03-01T14:22:40.145+0000] {logging_mixin.py:190} INFO - [2025-03-01T14:22:40.145+0000] {dag.py:3239} INFO - Sync 1 DAGs
[2025-03-01T14:22:40.172+0000] {logging_mixin.py:190} INFO - [2025-03-01T14:22:40.172+0000] {dag.py:4180} INFO - Setting next_dagrun for example_branch_dop_operator_v3 to 2025-03-01 14:21:00+00:00, run_after=2025-03-01 14:22:00+00:00
[2025-03-01T14:22:40.188+0000] {processor.py:208} INFO - Processing /home/airflow/.local/lib/python3.12/site-packages/airflow/example_dags/example_branch_python_dop_operator_3.py took 0.080 seconds
[2025-03-01T14:23:10.642+0000] {processor.py:186} INFO - Started process (PID=774) to work on /home/airflow/.local/lib/python3.12/site-packages/airflow/example_dags/example_branch_python_dop_operator_3.py
[2025-03-01T14:23:10.643+0000] {processor.py:914} INFO - Processing file /home/airflow/.local/lib/python3.12/site-packages/airflow/example_dags/example_branch_python_dop_operator_3.py for tasks to queue
[2025-03-01T14:23:10.645+0000] {logging_mixin.py:190} INFO - [2025-03-01T14:23:10.645+0000] {dagbag.py:588} INFO - Filling up the DagBag from /home/airflow/.local/lib/python3.12/site-packages/airflow/example_dags/example_branch_python_dop_operator_3.py
[2025-03-01T14:23:10.656+0000] {processor.py:925} INFO - DAG(s) 'example_branch_dop_operator_v3' retrieved from /home/airflow/.local/lib/python3.12/site-packages/airflow/example_dags/example_branch_python_dop_operator_3.py
[2025-03-01T14:23:10.673+0000] {logging_mixin.py:190} INFO - [2025-03-01T14:23:10.673+0000] {dag.py:3239} INFO - Sync 1 DAGs
[2025-03-01T14:23:10.701+0000] {logging_mixin.py:190} INFO - [2025-03-01T14:23:10.701+0000] {dag.py:4180} INFO - Setting next_dagrun for example_branch_dop_operator_v3 to 2025-03-01 14:22:00+00:00, run_after=2025-03-01 14:23:00+00:00
[2025-03-01T14:23:10.717+0000] {processor.py:208} INFO - Processing /home/airflow/.local/lib/python3.12/site-packages/airflow/example_dags/example_branch_python_dop_operator_3.py took 0.080 seconds
[2025-03-01T14:23:41.329+0000] {processor.py:186} INFO - Started process (PID=838) to work on /home/airflow/.local/lib/python3.12/site-packages/airflow/example_dags/example_branch_python_dop_operator_3.py
[2025-03-01T14:23:41.330+0000] {processor.py:914} INFO - Processing file /home/airflow/.local/lib/python3.12/site-packages/airflow/example_dags/example_branch_python_dop_operator_3.py for tasks to queue
[2025-03-01T14:23:41.332+0000] {logging_mixin.py:190} INFO - [2025-03-01T14:23:41.331+0000] {dagbag.py:588} INFO - Filling up the DagBag from /home/airflow/.local/lib/python3.12/site-packages/airflow/example_dags/example_branch_python_dop_operator_3.py
[2025-03-01T14:23:41.342+0000] {processor.py:925} INFO - DAG(s) 'example_branch_dop_operator_v3' retrieved from /home/airflow/.local/lib/python3.12/site-packages/airflow/example_dags/example_branch_python_dop_operator_3.py
[2025-03-01T14:23:41.361+0000] {logging_mixin.py:190} INFO - [2025-03-01T14:23:41.360+0000] {dag.py:3239} INFO - Sync 1 DAGs
[2025-03-01T14:23:41.389+0000] {logging_mixin.py:190} INFO - [2025-03-01T14:23:41.389+0000] {dag.py:4180} INFO - Setting next_dagrun for example_branch_dop_operator_v3 to 2025-03-01 14:22:00+00:00, run_after=2025-03-01 14:23:00+00:00
[2025-03-01T14:23:41.406+0000] {processor.py:208} INFO - Processing /home/airflow/.local/lib/python3.12/site-packages/airflow/example_dags/example_branch_python_dop_operator_3.py took 0.082 seconds
[2025-03-01T14:24:12.044+0000] {processor.py:186} INFO - Started process (PID=901) to work on /home/airflow/.local/lib/python3.12/site-packages/airflow/example_dags/example_branch_python_dop_operator_3.py
[2025-03-01T14:24:12.044+0000] {processor.py:914} INFO - Processing file /home/airflow/.local/lib/python3.12/site-packages/airflow/example_dags/example_branch_python_dop_operator_3.py for tasks to queue
[2025-03-01T14:24:12.047+0000] {logging_mixin.py:190} INFO - [2025-03-01T14:24:12.046+0000] {dagbag.py:588} INFO - Filling up the DagBag from /home/airflow/.local/lib/python3.12/site-packages/airflow/example_dags/example_branch_python_dop_operator_3.py
[2025-03-01T14:24:12.058+0000] {processor.py:925} INFO - DAG(s) 'example_branch_dop_operator_v3' retrieved from /home/airflow/.local/lib/python3.12/site-packages/airflow/example_dags/example_branch_python_dop_operator_3.py
[2025-03-01T14:24:12.084+0000] {logging_mixin.py:190} INFO - [2025-03-01T14:24:12.084+0000] {dag.py:3239} INFO - Sync 1 DAGs
[2025-03-01T14:24:12.125+0000] {logging_mixin.py:190} INFO - [2025-03-01T14:24:12.125+0000] {dag.py:4180} INFO - Setting next_dagrun for example_branch_dop_operator_v3 to 2025-03-01 14:23:00+00:00, run_after=2025-03-01 14:24:00+00:00
[2025-03-01T14:24:12.156+0000] {processor.py:208} INFO - Processing /home/airflow/.local/lib/python3.12/site-packages/airflow/example_dags/example_branch_python_dop_operator_3.py took 0.118 seconds
[2025-03-01T14:24:42.428+0000] {processor.py:186} INFO - Started process (PID=964) to work on /home/airflow/.local/lib/python3.12/site-packages/airflow/example_dags/example_branch_python_dop_operator_3.py
[2025-03-01T14:24:42.429+0000] {processor.py:914} INFO - Processing file /home/airflow/.local/lib/python3.12/site-packages/airflow/example_dags/example_branch_python_dop_operator_3.py for tasks to queue
[2025-03-01T14:24:42.431+0000] {logging_mixin.py:190} INFO - [2025-03-01T14:24:42.430+0000] {dagbag.py:588} INFO - Filling up the DagBag from /home/airflow/.local/lib/python3.12/site-packages/airflow/example_dags/example_branch_python_dop_operator_3.py
[2025-03-01T14:24:42.441+0000] {processor.py:925} INFO - DAG(s) 'example_branch_dop_operator_v3' retrieved from /home/airflow/.local/lib/python3.12/site-packages/airflow/example_dags/example_branch_python_dop_operator_3.py
[2025-03-01T14:24:42.461+0000] {logging_mixin.py:190} INFO - [2025-03-01T14:24:42.460+0000] {dag.py:3239} INFO - Sync 1 DAGs
[2025-03-01T14:24:42.489+0000] {logging_mixin.py:190} INFO - [2025-03-01T14:24:42.489+0000] {dag.py:4180} INFO - Setting next_dagrun for example_branch_dop_operator_v3 to 2025-03-01 14:23:00+00:00, run_after=2025-03-01 14:24:00+00:00
[2025-03-01T14:24:42.507+0000] {processor.py:208} INFO - Processing /home/airflow/.local/lib/python3.12/site-packages/airflow/example_dags/example_branch_python_dop_operator_3.py took 0.085 seconds
[2025-03-01T14:25:12.830+0000] {processor.py:186} INFO - Started process (PID=1027) to work on /home/airflow/.local/lib/python3.12/site-packages/airflow/example_dags/example_branch_python_dop_operator_3.py
[2025-03-01T14:25:12.830+0000] {processor.py:914} INFO - Processing file /home/airflow/.local/lib/python3.12/site-packages/airflow/example_dags/example_branch_python_dop_operator_3.py for tasks to queue
[2025-03-01T14:25:12.832+0000] {logging_mixin.py:190} INFO - [2025-03-01T14:25:12.832+0000] {dagbag.py:588} INFO - Filling up the DagBag from /home/airflow/.local/lib/python3.12/site-packages/airflow/example_dags/example_branch_python_dop_operator_3.py
[2025-03-01T14:25:12.843+0000] {processor.py:925} INFO - DAG(s) 'example_branch_dop_operator_v3' retrieved from /home/airflow/.local/lib/python3.12/site-packages/airflow/example_dags/example_branch_python_dop_operator_3.py
[2025-03-01T14:25:12.861+0000] {logging_mixin.py:190} INFO - [2025-03-01T14:25:12.861+0000] {dag.py:3239} INFO - Sync 1 DAGs
[2025-03-01T14:25:12.888+0000] {logging_mixin.py:190} INFO - [2025-03-01T14:25:12.888+0000] {dag.py:4180} INFO - Setting next_dagrun for example_branch_dop_operator_v3 to 2025-03-01 14:24:00+00:00, run_after=2025-03-01 14:25:00+00:00
[2025-03-01T14:25:12.903+0000] {processor.py:208} INFO - Processing /home/airflow/.local/lib/python3.12/site-packages/airflow/example_dags/example_branch_python_dop_operator_3.py took 0.079 seconds
[2025-03-01T14:25:43.802+0000] {processor.py:186} INFO - Started process (PID=1087) to work on /home/airflow/.local/lib/python3.12/site-packages/airflow/example_dags/example_branch_python_dop_operator_3.py
[2025-03-01T14:25:43.803+0000] {processor.py:914} INFO - Processing file /home/airflow/.local/lib/python3.12/site-packages/airflow/example_dags/example_branch_python_dop_operator_3.py for tasks to queue
[2025-03-01T14:25:43.805+0000] {logging_mixin.py:190} INFO - [2025-03-01T14:25:43.805+0000] {dagbag.py:588} INFO - Filling up the DagBag from /home/airflow/.local/lib/python3.12/site-packages/airflow/example_dags/example_branch_python_dop_operator_3.py
[2025-03-01T14:25:43.825+0000] {processor.py:925} INFO - DAG(s) 'example_branch_dop_operator_v3' retrieved from /home/airflow/.local/lib/python3.12/site-packages/airflow/example_dags/example_branch_python_dop_operator_3.py
[2025-03-01T14:25:43.843+0000] {logging_mixin.py:190} INFO - [2025-03-01T14:25:43.842+0000] {dag.py:3239} INFO - Sync 1 DAGs
[2025-03-01T14:25:43.870+0000] {logging_mixin.py:190} INFO - [2025-03-01T14:25:43.870+0000] {dag.py:4180} INFO - Setting next_dagrun for example_branch_dop_operator_v3 to 2025-03-01 14:24:00+00:00, run_after=2025-03-01 14:25:00+00:00
[2025-03-01T14:25:43.886+0000] {processor.py:208} INFO - Processing /home/airflow/.local/lib/python3.12/site-packages/airflow/example_dags/example_branch_python_dop_operator_3.py took 0.089 seconds
[2025-03-01T14:26:14.880+0000] {processor.py:186} INFO - Started process (PID=1143) to work on /home/airflow/.local/lib/python3.12/site-packages/airflow/example_dags/example_branch_python_dop_operator_3.py
[2025-03-01T14:26:14.881+0000] {processor.py:914} INFO - Processing file /home/airflow/.local/lib/python3.12/site-packages/airflow/example_dags/example_branch_python_dop_operator_3.py for tasks to queue
[2025-03-01T14:26:14.883+0000] {logging_mixin.py:190} INFO - [2025-03-01T14:26:14.882+0000] {dagbag.py:588} INFO - Filling up the DagBag from /home/airflow/.local/lib/python3.12/site-packages/airflow/example_dags/example_branch_python_dop_operator_3.py
[2025-03-01T14:26:14.893+0000] {processor.py:925} INFO - DAG(s) 'example_branch_dop_operator_v3' retrieved from /home/airflow/.local/lib/python3.12/site-packages/airflow/example_dags/example_branch_python_dop_operator_3.py
[2025-03-01T14:26:14.911+0000] {logging_mixin.py:190} INFO - [2025-03-01T14:26:14.910+0000] {dag.py:3239} INFO - Sync 1 DAGs
[2025-03-01T14:26:14.937+0000] {logging_mixin.py:190} INFO - [2025-03-01T14:26:14.937+0000] {dag.py:4180} INFO - Setting next_dagrun for example_branch_dop_operator_v3 to 2025-03-01 14:25:00+00:00, run_after=2025-03-01 14:26:00+00:00
[2025-03-01T14:26:14.952+0000] {processor.py:208} INFO - Processing /home/airflow/.local/lib/python3.12/site-packages/airflow/example_dags/example_branch_python_dop_operator_3.py took 0.078 seconds
[2025-03-01T14:26:45.253+0000] {processor.py:186} INFO - Started process (PID=1197) to work on /home/airflow/.local/lib/python3.12/site-packages/airflow/example_dags/example_branch_python_dop_operator_3.py
[2025-03-01T14:26:45.254+0000] {processor.py:914} INFO - Processing file /home/airflow/.local/lib/python3.12/site-packages/airflow/example_dags/example_branch_python_dop_operator_3.py for tasks to queue
[2025-03-01T14:26:45.256+0000] {logging_mixin.py:190} INFO - [2025-03-01T14:26:45.256+0000] {dagbag.py:588} INFO - Filling up the DagBag from /home/airflow/.local/lib/python3.12/site-packages/airflow/example_dags/example_branch_python_dop_operator_3.py
[2025-03-01T14:26:45.267+0000] {processor.py:925} INFO - DAG(s) 'example_branch_dop_operator_v3' retrieved from /home/airflow/.local/lib/python3.12/site-packages/airflow/example_dags/example_branch_python_dop_operator_3.py
[2025-03-01T14:26:45.286+0000] {logging_mixin.py:190} INFO - [2025-03-01T14:26:45.286+0000] {dag.py:3239} INFO - Sync 1 DAGs
[2025-03-01T14:26:45.324+0000] {logging_mixin.py:190} INFO - [2025-03-01T14:26:45.324+0000] {dag.py:4180} INFO - Setting next_dagrun for example_branch_dop_operator_v3 to 2025-03-01 14:25:00+00:00, run_after=2025-03-01 14:26:00+00:00
[2025-03-01T14:26:45.339+0000] {processor.py:208} INFO - Processing /home/airflow/.local/lib/python3.12/site-packages/airflow/example_dags/example_branch_python_dop_operator_3.py took 0.091 seconds
[2025-03-01T14:27:15.925+0000] {processor.py:186} INFO - Started process (PID=1260) to work on /home/airflow/.local/lib/python3.12/site-packages/airflow/example_dags/example_branch_python_dop_operator_3.py
[2025-03-01T14:27:15.925+0000] {processor.py:914} INFO - Processing file /home/airflow/.local/lib/python3.12/site-packages/airflow/example_dags/example_branch_python_dop_operator_3.py for tasks to queue
[2025-03-01T14:27:15.927+0000] {logging_mixin.py:190} INFO - [2025-03-01T14:27:15.927+0000] {dagbag.py:588} INFO - Filling up the DagBag from /home/airflow/.local/lib/python3.12/site-packages/airflow/example_dags/example_branch_python_dop_operator_3.py
[2025-03-01T14:27:15.961+0000] {processor.py:925} INFO - DAG(s) 'example_branch_dop_operator_v3' retrieved from /home/airflow/.local/lib/python3.12/site-packages/airflow/example_dags/example_branch_python_dop_operator_3.py
[2025-03-01T14:27:16.022+0000] {logging_mixin.py:190} INFO - [2025-03-01T14:27:16.022+0000] {dag.py:3239} INFO - Sync 1 DAGs
[2025-03-01T14:27:16.050+0000] {logging_mixin.py:190} INFO - [2025-03-01T14:27:16.049+0000] {dag.py:4180} INFO - Setting next_dagrun for example_branch_dop_operator_v3 to 2025-03-01 14:26:00+00:00, run_after=2025-03-01 14:27:00+00:00
[2025-03-01T14:27:16.062+0000] {processor.py:208} INFO - Processing /home/airflow/.local/lib/python3.12/site-packages/airflow/example_dags/example_branch_python_dop_operator_3.py took 0.143 seconds
[2025-03-01T14:27:46.468+0000] {processor.py:186} INFO - Started process (PID=1323) to work on /home/airflow/.local/lib/python3.12/site-packages/airflow/example_dags/example_branch_python_dop_operator_3.py
[2025-03-01T14:27:46.468+0000] {processor.py:914} INFO - Processing file /home/airflow/.local/lib/python3.12/site-packages/airflow/example_dags/example_branch_python_dop_operator_3.py for tasks to queue
[2025-03-01T14:27:46.470+0000] {logging_mixin.py:190} INFO - [2025-03-01T14:27:46.470+0000] {dagbag.py:588} INFO - Filling up the DagBag from /home/airflow/.local/lib/python3.12/site-packages/airflow/example_dags/example_branch_python_dop_operator_3.py
[2025-03-01T14:27:46.481+0000] {processor.py:925} INFO - DAG(s) 'example_branch_dop_operator_v3' retrieved from /home/airflow/.local/lib/python3.12/site-packages/airflow/example_dags/example_branch_python_dop_operator_3.py
[2025-03-01T14:27:46.500+0000] {logging_mixin.py:190} INFO - [2025-03-01T14:27:46.500+0000] {dag.py:3239} INFO - Sync 1 DAGs
[2025-03-01T14:27:46.530+0000] {logging_mixin.py:190} INFO - [2025-03-01T14:27:46.530+0000] {dag.py:4180} INFO - Setting next_dagrun for example_branch_dop_operator_v3 to 2025-03-01 14:26:00+00:00, run_after=2025-03-01 14:27:00+00:00
[2025-03-01T14:27:46.546+0000] {processor.py:208} INFO - Processing /home/airflow/.local/lib/python3.12/site-packages/airflow/example_dags/example_branch_python_dop_operator_3.py took 0.084 seconds
[2025-03-01T14:28:16.725+0000] {processor.py:186} INFO - Started process (PID=1386) to work on /home/airflow/.local/lib/python3.12/site-packages/airflow/example_dags/example_branch_python_dop_operator_3.py
[2025-03-01T14:28:16.725+0000] {processor.py:914} INFO - Processing file /home/airflow/.local/lib/python3.12/site-packages/airflow/example_dags/example_branch_python_dop_operator_3.py for tasks to queue
[2025-03-01T14:28:16.727+0000] {logging_mixin.py:190} INFO - [2025-03-01T14:28:16.727+0000] {dagbag.py:588} INFO - Filling up the DagBag from /home/airflow/.local/lib/python3.12/site-packages/airflow/example_dags/example_branch_python_dop_operator_3.py
[2025-03-01T14:28:16.738+0000] {processor.py:925} INFO - DAG(s) 'example_branch_dop_operator_v3' retrieved from /home/airflow/.local/lib/python3.12/site-packages/airflow/example_dags/example_branch_python_dop_operator_3.py
[2025-03-01T14:28:16.758+0000] {logging_mixin.py:190} INFO - [2025-03-01T14:28:16.758+0000] {dag.py:3239} INFO - Sync 1 DAGs
[2025-03-01T14:28:16.786+0000] {logging_mixin.py:190} INFO - [2025-03-01T14:28:16.786+0000] {dag.py:4180} INFO - Setting next_dagrun for example_branch_dop_operator_v3 to 2025-03-01 14:27:00+00:00, run_after=2025-03-01 14:28:00+00:00
[2025-03-01T14:28:16.801+0000] {processor.py:208} INFO - Processing /home/airflow/.local/lib/python3.12/site-packages/airflow/example_dags/example_branch_python_dop_operator_3.py took 0.082 seconds
[2025-03-01T14:28:47.447+0000] {processor.py:186} INFO - Started process (PID=1449) to work on /home/airflow/.local/lib/python3.12/site-packages/airflow/example_dags/example_branch_python_dop_operator_3.py
[2025-03-01T14:28:47.448+0000] {processor.py:914} INFO - Processing file /home/airflow/.local/lib/python3.12/site-packages/airflow/example_dags/example_branch_python_dop_operator_3.py for tasks to queue
[2025-03-01T14:28:47.450+0000] {logging_mixin.py:190} INFO - [2025-03-01T14:28:47.450+0000] {dagbag.py:588} INFO - Filling up the DagBag from /home/airflow/.local/lib/python3.12/site-packages/airflow/example_dags/example_branch_python_dop_operator_3.py
[2025-03-01T14:28:47.461+0000] {processor.py:925} INFO - DAG(s) 'example_branch_dop_operator_v3' retrieved from /home/airflow/.local/lib/python3.12/site-packages/airflow/example_dags/example_branch_python_dop_operator_3.py
[2025-03-01T14:28:47.480+0000] {logging_mixin.py:190} INFO - [2025-03-01T14:28:47.480+0000] {dag.py:3239} INFO - Sync 1 DAGs
[2025-03-01T14:28:47.508+0000] {logging_mixin.py:190} INFO - [2025-03-01T14:28:47.508+0000] {dag.py:4180} INFO - Setting next_dagrun for example_branch_dop_operator_v3 to 2025-03-01 14:27:00+00:00, run_after=2025-03-01 14:28:00+00:00
[2025-03-01T14:28:47.523+0000] {processor.py:208} INFO - Processing /home/airflow/.local/lib/python3.12/site-packages/airflow/example_dags/example_branch_python_dop_operator_3.py took 0.082 seconds
[2025-03-01T14:29:17.749+0000] {processor.py:186} INFO - Started process (PID=1513) to work on /home/airflow/.local/lib/python3.12/site-packages/airflow/example_dags/example_branch_python_dop_operator_3.py
[2025-03-01T14:29:17.754+0000] {processor.py:914} INFO - Processing file /home/airflow/.local/lib/python3.12/site-packages/airflow/example_dags/example_branch_python_dop_operator_3.py for tasks to queue
[2025-03-01T14:29:17.756+0000] {logging_mixin.py:190} INFO - [2025-03-01T14:29:17.756+0000] {dagbag.py:588} INFO - Filling up the DagBag from /home/airflow/.local/lib/python3.12/site-packages/airflow/example_dags/example_branch_python_dop_operator_3.py
[2025-03-01T14:29:17.767+0000] {processor.py:925} INFO - DAG(s) 'example_branch_dop_operator_v3' retrieved from /home/airflow/.local/lib/python3.12/site-packages/airflow/example_dags/example_branch_python_dop_operator_3.py
[2025-03-01T14:29:17.809+0000] {logging_mixin.py:190} INFO - [2025-03-01T14:29:17.809+0000] {dag.py:3239} INFO - Sync 1 DAGs
[2025-03-01T14:29:17.875+0000] {logging_mixin.py:190} INFO - [2025-03-01T14:29:17.875+0000] {dag.py:4180} INFO - Setting next_dagrun for example_branch_dop_operator_v3 to 2025-03-01 14:28:00+00:00, run_after=2025-03-01 14:29:00+00:00
[2025-03-01T14:29:17.908+0000] {processor.py:208} INFO - Processing /home/airflow/.local/lib/python3.12/site-packages/airflow/example_dags/example_branch_python_dop_operator_3.py took 0.177 seconds
[2025-03-01T14:29:48.077+0000] {processor.py:186} INFO - Started process (PID=1576) to work on /home/airflow/.local/lib/python3.12/site-packages/airflow/example_dags/example_branch_python_dop_operator_3.py
[2025-03-01T14:29:48.078+0000] {processor.py:914} INFO - Processing file /home/airflow/.local/lib/python3.12/site-packages/airflow/example_dags/example_branch_python_dop_operator_3.py for tasks to queue
[2025-03-01T14:29:48.080+0000] {logging_mixin.py:190} INFO - [2025-03-01T14:29:48.080+0000] {dagbag.py:588} INFO - Filling up the DagBag from /home/airflow/.local/lib/python3.12/site-packages/airflow/example_dags/example_branch_python_dop_operator_3.py
[2025-03-01T14:29:48.090+0000] {processor.py:925} INFO - DAG(s) 'example_branch_dop_operator_v3' retrieved from /home/airflow/.local/lib/python3.12/site-packages/airflow/example_dags/example_branch_python_dop_operator_3.py
[2025-03-01T14:29:48.146+0000] {logging_mixin.py:190} INFO - [2025-03-01T14:29:48.146+0000] {dag.py:3239} INFO - Sync 1 DAGs
[2025-03-01T14:29:48.195+0000] {logging_mixin.py:190} INFO - [2025-03-01T14:29:48.195+0000] {dag.py:4180} INFO - Setting next_dagrun for example_branch_dop_operator_v3 to 2025-03-01 14:28:00+00:00, run_after=2025-03-01 14:29:00+00:00
[2025-03-01T14:29:48.210+0000] {processor.py:208} INFO - Processing /home/airflow/.local/lib/python3.12/site-packages/airflow/example_dags/example_branch_python_dop_operator_3.py took 0.138 seconds
[2025-03-01T14:30:18.625+0000] {processor.py:186} INFO - Started process (PID=1639) to work on /home/airflow/.local/lib/python3.12/site-packages/airflow/example_dags/example_branch_python_dop_operator_3.py
[2025-03-01T14:30:18.626+0000] {processor.py:914} INFO - Processing file /home/airflow/.local/lib/python3.12/site-packages/airflow/example_dags/example_branch_python_dop_operator_3.py for tasks to queue
[2025-03-01T14:30:18.628+0000] {logging_mixin.py:190} INFO - [2025-03-01T14:30:18.628+0000] {dagbag.py:588} INFO - Filling up the DagBag from /home/airflow/.local/lib/python3.12/site-packages/airflow/example_dags/example_branch_python_dop_operator_3.py
[2025-03-01T14:30:18.639+0000] {processor.py:925} INFO - DAG(s) 'example_branch_dop_operator_v3' retrieved from /home/airflow/.local/lib/python3.12/site-packages/airflow/example_dags/example_branch_python_dop_operator_3.py
[2025-03-01T14:30:18.658+0000] {logging_mixin.py:190} INFO - [2025-03-01T14:30:18.657+0000] {dag.py:3239} INFO - Sync 1 DAGs
[2025-03-01T14:30:18.685+0000] {logging_mixin.py:190} INFO - [2025-03-01T14:30:18.685+0000] {dag.py:4180} INFO - Setting next_dagrun for example_branch_dop_operator_v3 to 2025-03-01 14:29:00+00:00, run_after=2025-03-01 14:30:00+00:00
[2025-03-01T14:30:18.702+0000] {processor.py:208} INFO - Processing /home/airflow/.local/lib/python3.12/site-packages/airflow/example_dags/example_branch_python_dop_operator_3.py took 0.082 seconds
[2025-03-01T14:30:48.745+0000] {processor.py:186} INFO - Started process (PID=1702) to work on /home/airflow/.local/lib/python3.12/site-packages/airflow/example_dags/example_branch_python_dop_operator_3.py
[2025-03-01T14:30:48.746+0000] {processor.py:914} INFO - Processing file /home/airflow/.local/lib/python3.12/site-packages/airflow/example_dags/example_branch_python_dop_operator_3.py for tasks to queue
[2025-03-01T14:30:48.747+0000] {logging_mixin.py:190} INFO - [2025-03-01T14:30:48.747+0000] {dagbag.py:588} INFO - Filling up the DagBag from /home/airflow/.local/lib/python3.12/site-packages/airflow/example_dags/example_branch_python_dop_operator_3.py
[2025-03-01T14:30:48.755+0000] {processor.py:925} INFO - DAG(s) 'example_branch_dop_operator_v3' retrieved from /home/airflow/.local/lib/python3.12/site-packages/airflow/example_dags/example_branch_python_dop_operator_3.py
[2025-03-01T14:30:48.768+0000] {logging_mixin.py:190} INFO - [2025-03-01T14:30:48.768+0000] {dag.py:3239} INFO - Sync 1 DAGs
[2025-03-01T14:30:48.786+0000] {logging_mixin.py:190} INFO - [2025-03-01T14:30:48.786+0000] {dag.py:4180} INFO - Setting next_dagrun for example_branch_dop_operator_v3 to 2025-03-01 14:29:00+00:00, run_after=2025-03-01 14:30:00+00:00
[2025-03-01T14:30:48.798+0000] {processor.py:208} INFO - Processing /home/airflow/.local/lib/python3.12/site-packages/airflow/example_dags/example_branch_python_dop_operator_3.py took 0.057 seconds
[2025-03-01T14:31:19.124+0000] {processor.py:186} INFO - Started process (PID=1766) to work on /home/airflow/.local/lib/python3.12/site-packages/airflow/example_dags/example_branch_python_dop_operator_3.py
[2025-03-01T14:31:19.124+0000] {processor.py:914} INFO - Processing file /home/airflow/.local/lib/python3.12/site-packages/airflow/example_dags/example_branch_python_dop_operator_3.py for tasks to queue
[2025-03-01T14:31:19.126+0000] {logging_mixin.py:190} INFO - [2025-03-01T14:31:19.126+0000] {dagbag.py:588} INFO - Filling up the DagBag from /home/airflow/.local/lib/python3.12/site-packages/airflow/example_dags/example_branch_python_dop_operator_3.py
[2025-03-01T14:31:19.133+0000] {processor.py:925} INFO - DAG(s) 'example_branch_dop_operator_v3' retrieved from /home/airflow/.local/lib/python3.12/site-packages/airflow/example_dags/example_branch_python_dop_operator_3.py
[2025-03-01T14:31:19.147+0000] {logging_mixin.py:190} INFO - [2025-03-01T14:31:19.147+0000] {dag.py:3239} INFO - Sync 1 DAGs
[2025-03-01T14:31:19.165+0000] {logging_mixin.py:190} INFO - [2025-03-01T14:31:19.165+0000] {dag.py:4180} INFO - Setting next_dagrun for example_branch_dop_operator_v3 to 2025-03-01 14:30:00+00:00, run_after=2025-03-01 14:31:00+00:00
[2025-03-01T14:31:19.177+0000] {processor.py:208} INFO - Processing /home/airflow/.local/lib/python3.12/site-packages/airflow/example_dags/example_branch_python_dop_operator_3.py took 0.057 seconds
[2025-03-01T14:31:49.514+0000] {processor.py:186} INFO - Started process (PID=1829) to work on /home/airflow/.local/lib/python3.12/site-packages/airflow/example_dags/example_branch_python_dop_operator_3.py
[2025-03-01T14:31:49.515+0000] {processor.py:914} INFO - Processing file /home/airflow/.local/lib/python3.12/site-packages/airflow/example_dags/example_branch_python_dop_operator_3.py for tasks to queue
[2025-03-01T14:31:49.516+0000] {logging_mixin.py:190} INFO - [2025-03-01T14:31:49.516+0000] {dagbag.py:588} INFO - Filling up the DagBag from /home/airflow/.local/lib/python3.12/site-packages/airflow/example_dags/example_branch_python_dop_operator_3.py
[2025-03-01T14:31:49.524+0000] {processor.py:925} INFO - DAG(s) 'example_branch_dop_operator_v3' retrieved from /home/airflow/.local/lib/python3.12/site-packages/airflow/example_dags/example_branch_python_dop_operator_3.py
[2025-03-01T14:31:49.538+0000] {logging_mixin.py:190} INFO - [2025-03-01T14:31:49.537+0000] {dag.py:3239} INFO - Sync 1 DAGs
[2025-03-01T14:31:49.556+0000] {logging_mixin.py:190} INFO - [2025-03-01T14:31:49.556+0000] {dag.py:4180} INFO - Setting next_dagrun for example_branch_dop_operator_v3 to 2025-03-01 14:30:00+00:00, run_after=2025-03-01 14:31:00+00:00
[2025-03-01T14:31:49.567+0000] {processor.py:208} INFO - Processing /home/airflow/.local/lib/python3.12/site-packages/airflow/example_dags/example_branch_python_dop_operator_3.py took 0.057 seconds
[2025-03-01T14:32:20.023+0000] {processor.py:186} INFO - Started process (PID=1892) to work on /home/airflow/.local/lib/python3.12/site-packages/airflow/example_dags/example_branch_python_dop_operator_3.py
[2025-03-01T14:32:20.024+0000] {processor.py:914} INFO - Processing file /home/airflow/.local/lib/python3.12/site-packages/airflow/example_dags/example_branch_python_dop_operator_3.py for tasks to queue
[2025-03-01T14:32:20.025+0000] {logging_mixin.py:190} INFO - [2025-03-01T14:32:20.025+0000] {dagbag.py:588} INFO - Filling up the DagBag from /home/airflow/.local/lib/python3.12/site-packages/airflow/example_dags/example_branch_python_dop_operator_3.py
[2025-03-01T14:32:20.033+0000] {processor.py:925} INFO - DAG(s) 'example_branch_dop_operator_v3' retrieved from /home/airflow/.local/lib/python3.12/site-packages/airflow/example_dags/example_branch_python_dop_operator_3.py
[2025-03-01T14:32:20.047+0000] {logging_mixin.py:190} INFO - [2025-03-01T14:32:20.046+0000] {dag.py:3239} INFO - Sync 1 DAGs
[2025-03-01T14:32:20.065+0000] {logging_mixin.py:190} INFO - [2025-03-01T14:32:20.064+0000] {dag.py:4180} INFO - Setting next_dagrun for example_branch_dop_operator_v3 to 2025-03-01 14:31:00+00:00, run_after=2025-03-01 14:32:00+00:00
[2025-03-01T14:32:20.077+0000] {processor.py:208} INFO - Processing /home/airflow/.local/lib/python3.12/site-packages/airflow/example_dags/example_branch_python_dop_operator_3.py took 0.058 seconds
[2025-03-01T14:32:50.420+0000] {processor.py:186} INFO - Started process (PID=1955) to work on /home/airflow/.local/lib/python3.12/site-packages/airflow/example_dags/example_branch_python_dop_operator_3.py
[2025-03-01T14:32:50.420+0000] {processor.py:914} INFO - Processing file /home/airflow/.local/lib/python3.12/site-packages/airflow/example_dags/example_branch_python_dop_operator_3.py for tasks to queue
[2025-03-01T14:32:50.422+0000] {logging_mixin.py:190} INFO - [2025-03-01T14:32:50.422+0000] {dagbag.py:588} INFO - Filling up the DagBag from /home/airflow/.local/lib/python3.12/site-packages/airflow/example_dags/example_branch_python_dop_operator_3.py
[2025-03-01T14:32:50.429+0000] {processor.py:925} INFO - DAG(s) 'example_branch_dop_operator_v3' retrieved from /home/airflow/.local/lib/python3.12/site-packages/airflow/example_dags/example_branch_python_dop_operator_3.py
[2025-03-01T14:32:50.443+0000] {logging_mixin.py:190} INFO - [2025-03-01T14:32:50.443+0000] {dag.py:3239} INFO - Sync 1 DAGs
[2025-03-01T14:32:50.461+0000] {logging_mixin.py:190} INFO - [2025-03-01T14:32:50.461+0000] {dag.py:4180} INFO - Setting next_dagrun for example_branch_dop_operator_v3 to 2025-03-01 14:31:00+00:00, run_after=2025-03-01 14:32:00+00:00
[2025-03-01T14:32:50.473+0000] {processor.py:208} INFO - Processing /home/airflow/.local/lib/python3.12/site-packages/airflow/example_dags/example_branch_python_dop_operator_3.py took 0.058 seconds
[2025-03-01T14:33:20.634+0000] {processor.py:186} INFO - Started process (PID=2018) to work on /home/airflow/.local/lib/python3.12/site-packages/airflow/example_dags/example_branch_python_dop_operator_3.py
[2025-03-01T14:33:20.634+0000] {processor.py:914} INFO - Processing file /home/airflow/.local/lib/python3.12/site-packages/airflow/example_dags/example_branch_python_dop_operator_3.py for tasks to queue
[2025-03-01T14:33:20.636+0000] {logging_mixin.py:190} INFO - [2025-03-01T14:33:20.636+0000] {dagbag.py:588} INFO - Filling up the DagBag from /home/airflow/.local/lib/python3.12/site-packages/airflow/example_dags/example_branch_python_dop_operator_3.py
[2025-03-01T14:33:20.643+0000] {processor.py:925} INFO - DAG(s) 'example_branch_dop_operator_v3' retrieved from /home/airflow/.local/lib/python3.12/site-packages/airflow/example_dags/example_branch_python_dop_operator_3.py
[2025-03-01T14:33:20.657+0000] {logging_mixin.py:190} INFO - [2025-03-01T14:33:20.657+0000] {dag.py:3239} INFO - Sync 1 DAGs
[2025-03-01T14:33:20.675+0000] {logging_mixin.py:190} INFO - [2025-03-01T14:33:20.675+0000] {dag.py:4180} INFO - Setting next_dagrun for example_branch_dop_operator_v3 to 2025-03-01 14:32:00+00:00, run_after=2025-03-01 14:33:00+00:00
[2025-03-01T14:33:20.689+0000] {processor.py:208} INFO - Processing /home/airflow/.local/lib/python3.12/site-packages/airflow/example_dags/example_branch_python_dop_operator_3.py took 0.060 seconds
[2025-03-01T14:33:51.135+0000] {processor.py:186} INFO - Started process (PID=2081) to work on /home/airflow/.local/lib/python3.12/site-packages/airflow/example_dags/example_branch_python_dop_operator_3.py
[2025-03-01T14:33:51.135+0000] {processor.py:914} INFO - Processing file /home/airflow/.local/lib/python3.12/site-packages/airflow/example_dags/example_branch_python_dop_operator_3.py for tasks to queue
[2025-03-01T14:33:51.137+0000] {logging_mixin.py:190} INFO - [2025-03-01T14:33:51.137+0000] {dagbag.py:588} INFO - Filling up the DagBag from /home/airflow/.local/lib/python3.12/site-packages/airflow/example_dags/example_branch_python_dop_operator_3.py
[2025-03-01T14:33:51.144+0000] {processor.py:925} INFO - DAG(s) 'example_branch_dop_operator_v3' retrieved from /home/airflow/.local/lib/python3.12/site-packages/airflow/example_dags/example_branch_python_dop_operator_3.py
[2025-03-01T14:33:51.158+0000] {logging_mixin.py:190} INFO - [2025-03-01T14:33:51.158+0000] {dag.py:3239} INFO - Sync 1 DAGs
[2025-03-01T14:33:51.177+0000] {logging_mixin.py:190} INFO - [2025-03-01T14:33:51.176+0000] {dag.py:4180} INFO - Setting next_dagrun for example_branch_dop_operator_v3 to 2025-03-01 14:32:00+00:00, run_after=2025-03-01 14:33:00+00:00
[2025-03-01T14:33:51.189+0000] {processor.py:208} INFO - Processing /home/airflow/.local/lib/python3.12/site-packages/airflow/example_dags/example_branch_python_dop_operator_3.py took 0.058 seconds
[2025-03-01T14:34:21.271+0000] {processor.py:186} INFO - Started process (PID=2143) to work on /home/airflow/.local/lib/python3.12/site-packages/airflow/example_dags/example_branch_python_dop_operator_3.py
[2025-03-01T14:34:21.272+0000] {processor.py:914} INFO - Processing file /home/airflow/.local/lib/python3.12/site-packages/airflow/example_dags/example_branch_python_dop_operator_3.py for tasks to queue
[2025-03-01T14:34:21.273+0000] {logging_mixin.py:190} INFO - [2025-03-01T14:34:21.273+0000] {dagbag.py:588} INFO - Filling up the DagBag from /home/airflow/.local/lib/python3.12/site-packages/airflow/example_dags/example_branch_python_dop_operator_3.py
[2025-03-01T14:34:21.281+0000] {processor.py:925} INFO - DAG(s) 'example_branch_dop_operator_v3' retrieved from /home/airflow/.local/lib/python3.12/site-packages/airflow/example_dags/example_branch_python_dop_operator_3.py
[2025-03-01T14:34:21.294+0000] {logging_mixin.py:190} INFO - [2025-03-01T14:34:21.294+0000] {dag.py:3239} INFO - Sync 1 DAGs
[2025-03-01T14:34:21.312+0000] {logging_mixin.py:190} INFO - [2025-03-01T14:34:21.312+0000] {dag.py:4180} INFO - Setting next_dagrun for example_branch_dop_operator_v3 to 2025-03-01 14:33:00+00:00, run_after=2025-03-01 14:34:00+00:00
[2025-03-01T14:34:21.325+0000] {processor.py:208} INFO - Processing /home/airflow/.local/lib/python3.12/site-packages/airflow/example_dags/example_branch_python_dop_operator_3.py took 0.058 seconds
[2025-03-01T14:34:52.021+0000] {processor.py:186} INFO - Started process (PID=2205) to work on /home/airflow/.local/lib/python3.12/site-packages/airflow/example_dags/example_branch_python_dop_operator_3.py
[2025-03-01T14:34:52.029+0000] {processor.py:914} INFO - Processing file /home/airflow/.local/lib/python3.12/site-packages/airflow/example_dags/example_branch_python_dop_operator_3.py for tasks to queue
[2025-03-01T14:34:52.031+0000] {logging_mixin.py:190} INFO - [2025-03-01T14:34:52.031+0000] {dagbag.py:588} INFO - Filling up the DagBag from /home/airflow/.local/lib/python3.12/site-packages/airflow/example_dags/example_branch_python_dop_operator_3.py
[2025-03-01T14:34:52.048+0000] {processor.py:925} INFO - DAG(s) 'example_branch_dop_operator_v3' retrieved from /home/airflow/.local/lib/python3.12/site-packages/airflow/example_dags/example_branch_python_dop_operator_3.py
[2025-03-01T14:34:52.090+0000] {logging_mixin.py:190} INFO - [2025-03-01T14:34:52.089+0000] {dag.py:3239} INFO - Sync 1 DAGs
[2025-03-01T14:34:52.138+0000] {logging_mixin.py:190} INFO - [2025-03-01T14:34:52.138+0000] {dag.py:4180} INFO - Setting next_dagrun for example_branch_dop_operator_v3 to 2025-03-01 14:33:00+00:00, run_after=2025-03-01 14:34:00+00:00
[2025-03-01T14:34:52.174+0000] {processor.py:208} INFO - Processing /home/airflow/.local/lib/python3.12/site-packages/airflow/example_dags/example_branch_python_dop_operator_3.py took 0.158 seconds
[2025-03-01T14:35:23.050+0000] {processor.py:186} INFO - Started process (PID=2268) to work on /home/airflow/.local/lib/python3.12/site-packages/airflow/example_dags/example_branch_python_dop_operator_3.py
[2025-03-01T14:35:23.051+0000] {processor.py:914} INFO - Processing file /home/airflow/.local/lib/python3.12/site-packages/airflow/example_dags/example_branch_python_dop_operator_3.py for tasks to queue
[2025-03-01T14:35:23.053+0000] {logging_mixin.py:190} INFO - [2025-03-01T14:35:23.053+0000] {dagbag.py:588} INFO - Filling up the DagBag from /home/airflow/.local/lib/python3.12/site-packages/airflow/example_dags/example_branch_python_dop_operator_3.py
[2025-03-01T14:35:23.076+0000] {processor.py:925} INFO - DAG(s) 'example_branch_dop_operator_v3' retrieved from /home/airflow/.local/lib/python3.12/site-packages/airflow/example_dags/example_branch_python_dop_operator_3.py
[2025-03-01T14:35:23.114+0000] {logging_mixin.py:190} INFO - [2025-03-01T14:35:23.114+0000] {dag.py:3239} INFO - Sync 1 DAGs
[2025-03-01T14:35:23.183+0000] {logging_mixin.py:190} INFO - [2025-03-01T14:35:23.182+0000] {dag.py:4180} INFO - Setting next_dagrun for example_branch_dop_operator_v3 to 2025-03-01 14:34:00+00:00, run_after=2025-03-01 14:35:00+00:00
[2025-03-01T14:35:23.236+0000] {processor.py:208} INFO - Processing /home/airflow/.local/lib/python3.12/site-packages/airflow/example_dags/example_branch_python_dop_operator_3.py took 0.200 seconds
[2025-03-01T14:35:53.996+0000] {processor.py:186} INFO - Started process (PID=2331) to work on /home/airflow/.local/lib/python3.12/site-packages/airflow/example_dags/example_branch_python_dop_operator_3.py
[2025-03-01T14:35:53.997+0000] {processor.py:914} INFO - Processing file /home/airflow/.local/lib/python3.12/site-packages/airflow/example_dags/example_branch_python_dop_operator_3.py for tasks to queue
[2025-03-01T14:35:53.999+0000] {logging_mixin.py:190} INFO - [2025-03-01T14:35:53.998+0000] {dagbag.py:588} INFO - Filling up the DagBag from /home/airflow/.local/lib/python3.12/site-packages/airflow/example_dags/example_branch_python_dop_operator_3.py
[2025-03-01T14:35:54.009+0000] {processor.py:925} INFO - DAG(s) 'example_branch_dop_operator_v3' retrieved from /home/airflow/.local/lib/python3.12/site-packages/airflow/example_dags/example_branch_python_dop_operator_3.py
[2025-03-01T14:35:54.028+0000] {logging_mixin.py:190} INFO - [2025-03-01T14:35:54.028+0000] {dag.py:3239} INFO - Sync 1 DAGs
[2025-03-01T14:35:54.056+0000] {logging_mixin.py:190} INFO - [2025-03-01T14:35:54.055+0000] {dag.py:4180} INFO - Setting next_dagrun for example_branch_dop_operator_v3 to 2025-03-01 14:34:00+00:00, run_after=2025-03-01 14:35:00+00:00
[2025-03-01T14:35:54.071+0000] {processor.py:208} INFO - Processing /home/airflow/.local/lib/python3.12/site-packages/airflow/example_dags/example_branch_python_dop_operator_3.py took 0.081 seconds
[2025-03-01T14:36:24.420+0000] {processor.py:186} INFO - Started process (PID=2394) to work on /home/airflow/.local/lib/python3.12/site-packages/airflow/example_dags/example_branch_python_dop_operator_3.py
[2025-03-01T14:36:24.421+0000] {processor.py:914} INFO - Processing file /home/airflow/.local/lib/python3.12/site-packages/airflow/example_dags/example_branch_python_dop_operator_3.py for tasks to queue
[2025-03-01T14:36:24.423+0000] {logging_mixin.py:190} INFO - [2025-03-01T14:36:24.422+0000] {dagbag.py:588} INFO - Filling up the DagBag from /home/airflow/.local/lib/python3.12/site-packages/airflow/example_dags/example_branch_python_dop_operator_3.py
[2025-03-01T14:36:24.434+0000] {processor.py:925} INFO - DAG(s) 'example_branch_dop_operator_v3' retrieved from /home/airflow/.local/lib/python3.12/site-packages/airflow/example_dags/example_branch_python_dop_operator_3.py
[2025-03-01T14:36:24.454+0000] {logging_mixin.py:190} INFO - [2025-03-01T14:36:24.454+0000] {dag.py:3239} INFO - Sync 1 DAGs
[2025-03-01T14:36:24.483+0000] {logging_mixin.py:190} INFO - [2025-03-01T14:36:24.483+0000] {dag.py:4180} INFO - Setting next_dagrun for example_branch_dop_operator_v3 to 2025-03-01 14:35:00+00:00, run_after=2025-03-01 14:36:00+00:00
[2025-03-01T14:36:24.498+0000] {processor.py:208} INFO - Processing /home/airflow/.local/lib/python3.12/site-packages/airflow/example_dags/example_branch_python_dop_operator_3.py took 0.084 seconds
[2025-03-01T14:36:54.915+0000] {processor.py:186} INFO - Started process (PID=2458) to work on /home/airflow/.local/lib/python3.12/site-packages/airflow/example_dags/example_branch_python_dop_operator_3.py
[2025-03-01T14:36:54.916+0000] {processor.py:914} INFO - Processing file /home/airflow/.local/lib/python3.12/site-packages/airflow/example_dags/example_branch_python_dop_operator_3.py for tasks to queue
[2025-03-01T14:36:54.918+0000] {logging_mixin.py:190} INFO - [2025-03-01T14:36:54.918+0000] {dagbag.py:588} INFO - Filling up the DagBag from /home/airflow/.local/lib/python3.12/site-packages/airflow/example_dags/example_branch_python_dop_operator_3.py
[2025-03-01T14:36:54.929+0000] {processor.py:925} INFO - DAG(s) 'example_branch_dop_operator_v3' retrieved from /home/airflow/.local/lib/python3.12/site-packages/airflow/example_dags/example_branch_python_dop_operator_3.py
[2025-03-01T14:36:54.948+0000] {logging_mixin.py:190} INFO - [2025-03-01T14:36:54.948+0000] {dag.py:3239} INFO - Sync 1 DAGs
[2025-03-01T14:36:54.977+0000] {logging_mixin.py:190} INFO - [2025-03-01T14:36:54.977+0000] {dag.py:4180} INFO - Setting next_dagrun for example_branch_dop_operator_v3 to 2025-03-01 14:35:00+00:00, run_after=2025-03-01 14:36:00+00:00
[2025-03-01T14:36:54.992+0000] {processor.py:208} INFO - Processing /home/airflow/.local/lib/python3.12/site-packages/airflow/example_dags/example_branch_python_dop_operator_3.py took 0.081 seconds
[2025-03-01T14:37:25.075+0000] {processor.py:186} INFO - Started process (PID=2520) to work on /home/airflow/.local/lib/python3.12/site-packages/airflow/example_dags/example_branch_python_dop_operator_3.py
[2025-03-01T14:37:25.085+0000] {processor.py:914} INFO - Processing file /home/airflow/.local/lib/python3.12/site-packages/airflow/example_dags/example_branch_python_dop_operator_3.py for tasks to queue
[2025-03-01T14:37:25.087+0000] {logging_mixin.py:190} INFO - [2025-03-01T14:37:25.087+0000] {dagbag.py:588} INFO - Filling up the DagBag from /home/airflow/.local/lib/python3.12/site-packages/airflow/example_dags/example_branch_python_dop_operator_3.py
[2025-03-01T14:37:25.101+0000] {processor.py:925} INFO - DAG(s) 'example_branch_dop_operator_v3' retrieved from /home/airflow/.local/lib/python3.12/site-packages/airflow/example_dags/example_branch_python_dop_operator_3.py
[2025-03-01T14:37:25.137+0000] {logging_mixin.py:190} INFO - [2025-03-01T14:37:25.137+0000] {dag.py:3239} INFO - Sync 1 DAGs
[2025-03-01T14:37:25.166+0000] {logging_mixin.py:190} INFO - [2025-03-01T14:37:25.166+0000] {dag.py:4180} INFO - Setting next_dagrun for example_branch_dop_operator_v3 to 2025-03-01 14:36:00+00:00, run_after=2025-03-01 14:37:00+00:00
[2025-03-01T14:37:25.182+0000] {processor.py:208} INFO - Processing /home/airflow/.local/lib/python3.12/site-packages/airflow/example_dags/example_branch_python_dop_operator_3.py took 0.114 seconds
[2025-03-01T14:37:55.413+0000] {processor.py:186} INFO - Started process (PID=2584) to work on /home/airflow/.local/lib/python3.12/site-packages/airflow/example_dags/example_branch_python_dop_operator_3.py
[2025-03-01T14:37:55.414+0000] {processor.py:914} INFO - Processing file /home/airflow/.local/lib/python3.12/site-packages/airflow/example_dags/example_branch_python_dop_operator_3.py for tasks to queue
[2025-03-01T14:37:55.416+0000] {logging_mixin.py:190} INFO - [2025-03-01T14:37:55.416+0000] {dagbag.py:588} INFO - Filling up the DagBag from /home/airflow/.local/lib/python3.12/site-packages/airflow/example_dags/example_branch_python_dop_operator_3.py
[2025-03-01T14:37:55.427+0000] {processor.py:925} INFO - DAG(s) 'example_branch_dop_operator_v3' retrieved from /home/airflow/.local/lib/python3.12/site-packages/airflow/example_dags/example_branch_python_dop_operator_3.py
[2025-03-01T14:37:55.451+0000] {logging_mixin.py:190} INFO - [2025-03-01T14:37:55.450+0000] {dag.py:3239} INFO - Sync 1 DAGs
[2025-03-01T14:37:55.479+0000] {logging_mixin.py:190} INFO - [2025-03-01T14:37:55.479+0000] {dag.py:4180} INFO - Setting next_dagrun for example_branch_dop_operator_v3 to 2025-03-01 14:36:00+00:00, run_after=2025-03-01 14:37:00+00:00
[2025-03-01T14:37:55.495+0000] {processor.py:208} INFO - Processing /home/airflow/.local/lib/python3.12/site-packages/airflow/example_dags/example_branch_python_dop_operator_3.py took 0.088 seconds
[2025-03-01T14:38:25.770+0000] {processor.py:186} INFO - Started process (PID=2647) to work on /home/airflow/.local/lib/python3.12/site-packages/airflow/example_dags/example_branch_python_dop_operator_3.py
[2025-03-01T14:38:25.771+0000] {processor.py:914} INFO - Processing file /home/airflow/.local/lib/python3.12/site-packages/airflow/example_dags/example_branch_python_dop_operator_3.py for tasks to queue
[2025-03-01T14:38:25.773+0000] {logging_mixin.py:190} INFO - [2025-03-01T14:38:25.773+0000] {dagbag.py:588} INFO - Filling up the DagBag from /home/airflow/.local/lib/python3.12/site-packages/airflow/example_dags/example_branch_python_dop_operator_3.py
[2025-03-01T14:38:25.784+0000] {processor.py:925} INFO - DAG(s) 'example_branch_dop_operator_v3' retrieved from /home/airflow/.local/lib/python3.12/site-packages/airflow/example_dags/example_branch_python_dop_operator_3.py
[2025-03-01T14:38:25.803+0000] {logging_mixin.py:190} INFO - [2025-03-01T14:38:25.803+0000] {dag.py:3239} INFO - Sync 1 DAGs
[2025-03-01T14:38:25.838+0000] {logging_mixin.py:190} INFO - [2025-03-01T14:38:25.838+0000] {dag.py:4180} INFO - Setting next_dagrun for example_branch_dop_operator_v3 to 2025-03-01 14:37:00+00:00, run_after=2025-03-01 14:38:00+00:00
[2025-03-01T14:38:25.854+0000] {processor.py:208} INFO - Processing /home/airflow/.local/lib/python3.12/site-packages/airflow/example_dags/example_branch_python_dop_operator_3.py took 0.089 seconds
[2025-03-01T14:38:56.392+0000] {processor.py:186} INFO - Started process (PID=2710) to work on /home/airflow/.local/lib/python3.12/site-packages/airflow/example_dags/example_branch_python_dop_operator_3.py
[2025-03-01T14:38:56.393+0000] {processor.py:914} INFO - Processing file /home/airflow/.local/lib/python3.12/site-packages/airflow/example_dags/example_branch_python_dop_operator_3.py for tasks to queue
[2025-03-01T14:38:56.395+0000] {logging_mixin.py:190} INFO - [2025-03-01T14:38:56.395+0000] {dagbag.py:588} INFO - Filling up the DagBag from /home/airflow/.local/lib/python3.12/site-packages/airflow/example_dags/example_branch_python_dop_operator_3.py
[2025-03-01T14:38:56.406+0000] {processor.py:925} INFO - DAG(s) 'example_branch_dop_operator_v3' retrieved from /home/airflow/.local/lib/python3.12/site-packages/airflow/example_dags/example_branch_python_dop_operator_3.py
[2025-03-01T14:38:56.424+0000] {logging_mixin.py:190} INFO - [2025-03-01T14:38:56.424+0000] {dag.py:3239} INFO - Sync 1 DAGs
[2025-03-01T14:38:56.453+0000] {logging_mixin.py:190} INFO - [2025-03-01T14:38:56.453+0000] {dag.py:4180} INFO - Setting next_dagrun for example_branch_dop_operator_v3 to 2025-03-01 14:37:00+00:00, run_after=2025-03-01 14:38:00+00:00
[2025-03-01T14:38:56.468+0000] {processor.py:208} INFO - Processing /home/airflow/.local/lib/python3.12/site-packages/airflow/example_dags/example_branch_python_dop_operator_3.py took 0.082 seconds
[2025-03-01T14:39:26.780+0000] {processor.py:186} INFO - Started process (PID=2774) to work on /home/airflow/.local/lib/python3.12/site-packages/airflow/example_dags/example_branch_python_dop_operator_3.py
[2025-03-01T14:39:26.781+0000] {processor.py:914} INFO - Processing file /home/airflow/.local/lib/python3.12/site-packages/airflow/example_dags/example_branch_python_dop_operator_3.py for tasks to queue
[2025-03-01T14:39:26.783+0000] {logging_mixin.py:190} INFO - [2025-03-01T14:39:26.783+0000] {dagbag.py:588} INFO - Filling up the DagBag from /home/airflow/.local/lib/python3.12/site-packages/airflow/example_dags/example_branch_python_dop_operator_3.py
[2025-03-01T14:39:26.794+0000] {processor.py:925} INFO - DAG(s) 'example_branch_dop_operator_v3' retrieved from /home/airflow/.local/lib/python3.12/site-packages/airflow/example_dags/example_branch_python_dop_operator_3.py
[2025-03-01T14:39:26.813+0000] {logging_mixin.py:190} INFO - [2025-03-01T14:39:26.812+0000] {dag.py:3239} INFO - Sync 1 DAGs
[2025-03-01T14:39:26.852+0000] {logging_mixin.py:190} INFO - [2025-03-01T14:39:26.852+0000] {dag.py:4180} INFO - Setting next_dagrun for example_branch_dop_operator_v3 to 2025-03-01 14:38:00+00:00, run_after=2025-03-01 14:39:00+00:00
[2025-03-01T14:39:26.869+0000] {processor.py:208} INFO - Processing /home/airflow/.local/lib/python3.12/site-packages/airflow/example_dags/example_branch_python_dop_operator_3.py took 0.094 seconds
[2025-03-01T14:39:57.826+0000] {processor.py:186} INFO - Started process (PID=2837) to work on /home/airflow/.local/lib/python3.12/site-packages/airflow/example_dags/example_branch_python_dop_operator_3.py
[2025-03-01T14:39:57.826+0000] {processor.py:914} INFO - Processing file /home/airflow/.local/lib/python3.12/site-packages/airflow/example_dags/example_branch_python_dop_operator_3.py for tasks to queue
[2025-03-01T14:39:57.829+0000] {logging_mixin.py:190} INFO - [2025-03-01T14:39:57.828+0000] {dagbag.py:588} INFO - Filling up the DagBag from /home/airflow/.local/lib/python3.12/site-packages/airflow/example_dags/example_branch_python_dop_operator_3.py
[2025-03-01T14:39:57.839+0000] {processor.py:925} INFO - DAG(s) 'example_branch_dop_operator_v3' retrieved from /home/airflow/.local/lib/python3.12/site-packages/airflow/example_dags/example_branch_python_dop_operator_3.py
[2025-03-01T14:39:57.868+0000] {logging_mixin.py:190} INFO - [2025-03-01T14:39:57.868+0000] {dag.py:3239} INFO - Sync 1 DAGs
[2025-03-01T14:39:57.897+0000] {logging_mixin.py:190} INFO - [2025-03-01T14:39:57.897+0000] {dag.py:4180} INFO - Setting next_dagrun for example_branch_dop_operator_v3 to 2025-03-01 14:38:00+00:00, run_after=2025-03-01 14:39:00+00:00
[2025-03-01T14:39:57.914+0000] {processor.py:208} INFO - Processing /home/airflow/.local/lib/python3.12/site-packages/airflow/example_dags/example_branch_python_dop_operator_3.py took 0.094 seconds
[2025-03-01T14:40:28.006+0000] {processor.py:186} INFO - Started process (PID=2893) to work on /home/airflow/.local/lib/python3.12/site-packages/airflow/example_dags/example_branch_python_dop_operator_3.py
[2025-03-01T14:40:28.007+0000] {processor.py:914} INFO - Processing file /home/airflow/.local/lib/python3.12/site-packages/airflow/example_dags/example_branch_python_dop_operator_3.py for tasks to queue
[2025-03-01T14:40:28.009+0000] {logging_mixin.py:190} INFO - [2025-03-01T14:40:28.008+0000] {dagbag.py:588} INFO - Filling up the DagBag from /home/airflow/.local/lib/python3.12/site-packages/airflow/example_dags/example_branch_python_dop_operator_3.py
[2025-03-01T14:40:28.019+0000] {processor.py:925} INFO - DAG(s) 'example_branch_dop_operator_v3' retrieved from /home/airflow/.local/lib/python3.12/site-packages/airflow/example_dags/example_branch_python_dop_operator_3.py
[2025-03-01T14:40:28.056+0000] {logging_mixin.py:190} INFO - [2025-03-01T14:40:28.056+0000] {dag.py:3239} INFO - Sync 1 DAGs
[2025-03-01T14:40:28.086+0000] {logging_mixin.py:190} INFO - [2025-03-01T14:40:28.086+0000] {dag.py:4180} INFO - Setting next_dagrun for example_branch_dop_operator_v3 to 2025-03-01 14:39:00+00:00, run_after=2025-03-01 14:40:00+00:00
[2025-03-01T14:40:28.114+0000] {processor.py:208} INFO - Processing /home/airflow/.local/lib/python3.12/site-packages/airflow/example_dags/example_branch_python_dop_operator_3.py took 0.113 seconds
[2025-03-01T14:40:59.049+0000] {processor.py:186} INFO - Started process (PID=2954) to work on /home/airflow/.local/lib/python3.12/site-packages/airflow/example_dags/example_branch_python_dop_operator_3.py
[2025-03-01T14:40:59.050+0000] {processor.py:914} INFO - Processing file /home/airflow/.local/lib/python3.12/site-packages/airflow/example_dags/example_branch_python_dop_operator_3.py for tasks to queue
[2025-03-01T14:40:59.052+0000] {logging_mixin.py:190} INFO - [2025-03-01T14:40:59.052+0000] {dagbag.py:588} INFO - Filling up the DagBag from /home/airflow/.local/lib/python3.12/site-packages/airflow/example_dags/example_branch_python_dop_operator_3.py
[2025-03-01T14:40:59.063+0000] {processor.py:925} INFO - DAG(s) 'example_branch_dop_operator_v3' retrieved from /home/airflow/.local/lib/python3.12/site-packages/airflow/example_dags/example_branch_python_dop_operator_3.py
[2025-03-01T14:40:59.082+0000] {logging_mixin.py:190} INFO - [2025-03-01T14:40:59.081+0000] {dag.py:3239} INFO - Sync 1 DAGs
[2025-03-01T14:40:59.107+0000] {logging_mixin.py:190} INFO - [2025-03-01T14:40:59.107+0000] {dag.py:4180} INFO - Setting next_dagrun for example_branch_dop_operator_v3 to 2025-03-01 14:39:00+00:00, run_after=2025-03-01 14:40:00+00:00
[2025-03-01T14:40:59.123+0000] {processor.py:208} INFO - Processing /home/airflow/.local/lib/python3.12/site-packages/airflow/example_dags/example_branch_python_dop_operator_3.py took 0.080 seconds
[2025-03-01T14:41:29.738+0000] {processor.py:186} INFO - Started process (PID=3013) to work on /home/airflow/.local/lib/python3.12/site-packages/airflow/example_dags/example_branch_python_dop_operator_3.py
[2025-03-01T14:41:29.739+0000] {processor.py:914} INFO - Processing file /home/airflow/.local/lib/python3.12/site-packages/airflow/example_dags/example_branch_python_dop_operator_3.py for tasks to queue
[2025-03-01T14:41:29.741+0000] {logging_mixin.py:190} INFO - [2025-03-01T14:41:29.741+0000] {dagbag.py:588} INFO - Filling up the DagBag from /home/airflow/.local/lib/python3.12/site-packages/airflow/example_dags/example_branch_python_dop_operator_3.py
[2025-03-01T14:41:29.753+0000] {processor.py:925} INFO - DAG(s) 'example_branch_dop_operator_v3' retrieved from /home/airflow/.local/lib/python3.12/site-packages/airflow/example_dags/example_branch_python_dop_operator_3.py
[2025-03-01T14:41:29.770+0000] {logging_mixin.py:190} INFO - [2025-03-01T14:41:29.770+0000] {dag.py:3239} INFO - Sync 1 DAGs
[2025-03-01T14:41:29.798+0000] {logging_mixin.py:190} INFO - [2025-03-01T14:41:29.798+0000] {dag.py:4180} INFO - Setting next_dagrun for example_branch_dop_operator_v3 to 2025-03-01 14:40:00+00:00, run_after=2025-03-01 14:41:00+00:00
[2025-03-01T14:41:29.815+0000] {processor.py:208} INFO - Processing /home/airflow/.local/lib/python3.12/site-packages/airflow/example_dags/example_branch_python_dop_operator_3.py took 0.082 seconds
[2025-03-01T14:42:00.580+0000] {processor.py:186} INFO - Started process (PID=3076) to work on /home/airflow/.local/lib/python3.12/site-packages/airflow/example_dags/example_branch_python_dop_operator_3.py
[2025-03-01T14:42:00.585+0000] {processor.py:914} INFO - Processing file /home/airflow/.local/lib/python3.12/site-packages/airflow/example_dags/example_branch_python_dop_operator_3.py for tasks to queue
[2025-03-01T14:42:00.587+0000] {logging_mixin.py:190} INFO - [2025-03-01T14:42:00.587+0000] {dagbag.py:588} INFO - Filling up the DagBag from /home/airflow/.local/lib/python3.12/site-packages/airflow/example_dags/example_branch_python_dop_operator_3.py
[2025-03-01T14:42:00.611+0000] {processor.py:925} INFO - DAG(s) 'example_branch_dop_operator_v3' retrieved from /home/airflow/.local/lib/python3.12/site-packages/airflow/example_dags/example_branch_python_dop_operator_3.py
[2025-03-01T14:42:00.631+0000] {logging_mixin.py:190} INFO - [2025-03-01T14:42:00.630+0000] {dag.py:3239} INFO - Sync 1 DAGs
[2025-03-01T14:42:00.659+0000] {logging_mixin.py:190} INFO - [2025-03-01T14:42:00.658+0000] {dag.py:4180} INFO - Setting next_dagrun for example_branch_dop_operator_v3 to 2025-03-01 14:41:00+00:00, run_after=2025-03-01 14:42:00+00:00
[2025-03-01T14:42:00.675+0000] {processor.py:208} INFO - Processing /home/airflow/.local/lib/python3.12/site-packages/airflow/example_dags/example_branch_python_dop_operator_3.py took 0.100 seconds
[2025-03-01T14:42:31.222+0000] {processor.py:186} INFO - Started process (PID=3138) to work on /home/airflow/.local/lib/python3.12/site-packages/airflow/example_dags/example_branch_python_dop_operator_3.py
[2025-03-01T14:42:31.223+0000] {processor.py:914} INFO - Processing file /home/airflow/.local/lib/python3.12/site-packages/airflow/example_dags/example_branch_python_dop_operator_3.py for tasks to queue
[2025-03-01T14:42:31.225+0000] {logging_mixin.py:190} INFO - [2025-03-01T14:42:31.225+0000] {dagbag.py:588} INFO - Filling up the DagBag from /home/airflow/.local/lib/python3.12/site-packages/airflow/example_dags/example_branch_python_dop_operator_3.py
[2025-03-01T14:42:31.236+0000] {processor.py:925} INFO - DAG(s) 'example_branch_dop_operator_v3' retrieved from /home/airflow/.local/lib/python3.12/site-packages/airflow/example_dags/example_branch_python_dop_operator_3.py
[2025-03-01T14:42:31.253+0000] {logging_mixin.py:190} INFO - [2025-03-01T14:42:31.253+0000] {dag.py:3239} INFO - Sync 1 DAGs
[2025-03-01T14:42:31.282+0000] {logging_mixin.py:190} INFO - [2025-03-01T14:42:31.281+0000] {dag.py:4180} INFO - Setting next_dagrun for example_branch_dop_operator_v3 to 2025-03-01 14:41:00+00:00, run_after=2025-03-01 14:42:00+00:00
[2025-03-01T14:42:31.299+0000] {processor.py:208} INFO - Processing /home/airflow/.local/lib/python3.12/site-packages/airflow/example_dags/example_branch_python_dop_operator_3.py took 0.082 seconds
[2025-03-01T14:43:01.418+0000] {processor.py:186} INFO - Started process (PID=3201) to work on /home/airflow/.local/lib/python3.12/site-packages/airflow/example_dags/example_branch_python_dop_operator_3.py
[2025-03-01T14:43:01.419+0000] {processor.py:914} INFO - Processing file /home/airflow/.local/lib/python3.12/site-packages/airflow/example_dags/example_branch_python_dop_operator_3.py for tasks to queue
[2025-03-01T14:43:01.426+0000] {logging_mixin.py:190} INFO - [2025-03-01T14:43:01.426+0000] {dagbag.py:588} INFO - Filling up the DagBag from /home/airflow/.local/lib/python3.12/site-packages/airflow/example_dags/example_branch_python_dop_operator_3.py
[2025-03-01T14:43:01.476+0000] {processor.py:925} INFO - DAG(s) 'example_branch_dop_operator_v3' retrieved from /home/airflow/.local/lib/python3.12/site-packages/airflow/example_dags/example_branch_python_dop_operator_3.py
[2025-03-01T14:43:01.497+0000] {logging_mixin.py:190} INFO - [2025-03-01T14:43:01.496+0000] {dag.py:3239} INFO - Sync 1 DAGs
[2025-03-01T14:43:01.539+0000] {logging_mixin.py:190} INFO - [2025-03-01T14:43:01.539+0000] {dag.py:4180} INFO - Setting next_dagrun for example_branch_dop_operator_v3 to 2025-03-01 14:42:00+00:00, run_after=2025-03-01 14:43:00+00:00
[2025-03-01T14:43:01.598+0000] {processor.py:208} INFO - Processing /home/airflow/.local/lib/python3.12/site-packages/airflow/example_dags/example_branch_python_dop_operator_3.py took 0.206 seconds
[2025-03-01T14:43:32.451+0000] {processor.py:186} INFO - Started process (PID=3264) to work on /home/airflow/.local/lib/python3.12/site-packages/airflow/example_dags/example_branch_python_dop_operator_3.py
[2025-03-01T14:43:32.451+0000] {processor.py:914} INFO - Processing file /home/airflow/.local/lib/python3.12/site-packages/airflow/example_dags/example_branch_python_dop_operator_3.py for tasks to queue
[2025-03-01T14:43:32.454+0000] {logging_mixin.py:190} INFO - [2025-03-01T14:43:32.454+0000] {dagbag.py:588} INFO - Filling up the DagBag from /home/airflow/.local/lib/python3.12/site-packages/airflow/example_dags/example_branch_python_dop_operator_3.py
[2025-03-01T14:43:32.464+0000] {processor.py:925} INFO - DAG(s) 'example_branch_dop_operator_v3' retrieved from /home/airflow/.local/lib/python3.12/site-packages/airflow/example_dags/example_branch_python_dop_operator_3.py
[2025-03-01T14:43:32.483+0000] {logging_mixin.py:190} INFO - [2025-03-01T14:43:32.483+0000] {dag.py:3239} INFO - Sync 1 DAGs
[2025-03-01T14:43:32.513+0000] {logging_mixin.py:190} INFO - [2025-03-01T14:43:32.513+0000] {dag.py:4180} INFO - Setting next_dagrun for example_branch_dop_operator_v3 to 2025-03-01 14:42:00+00:00, run_after=2025-03-01 14:43:00+00:00
[2025-03-01T14:43:32.528+0000] {processor.py:208} INFO - Processing /home/airflow/.local/lib/python3.12/site-packages/airflow/example_dags/example_branch_python_dop_operator_3.py took 0.084 seconds
[2025-03-01T14:44:02.675+0000] {processor.py:186} INFO - Started process (PID=3327) to work on /home/airflow/.local/lib/python3.12/site-packages/airflow/example_dags/example_branch_python_dop_operator_3.py
[2025-03-01T14:44:02.677+0000] {processor.py:914} INFO - Processing file /home/airflow/.local/lib/python3.12/site-packages/airflow/example_dags/example_branch_python_dop_operator_3.py for tasks to queue
[2025-03-01T14:44:02.680+0000] {logging_mixin.py:190} INFO - [2025-03-01T14:44:02.679+0000] {dagbag.py:588} INFO - Filling up the DagBag from /home/airflow/.local/lib/python3.12/site-packages/airflow/example_dags/example_branch_python_dop_operator_3.py
[2025-03-01T14:44:02.690+0000] {processor.py:925} INFO - DAG(s) 'example_branch_dop_operator_v3' retrieved from /home/airflow/.local/lib/python3.12/site-packages/airflow/example_dags/example_branch_python_dop_operator_3.py
[2025-03-01T14:44:02.709+0000] {logging_mixin.py:190} INFO - [2025-03-01T14:44:02.709+0000] {dag.py:3239} INFO - Sync 1 DAGs
[2025-03-01T14:44:02.737+0000] {logging_mixin.py:190} INFO - [2025-03-01T14:44:02.736+0000] {dag.py:4180} INFO - Setting next_dagrun for example_branch_dop_operator_v3 to 2025-03-01 14:43:00+00:00, run_after=2025-03-01 14:44:00+00:00
[2025-03-01T14:44:02.756+0000] {processor.py:208} INFO - Processing /home/airflow/.local/lib/python3.12/site-packages/airflow/example_dags/example_branch_python_dop_operator_3.py took 0.087 seconds
[2025-03-01T14:44:33.434+0000] {processor.py:186} INFO - Started process (PID=3397) to work on /home/airflow/.local/lib/python3.12/site-packages/airflow/example_dags/example_branch_python_dop_operator_3.py
[2025-03-01T14:44:33.435+0000] {processor.py:914} INFO - Processing file /home/airflow/.local/lib/python3.12/site-packages/airflow/example_dags/example_branch_python_dop_operator_3.py for tasks to queue
[2025-03-01T14:44:33.437+0000] {logging_mixin.py:190} INFO - [2025-03-01T14:44:33.436+0000] {dagbag.py:588} INFO - Filling up the DagBag from /home/airflow/.local/lib/python3.12/site-packages/airflow/example_dags/example_branch_python_dop_operator_3.py
[2025-03-01T14:44:33.449+0000] {processor.py:925} INFO - DAG(s) 'example_branch_dop_operator_v3' retrieved from /home/airflow/.local/lib/python3.12/site-packages/airflow/example_dags/example_branch_python_dop_operator_3.py
[2025-03-01T14:44:33.473+0000] {logging_mixin.py:190} INFO - [2025-03-01T14:44:33.472+0000] {dag.py:3239} INFO - Sync 1 DAGs
[2025-03-01T14:44:33.519+0000] {logging_mixin.py:190} INFO - [2025-03-01T14:44:33.519+0000] {dag.py:4180} INFO - Setting next_dagrun for example_branch_dop_operator_v3 to 2025-03-01 14:43:00+00:00, run_after=2025-03-01 14:44:00+00:00
[2025-03-01T14:44:33.544+0000] {processor.py:208} INFO - Processing /home/airflow/.local/lib/python3.12/site-packages/airflow/example_dags/example_branch_python_dop_operator_3.py took 0.117 seconds
[2025-03-01T14:45:04.396+0000] {processor.py:186} INFO - Started process (PID=3459) to work on /home/airflow/.local/lib/python3.12/site-packages/airflow/example_dags/example_branch_python_dop_operator_3.py
[2025-03-01T14:45:04.421+0000] {processor.py:914} INFO - Processing file /home/airflow/.local/lib/python3.12/site-packages/airflow/example_dags/example_branch_python_dop_operator_3.py for tasks to queue
[2025-03-01T14:45:04.435+0000] {logging_mixin.py:190} INFO - [2025-03-01T14:45:04.435+0000] {dagbag.py:588} INFO - Filling up the DagBag from /home/airflow/.local/lib/python3.12/site-packages/airflow/example_dags/example_branch_python_dop_operator_3.py
[2025-03-01T14:45:04.551+0000] {processor.py:925} INFO - DAG(s) 'example_branch_dop_operator_v3' retrieved from /home/airflow/.local/lib/python3.12/site-packages/airflow/example_dags/example_branch_python_dop_operator_3.py
[2025-03-01T14:45:04.634+0000] {logging_mixin.py:190} INFO - [2025-03-01T14:45:04.634+0000] {dag.py:3239} INFO - Sync 1 DAGs
[2025-03-01T14:45:04.753+0000] {logging_mixin.py:190} INFO - [2025-03-01T14:45:04.753+0000] {dag.py:4180} INFO - Setting next_dagrun for example_branch_dop_operator_v3 to 2025-03-01 14:44:00+00:00, run_after=2025-03-01 14:45:00+00:00
[2025-03-01T14:45:04.827+0000] {processor.py:208} INFO - Processing /home/airflow/.local/lib/python3.12/site-packages/airflow/example_dags/example_branch_python_dop_operator_3.py took 0.456 seconds
[2025-03-01T14:45:35.185+0000] {processor.py:186} INFO - Started process (PID=3522) to work on /home/airflow/.local/lib/python3.12/site-packages/airflow/example_dags/example_branch_python_dop_operator_3.py
[2025-03-01T14:45:35.188+0000] {processor.py:914} INFO - Processing file /home/airflow/.local/lib/python3.12/site-packages/airflow/example_dags/example_branch_python_dop_operator_3.py for tasks to queue
[2025-03-01T14:45:35.193+0000] {logging_mixin.py:190} INFO - [2025-03-01T14:45:35.192+0000] {dagbag.py:588} INFO - Filling up the DagBag from /home/airflow/.local/lib/python3.12/site-packages/airflow/example_dags/example_branch_python_dop_operator_3.py
[2025-03-01T14:45:35.217+0000] {processor.py:925} INFO - DAG(s) 'example_branch_dop_operator_v3' retrieved from /home/airflow/.local/lib/python3.12/site-packages/airflow/example_dags/example_branch_python_dop_operator_3.py
[2025-03-01T14:45:35.261+0000] {logging_mixin.py:190} INFO - [2025-03-01T14:45:35.261+0000] {dag.py:3239} INFO - Sync 1 DAGs
[2025-03-01T14:45:35.292+0000] {logging_mixin.py:190} INFO - [2025-03-01T14:45:35.292+0000] {dag.py:4180} INFO - Setting next_dagrun for example_branch_dop_operator_v3 to 2025-03-01 14:44:00+00:00, run_after=2025-03-01 14:45:00+00:00
[2025-03-01T14:45:35.322+0000] {processor.py:208} INFO - Processing /home/airflow/.local/lib/python3.12/site-packages/airflow/example_dags/example_branch_python_dop_operator_3.py took 0.155 seconds
[2025-03-01T14:46:09.557+0000] {processor.py:186} INFO - Started process (PID=3585) to work on /home/airflow/.local/lib/python3.12/site-packages/airflow/example_dags/example_branch_python_dop_operator_3.py
[2025-03-01T14:46:09.566+0000] {processor.py:914} INFO - Processing file /home/airflow/.local/lib/python3.12/site-packages/airflow/example_dags/example_branch_python_dop_operator_3.py for tasks to queue
[2025-03-01T14:46:09.573+0000] {logging_mixin.py:190} INFO - [2025-03-01T14:46:09.572+0000] {dagbag.py:588} INFO - Filling up the DagBag from /home/airflow/.local/lib/python3.12/site-packages/airflow/example_dags/example_branch_python_dop_operator_3.py
[2025-03-01T14:46:09.670+0000] {processor.py:925} INFO - DAG(s) 'example_branch_dop_operator_v3' retrieved from /home/airflow/.local/lib/python3.12/site-packages/airflow/example_dags/example_branch_python_dop_operator_3.py
[2025-03-01T14:46:09.786+0000] {logging_mixin.py:190} INFO - [2025-03-01T14:46:09.786+0000] {dag.py:3239} INFO - Sync 1 DAGs
[2025-03-01T14:46:09.950+0000] {logging_mixin.py:190} INFO - [2025-03-01T14:46:09.950+0000] {dag.py:4180} INFO - Setting next_dagrun for example_branch_dop_operator_v3 to 2025-03-01 14:45:00+00:00, run_after=2025-03-01 14:46:00+00:00
[2025-03-01T14:46:10.155+0000] {processor.py:208} INFO - Processing /home/airflow/.local/lib/python3.12/site-packages/airflow/example_dags/example_branch_python_dop_operator_3.py took 0.623 seconds
[2025-03-01T14:46:49.909+0000] {processor.py:186} INFO - Started process (PID=3644) to work on /home/airflow/.local/lib/python3.12/site-packages/airflow/example_dags/example_branch_python_dop_operator_3.py
[2025-03-01T14:46:49.913+0000] {processor.py:914} INFO - Processing file /home/airflow/.local/lib/python3.12/site-packages/airflow/example_dags/example_branch_python_dop_operator_3.py for tasks to queue
[2025-03-01T14:46:49.918+0000] {logging_mixin.py:190} INFO - [2025-03-01T14:46:49.917+0000] {dagbag.py:588} INFO - Filling up the DagBag from /home/airflow/.local/lib/python3.12/site-packages/airflow/example_dags/example_branch_python_dop_operator_3.py
[2025-03-01T14:46:50.058+0000] {processor.py:925} INFO - DAG(s) 'example_branch_dop_operator_v3' retrieved from /home/airflow/.local/lib/python3.12/site-packages/airflow/example_dags/example_branch_python_dop_operator_3.py
[2025-03-01T14:46:50.303+0000] {logging_mixin.py:190} INFO - [2025-03-01T14:46:50.299+0000] {dag.py:3239} INFO - Sync 1 DAGs
[2025-03-01T14:46:50.611+0000] {logging_mixin.py:190} INFO - [2025-03-01T14:46:50.611+0000] {dag.py:4180} INFO - Setting next_dagrun for example_branch_dop_operator_v3 to 2025-03-01 14:45:00+00:00, run_after=2025-03-01 14:46:00+00:00
[2025-03-01T14:46:50.735+0000] {processor.py:208} INFO - Processing /home/airflow/.local/lib/python3.12/site-packages/airflow/example_dags/example_branch_python_dop_operator_3.py took 0.868 seconds
[2025-03-01T14:47:33.268+0000] {processor.py:186} INFO - Started process (PID=3707) to work on /home/airflow/.local/lib/python3.12/site-packages/airflow/example_dags/example_branch_python_dop_operator_3.py
[2025-03-01T14:47:33.279+0000] {processor.py:914} INFO - Processing file /home/airflow/.local/lib/python3.12/site-packages/airflow/example_dags/example_branch_python_dop_operator_3.py for tasks to queue
[2025-03-01T14:47:33.287+0000] {logging_mixin.py:190} INFO - [2025-03-01T14:47:33.286+0000] {dagbag.py:588} INFO - Filling up the DagBag from /home/airflow/.local/lib/python3.12/site-packages/airflow/example_dags/example_branch_python_dop_operator_3.py
[2025-03-01T14:47:33.354+0000] {processor.py:925} INFO - DAG(s) 'example_branch_dop_operator_v3' retrieved from /home/airflow/.local/lib/python3.12/site-packages/airflow/example_dags/example_branch_python_dop_operator_3.py
[2025-03-01T14:47:33.477+0000] {logging_mixin.py:190} INFO - [2025-03-01T14:47:33.477+0000] {dag.py:3239} INFO - Sync 1 DAGs
[2025-03-01T14:47:33.658+0000] {logging_mixin.py:190} INFO - [2025-03-01T14:47:33.657+0000] {dag.py:4180} INFO - Setting next_dagrun for example_branch_dop_operator_v3 to 2025-03-01 14:46:00+00:00, run_after=2025-03-01 14:47:00+00:00
[2025-03-01T14:47:33.734+0000] {processor.py:208} INFO - Processing /home/airflow/.local/lib/python3.12/site-packages/airflow/example_dags/example_branch_python_dop_operator_3.py took 0.498 seconds
