[2025-03-01T14:17:51.941+0000] {processor.py:186} INFO - Started process (PID=103) to work on /home/airflow/.local/lib/python3.12/site-packages/airflow/example_dags/example_inlet_event_extra.py
[2025-03-01T14:17:51.942+0000] {processor.py:914} INFO - Processing file /home/airflow/.local/lib/python3.12/site-packages/airflow/example_dags/example_inlet_event_extra.py for tasks to queue
[2025-03-01T14:17:51.950+0000] {logging_mixin.py:190} INFO - [2025-03-01T14:17:51.949+0000] {dagbag.py:588} INFO - Filling up the DagBag from /home/airflow/.local/lib/python3.12/site-packages/airflow/example_dags/example_inlet_event_extra.py
[2025-03-01T14:17:53.477+0000] {processor.py:925} INFO - DAG(s) 'read_dataset_event_from_classic', 'read_dataset_event' retrieved from /home/airflow/.local/lib/python3.12/site-packages/airflow/example_dags/example_inlet_event_extra.py
[2025-03-01T14:17:53.651+0000] {logging_mixin.py:190} INFO - [2025-03-01T14:17:53.650+0000] {override.py:1912} INFO - Created Permission View: can edit on DAG:read_dataset_event_from_classic
[2025-03-01T14:17:53.710+0000] {logging_mixin.py:190} INFO - [2025-03-01T14:17:53.709+0000] {override.py:1912} INFO - Created Permission View: can read on DAG:read_dataset_event_from_classic
[2025-03-01T14:17:53.719+0000] {logging_mixin.py:190} INFO - [2025-03-01T14:17:53.719+0000] {override.py:1912} INFO - Created Permission View: can delete on DAG:read_dataset_event_from_classic
[2025-03-01T14:17:53.729+0000] {logging_mixin.py:190} INFO - [2025-03-01T14:17:53.729+0000] {override.py:1912} INFO - Created Permission View: menu access on DAG Run:read_dataset_event_from_classic
[2025-03-01T14:17:53.742+0000] {logging_mixin.py:190} INFO - [2025-03-01T14:17:53.742+0000] {override.py:1912} INFO - Created Permission View: can read on DAG Run:read_dataset_event_from_classic
[2025-03-01T14:17:53.755+0000] {logging_mixin.py:190} INFO - [2025-03-01T14:17:53.755+0000] {override.py:1912} INFO - Created Permission View: can create on DAG Run:read_dataset_event_from_classic
[2025-03-01T14:17:53.761+0000] {logging_mixin.py:190} INFO - [2025-03-01T14:17:53.761+0000] {override.py:1912} INFO - Created Permission View: can delete on DAG Run:read_dataset_event_from_classic
[2025-03-01T14:17:53.783+0000] {logging_mixin.py:190} INFO - [2025-03-01T14:17:53.783+0000] {override.py:1912} INFO - Created Permission View: can edit on DAG:read_dataset_event
[2025-03-01T14:17:53.797+0000] {logging_mixin.py:190} INFO - [2025-03-01T14:17:53.797+0000] {override.py:1912} INFO - Created Permission View: can read on DAG:read_dataset_event
[2025-03-01T14:17:53.803+0000] {logging_mixin.py:190} INFO - [2025-03-01T14:17:53.803+0000] {override.py:1912} INFO - Created Permission View: can delete on DAG:read_dataset_event
[2025-03-01T14:17:53.813+0000] {logging_mixin.py:190} INFO - [2025-03-01T14:17:53.812+0000] {override.py:1912} INFO - Created Permission View: menu access on DAG Run:read_dataset_event
[2025-03-01T14:17:53.819+0000] {logging_mixin.py:190} INFO - [2025-03-01T14:17:53.819+0000] {override.py:1912} INFO - Created Permission View: can read on DAG Run:read_dataset_event
[2025-03-01T14:17:53.825+0000] {logging_mixin.py:190} INFO - [2025-03-01T14:17:53.824+0000] {override.py:1912} INFO - Created Permission View: can create on DAG Run:read_dataset_event
[2025-03-01T14:17:53.831+0000] {logging_mixin.py:190} INFO - [2025-03-01T14:17:53.831+0000] {override.py:1912} INFO - Created Permission View: can delete on DAG Run:read_dataset_event
[2025-03-01T14:17:53.832+0000] {logging_mixin.py:190} INFO - [2025-03-01T14:17:53.832+0000] {dag.py:3239} INFO - Sync 2 DAGs
[2025-03-01T14:17:53.847+0000] {logging_mixin.py:190} INFO - [2025-03-01T14:17:53.847+0000] {dag.py:3262} INFO - Creating ORM DAG for read_dataset_event
[2025-03-01T14:17:53.848+0000] {logging_mixin.py:190} INFO - [2025-03-01T14:17:53.848+0000] {dag.py:3262} INFO - Creating ORM DAG for read_dataset_event_from_classic
[2025-03-01T14:17:53.860+0000] {logging_mixin.py:190} INFO - [2025-03-01T14:17:53.860+0000] {dag.py:4180} INFO - Setting next_dagrun for read_dataset_event to 2025-02-28 00:00:00+00:00, run_after=2025-03-01 00:00:00+00:00
[2025-03-01T14:17:53.863+0000] {logging_mixin.py:190} INFO - [2025-03-01T14:17:53.863+0000] {dag.py:4180} INFO - Setting next_dagrun for read_dataset_event_from_classic to 2025-02-28 00:00:00+00:00, run_after=2025-03-01 00:00:00+00:00
[2025-03-01T14:17:53.887+0000] {processor.py:208} INFO - Processing /home/airflow/.local/lib/python3.12/site-packages/airflow/example_dags/example_inlet_event_extra.py took 1.962 seconds
[2025-03-01T14:18:24.407+0000] {processor.py:186} INFO - Started process (PID=166) to work on /home/airflow/.local/lib/python3.12/site-packages/airflow/example_dags/example_inlet_event_extra.py
[2025-03-01T14:18:24.408+0000] {processor.py:914} INFO - Processing file /home/airflow/.local/lib/python3.12/site-packages/airflow/example_dags/example_inlet_event_extra.py for tasks to queue
[2025-03-01T14:18:24.411+0000] {logging_mixin.py:190} INFO - [2025-03-01T14:18:24.410+0000] {dagbag.py:588} INFO - Filling up the DagBag from /home/airflow/.local/lib/python3.12/site-packages/airflow/example_dags/example_inlet_event_extra.py
[2025-03-01T14:18:24.874+0000] {processor.py:925} INFO - DAG(s) 'read_dataset_event', 'read_dataset_event_from_classic' retrieved from /home/airflow/.local/lib/python3.12/site-packages/airflow/example_dags/example_inlet_event_extra.py
[2025-03-01T14:18:24.888+0000] {logging_mixin.py:190} INFO - [2025-03-01T14:18:24.888+0000] {dag.py:3239} INFO - Sync 2 DAGs
[2025-03-01T14:18:24.906+0000] {logging_mixin.py:190} INFO - [2025-03-01T14:18:24.906+0000] {dag.py:4180} INFO - Setting next_dagrun for read_dataset_event to 2025-02-28 00:00:00+00:00, run_after=2025-03-01 00:00:00+00:00
[2025-03-01T14:18:24.910+0000] {logging_mixin.py:190} INFO - [2025-03-01T14:18:24.909+0000] {dag.py:4180} INFO - Setting next_dagrun for read_dataset_event_from_classic to 2025-02-28 00:00:00+00:00, run_after=2025-03-01 00:00:00+00:00
[2025-03-01T14:18:24.920+0000] {processor.py:208} INFO - Processing /home/airflow/.local/lib/python3.12/site-packages/airflow/example_dags/example_inlet_event_extra.py took 0.518 seconds
[2025-03-01T14:18:55.818+0000] {processor.py:186} INFO - Started process (PID=230) to work on /home/airflow/.local/lib/python3.12/site-packages/airflow/example_dags/example_inlet_event_extra.py
[2025-03-01T14:18:55.819+0000] {processor.py:914} INFO - Processing file /home/airflow/.local/lib/python3.12/site-packages/airflow/example_dags/example_inlet_event_extra.py for tasks to queue
[2025-03-01T14:18:55.821+0000] {logging_mixin.py:190} INFO - [2025-03-01T14:18:55.821+0000] {dagbag.py:588} INFO - Filling up the DagBag from /home/airflow/.local/lib/python3.12/site-packages/airflow/example_dags/example_inlet_event_extra.py
[2025-03-01T14:18:56.524+0000] {processor.py:925} INFO - DAG(s) 'read_dataset_event', 'read_dataset_event_from_classic' retrieved from /home/airflow/.local/lib/python3.12/site-packages/airflow/example_dags/example_inlet_event_extra.py
[2025-03-01T14:18:56.538+0000] {logging_mixin.py:190} INFO - [2025-03-01T14:18:56.538+0000] {dag.py:3239} INFO - Sync 2 DAGs
[2025-03-01T14:18:56.556+0000] {logging_mixin.py:190} INFO - [2025-03-01T14:18:56.556+0000] {dag.py:4180} INFO - Setting next_dagrun for read_dataset_event to 2025-02-28 00:00:00+00:00, run_after=2025-03-01 00:00:00+00:00
[2025-03-01T14:18:56.560+0000] {logging_mixin.py:190} INFO - [2025-03-01T14:18:56.560+0000] {dag.py:4180} INFO - Setting next_dagrun for read_dataset_event_from_classic to 2025-02-28 00:00:00+00:00, run_after=2025-03-01 00:00:00+00:00
[2025-03-01T14:18:56.570+0000] {processor.py:208} INFO - Processing /home/airflow/.local/lib/python3.12/site-packages/airflow/example_dags/example_inlet_event_extra.py took 0.757 seconds
[2025-03-01T14:19:26.619+0000] {processor.py:186} INFO - Started process (PID=299) to work on /home/airflow/.local/lib/python3.12/site-packages/airflow/example_dags/example_inlet_event_extra.py
[2025-03-01T14:19:26.619+0000] {processor.py:914} INFO - Processing file /home/airflow/.local/lib/python3.12/site-packages/airflow/example_dags/example_inlet_event_extra.py for tasks to queue
[2025-03-01T14:19:26.621+0000] {logging_mixin.py:190} INFO - [2025-03-01T14:19:26.621+0000] {dagbag.py:588} INFO - Filling up the DagBag from /home/airflow/.local/lib/python3.12/site-packages/airflow/example_dags/example_inlet_event_extra.py
[2025-03-01T14:19:27.061+0000] {processor.py:925} INFO - DAG(s) 'read_dataset_event', 'read_dataset_event_from_classic' retrieved from /home/airflow/.local/lib/python3.12/site-packages/airflow/example_dags/example_inlet_event_extra.py
[2025-03-01T14:19:27.076+0000] {logging_mixin.py:190} INFO - [2025-03-01T14:19:27.075+0000] {dag.py:3239} INFO - Sync 2 DAGs
[2025-03-01T14:19:27.092+0000] {logging_mixin.py:190} INFO - [2025-03-01T14:19:27.092+0000] {dag.py:4180} INFO - Setting next_dagrun for read_dataset_event to 2025-02-28 00:00:00+00:00, run_after=2025-03-01 00:00:00+00:00
[2025-03-01T14:19:27.098+0000] {logging_mixin.py:190} INFO - [2025-03-01T14:19:27.098+0000] {dag.py:4180} INFO - Setting next_dagrun for read_dataset_event_from_classic to 2025-02-28 00:00:00+00:00, run_after=2025-03-01 00:00:00+00:00
[2025-03-01T14:19:27.109+0000] {processor.py:208} INFO - Processing /home/airflow/.local/lib/python3.12/site-packages/airflow/example_dags/example_inlet_event_extra.py took 0.494 seconds
[2025-03-01T14:19:57.180+0000] {processor.py:186} INFO - Started process (PID=362) to work on /home/airflow/.local/lib/python3.12/site-packages/airflow/example_dags/example_inlet_event_extra.py
[2025-03-01T14:19:57.181+0000] {processor.py:914} INFO - Processing file /home/airflow/.local/lib/python3.12/site-packages/airflow/example_dags/example_inlet_event_extra.py for tasks to queue
[2025-03-01T14:19:57.183+0000] {logging_mixin.py:190} INFO - [2025-03-01T14:19:57.183+0000] {dagbag.py:588} INFO - Filling up the DagBag from /home/airflow/.local/lib/python3.12/site-packages/airflow/example_dags/example_inlet_event_extra.py
[2025-03-01T14:19:57.630+0000] {processor.py:925} INFO - DAG(s) 'read_dataset_event', 'read_dataset_event_from_classic' retrieved from /home/airflow/.local/lib/python3.12/site-packages/airflow/example_dags/example_inlet_event_extra.py
[2025-03-01T14:19:57.645+0000] {logging_mixin.py:190} INFO - [2025-03-01T14:19:57.645+0000] {dag.py:3239} INFO - Sync 2 DAGs
[2025-03-01T14:19:57.662+0000] {logging_mixin.py:190} INFO - [2025-03-01T14:19:57.662+0000] {dag.py:4180} INFO - Setting next_dagrun for read_dataset_event to 2025-02-28 00:00:00+00:00, run_after=2025-03-01 00:00:00+00:00
[2025-03-01T14:19:57.666+0000] {logging_mixin.py:190} INFO - [2025-03-01T14:19:57.666+0000] {dag.py:4180} INFO - Setting next_dagrun for read_dataset_event_from_classic to 2025-02-28 00:00:00+00:00, run_after=2025-03-01 00:00:00+00:00
[2025-03-01T14:19:57.677+0000] {processor.py:208} INFO - Processing /home/airflow/.local/lib/python3.12/site-packages/airflow/example_dags/example_inlet_event_extra.py took 0.515 seconds
[2025-03-01T14:20:29.737+0000] {processor.py:186} INFO - Started process (PID=431) to work on /home/airflow/.local/lib/python3.12/site-packages/airflow/example_dags/example_inlet_event_extra.py
[2025-03-01T14:20:29.743+0000] {processor.py:914} INFO - Processing file /home/airflow/.local/lib/python3.12/site-packages/airflow/example_dags/example_inlet_event_extra.py for tasks to queue
[2025-03-01T14:20:29.746+0000] {logging_mixin.py:190} INFO - [2025-03-01T14:20:29.746+0000] {dagbag.py:588} INFO - Filling up the DagBag from /home/airflow/.local/lib/python3.12/site-packages/airflow/example_dags/example_inlet_event_extra.py
[2025-03-01T14:20:31.024+0000] {processor.py:925} INFO - DAG(s) 'read_dataset_event_from_classic', 'read_dataset_event' retrieved from /home/airflow/.local/lib/python3.12/site-packages/airflow/example_dags/example_inlet_event_extra.py
[2025-03-01T14:20:31.064+0000] {logging_mixin.py:190} INFO - [2025-03-01T14:20:31.064+0000] {dag.py:3239} INFO - Sync 2 DAGs
[2025-03-01T14:20:31.107+0000] {logging_mixin.py:190} INFO - [2025-03-01T14:20:31.107+0000] {dag.py:4180} INFO - Setting next_dagrun for read_dataset_event to 2025-02-28 00:00:00+00:00, run_after=2025-03-01 00:00:00+00:00
[2025-03-01T14:20:31.113+0000] {logging_mixin.py:190} INFO - [2025-03-01T14:20:31.113+0000] {dag.py:4180} INFO - Setting next_dagrun for read_dataset_event_from_classic to 2025-02-28 00:00:00+00:00, run_after=2025-03-01 00:00:00+00:00
[2025-03-01T14:20:31.136+0000] {processor.py:208} INFO - Processing /home/airflow/.local/lib/python3.12/site-packages/airflow/example_dags/example_inlet_event_extra.py took 1.417 seconds
[2025-03-01T14:21:01.573+0000] {processor.py:186} INFO - Started process (PID=497) to work on /home/airflow/.local/lib/python3.12/site-packages/airflow/example_dags/example_inlet_event_extra.py
[2025-03-01T14:21:01.576+0000] {processor.py:914} INFO - Processing file /home/airflow/.local/lib/python3.12/site-packages/airflow/example_dags/example_inlet_event_extra.py for tasks to queue
[2025-03-01T14:21:01.581+0000] {logging_mixin.py:190} INFO - [2025-03-01T14:21:01.580+0000] {dagbag.py:588} INFO - Filling up the DagBag from /home/airflow/.local/lib/python3.12/site-packages/airflow/example_dags/example_inlet_event_extra.py
[2025-03-01T14:21:02.876+0000] {processor.py:925} INFO - DAG(s) 'read_dataset_event', 'read_dataset_event_from_classic' retrieved from /home/airflow/.local/lib/python3.12/site-packages/airflow/example_dags/example_inlet_event_extra.py
[2025-03-01T14:21:02.954+0000] {logging_mixin.py:190} INFO - [2025-03-01T14:21:02.953+0000] {dag.py:3239} INFO - Sync 2 DAGs
[2025-03-01T14:21:03.066+0000] {logging_mixin.py:190} INFO - [2025-03-01T14:21:03.066+0000] {dag.py:4180} INFO - Setting next_dagrun for read_dataset_event to 2025-02-28 00:00:00+00:00, run_after=2025-03-01 00:00:00+00:00
[2025-03-01T14:21:03.083+0000] {logging_mixin.py:190} INFO - [2025-03-01T14:21:03.083+0000] {dag.py:4180} INFO - Setting next_dagrun for read_dataset_event_from_classic to 2025-02-28 00:00:00+00:00, run_after=2025-03-01 00:00:00+00:00
[2025-03-01T14:21:03.159+0000] {processor.py:208} INFO - Processing /home/airflow/.local/lib/python3.12/site-packages/airflow/example_dags/example_inlet_event_extra.py took 1.598 seconds
[2025-03-01T14:21:33.386+0000] {processor.py:186} INFO - Started process (PID=567) to work on /home/airflow/.local/lib/python3.12/site-packages/airflow/example_dags/example_inlet_event_extra.py
[2025-03-01T14:21:33.387+0000] {processor.py:914} INFO - Processing file /home/airflow/.local/lib/python3.12/site-packages/airflow/example_dags/example_inlet_event_extra.py for tasks to queue
[2025-03-01T14:21:33.390+0000] {logging_mixin.py:190} INFO - [2025-03-01T14:21:33.389+0000] {dagbag.py:588} INFO - Filling up the DagBag from /home/airflow/.local/lib/python3.12/site-packages/airflow/example_dags/example_inlet_event_extra.py
[2025-03-01T14:21:34.127+0000] {processor.py:925} INFO - DAG(s) 'read_dataset_event_from_classic', 'read_dataset_event' retrieved from /home/airflow/.local/lib/python3.12/site-packages/airflow/example_dags/example_inlet_event_extra.py
[2025-03-01T14:21:34.141+0000] {logging_mixin.py:190} INFO - [2025-03-01T14:21:34.141+0000] {dag.py:3239} INFO - Sync 2 DAGs
[2025-03-01T14:21:34.158+0000] {logging_mixin.py:190} INFO - [2025-03-01T14:21:34.158+0000] {dag.py:4180} INFO - Setting next_dagrun for read_dataset_event to 2025-02-28 00:00:00+00:00, run_after=2025-03-01 00:00:00+00:00
[2025-03-01T14:21:34.161+0000] {logging_mixin.py:190} INFO - [2025-03-01T14:21:34.161+0000] {dag.py:4180} INFO - Setting next_dagrun for read_dataset_event_from_classic to 2025-02-28 00:00:00+00:00, run_after=2025-03-01 00:00:00+00:00
[2025-03-01T14:21:34.172+0000] {processor.py:208} INFO - Processing /home/airflow/.local/lib/python3.12/site-packages/airflow/example_dags/example_inlet_event_extra.py took 0.792 seconds
[2025-03-01T14:22:04.498+0000] {processor.py:186} INFO - Started process (PID=629) to work on /home/airflow/.local/lib/python3.12/site-packages/airflow/example_dags/example_inlet_event_extra.py
[2025-03-01T14:22:04.499+0000] {processor.py:914} INFO - Processing file /home/airflow/.local/lib/python3.12/site-packages/airflow/example_dags/example_inlet_event_extra.py for tasks to queue
[2025-03-01T14:22:04.501+0000] {logging_mixin.py:190} INFO - [2025-03-01T14:22:04.500+0000] {dagbag.py:588} INFO - Filling up the DagBag from /home/airflow/.local/lib/python3.12/site-packages/airflow/example_dags/example_inlet_event_extra.py
[2025-03-01T14:22:05.140+0000] {processor.py:925} INFO - DAG(s) 'read_dataset_event', 'read_dataset_event_from_classic' retrieved from /home/airflow/.local/lib/python3.12/site-packages/airflow/example_dags/example_inlet_event_extra.py
[2025-03-01T14:22:05.155+0000] {logging_mixin.py:190} INFO - [2025-03-01T14:22:05.155+0000] {dag.py:3239} INFO - Sync 2 DAGs
[2025-03-01T14:22:05.176+0000] {logging_mixin.py:190} INFO - [2025-03-01T14:22:05.176+0000] {dag.py:4180} INFO - Setting next_dagrun for read_dataset_event to 2025-02-28 00:00:00+00:00, run_after=2025-03-01 00:00:00+00:00
[2025-03-01T14:22:05.182+0000] {logging_mixin.py:190} INFO - [2025-03-01T14:22:05.182+0000] {dag.py:4180} INFO - Setting next_dagrun for read_dataset_event_from_classic to 2025-02-28 00:00:00+00:00, run_after=2025-03-01 00:00:00+00:00
[2025-03-01T14:22:05.196+0000] {processor.py:208} INFO - Processing /home/airflow/.local/lib/python3.12/site-packages/airflow/example_dags/example_inlet_event_extra.py took 0.705 seconds
[2025-03-01T14:22:35.449+0000] {processor.py:186} INFO - Started process (PID=697) to work on /home/airflow/.local/lib/python3.12/site-packages/airflow/example_dags/example_inlet_event_extra.py
[2025-03-01T14:22:35.450+0000] {processor.py:914} INFO - Processing file /home/airflow/.local/lib/python3.12/site-packages/airflow/example_dags/example_inlet_event_extra.py for tasks to queue
[2025-03-01T14:22:35.452+0000] {logging_mixin.py:190} INFO - [2025-03-01T14:22:35.452+0000] {dagbag.py:588} INFO - Filling up the DagBag from /home/airflow/.local/lib/python3.12/site-packages/airflow/example_dags/example_inlet_event_extra.py
[2025-03-01T14:22:35.941+0000] {processor.py:925} INFO - DAG(s) 'read_dataset_event_from_classic', 'read_dataset_event' retrieved from /home/airflow/.local/lib/python3.12/site-packages/airflow/example_dags/example_inlet_event_extra.py
[2025-03-01T14:22:35.955+0000] {logging_mixin.py:190} INFO - [2025-03-01T14:22:35.955+0000] {dag.py:3239} INFO - Sync 2 DAGs
[2025-03-01T14:22:35.974+0000] {logging_mixin.py:190} INFO - [2025-03-01T14:22:35.973+0000] {dag.py:4180} INFO - Setting next_dagrun for read_dataset_event to 2025-02-28 00:00:00+00:00, run_after=2025-03-01 00:00:00+00:00
[2025-03-01T14:22:35.979+0000] {logging_mixin.py:190} INFO - [2025-03-01T14:22:35.979+0000] {dag.py:4180} INFO - Setting next_dagrun for read_dataset_event_from_classic to 2025-02-28 00:00:00+00:00, run_after=2025-03-01 00:00:00+00:00
[2025-03-01T14:22:35.995+0000] {processor.py:208} INFO - Processing /home/airflow/.local/lib/python3.12/site-packages/airflow/example_dags/example_inlet_event_extra.py took 0.551 seconds
[2025-03-01T14:23:06.717+0000] {processor.py:186} INFO - Started process (PID=764) to work on /home/airflow/.local/lib/python3.12/site-packages/airflow/example_dags/example_inlet_event_extra.py
[2025-03-01T14:23:06.718+0000] {processor.py:914} INFO - Processing file /home/airflow/.local/lib/python3.12/site-packages/airflow/example_dags/example_inlet_event_extra.py for tasks to queue
[2025-03-01T14:23:06.719+0000] {logging_mixin.py:190} INFO - [2025-03-01T14:23:06.719+0000] {dagbag.py:588} INFO - Filling up the DagBag from /home/airflow/.local/lib/python3.12/site-packages/airflow/example_dags/example_inlet_event_extra.py
[2025-03-01T14:23:07.166+0000] {processor.py:925} INFO - DAG(s) 'read_dataset_event_from_classic', 'read_dataset_event' retrieved from /home/airflow/.local/lib/python3.12/site-packages/airflow/example_dags/example_inlet_event_extra.py
[2025-03-01T14:23:07.182+0000] {logging_mixin.py:190} INFO - [2025-03-01T14:23:07.182+0000] {dag.py:3239} INFO - Sync 2 DAGs
[2025-03-01T14:23:07.199+0000] {logging_mixin.py:190} INFO - [2025-03-01T14:23:07.199+0000] {dag.py:4180} INFO - Setting next_dagrun for read_dataset_event to 2025-02-28 00:00:00+00:00, run_after=2025-03-01 00:00:00+00:00
[2025-03-01T14:23:07.203+0000] {logging_mixin.py:190} INFO - [2025-03-01T14:23:07.203+0000] {dag.py:4180} INFO - Setting next_dagrun for read_dataset_event_from_classic to 2025-02-28 00:00:00+00:00, run_after=2025-03-01 00:00:00+00:00
[2025-03-01T14:23:07.213+0000] {processor.py:208} INFO - Processing /home/airflow/.local/lib/python3.12/site-packages/airflow/example_dags/example_inlet_event_extra.py took 0.500 seconds
[2025-03-01T14:23:38.066+0000] {processor.py:186} INFO - Started process (PID=832) to work on /home/airflow/.local/lib/python3.12/site-packages/airflow/example_dags/example_inlet_event_extra.py
[2025-03-01T14:23:38.066+0000] {processor.py:914} INFO - Processing file /home/airflow/.local/lib/python3.12/site-packages/airflow/example_dags/example_inlet_event_extra.py for tasks to queue
[2025-03-01T14:23:38.068+0000] {logging_mixin.py:190} INFO - [2025-03-01T14:23:38.068+0000] {dagbag.py:588} INFO - Filling up the DagBag from /home/airflow/.local/lib/python3.12/site-packages/airflow/example_dags/example_inlet_event_extra.py
[2025-03-01T14:23:38.517+0000] {processor.py:925} INFO - DAG(s) 'read_dataset_event_from_classic', 'read_dataset_event' retrieved from /home/airflow/.local/lib/python3.12/site-packages/airflow/example_dags/example_inlet_event_extra.py
[2025-03-01T14:23:38.531+0000] {logging_mixin.py:190} INFO - [2025-03-01T14:23:38.531+0000] {dag.py:3239} INFO - Sync 2 DAGs
[2025-03-01T14:23:38.550+0000] {logging_mixin.py:190} INFO - [2025-03-01T14:23:38.550+0000] {dag.py:4180} INFO - Setting next_dagrun for read_dataset_event to 2025-02-28 00:00:00+00:00, run_after=2025-03-01 00:00:00+00:00
[2025-03-01T14:23:38.554+0000] {logging_mixin.py:190} INFO - [2025-03-01T14:23:38.554+0000] {dag.py:4180} INFO - Setting next_dagrun for read_dataset_event_from_classic to 2025-02-28 00:00:00+00:00, run_after=2025-03-01 00:00:00+00:00
[2025-03-01T14:23:38.566+0000] {processor.py:208} INFO - Processing /home/airflow/.local/lib/python3.12/site-packages/airflow/example_dags/example_inlet_event_extra.py took 0.506 seconds
[2025-03-01T14:24:08.845+0000] {processor.py:186} INFO - Started process (PID=883) to work on /home/airflow/.local/lib/python3.12/site-packages/airflow/example_dags/example_inlet_event_extra.py
[2025-03-01T14:24:08.845+0000] {processor.py:914} INFO - Processing file /home/airflow/.local/lib/python3.12/site-packages/airflow/example_dags/example_inlet_event_extra.py for tasks to queue
[2025-03-01T14:24:08.847+0000] {logging_mixin.py:190} INFO - [2025-03-01T14:24:08.847+0000] {dagbag.py:588} INFO - Filling up the DagBag from /home/airflow/.local/lib/python3.12/site-packages/airflow/example_dags/example_inlet_event_extra.py
[2025-03-01T14:24:09.510+0000] {processor.py:925} INFO - DAG(s) 'read_dataset_event_from_classic', 'read_dataset_event' retrieved from /home/airflow/.local/lib/python3.12/site-packages/airflow/example_dags/example_inlet_event_extra.py
[2025-03-01T14:24:09.532+0000] {logging_mixin.py:190} INFO - [2025-03-01T14:24:09.532+0000] {dag.py:3239} INFO - Sync 2 DAGs
[2025-03-01T14:24:09.559+0000] {logging_mixin.py:190} INFO - [2025-03-01T14:24:09.559+0000] {dag.py:4180} INFO - Setting next_dagrun for read_dataset_event to 2025-02-28 00:00:00+00:00, run_after=2025-03-01 00:00:00+00:00
[2025-03-01T14:24:09.565+0000] {logging_mixin.py:190} INFO - [2025-03-01T14:24:09.565+0000] {dag.py:4180} INFO - Setting next_dagrun for read_dataset_event_from_classic to 2025-02-28 00:00:00+00:00, run_after=2025-03-01 00:00:00+00:00
[2025-03-01T14:24:09.580+0000] {processor.py:208} INFO - Processing /home/airflow/.local/lib/python3.12/site-packages/airflow/example_dags/example_inlet_event_extra.py took 0.741 seconds
[2025-03-01T14:24:40.368+0000] {processor.py:186} INFO - Started process (PID=948) to work on /home/airflow/.local/lib/python3.12/site-packages/airflow/example_dags/example_inlet_event_extra.py
[2025-03-01T14:24:40.368+0000] {processor.py:914} INFO - Processing file /home/airflow/.local/lib/python3.12/site-packages/airflow/example_dags/example_inlet_event_extra.py for tasks to queue
[2025-03-01T14:24:40.370+0000] {logging_mixin.py:190} INFO - [2025-03-01T14:24:40.370+0000] {dagbag.py:588} INFO - Filling up the DagBag from /home/airflow/.local/lib/python3.12/site-packages/airflow/example_dags/example_inlet_event_extra.py
[2025-03-01T14:24:40.797+0000] {processor.py:925} INFO - DAG(s) 'read_dataset_event', 'read_dataset_event_from_classic' retrieved from /home/airflow/.local/lib/python3.12/site-packages/airflow/example_dags/example_inlet_event_extra.py
[2025-03-01T14:24:40.811+0000] {logging_mixin.py:190} INFO - [2025-03-01T14:24:40.811+0000] {dag.py:3239} INFO - Sync 2 DAGs
[2025-03-01T14:24:40.828+0000] {logging_mixin.py:190} INFO - [2025-03-01T14:24:40.827+0000] {dag.py:4180} INFO - Setting next_dagrun for read_dataset_event to 2025-02-28 00:00:00+00:00, run_after=2025-03-01 00:00:00+00:00
[2025-03-01T14:24:40.831+0000] {logging_mixin.py:190} INFO - [2025-03-01T14:24:40.831+0000] {dag.py:4180} INFO - Setting next_dagrun for read_dataset_event_from_classic to 2025-02-28 00:00:00+00:00, run_after=2025-03-01 00:00:00+00:00
[2025-03-01T14:24:40.842+0000] {processor.py:208} INFO - Processing /home/airflow/.local/lib/python3.12/site-packages/airflow/example_dags/example_inlet_event_extra.py took 0.478 seconds
[2025-03-01T14:25:11.589+0000] {processor.py:186} INFO - Started process (PID=1011) to work on /home/airflow/.local/lib/python3.12/site-packages/airflow/example_dags/example_inlet_event_extra.py
[2025-03-01T14:25:11.590+0000] {processor.py:914} INFO - Processing file /home/airflow/.local/lib/python3.12/site-packages/airflow/example_dags/example_inlet_event_extra.py for tasks to queue
[2025-03-01T14:25:11.592+0000] {logging_mixin.py:190} INFO - [2025-03-01T14:25:11.591+0000] {dagbag.py:588} INFO - Filling up the DagBag from /home/airflow/.local/lib/python3.12/site-packages/airflow/example_dags/example_inlet_event_extra.py
[2025-03-01T14:25:12.063+0000] {processor.py:925} INFO - DAG(s) 'read_dataset_event', 'read_dataset_event_from_classic' retrieved from /home/airflow/.local/lib/python3.12/site-packages/airflow/example_dags/example_inlet_event_extra.py
[2025-03-01T14:25:12.078+0000] {logging_mixin.py:190} INFO - [2025-03-01T14:25:12.078+0000] {dag.py:3239} INFO - Sync 2 DAGs
[2025-03-01T14:25:12.100+0000] {logging_mixin.py:190} INFO - [2025-03-01T14:25:12.099+0000] {dag.py:4180} INFO - Setting next_dagrun for read_dataset_event to 2025-02-28 00:00:00+00:00, run_after=2025-03-01 00:00:00+00:00
[2025-03-01T14:25:12.106+0000] {logging_mixin.py:190} INFO - [2025-03-01T14:25:12.105+0000] {dag.py:4180} INFO - Setting next_dagrun for read_dataset_event_from_classic to 2025-02-28 00:00:00+00:00, run_after=2025-03-01 00:00:00+00:00
[2025-03-01T14:25:12.118+0000] {processor.py:208} INFO - Processing /home/airflow/.local/lib/python3.12/site-packages/airflow/example_dags/example_inlet_event_extra.py took 0.533 seconds
[2025-03-01T14:25:42.764+0000] {processor.py:186} INFO - Started process (PID=1074) to work on /home/airflow/.local/lib/python3.12/site-packages/airflow/example_dags/example_inlet_event_extra.py
[2025-03-01T14:25:42.765+0000] {processor.py:914} INFO - Processing file /home/airflow/.local/lib/python3.12/site-packages/airflow/example_dags/example_inlet_event_extra.py for tasks to queue
[2025-03-01T14:25:42.767+0000] {logging_mixin.py:190} INFO - [2025-03-01T14:25:42.767+0000] {dagbag.py:588} INFO - Filling up the DagBag from /home/airflow/.local/lib/python3.12/site-packages/airflow/example_dags/example_inlet_event_extra.py
[2025-03-01T14:25:43.458+0000] {processor.py:925} INFO - DAG(s) 'read_dataset_event', 'read_dataset_event_from_classic' retrieved from /home/airflow/.local/lib/python3.12/site-packages/airflow/example_dags/example_inlet_event_extra.py
[2025-03-01T14:25:43.481+0000] {logging_mixin.py:190} INFO - [2025-03-01T14:25:43.481+0000] {dag.py:3239} INFO - Sync 2 DAGs
[2025-03-01T14:25:43.508+0000] {logging_mixin.py:190} INFO - [2025-03-01T14:25:43.508+0000] {dag.py:4180} INFO - Setting next_dagrun for read_dataset_event to 2025-02-28 00:00:00+00:00, run_after=2025-03-01 00:00:00+00:00
[2025-03-01T14:25:43.513+0000] {logging_mixin.py:190} INFO - [2025-03-01T14:25:43.513+0000] {dag.py:4180} INFO - Setting next_dagrun for read_dataset_event_from_classic to 2025-02-28 00:00:00+00:00, run_after=2025-03-01 00:00:00+00:00
[2025-03-01T14:25:43.526+0000] {processor.py:208} INFO - Processing /home/airflow/.local/lib/python3.12/site-packages/airflow/example_dags/example_inlet_event_extra.py took 0.768 seconds
[2025-03-01T14:26:14.981+0000] {processor.py:186} INFO - Started process (PID=1145) to work on /home/airflow/.local/lib/python3.12/site-packages/airflow/example_dags/example_inlet_event_extra.py
[2025-03-01T14:26:14.982+0000] {processor.py:914} INFO - Processing file /home/airflow/.local/lib/python3.12/site-packages/airflow/example_dags/example_inlet_event_extra.py for tasks to queue
[2025-03-01T14:26:14.983+0000] {logging_mixin.py:190} INFO - [2025-03-01T14:26:14.983+0000] {dagbag.py:588} INFO - Filling up the DagBag from /home/airflow/.local/lib/python3.12/site-packages/airflow/example_dags/example_inlet_event_extra.py
[2025-03-01T14:26:15.743+0000] {processor.py:925} INFO - DAG(s) 'read_dataset_event', 'read_dataset_event_from_classic' retrieved from /home/airflow/.local/lib/python3.12/site-packages/airflow/example_dags/example_inlet_event_extra.py
[2025-03-01T14:26:15.762+0000] {logging_mixin.py:190} INFO - [2025-03-01T14:26:15.762+0000] {dag.py:3239} INFO - Sync 2 DAGs
[2025-03-01T14:26:15.791+0000] {logging_mixin.py:190} INFO - [2025-03-01T14:26:15.790+0000] {dag.py:4180} INFO - Setting next_dagrun for read_dataset_event to 2025-02-28 00:00:00+00:00, run_after=2025-03-01 00:00:00+00:00
[2025-03-01T14:26:15.796+0000] {logging_mixin.py:190} INFO - [2025-03-01T14:26:15.796+0000] {dag.py:4180} INFO - Setting next_dagrun for read_dataset_event_from_classic to 2025-02-28 00:00:00+00:00, run_after=2025-03-01 00:00:00+00:00
[2025-03-01T14:26:15.809+0000] {processor.py:208} INFO - Processing /home/airflow/.local/lib/python3.12/site-packages/airflow/example_dags/example_inlet_event_extra.py took 0.834 seconds
[2025-03-01T14:26:46.649+0000] {processor.py:186} INFO - Started process (PID=1209) to work on /home/airflow/.local/lib/python3.12/site-packages/airflow/example_dags/example_inlet_event_extra.py
[2025-03-01T14:26:46.650+0000] {processor.py:914} INFO - Processing file /home/airflow/.local/lib/python3.12/site-packages/airflow/example_dags/example_inlet_event_extra.py for tasks to queue
[2025-03-01T14:26:46.652+0000] {logging_mixin.py:190} INFO - [2025-03-01T14:26:46.651+0000] {dagbag.py:588} INFO - Filling up the DagBag from /home/airflow/.local/lib/python3.12/site-packages/airflow/example_dags/example_inlet_event_extra.py
[2025-03-01T14:26:47.361+0000] {processor.py:925} INFO - DAG(s) 'read_dataset_event', 'read_dataset_event_from_classic' retrieved from /home/airflow/.local/lib/python3.12/site-packages/airflow/example_dags/example_inlet_event_extra.py
[2025-03-01T14:26:47.380+0000] {logging_mixin.py:190} INFO - [2025-03-01T14:26:47.379+0000] {dag.py:3239} INFO - Sync 2 DAGs
[2025-03-01T14:26:47.410+0000] {logging_mixin.py:190} INFO - [2025-03-01T14:26:47.410+0000] {dag.py:4180} INFO - Setting next_dagrun for read_dataset_event to 2025-02-28 00:00:00+00:00, run_after=2025-03-01 00:00:00+00:00
[2025-03-01T14:26:47.415+0000] {logging_mixin.py:190} INFO - [2025-03-01T14:26:47.415+0000] {dag.py:4180} INFO - Setting next_dagrun for read_dataset_event_from_classic to 2025-02-28 00:00:00+00:00, run_after=2025-03-01 00:00:00+00:00
[2025-03-01T14:26:47.430+0000] {processor.py:208} INFO - Processing /home/airflow/.local/lib/python3.12/site-packages/airflow/example_dags/example_inlet_event_extra.py took 0.787 seconds
[2025-03-01T14:27:18.799+0000] {processor.py:186} INFO - Started process (PID=1278) to work on /home/airflow/.local/lib/python3.12/site-packages/airflow/example_dags/example_inlet_event_extra.py
[2025-03-01T14:27:18.805+0000] {processor.py:914} INFO - Processing file /home/airflow/.local/lib/python3.12/site-packages/airflow/example_dags/example_inlet_event_extra.py for tasks to queue
[2025-03-01T14:27:18.810+0000] {logging_mixin.py:190} INFO - [2025-03-01T14:27:18.810+0000] {dagbag.py:588} INFO - Filling up the DagBag from /home/airflow/.local/lib/python3.12/site-packages/airflow/example_dags/example_inlet_event_extra.py
[2025-03-01T14:27:19.469+0000] {processor.py:925} INFO - DAG(s) 'read_dataset_event', 'read_dataset_event_from_classic' retrieved from /home/airflow/.local/lib/python3.12/site-packages/airflow/example_dags/example_inlet_event_extra.py
[2025-03-01T14:27:19.492+0000] {logging_mixin.py:190} INFO - [2025-03-01T14:27:19.491+0000] {dag.py:3239} INFO - Sync 2 DAGs
[2025-03-01T14:27:19.522+0000] {logging_mixin.py:190} INFO - [2025-03-01T14:27:19.521+0000] {dag.py:4180} INFO - Setting next_dagrun for read_dataset_event to 2025-02-28 00:00:00+00:00, run_after=2025-03-01 00:00:00+00:00
[2025-03-01T14:27:19.528+0000] {logging_mixin.py:190} INFO - [2025-03-01T14:27:19.527+0000] {dag.py:4180} INFO - Setting next_dagrun for read_dataset_event_from_classic to 2025-02-28 00:00:00+00:00, run_after=2025-03-01 00:00:00+00:00
[2025-03-01T14:27:19.543+0000] {processor.py:208} INFO - Processing /home/airflow/.local/lib/python3.12/site-packages/airflow/example_dags/example_inlet_event_extra.py took 0.759 seconds
[2025-03-01T14:27:50.396+0000] {processor.py:186} INFO - Started process (PID=1341) to work on /home/airflow/.local/lib/python3.12/site-packages/airflow/example_dags/example_inlet_event_extra.py
[2025-03-01T14:27:50.396+0000] {processor.py:914} INFO - Processing file /home/airflow/.local/lib/python3.12/site-packages/airflow/example_dags/example_inlet_event_extra.py for tasks to queue
[2025-03-01T14:27:50.398+0000] {logging_mixin.py:190} INFO - [2025-03-01T14:27:50.398+0000] {dagbag.py:588} INFO - Filling up the DagBag from /home/airflow/.local/lib/python3.12/site-packages/airflow/example_dags/example_inlet_event_extra.py
[2025-03-01T14:27:51.045+0000] {processor.py:925} INFO - DAG(s) 'read_dataset_event_from_classic', 'read_dataset_event' retrieved from /home/airflow/.local/lib/python3.12/site-packages/airflow/example_dags/example_inlet_event_extra.py
[2025-03-01T14:27:51.066+0000] {logging_mixin.py:190} INFO - [2025-03-01T14:27:51.065+0000] {dag.py:3239} INFO - Sync 2 DAGs
[2025-03-01T14:27:51.093+0000] {logging_mixin.py:190} INFO - [2025-03-01T14:27:51.092+0000] {dag.py:4180} INFO - Setting next_dagrun for read_dataset_event to 2025-02-28 00:00:00+00:00, run_after=2025-03-01 00:00:00+00:00
[2025-03-01T14:27:51.099+0000] {logging_mixin.py:190} INFO - [2025-03-01T14:27:51.098+0000] {dag.py:4180} INFO - Setting next_dagrun for read_dataset_event_from_classic to 2025-02-28 00:00:00+00:00, run_after=2025-03-01 00:00:00+00:00
[2025-03-01T14:27:51.114+0000] {processor.py:208} INFO - Processing /home/airflow/.local/lib/python3.12/site-packages/airflow/example_dags/example_inlet_event_extra.py took 0.724 seconds
[2025-03-01T14:28:21.558+0000] {processor.py:186} INFO - Started process (PID=1405) to work on /home/airflow/.local/lib/python3.12/site-packages/airflow/example_dags/example_inlet_event_extra.py
[2025-03-01T14:28:21.559+0000] {processor.py:914} INFO - Processing file /home/airflow/.local/lib/python3.12/site-packages/airflow/example_dags/example_inlet_event_extra.py for tasks to queue
[2025-03-01T14:28:21.566+0000] {logging_mixin.py:190} INFO - [2025-03-01T14:28:21.566+0000] {dagbag.py:588} INFO - Filling up the DagBag from /home/airflow/.local/lib/python3.12/site-packages/airflow/example_dags/example_inlet_event_extra.py
[2025-03-01T14:28:22.285+0000] {processor.py:925} INFO - DAG(s) 'read_dataset_event_from_classic', 'read_dataset_event' retrieved from /home/airflow/.local/lib/python3.12/site-packages/airflow/example_dags/example_inlet_event_extra.py
[2025-03-01T14:28:22.325+0000] {logging_mixin.py:190} INFO - [2025-03-01T14:28:22.325+0000] {dag.py:3239} INFO - Sync 2 DAGs
[2025-03-01T14:28:22.377+0000] {logging_mixin.py:190} INFO - [2025-03-01T14:28:22.377+0000] {dag.py:4180} INFO - Setting next_dagrun for read_dataset_event to 2025-02-28 00:00:00+00:00, run_after=2025-03-01 00:00:00+00:00
[2025-03-01T14:28:22.383+0000] {logging_mixin.py:190} INFO - [2025-03-01T14:28:22.383+0000] {dag.py:4180} INFO - Setting next_dagrun for read_dataset_event_from_classic to 2025-02-28 00:00:00+00:00, run_after=2025-03-01 00:00:00+00:00
[2025-03-01T14:28:22.406+0000] {processor.py:208} INFO - Processing /home/airflow/.local/lib/python3.12/site-packages/airflow/example_dags/example_inlet_event_extra.py took 0.853 seconds
[2025-03-01T14:28:53.720+0000] {processor.py:186} INFO - Started process (PID=1470) to work on /home/airflow/.local/lib/python3.12/site-packages/airflow/example_dags/example_inlet_event_extra.py
[2025-03-01T14:28:53.721+0000] {processor.py:914} INFO - Processing file /home/airflow/.local/lib/python3.12/site-packages/airflow/example_dags/example_inlet_event_extra.py for tasks to queue
[2025-03-01T14:28:53.723+0000] {logging_mixin.py:190} INFO - [2025-03-01T14:28:53.723+0000] {dagbag.py:588} INFO - Filling up the DagBag from /home/airflow/.local/lib/python3.12/site-packages/airflow/example_dags/example_inlet_event_extra.py
[2025-03-01T14:28:54.394+0000] {processor.py:925} INFO - DAG(s) 'read_dataset_event', 'read_dataset_event_from_classic' retrieved from /home/airflow/.local/lib/python3.12/site-packages/airflow/example_dags/example_inlet_event_extra.py
[2025-03-01T14:28:54.414+0000] {logging_mixin.py:190} INFO - [2025-03-01T14:28:54.414+0000] {dag.py:3239} INFO - Sync 2 DAGs
[2025-03-01T14:28:54.441+0000] {logging_mixin.py:190} INFO - [2025-03-01T14:28:54.440+0000] {dag.py:4180} INFO - Setting next_dagrun for read_dataset_event to 2025-02-28 00:00:00+00:00, run_after=2025-03-01 00:00:00+00:00
[2025-03-01T14:28:54.453+0000] {logging_mixin.py:190} INFO - [2025-03-01T14:28:54.453+0000] {dag.py:4180} INFO - Setting next_dagrun for read_dataset_event_from_classic to 2025-02-28 00:00:00+00:00, run_after=2025-03-01 00:00:00+00:00
[2025-03-01T14:28:54.485+0000] {processor.py:208} INFO - Processing /home/airflow/.local/lib/python3.12/site-packages/airflow/example_dags/example_inlet_event_extra.py took 0.771 seconds
[2025-03-01T14:29:25.079+0000] {processor.py:186} INFO - Started process (PID=1537) to work on /home/airflow/.local/lib/python3.12/site-packages/airflow/example_dags/example_inlet_event_extra.py
[2025-03-01T14:29:25.079+0000] {processor.py:914} INFO - Processing file /home/airflow/.local/lib/python3.12/site-packages/airflow/example_dags/example_inlet_event_extra.py for tasks to queue
[2025-03-01T14:29:25.081+0000] {logging_mixin.py:190} INFO - [2025-03-01T14:29:25.081+0000] {dagbag.py:588} INFO - Filling up the DagBag from /home/airflow/.local/lib/python3.12/site-packages/airflow/example_dags/example_inlet_event_extra.py
[2025-03-01T14:29:25.752+0000] {processor.py:925} INFO - DAG(s) 'read_dataset_event_from_classic', 'read_dataset_event' retrieved from /home/airflow/.local/lib/python3.12/site-packages/airflow/example_dags/example_inlet_event_extra.py
[2025-03-01T14:29:25.773+0000] {logging_mixin.py:190} INFO - [2025-03-01T14:29:25.773+0000] {dag.py:3239} INFO - Sync 2 DAGs
[2025-03-01T14:29:25.800+0000] {logging_mixin.py:190} INFO - [2025-03-01T14:29:25.800+0000] {dag.py:4180} INFO - Setting next_dagrun for read_dataset_event to 2025-02-28 00:00:00+00:00, run_after=2025-03-01 00:00:00+00:00
[2025-03-01T14:29:25.806+0000] {logging_mixin.py:190} INFO - [2025-03-01T14:29:25.806+0000] {dag.py:4180} INFO - Setting next_dagrun for read_dataset_event_from_classic to 2025-02-28 00:00:00+00:00, run_after=2025-03-01 00:00:00+00:00
[2025-03-01T14:29:25.820+0000] {processor.py:208} INFO - Processing /home/airflow/.local/lib/python3.12/site-packages/airflow/example_dags/example_inlet_event_extra.py took 0.748 seconds
[2025-03-01T14:29:56.339+0000] {processor.py:186} INFO - Started process (PID=1600) to work on /home/airflow/.local/lib/python3.12/site-packages/airflow/example_dags/example_inlet_event_extra.py
[2025-03-01T14:29:56.340+0000] {processor.py:914} INFO - Processing file /home/airflow/.local/lib/python3.12/site-packages/airflow/example_dags/example_inlet_event_extra.py for tasks to queue
[2025-03-01T14:29:56.342+0000] {logging_mixin.py:190} INFO - [2025-03-01T14:29:56.342+0000] {dagbag.py:588} INFO - Filling up the DagBag from /home/airflow/.local/lib/python3.12/site-packages/airflow/example_dags/example_inlet_event_extra.py
[2025-03-01T14:29:56.991+0000] {processor.py:925} INFO - DAG(s) 'read_dataset_event', 'read_dataset_event_from_classic' retrieved from /home/airflow/.local/lib/python3.12/site-packages/airflow/example_dags/example_inlet_event_extra.py
[2025-03-01T14:29:57.011+0000] {logging_mixin.py:190} INFO - [2025-03-01T14:29:57.011+0000] {dag.py:3239} INFO - Sync 2 DAGs
[2025-03-01T14:29:57.042+0000] {logging_mixin.py:190} INFO - [2025-03-01T14:29:57.042+0000] {dag.py:4180} INFO - Setting next_dagrun for read_dataset_event to 2025-02-28 00:00:00+00:00, run_after=2025-03-01 00:00:00+00:00
[2025-03-01T14:29:57.048+0000] {logging_mixin.py:190} INFO - [2025-03-01T14:29:57.048+0000] {dag.py:4180} INFO - Setting next_dagrun for read_dataset_event_from_classic to 2025-02-28 00:00:00+00:00, run_after=2025-03-01 00:00:00+00:00
[2025-03-01T14:29:57.061+0000] {processor.py:208} INFO - Processing /home/airflow/.local/lib/python3.12/site-packages/airflow/example_dags/example_inlet_event_extra.py took 0.728 seconds
[2025-03-01T14:30:28.415+0000] {processor.py:186} INFO - Started process (PID=1665) to work on /home/airflow/.local/lib/python3.12/site-packages/airflow/example_dags/example_inlet_event_extra.py
[2025-03-01T14:30:28.419+0000] {processor.py:914} INFO - Processing file /home/airflow/.local/lib/python3.12/site-packages/airflow/example_dags/example_inlet_event_extra.py for tasks to queue
[2025-03-01T14:30:28.421+0000] {logging_mixin.py:190} INFO - [2025-03-01T14:30:28.421+0000] {dagbag.py:588} INFO - Filling up the DagBag from /home/airflow/.local/lib/python3.12/site-packages/airflow/example_dags/example_inlet_event_extra.py
[2025-03-01T14:30:29.091+0000] {processor.py:925} INFO - DAG(s) 'read_dataset_event_from_classic', 'read_dataset_event' retrieved from /home/airflow/.local/lib/python3.12/site-packages/airflow/example_dags/example_inlet_event_extra.py
[2025-03-01T14:30:29.112+0000] {logging_mixin.py:190} INFO - [2025-03-01T14:30:29.111+0000] {dag.py:3239} INFO - Sync 2 DAGs
[2025-03-01T14:30:29.139+0000] {logging_mixin.py:190} INFO - [2025-03-01T14:30:29.139+0000] {dag.py:4180} INFO - Setting next_dagrun for read_dataset_event to 2025-02-28 00:00:00+00:00, run_after=2025-03-01 00:00:00+00:00
[2025-03-01T14:30:29.145+0000] {logging_mixin.py:190} INFO - [2025-03-01T14:30:29.145+0000] {dag.py:4180} INFO - Setting next_dagrun for read_dataset_event_from_classic to 2025-02-28 00:00:00+00:00, run_after=2025-03-01 00:00:00+00:00
[2025-03-01T14:30:29.161+0000] {processor.py:208} INFO - Processing /home/airflow/.local/lib/python3.12/site-packages/airflow/example_dags/example_inlet_event_extra.py took 0.763 seconds
[2025-03-01T14:30:59.615+0000] {processor.py:186} INFO - Started process (PID=1728) to work on /home/airflow/.local/lib/python3.12/site-packages/airflow/example_dags/example_inlet_event_extra.py
[2025-03-01T14:30:59.616+0000] {processor.py:914} INFO - Processing file /home/airflow/.local/lib/python3.12/site-packages/airflow/example_dags/example_inlet_event_extra.py for tasks to queue
[2025-03-01T14:30:59.618+0000] {logging_mixin.py:190} INFO - [2025-03-01T14:30:59.618+0000] {dagbag.py:588} INFO - Filling up the DagBag from /home/airflow/.local/lib/python3.12/site-packages/airflow/example_dags/example_inlet_event_extra.py
[2025-03-01T14:31:00.473+0000] {processor.py:925} INFO - DAG(s) 'read_dataset_event_from_classic', 'read_dataset_event' retrieved from /home/airflow/.local/lib/python3.12/site-packages/airflow/example_dags/example_inlet_event_extra.py
[2025-03-01T14:31:00.492+0000] {logging_mixin.py:190} INFO - [2025-03-01T14:31:00.492+0000] {dag.py:3239} INFO - Sync 2 DAGs
[2025-03-01T14:31:00.520+0000] {logging_mixin.py:190} INFO - [2025-03-01T14:31:00.519+0000] {dag.py:4180} INFO - Setting next_dagrun for read_dataset_event to 2025-02-28 00:00:00+00:00, run_after=2025-03-01 00:00:00+00:00
[2025-03-01T14:31:00.526+0000] {logging_mixin.py:190} INFO - [2025-03-01T14:31:00.525+0000] {dag.py:4180} INFO - Setting next_dagrun for read_dataset_event_from_classic to 2025-02-28 00:00:00+00:00, run_after=2025-03-01 00:00:00+00:00
[2025-03-01T14:31:00.540+0000] {processor.py:208} INFO - Processing /home/airflow/.local/lib/python3.12/site-packages/airflow/example_dags/example_inlet_event_extra.py took 0.931 seconds
[2025-03-01T14:31:32.031+0000] {processor.py:186} INFO - Started process (PID=1798) to work on /home/airflow/.local/lib/python3.12/site-packages/airflow/example_dags/example_inlet_event_extra.py
[2025-03-01T14:31:32.035+0000] {processor.py:914} INFO - Processing file /home/airflow/.local/lib/python3.12/site-packages/airflow/example_dags/example_inlet_event_extra.py for tasks to queue
[2025-03-01T14:31:32.041+0000] {logging_mixin.py:190} INFO - [2025-03-01T14:31:32.041+0000] {dagbag.py:588} INFO - Filling up the DagBag from /home/airflow/.local/lib/python3.12/site-packages/airflow/example_dags/example_inlet_event_extra.py
[2025-03-01T14:31:33.327+0000] {processor.py:925} INFO - DAG(s) 'read_dataset_event_from_classic', 'read_dataset_event' retrieved from /home/airflow/.local/lib/python3.12/site-packages/airflow/example_dags/example_inlet_event_extra.py
[2025-03-01T14:31:33.390+0000] {logging_mixin.py:190} INFO - [2025-03-01T14:31:33.389+0000] {dag.py:3239} INFO - Sync 2 DAGs
[2025-03-01T14:31:33.418+0000] {logging_mixin.py:190} INFO - [2025-03-01T14:31:33.418+0000] {dag.py:4180} INFO - Setting next_dagrun for read_dataset_event to 2025-02-28 00:00:00+00:00, run_after=2025-03-01 00:00:00+00:00
[2025-03-01T14:31:33.424+0000] {logging_mixin.py:190} INFO - [2025-03-01T14:31:33.424+0000] {dag.py:4180} INFO - Setting next_dagrun for read_dataset_event_from_classic to 2025-02-28 00:00:00+00:00, run_after=2025-03-01 00:00:00+00:00
[2025-03-01T14:31:33.439+0000] {processor.py:208} INFO - Processing /home/airflow/.local/lib/python3.12/site-packages/airflow/example_dags/example_inlet_event_extra.py took 1.426 seconds
[2025-03-01T14:32:04.475+0000] {processor.py:186} INFO - Started process (PID=1864) to work on /home/airflow/.local/lib/python3.12/site-packages/airflow/example_dags/example_inlet_event_extra.py
[2025-03-01T14:32:04.476+0000] {processor.py:914} INFO - Processing file /home/airflow/.local/lib/python3.12/site-packages/airflow/example_dags/example_inlet_event_extra.py for tasks to queue
[2025-03-01T14:32:04.479+0000] {logging_mixin.py:190} INFO - [2025-03-01T14:32:04.478+0000] {dagbag.py:588} INFO - Filling up the DagBag from /home/airflow/.local/lib/python3.12/site-packages/airflow/example_dags/example_inlet_event_extra.py
[2025-03-01T14:32:05.756+0000] {processor.py:925} INFO - DAG(s) 'read_dataset_event_from_classic', 'read_dataset_event' retrieved from /home/airflow/.local/lib/python3.12/site-packages/airflow/example_dags/example_inlet_event_extra.py
[2025-03-01T14:32:05.794+0000] {logging_mixin.py:190} INFO - [2025-03-01T14:32:05.793+0000] {dag.py:3239} INFO - Sync 2 DAGs
[2025-03-01T14:32:05.851+0000] {logging_mixin.py:190} INFO - [2025-03-01T14:32:05.851+0000] {dag.py:4180} INFO - Setting next_dagrun for read_dataset_event to 2025-02-28 00:00:00+00:00, run_after=2025-03-01 00:00:00+00:00
[2025-03-01T14:32:05.870+0000] {logging_mixin.py:190} INFO - [2025-03-01T14:32:05.870+0000] {dag.py:4180} INFO - Setting next_dagrun for read_dataset_event_from_classic to 2025-02-28 00:00:00+00:00, run_after=2025-03-01 00:00:00+00:00
[2025-03-01T14:32:05.899+0000] {processor.py:208} INFO - Processing /home/airflow/.local/lib/python3.12/site-packages/airflow/example_dags/example_inlet_event_extra.py took 1.440 seconds
[2025-03-01T14:32:36.752+0000] {processor.py:186} INFO - Started process (PID=1927) to work on /home/airflow/.local/lib/python3.12/site-packages/airflow/example_dags/example_inlet_event_extra.py
[2025-03-01T14:32:36.753+0000] {processor.py:914} INFO - Processing file /home/airflow/.local/lib/python3.12/site-packages/airflow/example_dags/example_inlet_event_extra.py for tasks to queue
[2025-03-01T14:32:36.756+0000] {logging_mixin.py:190} INFO - [2025-03-01T14:32:36.755+0000] {dagbag.py:588} INFO - Filling up the DagBag from /home/airflow/.local/lib/python3.12/site-packages/airflow/example_dags/example_inlet_event_extra.py
[2025-03-01T14:32:37.914+0000] {processor.py:925} INFO - DAG(s) 'read_dataset_event', 'read_dataset_event_from_classic' retrieved from /home/airflow/.local/lib/python3.12/site-packages/airflow/example_dags/example_inlet_event_extra.py
[2025-03-01T14:32:37.952+0000] {logging_mixin.py:190} INFO - [2025-03-01T14:32:37.952+0000] {dag.py:3239} INFO - Sync 2 DAGs
[2025-03-01T14:32:38.018+0000] {logging_mixin.py:190} INFO - [2025-03-01T14:32:38.018+0000] {dag.py:4180} INFO - Setting next_dagrun for read_dataset_event to 2025-02-28 00:00:00+00:00, run_after=2025-03-01 00:00:00+00:00
[2025-03-01T14:32:38.040+0000] {logging_mixin.py:190} INFO - [2025-03-01T14:32:38.039+0000] {dag.py:4180} INFO - Setting next_dagrun for read_dataset_event_from_classic to 2025-02-28 00:00:00+00:00, run_after=2025-03-01 00:00:00+00:00
[2025-03-01T14:32:38.075+0000] {processor.py:208} INFO - Processing /home/airflow/.local/lib/python3.12/site-packages/airflow/example_dags/example_inlet_event_extra.py took 1.328 seconds
[2025-03-01T14:33:08.759+0000] {processor.py:186} INFO - Started process (PID=1990) to work on /home/airflow/.local/lib/python3.12/site-packages/airflow/example_dags/example_inlet_event_extra.py
[2025-03-01T14:33:08.760+0000] {processor.py:914} INFO - Processing file /home/airflow/.local/lib/python3.12/site-packages/airflow/example_dags/example_inlet_event_extra.py for tasks to queue
[2025-03-01T14:33:08.762+0000] {logging_mixin.py:190} INFO - [2025-03-01T14:33:08.761+0000] {dagbag.py:588} INFO - Filling up the DagBag from /home/airflow/.local/lib/python3.12/site-packages/airflow/example_dags/example_inlet_event_extra.py
[2025-03-01T14:33:09.451+0000] {processor.py:925} INFO - DAG(s) 'read_dataset_event_from_classic', 'read_dataset_event' retrieved from /home/airflow/.local/lib/python3.12/site-packages/airflow/example_dags/example_inlet_event_extra.py
[2025-03-01T14:33:09.501+0000] {logging_mixin.py:190} INFO - [2025-03-01T14:33:09.501+0000] {dag.py:3239} INFO - Sync 2 DAGs
[2025-03-01T14:33:09.530+0000] {logging_mixin.py:190} INFO - [2025-03-01T14:33:09.530+0000] {dag.py:4180} INFO - Setting next_dagrun for read_dataset_event to 2025-02-28 00:00:00+00:00, run_after=2025-03-01 00:00:00+00:00
[2025-03-01T14:33:09.535+0000] {logging_mixin.py:190} INFO - [2025-03-01T14:33:09.535+0000] {dag.py:4180} INFO - Setting next_dagrun for read_dataset_event_from_classic to 2025-02-28 00:00:00+00:00, run_after=2025-03-01 00:00:00+00:00
[2025-03-01T14:33:09.557+0000] {processor.py:208} INFO - Processing /home/airflow/.local/lib/python3.12/site-packages/airflow/example_dags/example_inlet_event_extra.py took 0.804 seconds
[2025-03-01T14:33:40.129+0000] {processor.py:186} INFO - Started process (PID=2055) to work on /home/airflow/.local/lib/python3.12/site-packages/airflow/example_dags/example_inlet_event_extra.py
[2025-03-01T14:33:40.130+0000] {processor.py:914} INFO - Processing file /home/airflow/.local/lib/python3.12/site-packages/airflow/example_dags/example_inlet_event_extra.py for tasks to queue
[2025-03-01T14:33:40.132+0000] {logging_mixin.py:190} INFO - [2025-03-01T14:33:40.132+0000] {dagbag.py:588} INFO - Filling up the DagBag from /home/airflow/.local/lib/python3.12/site-packages/airflow/example_dags/example_inlet_event_extra.py
[2025-03-01T14:33:41.032+0000] {processor.py:925} INFO - DAG(s) 'read_dataset_event', 'read_dataset_event_from_classic' retrieved from /home/airflow/.local/lib/python3.12/site-packages/airflow/example_dags/example_inlet_event_extra.py
[2025-03-01T14:33:41.067+0000] {logging_mixin.py:190} INFO - [2025-03-01T14:33:41.067+0000] {dag.py:3239} INFO - Sync 2 DAGs
[2025-03-01T14:33:41.138+0000] {logging_mixin.py:190} INFO - [2025-03-01T14:33:41.138+0000] {dag.py:4180} INFO - Setting next_dagrun for read_dataset_event to 2025-02-28 00:00:00+00:00, run_after=2025-03-01 00:00:00+00:00
[2025-03-01T14:33:41.159+0000] {logging_mixin.py:190} INFO - [2025-03-01T14:33:41.158+0000] {dag.py:4180} INFO - Setting next_dagrun for read_dataset_event_from_classic to 2025-02-28 00:00:00+00:00, run_after=2025-03-01 00:00:00+00:00
[2025-03-01T14:33:41.242+0000] {processor.py:208} INFO - Processing /home/airflow/.local/lib/python3.12/site-packages/airflow/example_dags/example_inlet_event_extra.py took 1.118 seconds
[2025-03-01T14:34:11.302+0000] {processor.py:186} INFO - Started process (PID=2118) to work on /home/airflow/.local/lib/python3.12/site-packages/airflow/example_dags/example_inlet_event_extra.py
[2025-03-01T14:34:11.302+0000] {processor.py:914} INFO - Processing file /home/airflow/.local/lib/python3.12/site-packages/airflow/example_dags/example_inlet_event_extra.py for tasks to queue
[2025-03-01T14:34:11.305+0000] {logging_mixin.py:190} INFO - [2025-03-01T14:34:11.304+0000] {dagbag.py:588} INFO - Filling up the DagBag from /home/airflow/.local/lib/python3.12/site-packages/airflow/example_dags/example_inlet_event_extra.py
[2025-03-01T14:34:12.067+0000] {processor.py:925} INFO - DAG(s) 'read_dataset_event_from_classic', 'read_dataset_event' retrieved from /home/airflow/.local/lib/python3.12/site-packages/airflow/example_dags/example_inlet_event_extra.py
[2025-03-01T14:34:12.088+0000] {logging_mixin.py:190} INFO - [2025-03-01T14:34:12.088+0000] {dag.py:3239} INFO - Sync 2 DAGs
[2025-03-01T14:34:12.115+0000] {logging_mixin.py:190} INFO - [2025-03-01T14:34:12.115+0000] {dag.py:4180} INFO - Setting next_dagrun for read_dataset_event to 2025-02-28 00:00:00+00:00, run_after=2025-03-01 00:00:00+00:00
[2025-03-01T14:34:12.122+0000] {logging_mixin.py:190} INFO - [2025-03-01T14:34:12.122+0000] {dag.py:4180} INFO - Setting next_dagrun for read_dataset_event_from_classic to 2025-02-28 00:00:00+00:00, run_after=2025-03-01 00:00:00+00:00
[2025-03-01T14:34:12.137+0000] {processor.py:208} INFO - Processing /home/airflow/.local/lib/python3.12/site-packages/airflow/example_dags/example_inlet_event_extra.py took 0.841 seconds
[2025-03-01T14:34:42.751+0000] {processor.py:186} INFO - Started process (PID=2181) to work on /home/airflow/.local/lib/python3.12/site-packages/airflow/example_dags/example_inlet_event_extra.py
[2025-03-01T14:34:42.752+0000] {processor.py:914} INFO - Processing file /home/airflow/.local/lib/python3.12/site-packages/airflow/example_dags/example_inlet_event_extra.py for tasks to queue
[2025-03-01T14:34:42.754+0000] {logging_mixin.py:190} INFO - [2025-03-01T14:34:42.753+0000] {dagbag.py:588} INFO - Filling up the DagBag from /home/airflow/.local/lib/python3.12/site-packages/airflow/example_dags/example_inlet_event_extra.py
[2025-03-01T14:34:43.450+0000] {processor.py:925} INFO - DAG(s) 'read_dataset_event', 'read_dataset_event_from_classic' retrieved from /home/airflow/.local/lib/python3.12/site-packages/airflow/example_dags/example_inlet_event_extra.py
[2025-03-01T14:34:43.472+0000] {logging_mixin.py:190} INFO - [2025-03-01T14:34:43.472+0000] {dag.py:3239} INFO - Sync 2 DAGs
[2025-03-01T14:34:43.516+0000] {logging_mixin.py:190} INFO - [2025-03-01T14:34:43.516+0000] {dag.py:4180} INFO - Setting next_dagrun for read_dataset_event to 2025-02-28 00:00:00+00:00, run_after=2025-03-01 00:00:00+00:00
[2025-03-01T14:34:43.522+0000] {logging_mixin.py:190} INFO - [2025-03-01T14:34:43.522+0000] {dag.py:4180} INFO - Setting next_dagrun for read_dataset_event_from_classic to 2025-02-28 00:00:00+00:00, run_after=2025-03-01 00:00:00+00:00
[2025-03-01T14:34:43.535+0000] {processor.py:208} INFO - Processing /home/airflow/.local/lib/python3.12/site-packages/airflow/example_dags/example_inlet_event_extra.py took 0.790 seconds
[2025-03-01T14:35:14.470+0000] {processor.py:186} INFO - Started process (PID=2245) to work on /home/airflow/.local/lib/python3.12/site-packages/airflow/example_dags/example_inlet_event_extra.py
[2025-03-01T14:35:14.471+0000] {processor.py:914} INFO - Processing file /home/airflow/.local/lib/python3.12/site-packages/airflow/example_dags/example_inlet_event_extra.py for tasks to queue
[2025-03-01T14:35:14.473+0000] {logging_mixin.py:190} INFO - [2025-03-01T14:35:14.473+0000] {dagbag.py:588} INFO - Filling up the DagBag from /home/airflow/.local/lib/python3.12/site-packages/airflow/example_dags/example_inlet_event_extra.py
[2025-03-01T14:35:15.679+0000] {processor.py:925} INFO - DAG(s) 'read_dataset_event_from_classic', 'read_dataset_event' retrieved from /home/airflow/.local/lib/python3.12/site-packages/airflow/example_dags/example_inlet_event_extra.py
[2025-03-01T14:35:15.714+0000] {logging_mixin.py:190} INFO - [2025-03-01T14:35:15.713+0000] {dag.py:3239} INFO - Sync 2 DAGs
[2025-03-01T14:35:15.760+0000] {logging_mixin.py:190} INFO - [2025-03-01T14:35:15.759+0000] {dag.py:4180} INFO - Setting next_dagrun for read_dataset_event to 2025-02-28 00:00:00+00:00, run_after=2025-03-01 00:00:00+00:00
[2025-03-01T14:35:15.776+0000] {logging_mixin.py:190} INFO - [2025-03-01T14:35:15.775+0000] {dag.py:4180} INFO - Setting next_dagrun for read_dataset_event_from_classic to 2025-02-28 00:00:00+00:00, run_after=2025-03-01 00:00:00+00:00
[2025-03-01T14:35:15.801+0000] {processor.py:208} INFO - Processing /home/airflow/.local/lib/python3.12/site-packages/airflow/example_dags/example_inlet_event_extra.py took 1.340 seconds
[2025-03-01T14:35:45.903+0000] {processor.py:186} INFO - Started process (PID=2310) to work on /home/airflow/.local/lib/python3.12/site-packages/airflow/example_dags/example_inlet_event_extra.py
[2025-03-01T14:35:45.904+0000] {processor.py:914} INFO - Processing file /home/airflow/.local/lib/python3.12/site-packages/airflow/example_dags/example_inlet_event_extra.py for tasks to queue
[2025-03-01T14:35:45.906+0000] {logging_mixin.py:190} INFO - [2025-03-01T14:35:45.906+0000] {dagbag.py:588} INFO - Filling up the DagBag from /home/airflow/.local/lib/python3.12/site-packages/airflow/example_dags/example_inlet_event_extra.py
[2025-03-01T14:35:46.396+0000] {processor.py:925} INFO - DAG(s) 'read_dataset_event_from_classic', 'read_dataset_event' retrieved from /home/airflow/.local/lib/python3.12/site-packages/airflow/example_dags/example_inlet_event_extra.py
[2025-03-01T14:35:46.419+0000] {logging_mixin.py:190} INFO - [2025-03-01T14:35:46.418+0000] {dag.py:3239} INFO - Sync 2 DAGs
[2025-03-01T14:35:46.439+0000] {logging_mixin.py:190} INFO - [2025-03-01T14:35:46.438+0000] {dag.py:4180} INFO - Setting next_dagrun for read_dataset_event to 2025-02-28 00:00:00+00:00, run_after=2025-03-01 00:00:00+00:00
[2025-03-01T14:35:46.445+0000] {logging_mixin.py:190} INFO - [2025-03-01T14:35:46.444+0000] {dag.py:4180} INFO - Setting next_dagrun for read_dataset_event_from_classic to 2025-02-28 00:00:00+00:00, run_after=2025-03-01 00:00:00+00:00
[2025-03-01T14:35:46.459+0000] {processor.py:208} INFO - Processing /home/airflow/.local/lib/python3.12/site-packages/airflow/example_dags/example_inlet_event_extra.py took 0.561 seconds
[2025-03-01T14:36:16.492+0000] {processor.py:186} INFO - Started process (PID=2374) to work on /home/airflow/.local/lib/python3.12/site-packages/airflow/example_dags/example_inlet_event_extra.py
[2025-03-01T14:36:16.492+0000] {processor.py:914} INFO - Processing file /home/airflow/.local/lib/python3.12/site-packages/airflow/example_dags/example_inlet_event_extra.py for tasks to queue
[2025-03-01T14:36:16.494+0000] {logging_mixin.py:190} INFO - [2025-03-01T14:36:16.494+0000] {dagbag.py:588} INFO - Filling up the DagBag from /home/airflow/.local/lib/python3.12/site-packages/airflow/example_dags/example_inlet_event_extra.py
[2025-03-01T14:36:16.949+0000] {processor.py:925} INFO - DAG(s) 'read_dataset_event', 'read_dataset_event_from_classic' retrieved from /home/airflow/.local/lib/python3.12/site-packages/airflow/example_dags/example_inlet_event_extra.py
[2025-03-01T14:36:16.965+0000] {logging_mixin.py:190} INFO - [2025-03-01T14:36:16.965+0000] {dag.py:3239} INFO - Sync 2 DAGs
[2025-03-01T14:36:16.982+0000] {logging_mixin.py:190} INFO - [2025-03-01T14:36:16.982+0000] {dag.py:4180} INFO - Setting next_dagrun for read_dataset_event to 2025-02-28 00:00:00+00:00, run_after=2025-03-01 00:00:00+00:00
[2025-03-01T14:36:16.986+0000] {logging_mixin.py:190} INFO - [2025-03-01T14:36:16.986+0000] {dag.py:4180} INFO - Setting next_dagrun for read_dataset_event_from_classic to 2025-02-28 00:00:00+00:00, run_after=2025-03-01 00:00:00+00:00
[2025-03-01T14:36:16.996+0000] {processor.py:208} INFO - Processing /home/airflow/.local/lib/python3.12/site-packages/airflow/example_dags/example_inlet_event_extra.py took 0.509 seconds
[2025-03-01T14:36:47.961+0000] {processor.py:186} INFO - Started process (PID=2438) to work on /home/airflow/.local/lib/python3.12/site-packages/airflow/example_dags/example_inlet_event_extra.py
[2025-03-01T14:36:47.962+0000] {processor.py:914} INFO - Processing file /home/airflow/.local/lib/python3.12/site-packages/airflow/example_dags/example_inlet_event_extra.py for tasks to queue
[2025-03-01T14:36:47.964+0000] {logging_mixin.py:190} INFO - [2025-03-01T14:36:47.963+0000] {dagbag.py:588} INFO - Filling up the DagBag from /home/airflow/.local/lib/python3.12/site-packages/airflow/example_dags/example_inlet_event_extra.py
[2025-03-01T14:36:48.502+0000] {processor.py:925} INFO - DAG(s) 'read_dataset_event_from_classic', 'read_dataset_event' retrieved from /home/airflow/.local/lib/python3.12/site-packages/airflow/example_dags/example_inlet_event_extra.py
[2025-03-01T14:36:48.516+0000] {logging_mixin.py:190} INFO - [2025-03-01T14:36:48.516+0000] {dag.py:3239} INFO - Sync 2 DAGs
[2025-03-01T14:36:48.535+0000] {logging_mixin.py:190} INFO - [2025-03-01T14:36:48.535+0000] {dag.py:4180} INFO - Setting next_dagrun for read_dataset_event to 2025-02-28 00:00:00+00:00, run_after=2025-03-01 00:00:00+00:00
[2025-03-01T14:36:48.539+0000] {logging_mixin.py:190} INFO - [2025-03-01T14:36:48.538+0000] {dag.py:4180} INFO - Setting next_dagrun for read_dataset_event_from_classic to 2025-02-28 00:00:00+00:00, run_after=2025-03-01 00:00:00+00:00
[2025-03-01T14:36:48.549+0000] {processor.py:208} INFO - Processing /home/airflow/.local/lib/python3.12/site-packages/airflow/example_dags/example_inlet_event_extra.py took 0.593 seconds
[2025-03-01T14:37:18.666+0000] {processor.py:186} INFO - Started process (PID=2496) to work on /home/airflow/.local/lib/python3.12/site-packages/airflow/example_dags/example_inlet_event_extra.py
[2025-03-01T14:37:18.667+0000] {processor.py:914} INFO - Processing file /home/airflow/.local/lib/python3.12/site-packages/airflow/example_dags/example_inlet_event_extra.py for tasks to queue
[2025-03-01T14:37:18.669+0000] {logging_mixin.py:190} INFO - [2025-03-01T14:37:18.669+0000] {dagbag.py:588} INFO - Filling up the DagBag from /home/airflow/.local/lib/python3.12/site-packages/airflow/example_dags/example_inlet_event_extra.py
[2025-03-01T14:37:19.321+0000] {processor.py:925} INFO - DAG(s) 'read_dataset_event', 'read_dataset_event_from_classic' retrieved from /home/airflow/.local/lib/python3.12/site-packages/airflow/example_dags/example_inlet_event_extra.py
[2025-03-01T14:37:19.339+0000] {logging_mixin.py:190} INFO - [2025-03-01T14:37:19.339+0000] {dag.py:3239} INFO - Sync 2 DAGs
[2025-03-01T14:37:19.368+0000] {logging_mixin.py:190} INFO - [2025-03-01T14:37:19.368+0000] {dag.py:4180} INFO - Setting next_dagrun for read_dataset_event to 2025-02-28 00:00:00+00:00, run_after=2025-03-01 00:00:00+00:00
[2025-03-01T14:37:19.373+0000] {logging_mixin.py:190} INFO - [2025-03-01T14:37:19.373+0000] {dag.py:4180} INFO - Setting next_dagrun for read_dataset_event_from_classic to 2025-02-28 00:00:00+00:00, run_after=2025-03-01 00:00:00+00:00
[2025-03-01T14:37:19.395+0000] {processor.py:208} INFO - Processing /home/airflow/.local/lib/python3.12/site-packages/airflow/example_dags/example_inlet_event_extra.py took 0.735 seconds
[2025-03-01T14:37:50.860+0000] {processor.py:186} INFO - Started process (PID=2570) to work on /home/airflow/.local/lib/python3.12/site-packages/airflow/example_dags/example_inlet_event_extra.py
[2025-03-01T14:37:50.861+0000] {processor.py:914} INFO - Processing file /home/airflow/.local/lib/python3.12/site-packages/airflow/example_dags/example_inlet_event_extra.py for tasks to queue
[2025-03-01T14:37:50.863+0000] {logging_mixin.py:190} INFO - [2025-03-01T14:37:50.863+0000] {dagbag.py:588} INFO - Filling up the DagBag from /home/airflow/.local/lib/python3.12/site-packages/airflow/example_dags/example_inlet_event_extra.py
[2025-03-01T14:37:51.331+0000] {processor.py:925} INFO - DAG(s) 'read_dataset_event', 'read_dataset_event_from_classic' retrieved from /home/airflow/.local/lib/python3.12/site-packages/airflow/example_dags/example_inlet_event_extra.py
[2025-03-01T14:37:51.349+0000] {logging_mixin.py:190} INFO - [2025-03-01T14:37:51.348+0000] {dag.py:3239} INFO - Sync 2 DAGs
[2025-03-01T14:37:51.373+0000] {logging_mixin.py:190} INFO - [2025-03-01T14:37:51.373+0000] {dag.py:4180} INFO - Setting next_dagrun for read_dataset_event to 2025-02-28 00:00:00+00:00, run_after=2025-03-01 00:00:00+00:00
[2025-03-01T14:37:51.377+0000] {logging_mixin.py:190} INFO - [2025-03-01T14:37:51.377+0000] {dag.py:4180} INFO - Setting next_dagrun for read_dataset_event_from_classic to 2025-02-28 00:00:00+00:00, run_after=2025-03-01 00:00:00+00:00
[2025-03-01T14:37:51.391+0000] {processor.py:208} INFO - Processing /home/airflow/.local/lib/python3.12/site-packages/airflow/example_dags/example_inlet_event_extra.py took 0.537 seconds
[2025-03-01T14:38:21.897+0000] {processor.py:186} INFO - Started process (PID=2630) to work on /home/airflow/.local/lib/python3.12/site-packages/airflow/example_dags/example_inlet_event_extra.py
[2025-03-01T14:38:21.898+0000] {processor.py:914} INFO - Processing file /home/airflow/.local/lib/python3.12/site-packages/airflow/example_dags/example_inlet_event_extra.py for tasks to queue
[2025-03-01T14:38:21.900+0000] {logging_mixin.py:190} INFO - [2025-03-01T14:38:21.900+0000] {dagbag.py:588} INFO - Filling up the DagBag from /home/airflow/.local/lib/python3.12/site-packages/airflow/example_dags/example_inlet_event_extra.py
[2025-03-01T14:38:22.880+0000] {processor.py:925} INFO - DAG(s) 'read_dataset_event_from_classic', 'read_dataset_event' retrieved from /home/airflow/.local/lib/python3.12/site-packages/airflow/example_dags/example_inlet_event_extra.py
[2025-03-01T14:38:22.903+0000] {logging_mixin.py:190} INFO - [2025-03-01T14:38:22.902+0000] {dag.py:3239} INFO - Sync 2 DAGs
[2025-03-01T14:38:22.930+0000] {logging_mixin.py:190} INFO - [2025-03-01T14:38:22.929+0000] {dag.py:4180} INFO - Setting next_dagrun for read_dataset_event to 2025-02-28 00:00:00+00:00, run_after=2025-03-01 00:00:00+00:00
[2025-03-01T14:38:22.936+0000] {logging_mixin.py:190} INFO - [2025-03-01T14:38:22.936+0000] {dag.py:4180} INFO - Setting next_dagrun for read_dataset_event_from_classic to 2025-02-28 00:00:00+00:00, run_after=2025-03-01 00:00:00+00:00
[2025-03-01T14:38:22.952+0000] {processor.py:208} INFO - Processing /home/airflow/.local/lib/python3.12/site-packages/airflow/example_dags/example_inlet_event_extra.py took 1.060 seconds
[2025-03-01T14:38:53.514+0000] {processor.py:186} INFO - Started process (PID=2703) to work on /home/airflow/.local/lib/python3.12/site-packages/airflow/example_dags/example_inlet_event_extra.py
[2025-03-01T14:38:53.515+0000] {processor.py:914} INFO - Processing file /home/airflow/.local/lib/python3.12/site-packages/airflow/example_dags/example_inlet_event_extra.py for tasks to queue
[2025-03-01T14:38:53.517+0000] {logging_mixin.py:190} INFO - [2025-03-01T14:38:53.517+0000] {dagbag.py:588} INFO - Filling up the DagBag from /home/airflow/.local/lib/python3.12/site-packages/airflow/example_dags/example_inlet_event_extra.py
[2025-03-01T14:38:53.934+0000] {processor.py:925} INFO - DAG(s) 'read_dataset_event', 'read_dataset_event_from_classic' retrieved from /home/airflow/.local/lib/python3.12/site-packages/airflow/example_dags/example_inlet_event_extra.py
[2025-03-01T14:38:53.948+0000] {logging_mixin.py:190} INFO - [2025-03-01T14:38:53.948+0000] {dag.py:3239} INFO - Sync 2 DAGs
[2025-03-01T14:38:53.966+0000] {logging_mixin.py:190} INFO - [2025-03-01T14:38:53.966+0000] {dag.py:4180} INFO - Setting next_dagrun for read_dataset_event to 2025-02-28 00:00:00+00:00, run_after=2025-03-01 00:00:00+00:00
[2025-03-01T14:38:53.970+0000] {logging_mixin.py:190} INFO - [2025-03-01T14:38:53.970+0000] {dag.py:4180} INFO - Setting next_dagrun for read_dataset_event_from_classic to 2025-02-28 00:00:00+00:00, run_after=2025-03-01 00:00:00+00:00
[2025-03-01T14:38:53.980+0000] {processor.py:208} INFO - Processing /home/airflow/.local/lib/python3.12/site-packages/airflow/example_dags/example_inlet_event_extra.py took 0.472 seconds
[2025-03-01T14:39:24.475+0000] {processor.py:186} INFO - Started process (PID=2760) to work on /home/airflow/.local/lib/python3.12/site-packages/airflow/example_dags/example_inlet_event_extra.py
[2025-03-01T14:39:24.475+0000] {processor.py:914} INFO - Processing file /home/airflow/.local/lib/python3.12/site-packages/airflow/example_dags/example_inlet_event_extra.py for tasks to queue
[2025-03-01T14:39:24.477+0000] {logging_mixin.py:190} INFO - [2025-03-01T14:39:24.477+0000] {dagbag.py:588} INFO - Filling up the DagBag from /home/airflow/.local/lib/python3.12/site-packages/airflow/example_dags/example_inlet_event_extra.py
[2025-03-01T14:39:24.909+0000] {processor.py:925} INFO - DAG(s) 'read_dataset_event_from_classic', 'read_dataset_event' retrieved from /home/airflow/.local/lib/python3.12/site-packages/airflow/example_dags/example_inlet_event_extra.py
[2025-03-01T14:39:24.924+0000] {logging_mixin.py:190} INFO - [2025-03-01T14:39:24.923+0000] {dag.py:3239} INFO - Sync 2 DAGs
[2025-03-01T14:39:24.941+0000] {logging_mixin.py:190} INFO - [2025-03-01T14:39:24.941+0000] {dag.py:4180} INFO - Setting next_dagrun for read_dataset_event to 2025-02-28 00:00:00+00:00, run_after=2025-03-01 00:00:00+00:00
[2025-03-01T14:39:24.945+0000] {logging_mixin.py:190} INFO - [2025-03-01T14:39:24.944+0000] {dag.py:4180} INFO - Setting next_dagrun for read_dataset_event_from_classic to 2025-02-28 00:00:00+00:00, run_after=2025-03-01 00:00:00+00:00
[2025-03-01T14:39:24.955+0000] {processor.py:208} INFO - Processing /home/airflow/.local/lib/python3.12/site-packages/airflow/example_dags/example_inlet_event_extra.py took 0.484 seconds
[2025-03-01T14:39:56.713+0000] {processor.py:186} INFO - Started process (PID=2828) to work on /home/airflow/.local/lib/python3.12/site-packages/airflow/example_dags/example_inlet_event_extra.py
[2025-03-01T14:39:56.713+0000] {processor.py:914} INFO - Processing file /home/airflow/.local/lib/python3.12/site-packages/airflow/example_dags/example_inlet_event_extra.py for tasks to queue
[2025-03-01T14:39:56.716+0000] {logging_mixin.py:190} INFO - [2025-03-01T14:39:56.715+0000] {dagbag.py:588} INFO - Filling up the DagBag from /home/airflow/.local/lib/python3.12/site-packages/airflow/example_dags/example_inlet_event_extra.py
[2025-03-01T14:39:57.412+0000] {processor.py:925} INFO - DAG(s) 'read_dataset_event', 'read_dataset_event_from_classic' retrieved from /home/airflow/.local/lib/python3.12/site-packages/airflow/example_dags/example_inlet_event_extra.py
[2025-03-01T14:39:57.433+0000] {logging_mixin.py:190} INFO - [2025-03-01T14:39:57.433+0000] {dag.py:3239} INFO - Sync 2 DAGs
[2025-03-01T14:39:57.460+0000] {logging_mixin.py:190} INFO - [2025-03-01T14:39:57.460+0000] {dag.py:4180} INFO - Setting next_dagrun for read_dataset_event to 2025-02-28 00:00:00+00:00, run_after=2025-03-01 00:00:00+00:00
[2025-03-01T14:39:57.466+0000] {logging_mixin.py:190} INFO - [2025-03-01T14:39:57.466+0000] {dag.py:4180} INFO - Setting next_dagrun for read_dataset_event_from_classic to 2025-02-28 00:00:00+00:00, run_after=2025-03-01 00:00:00+00:00
[2025-03-01T14:39:57.480+0000] {processor.py:208} INFO - Processing /home/airflow/.local/lib/python3.12/site-packages/airflow/example_dags/example_inlet_event_extra.py took 0.774 seconds
[2025-03-01T14:40:28.160+0000] {processor.py:186} INFO - Started process (PID=2895) to work on /home/airflow/.local/lib/python3.12/site-packages/airflow/example_dags/example_inlet_event_extra.py
[2025-03-01T14:40:28.160+0000] {processor.py:914} INFO - Processing file /home/airflow/.local/lib/python3.12/site-packages/airflow/example_dags/example_inlet_event_extra.py for tasks to queue
[2025-03-01T14:40:28.162+0000] {logging_mixin.py:190} INFO - [2025-03-01T14:40:28.162+0000] {dagbag.py:588} INFO - Filling up the DagBag from /home/airflow/.local/lib/python3.12/site-packages/airflow/example_dags/example_inlet_event_extra.py
[2025-03-01T14:40:28.797+0000] {processor.py:925} INFO - DAG(s) 'read_dataset_event_from_classic', 'read_dataset_event' retrieved from /home/airflow/.local/lib/python3.12/site-packages/airflow/example_dags/example_inlet_event_extra.py
[2025-03-01T14:40:28.818+0000] {logging_mixin.py:190} INFO - [2025-03-01T14:40:28.817+0000] {dag.py:3239} INFO - Sync 2 DAGs
[2025-03-01T14:40:28.845+0000] {logging_mixin.py:190} INFO - [2025-03-01T14:40:28.845+0000] {dag.py:4180} INFO - Setting next_dagrun for read_dataset_event to 2025-02-28 00:00:00+00:00, run_after=2025-03-01 00:00:00+00:00
[2025-03-01T14:40:28.851+0000] {logging_mixin.py:190} INFO - [2025-03-01T14:40:28.851+0000] {dag.py:4180} INFO - Setting next_dagrun for read_dataset_event_from_classic to 2025-02-28 00:00:00+00:00, run_after=2025-03-01 00:00:00+00:00
[2025-03-01T14:40:28.867+0000] {processor.py:208} INFO - Processing /home/airflow/.local/lib/python3.12/site-packages/airflow/example_dags/example_inlet_event_extra.py took 0.712 seconds
[2025-03-01T14:40:59.163+0000] {processor.py:186} INFO - Started process (PID=2956) to work on /home/airflow/.local/lib/python3.12/site-packages/airflow/example_dags/example_inlet_event_extra.py
[2025-03-01T14:40:59.164+0000] {processor.py:914} INFO - Processing file /home/airflow/.local/lib/python3.12/site-packages/airflow/example_dags/example_inlet_event_extra.py for tasks to queue
[2025-03-01T14:40:59.166+0000] {logging_mixin.py:190} INFO - [2025-03-01T14:40:59.165+0000] {dagbag.py:588} INFO - Filling up the DagBag from /home/airflow/.local/lib/python3.12/site-packages/airflow/example_dags/example_inlet_event_extra.py
[2025-03-01T14:40:59.867+0000] {processor.py:925} INFO - DAG(s) 'read_dataset_event', 'read_dataset_event_from_classic' retrieved from /home/airflow/.local/lib/python3.12/site-packages/airflow/example_dags/example_inlet_event_extra.py
[2025-03-01T14:40:59.888+0000] {logging_mixin.py:190} INFO - [2025-03-01T14:40:59.888+0000] {dag.py:3239} INFO - Sync 2 DAGs
[2025-03-01T14:40:59.916+0000] {logging_mixin.py:190} INFO - [2025-03-01T14:40:59.916+0000] {dag.py:4180} INFO - Setting next_dagrun for read_dataset_event to 2025-02-28 00:00:00+00:00, run_after=2025-03-01 00:00:00+00:00
[2025-03-01T14:40:59.922+0000] {logging_mixin.py:190} INFO - [2025-03-01T14:40:59.922+0000] {dag.py:4180} INFO - Setting next_dagrun for read_dataset_event_from_classic to 2025-02-28 00:00:00+00:00, run_after=2025-03-01 00:00:00+00:00
[2025-03-01T14:40:59.936+0000] {processor.py:208} INFO - Processing /home/airflow/.local/lib/python3.12/site-packages/airflow/example_dags/example_inlet_event_extra.py took 0.779 seconds
[2025-03-01T14:41:30.916+0000] {processor.py:186} INFO - Started process (PID=3021) to work on /home/airflow/.local/lib/python3.12/site-packages/airflow/example_dags/example_inlet_event_extra.py
[2025-03-01T14:41:30.917+0000] {processor.py:914} INFO - Processing file /home/airflow/.local/lib/python3.12/site-packages/airflow/example_dags/example_inlet_event_extra.py for tasks to queue
[2025-03-01T14:41:30.919+0000] {logging_mixin.py:190} INFO - [2025-03-01T14:41:30.919+0000] {dagbag.py:588} INFO - Filling up the DagBag from /home/airflow/.local/lib/python3.12/site-packages/airflow/example_dags/example_inlet_event_extra.py
[2025-03-01T14:41:31.564+0000] {processor.py:925} INFO - DAG(s) 'read_dataset_event', 'read_dataset_event_from_classic' retrieved from /home/airflow/.local/lib/python3.12/site-packages/airflow/example_dags/example_inlet_event_extra.py
[2025-03-01T14:41:31.601+0000] {logging_mixin.py:190} INFO - [2025-03-01T14:41:31.600+0000] {dag.py:3239} INFO - Sync 2 DAGs
[2025-03-01T14:41:31.643+0000] {logging_mixin.py:190} INFO - [2025-03-01T14:41:31.643+0000] {dag.py:4180} INFO - Setting next_dagrun for read_dataset_event to 2025-02-28 00:00:00+00:00, run_after=2025-03-01 00:00:00+00:00
[2025-03-01T14:41:31.649+0000] {logging_mixin.py:190} INFO - [2025-03-01T14:41:31.649+0000] {dag.py:4180} INFO - Setting next_dagrun for read_dataset_event_from_classic to 2025-02-28 00:00:00+00:00, run_after=2025-03-01 00:00:00+00:00
[2025-03-01T14:41:31.667+0000] {processor.py:208} INFO - Processing /home/airflow/.local/lib/python3.12/site-packages/airflow/example_dags/example_inlet_event_extra.py took 0.757 seconds
[2025-03-01T14:42:01.826+0000] {processor.py:186} INFO - Started process (PID=3080) to work on /home/airflow/.local/lib/python3.12/site-packages/airflow/example_dags/example_inlet_event_extra.py
[2025-03-01T14:42:01.827+0000] {processor.py:914} INFO - Processing file /home/airflow/.local/lib/python3.12/site-packages/airflow/example_dags/example_inlet_event_extra.py for tasks to queue
[2025-03-01T14:42:01.829+0000] {logging_mixin.py:190} INFO - [2025-03-01T14:42:01.829+0000] {dagbag.py:588} INFO - Filling up the DagBag from /home/airflow/.local/lib/python3.12/site-packages/airflow/example_dags/example_inlet_event_extra.py
[2025-03-01T14:42:02.488+0000] {processor.py:925} INFO - DAG(s) 'read_dataset_event', 'read_dataset_event_from_classic' retrieved from /home/airflow/.local/lib/python3.12/site-packages/airflow/example_dags/example_inlet_event_extra.py
[2025-03-01T14:42:02.510+0000] {logging_mixin.py:190} INFO - [2025-03-01T14:42:02.510+0000] {dag.py:3239} INFO - Sync 2 DAGs
[2025-03-01T14:42:02.539+0000] {logging_mixin.py:190} INFO - [2025-03-01T14:42:02.539+0000] {dag.py:4180} INFO - Setting next_dagrun for read_dataset_event to 2025-02-28 00:00:00+00:00, run_after=2025-03-01 00:00:00+00:00
[2025-03-01T14:42:02.545+0000] {logging_mixin.py:190} INFO - [2025-03-01T14:42:02.544+0000] {dag.py:4180} INFO - Setting next_dagrun for read_dataset_event_from_classic to 2025-02-28 00:00:00+00:00, run_after=2025-03-01 00:00:00+00:00
[2025-03-01T14:42:02.568+0000] {processor.py:208} INFO - Processing /home/airflow/.local/lib/python3.12/site-packages/airflow/example_dags/example_inlet_event_extra.py took 0.747 seconds
[2025-03-01T14:42:33.713+0000] {processor.py:186} INFO - Started process (PID=3154) to work on /home/airflow/.local/lib/python3.12/site-packages/airflow/example_dags/example_inlet_event_extra.py
[2025-03-01T14:42:33.714+0000] {processor.py:914} INFO - Processing file /home/airflow/.local/lib/python3.12/site-packages/airflow/example_dags/example_inlet_event_extra.py for tasks to queue
[2025-03-01T14:42:33.716+0000] {logging_mixin.py:190} INFO - [2025-03-01T14:42:33.716+0000] {dagbag.py:588} INFO - Filling up the DagBag from /home/airflow/.local/lib/python3.12/site-packages/airflow/example_dags/example_inlet_event_extra.py
[2025-03-01T14:42:34.376+0000] {processor.py:925} INFO - DAG(s) 'read_dataset_event', 'read_dataset_event_from_classic' retrieved from /home/airflow/.local/lib/python3.12/site-packages/airflow/example_dags/example_inlet_event_extra.py
[2025-03-01T14:42:34.396+0000] {logging_mixin.py:190} INFO - [2025-03-01T14:42:34.396+0000] {dag.py:3239} INFO - Sync 2 DAGs
[2025-03-01T14:42:34.423+0000] {logging_mixin.py:190} INFO - [2025-03-01T14:42:34.423+0000] {dag.py:4180} INFO - Setting next_dagrun for read_dataset_event to 2025-02-28 00:00:00+00:00, run_after=2025-03-01 00:00:00+00:00
[2025-03-01T14:42:34.429+0000] {logging_mixin.py:190} INFO - [2025-03-01T14:42:34.429+0000] {dag.py:4180} INFO - Setting next_dagrun for read_dataset_event_from_classic to 2025-02-28 00:00:00+00:00, run_after=2025-03-01 00:00:00+00:00
[2025-03-01T14:42:34.445+0000] {processor.py:208} INFO - Processing /home/airflow/.local/lib/python3.12/site-packages/airflow/example_dags/example_inlet_event_extra.py took 0.748 seconds
[2025-03-01T14:43:05.026+0000] {processor.py:186} INFO - Started process (PID=3219) to work on /home/airflow/.local/lib/python3.12/site-packages/airflow/example_dags/example_inlet_event_extra.py
[2025-03-01T14:43:05.027+0000] {processor.py:914} INFO - Processing file /home/airflow/.local/lib/python3.12/site-packages/airflow/example_dags/example_inlet_event_extra.py for tasks to queue
[2025-03-01T14:43:05.029+0000] {logging_mixin.py:190} INFO - [2025-03-01T14:43:05.029+0000] {dagbag.py:588} INFO - Filling up the DagBag from /home/airflow/.local/lib/python3.12/site-packages/airflow/example_dags/example_inlet_event_extra.py
[2025-03-01T14:43:05.723+0000] {processor.py:925} INFO - DAG(s) 'read_dataset_event_from_classic', 'read_dataset_event' retrieved from /home/airflow/.local/lib/python3.12/site-packages/airflow/example_dags/example_inlet_event_extra.py
[2025-03-01T14:43:05.744+0000] {logging_mixin.py:190} INFO - [2025-03-01T14:43:05.744+0000] {dag.py:3239} INFO - Sync 2 DAGs
[2025-03-01T14:43:05.771+0000] {logging_mixin.py:190} INFO - [2025-03-01T14:43:05.771+0000] {dag.py:4180} INFO - Setting next_dagrun for read_dataset_event to 2025-02-28 00:00:00+00:00, run_after=2025-03-01 00:00:00+00:00
[2025-03-01T14:43:05.777+0000] {logging_mixin.py:190} INFO - [2025-03-01T14:43:05.777+0000] {dag.py:4180} INFO - Setting next_dagrun for read_dataset_event_from_classic to 2025-02-28 00:00:00+00:00, run_after=2025-03-01 00:00:00+00:00
[2025-03-01T14:43:05.792+0000] {processor.py:208} INFO - Processing /home/airflow/.local/lib/python3.12/site-packages/airflow/example_dags/example_inlet_event_extra.py took 0.771 seconds
[2025-03-01T14:43:36.621+0000] {processor.py:186} INFO - Started process (PID=3280) to work on /home/airflow/.local/lib/python3.12/site-packages/airflow/example_dags/example_inlet_event_extra.py
[2025-03-01T14:43:36.622+0000] {processor.py:914} INFO - Processing file /home/airflow/.local/lib/python3.12/site-packages/airflow/example_dags/example_inlet_event_extra.py for tasks to queue
[2025-03-01T14:43:36.624+0000] {logging_mixin.py:190} INFO - [2025-03-01T14:43:36.623+0000] {dagbag.py:588} INFO - Filling up the DagBag from /home/airflow/.local/lib/python3.12/site-packages/airflow/example_dags/example_inlet_event_extra.py
[2025-03-01T14:43:37.784+0000] {processor.py:925} INFO - DAG(s) 'read_dataset_event_from_classic', 'read_dataset_event' retrieved from /home/airflow/.local/lib/python3.12/site-packages/airflow/example_dags/example_inlet_event_extra.py
[2025-03-01T14:43:37.806+0000] {logging_mixin.py:190} INFO - [2025-03-01T14:43:37.805+0000] {dag.py:3239} INFO - Sync 2 DAGs
[2025-03-01T14:43:37.834+0000] {logging_mixin.py:190} INFO - [2025-03-01T14:43:37.834+0000] {dag.py:4180} INFO - Setting next_dagrun for read_dataset_event to 2025-02-28 00:00:00+00:00, run_after=2025-03-01 00:00:00+00:00
[2025-03-01T14:43:37.840+0000] {logging_mixin.py:190} INFO - [2025-03-01T14:43:37.839+0000] {dag.py:4180} INFO - Setting next_dagrun for read_dataset_event_from_classic to 2025-02-28 00:00:00+00:00, run_after=2025-03-01 00:00:00+00:00
[2025-03-01T14:43:37.855+0000] {processor.py:208} INFO - Processing /home/airflow/.local/lib/python3.12/site-packages/airflow/example_dags/example_inlet_event_extra.py took 1.240 seconds
[2025-03-01T14:44:09.002+0000] {processor.py:186} INFO - Started process (PID=3350) to work on /home/airflow/.local/lib/python3.12/site-packages/airflow/example_dags/example_inlet_event_extra.py
[2025-03-01T14:44:09.003+0000] {processor.py:914} INFO - Processing file /home/airflow/.local/lib/python3.12/site-packages/airflow/example_dags/example_inlet_event_extra.py for tasks to queue
[2025-03-01T14:44:09.005+0000] {logging_mixin.py:190} INFO - [2025-03-01T14:44:09.005+0000] {dagbag.py:588} INFO - Filling up the DagBag from /home/airflow/.local/lib/python3.12/site-packages/airflow/example_dags/example_inlet_event_extra.py
[2025-03-01T14:44:10.244+0000] {processor.py:925} INFO - DAG(s) 'read_dataset_event', 'read_dataset_event_from_classic' retrieved from /home/airflow/.local/lib/python3.12/site-packages/airflow/example_dags/example_inlet_event_extra.py
[2025-03-01T14:44:10.290+0000] {logging_mixin.py:190} INFO - [2025-03-01T14:44:10.289+0000] {dag.py:3239} INFO - Sync 2 DAGs
[2025-03-01T14:44:10.338+0000] {logging_mixin.py:190} INFO - [2025-03-01T14:44:10.338+0000] {dag.py:4180} INFO - Setting next_dagrun for read_dataset_event to 2025-02-28 00:00:00+00:00, run_after=2025-03-01 00:00:00+00:00
[2025-03-01T14:44:10.351+0000] {logging_mixin.py:190} INFO - [2025-03-01T14:44:10.351+0000] {dag.py:4180} INFO - Setting next_dagrun for read_dataset_event_from_classic to 2025-02-28 00:00:00+00:00, run_after=2025-03-01 00:00:00+00:00
[2025-03-01T14:44:10.392+0000] {processor.py:208} INFO - Processing /home/airflow/.local/lib/python3.12/site-packages/airflow/example_dags/example_inlet_event_extra.py took 1.397 seconds
[2025-03-01T14:44:40.939+0000] {processor.py:186} INFO - Started process (PID=3413) to work on /home/airflow/.local/lib/python3.12/site-packages/airflow/example_dags/example_inlet_event_extra.py
[2025-03-01T14:44:40.940+0000] {processor.py:914} INFO - Processing file /home/airflow/.local/lib/python3.12/site-packages/airflow/example_dags/example_inlet_event_extra.py for tasks to queue
[2025-03-01T14:44:40.942+0000] {logging_mixin.py:190} INFO - [2025-03-01T14:44:40.942+0000] {dagbag.py:588} INFO - Filling up the DagBag from /home/airflow/.local/lib/python3.12/site-packages/airflow/example_dags/example_inlet_event_extra.py
[2025-03-01T14:44:41.674+0000] {processor.py:925} INFO - DAG(s) 'read_dataset_event', 'read_dataset_event_from_classic' retrieved from /home/airflow/.local/lib/python3.12/site-packages/airflow/example_dags/example_inlet_event_extra.py
[2025-03-01T14:44:41.695+0000] {logging_mixin.py:190} INFO - [2025-03-01T14:44:41.695+0000] {dag.py:3239} INFO - Sync 2 DAGs
[2025-03-01T14:44:41.739+0000] {logging_mixin.py:190} INFO - [2025-03-01T14:44:41.739+0000] {dag.py:4180} INFO - Setting next_dagrun for read_dataset_event to 2025-02-28 00:00:00+00:00, run_after=2025-03-01 00:00:00+00:00
[2025-03-01T14:44:41.746+0000] {logging_mixin.py:190} INFO - [2025-03-01T14:44:41.746+0000] {dag.py:4180} INFO - Setting next_dagrun for read_dataset_event_from_classic to 2025-02-28 00:00:00+00:00, run_after=2025-03-01 00:00:00+00:00
[2025-03-01T14:44:41.759+0000] {processor.py:208} INFO - Processing /home/airflow/.local/lib/python3.12/site-packages/airflow/example_dags/example_inlet_event_extra.py took 0.825 seconds
[2025-03-01T14:45:12.942+0000] {processor.py:186} INFO - Started process (PID=3479) to work on /home/airflow/.local/lib/python3.12/site-packages/airflow/example_dags/example_inlet_event_extra.py
[2025-03-01T14:45:12.944+0000] {processor.py:914} INFO - Processing file /home/airflow/.local/lib/python3.12/site-packages/airflow/example_dags/example_inlet_event_extra.py for tasks to queue
[2025-03-01T14:45:12.947+0000] {logging_mixin.py:190} INFO - [2025-03-01T14:45:12.947+0000] {dagbag.py:588} INFO - Filling up the DagBag from /home/airflow/.local/lib/python3.12/site-packages/airflow/example_dags/example_inlet_event_extra.py
[2025-03-01T14:45:13.749+0000] {processor.py:925} INFO - DAG(s) 'read_dataset_event_from_classic', 'read_dataset_event' retrieved from /home/airflow/.local/lib/python3.12/site-packages/airflow/example_dags/example_inlet_event_extra.py
[2025-03-01T14:45:13.771+0000] {logging_mixin.py:190} INFO - [2025-03-01T14:45:13.770+0000] {dag.py:3239} INFO - Sync 2 DAGs
[2025-03-01T14:45:13.834+0000] {logging_mixin.py:190} INFO - [2025-03-01T14:45:13.834+0000] {dag.py:4180} INFO - Setting next_dagrun for read_dataset_event to 2025-02-28 00:00:00+00:00, run_after=2025-03-01 00:00:00+00:00
[2025-03-01T14:45:13.840+0000] {logging_mixin.py:190} INFO - [2025-03-01T14:45:13.840+0000] {dag.py:4180} INFO - Setting next_dagrun for read_dataset_event_from_classic to 2025-02-28 00:00:00+00:00, run_after=2025-03-01 00:00:00+00:00
[2025-03-01T14:45:13.859+0000] {processor.py:208} INFO - Processing /home/airflow/.local/lib/python3.12/site-packages/airflow/example_dags/example_inlet_event_extra.py took 0.925 seconds
[2025-03-01T14:45:48.028+0000] {processor.py:186} INFO - Started process (PID=3545) to work on /home/airflow/.local/lib/python3.12/site-packages/airflow/example_dags/example_inlet_event_extra.py
[2025-03-01T14:45:48.034+0000] {processor.py:914} INFO - Processing file /home/airflow/.local/lib/python3.12/site-packages/airflow/example_dags/example_inlet_event_extra.py for tasks to queue
[2025-03-01T14:45:48.036+0000] {logging_mixin.py:190} INFO - [2025-03-01T14:45:48.036+0000] {dagbag.py:588} INFO - Filling up the DagBag from /home/airflow/.local/lib/python3.12/site-packages/airflow/example_dags/example_inlet_event_extra.py
[2025-03-01T14:45:51.603+0000] {processor.py:925} INFO - DAG(s) 'read_dataset_event', 'read_dataset_event_from_classic' retrieved from /home/airflow/.local/lib/python3.12/site-packages/airflow/example_dags/example_inlet_event_extra.py
[2025-03-01T14:45:51.722+0000] {logging_mixin.py:190} INFO - [2025-03-01T14:45:51.721+0000] {dag.py:3239} INFO - Sync 2 DAGs
[2025-03-01T14:45:51.903+0000] {logging_mixin.py:190} INFO - [2025-03-01T14:45:51.903+0000] {dag.py:4180} INFO - Setting next_dagrun for read_dataset_event to 2025-02-28 00:00:00+00:00, run_after=2025-03-01 00:00:00+00:00
[2025-03-01T14:45:51.936+0000] {logging_mixin.py:190} INFO - [2025-03-01T14:45:51.936+0000] {dag.py:4180} INFO - Setting next_dagrun for read_dataset_event_from_classic to 2025-02-28 00:00:00+00:00, run_after=2025-03-01 00:00:00+00:00
[2025-03-01T14:45:52.036+0000] {processor.py:208} INFO - Processing /home/airflow/.local/lib/python3.12/site-packages/airflow/example_dags/example_inlet_event_extra.py took 4.032 seconds
[2025-03-01T14:46:29.615+0000] {processor.py:186} INFO - Started process (PID=3611) to work on /home/airflow/.local/lib/python3.12/site-packages/airflow/example_dags/example_inlet_event_extra.py
[2025-03-01T14:46:29.619+0000] {processor.py:914} INFO - Processing file /home/airflow/.local/lib/python3.12/site-packages/airflow/example_dags/example_inlet_event_extra.py for tasks to queue
[2025-03-01T14:46:29.629+0000] {logging_mixin.py:190} INFO - [2025-03-01T14:46:29.629+0000] {dagbag.py:588} INFO - Filling up the DagBag from /home/airflow/.local/lib/python3.12/site-packages/airflow/example_dags/example_inlet_event_extra.py
[2025-03-01T14:46:38.332+0000] {processor.py:925} INFO - DAG(s) 'read_dataset_event', 'read_dataset_event_from_classic' retrieved from /home/airflow/.local/lib/python3.12/site-packages/airflow/example_dags/example_inlet_event_extra.py
[2025-03-01T14:46:38.438+0000] {logging_mixin.py:190} INFO - [2025-03-01T14:46:38.438+0000] {dag.py:3239} INFO - Sync 2 DAGs
[2025-03-01T14:46:38.578+0000] {logging_mixin.py:190} INFO - [2025-03-01T14:46:38.577+0000] {dag.py:4180} INFO - Setting next_dagrun for read_dataset_event to 2025-02-28 00:00:00+00:00, run_after=2025-03-01 00:00:00+00:00
[2025-03-01T14:46:38.614+0000] {logging_mixin.py:190} INFO - [2025-03-01T14:46:38.614+0000] {dag.py:4180} INFO - Setting next_dagrun for read_dataset_event_from_classic to 2025-02-28 00:00:00+00:00, run_after=2025-03-01 00:00:00+00:00
[2025-03-01T14:46:38.784+0000] {processor.py:208} INFO - Processing /home/airflow/.local/lib/python3.12/site-packages/airflow/example_dags/example_inlet_event_extra.py took 9.199 seconds
[2025-03-01T14:47:23.171+0000] {processor.py:186} INFO - Started process (PID=3690) to work on /home/airflow/.local/lib/python3.12/site-packages/airflow/example_dags/example_inlet_event_extra.py
[2025-03-01T14:47:23.226+0000] {processor.py:914} INFO - Processing file /home/airflow/.local/lib/python3.12/site-packages/airflow/example_dags/example_inlet_event_extra.py for tasks to queue
[2025-03-01T14:47:23.239+0000] {logging_mixin.py:190} INFO - [2025-03-01T14:47:23.239+0000] {dagbag.py:588} INFO - Filling up the DagBag from /home/airflow/.local/lib/python3.12/site-packages/airflow/example_dags/example_inlet_event_extra.py
[2025-03-01T14:47:29.539+0000] {processor.py:925} INFO - DAG(s) 'read_dataset_event', 'read_dataset_event_from_classic' retrieved from /home/airflow/.local/lib/python3.12/site-packages/airflow/example_dags/example_inlet_event_extra.py
[2025-03-01T14:47:29.704+0000] {logging_mixin.py:190} INFO - [2025-03-01T14:47:29.704+0000] {dag.py:3239} INFO - Sync 2 DAGs
[2025-03-01T14:47:29.939+0000] {logging_mixin.py:190} INFO - [2025-03-01T14:47:29.939+0000] {dag.py:4180} INFO - Setting next_dagrun for read_dataset_event to 2025-02-28 00:00:00+00:00, run_after=2025-03-01 00:00:00+00:00
[2025-03-01T14:47:30.018+0000] {logging_mixin.py:190} INFO - [2025-03-01T14:47:30.001+0000] {dag.py:4180} INFO - Setting next_dagrun for read_dataset_event_from_classic to 2025-02-28 00:00:00+00:00, run_after=2025-03-01 00:00:00+00:00
[2025-03-01T14:47:30.139+0000] {processor.py:208} INFO - Processing /home/airflow/.local/lib/python3.12/site-packages/airflow/example_dags/example_inlet_event_extra.py took 6.982 seconds
[2025-03-01T14:48:00.676+0000] {processor.py:186} INFO - Started process (PID=3759) to work on /home/airflow/.local/lib/python3.12/site-packages/airflow/example_dags/example_inlet_event_extra.py
[2025-03-01T14:48:00.679+0000] {processor.py:914} INFO - Processing file /home/airflow/.local/lib/python3.12/site-packages/airflow/example_dags/example_inlet_event_extra.py for tasks to queue
[2025-03-01T14:48:00.681+0000] {logging_mixin.py:190} INFO - [2025-03-01T14:48:00.681+0000] {dagbag.py:588} INFO - Filling up the DagBag from /home/airflow/.local/lib/python3.12/site-packages/airflow/example_dags/example_inlet_event_extra.py
[2025-03-01T14:48:01.174+0000] {processor.py:925} INFO - DAG(s) 'read_dataset_event_from_classic', 'read_dataset_event' retrieved from /home/airflow/.local/lib/python3.12/site-packages/airflow/example_dags/example_inlet_event_extra.py
[2025-03-01T14:48:01.189+0000] {logging_mixin.py:190} INFO - [2025-03-01T14:48:01.189+0000] {dag.py:3239} INFO - Sync 2 DAGs
[2025-03-01T14:48:01.208+0000] {logging_mixin.py:190} INFO - [2025-03-01T14:48:01.207+0000] {dag.py:4180} INFO - Setting next_dagrun for read_dataset_event to 2025-02-28 00:00:00+00:00, run_after=2025-03-01 00:00:00+00:00
[2025-03-01T14:48:01.211+0000] {logging_mixin.py:190} INFO - [2025-03-01T14:48:01.211+0000] {dag.py:4180} INFO - Setting next_dagrun for read_dataset_event_from_classic to 2025-02-28 00:00:00+00:00, run_after=2025-03-01 00:00:00+00:00
[2025-03-01T14:48:01.222+0000] {processor.py:208} INFO - Processing /home/airflow/.local/lib/python3.12/site-packages/airflow/example_dags/example_inlet_event_extra.py took 0.552 seconds
