[2025-03-01T14:17:39.956+0000] {processor.py:186} INFO - Started process (PID=86) to work on /home/airflow/.local/lib/python3.12/site-packages/airflow/example_dags/example_branch_labels.py
[2025-03-01T14:17:39.957+0000] {processor.py:914} INFO - Processing file /home/airflow/.local/lib/python3.12/site-packages/airflow/example_dags/example_branch_labels.py for tasks to queue
[2025-03-01T14:17:39.965+0000] {logging_mixin.py:190} INFO - [2025-03-01T14:17:39.965+0000] {dagbag.py:588} INFO - Filling up the DagBag from /home/airflow/.local/lib/python3.12/site-packages/airflow/example_dags/example_branch_labels.py
[2025-03-01T14:17:39.987+0000] {processor.py:925} INFO - DAG(s) 'example_branch_labels' retrieved from /home/airflow/.local/lib/python3.12/site-packages/airflow/example_dags/example_branch_labels.py
[2025-03-01T14:17:40.362+0000] {logging_mixin.py:190} INFO - [2025-03-01T14:17:40.361+0000] {override.py:1912} INFO - Created Permission View: can edit on DAG:example_branch_labels
[2025-03-01T14:17:40.388+0000] {logging_mixin.py:190} INFO - [2025-03-01T14:17:40.387+0000] {override.py:1912} INFO - Created Permission View: can read on DAG:example_branch_labels
[2025-03-01T14:17:40.409+0000] {logging_mixin.py:190} INFO - [2025-03-01T14:17:40.409+0000] {override.py:1912} INFO - Created Permission View: can delete on DAG:example_branch_labels
[2025-03-01T14:17:40.430+0000] {logging_mixin.py:190} INFO - [2025-03-01T14:17:40.429+0000] {override.py:1912} INFO - Created Permission View: menu access on DAG Run:example_branch_labels
[2025-03-01T14:17:40.458+0000] {logging_mixin.py:190} INFO - [2025-03-01T14:17:40.458+0000] {override.py:1912} INFO - Created Permission View: can read on DAG Run:example_branch_labels
[2025-03-01T14:17:40.476+0000] {logging_mixin.py:190} INFO - [2025-03-01T14:17:40.476+0000] {override.py:1912} INFO - Created Permission View: can create on DAG Run:example_branch_labels
[2025-03-01T14:17:40.492+0000] {logging_mixin.py:190} INFO - [2025-03-01T14:17:40.492+0000] {override.py:1912} INFO - Created Permission View: can delete on DAG Run:example_branch_labels
[2025-03-01T14:17:40.492+0000] {logging_mixin.py:190} INFO - [2025-03-01T14:17:40.492+0000] {dag.py:3239} INFO - Sync 1 DAGs
[2025-03-01T14:17:40.550+0000] {logging_mixin.py:190} INFO - [2025-03-01T14:17:40.550+0000] {dag.py:3262} INFO - Creating ORM DAG for example_branch_labels
[2025-03-01T14:17:40.581+0000] {logging_mixin.py:190} INFO - [2025-03-01T14:17:40.581+0000] {dag.py:4180} INFO - Setting next_dagrun for example_branch_labels to 2025-02-28 00:00:00+00:00, run_after=2025-03-01 00:00:00+00:00
[2025-03-01T14:17:40.641+0000] {processor.py:208} INFO - Processing /home/airflow/.local/lib/python3.12/site-packages/airflow/example_dags/example_branch_labels.py took 0.695 seconds
[2025-03-01T14:18:11.286+0000] {processor.py:186} INFO - Started process (PID=148) to work on /home/airflow/.local/lib/python3.12/site-packages/airflow/example_dags/example_branch_labels.py
[2025-03-01T14:18:11.289+0000] {processor.py:914} INFO - Processing file /home/airflow/.local/lib/python3.12/site-packages/airflow/example_dags/example_branch_labels.py for tasks to queue
[2025-03-01T14:18:11.291+0000] {logging_mixin.py:190} INFO - [2025-03-01T14:18:11.291+0000] {dagbag.py:588} INFO - Filling up the DagBag from /home/airflow/.local/lib/python3.12/site-packages/airflow/example_dags/example_branch_labels.py
[2025-03-01T14:18:11.308+0000] {processor.py:925} INFO - DAG(s) 'example_branch_labels' retrieved from /home/airflow/.local/lib/python3.12/site-packages/airflow/example_dags/example_branch_labels.py
[2025-03-01T14:18:11.334+0000] {logging_mixin.py:190} INFO - [2025-03-01T14:18:11.333+0000] {dag.py:3239} INFO - Sync 1 DAGs
[2025-03-01T14:18:11.359+0000] {logging_mixin.py:190} INFO - [2025-03-01T14:18:11.358+0000] {dag.py:4180} INFO - Setting next_dagrun for example_branch_labels to 2025-02-28 00:00:00+00:00, run_after=2025-03-01 00:00:00+00:00
[2025-03-01T14:18:11.410+0000] {processor.py:208} INFO - Processing /home/airflow/.local/lib/python3.12/site-packages/airflow/example_dags/example_branch_labels.py took 0.133 seconds
[2025-03-01T14:18:41.670+0000] {processor.py:186} INFO - Started process (PID=211) to work on /home/airflow/.local/lib/python3.12/site-packages/airflow/example_dags/example_branch_labels.py
[2025-03-01T14:18:41.671+0000] {processor.py:914} INFO - Processing file /home/airflow/.local/lib/python3.12/site-packages/airflow/example_dags/example_branch_labels.py for tasks to queue
[2025-03-01T14:18:41.673+0000] {logging_mixin.py:190} INFO - [2025-03-01T14:18:41.673+0000] {dagbag.py:588} INFO - Filling up the DagBag from /home/airflow/.local/lib/python3.12/site-packages/airflow/example_dags/example_branch_labels.py
[2025-03-01T14:18:41.680+0000] {processor.py:925} INFO - DAG(s) 'example_branch_labels' retrieved from /home/airflow/.local/lib/python3.12/site-packages/airflow/example_dags/example_branch_labels.py
[2025-03-01T14:18:41.694+0000] {logging_mixin.py:190} INFO - [2025-03-01T14:18:41.694+0000] {dag.py:3239} INFO - Sync 1 DAGs
[2025-03-01T14:18:41.710+0000] {logging_mixin.py:190} INFO - [2025-03-01T14:18:41.710+0000] {dag.py:4180} INFO - Setting next_dagrun for example_branch_labels to 2025-02-28 00:00:00+00:00, run_after=2025-03-01 00:00:00+00:00
[2025-03-01T14:18:41.723+0000] {processor.py:208} INFO - Processing /home/airflow/.local/lib/python3.12/site-packages/airflow/example_dags/example_branch_labels.py took 0.057 seconds
[2025-03-01T14:19:12.055+0000] {processor.py:186} INFO - Started process (PID=274) to work on /home/airflow/.local/lib/python3.12/site-packages/airflow/example_dags/example_branch_labels.py
[2025-03-01T14:19:12.056+0000] {processor.py:914} INFO - Processing file /home/airflow/.local/lib/python3.12/site-packages/airflow/example_dags/example_branch_labels.py for tasks to queue
[2025-03-01T14:19:12.058+0000] {logging_mixin.py:190} INFO - [2025-03-01T14:19:12.058+0000] {dagbag.py:588} INFO - Filling up the DagBag from /home/airflow/.local/lib/python3.12/site-packages/airflow/example_dags/example_branch_labels.py
[2025-03-01T14:19:12.066+0000] {processor.py:925} INFO - DAG(s) 'example_branch_labels' retrieved from /home/airflow/.local/lib/python3.12/site-packages/airflow/example_dags/example_branch_labels.py
[2025-03-01T14:19:12.082+0000] {logging_mixin.py:190} INFO - [2025-03-01T14:19:12.081+0000] {dag.py:3239} INFO - Sync 1 DAGs
[2025-03-01T14:19:12.098+0000] {logging_mixin.py:190} INFO - [2025-03-01T14:19:12.098+0000] {dag.py:4180} INFO - Setting next_dagrun for example_branch_labels to 2025-02-28 00:00:00+00:00, run_after=2025-03-01 00:00:00+00:00
[2025-03-01T14:19:12.110+0000] {processor.py:208} INFO - Processing /home/airflow/.local/lib/python3.12/site-packages/airflow/example_dags/example_branch_labels.py took 0.058 seconds
[2025-03-01T14:19:42.242+0000] {processor.py:186} INFO - Started process (PID=337) to work on /home/airflow/.local/lib/python3.12/site-packages/airflow/example_dags/example_branch_labels.py
[2025-03-01T14:19:42.243+0000] {processor.py:914} INFO - Processing file /home/airflow/.local/lib/python3.12/site-packages/airflow/example_dags/example_branch_labels.py for tasks to queue
[2025-03-01T14:19:42.244+0000] {logging_mixin.py:190} INFO - [2025-03-01T14:19:42.244+0000] {dagbag.py:588} INFO - Filling up the DagBag from /home/airflow/.local/lib/python3.12/site-packages/airflow/example_dags/example_branch_labels.py
[2025-03-01T14:19:42.251+0000] {processor.py:925} INFO - DAG(s) 'example_branch_labels' retrieved from /home/airflow/.local/lib/python3.12/site-packages/airflow/example_dags/example_branch_labels.py
[2025-03-01T14:19:42.265+0000] {logging_mixin.py:190} INFO - [2025-03-01T14:19:42.265+0000] {dag.py:3239} INFO - Sync 1 DAGs
[2025-03-01T14:19:42.282+0000] {logging_mixin.py:190} INFO - [2025-03-01T14:19:42.282+0000] {dag.py:4180} INFO - Setting next_dagrun for example_branch_labels to 2025-02-28 00:00:00+00:00, run_after=2025-03-01 00:00:00+00:00
[2025-03-01T14:19:42.294+0000] {processor.py:208} INFO - Processing /home/airflow/.local/lib/python3.12/site-packages/airflow/example_dags/example_branch_labels.py took 0.057 seconds
[2025-03-01T14:20:12.803+0000] {processor.py:186} INFO - Started process (PID=400) to work on /home/airflow/.local/lib/python3.12/site-packages/airflow/example_dags/example_branch_labels.py
[2025-03-01T14:20:12.804+0000] {processor.py:914} INFO - Processing file /home/airflow/.local/lib/python3.12/site-packages/airflow/example_dags/example_branch_labels.py for tasks to queue
[2025-03-01T14:20:12.805+0000] {logging_mixin.py:190} INFO - [2025-03-01T14:20:12.805+0000] {dagbag.py:588} INFO - Filling up the DagBag from /home/airflow/.local/lib/python3.12/site-packages/airflow/example_dags/example_branch_labels.py
[2025-03-01T14:20:12.812+0000] {processor.py:925} INFO - DAG(s) 'example_branch_labels' retrieved from /home/airflow/.local/lib/python3.12/site-packages/airflow/example_dags/example_branch_labels.py
[2025-03-01T14:20:12.827+0000] {logging_mixin.py:190} INFO - [2025-03-01T14:20:12.827+0000] {dag.py:3239} INFO - Sync 1 DAGs
[2025-03-01T14:20:12.844+0000] {logging_mixin.py:190} INFO - [2025-03-01T14:20:12.844+0000] {dag.py:4180} INFO - Setting next_dagrun for example_branch_labels to 2025-02-28 00:00:00+00:00, run_after=2025-03-01 00:00:00+00:00
[2025-03-01T14:20:12.855+0000] {processor.py:208} INFO - Processing /home/airflow/.local/lib/python3.12/site-packages/airflow/example_dags/example_branch_labels.py took 0.057 seconds
[2025-03-01T14:20:43.116+0000] {processor.py:186} INFO - Started process (PID=463) to work on /home/airflow/.local/lib/python3.12/site-packages/airflow/example_dags/example_branch_labels.py
[2025-03-01T14:20:43.117+0000] {processor.py:914} INFO - Processing file /home/airflow/.local/lib/python3.12/site-packages/airflow/example_dags/example_branch_labels.py for tasks to queue
[2025-03-01T14:20:43.119+0000] {logging_mixin.py:190} INFO - [2025-03-01T14:20:43.119+0000] {dagbag.py:588} INFO - Filling up the DagBag from /home/airflow/.local/lib/python3.12/site-packages/airflow/example_dags/example_branch_labels.py
[2025-03-01T14:20:43.126+0000] {processor.py:925} INFO - DAG(s) 'example_branch_labels' retrieved from /home/airflow/.local/lib/python3.12/site-packages/airflow/example_dags/example_branch_labels.py
[2025-03-01T14:20:43.140+0000] {logging_mixin.py:190} INFO - [2025-03-01T14:20:43.140+0000] {dag.py:3239} INFO - Sync 1 DAGs
[2025-03-01T14:20:43.158+0000] {logging_mixin.py:190} INFO - [2025-03-01T14:20:43.158+0000] {dag.py:4180} INFO - Setting next_dagrun for example_branch_labels to 2025-02-28 00:00:00+00:00, run_after=2025-03-01 00:00:00+00:00
[2025-03-01T14:20:43.170+0000] {processor.py:208} INFO - Processing /home/airflow/.local/lib/python3.12/site-packages/airflow/example_dags/example_branch_labels.py took 0.059 seconds
[2025-03-01T14:21:13.559+0000] {processor.py:186} INFO - Started process (PID=526) to work on /home/airflow/.local/lib/python3.12/site-packages/airflow/example_dags/example_branch_labels.py
[2025-03-01T14:21:13.560+0000] {processor.py:914} INFO - Processing file /home/airflow/.local/lib/python3.12/site-packages/airflow/example_dags/example_branch_labels.py for tasks to queue
[2025-03-01T14:21:13.562+0000] {logging_mixin.py:190} INFO - [2025-03-01T14:21:13.562+0000] {dagbag.py:588} INFO - Filling up the DagBag from /home/airflow/.local/lib/python3.12/site-packages/airflow/example_dags/example_branch_labels.py
[2025-03-01T14:21:13.572+0000] {processor.py:925} INFO - DAG(s) 'example_branch_labels' retrieved from /home/airflow/.local/lib/python3.12/site-packages/airflow/example_dags/example_branch_labels.py
[2025-03-01T14:21:13.587+0000] {logging_mixin.py:190} INFO - [2025-03-01T14:21:13.587+0000] {dag.py:3239} INFO - Sync 1 DAGs
[2025-03-01T14:21:13.605+0000] {logging_mixin.py:190} INFO - [2025-03-01T14:21:13.605+0000] {dag.py:4180} INFO - Setting next_dagrun for example_branch_labels to 2025-02-28 00:00:00+00:00, run_after=2025-03-01 00:00:00+00:00
[2025-03-01T14:21:13.617+0000] {processor.py:208} INFO - Processing /home/airflow/.local/lib/python3.12/site-packages/airflow/example_dags/example_branch_labels.py took 0.062 seconds
[2025-03-01T14:21:44.448+0000] {processor.py:186} INFO - Started process (PID=589) to work on /home/airflow/.local/lib/python3.12/site-packages/airflow/example_dags/example_branch_labels.py
[2025-03-01T14:21:44.448+0000] {processor.py:914} INFO - Processing file /home/airflow/.local/lib/python3.12/site-packages/airflow/example_dags/example_branch_labels.py for tasks to queue
[2025-03-01T14:21:44.451+0000] {logging_mixin.py:190} INFO - [2025-03-01T14:21:44.451+0000] {dagbag.py:588} INFO - Filling up the DagBag from /home/airflow/.local/lib/python3.12/site-packages/airflow/example_dags/example_branch_labels.py
[2025-03-01T14:21:44.463+0000] {processor.py:925} INFO - DAG(s) 'example_branch_labels' retrieved from /home/airflow/.local/lib/python3.12/site-packages/airflow/example_dags/example_branch_labels.py
[2025-03-01T14:21:44.486+0000] {logging_mixin.py:190} INFO - [2025-03-01T14:21:44.486+0000] {dag.py:3239} INFO - Sync 1 DAGs
[2025-03-01T14:21:44.514+0000] {logging_mixin.py:190} INFO - [2025-03-01T14:21:44.513+0000] {dag.py:4180} INFO - Setting next_dagrun for example_branch_labels to 2025-02-28 00:00:00+00:00, run_after=2025-03-01 00:00:00+00:00
[2025-03-01T14:21:44.537+0000] {processor.py:208} INFO - Processing /home/airflow/.local/lib/python3.12/site-packages/airflow/example_dags/example_branch_labels.py took 0.099 seconds
[2025-03-01T14:22:14.777+0000] {processor.py:186} INFO - Started process (PID=652) to work on /home/airflow/.local/lib/python3.12/site-packages/airflow/example_dags/example_branch_labels.py
[2025-03-01T14:22:14.777+0000] {processor.py:914} INFO - Processing file /home/airflow/.local/lib/python3.12/site-packages/airflow/example_dags/example_branch_labels.py for tasks to queue
[2025-03-01T14:22:14.780+0000] {logging_mixin.py:190} INFO - [2025-03-01T14:22:14.779+0000] {dagbag.py:588} INFO - Filling up the DagBag from /home/airflow/.local/lib/python3.12/site-packages/airflow/example_dags/example_branch_labels.py
[2025-03-01T14:22:14.788+0000] {processor.py:925} INFO - DAG(s) 'example_branch_labels' retrieved from /home/airflow/.local/lib/python3.12/site-packages/airflow/example_dags/example_branch_labels.py
[2025-03-01T14:22:14.802+0000] {logging_mixin.py:190} INFO - [2025-03-01T14:22:14.802+0000] {dag.py:3239} INFO - Sync 1 DAGs
[2025-03-01T14:22:14.819+0000] {logging_mixin.py:190} INFO - [2025-03-01T14:22:14.819+0000] {dag.py:4180} INFO - Setting next_dagrun for example_branch_labels to 2025-02-28 00:00:00+00:00, run_after=2025-03-01 00:00:00+00:00
[2025-03-01T14:22:14.831+0000] {processor.py:208} INFO - Processing /home/airflow/.local/lib/python3.12/site-packages/airflow/example_dags/example_branch_labels.py took 0.059 seconds
[2025-03-01T14:22:45.036+0000] {processor.py:186} INFO - Started process (PID=716) to work on /home/airflow/.local/lib/python3.12/site-packages/airflow/example_dags/example_branch_labels.py
[2025-03-01T14:22:45.037+0000] {processor.py:914} INFO - Processing file /home/airflow/.local/lib/python3.12/site-packages/airflow/example_dags/example_branch_labels.py for tasks to queue
[2025-03-01T14:22:45.040+0000] {logging_mixin.py:190} INFO - [2025-03-01T14:22:45.039+0000] {dagbag.py:588} INFO - Filling up the DagBag from /home/airflow/.local/lib/python3.12/site-packages/airflow/example_dags/example_branch_labels.py
[2025-03-01T14:22:45.051+0000] {processor.py:925} INFO - DAG(s) 'example_branch_labels' retrieved from /home/airflow/.local/lib/python3.12/site-packages/airflow/example_dags/example_branch_labels.py
[2025-03-01T14:22:45.072+0000] {logging_mixin.py:190} INFO - [2025-03-01T14:22:45.072+0000] {dag.py:3239} INFO - Sync 1 DAGs
[2025-03-01T14:22:45.097+0000] {logging_mixin.py:190} INFO - [2025-03-01T14:22:45.097+0000] {dag.py:4180} INFO - Setting next_dagrun for example_branch_labels to 2025-02-28 00:00:00+00:00, run_after=2025-03-01 00:00:00+00:00
[2025-03-01T14:22:45.155+0000] {processor.py:208} INFO - Processing /home/airflow/.local/lib/python3.12/site-packages/airflow/example_dags/example_branch_labels.py took 0.125 seconds
[2025-03-01T14:23:15.355+0000] {processor.py:186} INFO - Started process (PID=780) to work on /home/airflow/.local/lib/python3.12/site-packages/airflow/example_dags/example_branch_labels.py
[2025-03-01T14:23:15.356+0000] {processor.py:914} INFO - Processing file /home/airflow/.local/lib/python3.12/site-packages/airflow/example_dags/example_branch_labels.py for tasks to queue
[2025-03-01T14:23:15.359+0000] {logging_mixin.py:190} INFO - [2025-03-01T14:23:15.358+0000] {dagbag.py:588} INFO - Filling up the DagBag from /home/airflow/.local/lib/python3.12/site-packages/airflow/example_dags/example_branch_labels.py
[2025-03-01T14:23:15.368+0000] {processor.py:925} INFO - DAG(s) 'example_branch_labels' retrieved from /home/airflow/.local/lib/python3.12/site-packages/airflow/example_dags/example_branch_labels.py
[2025-03-01T14:23:15.389+0000] {logging_mixin.py:190} INFO - [2025-03-01T14:23:15.388+0000] {dag.py:3239} INFO - Sync 1 DAGs
[2025-03-01T14:23:15.413+0000] {logging_mixin.py:190} INFO - [2025-03-01T14:23:15.413+0000] {dag.py:4180} INFO - Setting next_dagrun for example_branch_labels to 2025-02-28 00:00:00+00:00, run_after=2025-03-01 00:00:00+00:00
[2025-03-01T14:23:15.430+0000] {processor.py:208} INFO - Processing /home/airflow/.local/lib/python3.12/site-packages/airflow/example_dags/example_branch_labels.py took 0.081 seconds
[2025-03-01T14:23:45.627+0000] {processor.py:186} INFO - Started process (PID=844) to work on /home/airflow/.local/lib/python3.12/site-packages/airflow/example_dags/example_branch_labels.py
[2025-03-01T14:23:45.628+0000] {processor.py:914} INFO - Processing file /home/airflow/.local/lib/python3.12/site-packages/airflow/example_dags/example_branch_labels.py for tasks to queue
[2025-03-01T14:23:45.630+0000] {logging_mixin.py:190} INFO - [2025-03-01T14:23:45.629+0000] {dagbag.py:588} INFO - Filling up the DagBag from /home/airflow/.local/lib/python3.12/site-packages/airflow/example_dags/example_branch_labels.py
[2025-03-01T14:23:45.639+0000] {processor.py:925} INFO - DAG(s) 'example_branch_labels' retrieved from /home/airflow/.local/lib/python3.12/site-packages/airflow/example_dags/example_branch_labels.py
[2025-03-01T14:23:45.655+0000] {logging_mixin.py:190} INFO - [2025-03-01T14:23:45.655+0000] {dag.py:3239} INFO - Sync 1 DAGs
[2025-03-01T14:23:45.671+0000] {logging_mixin.py:190} INFO - [2025-03-01T14:23:45.671+0000] {dag.py:4180} INFO - Setting next_dagrun for example_branch_labels to 2025-02-28 00:00:00+00:00, run_after=2025-03-01 00:00:00+00:00
[2025-03-01T14:23:45.684+0000] {processor.py:208} INFO - Processing /home/airflow/.local/lib/python3.12/site-packages/airflow/example_dags/example_branch_labels.py took 0.062 seconds
[2025-03-01T14:24:15.813+0000] {processor.py:186} INFO - Started process (PID=907) to work on /home/airflow/.local/lib/python3.12/site-packages/airflow/example_dags/example_branch_labels.py
[2025-03-01T14:24:15.814+0000] {processor.py:914} INFO - Processing file /home/airflow/.local/lib/python3.12/site-packages/airflow/example_dags/example_branch_labels.py for tasks to queue
[2025-03-01T14:24:15.816+0000] {logging_mixin.py:190} INFO - [2025-03-01T14:24:15.815+0000] {dagbag.py:588} INFO - Filling up the DagBag from /home/airflow/.local/lib/python3.12/site-packages/airflow/example_dags/example_branch_labels.py
[2025-03-01T14:24:15.824+0000] {processor.py:925} INFO - DAG(s) 'example_branch_labels' retrieved from /home/airflow/.local/lib/python3.12/site-packages/airflow/example_dags/example_branch_labels.py
[2025-03-01T14:24:15.841+0000] {logging_mixin.py:190} INFO - [2025-03-01T14:24:15.841+0000] {dag.py:3239} INFO - Sync 1 DAGs
[2025-03-01T14:24:15.859+0000] {logging_mixin.py:190} INFO - [2025-03-01T14:24:15.858+0000] {dag.py:4180} INFO - Setting next_dagrun for example_branch_labels to 2025-02-28 00:00:00+00:00, run_after=2025-03-01 00:00:00+00:00
[2025-03-01T14:24:15.870+0000] {processor.py:208} INFO - Processing /home/airflow/.local/lib/python3.12/site-packages/airflow/example_dags/example_branch_labels.py took 0.061 seconds
[2025-03-01T14:24:46.220+0000] {processor.py:186} INFO - Started process (PID=970) to work on /home/airflow/.local/lib/python3.12/site-packages/airflow/example_dags/example_branch_labels.py
[2025-03-01T14:24:46.224+0000] {processor.py:914} INFO - Processing file /home/airflow/.local/lib/python3.12/site-packages/airflow/example_dags/example_branch_labels.py for tasks to queue
[2025-03-01T14:24:46.227+0000] {logging_mixin.py:190} INFO - [2025-03-01T14:24:46.226+0000] {dagbag.py:588} INFO - Filling up the DagBag from /home/airflow/.local/lib/python3.12/site-packages/airflow/example_dags/example_branch_labels.py
[2025-03-01T14:24:46.237+0000] {processor.py:925} INFO - DAG(s) 'example_branch_labels' retrieved from /home/airflow/.local/lib/python3.12/site-packages/airflow/example_dags/example_branch_labels.py
[2025-03-01T14:24:46.264+0000] {logging_mixin.py:190} INFO - [2025-03-01T14:24:46.264+0000] {dag.py:3239} INFO - Sync 1 DAGs
[2025-03-01T14:24:46.290+0000] {logging_mixin.py:190} INFO - [2025-03-01T14:24:46.290+0000] {dag.py:4180} INFO - Setting next_dagrun for example_branch_labels to 2025-02-28 00:00:00+00:00, run_after=2025-03-01 00:00:00+00:00
[2025-03-01T14:24:46.304+0000] {processor.py:208} INFO - Processing /home/airflow/.local/lib/python3.12/site-packages/airflow/example_dags/example_branch_labels.py took 0.090 seconds
[2025-03-01T14:25:16.552+0000] {processor.py:186} INFO - Started process (PID=1033) to work on /home/airflow/.local/lib/python3.12/site-packages/airflow/example_dags/example_branch_labels.py
[2025-03-01T14:25:16.552+0000] {processor.py:914} INFO - Processing file /home/airflow/.local/lib/python3.12/site-packages/airflow/example_dags/example_branch_labels.py for tasks to queue
[2025-03-01T14:25:16.554+0000] {logging_mixin.py:190} INFO - [2025-03-01T14:25:16.554+0000] {dagbag.py:588} INFO - Filling up the DagBag from /home/airflow/.local/lib/python3.12/site-packages/airflow/example_dags/example_branch_labels.py
[2025-03-01T14:25:16.561+0000] {processor.py:925} INFO - DAG(s) 'example_branch_labels' retrieved from /home/airflow/.local/lib/python3.12/site-packages/airflow/example_dags/example_branch_labels.py
[2025-03-01T14:25:16.576+0000] {logging_mixin.py:190} INFO - [2025-03-01T14:25:16.576+0000] {dag.py:3239} INFO - Sync 1 DAGs
[2025-03-01T14:25:16.597+0000] {logging_mixin.py:190} INFO - [2025-03-01T14:25:16.597+0000] {dag.py:4180} INFO - Setting next_dagrun for example_branch_labels to 2025-02-28 00:00:00+00:00, run_after=2025-03-01 00:00:00+00:00
[2025-03-01T14:25:16.609+0000] {processor.py:208} INFO - Processing /home/airflow/.local/lib/python3.12/site-packages/airflow/example_dags/example_branch_labels.py took 0.061 seconds
[2025-03-01T14:25:46.705+0000] {processor.py:186} INFO - Started process (PID=1096) to work on /home/airflow/.local/lib/python3.12/site-packages/airflow/example_dags/example_branch_labels.py
[2025-03-01T14:25:46.706+0000] {processor.py:914} INFO - Processing file /home/airflow/.local/lib/python3.12/site-packages/airflow/example_dags/example_branch_labels.py for tasks to queue
[2025-03-01T14:25:46.708+0000] {logging_mixin.py:190} INFO - [2025-03-01T14:25:46.708+0000] {dagbag.py:588} INFO - Filling up the DagBag from /home/airflow/.local/lib/python3.12/site-packages/airflow/example_dags/example_branch_labels.py
[2025-03-01T14:25:46.715+0000] {processor.py:925} INFO - DAG(s) 'example_branch_labels' retrieved from /home/airflow/.local/lib/python3.12/site-packages/airflow/example_dags/example_branch_labels.py
[2025-03-01T14:25:46.729+0000] {logging_mixin.py:190} INFO - [2025-03-01T14:25:46.729+0000] {dag.py:3239} INFO - Sync 1 DAGs
[2025-03-01T14:25:46.746+0000] {logging_mixin.py:190} INFO - [2025-03-01T14:25:46.746+0000] {dag.py:4180} INFO - Setting next_dagrun for example_branch_labels to 2025-02-28 00:00:00+00:00, run_after=2025-03-01 00:00:00+00:00
[2025-03-01T14:25:46.758+0000] {processor.py:208} INFO - Processing /home/airflow/.local/lib/python3.12/site-packages/airflow/example_dags/example_branch_labels.py took 0.057 seconds
[2025-03-01T14:26:16.969+0000] {processor.py:186} INFO - Started process (PID=1157) to work on /home/airflow/.local/lib/python3.12/site-packages/airflow/example_dags/example_branch_labels.py
[2025-03-01T14:26:16.970+0000] {processor.py:914} INFO - Processing file /home/airflow/.local/lib/python3.12/site-packages/airflow/example_dags/example_branch_labels.py for tasks to queue
[2025-03-01T14:26:16.972+0000] {logging_mixin.py:190} INFO - [2025-03-01T14:26:16.972+0000] {dagbag.py:588} INFO - Filling up the DagBag from /home/airflow/.local/lib/python3.12/site-packages/airflow/example_dags/example_branch_labels.py
[2025-03-01T14:26:16.982+0000] {processor.py:925} INFO - DAG(s) 'example_branch_labels' retrieved from /home/airflow/.local/lib/python3.12/site-packages/airflow/example_dags/example_branch_labels.py
[2025-03-01T14:26:17.004+0000] {logging_mixin.py:190} INFO - [2025-03-01T14:26:17.003+0000] {dag.py:3239} INFO - Sync 1 DAGs
[2025-03-01T14:26:17.038+0000] {logging_mixin.py:190} INFO - [2025-03-01T14:26:17.038+0000] {dag.py:4180} INFO - Setting next_dagrun for example_branch_labels to 2025-02-28 00:00:00+00:00, run_after=2025-03-01 00:00:00+00:00
[2025-03-01T14:26:17.055+0000] {processor.py:208} INFO - Processing /home/airflow/.local/lib/python3.12/site-packages/airflow/example_dags/example_branch_labels.py took 0.092 seconds
[2025-03-01T14:26:47.557+0000] {processor.py:186} INFO - Started process (PID=1221) to work on /home/airflow/.local/lib/python3.12/site-packages/airflow/example_dags/example_branch_labels.py
[2025-03-01T14:26:47.558+0000] {processor.py:914} INFO - Processing file /home/airflow/.local/lib/python3.12/site-packages/airflow/example_dags/example_branch_labels.py for tasks to queue
[2025-03-01T14:26:47.560+0000] {logging_mixin.py:190} INFO - [2025-03-01T14:26:47.560+0000] {dagbag.py:588} INFO - Filling up the DagBag from /home/airflow/.local/lib/python3.12/site-packages/airflow/example_dags/example_branch_labels.py
[2025-03-01T14:26:47.570+0000] {processor.py:925} INFO - DAG(s) 'example_branch_labels' retrieved from /home/airflow/.local/lib/python3.12/site-packages/airflow/example_dags/example_branch_labels.py
[2025-03-01T14:26:47.590+0000] {logging_mixin.py:190} INFO - [2025-03-01T14:26:47.589+0000] {dag.py:3239} INFO - Sync 1 DAGs
[2025-03-01T14:26:47.614+0000] {logging_mixin.py:190} INFO - [2025-03-01T14:26:47.614+0000] {dag.py:4180} INFO - Setting next_dagrun for example_branch_labels to 2025-02-28 00:00:00+00:00, run_after=2025-03-01 00:00:00+00:00
[2025-03-01T14:26:47.634+0000] {processor.py:208} INFO - Processing /home/airflow/.local/lib/python3.12/site-packages/airflow/example_dags/example_branch_labels.py took 0.082 seconds
[2025-03-01T14:27:18.698+0000] {processor.py:186} INFO - Started process (PID=1277) to work on /home/airflow/.local/lib/python3.12/site-packages/airflow/example_dags/example_branch_labels.py
[2025-03-01T14:27:18.699+0000] {processor.py:914} INFO - Processing file /home/airflow/.local/lib/python3.12/site-packages/airflow/example_dags/example_branch_labels.py for tasks to queue
[2025-03-01T14:27:18.701+0000] {logging_mixin.py:190} INFO - [2025-03-01T14:27:18.700+0000] {dagbag.py:588} INFO - Filling up the DagBag from /home/airflow/.local/lib/python3.12/site-packages/airflow/example_dags/example_branch_labels.py
[2025-03-01T14:27:18.710+0000] {processor.py:925} INFO - DAG(s) 'example_branch_labels' retrieved from /home/airflow/.local/lib/python3.12/site-packages/airflow/example_dags/example_branch_labels.py
[2025-03-01T14:27:18.735+0000] {logging_mixin.py:190} INFO - [2025-03-01T14:27:18.733+0000] {dag.py:3239} INFO - Sync 1 DAGs
[2025-03-01T14:27:18.769+0000] {logging_mixin.py:190} INFO - [2025-03-01T14:27:18.769+0000] {dag.py:4180} INFO - Setting next_dagrun for example_branch_labels to 2025-02-28 00:00:00+00:00, run_after=2025-03-01 00:00:00+00:00
[2025-03-01T14:27:18.793+0000] {processor.py:208} INFO - Processing /home/airflow/.local/lib/python3.12/site-packages/airflow/example_dags/example_branch_labels.py took 0.100 seconds
[2025-03-01T14:27:50.292+0000] {processor.py:186} INFO - Started process (PID=1339) to work on /home/airflow/.local/lib/python3.12/site-packages/airflow/example_dags/example_branch_labels.py
[2025-03-01T14:27:50.293+0000] {processor.py:914} INFO - Processing file /home/airflow/.local/lib/python3.12/site-packages/airflow/example_dags/example_branch_labels.py for tasks to queue
[2025-03-01T14:27:50.295+0000] {logging_mixin.py:190} INFO - [2025-03-01T14:27:50.295+0000] {dagbag.py:588} INFO - Filling up the DagBag from /home/airflow/.local/lib/python3.12/site-packages/airflow/example_dags/example_branch_labels.py
[2025-03-01T14:27:50.304+0000] {processor.py:925} INFO - DAG(s) 'example_branch_labels' retrieved from /home/airflow/.local/lib/python3.12/site-packages/airflow/example_dags/example_branch_labels.py
[2025-03-01T14:27:50.324+0000] {logging_mixin.py:190} INFO - [2025-03-01T14:27:50.324+0000] {dag.py:3239} INFO - Sync 1 DAGs
[2025-03-01T14:27:50.350+0000] {logging_mixin.py:190} INFO - [2025-03-01T14:27:50.350+0000] {dag.py:4180} INFO - Setting next_dagrun for example_branch_labels to 2025-02-28 00:00:00+00:00, run_after=2025-03-01 00:00:00+00:00
[2025-03-01T14:27:50.365+0000] {processor.py:208} INFO - Processing /home/airflow/.local/lib/python3.12/site-packages/airflow/example_dags/example_branch_labels.py took 0.079 seconds
[2025-03-01T14:28:21.190+0000] {processor.py:186} INFO - Started process (PID=1398) to work on /home/airflow/.local/lib/python3.12/site-packages/airflow/example_dags/example_branch_labels.py
[2025-03-01T14:28:21.191+0000] {processor.py:914} INFO - Processing file /home/airflow/.local/lib/python3.12/site-packages/airflow/example_dags/example_branch_labels.py for tasks to queue
[2025-03-01T14:28:21.193+0000] {logging_mixin.py:190} INFO - [2025-03-01T14:28:21.192+0000] {dagbag.py:588} INFO - Filling up the DagBag from /home/airflow/.local/lib/python3.12/site-packages/airflow/example_dags/example_branch_labels.py
[2025-03-01T14:28:21.203+0000] {processor.py:925} INFO - DAG(s) 'example_branch_labels' retrieved from /home/airflow/.local/lib/python3.12/site-packages/airflow/example_dags/example_branch_labels.py
[2025-03-01T14:28:21.224+0000] {logging_mixin.py:190} INFO - [2025-03-01T14:28:21.223+0000] {dag.py:3239} INFO - Sync 1 DAGs
[2025-03-01T14:28:21.250+0000] {logging_mixin.py:190} INFO - [2025-03-01T14:28:21.249+0000] {dag.py:4180} INFO - Setting next_dagrun for example_branch_labels to 2025-02-28 00:00:00+00:00, run_after=2025-03-01 00:00:00+00:00
[2025-03-01T14:28:21.266+0000] {processor.py:208} INFO - Processing /home/airflow/.local/lib/python3.12/site-packages/airflow/example_dags/example_branch_labels.py took 0.081 seconds
[2025-03-01T14:28:51.743+0000] {processor.py:186} INFO - Started process (PID=1454) to work on /home/airflow/.local/lib/python3.12/site-packages/airflow/example_dags/example_branch_labels.py
[2025-03-01T14:28:51.744+0000] {processor.py:914} INFO - Processing file /home/airflow/.local/lib/python3.12/site-packages/airflow/example_dags/example_branch_labels.py for tasks to queue
[2025-03-01T14:28:51.747+0000] {logging_mixin.py:190} INFO - [2025-03-01T14:28:51.747+0000] {dagbag.py:588} INFO - Filling up the DagBag from /home/airflow/.local/lib/python3.12/site-packages/airflow/example_dags/example_branch_labels.py
[2025-03-01T14:28:51.757+0000] {processor.py:925} INFO - DAG(s) 'example_branch_labels' retrieved from /home/airflow/.local/lib/python3.12/site-packages/airflow/example_dags/example_branch_labels.py
[2025-03-01T14:28:51.777+0000] {logging_mixin.py:190} INFO - [2025-03-01T14:28:51.777+0000] {dag.py:3239} INFO - Sync 1 DAGs
[2025-03-01T14:28:51.802+0000] {logging_mixin.py:190} INFO - [2025-03-01T14:28:51.802+0000] {dag.py:4180} INFO - Setting next_dagrun for example_branch_labels to 2025-02-28 00:00:00+00:00, run_after=2025-03-01 00:00:00+00:00
[2025-03-01T14:28:51.818+0000] {processor.py:208} INFO - Processing /home/airflow/.local/lib/python3.12/site-packages/airflow/example_dags/example_branch_labels.py took 0.080 seconds
[2025-03-01T14:29:22.041+0000] {processor.py:186} INFO - Started process (PID=1518) to work on /home/airflow/.local/lib/python3.12/site-packages/airflow/example_dags/example_branch_labels.py
[2025-03-01T14:29:22.042+0000] {processor.py:914} INFO - Processing file /home/airflow/.local/lib/python3.12/site-packages/airflow/example_dags/example_branch_labels.py for tasks to queue
[2025-03-01T14:29:22.044+0000] {logging_mixin.py:190} INFO - [2025-03-01T14:29:22.044+0000] {dagbag.py:588} INFO - Filling up the DagBag from /home/airflow/.local/lib/python3.12/site-packages/airflow/example_dags/example_branch_labels.py
[2025-03-01T14:29:22.056+0000] {processor.py:925} INFO - DAG(s) 'example_branch_labels' retrieved from /home/airflow/.local/lib/python3.12/site-packages/airflow/example_dags/example_branch_labels.py
[2025-03-01T14:29:22.075+0000] {logging_mixin.py:190} INFO - [2025-03-01T14:29:22.075+0000] {dag.py:3239} INFO - Sync 1 DAGs
[2025-03-01T14:29:22.099+0000] {logging_mixin.py:190} INFO - [2025-03-01T14:29:22.099+0000] {dag.py:4180} INFO - Setting next_dagrun for example_branch_labels to 2025-02-28 00:00:00+00:00, run_after=2025-03-01 00:00:00+00:00
[2025-03-01T14:29:22.113+0000] {processor.py:208} INFO - Processing /home/airflow/.local/lib/python3.12/site-packages/airflow/example_dags/example_branch_labels.py took 0.078 seconds
[2025-03-01T14:29:52.473+0000] {processor.py:186} INFO - Started process (PID=1581) to work on /home/airflow/.local/lib/python3.12/site-packages/airflow/example_dags/example_branch_labels.py
[2025-03-01T14:29:52.482+0000] {processor.py:914} INFO - Processing file /home/airflow/.local/lib/python3.12/site-packages/airflow/example_dags/example_branch_labels.py for tasks to queue
[2025-03-01T14:29:52.486+0000] {logging_mixin.py:190} INFO - [2025-03-01T14:29:52.486+0000] {dagbag.py:588} INFO - Filling up the DagBag from /home/airflow/.local/lib/python3.12/site-packages/airflow/example_dags/example_branch_labels.py
[2025-03-01T14:29:52.514+0000] {processor.py:925} INFO - DAG(s) 'example_branch_labels' retrieved from /home/airflow/.local/lib/python3.12/site-packages/airflow/example_dags/example_branch_labels.py
[2025-03-01T14:29:52.549+0000] {logging_mixin.py:190} INFO - [2025-03-01T14:29:52.549+0000] {dag.py:3239} INFO - Sync 1 DAGs
[2025-03-01T14:29:52.585+0000] {logging_mixin.py:190} INFO - [2025-03-01T14:29:52.585+0000] {dag.py:4180} INFO - Setting next_dagrun for example_branch_labels to 2025-02-28 00:00:00+00:00, run_after=2025-03-01 00:00:00+00:00
[2025-03-01T14:29:52.614+0000] {processor.py:208} INFO - Processing /home/airflow/.local/lib/python3.12/site-packages/airflow/example_dags/example_branch_labels.py took 0.147 seconds
[2025-03-01T14:30:23.078+0000] {processor.py:186} INFO - Started process (PID=1644) to work on /home/airflow/.local/lib/python3.12/site-packages/airflow/example_dags/example_branch_labels.py
[2025-03-01T14:30:23.079+0000] {processor.py:914} INFO - Processing file /home/airflow/.local/lib/python3.12/site-packages/airflow/example_dags/example_branch_labels.py for tasks to queue
[2025-03-01T14:30:23.086+0000] {logging_mixin.py:190} INFO - [2025-03-01T14:30:23.086+0000] {dagbag.py:588} INFO - Filling up the DagBag from /home/airflow/.local/lib/python3.12/site-packages/airflow/example_dags/example_branch_labels.py
[2025-03-01T14:30:23.108+0000] {processor.py:925} INFO - DAG(s) 'example_branch_labels' retrieved from /home/airflow/.local/lib/python3.12/site-packages/airflow/example_dags/example_branch_labels.py
[2025-03-01T14:30:23.191+0000] {logging_mixin.py:190} INFO - [2025-03-01T14:30:23.191+0000] {dag.py:3239} INFO - Sync 1 DAGs
[2025-03-01T14:30:23.217+0000] {logging_mixin.py:190} INFO - [2025-03-01T14:30:23.216+0000] {dag.py:4180} INFO - Setting next_dagrun for example_branch_labels to 2025-02-28 00:00:00+00:00, run_after=2025-03-01 00:00:00+00:00
[2025-03-01T14:30:23.241+0000] {processor.py:208} INFO - Processing /home/airflow/.local/lib/python3.12/site-packages/airflow/example_dags/example_branch_labels.py took 0.175 seconds
[2025-03-01T14:30:53.948+0000] {processor.py:186} INFO - Started process (PID=1707) to work on /home/airflow/.local/lib/python3.12/site-packages/airflow/example_dags/example_branch_labels.py
[2025-03-01T14:30:53.949+0000] {processor.py:914} INFO - Processing file /home/airflow/.local/lib/python3.12/site-packages/airflow/example_dags/example_branch_labels.py for tasks to queue
[2025-03-01T14:30:53.951+0000] {logging_mixin.py:190} INFO - [2025-03-01T14:30:53.951+0000] {dagbag.py:588} INFO - Filling up the DagBag from /home/airflow/.local/lib/python3.12/site-packages/airflow/example_dags/example_branch_labels.py
[2025-03-01T14:30:53.961+0000] {processor.py:925} INFO - DAG(s) 'example_branch_labels' retrieved from /home/airflow/.local/lib/python3.12/site-packages/airflow/example_dags/example_branch_labels.py
[2025-03-01T14:30:53.982+0000] {logging_mixin.py:190} INFO - [2025-03-01T14:30:53.982+0000] {dag.py:3239} INFO - Sync 1 DAGs
[2025-03-01T14:30:54.007+0000] {logging_mixin.py:190} INFO - [2025-03-01T14:30:54.007+0000] {dag.py:4180} INFO - Setting next_dagrun for example_branch_labels to 2025-02-28 00:00:00+00:00, run_after=2025-03-01 00:00:00+00:00
[2025-03-01T14:30:54.022+0000] {processor.py:208} INFO - Processing /home/airflow/.local/lib/python3.12/site-packages/airflow/example_dags/example_branch_labels.py took 0.079 seconds
[2025-03-01T14:31:24.394+0000] {processor.py:186} INFO - Started process (PID=1771) to work on /home/airflow/.local/lib/python3.12/site-packages/airflow/example_dags/example_branch_labels.py
[2025-03-01T14:31:24.405+0000] {processor.py:914} INFO - Processing file /home/airflow/.local/lib/python3.12/site-packages/airflow/example_dags/example_branch_labels.py for tasks to queue
[2025-03-01T14:31:24.408+0000] {logging_mixin.py:190} INFO - [2025-03-01T14:31:24.407+0000] {dagbag.py:588} INFO - Filling up the DagBag from /home/airflow/.local/lib/python3.12/site-packages/airflow/example_dags/example_branch_labels.py
[2025-03-01T14:31:24.428+0000] {processor.py:925} INFO - DAG(s) 'example_branch_labels' retrieved from /home/airflow/.local/lib/python3.12/site-packages/airflow/example_dags/example_branch_labels.py
[2025-03-01T14:31:24.486+0000] {logging_mixin.py:190} INFO - [2025-03-01T14:31:24.485+0000] {dag.py:3239} INFO - Sync 1 DAGs
[2025-03-01T14:31:24.532+0000] {logging_mixin.py:190} INFO - [2025-03-01T14:31:24.531+0000] {dag.py:4180} INFO - Setting next_dagrun for example_branch_labels to 2025-02-28 00:00:00+00:00, run_after=2025-03-01 00:00:00+00:00
[2025-03-01T14:31:24.564+0000] {processor.py:208} INFO - Processing /home/airflow/.local/lib/python3.12/site-packages/airflow/example_dags/example_branch_labels.py took 0.188 seconds
[2025-03-01T14:31:54.755+0000] {processor.py:186} INFO - Started process (PID=1834) to work on /home/airflow/.local/lib/python3.12/site-packages/airflow/example_dags/example_branch_labels.py
[2025-03-01T14:31:54.756+0000] {processor.py:914} INFO - Processing file /home/airflow/.local/lib/python3.12/site-packages/airflow/example_dags/example_branch_labels.py for tasks to queue
[2025-03-01T14:31:54.769+0000] {logging_mixin.py:190} INFO - [2025-03-01T14:31:54.768+0000] {dagbag.py:588} INFO - Filling up the DagBag from /home/airflow/.local/lib/python3.12/site-packages/airflow/example_dags/example_branch_labels.py
[2025-03-01T14:31:54.779+0000] {processor.py:925} INFO - DAG(s) 'example_branch_labels' retrieved from /home/airflow/.local/lib/python3.12/site-packages/airflow/example_dags/example_branch_labels.py
[2025-03-01T14:31:54.800+0000] {logging_mixin.py:190} INFO - [2025-03-01T14:31:54.799+0000] {dag.py:3239} INFO - Sync 1 DAGs
[2025-03-01T14:31:54.824+0000] {logging_mixin.py:190} INFO - [2025-03-01T14:31:54.824+0000] {dag.py:4180} INFO - Setting next_dagrun for example_branch_labels to 2025-02-28 00:00:00+00:00, run_after=2025-03-01 00:00:00+00:00
[2025-03-01T14:31:54.841+0000] {processor.py:208} INFO - Processing /home/airflow/.local/lib/python3.12/site-packages/airflow/example_dags/example_branch_labels.py took 0.093 seconds
[2025-03-01T14:32:25.238+0000] {processor.py:186} INFO - Started process (PID=1897) to work on /home/airflow/.local/lib/python3.12/site-packages/airflow/example_dags/example_branch_labels.py
[2025-03-01T14:32:25.239+0000] {processor.py:914} INFO - Processing file /home/airflow/.local/lib/python3.12/site-packages/airflow/example_dags/example_branch_labels.py for tasks to queue
[2025-03-01T14:32:25.241+0000] {logging_mixin.py:190} INFO - [2025-03-01T14:32:25.241+0000] {dagbag.py:588} INFO - Filling up the DagBag from /home/airflow/.local/lib/python3.12/site-packages/airflow/example_dags/example_branch_labels.py
[2025-03-01T14:32:25.252+0000] {processor.py:925} INFO - DAG(s) 'example_branch_labels' retrieved from /home/airflow/.local/lib/python3.12/site-packages/airflow/example_dags/example_branch_labels.py
[2025-03-01T14:32:25.274+0000] {logging_mixin.py:190} INFO - [2025-03-01T14:32:25.273+0000] {dag.py:3239} INFO - Sync 1 DAGs
[2025-03-01T14:32:25.298+0000] {logging_mixin.py:190} INFO - [2025-03-01T14:32:25.298+0000] {dag.py:4180} INFO - Setting next_dagrun for example_branch_labels to 2025-02-28 00:00:00+00:00, run_after=2025-03-01 00:00:00+00:00
[2025-03-01T14:32:25.315+0000] {processor.py:208} INFO - Processing /home/airflow/.local/lib/python3.12/site-packages/airflow/example_dags/example_branch_labels.py took 0.083 seconds
[2025-03-01T14:32:55.619+0000] {processor.py:186} INFO - Started process (PID=1960) to work on /home/airflow/.local/lib/python3.12/site-packages/airflow/example_dags/example_branch_labels.py
[2025-03-01T14:32:55.619+0000] {processor.py:914} INFO - Processing file /home/airflow/.local/lib/python3.12/site-packages/airflow/example_dags/example_branch_labels.py for tasks to queue
[2025-03-01T14:32:55.622+0000] {logging_mixin.py:190} INFO - [2025-03-01T14:32:55.622+0000] {dagbag.py:588} INFO - Filling up the DagBag from /home/airflow/.local/lib/python3.12/site-packages/airflow/example_dags/example_branch_labels.py
[2025-03-01T14:32:55.631+0000] {processor.py:925} INFO - DAG(s) 'example_branch_labels' retrieved from /home/airflow/.local/lib/python3.12/site-packages/airflow/example_dags/example_branch_labels.py
[2025-03-01T14:32:55.652+0000] {logging_mixin.py:190} INFO - [2025-03-01T14:32:55.652+0000] {dag.py:3239} INFO - Sync 1 DAGs
[2025-03-01T14:32:55.677+0000] {logging_mixin.py:190} INFO - [2025-03-01T14:32:55.677+0000] {dag.py:4180} INFO - Setting next_dagrun for example_branch_labels to 2025-02-28 00:00:00+00:00, run_after=2025-03-01 00:00:00+00:00
[2025-03-01T14:32:55.692+0000] {processor.py:208} INFO - Processing /home/airflow/.local/lib/python3.12/site-packages/airflow/example_dags/example_branch_labels.py took 0.079 seconds
[2025-03-01T14:33:25.848+0000] {processor.py:186} INFO - Started process (PID=2023) to work on /home/airflow/.local/lib/python3.12/site-packages/airflow/example_dags/example_branch_labels.py
[2025-03-01T14:33:25.849+0000] {processor.py:914} INFO - Processing file /home/airflow/.local/lib/python3.12/site-packages/airflow/example_dags/example_branch_labels.py for tasks to queue
[2025-03-01T14:33:25.852+0000] {logging_mixin.py:190} INFO - [2025-03-01T14:33:25.852+0000] {dagbag.py:588} INFO - Filling up the DagBag from /home/airflow/.local/lib/python3.12/site-packages/airflow/example_dags/example_branch_labels.py
[2025-03-01T14:33:25.863+0000] {processor.py:925} INFO - DAG(s) 'example_branch_labels' retrieved from /home/airflow/.local/lib/python3.12/site-packages/airflow/example_dags/example_branch_labels.py
[2025-03-01T14:33:25.885+0000] {logging_mixin.py:190} INFO - [2025-03-01T14:33:25.885+0000] {dag.py:3239} INFO - Sync 1 DAGs
[2025-03-01T14:33:25.910+0000] {logging_mixin.py:190} INFO - [2025-03-01T14:33:25.910+0000] {dag.py:4180} INFO - Setting next_dagrun for example_branch_labels to 2025-02-28 00:00:00+00:00, run_after=2025-03-01 00:00:00+00:00
[2025-03-01T14:33:25.925+0000] {processor.py:208} INFO - Processing /home/airflow/.local/lib/python3.12/site-packages/airflow/example_dags/example_branch_labels.py took 0.082 seconds
[2025-03-01T14:33:56.334+0000] {processor.py:186} INFO - Started process (PID=2086) to work on /home/airflow/.local/lib/python3.12/site-packages/airflow/example_dags/example_branch_labels.py
[2025-03-01T14:33:56.335+0000] {processor.py:914} INFO - Processing file /home/airflow/.local/lib/python3.12/site-packages/airflow/example_dags/example_branch_labels.py for tasks to queue
[2025-03-01T14:33:56.337+0000] {logging_mixin.py:190} INFO - [2025-03-01T14:33:56.337+0000] {dagbag.py:588} INFO - Filling up the DagBag from /home/airflow/.local/lib/python3.12/site-packages/airflow/example_dags/example_branch_labels.py
[2025-03-01T14:33:56.347+0000] {processor.py:925} INFO - DAG(s) 'example_branch_labels' retrieved from /home/airflow/.local/lib/python3.12/site-packages/airflow/example_dags/example_branch_labels.py
[2025-03-01T14:33:56.369+0000] {logging_mixin.py:190} INFO - [2025-03-01T14:33:56.368+0000] {dag.py:3239} INFO - Sync 1 DAGs
[2025-03-01T14:33:56.394+0000] {logging_mixin.py:190} INFO - [2025-03-01T14:33:56.394+0000] {dag.py:4180} INFO - Setting next_dagrun for example_branch_labels to 2025-02-28 00:00:00+00:00, run_after=2025-03-01 00:00:00+00:00
[2025-03-01T14:33:56.409+0000] {processor.py:208} INFO - Processing /home/airflow/.local/lib/python3.12/site-packages/airflow/example_dags/example_branch_labels.py took 0.081 seconds
[2025-03-01T14:34:26.472+0000] {processor.py:186} INFO - Started process (PID=2148) to work on /home/airflow/.local/lib/python3.12/site-packages/airflow/example_dags/example_branch_labels.py
[2025-03-01T14:34:26.473+0000] {processor.py:914} INFO - Processing file /home/airflow/.local/lib/python3.12/site-packages/airflow/example_dags/example_branch_labels.py for tasks to queue
[2025-03-01T14:34:26.476+0000] {logging_mixin.py:190} INFO - [2025-03-01T14:34:26.476+0000] {dagbag.py:588} INFO - Filling up the DagBag from /home/airflow/.local/lib/python3.12/site-packages/airflow/example_dags/example_branch_labels.py
[2025-03-01T14:34:26.486+0000] {processor.py:925} INFO - DAG(s) 'example_branch_labels' retrieved from /home/airflow/.local/lib/python3.12/site-packages/airflow/example_dags/example_branch_labels.py
[2025-03-01T14:34:26.507+0000] {logging_mixin.py:190} INFO - [2025-03-01T14:34:26.507+0000] {dag.py:3239} INFO - Sync 1 DAGs
[2025-03-01T14:34:26.533+0000] {logging_mixin.py:190} INFO - [2025-03-01T14:34:26.533+0000] {dag.py:4180} INFO - Setting next_dagrun for example_branch_labels to 2025-02-28 00:00:00+00:00, run_after=2025-03-01 00:00:00+00:00
[2025-03-01T14:34:26.548+0000] {processor.py:208} INFO - Processing /home/airflow/.local/lib/python3.12/site-packages/airflow/example_dags/example_branch_labels.py took 0.081 seconds
[2025-03-01T14:34:56.942+0000] {processor.py:186} INFO - Started process (PID=2211) to work on /home/airflow/.local/lib/python3.12/site-packages/airflow/example_dags/example_branch_labels.py
[2025-03-01T14:34:56.943+0000] {processor.py:914} INFO - Processing file /home/airflow/.local/lib/python3.12/site-packages/airflow/example_dags/example_branch_labels.py for tasks to queue
[2025-03-01T14:34:56.946+0000] {logging_mixin.py:190} INFO - [2025-03-01T14:34:56.945+0000] {dagbag.py:588} INFO - Filling up the DagBag from /home/airflow/.local/lib/python3.12/site-packages/airflow/example_dags/example_branch_labels.py
[2025-03-01T14:34:56.955+0000] {processor.py:925} INFO - DAG(s) 'example_branch_labels' retrieved from /home/airflow/.local/lib/python3.12/site-packages/airflow/example_dags/example_branch_labels.py
[2025-03-01T14:34:56.975+0000] {logging_mixin.py:190} INFO - [2025-03-01T14:34:56.975+0000] {dag.py:3239} INFO - Sync 1 DAGs
[2025-03-01T14:34:57.001+0000] {logging_mixin.py:190} INFO - [2025-03-01T14:34:57.001+0000] {dag.py:4180} INFO - Setting next_dagrun for example_branch_labels to 2025-02-28 00:00:00+00:00, run_after=2025-03-01 00:00:00+00:00
[2025-03-01T14:34:57.015+0000] {processor.py:208} INFO - Processing /home/airflow/.local/lib/python3.12/site-packages/airflow/example_dags/example_branch_labels.py took 0.080 seconds
[2025-03-01T14:35:27.280+0000] {processor.py:186} INFO - Started process (PID=2274) to work on /home/airflow/.local/lib/python3.12/site-packages/airflow/example_dags/example_branch_labels.py
[2025-03-01T14:35:27.281+0000] {processor.py:914} INFO - Processing file /home/airflow/.local/lib/python3.12/site-packages/airflow/example_dags/example_branch_labels.py for tasks to queue
[2025-03-01T14:35:27.284+0000] {logging_mixin.py:190} INFO - [2025-03-01T14:35:27.284+0000] {dagbag.py:588} INFO - Filling up the DagBag from /home/airflow/.local/lib/python3.12/site-packages/airflow/example_dags/example_branch_labels.py
[2025-03-01T14:35:27.294+0000] {processor.py:925} INFO - DAG(s) 'example_branch_labels' retrieved from /home/airflow/.local/lib/python3.12/site-packages/airflow/example_dags/example_branch_labels.py
[2025-03-01T14:35:27.314+0000] {logging_mixin.py:190} INFO - [2025-03-01T14:35:27.314+0000] {dag.py:3239} INFO - Sync 1 DAGs
[2025-03-01T14:35:27.339+0000] {logging_mixin.py:190} INFO - [2025-03-01T14:35:27.339+0000] {dag.py:4180} INFO - Setting next_dagrun for example_branch_labels to 2025-02-28 00:00:00+00:00, run_after=2025-03-01 00:00:00+00:00
[2025-03-01T14:35:27.354+0000] {processor.py:208} INFO - Processing /home/airflow/.local/lib/python3.12/site-packages/airflow/example_dags/example_branch_labels.py took 0.079 seconds
[2025-03-01T14:35:57.943+0000] {processor.py:186} INFO - Started process (PID=2337) to work on /home/airflow/.local/lib/python3.12/site-packages/airflow/example_dags/example_branch_labels.py
[2025-03-01T14:35:57.953+0000] {processor.py:914} INFO - Processing file /home/airflow/.local/lib/python3.12/site-packages/airflow/example_dags/example_branch_labels.py for tasks to queue
[2025-03-01T14:35:57.955+0000] {logging_mixin.py:190} INFO - [2025-03-01T14:35:57.955+0000] {dagbag.py:588} INFO - Filling up the DagBag from /home/airflow/.local/lib/python3.12/site-packages/airflow/example_dags/example_branch_labels.py
[2025-03-01T14:35:57.973+0000] {processor.py:925} INFO - DAG(s) 'example_branch_labels' retrieved from /home/airflow/.local/lib/python3.12/site-packages/airflow/example_dags/example_branch_labels.py
[2025-03-01T14:35:58.039+0000] {logging_mixin.py:190} INFO - [2025-03-01T14:35:58.039+0000] {dag.py:3239} INFO - Sync 1 DAGs
[2025-03-01T14:35:58.081+0000] {logging_mixin.py:190} INFO - [2025-03-01T14:35:58.081+0000] {dag.py:4180} INFO - Setting next_dagrun for example_branch_labels to 2025-02-28 00:00:00+00:00, run_after=2025-03-01 00:00:00+00:00
[2025-03-01T14:35:58.099+0000] {processor.py:208} INFO - Processing /home/airflow/.local/lib/python3.12/site-packages/airflow/example_dags/example_branch_labels.py took 0.161 seconds
[2025-03-01T14:36:28.311+0000] {processor.py:186} INFO - Started process (PID=2400) to work on /home/airflow/.local/lib/python3.12/site-packages/airflow/example_dags/example_branch_labels.py
[2025-03-01T14:36:28.317+0000] {processor.py:914} INFO - Processing file /home/airflow/.local/lib/python3.12/site-packages/airflow/example_dags/example_branch_labels.py for tasks to queue
[2025-03-01T14:36:28.322+0000] {logging_mixin.py:190} INFO - [2025-03-01T14:36:28.321+0000] {dagbag.py:588} INFO - Filling up the DagBag from /home/airflow/.local/lib/python3.12/site-packages/airflow/example_dags/example_branch_labels.py
[2025-03-01T14:36:28.335+0000] {processor.py:925} INFO - DAG(s) 'example_branch_labels' retrieved from /home/airflow/.local/lib/python3.12/site-packages/airflow/example_dags/example_branch_labels.py
[2025-03-01T14:36:28.387+0000] {logging_mixin.py:190} INFO - [2025-03-01T14:36:28.387+0000] {dag.py:3239} INFO - Sync 1 DAGs
[2025-03-01T14:36:28.441+0000] {logging_mixin.py:190} INFO - [2025-03-01T14:36:28.441+0000] {dag.py:4180} INFO - Setting next_dagrun for example_branch_labels to 2025-02-28 00:00:00+00:00, run_after=2025-03-01 00:00:00+00:00
[2025-03-01T14:36:28.462+0000] {processor.py:208} INFO - Processing /home/airflow/.local/lib/python3.12/site-packages/airflow/example_dags/example_branch_labels.py took 0.157 seconds
[2025-03-01T14:36:58.706+0000] {processor.py:186} INFO - Started process (PID=2464) to work on /home/airflow/.local/lib/python3.12/site-packages/airflow/example_dags/example_branch_labels.py
[2025-03-01T14:36:58.706+0000] {processor.py:914} INFO - Processing file /home/airflow/.local/lib/python3.12/site-packages/airflow/example_dags/example_branch_labels.py for tasks to queue
[2025-03-01T14:36:58.709+0000] {logging_mixin.py:190} INFO - [2025-03-01T14:36:58.708+0000] {dagbag.py:588} INFO - Filling up the DagBag from /home/airflow/.local/lib/python3.12/site-packages/airflow/example_dags/example_branch_labels.py
[2025-03-01T14:36:58.719+0000] {processor.py:925} INFO - DAG(s) 'example_branch_labels' retrieved from /home/airflow/.local/lib/python3.12/site-packages/airflow/example_dags/example_branch_labels.py
[2025-03-01T14:36:58.740+0000] {logging_mixin.py:190} INFO - [2025-03-01T14:36:58.739+0000] {dag.py:3239} INFO - Sync 1 DAGs
[2025-03-01T14:36:58.765+0000] {logging_mixin.py:190} INFO - [2025-03-01T14:36:58.764+0000] {dag.py:4180} INFO - Setting next_dagrun for example_branch_labels to 2025-02-28 00:00:00+00:00, run_after=2025-03-01 00:00:00+00:00
[2025-03-01T14:36:58.779+0000] {processor.py:208} INFO - Processing /home/airflow/.local/lib/python3.12/site-packages/airflow/example_dags/example_branch_labels.py took 0.079 seconds
[2025-03-01T14:37:29.579+0000] {processor.py:186} INFO - Started process (PID=2526) to work on /home/airflow/.local/lib/python3.12/site-packages/airflow/example_dags/example_branch_labels.py
[2025-03-01T14:37:29.580+0000] {processor.py:914} INFO - Processing file /home/airflow/.local/lib/python3.12/site-packages/airflow/example_dags/example_branch_labels.py for tasks to queue
[2025-03-01T14:37:29.582+0000] {logging_mixin.py:190} INFO - [2025-03-01T14:37:29.582+0000] {dagbag.py:588} INFO - Filling up the DagBag from /home/airflow/.local/lib/python3.12/site-packages/airflow/example_dags/example_branch_labels.py
[2025-03-01T14:37:29.592+0000] {processor.py:925} INFO - DAG(s) 'example_branch_labels' retrieved from /home/airflow/.local/lib/python3.12/site-packages/airflow/example_dags/example_branch_labels.py
[2025-03-01T14:37:29.611+0000] {logging_mixin.py:190} INFO - [2025-03-01T14:37:29.611+0000] {dag.py:3239} INFO - Sync 1 DAGs
[2025-03-01T14:37:29.636+0000] {logging_mixin.py:190} INFO - [2025-03-01T14:37:29.635+0000] {dag.py:4180} INFO - Setting next_dagrun for example_branch_labels to 2025-02-28 00:00:00+00:00, run_after=2025-03-01 00:00:00+00:00
[2025-03-01T14:37:29.651+0000] {processor.py:208} INFO - Processing /home/airflow/.local/lib/python3.12/site-packages/airflow/example_dags/example_branch_labels.py took 0.077 seconds
[2025-03-01T14:37:59.684+0000] {processor.py:186} INFO - Started process (PID=2589) to work on /home/airflow/.local/lib/python3.12/site-packages/airflow/example_dags/example_branch_labels.py
[2025-03-01T14:37:59.685+0000] {processor.py:914} INFO - Processing file /home/airflow/.local/lib/python3.12/site-packages/airflow/example_dags/example_branch_labels.py for tasks to queue
[2025-03-01T14:37:59.687+0000] {logging_mixin.py:190} INFO - [2025-03-01T14:37:59.686+0000] {dagbag.py:588} INFO - Filling up the DagBag from /home/airflow/.local/lib/python3.12/site-packages/airflow/example_dags/example_branch_labels.py
[2025-03-01T14:37:59.693+0000] {processor.py:925} INFO - DAG(s) 'example_branch_labels' retrieved from /home/airflow/.local/lib/python3.12/site-packages/airflow/example_dags/example_branch_labels.py
[2025-03-01T14:37:59.707+0000] {logging_mixin.py:190} INFO - [2025-03-01T14:37:59.707+0000] {dag.py:3239} INFO - Sync 1 DAGs
[2025-03-01T14:37:59.724+0000] {logging_mixin.py:190} INFO - [2025-03-01T14:37:59.724+0000] {dag.py:4180} INFO - Setting next_dagrun for example_branch_labels to 2025-02-28 00:00:00+00:00, run_after=2025-03-01 00:00:00+00:00
[2025-03-01T14:37:59.735+0000] {processor.py:208} INFO - Processing /home/airflow/.local/lib/python3.12/site-packages/airflow/example_dags/example_branch_labels.py took 0.055 seconds
[2025-03-01T14:38:30.207+0000] {processor.py:186} INFO - Started process (PID=2652) to work on /home/airflow/.local/lib/python3.12/site-packages/airflow/example_dags/example_branch_labels.py
[2025-03-01T14:38:30.208+0000] {processor.py:914} INFO - Processing file /home/airflow/.local/lib/python3.12/site-packages/airflow/example_dags/example_branch_labels.py for tasks to queue
[2025-03-01T14:38:30.211+0000] {logging_mixin.py:190} INFO - [2025-03-01T14:38:30.211+0000] {dagbag.py:588} INFO - Filling up the DagBag from /home/airflow/.local/lib/python3.12/site-packages/airflow/example_dags/example_branch_labels.py
[2025-03-01T14:38:30.220+0000] {processor.py:925} INFO - DAG(s) 'example_branch_labels' retrieved from /home/airflow/.local/lib/python3.12/site-packages/airflow/example_dags/example_branch_labels.py
[2025-03-01T14:38:30.241+0000] {logging_mixin.py:190} INFO - [2025-03-01T14:38:30.240+0000] {dag.py:3239} INFO - Sync 1 DAGs
[2025-03-01T14:38:30.266+0000] {logging_mixin.py:190} INFO - [2025-03-01T14:38:30.266+0000] {dag.py:4180} INFO - Setting next_dagrun for example_branch_labels to 2025-02-28 00:00:00+00:00, run_after=2025-03-01 00:00:00+00:00
[2025-03-01T14:38:30.286+0000] {processor.py:208} INFO - Processing /home/airflow/.local/lib/python3.12/site-packages/airflow/example_dags/example_branch_labels.py took 0.086 seconds
[2025-03-01T14:39:00.670+0000] {processor.py:186} INFO - Started process (PID=2715) to work on /home/airflow/.local/lib/python3.12/site-packages/airflow/example_dags/example_branch_labels.py
[2025-03-01T14:39:00.671+0000] {processor.py:914} INFO - Processing file /home/airflow/.local/lib/python3.12/site-packages/airflow/example_dags/example_branch_labels.py for tasks to queue
[2025-03-01T14:39:00.673+0000] {logging_mixin.py:190} INFO - [2025-03-01T14:39:00.672+0000] {dagbag.py:588} INFO - Filling up the DagBag from /home/airflow/.local/lib/python3.12/site-packages/airflow/example_dags/example_branch_labels.py
[2025-03-01T14:39:00.681+0000] {processor.py:925} INFO - DAG(s) 'example_branch_labels' retrieved from /home/airflow/.local/lib/python3.12/site-packages/airflow/example_dags/example_branch_labels.py
[2025-03-01T14:39:00.696+0000] {logging_mixin.py:190} INFO - [2025-03-01T14:39:00.696+0000] {dag.py:3239} INFO - Sync 1 DAGs
[2025-03-01T14:39:00.717+0000] {logging_mixin.py:190} INFO - [2025-03-01T14:39:00.717+0000] {dag.py:4180} INFO - Setting next_dagrun for example_branch_labels to 2025-02-28 00:00:00+00:00, run_after=2025-03-01 00:00:00+00:00
[2025-03-01T14:39:00.740+0000] {processor.py:208} INFO - Processing /home/airflow/.local/lib/python3.12/site-packages/airflow/example_dags/example_branch_labels.py took 0.075 seconds
[2025-03-01T14:39:31.014+0000] {processor.py:186} INFO - Started process (PID=2779) to work on /home/airflow/.local/lib/python3.12/site-packages/airflow/example_dags/example_branch_labels.py
[2025-03-01T14:39:31.015+0000] {processor.py:914} INFO - Processing file /home/airflow/.local/lib/python3.12/site-packages/airflow/example_dags/example_branch_labels.py for tasks to queue
[2025-03-01T14:39:31.017+0000] {logging_mixin.py:190} INFO - [2025-03-01T14:39:31.016+0000] {dagbag.py:588} INFO - Filling up the DagBag from /home/airflow/.local/lib/python3.12/site-packages/airflow/example_dags/example_branch_labels.py
[2025-03-01T14:39:31.027+0000] {processor.py:925} INFO - DAG(s) 'example_branch_labels' retrieved from /home/airflow/.local/lib/python3.12/site-packages/airflow/example_dags/example_branch_labels.py
[2025-03-01T14:39:31.046+0000] {logging_mixin.py:190} INFO - [2025-03-01T14:39:31.046+0000] {dag.py:3239} INFO - Sync 1 DAGs
[2025-03-01T14:39:31.070+0000] {logging_mixin.py:190} INFO - [2025-03-01T14:39:31.070+0000] {dag.py:4180} INFO - Setting next_dagrun for example_branch_labels to 2025-02-28 00:00:00+00:00, run_after=2025-03-01 00:00:00+00:00
[2025-03-01T14:39:31.084+0000] {processor.py:208} INFO - Processing /home/airflow/.local/lib/python3.12/site-packages/airflow/example_dags/example_branch_labels.py took 0.077 seconds
[2025-03-01T14:40:02.042+0000] {processor.py:186} INFO - Started process (PID=2842) to work on /home/airflow/.local/lib/python3.12/site-packages/airflow/example_dags/example_branch_labels.py
[2025-03-01T14:40:02.042+0000] {processor.py:914} INFO - Processing file /home/airflow/.local/lib/python3.12/site-packages/airflow/example_dags/example_branch_labels.py for tasks to queue
[2025-03-01T14:40:02.044+0000] {logging_mixin.py:190} INFO - [2025-03-01T14:40:02.044+0000] {dagbag.py:588} INFO - Filling up the DagBag from /home/airflow/.local/lib/python3.12/site-packages/airflow/example_dags/example_branch_labels.py
[2025-03-01T14:40:02.051+0000] {processor.py:925} INFO - DAG(s) 'example_branch_labels' retrieved from /home/airflow/.local/lib/python3.12/site-packages/airflow/example_dags/example_branch_labels.py
[2025-03-01T14:40:02.065+0000] {logging_mixin.py:190} INFO - [2025-03-01T14:40:02.065+0000] {dag.py:3239} INFO - Sync 1 DAGs
[2025-03-01T14:40:02.081+0000] {logging_mixin.py:190} INFO - [2025-03-01T14:40:02.081+0000] {dag.py:4180} INFO - Setting next_dagrun for example_branch_labels to 2025-02-28 00:00:00+00:00, run_after=2025-03-01 00:00:00+00:00
[2025-03-01T14:40:02.095+0000] {processor.py:208} INFO - Processing /home/airflow/.local/lib/python3.12/site-packages/airflow/example_dags/example_branch_labels.py took 0.057 seconds
[2025-03-01T14:40:32.425+0000] {processor.py:186} INFO - Started process (PID=2912) to work on /home/airflow/.local/lib/python3.12/site-packages/airflow/example_dags/example_branch_labels.py
[2025-03-01T14:40:32.426+0000] {processor.py:914} INFO - Processing file /home/airflow/.local/lib/python3.12/site-packages/airflow/example_dags/example_branch_labels.py for tasks to queue
[2025-03-01T14:40:32.429+0000] {logging_mixin.py:190} INFO - [2025-03-01T14:40:32.428+0000] {dagbag.py:588} INFO - Filling up the DagBag from /home/airflow/.local/lib/python3.12/site-packages/airflow/example_dags/example_branch_labels.py
[2025-03-01T14:40:32.439+0000] {processor.py:925} INFO - DAG(s) 'example_branch_labels' retrieved from /home/airflow/.local/lib/python3.12/site-packages/airflow/example_dags/example_branch_labels.py
[2025-03-01T14:40:32.454+0000] {logging_mixin.py:190} INFO - [2025-03-01T14:40:32.454+0000] {dag.py:3239} INFO - Sync 1 DAGs
[2025-03-01T14:40:32.471+0000] {logging_mixin.py:190} INFO - [2025-03-01T14:40:32.471+0000] {dag.py:4180} INFO - Setting next_dagrun for example_branch_labels to 2025-02-28 00:00:00+00:00, run_after=2025-03-01 00:00:00+00:00
[2025-03-01T14:40:32.482+0000] {processor.py:208} INFO - Processing /home/airflow/.local/lib/python3.12/site-packages/airflow/example_dags/example_branch_labels.py took 0.064 seconds
[2025-03-01T14:41:03.384+0000] {processor.py:186} INFO - Started process (PID=2975) to work on /home/airflow/.local/lib/python3.12/site-packages/airflow/example_dags/example_branch_labels.py
[2025-03-01T14:41:03.385+0000] {processor.py:914} INFO - Processing file /home/airflow/.local/lib/python3.12/site-packages/airflow/example_dags/example_branch_labels.py for tasks to queue
[2025-03-01T14:41:03.387+0000] {logging_mixin.py:190} INFO - [2025-03-01T14:41:03.386+0000] {dagbag.py:588} INFO - Filling up the DagBag from /home/airflow/.local/lib/python3.12/site-packages/airflow/example_dags/example_branch_labels.py
[2025-03-01T14:41:03.401+0000] {processor.py:925} INFO - DAG(s) 'example_branch_labels' retrieved from /home/airflow/.local/lib/python3.12/site-packages/airflow/example_dags/example_branch_labels.py
[2025-03-01T14:41:03.421+0000] {logging_mixin.py:190} INFO - [2025-03-01T14:41:03.420+0000] {dag.py:3239} INFO - Sync 1 DAGs
[2025-03-01T14:41:03.444+0000] {logging_mixin.py:190} INFO - [2025-03-01T14:41:03.444+0000] {dag.py:4180} INFO - Setting next_dagrun for example_branch_labels to 2025-02-28 00:00:00+00:00, run_after=2025-03-01 00:00:00+00:00
[2025-03-01T14:41:03.460+0000] {processor.py:208} INFO - Processing /home/airflow/.local/lib/python3.12/site-packages/airflow/example_dags/example_branch_labels.py took 0.082 seconds
[2025-03-01T14:41:34.127+0000] {processor.py:186} INFO - Started process (PID=3038) to work on /home/airflow/.local/lib/python3.12/site-packages/airflow/example_dags/example_branch_labels.py
[2025-03-01T14:41:34.128+0000] {processor.py:914} INFO - Processing file /home/airflow/.local/lib/python3.12/site-packages/airflow/example_dags/example_branch_labels.py for tasks to queue
[2025-03-01T14:41:34.130+0000] {logging_mixin.py:190} INFO - [2025-03-01T14:41:34.130+0000] {dagbag.py:588} INFO - Filling up the DagBag from /home/airflow/.local/lib/python3.12/site-packages/airflow/example_dags/example_branch_labels.py
[2025-03-01T14:41:34.141+0000] {processor.py:925} INFO - DAG(s) 'example_branch_labels' retrieved from /home/airflow/.local/lib/python3.12/site-packages/airflow/example_dags/example_branch_labels.py
[2025-03-01T14:41:34.159+0000] {logging_mixin.py:190} INFO - [2025-03-01T14:41:34.159+0000] {dag.py:3239} INFO - Sync 1 DAGs
[2025-03-01T14:41:34.184+0000] {logging_mixin.py:190} INFO - [2025-03-01T14:41:34.184+0000] {dag.py:4180} INFO - Setting next_dagrun for example_branch_labels to 2025-02-28 00:00:00+00:00, run_after=2025-03-01 00:00:00+00:00
[2025-03-01T14:41:34.202+0000] {processor.py:208} INFO - Processing /home/airflow/.local/lib/python3.12/site-packages/airflow/example_dags/example_branch_labels.py took 0.080 seconds
[2025-03-01T14:42:04.322+0000] {processor.py:186} INFO - Started process (PID=3100) to work on /home/airflow/.local/lib/python3.12/site-packages/airflow/example_dags/example_branch_labels.py
[2025-03-01T14:42:04.323+0000] {processor.py:914} INFO - Processing file /home/airflow/.local/lib/python3.12/site-packages/airflow/example_dags/example_branch_labels.py for tasks to queue
[2025-03-01T14:42:04.325+0000] {logging_mixin.py:190} INFO - [2025-03-01T14:42:04.325+0000] {dagbag.py:588} INFO - Filling up the DagBag from /home/airflow/.local/lib/python3.12/site-packages/airflow/example_dags/example_branch_labels.py
[2025-03-01T14:42:04.335+0000] {processor.py:925} INFO - DAG(s) 'example_branch_labels' retrieved from /home/airflow/.local/lib/python3.12/site-packages/airflow/example_dags/example_branch_labels.py
[2025-03-01T14:42:04.355+0000] {logging_mixin.py:190} INFO - [2025-03-01T14:42:04.355+0000] {dag.py:3239} INFO - Sync 1 DAGs
[2025-03-01T14:42:04.380+0000] {logging_mixin.py:190} INFO - [2025-03-01T14:42:04.380+0000] {dag.py:4180} INFO - Setting next_dagrun for example_branch_labels to 2025-02-28 00:00:00+00:00, run_after=2025-03-01 00:00:00+00:00
[2025-03-01T14:42:04.395+0000] {processor.py:208} INFO - Processing /home/airflow/.local/lib/python3.12/site-packages/airflow/example_dags/example_branch_labels.py took 0.079 seconds
[2025-03-01T14:42:34.762+0000] {processor.py:186} INFO - Started process (PID=3163) to work on /home/airflow/.local/lib/python3.12/site-packages/airflow/example_dags/example_branch_labels.py
[2025-03-01T14:42:34.763+0000] {processor.py:914} INFO - Processing file /home/airflow/.local/lib/python3.12/site-packages/airflow/example_dags/example_branch_labels.py for tasks to queue
[2025-03-01T14:42:34.765+0000] {logging_mixin.py:190} INFO - [2025-03-01T14:42:34.765+0000] {dagbag.py:588} INFO - Filling up the DagBag from /home/airflow/.local/lib/python3.12/site-packages/airflow/example_dags/example_branch_labels.py
[2025-03-01T14:42:34.775+0000] {processor.py:925} INFO - DAG(s) 'example_branch_labels' retrieved from /home/airflow/.local/lib/python3.12/site-packages/airflow/example_dags/example_branch_labels.py
[2025-03-01T14:42:34.795+0000] {logging_mixin.py:190} INFO - [2025-03-01T14:42:34.795+0000] {dag.py:3239} INFO - Sync 1 DAGs
[2025-03-01T14:42:34.818+0000] {logging_mixin.py:190} INFO - [2025-03-01T14:42:34.818+0000] {dag.py:4180} INFO - Setting next_dagrun for example_branch_labels to 2025-02-28 00:00:00+00:00, run_after=2025-03-01 00:00:00+00:00
[2025-03-01T14:42:34.831+0000] {processor.py:208} INFO - Processing /home/airflow/.local/lib/python3.12/site-packages/airflow/example_dags/example_branch_labels.py took 0.075 seconds
[2025-03-01T14:43:04.952+0000] {processor.py:186} INFO - Started process (PID=3218) to work on /home/airflow/.local/lib/python3.12/site-packages/airflow/example_dags/example_branch_labels.py
[2025-03-01T14:43:04.952+0000] {processor.py:914} INFO - Processing file /home/airflow/.local/lib/python3.12/site-packages/airflow/example_dags/example_branch_labels.py for tasks to queue
[2025-03-01T14:43:04.954+0000] {logging_mixin.py:190} INFO - [2025-03-01T14:43:04.954+0000] {dagbag.py:588} INFO - Filling up the DagBag from /home/airflow/.local/lib/python3.12/site-packages/airflow/example_dags/example_branch_labels.py
[2025-03-01T14:43:04.961+0000] {processor.py:925} INFO - DAG(s) 'example_branch_labels' retrieved from /home/airflow/.local/lib/python3.12/site-packages/airflow/example_dags/example_branch_labels.py
[2025-03-01T14:43:04.975+0000] {logging_mixin.py:190} INFO - [2025-03-01T14:43:04.975+0000] {dag.py:3239} INFO - Sync 1 DAGs
[2025-03-01T14:43:04.992+0000] {logging_mixin.py:190} INFO - [2025-03-01T14:43:04.992+0000] {dag.py:4180} INFO - Setting next_dagrun for example_branch_labels to 2025-02-28 00:00:00+00:00, run_after=2025-03-01 00:00:00+00:00
[2025-03-01T14:43:05.004+0000] {processor.py:208} INFO - Processing /home/airflow/.local/lib/python3.12/site-packages/airflow/example_dags/example_branch_labels.py took 0.056 seconds
[2025-03-01T14:43:36.468+0000] {processor.py:186} INFO - Started process (PID=3278) to work on /home/airflow/.local/lib/python3.12/site-packages/airflow/example_dags/example_branch_labels.py
[2025-03-01T14:43:36.473+0000] {processor.py:914} INFO - Processing file /home/airflow/.local/lib/python3.12/site-packages/airflow/example_dags/example_branch_labels.py for tasks to queue
[2025-03-01T14:43:36.476+0000] {logging_mixin.py:190} INFO - [2025-03-01T14:43:36.475+0000] {dagbag.py:588} INFO - Filling up the DagBag from /home/airflow/.local/lib/python3.12/site-packages/airflow/example_dags/example_branch_labels.py
[2025-03-01T14:43:36.498+0000] {processor.py:925} INFO - DAG(s) 'example_branch_labels' retrieved from /home/airflow/.local/lib/python3.12/site-packages/airflow/example_dags/example_branch_labels.py
[2025-03-01T14:43:36.523+0000] {logging_mixin.py:190} INFO - [2025-03-01T14:43:36.523+0000] {dag.py:3239} INFO - Sync 1 DAGs
[2025-03-01T14:43:36.559+0000] {logging_mixin.py:190} INFO - [2025-03-01T14:43:36.559+0000] {dag.py:4180} INFO - Setting next_dagrun for example_branch_labels to 2025-02-28 00:00:00+00:00, run_after=2025-03-01 00:00:00+00:00
[2025-03-01T14:43:36.586+0000] {processor.py:208} INFO - Processing /home/airflow/.local/lib/python3.12/site-packages/airflow/example_dags/example_branch_labels.py took 0.130 seconds
[2025-03-01T14:44:06.956+0000] {processor.py:186} INFO - Started process (PID=3339) to work on /home/airflow/.local/lib/python3.12/site-packages/airflow/example_dags/example_branch_labels.py
[2025-03-01T14:44:06.956+0000] {processor.py:914} INFO - Processing file /home/airflow/.local/lib/python3.12/site-packages/airflow/example_dags/example_branch_labels.py for tasks to queue
[2025-03-01T14:44:06.959+0000] {logging_mixin.py:190} INFO - [2025-03-01T14:44:06.958+0000] {dagbag.py:588} INFO - Filling up the DagBag from /home/airflow/.local/lib/python3.12/site-packages/airflow/example_dags/example_branch_labels.py
[2025-03-01T14:44:06.968+0000] {processor.py:925} INFO - DAG(s) 'example_branch_labels' retrieved from /home/airflow/.local/lib/python3.12/site-packages/airflow/example_dags/example_branch_labels.py
[2025-03-01T14:44:06.990+0000] {logging_mixin.py:190} INFO - [2025-03-01T14:44:06.990+0000] {dag.py:3239} INFO - Sync 1 DAGs
[2025-03-01T14:44:07.015+0000] {logging_mixin.py:190} INFO - [2025-03-01T14:44:07.015+0000] {dag.py:4180} INFO - Setting next_dagrun for example_branch_labels to 2025-02-28 00:00:00+00:00, run_after=2025-03-01 00:00:00+00:00
[2025-03-01T14:44:07.031+0000] {processor.py:208} INFO - Processing /home/airflow/.local/lib/python3.12/site-packages/airflow/example_dags/example_branch_labels.py took 0.082 seconds
[2025-03-01T14:44:37.767+0000] {processor.py:186} INFO - Started process (PID=3402) to work on /home/airflow/.local/lib/python3.12/site-packages/airflow/example_dags/example_branch_labels.py
[2025-03-01T14:44:37.768+0000] {processor.py:914} INFO - Processing file /home/airflow/.local/lib/python3.12/site-packages/airflow/example_dags/example_branch_labels.py for tasks to queue
[2025-03-01T14:44:37.770+0000] {logging_mixin.py:190} INFO - [2025-03-01T14:44:37.769+0000] {dagbag.py:588} INFO - Filling up the DagBag from /home/airflow/.local/lib/python3.12/site-packages/airflow/example_dags/example_branch_labels.py
[2025-03-01T14:44:37.776+0000] {processor.py:925} INFO - DAG(s) 'example_branch_labels' retrieved from /home/airflow/.local/lib/python3.12/site-packages/airflow/example_dags/example_branch_labels.py
[2025-03-01T14:44:37.791+0000] {logging_mixin.py:190} INFO - [2025-03-01T14:44:37.791+0000] {dag.py:3239} INFO - Sync 1 DAGs
[2025-03-01T14:44:37.807+0000] {logging_mixin.py:190} INFO - [2025-03-01T14:44:37.807+0000] {dag.py:4180} INFO - Setting next_dagrun for example_branch_labels to 2025-02-28 00:00:00+00:00, run_after=2025-03-01 00:00:00+00:00
[2025-03-01T14:44:37.820+0000] {processor.py:208} INFO - Processing /home/airflow/.local/lib/python3.12/site-packages/airflow/example_dags/example_branch_labels.py took 0.057 seconds
[2025-03-01T14:45:08.104+0000] {processor.py:186} INFO - Started process (PID=3464) to work on /home/airflow/.local/lib/python3.12/site-packages/airflow/example_dags/example_branch_labels.py
[2025-03-01T14:45:08.105+0000] {processor.py:914} INFO - Processing file /home/airflow/.local/lib/python3.12/site-packages/airflow/example_dags/example_branch_labels.py for tasks to queue
[2025-03-01T14:45:08.107+0000] {logging_mixin.py:190} INFO - [2025-03-01T14:45:08.107+0000] {dagbag.py:588} INFO - Filling up the DagBag from /home/airflow/.local/lib/python3.12/site-packages/airflow/example_dags/example_branch_labels.py
[2025-03-01T14:45:08.118+0000] {processor.py:925} INFO - DAG(s) 'example_branch_labels' retrieved from /home/airflow/.local/lib/python3.12/site-packages/airflow/example_dags/example_branch_labels.py
[2025-03-01T14:45:08.148+0000] {logging_mixin.py:190} INFO - [2025-03-01T14:45:08.148+0000] {dag.py:3239} INFO - Sync 1 DAGs
[2025-03-01T14:45:08.190+0000] {logging_mixin.py:190} INFO - [2025-03-01T14:45:08.190+0000] {dag.py:4180} INFO - Setting next_dagrun for example_branch_labels to 2025-02-28 00:00:00+00:00, run_after=2025-03-01 00:00:00+00:00
[2025-03-01T14:45:08.206+0000] {processor.py:208} INFO - Processing /home/airflow/.local/lib/python3.12/site-packages/airflow/example_dags/example_branch_labels.py took 0.108 seconds
[2025-03-01T14:45:39.007+0000] {processor.py:186} INFO - Started process (PID=3527) to work on /home/airflow/.local/lib/python3.12/site-packages/airflow/example_dags/example_branch_labels.py
[2025-03-01T14:45:39.009+0000] {processor.py:914} INFO - Processing file /home/airflow/.local/lib/python3.12/site-packages/airflow/example_dags/example_branch_labels.py for tasks to queue
[2025-03-01T14:45:39.012+0000] {logging_mixin.py:190} INFO - [2025-03-01T14:45:39.012+0000] {dagbag.py:588} INFO - Filling up the DagBag from /home/airflow/.local/lib/python3.12/site-packages/airflow/example_dags/example_branch_labels.py
[2025-03-01T14:45:39.054+0000] {processor.py:925} INFO - DAG(s) 'example_branch_labels' retrieved from /home/airflow/.local/lib/python3.12/site-packages/airflow/example_dags/example_branch_labels.py
[2025-03-01T14:45:39.092+0000] {logging_mixin.py:190} INFO - [2025-03-01T14:45:39.092+0000] {dag.py:3239} INFO - Sync 1 DAGs
[2025-03-01T14:45:39.142+0000] {logging_mixin.py:190} INFO - [2025-03-01T14:45:39.142+0000] {dag.py:4180} INFO - Setting next_dagrun for example_branch_labels to 2025-02-28 00:00:00+00:00, run_after=2025-03-01 00:00:00+00:00
[2025-03-01T14:45:39.182+0000] {processor.py:208} INFO - Processing /home/airflow/.local/lib/python3.12/site-packages/airflow/example_dags/example_branch_labels.py took 0.217 seconds
[2025-03-01T14:46:11.015+0000] {processor.py:186} INFO - Started process (PID=3590) to work on /home/airflow/.local/lib/python3.12/site-packages/airflow/example_dags/example_branch_labels.py
[2025-03-01T14:46:11.018+0000] {processor.py:914} INFO - Processing file /home/airflow/.local/lib/python3.12/site-packages/airflow/example_dags/example_branch_labels.py for tasks to queue
[2025-03-01T14:46:11.047+0000] {logging_mixin.py:190} INFO - [2025-03-01T14:46:11.046+0000] {dagbag.py:588} INFO - Filling up the DagBag from /home/airflow/.local/lib/python3.12/site-packages/airflow/example_dags/example_branch_labels.py
[2025-03-01T14:46:11.152+0000] {processor.py:925} INFO - DAG(s) 'example_branch_labels' retrieved from /home/airflow/.local/lib/python3.12/site-packages/airflow/example_dags/example_branch_labels.py
[2025-03-01T14:46:11.346+0000] {logging_mixin.py:190} INFO - [2025-03-01T14:46:11.346+0000] {dag.py:3239} INFO - Sync 1 DAGs
[2025-03-01T14:46:11.463+0000] {logging_mixin.py:190} INFO - [2025-03-01T14:46:11.462+0000] {dag.py:4180} INFO - Setting next_dagrun for example_branch_labels to 2025-02-28 00:00:00+00:00, run_after=2025-03-01 00:00:00+00:00
[2025-03-01T14:46:11.570+0000] {processor.py:208} INFO - Processing /home/airflow/.local/lib/python3.12/site-packages/airflow/example_dags/example_branch_labels.py took 0.587 seconds
[2025-03-01T14:46:55.522+0000] {processor.py:186} INFO - Started process (PID=3650) to work on /home/airflow/.local/lib/python3.12/site-packages/airflow/example_dags/example_branch_labels.py
[2025-03-01T14:46:55.563+0000] {processor.py:914} INFO - Processing file /home/airflow/.local/lib/python3.12/site-packages/airflow/example_dags/example_branch_labels.py for tasks to queue
[2025-03-01T14:46:55.577+0000] {logging_mixin.py:190} INFO - [2025-03-01T14:46:55.576+0000] {dagbag.py:588} INFO - Filling up the DagBag from /home/airflow/.local/lib/python3.12/site-packages/airflow/example_dags/example_branch_labels.py
[2025-03-01T14:46:55.790+0000] {processor.py:925} INFO - DAG(s) 'example_branch_labels' retrieved from /home/airflow/.local/lib/python3.12/site-packages/airflow/example_dags/example_branch_labels.py
[2025-03-01T14:46:55.930+0000] {logging_mixin.py:190} INFO - [2025-03-01T14:46:55.930+0000] {dag.py:3239} INFO - Sync 1 DAGs
[2025-03-01T14:46:56.084+0000] {logging_mixin.py:190} INFO - [2025-03-01T14:46:56.084+0000] {dag.py:4180} INFO - Setting next_dagrun for example_branch_labels to 2025-02-28 00:00:00+00:00, run_after=2025-03-01 00:00:00+00:00
[2025-03-01T14:46:56.710+0000] {processor.py:208} INFO - Processing /home/airflow/.local/lib/python3.12/site-packages/airflow/example_dags/example_branch_labels.py took 1.226 seconds
[2025-03-01T14:47:38.596+0000] {processor.py:186} INFO - Started process (PID=3719) to work on /home/airflow/.local/lib/python3.12/site-packages/airflow/example_dags/example_branch_labels.py
[2025-03-01T14:47:38.621+0000] {processor.py:914} INFO - Processing file /home/airflow/.local/lib/python3.12/site-packages/airflow/example_dags/example_branch_labels.py for tasks to queue
[2025-03-01T14:47:38.638+0000] {logging_mixin.py:190} INFO - [2025-03-01T14:47:38.637+0000] {dagbag.py:588} INFO - Filling up the DagBag from /home/airflow/.local/lib/python3.12/site-packages/airflow/example_dags/example_branch_labels.py
[2025-03-01T14:47:38.759+0000] {processor.py:925} INFO - DAG(s) 'example_branch_labels' retrieved from /home/airflow/.local/lib/python3.12/site-packages/airflow/example_dags/example_branch_labels.py
[2025-03-01T14:47:38.972+0000] {logging_mixin.py:190} INFO - [2025-03-01T14:47:38.972+0000] {dag.py:3239} INFO - Sync 1 DAGs
[2025-03-01T14:47:39.214+0000] {logging_mixin.py:190} INFO - [2025-03-01T14:47:39.214+0000] {dag.py:4180} INFO - Setting next_dagrun for example_branch_labels to 2025-02-28 00:00:00+00:00, run_after=2025-03-01 00:00:00+00:00
[2025-03-01T14:47:39.305+0000] {processor.py:208} INFO - Processing /home/airflow/.local/lib/python3.12/site-packages/airflow/example_dags/example_branch_labels.py took 0.731 seconds
