[2025-03-01T14:17:45.749+0000] {processor.py:186} INFO - Started process (PID=96) to work on /home/airflow/.local/lib/python3.12/site-packages/airflow/example_dags/example_dag_decorator.py
[2025-03-01T14:17:45.765+0000] {processor.py:914} INFO - Processing file /home/airflow/.local/lib/python3.12/site-packages/airflow/example_dags/example_dag_decorator.py for tasks to queue
[2025-03-01T14:17:45.771+0000] {logging_mixin.py:190} INFO - [2025-03-01T14:17:45.770+0000] {dagbag.py:588} INFO - Filling up the DagBag from /home/airflow/.local/lib/python3.12/site-packages/airflow/example_dags/example_dag_decorator.py
[2025-03-01T14:17:47.463+0000] {processor.py:925} INFO - DAG(s) 'example_dag_decorator' retrieved from /home/airflow/.local/lib/python3.12/site-packages/airflow/example_dags/example_dag_decorator.py
[2025-03-01T14:17:47.762+0000] {logging_mixin.py:190} INFO - [2025-03-01T14:17:47.761+0000] {override.py:1912} INFO - Created Permission View: can edit on DAG:example_dag_decorator
[2025-03-01T14:17:47.785+0000] {logging_mixin.py:190} INFO - [2025-03-01T14:17:47.785+0000] {override.py:1912} INFO - Created Permission View: can read on DAG:example_dag_decorator
[2025-03-01T14:17:47.796+0000] {logging_mixin.py:190} INFO - [2025-03-01T14:17:47.795+0000] {override.py:1912} INFO - Created Permission View: can delete on DAG:example_dag_decorator
[2025-03-01T14:17:47.809+0000] {logging_mixin.py:190} INFO - [2025-03-01T14:17:47.809+0000] {override.py:1912} INFO - Created Permission View: menu access on DAG Run:example_dag_decorator
[2025-03-01T14:17:47.823+0000] {logging_mixin.py:190} INFO - [2025-03-01T14:17:47.823+0000] {override.py:1912} INFO - Created Permission View: can read on DAG Run:example_dag_decorator
[2025-03-01T14:17:47.843+0000] {logging_mixin.py:190} INFO - [2025-03-01T14:17:47.842+0000] {override.py:1912} INFO - Created Permission View: can create on DAG Run:example_dag_decorator
[2025-03-01T14:17:47.869+0000] {logging_mixin.py:190} INFO - [2025-03-01T14:17:47.869+0000] {override.py:1912} INFO - Created Permission View: can delete on DAG Run:example_dag_decorator
[2025-03-01T14:17:47.870+0000] {logging_mixin.py:190} INFO - [2025-03-01T14:17:47.869+0000] {dag.py:3239} INFO - Sync 1 DAGs
[2025-03-01T14:17:47.905+0000] {logging_mixin.py:190} INFO - [2025-03-01T14:17:47.905+0000] {dag.py:3262} INFO - Creating ORM DAG for example_dag_decorator
[2025-03-01T14:17:47.907+0000] {logging_mixin.py:190} INFO - [2025-03-01T14:17:47.906+0000] {dag.py:4180} INFO - Setting next_dagrun for example_dag_decorator to None, run_after=None
[2025-03-01T14:17:47.955+0000] {processor.py:208} INFO - Processing /home/airflow/.local/lib/python3.12/site-packages/airflow/example_dags/example_dag_decorator.py took 2.212 seconds
[2025-03-01T14:18:18.921+0000] {processor.py:186} INFO - Started process (PID=158) to work on /home/airflow/.local/lib/python3.12/site-packages/airflow/example_dags/example_dag_decorator.py
[2025-03-01T14:18:18.922+0000] {processor.py:914} INFO - Processing file /home/airflow/.local/lib/python3.12/site-packages/airflow/example_dags/example_dag_decorator.py for tasks to queue
[2025-03-01T14:18:18.924+0000] {logging_mixin.py:190} INFO - [2025-03-01T14:18:18.924+0000] {dagbag.py:588} INFO - Filling up the DagBag from /home/airflow/.local/lib/python3.12/site-packages/airflow/example_dags/example_dag_decorator.py
[2025-03-01T14:18:19.108+0000] {processor.py:925} INFO - DAG(s) 'example_dag_decorator' retrieved from /home/airflow/.local/lib/python3.12/site-packages/airflow/example_dags/example_dag_decorator.py
[2025-03-01T14:18:19.228+0000] {logging_mixin.py:190} INFO - [2025-03-01T14:18:19.227+0000] {dag.py:3239} INFO - Sync 1 DAGs
[2025-03-01T14:18:19.240+0000] {logging_mixin.py:190} INFO - [2025-03-01T14:18:19.240+0000] {dag.py:4180} INFO - Setting next_dagrun for example_dag_decorator to None, run_after=None
[2025-03-01T14:18:19.256+0000] {processor.py:208} INFO - Processing /home/airflow/.local/lib/python3.12/site-packages/airflow/example_dags/example_dag_decorator.py took 0.340 seconds
[2025-03-01T14:18:49.646+0000] {processor.py:186} INFO - Started process (PID=221) to work on /home/airflow/.local/lib/python3.12/site-packages/airflow/example_dags/example_dag_decorator.py
[2025-03-01T14:18:49.647+0000] {processor.py:914} INFO - Processing file /home/airflow/.local/lib/python3.12/site-packages/airflow/example_dags/example_dag_decorator.py for tasks to queue
[2025-03-01T14:18:49.650+0000] {logging_mixin.py:190} INFO - [2025-03-01T14:18:49.649+0000] {dagbag.py:588} INFO - Filling up the DagBag from /home/airflow/.local/lib/python3.12/site-packages/airflow/example_dags/example_dag_decorator.py
[2025-03-01T14:18:50.388+0000] {processor.py:925} INFO - DAG(s) 'example_dag_decorator' retrieved from /home/airflow/.local/lib/python3.12/site-packages/airflow/example_dags/example_dag_decorator.py
[2025-03-01T14:18:50.494+0000] {logging_mixin.py:190} INFO - [2025-03-01T14:18:50.494+0000] {dag.py:3239} INFO - Sync 1 DAGs
[2025-03-01T14:18:50.503+0000] {logging_mixin.py:190} INFO - [2025-03-01T14:18:50.503+0000] {dag.py:4180} INFO - Setting next_dagrun for example_dag_decorator to None, run_after=None
[2025-03-01T14:18:50.516+0000] {processor.py:208} INFO - Processing /home/airflow/.local/lib/python3.12/site-packages/airflow/example_dags/example_dag_decorator.py took 0.876 seconds
[2025-03-01T14:19:20.974+0000] {processor.py:186} INFO - Started process (PID=284) to work on /home/airflow/.local/lib/python3.12/site-packages/airflow/example_dags/example_dag_decorator.py
[2025-03-01T14:19:20.979+0000] {processor.py:914} INFO - Processing file /home/airflow/.local/lib/python3.12/site-packages/airflow/example_dags/example_dag_decorator.py for tasks to queue
[2025-03-01T14:19:20.981+0000] {logging_mixin.py:190} INFO - [2025-03-01T14:19:20.981+0000] {dagbag.py:588} INFO - Filling up the DagBag from /home/airflow/.local/lib/python3.12/site-packages/airflow/example_dags/example_dag_decorator.py
[2025-03-01T14:19:21.134+0000] {processor.py:925} INFO - DAG(s) 'example_dag_decorator' retrieved from /home/airflow/.local/lib/python3.12/site-packages/airflow/example_dags/example_dag_decorator.py
[2025-03-01T14:19:21.365+0000] {logging_mixin.py:190} INFO - [2025-03-01T14:19:21.365+0000] {dag.py:3239} INFO - Sync 1 DAGs
[2025-03-01T14:19:21.390+0000] {logging_mixin.py:190} INFO - [2025-03-01T14:19:21.390+0000] {dag.py:4180} INFO - Setting next_dagrun for example_dag_decorator to None, run_after=None
[2025-03-01T14:19:21.420+0000] {processor.py:208} INFO - Processing /home/airflow/.local/lib/python3.12/site-packages/airflow/example_dags/example_dag_decorator.py took 0.475 seconds
[2025-03-01T14:19:51.832+0000] {processor.py:186} INFO - Started process (PID=347) to work on /home/airflow/.local/lib/python3.12/site-packages/airflow/example_dags/example_dag_decorator.py
[2025-03-01T14:19:51.833+0000] {processor.py:914} INFO - Processing file /home/airflow/.local/lib/python3.12/site-packages/airflow/example_dags/example_dag_decorator.py for tasks to queue
[2025-03-01T14:19:51.835+0000] {logging_mixin.py:190} INFO - [2025-03-01T14:19:51.835+0000] {dagbag.py:588} INFO - Filling up the DagBag from /home/airflow/.local/lib/python3.12/site-packages/airflow/example_dags/example_dag_decorator.py
[2025-03-01T14:19:52.267+0000] {processor.py:925} INFO - DAG(s) 'example_dag_decorator' retrieved from /home/airflow/.local/lib/python3.12/site-packages/airflow/example_dags/example_dag_decorator.py
[2025-03-01T14:19:52.617+0000] {logging_mixin.py:190} INFO - [2025-03-01T14:19:52.617+0000] {dag.py:3239} INFO - Sync 1 DAGs
[2025-03-01T14:19:52.640+0000] {logging_mixin.py:190} INFO - [2025-03-01T14:19:52.639+0000] {dag.py:4180} INFO - Setting next_dagrun for example_dag_decorator to None, run_after=None
[2025-03-01T14:19:52.674+0000] {processor.py:208} INFO - Processing /home/airflow/.local/lib/python3.12/site-packages/airflow/example_dags/example_dag_decorator.py took 0.857 seconds
[2025-03-01T14:20:23.196+0000] {processor.py:186} INFO - Started process (PID=411) to work on /home/airflow/.local/lib/python3.12/site-packages/airflow/example_dags/example_dag_decorator.py
[2025-03-01T14:20:23.197+0000] {processor.py:914} INFO - Processing file /home/airflow/.local/lib/python3.12/site-packages/airflow/example_dags/example_dag_decorator.py for tasks to queue
[2025-03-01T14:20:23.200+0000] {logging_mixin.py:190} INFO - [2025-03-01T14:20:23.199+0000] {dagbag.py:588} INFO - Filling up the DagBag from /home/airflow/.local/lib/python3.12/site-packages/airflow/example_dags/example_dag_decorator.py
[2025-03-01T14:20:23.314+0000] {processor.py:925} INFO - DAG(s) 'example_dag_decorator' retrieved from /home/airflow/.local/lib/python3.12/site-packages/airflow/example_dags/example_dag_decorator.py
[2025-03-01T14:20:23.428+0000] {logging_mixin.py:190} INFO - [2025-03-01T14:20:23.427+0000] {dag.py:3239} INFO - Sync 1 DAGs
[2025-03-01T14:20:23.440+0000] {logging_mixin.py:190} INFO - [2025-03-01T14:20:23.440+0000] {dag.py:4180} INFO - Setting next_dagrun for example_dag_decorator to None, run_after=None
[2025-03-01T14:20:23.456+0000] {processor.py:208} INFO - Processing /home/airflow/.local/lib/python3.12/site-packages/airflow/example_dags/example_dag_decorator.py took 0.265 seconds
[2025-03-01T14:20:53.609+0000] {processor.py:186} INFO - Started process (PID=474) to work on /home/airflow/.local/lib/python3.12/site-packages/airflow/example_dags/example_dag_decorator.py
[2025-03-01T14:20:53.610+0000] {processor.py:914} INFO - Processing file /home/airflow/.local/lib/python3.12/site-packages/airflow/example_dags/example_dag_decorator.py for tasks to queue
[2025-03-01T14:20:53.612+0000] {logging_mixin.py:190} INFO - [2025-03-01T14:20:53.612+0000] {dagbag.py:588} INFO - Filling up the DagBag from /home/airflow/.local/lib/python3.12/site-packages/airflow/example_dags/example_dag_decorator.py
[2025-03-01T14:20:53.720+0000] {processor.py:925} INFO - DAG(s) 'example_dag_decorator' retrieved from /home/airflow/.local/lib/python3.12/site-packages/airflow/example_dags/example_dag_decorator.py
[2025-03-01T14:20:53.839+0000] {logging_mixin.py:190} INFO - [2025-03-01T14:20:53.839+0000] {dag.py:3239} INFO - Sync 1 DAGs
[2025-03-01T14:20:53.852+0000] {logging_mixin.py:190} INFO - [2025-03-01T14:20:53.852+0000] {dag.py:4180} INFO - Setting next_dagrun for example_dag_decorator to None, run_after=None
[2025-03-01T14:20:53.869+0000] {processor.py:208} INFO - Processing /home/airflow/.local/lib/python3.12/site-packages/airflow/example_dags/example_dag_decorator.py took 0.265 seconds
[2025-03-01T14:21:23.993+0000] {processor.py:186} INFO - Started process (PID=537) to work on /home/airflow/.local/lib/python3.12/site-packages/airflow/example_dags/example_dag_decorator.py
[2025-03-01T14:21:23.994+0000] {processor.py:914} INFO - Processing file /home/airflow/.local/lib/python3.12/site-packages/airflow/example_dags/example_dag_decorator.py for tasks to queue
[2025-03-01T14:21:23.997+0000] {logging_mixin.py:190} INFO - [2025-03-01T14:21:23.996+0000] {dagbag.py:588} INFO - Filling up the DagBag from /home/airflow/.local/lib/python3.12/site-packages/airflow/example_dags/example_dag_decorator.py
[2025-03-01T14:21:24.108+0000] {processor.py:925} INFO - DAG(s) 'example_dag_decorator' retrieved from /home/airflow/.local/lib/python3.12/site-packages/airflow/example_dags/example_dag_decorator.py
[2025-03-01T14:21:24.267+0000] {logging_mixin.py:190} INFO - [2025-03-01T14:21:24.267+0000] {dag.py:3239} INFO - Sync 1 DAGs
[2025-03-01T14:21:24.284+0000] {logging_mixin.py:190} INFO - [2025-03-01T14:21:24.284+0000] {dag.py:4180} INFO - Setting next_dagrun for example_dag_decorator to None, run_after=None
[2025-03-01T14:21:24.306+0000] {processor.py:208} INFO - Processing /home/airflow/.local/lib/python3.12/site-packages/airflow/example_dags/example_dag_decorator.py took 0.319 seconds
[2025-03-01T14:21:54.418+0000] {processor.py:186} INFO - Started process (PID=600) to work on /home/airflow/.local/lib/python3.12/site-packages/airflow/example_dags/example_dag_decorator.py
[2025-03-01T14:21:54.419+0000] {processor.py:914} INFO - Processing file /home/airflow/.local/lib/python3.12/site-packages/airflow/example_dags/example_dag_decorator.py for tasks to queue
[2025-03-01T14:21:54.422+0000] {logging_mixin.py:190} INFO - [2025-03-01T14:21:54.422+0000] {dagbag.py:588} INFO - Filling up the DagBag from /home/airflow/.local/lib/python3.12/site-packages/airflow/example_dags/example_dag_decorator.py
[2025-03-01T14:21:54.530+0000] {processor.py:925} INFO - DAG(s) 'example_dag_decorator' retrieved from /home/airflow/.local/lib/python3.12/site-packages/airflow/example_dags/example_dag_decorator.py
[2025-03-01T14:21:54.645+0000] {logging_mixin.py:190} INFO - [2025-03-01T14:21:54.645+0000] {dag.py:3239} INFO - Sync 1 DAGs
[2025-03-01T14:21:54.658+0000] {logging_mixin.py:190} INFO - [2025-03-01T14:21:54.658+0000] {dag.py:4180} INFO - Setting next_dagrun for example_dag_decorator to None, run_after=None
[2025-03-01T14:21:54.674+0000] {processor.py:208} INFO - Processing /home/airflow/.local/lib/python3.12/site-packages/airflow/example_dags/example_dag_decorator.py took 0.261 seconds
[2025-03-01T14:22:24.879+0000] {processor.py:186} INFO - Started process (PID=663) to work on /home/airflow/.local/lib/python3.12/site-packages/airflow/example_dags/example_dag_decorator.py
[2025-03-01T14:22:24.881+0000] {processor.py:914} INFO - Processing file /home/airflow/.local/lib/python3.12/site-packages/airflow/example_dags/example_dag_decorator.py for tasks to queue
[2025-03-01T14:22:24.883+0000] {logging_mixin.py:190} INFO - [2025-03-01T14:22:24.883+0000] {dagbag.py:588} INFO - Filling up the DagBag from /home/airflow/.local/lib/python3.12/site-packages/airflow/example_dags/example_dag_decorator.py
[2025-03-01T14:22:24.987+0000] {processor.py:925} INFO - DAG(s) 'example_dag_decorator' retrieved from /home/airflow/.local/lib/python3.12/site-packages/airflow/example_dags/example_dag_decorator.py
[2025-03-01T14:22:25.104+0000] {logging_mixin.py:190} INFO - [2025-03-01T14:22:25.104+0000] {dag.py:3239} INFO - Sync 1 DAGs
[2025-03-01T14:22:25.119+0000] {logging_mixin.py:190} INFO - [2025-03-01T14:22:25.118+0000] {dag.py:4180} INFO - Setting next_dagrun for example_dag_decorator to None, run_after=None
[2025-03-01T14:22:25.141+0000] {processor.py:208} INFO - Processing /home/airflow/.local/lib/python3.12/site-packages/airflow/example_dags/example_dag_decorator.py took 0.266 seconds
[2025-03-01T14:22:55.610+0000] {processor.py:186} INFO - Started process (PID=727) to work on /home/airflow/.local/lib/python3.12/site-packages/airflow/example_dags/example_dag_decorator.py
[2025-03-01T14:22:55.611+0000] {processor.py:914} INFO - Processing file /home/airflow/.local/lib/python3.12/site-packages/airflow/example_dags/example_dag_decorator.py for tasks to queue
[2025-03-01T14:22:55.613+0000] {logging_mixin.py:190} INFO - [2025-03-01T14:22:55.613+0000] {dagbag.py:588} INFO - Filling up the DagBag from /home/airflow/.local/lib/python3.12/site-packages/airflow/example_dags/example_dag_decorator.py
[2025-03-01T14:22:55.829+0000] {processor.py:925} INFO - DAG(s) 'example_dag_decorator' retrieved from /home/airflow/.local/lib/python3.12/site-packages/airflow/example_dags/example_dag_decorator.py
[2025-03-01T14:22:55.947+0000] {logging_mixin.py:190} INFO - [2025-03-01T14:22:55.947+0000] {dag.py:3239} INFO - Sync 1 DAGs
[2025-03-01T14:22:55.962+0000] {logging_mixin.py:190} INFO - [2025-03-01T14:22:55.961+0000] {dag.py:4180} INFO - Setting next_dagrun for example_dag_decorator to None, run_after=None
[2025-03-01T14:22:55.978+0000] {processor.py:208} INFO - Processing /home/airflow/.local/lib/python3.12/site-packages/airflow/example_dags/example_dag_decorator.py took 0.374 seconds
[2025-03-01T14:23:26.119+0000] {processor.py:186} INFO - Started process (PID=790) to work on /home/airflow/.local/lib/python3.12/site-packages/airflow/example_dags/example_dag_decorator.py
[2025-03-01T14:23:26.123+0000] {processor.py:914} INFO - Processing file /home/airflow/.local/lib/python3.12/site-packages/airflow/example_dags/example_dag_decorator.py for tasks to queue
[2025-03-01T14:23:26.126+0000] {logging_mixin.py:190} INFO - [2025-03-01T14:23:26.126+0000] {dagbag.py:588} INFO - Filling up the DagBag from /home/airflow/.local/lib/python3.12/site-packages/airflow/example_dags/example_dag_decorator.py
[2025-03-01T14:23:26.269+0000] {processor.py:925} INFO - DAG(s) 'example_dag_decorator' retrieved from /home/airflow/.local/lib/python3.12/site-packages/airflow/example_dags/example_dag_decorator.py
[2025-03-01T14:23:26.396+0000] {logging_mixin.py:190} INFO - [2025-03-01T14:23:26.396+0000] {dag.py:3239} INFO - Sync 1 DAGs
[2025-03-01T14:23:26.422+0000] {logging_mixin.py:190} INFO - [2025-03-01T14:23:26.421+0000] {dag.py:4180} INFO - Setting next_dagrun for example_dag_decorator to None, run_after=None
[2025-03-01T14:23:26.440+0000] {processor.py:208} INFO - Processing /home/airflow/.local/lib/python3.12/site-packages/airflow/example_dags/example_dag_decorator.py took 0.331 seconds
[2025-03-01T14:23:56.561+0000] {processor.py:186} INFO - Started process (PID=854) to work on /home/airflow/.local/lib/python3.12/site-packages/airflow/example_dags/example_dag_decorator.py
[2025-03-01T14:23:56.562+0000] {processor.py:914} INFO - Processing file /home/airflow/.local/lib/python3.12/site-packages/airflow/example_dags/example_dag_decorator.py for tasks to queue
[2025-03-01T14:23:56.564+0000] {logging_mixin.py:190} INFO - [2025-03-01T14:23:56.564+0000] {dagbag.py:588} INFO - Filling up the DagBag from /home/airflow/.local/lib/python3.12/site-packages/airflow/example_dags/example_dag_decorator.py
[2025-03-01T14:23:56.671+0000] {processor.py:925} INFO - DAG(s) 'example_dag_decorator' retrieved from /home/airflow/.local/lib/python3.12/site-packages/airflow/example_dags/example_dag_decorator.py
[2025-03-01T14:23:56.854+0000] {logging_mixin.py:190} INFO - [2025-03-01T14:23:56.854+0000] {dag.py:3239} INFO - Sync 1 DAGs
[2025-03-01T14:23:56.868+0000] {logging_mixin.py:190} INFO - [2025-03-01T14:23:56.868+0000] {dag.py:4180} INFO - Setting next_dagrun for example_dag_decorator to None, run_after=None
[2025-03-01T14:23:56.895+0000] {processor.py:208} INFO - Processing /home/airflow/.local/lib/python3.12/site-packages/airflow/example_dags/example_dag_decorator.py took 0.339 seconds
[2025-03-01T14:24:27.528+0000] {processor.py:186} INFO - Started process (PID=917) to work on /home/airflow/.local/lib/python3.12/site-packages/airflow/example_dags/example_dag_decorator.py
[2025-03-01T14:24:27.531+0000] {processor.py:914} INFO - Processing file /home/airflow/.local/lib/python3.12/site-packages/airflow/example_dags/example_dag_decorator.py for tasks to queue
[2025-03-01T14:24:27.533+0000] {logging_mixin.py:190} INFO - [2025-03-01T14:24:27.533+0000] {dagbag.py:588} INFO - Filling up the DagBag from /home/airflow/.local/lib/python3.12/site-packages/airflow/example_dags/example_dag_decorator.py
[2025-03-01T14:24:27.651+0000] {processor.py:925} INFO - DAG(s) 'example_dag_decorator' retrieved from /home/airflow/.local/lib/python3.12/site-packages/airflow/example_dags/example_dag_decorator.py
[2025-03-01T14:24:27.769+0000] {logging_mixin.py:190} INFO - [2025-03-01T14:24:27.769+0000] {dag.py:3239} INFO - Sync 1 DAGs
[2025-03-01T14:24:27.782+0000] {logging_mixin.py:190} INFO - [2025-03-01T14:24:27.782+0000] {dag.py:4180} INFO - Setting next_dagrun for example_dag_decorator to None, run_after=None
[2025-03-01T14:24:27.798+0000] {processor.py:208} INFO - Processing /home/airflow/.local/lib/python3.12/site-packages/airflow/example_dags/example_dag_decorator.py took 0.275 seconds
[2025-03-01T14:24:57.857+0000] {processor.py:186} INFO - Started process (PID=982) to work on /home/airflow/.local/lib/python3.12/site-packages/airflow/example_dags/example_dag_decorator.py
[2025-03-01T14:24:57.857+0000] {processor.py:914} INFO - Processing file /home/airflow/.local/lib/python3.12/site-packages/airflow/example_dags/example_dag_decorator.py for tasks to queue
[2025-03-01T14:24:57.859+0000] {logging_mixin.py:190} INFO - [2025-03-01T14:24:57.858+0000] {dagbag.py:588} INFO - Filling up the DagBag from /home/airflow/.local/lib/python3.12/site-packages/airflow/example_dags/example_dag_decorator.py
[2025-03-01T14:24:57.928+0000] {processor.py:925} INFO - DAG(s) 'example_dag_decorator' retrieved from /home/airflow/.local/lib/python3.12/site-packages/airflow/example_dags/example_dag_decorator.py
[2025-03-01T14:24:58.025+0000] {logging_mixin.py:190} INFO - [2025-03-01T14:24:58.025+0000] {dag.py:3239} INFO - Sync 1 DAGs
[2025-03-01T14:24:58.036+0000] {logging_mixin.py:190} INFO - [2025-03-01T14:24:58.036+0000] {dag.py:4180} INFO - Setting next_dagrun for example_dag_decorator to None, run_after=None
[2025-03-01T14:24:58.053+0000] {processor.py:208} INFO - Processing /home/airflow/.local/lib/python3.12/site-packages/airflow/example_dags/example_dag_decorator.py took 0.200 seconds
[2025-03-01T14:25:28.094+0000] {processor.py:186} INFO - Started process (PID=1045) to work on /home/airflow/.local/lib/python3.12/site-packages/airflow/example_dags/example_dag_decorator.py
[2025-03-01T14:25:28.095+0000] {processor.py:914} INFO - Processing file /home/airflow/.local/lib/python3.12/site-packages/airflow/example_dags/example_dag_decorator.py for tasks to queue
[2025-03-01T14:25:28.099+0000] {logging_mixin.py:190} INFO - [2025-03-01T14:25:28.099+0000] {dagbag.py:588} INFO - Filling up the DagBag from /home/airflow/.local/lib/python3.12/site-packages/airflow/example_dags/example_dag_decorator.py
[2025-03-01T14:25:28.261+0000] {processor.py:925} INFO - DAG(s) 'example_dag_decorator' retrieved from /home/airflow/.local/lib/python3.12/site-packages/airflow/example_dags/example_dag_decorator.py
[2025-03-01T14:25:28.693+0000] {logging_mixin.py:190} INFO - [2025-03-01T14:25:28.693+0000] {dag.py:3239} INFO - Sync 1 DAGs
[2025-03-01T14:25:28.745+0000] {logging_mixin.py:190} INFO - [2025-03-01T14:25:28.741+0000] {dag.py:4180} INFO - Setting next_dagrun for example_dag_decorator to None, run_after=None
[2025-03-01T14:25:28.804+0000] {processor.py:208} INFO - Processing /home/airflow/.local/lib/python3.12/site-packages/airflow/example_dags/example_dag_decorator.py took 0.716 seconds
[2025-03-01T14:25:59.309+0000] {processor.py:186} INFO - Started process (PID=1108) to work on /home/airflow/.local/lib/python3.12/site-packages/airflow/example_dags/example_dag_decorator.py
[2025-03-01T14:25:59.330+0000] {processor.py:914} INFO - Processing file /home/airflow/.local/lib/python3.12/site-packages/airflow/example_dags/example_dag_decorator.py for tasks to queue
[2025-03-01T14:25:59.334+0000] {logging_mixin.py:190} INFO - [2025-03-01T14:25:59.334+0000] {dagbag.py:588} INFO - Filling up the DagBag from /home/airflow/.local/lib/python3.12/site-packages/airflow/example_dags/example_dag_decorator.py
[2025-03-01T14:25:59.624+0000] {processor.py:925} INFO - DAG(s) 'example_dag_decorator' retrieved from /home/airflow/.local/lib/python3.12/site-packages/airflow/example_dags/example_dag_decorator.py
[2025-03-01T14:25:59.815+0000] {logging_mixin.py:190} INFO - [2025-03-01T14:25:59.815+0000] {dag.py:3239} INFO - Sync 1 DAGs
[2025-03-01T14:25:59.828+0000] {logging_mixin.py:190} INFO - [2025-03-01T14:25:59.828+0000] {dag.py:4180} INFO - Setting next_dagrun for example_dag_decorator to None, run_after=None
[2025-03-01T14:25:59.842+0000] {processor.py:208} INFO - Processing /home/airflow/.local/lib/python3.12/site-packages/airflow/example_dags/example_dag_decorator.py took 0.540 seconds
[2025-03-01T14:26:30.682+0000] {processor.py:186} INFO - Started process (PID=1177) to work on /home/airflow/.local/lib/python3.12/site-packages/airflow/example_dags/example_dag_decorator.py
[2025-03-01T14:26:30.689+0000] {processor.py:914} INFO - Processing file /home/airflow/.local/lib/python3.12/site-packages/airflow/example_dags/example_dag_decorator.py for tasks to queue
[2025-03-01T14:26:30.691+0000] {logging_mixin.py:190} INFO - [2025-03-01T14:26:30.690+0000] {dagbag.py:588} INFO - Filling up the DagBag from /home/airflow/.local/lib/python3.12/site-packages/airflow/example_dags/example_dag_decorator.py
[2025-03-01T14:26:30.880+0000] {processor.py:925} INFO - DAG(s) 'example_dag_decorator' retrieved from /home/airflow/.local/lib/python3.12/site-packages/airflow/example_dags/example_dag_decorator.py
[2025-03-01T14:26:31.128+0000] {logging_mixin.py:190} INFO - [2025-03-01T14:26:31.128+0000] {dag.py:3239} INFO - Sync 1 DAGs
[2025-03-01T14:26:31.142+0000] {logging_mixin.py:190} INFO - [2025-03-01T14:26:31.142+0000] {dag.py:4180} INFO - Setting next_dagrun for example_dag_decorator to None, run_after=None
[2025-03-01T14:26:31.178+0000] {processor.py:208} INFO - Processing /home/airflow/.local/lib/python3.12/site-packages/airflow/example_dags/example_dag_decorator.py took 0.510 seconds
[2025-03-01T14:27:01.779+0000] {processor.py:186} INFO - Started process (PID=1240) to work on /home/airflow/.local/lib/python3.12/site-packages/airflow/example_dags/example_dag_decorator.py
[2025-03-01T14:27:01.780+0000] {processor.py:914} INFO - Processing file /home/airflow/.local/lib/python3.12/site-packages/airflow/example_dags/example_dag_decorator.py for tasks to queue
[2025-03-01T14:27:01.782+0000] {logging_mixin.py:190} INFO - [2025-03-01T14:27:01.782+0000] {dagbag.py:588} INFO - Filling up the DagBag from /home/airflow/.local/lib/python3.12/site-packages/airflow/example_dags/example_dag_decorator.py
[2025-03-01T14:27:01.888+0000] {processor.py:925} INFO - DAG(s) 'example_dag_decorator' retrieved from /home/airflow/.local/lib/python3.12/site-packages/airflow/example_dags/example_dag_decorator.py
[2025-03-01T14:27:02.004+0000] {logging_mixin.py:190} INFO - [2025-03-01T14:27:02.004+0000] {dag.py:3239} INFO - Sync 1 DAGs
[2025-03-01T14:27:02.017+0000] {logging_mixin.py:190} INFO - [2025-03-01T14:27:02.017+0000] {dag.py:4180} INFO - Setting next_dagrun for example_dag_decorator to None, run_after=None
[2025-03-01T14:27:02.037+0000] {processor.py:208} INFO - Processing /home/airflow/.local/lib/python3.12/site-packages/airflow/example_dags/example_dag_decorator.py took 0.263 seconds
[2025-03-01T14:27:32.111+0000] {processor.py:186} INFO - Started process (PID=1305) to work on /home/airflow/.local/lib/python3.12/site-packages/airflow/example_dags/example_dag_decorator.py
[2025-03-01T14:27:32.112+0000] {processor.py:914} INFO - Processing file /home/airflow/.local/lib/python3.12/site-packages/airflow/example_dags/example_dag_decorator.py for tasks to queue
[2025-03-01T14:27:32.114+0000] {logging_mixin.py:190} INFO - [2025-03-01T14:27:32.114+0000] {dagbag.py:588} INFO - Filling up the DagBag from /home/airflow/.local/lib/python3.12/site-packages/airflow/example_dags/example_dag_decorator.py
[2025-03-01T14:27:32.225+0000] {processor.py:925} INFO - DAG(s) 'example_dag_decorator' retrieved from /home/airflow/.local/lib/python3.12/site-packages/airflow/example_dags/example_dag_decorator.py
[2025-03-01T14:27:32.302+0000] {logging_mixin.py:190} INFO - [2025-03-01T14:27:32.302+0000] {dag.py:3239} INFO - Sync 1 DAGs
[2025-03-01T14:27:32.310+0000] {logging_mixin.py:190} INFO - [2025-03-01T14:27:32.310+0000] {dag.py:4180} INFO - Setting next_dagrun for example_dag_decorator to None, run_after=None
[2025-03-01T14:27:32.322+0000] {processor.py:208} INFO - Processing /home/airflow/.local/lib/python3.12/site-packages/airflow/example_dags/example_dag_decorator.py took 0.218 seconds
[2025-03-01T14:28:02.986+0000] {processor.py:186} INFO - Started process (PID=1366) to work on /home/airflow/.local/lib/python3.12/site-packages/airflow/example_dags/example_dag_decorator.py
[2025-03-01T14:28:02.987+0000] {processor.py:914} INFO - Processing file /home/airflow/.local/lib/python3.12/site-packages/airflow/example_dags/example_dag_decorator.py for tasks to queue
[2025-03-01T14:28:02.989+0000] {logging_mixin.py:190} INFO - [2025-03-01T14:28:02.988+0000] {dagbag.py:588} INFO - Filling up the DagBag from /home/airflow/.local/lib/python3.12/site-packages/airflow/example_dags/example_dag_decorator.py
[2025-03-01T14:28:03.097+0000] {processor.py:925} INFO - DAG(s) 'example_dag_decorator' retrieved from /home/airflow/.local/lib/python3.12/site-packages/airflow/example_dags/example_dag_decorator.py
[2025-03-01T14:28:03.213+0000] {logging_mixin.py:190} INFO - [2025-03-01T14:28:03.212+0000] {dag.py:3239} INFO - Sync 1 DAGs
[2025-03-01T14:28:03.235+0000] {logging_mixin.py:190} INFO - [2025-03-01T14:28:03.235+0000] {dag.py:4180} INFO - Setting next_dagrun for example_dag_decorator to None, run_after=None
[2025-03-01T14:28:03.251+0000] {processor.py:208} INFO - Processing /home/airflow/.local/lib/python3.12/site-packages/airflow/example_dags/example_dag_decorator.py took 0.271 seconds
[2025-03-01T14:28:33.418+0000] {processor.py:186} INFO - Started process (PID=1429) to work on /home/airflow/.local/lib/python3.12/site-packages/airflow/example_dags/example_dag_decorator.py
[2025-03-01T14:28:33.420+0000] {processor.py:914} INFO - Processing file /home/airflow/.local/lib/python3.12/site-packages/airflow/example_dags/example_dag_decorator.py for tasks to queue
[2025-03-01T14:28:33.422+0000] {logging_mixin.py:190} INFO - [2025-03-01T14:28:33.422+0000] {dagbag.py:588} INFO - Filling up the DagBag from /home/airflow/.local/lib/python3.12/site-packages/airflow/example_dags/example_dag_decorator.py
[2025-03-01T14:28:33.536+0000] {processor.py:925} INFO - DAG(s) 'example_dag_decorator' retrieved from /home/airflow/.local/lib/python3.12/site-packages/airflow/example_dags/example_dag_decorator.py
[2025-03-01T14:28:33.672+0000] {logging_mixin.py:190} INFO - [2025-03-01T14:28:33.672+0000] {dag.py:3239} INFO - Sync 1 DAGs
[2025-03-01T14:28:33.687+0000] {logging_mixin.py:190} INFO - [2025-03-01T14:28:33.686+0000] {dag.py:4180} INFO - Setting next_dagrun for example_dag_decorator to None, run_after=None
[2025-03-01T14:28:33.703+0000] {processor.py:208} INFO - Processing /home/airflow/.local/lib/python3.12/site-packages/airflow/example_dags/example_dag_decorator.py took 0.290 seconds
[2025-03-01T14:29:04.034+0000] {processor.py:186} INFO - Started process (PID=1493) to work on /home/airflow/.local/lib/python3.12/site-packages/airflow/example_dags/example_dag_decorator.py
[2025-03-01T14:29:04.035+0000] {processor.py:914} INFO - Processing file /home/airflow/.local/lib/python3.12/site-packages/airflow/example_dags/example_dag_decorator.py for tasks to queue
[2025-03-01T14:29:04.037+0000] {logging_mixin.py:190} INFO - [2025-03-01T14:29:04.036+0000] {dagbag.py:588} INFO - Filling up the DagBag from /home/airflow/.local/lib/python3.12/site-packages/airflow/example_dags/example_dag_decorator.py
[2025-03-01T14:29:04.140+0000] {processor.py:925} INFO - DAG(s) 'example_dag_decorator' retrieved from /home/airflow/.local/lib/python3.12/site-packages/airflow/example_dags/example_dag_decorator.py
[2025-03-01T14:29:04.256+0000] {logging_mixin.py:190} INFO - [2025-03-01T14:29:04.255+0000] {dag.py:3239} INFO - Sync 1 DAGs
[2025-03-01T14:29:04.268+0000] {logging_mixin.py:190} INFO - [2025-03-01T14:29:04.268+0000] {dag.py:4180} INFO - Setting next_dagrun for example_dag_decorator to None, run_after=None
[2025-03-01T14:29:04.287+0000] {processor.py:208} INFO - Processing /home/airflow/.local/lib/python3.12/site-packages/airflow/example_dags/example_dag_decorator.py took 0.259 seconds
[2025-03-01T14:29:34.320+0000] {processor.py:186} INFO - Started process (PID=1556) to work on /home/airflow/.local/lib/python3.12/site-packages/airflow/example_dags/example_dag_decorator.py
[2025-03-01T14:29:34.321+0000] {processor.py:914} INFO - Processing file /home/airflow/.local/lib/python3.12/site-packages/airflow/example_dags/example_dag_decorator.py for tasks to queue
[2025-03-01T14:29:34.323+0000] {logging_mixin.py:190} INFO - [2025-03-01T14:29:34.323+0000] {dagbag.py:588} INFO - Filling up the DagBag from /home/airflow/.local/lib/python3.12/site-packages/airflow/example_dags/example_dag_decorator.py
[2025-03-01T14:29:34.427+0000] {processor.py:925} INFO - DAG(s) 'example_dag_decorator' retrieved from /home/airflow/.local/lib/python3.12/site-packages/airflow/example_dags/example_dag_decorator.py
[2025-03-01T14:29:34.544+0000] {logging_mixin.py:190} INFO - [2025-03-01T14:29:34.544+0000] {dag.py:3239} INFO - Sync 1 DAGs
[2025-03-01T14:29:34.557+0000] {logging_mixin.py:190} INFO - [2025-03-01T14:29:34.557+0000] {dag.py:4180} INFO - Setting next_dagrun for example_dag_decorator to None, run_after=None
[2025-03-01T14:29:34.573+0000] {processor.py:208} INFO - Processing /home/airflow/.local/lib/python3.12/site-packages/airflow/example_dags/example_dag_decorator.py took 0.259 seconds
[2025-03-01T14:30:04.700+0000] {processor.py:186} INFO - Started process (PID=1619) to work on /home/airflow/.local/lib/python3.12/site-packages/airflow/example_dags/example_dag_decorator.py
[2025-03-01T14:30:04.710+0000] {processor.py:914} INFO - Processing file /home/airflow/.local/lib/python3.12/site-packages/airflow/example_dags/example_dag_decorator.py for tasks to queue
[2025-03-01T14:30:04.721+0000] {logging_mixin.py:190} INFO - [2025-03-01T14:30:04.721+0000] {dagbag.py:588} INFO - Filling up the DagBag from /home/airflow/.local/lib/python3.12/site-packages/airflow/example_dags/example_dag_decorator.py
[2025-03-01T14:30:04.830+0000] {processor.py:925} INFO - DAG(s) 'example_dag_decorator' retrieved from /home/airflow/.local/lib/python3.12/site-packages/airflow/example_dags/example_dag_decorator.py
[2025-03-01T14:30:04.953+0000] {logging_mixin.py:190} INFO - [2025-03-01T14:30:04.953+0000] {dag.py:3239} INFO - Sync 1 DAGs
[2025-03-01T14:30:04.966+0000] {logging_mixin.py:190} INFO - [2025-03-01T14:30:04.965+0000] {dag.py:4180} INFO - Setting next_dagrun for example_dag_decorator to None, run_after=None
[2025-03-01T14:30:04.981+0000] {processor.py:208} INFO - Processing /home/airflow/.local/lib/python3.12/site-packages/airflow/example_dags/example_dag_decorator.py took 0.286 seconds
[2025-03-01T14:30:35.577+0000] {processor.py:186} INFO - Started process (PID=1682) to work on /home/airflow/.local/lib/python3.12/site-packages/airflow/example_dags/example_dag_decorator.py
[2025-03-01T14:30:35.578+0000] {processor.py:914} INFO - Processing file /home/airflow/.local/lib/python3.12/site-packages/airflow/example_dags/example_dag_decorator.py for tasks to queue
[2025-03-01T14:30:35.580+0000] {logging_mixin.py:190} INFO - [2025-03-01T14:30:35.580+0000] {dagbag.py:588} INFO - Filling up the DagBag from /home/airflow/.local/lib/python3.12/site-packages/airflow/example_dags/example_dag_decorator.py
[2025-03-01T14:30:35.753+0000] {processor.py:925} INFO - DAG(s) 'example_dag_decorator' retrieved from /home/airflow/.local/lib/python3.12/site-packages/airflow/example_dags/example_dag_decorator.py
[2025-03-01T14:30:35.866+0000] {logging_mixin.py:190} INFO - [2025-03-01T14:30:35.865+0000] {dag.py:3239} INFO - Sync 1 DAGs
[2025-03-01T14:30:35.880+0000] {logging_mixin.py:190} INFO - [2025-03-01T14:30:35.880+0000] {dag.py:4180} INFO - Setting next_dagrun for example_dag_decorator to None, run_after=None
[2025-03-01T14:30:35.895+0000] {processor.py:208} INFO - Processing /home/airflow/.local/lib/python3.12/site-packages/airflow/example_dags/example_dag_decorator.py took 0.324 seconds
[2025-03-01T14:31:06.049+0000] {processor.py:186} INFO - Started process (PID=1746) to work on /home/airflow/.local/lib/python3.12/site-packages/airflow/example_dags/example_dag_decorator.py
[2025-03-01T14:31:06.050+0000] {processor.py:914} INFO - Processing file /home/airflow/.local/lib/python3.12/site-packages/airflow/example_dags/example_dag_decorator.py for tasks to queue
[2025-03-01T14:31:06.052+0000] {logging_mixin.py:190} INFO - [2025-03-01T14:31:06.052+0000] {dagbag.py:588} INFO - Filling up the DagBag from /home/airflow/.local/lib/python3.12/site-packages/airflow/example_dags/example_dag_decorator.py
[2025-03-01T14:31:06.196+0000] {processor.py:925} INFO - DAG(s) 'example_dag_decorator' retrieved from /home/airflow/.local/lib/python3.12/site-packages/airflow/example_dags/example_dag_decorator.py
[2025-03-01T14:31:06.310+0000] {logging_mixin.py:190} INFO - [2025-03-01T14:31:06.310+0000] {dag.py:3239} INFO - Sync 1 DAGs
[2025-03-01T14:31:06.324+0000] {logging_mixin.py:190} INFO - [2025-03-01T14:31:06.324+0000] {dag.py:4180} INFO - Setting next_dagrun for example_dag_decorator to None, run_after=None
[2025-03-01T14:31:06.355+0000] {processor.py:208} INFO - Processing /home/airflow/.local/lib/python3.12/site-packages/airflow/example_dags/example_dag_decorator.py took 0.312 seconds
[2025-03-01T14:31:36.845+0000] {processor.py:186} INFO - Started process (PID=1809) to work on /home/airflow/.local/lib/python3.12/site-packages/airflow/example_dags/example_dag_decorator.py
[2025-03-01T14:31:36.845+0000] {processor.py:914} INFO - Processing file /home/airflow/.local/lib/python3.12/site-packages/airflow/example_dags/example_dag_decorator.py for tasks to queue
[2025-03-01T14:31:36.847+0000] {logging_mixin.py:190} INFO - [2025-03-01T14:31:36.847+0000] {dagbag.py:588} INFO - Filling up the DagBag from /home/airflow/.local/lib/python3.12/site-packages/airflow/example_dags/example_dag_decorator.py
[2025-03-01T14:31:36.968+0000] {processor.py:925} INFO - DAG(s) 'example_dag_decorator' retrieved from /home/airflow/.local/lib/python3.12/site-packages/airflow/example_dags/example_dag_decorator.py
[2025-03-01T14:31:37.085+0000] {logging_mixin.py:190} INFO - [2025-03-01T14:31:37.084+0000] {dag.py:3239} INFO - Sync 1 DAGs
[2025-03-01T14:31:37.098+0000] {logging_mixin.py:190} INFO - [2025-03-01T14:31:37.098+0000] {dag.py:4180} INFO - Setting next_dagrun for example_dag_decorator to None, run_after=None
[2025-03-01T14:31:37.115+0000] {processor.py:208} INFO - Processing /home/airflow/.local/lib/python3.12/site-packages/airflow/example_dags/example_dag_decorator.py took 0.276 seconds
[2025-03-01T14:32:07.575+0000] {processor.py:186} INFO - Started process (PID=1872) to work on /home/airflow/.local/lib/python3.12/site-packages/airflow/example_dags/example_dag_decorator.py
[2025-03-01T14:32:07.576+0000] {processor.py:914} INFO - Processing file /home/airflow/.local/lib/python3.12/site-packages/airflow/example_dags/example_dag_decorator.py for tasks to queue
[2025-03-01T14:32:07.578+0000] {logging_mixin.py:190} INFO - [2025-03-01T14:32:07.578+0000] {dagbag.py:588} INFO - Filling up the DagBag from /home/airflow/.local/lib/python3.12/site-packages/airflow/example_dags/example_dag_decorator.py
[2025-03-01T14:32:07.692+0000] {processor.py:925} INFO - DAG(s) 'example_dag_decorator' retrieved from /home/airflow/.local/lib/python3.12/site-packages/airflow/example_dags/example_dag_decorator.py
[2025-03-01T14:32:07.808+0000] {logging_mixin.py:190} INFO - [2025-03-01T14:32:07.808+0000] {dag.py:3239} INFO - Sync 1 DAGs
[2025-03-01T14:32:07.821+0000] {logging_mixin.py:190} INFO - [2025-03-01T14:32:07.821+0000] {dag.py:4180} INFO - Setting next_dagrun for example_dag_decorator to None, run_after=None
[2025-03-01T14:32:07.839+0000] {processor.py:208} INFO - Processing /home/airflow/.local/lib/python3.12/site-packages/airflow/example_dags/example_dag_decorator.py took 0.269 seconds
[2025-03-01T14:32:38.540+0000] {processor.py:186} INFO - Started process (PID=1935) to work on /home/airflow/.local/lib/python3.12/site-packages/airflow/example_dags/example_dag_decorator.py
[2025-03-01T14:32:38.543+0000] {processor.py:914} INFO - Processing file /home/airflow/.local/lib/python3.12/site-packages/airflow/example_dags/example_dag_decorator.py for tasks to queue
[2025-03-01T14:32:38.546+0000] {logging_mixin.py:190} INFO - [2025-03-01T14:32:38.546+0000] {dagbag.py:588} INFO - Filling up the DagBag from /home/airflow/.local/lib/python3.12/site-packages/airflow/example_dags/example_dag_decorator.py
[2025-03-01T14:32:38.675+0000] {processor.py:925} INFO - DAG(s) 'example_dag_decorator' retrieved from /home/airflow/.local/lib/python3.12/site-packages/airflow/example_dags/example_dag_decorator.py
[2025-03-01T14:32:38.895+0000] {logging_mixin.py:190} INFO - [2025-03-01T14:32:38.895+0000] {dag.py:3239} INFO - Sync 1 DAGs
[2025-03-01T14:32:38.929+0000] {logging_mixin.py:190} INFO - [2025-03-01T14:32:38.928+0000] {dag.py:4180} INFO - Setting next_dagrun for example_dag_decorator to None, run_after=None
[2025-03-01T14:32:38.991+0000] {processor.py:208} INFO - Processing /home/airflow/.local/lib/python3.12/site-packages/airflow/example_dags/example_dag_decorator.py took 0.456 seconds
[2025-03-01T14:33:09.784+0000] {processor.py:186} INFO - Started process (PID=1998) to work on /home/airflow/.local/lib/python3.12/site-packages/airflow/example_dags/example_dag_decorator.py
[2025-03-01T14:33:09.785+0000] {processor.py:914} INFO - Processing file /home/airflow/.local/lib/python3.12/site-packages/airflow/example_dags/example_dag_decorator.py for tasks to queue
[2025-03-01T14:33:09.787+0000] {logging_mixin.py:190} INFO - [2025-03-01T14:33:09.787+0000] {dagbag.py:588} INFO - Filling up the DagBag from /home/airflow/.local/lib/python3.12/site-packages/airflow/example_dags/example_dag_decorator.py
[2025-03-01T14:33:09.897+0000] {processor.py:925} INFO - DAG(s) 'example_dag_decorator' retrieved from /home/airflow/.local/lib/python3.12/site-packages/airflow/example_dags/example_dag_decorator.py
[2025-03-01T14:33:10.015+0000] {logging_mixin.py:190} INFO - [2025-03-01T14:33:10.015+0000] {dag.py:3239} INFO - Sync 1 DAGs
[2025-03-01T14:33:10.028+0000] {logging_mixin.py:190} INFO - [2025-03-01T14:33:10.028+0000] {dag.py:4180} INFO - Setting next_dagrun for example_dag_decorator to None, run_after=None
[2025-03-01T14:33:10.046+0000] {processor.py:208} INFO - Processing /home/airflow/.local/lib/python3.12/site-packages/airflow/example_dags/example_dag_decorator.py took 0.267 seconds
[2025-03-01T14:33:41.421+0000] {processor.py:186} INFO - Started process (PID=2063) to work on /home/airflow/.local/lib/python3.12/site-packages/airflow/example_dags/example_dag_decorator.py
[2025-03-01T14:33:41.422+0000] {processor.py:914} INFO - Processing file /home/airflow/.local/lib/python3.12/site-packages/airflow/example_dags/example_dag_decorator.py for tasks to queue
[2025-03-01T14:33:41.424+0000] {logging_mixin.py:190} INFO - [2025-03-01T14:33:41.424+0000] {dagbag.py:588} INFO - Filling up the DagBag from /home/airflow/.local/lib/python3.12/site-packages/airflow/example_dags/example_dag_decorator.py
[2025-03-01T14:33:41.536+0000] {processor.py:925} INFO - DAG(s) 'example_dag_decorator' retrieved from /home/airflow/.local/lib/python3.12/site-packages/airflow/example_dags/example_dag_decorator.py
[2025-03-01T14:33:41.635+0000] {logging_mixin.py:190} INFO - [2025-03-01T14:33:41.635+0000] {dag.py:3239} INFO - Sync 1 DAGs
[2025-03-01T14:33:41.648+0000] {logging_mixin.py:190} INFO - [2025-03-01T14:33:41.647+0000] {dag.py:4180} INFO - Setting next_dagrun for example_dag_decorator to None, run_after=None
[2025-03-01T14:33:41.664+0000] {processor.py:208} INFO - Processing /home/airflow/.local/lib/python3.12/site-packages/airflow/example_dags/example_dag_decorator.py took 0.248 seconds
[2025-03-01T14:34:12.169+0000] {processor.py:186} INFO - Started process (PID=2120) to work on /home/airflow/.local/lib/python3.12/site-packages/airflow/example_dags/example_dag_decorator.py
[2025-03-01T14:34:12.170+0000] {processor.py:914} INFO - Processing file /home/airflow/.local/lib/python3.12/site-packages/airflow/example_dags/example_dag_decorator.py for tasks to queue
[2025-03-01T14:34:12.171+0000] {logging_mixin.py:190} INFO - [2025-03-01T14:34:12.171+0000] {dagbag.py:588} INFO - Filling up the DagBag from /home/airflow/.local/lib/python3.12/site-packages/airflow/example_dags/example_dag_decorator.py
[2025-03-01T14:34:12.241+0000] {processor.py:925} INFO - DAG(s) 'example_dag_decorator' retrieved from /home/airflow/.local/lib/python3.12/site-packages/airflow/example_dags/example_dag_decorator.py
[2025-03-01T14:34:12.320+0000] {logging_mixin.py:190} INFO - [2025-03-01T14:34:12.320+0000] {dag.py:3239} INFO - Sync 1 DAGs
[2025-03-01T14:34:12.332+0000] {logging_mixin.py:190} INFO - [2025-03-01T14:34:12.332+0000] {dag.py:4180} INFO - Setting next_dagrun for example_dag_decorator to None, run_after=None
[2025-03-01T14:34:12.360+0000] {processor.py:208} INFO - Processing /home/airflow/.local/lib/python3.12/site-packages/airflow/example_dags/example_dag_decorator.py took 0.195 seconds
[2025-03-01T14:34:42.742+0000] {processor.py:186} INFO - Started process (PID=2180) to work on /home/airflow/.local/lib/python3.12/site-packages/airflow/example_dags/example_dag_decorator.py
[2025-03-01T14:34:42.743+0000] {processor.py:914} INFO - Processing file /home/airflow/.local/lib/python3.12/site-packages/airflow/example_dags/example_dag_decorator.py for tasks to queue
[2025-03-01T14:34:42.745+0000] {logging_mixin.py:190} INFO - [2025-03-01T14:34:42.745+0000] {dagbag.py:588} INFO - Filling up the DagBag from /home/airflow/.local/lib/python3.12/site-packages/airflow/example_dags/example_dag_decorator.py
[2025-03-01T14:34:42.879+0000] {processor.py:925} INFO - DAG(s) 'example_dag_decorator' retrieved from /home/airflow/.local/lib/python3.12/site-packages/airflow/example_dags/example_dag_decorator.py
[2025-03-01T14:34:42.995+0000] {logging_mixin.py:190} INFO - [2025-03-01T14:34:42.995+0000] {dag.py:3239} INFO - Sync 1 DAGs
[2025-03-01T14:34:43.009+0000] {logging_mixin.py:190} INFO - [2025-03-01T14:34:43.009+0000] {dag.py:4180} INFO - Setting next_dagrun for example_dag_decorator to None, run_after=None
[2025-03-01T14:34:43.026+0000] {processor.py:208} INFO - Processing /home/airflow/.local/lib/python3.12/site-packages/airflow/example_dags/example_dag_decorator.py took 0.289 seconds
[2025-03-01T14:35:13.234+0000] {processor.py:186} INFO - Started process (PID=2243) to work on /home/airflow/.local/lib/python3.12/site-packages/airflow/example_dags/example_dag_decorator.py
[2025-03-01T14:35:13.235+0000] {processor.py:914} INFO - Processing file /home/airflow/.local/lib/python3.12/site-packages/airflow/example_dags/example_dag_decorator.py for tasks to queue
[2025-03-01T14:35:13.237+0000] {logging_mixin.py:190} INFO - [2025-03-01T14:35:13.237+0000] {dagbag.py:588} INFO - Filling up the DagBag from /home/airflow/.local/lib/python3.12/site-packages/airflow/example_dags/example_dag_decorator.py
[2025-03-01T14:35:13.383+0000] {processor.py:925} INFO - DAG(s) 'example_dag_decorator' retrieved from /home/airflow/.local/lib/python3.12/site-packages/airflow/example_dags/example_dag_decorator.py
[2025-03-01T14:35:13.432+0000] {logging_mixin.py:190} INFO - [2025-03-01T14:35:13.432+0000] {dag.py:3239} INFO - Sync 1 DAGs
[2025-03-01T14:35:13.449+0000] {logging_mixin.py:190} INFO - [2025-03-01T14:35:13.449+0000] {dag.py:4180} INFO - Setting next_dagrun for example_dag_decorator to None, run_after=None
[2025-03-01T14:35:13.465+0000] {processor.py:208} INFO - Processing /home/airflow/.local/lib/python3.12/site-packages/airflow/example_dags/example_dag_decorator.py took 0.237 seconds
[2025-03-01T14:35:44.578+0000] {processor.py:186} INFO - Started process (PID=2307) to work on /home/airflow/.local/lib/python3.12/site-packages/airflow/example_dags/example_dag_decorator.py
[2025-03-01T14:35:44.578+0000] {processor.py:914} INFO - Processing file /home/airflow/.local/lib/python3.12/site-packages/airflow/example_dags/example_dag_decorator.py for tasks to queue
[2025-03-01T14:35:44.580+0000] {logging_mixin.py:190} INFO - [2025-03-01T14:35:44.580+0000] {dagbag.py:588} INFO - Filling up the DagBag from /home/airflow/.local/lib/python3.12/site-packages/airflow/example_dags/example_dag_decorator.py
[2025-03-01T14:35:44.684+0000] {processor.py:925} INFO - DAG(s) 'example_dag_decorator' retrieved from /home/airflow/.local/lib/python3.12/site-packages/airflow/example_dags/example_dag_decorator.py
[2025-03-01T14:35:44.764+0000] {logging_mixin.py:190} INFO - [2025-03-01T14:35:44.764+0000] {dag.py:3239} INFO - Sync 1 DAGs
[2025-03-01T14:35:44.772+0000] {logging_mixin.py:190} INFO - [2025-03-01T14:35:44.772+0000] {dag.py:4180} INFO - Setting next_dagrun for example_dag_decorator to None, run_after=None
[2025-03-01T14:35:44.785+0000] {processor.py:208} INFO - Processing /home/airflow/.local/lib/python3.12/site-packages/airflow/example_dags/example_dag_decorator.py took 0.217 seconds
[2025-03-01T14:36:15.234+0000] {processor.py:186} INFO - Started process (PID=2367) to work on /home/airflow/.local/lib/python3.12/site-packages/airflow/example_dags/example_dag_decorator.py
[2025-03-01T14:36:15.235+0000] {processor.py:914} INFO - Processing file /home/airflow/.local/lib/python3.12/site-packages/airflow/example_dags/example_dag_decorator.py for tasks to queue
[2025-03-01T14:36:15.237+0000] {logging_mixin.py:190} INFO - [2025-03-01T14:36:15.237+0000] {dagbag.py:588} INFO - Filling up the DagBag from /home/airflow/.local/lib/python3.12/site-packages/airflow/example_dags/example_dag_decorator.py
[2025-03-01T14:36:15.351+0000] {processor.py:925} INFO - DAG(s) 'example_dag_decorator' retrieved from /home/airflow/.local/lib/python3.12/site-packages/airflow/example_dags/example_dag_decorator.py
[2025-03-01T14:36:15.547+0000] {logging_mixin.py:190} INFO - [2025-03-01T14:36:15.547+0000] {dag.py:3239} INFO - Sync 1 DAGs
[2025-03-01T14:36:15.559+0000] {logging_mixin.py:190} INFO - [2025-03-01T14:36:15.559+0000] {dag.py:4180} INFO - Setting next_dagrun for example_dag_decorator to None, run_after=None
[2025-03-01T14:36:15.575+0000] {processor.py:208} INFO - Processing /home/airflow/.local/lib/python3.12/site-packages/airflow/example_dags/example_dag_decorator.py took 0.346 seconds
[2025-03-01T14:36:45.835+0000] {processor.py:186} INFO - Started process (PID=2430) to work on /home/airflow/.local/lib/python3.12/site-packages/airflow/example_dags/example_dag_decorator.py
[2025-03-01T14:36:45.836+0000] {processor.py:914} INFO - Processing file /home/airflow/.local/lib/python3.12/site-packages/airflow/example_dags/example_dag_decorator.py for tasks to queue
[2025-03-01T14:36:45.838+0000] {logging_mixin.py:190} INFO - [2025-03-01T14:36:45.838+0000] {dagbag.py:588} INFO - Filling up the DagBag from /home/airflow/.local/lib/python3.12/site-packages/airflow/example_dags/example_dag_decorator.py
[2025-03-01T14:36:45.909+0000] {processor.py:925} INFO - DAG(s) 'example_dag_decorator' retrieved from /home/airflow/.local/lib/python3.12/site-packages/airflow/example_dags/example_dag_decorator.py
[2025-03-01T14:36:45.992+0000] {logging_mixin.py:190} INFO - [2025-03-01T14:36:45.991+0000] {dag.py:3239} INFO - Sync 1 DAGs
[2025-03-01T14:36:46.002+0000] {logging_mixin.py:190} INFO - [2025-03-01T14:36:46.002+0000] {dag.py:4180} INFO - Setting next_dagrun for example_dag_decorator to None, run_after=None
[2025-03-01T14:36:46.017+0000] {processor.py:208} INFO - Processing /home/airflow/.local/lib/python3.12/site-packages/airflow/example_dags/example_dag_decorator.py took 0.186 seconds
[2025-03-01T14:37:16.594+0000] {processor.py:186} INFO - Started process (PID=2492) to work on /home/airflow/.local/lib/python3.12/site-packages/airflow/example_dags/example_dag_decorator.py
[2025-03-01T14:37:16.594+0000] {processor.py:914} INFO - Processing file /home/airflow/.local/lib/python3.12/site-packages/airflow/example_dags/example_dag_decorator.py for tasks to queue
[2025-03-01T14:37:16.596+0000] {logging_mixin.py:190} INFO - [2025-03-01T14:37:16.596+0000] {dagbag.py:588} INFO - Filling up the DagBag from /home/airflow/.local/lib/python3.12/site-packages/airflow/example_dags/example_dag_decorator.py
[2025-03-01T14:37:16.667+0000] {processor.py:925} INFO - DAG(s) 'example_dag_decorator' retrieved from /home/airflow/.local/lib/python3.12/site-packages/airflow/example_dags/example_dag_decorator.py
[2025-03-01T14:37:16.744+0000] {logging_mixin.py:190} INFO - [2025-03-01T14:37:16.744+0000] {dag.py:3239} INFO - Sync 1 DAGs
[2025-03-01T14:37:16.753+0000] {logging_mixin.py:190} INFO - [2025-03-01T14:37:16.753+0000] {dag.py:4180} INFO - Setting next_dagrun for example_dag_decorator to None, run_after=None
[2025-03-01T14:37:16.767+0000] {processor.py:208} INFO - Processing /home/airflow/.local/lib/python3.12/site-packages/airflow/example_dags/example_dag_decorator.py took 0.177 seconds
[2025-03-01T14:37:47.262+0000] {processor.py:186} INFO - Started process (PID=2556) to work on /home/airflow/.local/lib/python3.12/site-packages/airflow/example_dags/example_dag_decorator.py
[2025-03-01T14:37:47.262+0000] {processor.py:914} INFO - Processing file /home/airflow/.local/lib/python3.12/site-packages/airflow/example_dags/example_dag_decorator.py for tasks to queue
[2025-03-01T14:37:47.264+0000] {logging_mixin.py:190} INFO - [2025-03-01T14:37:47.264+0000] {dagbag.py:588} INFO - Filling up the DagBag from /home/airflow/.local/lib/python3.12/site-packages/airflow/example_dags/example_dag_decorator.py
[2025-03-01T14:37:47.334+0000] {processor.py:925} INFO - DAG(s) 'example_dag_decorator' retrieved from /home/airflow/.local/lib/python3.12/site-packages/airflow/example_dags/example_dag_decorator.py
[2025-03-01T14:37:47.411+0000] {logging_mixin.py:190} INFO - [2025-03-01T14:37:47.411+0000] {dag.py:3239} INFO - Sync 1 DAGs
[2025-03-01T14:37:47.419+0000] {logging_mixin.py:190} INFO - [2025-03-01T14:37:47.419+0000] {dag.py:4180} INFO - Setting next_dagrun for example_dag_decorator to None, run_after=None
[2025-03-01T14:37:47.431+0000] {processor.py:208} INFO - Processing /home/airflow/.local/lib/python3.12/site-packages/airflow/example_dags/example_dag_decorator.py took 0.174 seconds
[2025-03-01T14:38:17.468+0000] {processor.py:186} INFO - Started process (PID=2619) to work on /home/airflow/.local/lib/python3.12/site-packages/airflow/example_dags/example_dag_decorator.py
[2025-03-01T14:38:17.469+0000] {processor.py:914} INFO - Processing file /home/airflow/.local/lib/python3.12/site-packages/airflow/example_dags/example_dag_decorator.py for tasks to queue
[2025-03-01T14:38:17.470+0000] {logging_mixin.py:190} INFO - [2025-03-01T14:38:17.470+0000] {dagbag.py:588} INFO - Filling up the DagBag from /home/airflow/.local/lib/python3.12/site-packages/airflow/example_dags/example_dag_decorator.py
[2025-03-01T14:38:17.548+0000] {processor.py:925} INFO - DAG(s) 'example_dag_decorator' retrieved from /home/airflow/.local/lib/python3.12/site-packages/airflow/example_dags/example_dag_decorator.py
[2025-03-01T14:38:17.626+0000] {logging_mixin.py:190} INFO - [2025-03-01T14:38:17.625+0000] {dag.py:3239} INFO - Sync 1 DAGs
[2025-03-01T14:38:17.634+0000] {logging_mixin.py:190} INFO - [2025-03-01T14:38:17.634+0000] {dag.py:4180} INFO - Setting next_dagrun for example_dag_decorator to None, run_after=None
[2025-03-01T14:38:17.647+0000] {processor.py:208} INFO - Processing /home/airflow/.local/lib/python3.12/site-packages/airflow/example_dags/example_dag_decorator.py took 0.184 seconds
[2025-03-01T14:38:48.608+0000] {processor.py:186} INFO - Started process (PID=2682) to work on /home/airflow/.local/lib/python3.12/site-packages/airflow/example_dags/example_dag_decorator.py
[2025-03-01T14:38:48.608+0000] {processor.py:914} INFO - Processing file /home/airflow/.local/lib/python3.12/site-packages/airflow/example_dags/example_dag_decorator.py for tasks to queue
[2025-03-01T14:38:48.610+0000] {logging_mixin.py:190} INFO - [2025-03-01T14:38:48.610+0000] {dagbag.py:588} INFO - Filling up the DagBag from /home/airflow/.local/lib/python3.12/site-packages/airflow/example_dags/example_dag_decorator.py
[2025-03-01T14:38:48.683+0000] {processor.py:925} INFO - DAG(s) 'example_dag_decorator' retrieved from /home/airflow/.local/lib/python3.12/site-packages/airflow/example_dags/example_dag_decorator.py
[2025-03-01T14:38:48.760+0000] {logging_mixin.py:190} INFO - [2025-03-01T14:38:48.759+0000] {dag.py:3239} INFO - Sync 1 DAGs
[2025-03-01T14:38:48.769+0000] {logging_mixin.py:190} INFO - [2025-03-01T14:38:48.768+0000] {dag.py:4180} INFO - Setting next_dagrun for example_dag_decorator to None, run_after=None
[2025-03-01T14:38:48.781+0000] {processor.py:208} INFO - Processing /home/airflow/.local/lib/python3.12/site-packages/airflow/example_dags/example_dag_decorator.py took 0.177 seconds
[2025-03-01T14:39:18.941+0000] {processor.py:186} INFO - Started process (PID=2746) to work on /home/airflow/.local/lib/python3.12/site-packages/airflow/example_dags/example_dag_decorator.py
[2025-03-01T14:39:18.941+0000] {processor.py:914} INFO - Processing file /home/airflow/.local/lib/python3.12/site-packages/airflow/example_dags/example_dag_decorator.py for tasks to queue
[2025-03-01T14:39:18.943+0000] {logging_mixin.py:190} INFO - [2025-03-01T14:39:18.943+0000] {dagbag.py:588} INFO - Filling up the DagBag from /home/airflow/.local/lib/python3.12/site-packages/airflow/example_dags/example_dag_decorator.py
[2025-03-01T14:39:19.014+0000] {processor.py:925} INFO - DAG(s) 'example_dag_decorator' retrieved from /home/airflow/.local/lib/python3.12/site-packages/airflow/example_dags/example_dag_decorator.py
[2025-03-01T14:39:19.094+0000] {logging_mixin.py:190} INFO - [2025-03-01T14:39:19.094+0000] {dag.py:3239} INFO - Sync 1 DAGs
[2025-03-01T14:39:19.104+0000] {logging_mixin.py:190} INFO - [2025-03-01T14:39:19.104+0000] {dag.py:4180} INFO - Setting next_dagrun for example_dag_decorator to None, run_after=None
[2025-03-01T14:39:19.118+0000] {processor.py:208} INFO - Processing /home/airflow/.local/lib/python3.12/site-packages/airflow/example_dags/example_dag_decorator.py took 0.181 seconds
[2025-03-01T14:39:49.597+0000] {processor.py:186} INFO - Started process (PID=2809) to work on /home/airflow/.local/lib/python3.12/site-packages/airflow/example_dags/example_dag_decorator.py
[2025-03-01T14:39:49.597+0000] {processor.py:914} INFO - Processing file /home/airflow/.local/lib/python3.12/site-packages/airflow/example_dags/example_dag_decorator.py for tasks to queue
[2025-03-01T14:39:49.600+0000] {logging_mixin.py:190} INFO - [2025-03-01T14:39:49.600+0000] {dagbag.py:588} INFO - Filling up the DagBag from /home/airflow/.local/lib/python3.12/site-packages/airflow/example_dags/example_dag_decorator.py
[2025-03-01T14:39:49.703+0000] {processor.py:925} INFO - DAG(s) 'example_dag_decorator' retrieved from /home/airflow/.local/lib/python3.12/site-packages/airflow/example_dags/example_dag_decorator.py
[2025-03-01T14:39:49.782+0000] {logging_mixin.py:190} INFO - [2025-03-01T14:39:49.782+0000] {dag.py:3239} INFO - Sync 1 DAGs
[2025-03-01T14:39:49.791+0000] {logging_mixin.py:190} INFO - [2025-03-01T14:39:49.790+0000] {dag.py:4180} INFO - Setting next_dagrun for example_dag_decorator to None, run_after=None
[2025-03-01T14:39:49.803+0000] {processor.py:208} INFO - Processing /home/airflow/.local/lib/python3.12/site-packages/airflow/example_dags/example_dag_decorator.py took 0.212 seconds
[2025-03-01T14:40:19.862+0000] {processor.py:186} INFO - Started process (PID=2873) to work on /home/airflow/.local/lib/python3.12/site-packages/airflow/example_dags/example_dag_decorator.py
[2025-03-01T14:40:19.863+0000] {processor.py:914} INFO - Processing file /home/airflow/.local/lib/python3.12/site-packages/airflow/example_dags/example_dag_decorator.py for tasks to queue
[2025-03-01T14:40:19.865+0000] {logging_mixin.py:190} INFO - [2025-03-01T14:40:19.865+0000] {dagbag.py:588} INFO - Filling up the DagBag from /home/airflow/.local/lib/python3.12/site-packages/airflow/example_dags/example_dag_decorator.py
[2025-03-01T14:40:19.937+0000] {processor.py:925} INFO - DAG(s) 'example_dag_decorator' retrieved from /home/airflow/.local/lib/python3.12/site-packages/airflow/example_dags/example_dag_decorator.py
[2025-03-01T14:40:20.014+0000] {logging_mixin.py:190} INFO - [2025-03-01T14:40:20.014+0000] {dag.py:3239} INFO - Sync 1 DAGs
[2025-03-01T14:40:20.023+0000] {logging_mixin.py:190} INFO - [2025-03-01T14:40:20.023+0000] {dag.py:4180} INFO - Setting next_dagrun for example_dag_decorator to None, run_after=None
[2025-03-01T14:40:20.038+0000] {processor.py:208} INFO - Processing /home/airflow/.local/lib/python3.12/site-packages/airflow/example_dags/example_dag_decorator.py took 0.180 seconds
[2025-03-01T14:40:50.329+0000] {processor.py:186} INFO - Started process (PID=2936) to work on /home/airflow/.local/lib/python3.12/site-packages/airflow/example_dags/example_dag_decorator.py
[2025-03-01T14:40:50.330+0000] {processor.py:914} INFO - Processing file /home/airflow/.local/lib/python3.12/site-packages/airflow/example_dags/example_dag_decorator.py for tasks to queue
[2025-03-01T14:40:50.333+0000] {logging_mixin.py:190} INFO - [2025-03-01T14:40:50.333+0000] {dagbag.py:588} INFO - Filling up the DagBag from /home/airflow/.local/lib/python3.12/site-packages/airflow/example_dags/example_dag_decorator.py
[2025-03-01T14:40:50.460+0000] {processor.py:925} INFO - DAG(s) 'example_dag_decorator' retrieved from /home/airflow/.local/lib/python3.12/site-packages/airflow/example_dags/example_dag_decorator.py
[2025-03-01T14:40:50.487+0000] {logging_mixin.py:190} INFO - [2025-03-01T14:40:50.487+0000] {dag.py:3239} INFO - Sync 1 DAGs
[2025-03-01T14:40:50.504+0000] {logging_mixin.py:190} INFO - [2025-03-01T14:40:50.504+0000] {dag.py:4180} INFO - Setting next_dagrun for example_dag_decorator to None, run_after=None
[2025-03-01T14:40:50.521+0000] {processor.py:208} INFO - Processing /home/airflow/.local/lib/python3.12/site-packages/airflow/example_dags/example_dag_decorator.py took 0.197 seconds
[2025-03-01T14:41:20.999+0000] {processor.py:186} INFO - Started process (PID=2999) to work on /home/airflow/.local/lib/python3.12/site-packages/airflow/example_dags/example_dag_decorator.py
[2025-03-01T14:41:21.000+0000] {processor.py:914} INFO - Processing file /home/airflow/.local/lib/python3.12/site-packages/airflow/example_dags/example_dag_decorator.py for tasks to queue
[2025-03-01T14:41:21.002+0000] {logging_mixin.py:190} INFO - [2025-03-01T14:41:21.002+0000] {dagbag.py:588} INFO - Filling up the DagBag from /home/airflow/.local/lib/python3.12/site-packages/airflow/example_dags/example_dag_decorator.py
[2025-03-01T14:41:21.073+0000] {processor.py:925} INFO - DAG(s) 'example_dag_decorator' retrieved from /home/airflow/.local/lib/python3.12/site-packages/airflow/example_dags/example_dag_decorator.py
[2025-03-01T14:41:21.151+0000] {logging_mixin.py:190} INFO - [2025-03-01T14:41:21.151+0000] {dag.py:3239} INFO - Sync 1 DAGs
[2025-03-01T14:41:21.160+0000] {logging_mixin.py:190} INFO - [2025-03-01T14:41:21.160+0000] {dag.py:4180} INFO - Setting next_dagrun for example_dag_decorator to None, run_after=None
[2025-03-01T14:41:21.325+0000] {processor.py:208} INFO - Processing /home/airflow/.local/lib/python3.12/site-packages/airflow/example_dags/example_dag_decorator.py took 0.329 seconds
[2025-03-01T14:41:51.619+0000] {processor.py:186} INFO - Started process (PID=3062) to work on /home/airflow/.local/lib/python3.12/site-packages/airflow/example_dags/example_dag_decorator.py
[2025-03-01T14:41:51.620+0000] {processor.py:914} INFO - Processing file /home/airflow/.local/lib/python3.12/site-packages/airflow/example_dags/example_dag_decorator.py for tasks to queue
[2025-03-01T14:41:51.622+0000] {logging_mixin.py:190} INFO - [2025-03-01T14:41:51.622+0000] {dagbag.py:588} INFO - Filling up the DagBag from /home/airflow/.local/lib/python3.12/site-packages/airflow/example_dags/example_dag_decorator.py
[2025-03-01T14:41:51.700+0000] {processor.py:925} INFO - DAG(s) 'example_dag_decorator' retrieved from /home/airflow/.local/lib/python3.12/site-packages/airflow/example_dags/example_dag_decorator.py
[2025-03-01T14:41:51.776+0000] {logging_mixin.py:190} INFO - [2025-03-01T14:41:51.776+0000] {dag.py:3239} INFO - Sync 1 DAGs
[2025-03-01T14:41:51.785+0000] {logging_mixin.py:190} INFO - [2025-03-01T14:41:51.785+0000] {dag.py:4180} INFO - Setting next_dagrun for example_dag_decorator to None, run_after=None
[2025-03-01T14:41:51.798+0000] {processor.py:208} INFO - Processing /home/airflow/.local/lib/python3.12/site-packages/airflow/example_dags/example_dag_decorator.py took 0.183 seconds
[2025-03-01T14:42:22.144+0000] {processor.py:186} INFO - Started process (PID=3124) to work on /home/airflow/.local/lib/python3.12/site-packages/airflow/example_dags/example_dag_decorator.py
[2025-03-01T14:42:22.144+0000] {processor.py:914} INFO - Processing file /home/airflow/.local/lib/python3.12/site-packages/airflow/example_dags/example_dag_decorator.py for tasks to queue
[2025-03-01T14:42:22.146+0000] {logging_mixin.py:190} INFO - [2025-03-01T14:42:22.146+0000] {dagbag.py:588} INFO - Filling up the DagBag from /home/airflow/.local/lib/python3.12/site-packages/airflow/example_dags/example_dag_decorator.py
[2025-03-01T14:42:22.217+0000] {processor.py:925} INFO - DAG(s) 'example_dag_decorator' retrieved from /home/airflow/.local/lib/python3.12/site-packages/airflow/example_dags/example_dag_decorator.py
[2025-03-01T14:42:22.488+0000] {logging_mixin.py:190} INFO - [2025-03-01T14:42:22.488+0000] {dag.py:3239} INFO - Sync 1 DAGs
[2025-03-01T14:42:22.501+0000] {logging_mixin.py:190} INFO - [2025-03-01T14:42:22.501+0000] {dag.py:4180} INFO - Setting next_dagrun for example_dag_decorator to None, run_after=None
[2025-03-01T14:42:22.518+0000] {processor.py:208} INFO - Processing /home/airflow/.local/lib/python3.12/site-packages/airflow/example_dags/example_dag_decorator.py took 0.379 seconds
[2025-03-01T14:42:53.417+0000] {processor.py:186} INFO - Started process (PID=3187) to work on /home/airflow/.local/lib/python3.12/site-packages/airflow/example_dags/example_dag_decorator.py
[2025-03-01T14:42:53.417+0000] {processor.py:914} INFO - Processing file /home/airflow/.local/lib/python3.12/site-packages/airflow/example_dags/example_dag_decorator.py for tasks to queue
[2025-03-01T14:42:53.419+0000] {logging_mixin.py:190} INFO - [2025-03-01T14:42:53.419+0000] {dagbag.py:588} INFO - Filling up the DagBag from /home/airflow/.local/lib/python3.12/site-packages/airflow/example_dags/example_dag_decorator.py
[2025-03-01T14:42:53.490+0000] {processor.py:925} INFO - DAG(s) 'example_dag_decorator' retrieved from /home/airflow/.local/lib/python3.12/site-packages/airflow/example_dags/example_dag_decorator.py
[2025-03-01T14:42:53.730+0000] {logging_mixin.py:190} INFO - [2025-03-01T14:42:53.730+0000] {dag.py:3239} INFO - Sync 1 DAGs
[2025-03-01T14:42:53.738+0000] {logging_mixin.py:190} INFO - [2025-03-01T14:42:53.738+0000] {dag.py:4180} INFO - Setting next_dagrun for example_dag_decorator to None, run_after=None
[2025-03-01T14:42:53.749+0000] {processor.py:208} INFO - Processing /home/airflow/.local/lib/python3.12/site-packages/airflow/example_dags/example_dag_decorator.py took 0.337 seconds
[2025-03-01T14:43:24.691+0000] {processor.py:186} INFO - Started process (PID=3250) to work on /home/airflow/.local/lib/python3.12/site-packages/airflow/example_dags/example_dag_decorator.py
[2025-03-01T14:43:24.692+0000] {processor.py:914} INFO - Processing file /home/airflow/.local/lib/python3.12/site-packages/airflow/example_dags/example_dag_decorator.py for tasks to queue
[2025-03-01T14:43:24.694+0000] {logging_mixin.py:190} INFO - [2025-03-01T14:43:24.694+0000] {dagbag.py:588} INFO - Filling up the DagBag from /home/airflow/.local/lib/python3.12/site-packages/airflow/example_dags/example_dag_decorator.py
[2025-03-01T14:43:24.772+0000] {processor.py:925} INFO - DAG(s) 'example_dag_decorator' retrieved from /home/airflow/.local/lib/python3.12/site-packages/airflow/example_dags/example_dag_decorator.py
[2025-03-01T14:43:24.979+0000] {logging_mixin.py:190} INFO - [2025-03-01T14:43:24.978+0000] {dag.py:3239} INFO - Sync 1 DAGs
[2025-03-01T14:43:24.988+0000] {logging_mixin.py:190} INFO - [2025-03-01T14:43:24.988+0000] {dag.py:4180} INFO - Setting next_dagrun for example_dag_decorator to None, run_after=None
[2025-03-01T14:43:25.000+0000] {processor.py:208} INFO - Processing /home/airflow/.local/lib/python3.12/site-packages/airflow/example_dags/example_dag_decorator.py took 0.320 seconds
[2025-03-01T14:43:55.940+0000] {processor.py:186} INFO - Started process (PID=3314) to work on /home/airflow/.local/lib/python3.12/site-packages/airflow/example_dags/example_dag_decorator.py
[2025-03-01T14:43:55.940+0000] {processor.py:914} INFO - Processing file /home/airflow/.local/lib/python3.12/site-packages/airflow/example_dags/example_dag_decorator.py for tasks to queue
[2025-03-01T14:43:55.955+0000] {logging_mixin.py:190} INFO - [2025-03-01T14:43:55.954+0000] {dagbag.py:588} INFO - Filling up the DagBag from /home/airflow/.local/lib/python3.12/site-packages/airflow/example_dags/example_dag_decorator.py
[2025-03-01T14:43:56.098+0000] {processor.py:925} INFO - DAG(s) 'example_dag_decorator' retrieved from /home/airflow/.local/lib/python3.12/site-packages/airflow/example_dags/example_dag_decorator.py
[2025-03-01T14:43:56.408+0000] {logging_mixin.py:190} INFO - [2025-03-01T14:43:56.408+0000] {dag.py:3239} INFO - Sync 1 DAGs
[2025-03-01T14:43:56.420+0000] {logging_mixin.py:190} INFO - [2025-03-01T14:43:56.420+0000] {dag.py:4180} INFO - Setting next_dagrun for example_dag_decorator to None, run_after=None
[2025-03-01T14:43:56.436+0000] {processor.py:208} INFO - Processing /home/airflow/.local/lib/python3.12/site-packages/airflow/example_dags/example_dag_decorator.py took 0.514 seconds
[2025-03-01T14:44:27.363+0000] {processor.py:186} INFO - Started process (PID=3378) to work on /home/airflow/.local/lib/python3.12/site-packages/airflow/example_dags/example_dag_decorator.py
[2025-03-01T14:44:27.364+0000] {processor.py:914} INFO - Processing file /home/airflow/.local/lib/python3.12/site-packages/airflow/example_dags/example_dag_decorator.py for tasks to queue
[2025-03-01T14:44:27.366+0000] {logging_mixin.py:190} INFO - [2025-03-01T14:44:27.365+0000] {dagbag.py:588} INFO - Filling up the DagBag from /home/airflow/.local/lib/python3.12/site-packages/airflow/example_dags/example_dag_decorator.py
[2025-03-01T14:44:27.434+0000] {processor.py:925} INFO - DAG(s) 'example_dag_decorator' retrieved from /home/airflow/.local/lib/python3.12/site-packages/airflow/example_dags/example_dag_decorator.py
[2025-03-01T14:44:27.720+0000] {logging_mixin.py:190} INFO - [2025-03-01T14:44:27.720+0000] {dag.py:3239} INFO - Sync 1 DAGs
[2025-03-01T14:44:27.732+0000] {logging_mixin.py:190} INFO - [2025-03-01T14:44:27.732+0000] {dag.py:4180} INFO - Setting next_dagrun for example_dag_decorator to None, run_after=None
[2025-03-01T14:44:27.748+0000] {processor.py:208} INFO - Processing /home/airflow/.local/lib/python3.12/site-packages/airflow/example_dags/example_dag_decorator.py took 0.389 seconds
[2025-03-01T14:44:58.687+0000] {processor.py:186} INFO - Started process (PID=3441) to work on /home/airflow/.local/lib/python3.12/site-packages/airflow/example_dags/example_dag_decorator.py
[2025-03-01T14:44:58.690+0000] {processor.py:914} INFO - Processing file /home/airflow/.local/lib/python3.12/site-packages/airflow/example_dags/example_dag_decorator.py for tasks to queue
[2025-03-01T14:44:58.701+0000] {logging_mixin.py:190} INFO - [2025-03-01T14:44:58.700+0000] {dagbag.py:588} INFO - Filling up the DagBag from /home/airflow/.local/lib/python3.12/site-packages/airflow/example_dags/example_dag_decorator.py
[2025-03-01T14:44:58.867+0000] {processor.py:925} INFO - DAG(s) 'example_dag_decorator' retrieved from /home/airflow/.local/lib/python3.12/site-packages/airflow/example_dags/example_dag_decorator.py
[2025-03-01T14:44:59.326+0000] {logging_mixin.py:190} INFO - [2025-03-01T14:44:59.325+0000] {dag.py:3239} INFO - Sync 1 DAGs
[2025-03-01T14:44:59.344+0000] {logging_mixin.py:190} INFO - [2025-03-01T14:44:59.341+0000] {dag.py:4180} INFO - Setting next_dagrun for example_dag_decorator to None, run_after=None
[2025-03-01T14:44:59.377+0000] {processor.py:208} INFO - Processing /home/airflow/.local/lib/python3.12/site-packages/airflow/example_dags/example_dag_decorator.py took 0.696 seconds
[2025-03-01T14:45:29.793+0000] {processor.py:186} INFO - Started process (PID=3505) to work on /home/airflow/.local/lib/python3.12/site-packages/airflow/example_dags/example_dag_decorator.py
[2025-03-01T14:45:29.794+0000] {processor.py:914} INFO - Processing file /home/airflow/.local/lib/python3.12/site-packages/airflow/example_dags/example_dag_decorator.py for tasks to queue
[2025-03-01T14:45:29.796+0000] {logging_mixin.py:190} INFO - [2025-03-01T14:45:29.796+0000] {dagbag.py:588} INFO - Filling up the DagBag from /home/airflow/.local/lib/python3.12/site-packages/airflow/example_dags/example_dag_decorator.py
[2025-03-01T14:45:30.066+0000] {processor.py:925} INFO - DAG(s) 'example_dag_decorator' retrieved from /home/airflow/.local/lib/python3.12/site-packages/airflow/example_dags/example_dag_decorator.py
[2025-03-01T14:45:30.577+0000] {logging_mixin.py:190} INFO - [2025-03-01T14:45:30.577+0000] {dag.py:3239} INFO - Sync 1 DAGs
[2025-03-01T14:45:30.591+0000] {logging_mixin.py:190} INFO - [2025-03-01T14:45:30.591+0000] {dag.py:4180} INFO - Setting next_dagrun for example_dag_decorator to None, run_after=None
[2025-03-01T14:45:30.615+0000] {processor.py:208} INFO - Processing /home/airflow/.local/lib/python3.12/site-packages/airflow/example_dags/example_dag_decorator.py took 0.828 seconds
[2025-03-01T14:46:05.411+0000] {processor.py:186} INFO - Started process (PID=3578) to work on /home/airflow/.local/lib/python3.12/site-packages/airflow/example_dags/example_dag_decorator.py
[2025-03-01T14:46:05.430+0000] {processor.py:914} INFO - Processing file /home/airflow/.local/lib/python3.12/site-packages/airflow/example_dags/example_dag_decorator.py for tasks to queue
[2025-03-01T14:46:05.432+0000] {logging_mixin.py:190} INFO - [2025-03-01T14:46:05.432+0000] {dagbag.py:588} INFO - Filling up the DagBag from /home/airflow/.local/lib/python3.12/site-packages/airflow/example_dags/example_dag_decorator.py
[2025-03-01T14:46:06.537+0000] {processor.py:925} INFO - DAG(s) 'example_dag_decorator' retrieved from /home/airflow/.local/lib/python3.12/site-packages/airflow/example_dags/example_dag_decorator.py
[2025-03-01T14:46:08.843+0000] {logging_mixin.py:190} INFO - [2025-03-01T14:46:08.842+0000] {dag.py:3239} INFO - Sync 1 DAGs
[2025-03-01T14:46:08.879+0000] {logging_mixin.py:190} INFO - [2025-03-01T14:46:08.879+0000] {dag.py:4180} INFO - Setting next_dagrun for example_dag_decorator to None, run_after=None
[2025-03-01T14:46:09.072+0000] {processor.py:208} INFO - Processing /home/airflow/.local/lib/python3.12/site-packages/airflow/example_dags/example_dag_decorator.py took 3.759 seconds
[2025-03-01T14:46:57.321+0000] {processor.py:186} INFO - Started process (PID=3651) to work on /home/airflow/.local/lib/python3.12/site-packages/airflow/example_dags/example_dag_decorator.py
[2025-03-01T14:46:57.516+0000] {processor.py:914} INFO - Processing file /home/airflow/.local/lib/python3.12/site-packages/airflow/example_dags/example_dag_decorator.py for tasks to queue
[2025-03-01T14:46:57.527+0000] {logging_mixin.py:190} INFO - [2025-03-01T14:46:57.527+0000] {dagbag.py:588} INFO - Filling up the DagBag from /home/airflow/.local/lib/python3.12/site-packages/airflow/example_dags/example_dag_decorator.py
[2025-03-01T14:46:59.085+0000] {processor.py:925} INFO - DAG(s) 'example_dag_decorator' retrieved from /home/airflow/.local/lib/python3.12/site-packages/airflow/example_dags/example_dag_decorator.py
[2025-03-01T14:47:01.387+0000] {logging_mixin.py:190} INFO - [2025-03-01T14:47:01.385+0000] {dag.py:3239} INFO - Sync 1 DAGs
[2025-03-01T14:47:01.433+0000] {logging_mixin.py:190} INFO - [2025-03-01T14:47:01.433+0000] {dag.py:4180} INFO - Setting next_dagrun for example_dag_decorator to None, run_after=None
[2025-03-01T14:47:01.547+0000] {processor.py:208} INFO - Processing /home/airflow/.local/lib/python3.12/site-packages/airflow/example_dags/example_dag_decorator.py took 4.547 seconds
[2025-03-01T14:47:39.748+0000] {processor.py:186} INFO - Started process (PID=3720) to work on /home/airflow/.local/lib/python3.12/site-packages/airflow/example_dags/example_dag_decorator.py
[2025-03-01T14:47:39.767+0000] {processor.py:914} INFO - Processing file /home/airflow/.local/lib/python3.12/site-packages/airflow/example_dags/example_dag_decorator.py for tasks to queue
[2025-03-01T14:47:39.785+0000] {logging_mixin.py:190} INFO - [2025-03-01T14:47:39.784+0000] {dagbag.py:588} INFO - Filling up the DagBag from /home/airflow/.local/lib/python3.12/site-packages/airflow/example_dags/example_dag_decorator.py
[2025-03-01T14:47:42.166+0000] {processor.py:925} INFO - DAG(s) 'example_dag_decorator' retrieved from /home/airflow/.local/lib/python3.12/site-packages/airflow/example_dags/example_dag_decorator.py
[2025-03-01T14:47:43.051+0000] {logging_mixin.py:190} INFO - [2025-03-01T14:47:43.051+0000] {dag.py:3239} INFO - Sync 1 DAGs
[2025-03-01T14:47:43.106+0000] {logging_mixin.py:190} INFO - [2025-03-01T14:47:43.097+0000] {dag.py:4180} INFO - Setting next_dagrun for example_dag_decorator to None, run_after=None
[2025-03-01T14:47:43.236+0000] {processor.py:208} INFO - Processing /home/airflow/.local/lib/python3.12/site-packages/airflow/example_dags/example_dag_decorator.py took 3.551 seconds
