[2025-03-01T14:17:26.714+0000] {processor.py:186} INFO - Started process (PID=63) to work on /home/airflow/.local/lib/python3.12/site-packages/airflow/example_dags/example_branch_operator.py
[2025-03-01T14:17:26.715+0000] {processor.py:914} INFO - Processing file /home/airflow/.local/lib/python3.12/site-packages/airflow/example_dags/example_branch_operator.py for tasks to queue
[2025-03-01T14:17:26.762+0000] {logging_mixin.py:190} INFO - [2025-03-01T14:17:26.717+0000] {dagbag.py:588} INFO - Filling up the DagBag from /home/airflow/.local/lib/python3.12/site-packages/airflow/example_dags/example_branch_operator.py
[2025-03-01T14:17:27.034+0000] {processor.py:925} INFO - DAG(s) 'example_branch_operator' retrieved from /home/airflow/.local/lib/python3.12/site-packages/airflow/example_dags/example_branch_operator.py
[2025-03-01T14:17:28.562+0000] {logging_mixin.py:190} INFO - [2025-03-01T14:17:28.562+0000] {override.py:1912} INFO - Created Permission View: can edit on DAG:example_branch_operator
[2025-03-01T14:17:28.614+0000] {logging_mixin.py:190} INFO - [2025-03-01T14:17:28.613+0000] {override.py:1912} INFO - Created Permission View: can read on DAG:example_branch_operator
[2025-03-01T14:17:28.627+0000] {logging_mixin.py:190} INFO - [2025-03-01T14:17:28.627+0000] {override.py:1912} INFO - Created Permission View: can delete on DAG:example_branch_operator
[2025-03-01T14:17:28.633+0000] {logging_mixin.py:190} INFO - [2025-03-01T14:17:28.633+0000] {override.py:1912} INFO - Created Permission View: menu access on DAG Run:example_branch_operator
[2025-03-01T14:17:28.649+0000] {logging_mixin.py:190} INFO - [2025-03-01T14:17:28.649+0000] {override.py:1912} INFO - Created Permission View: can read on DAG Run:example_branch_operator
[2025-03-01T14:17:28.670+0000] {logging_mixin.py:190} INFO - [2025-03-01T14:17:28.670+0000] {override.py:1912} INFO - Created Permission View: can create on DAG Run:example_branch_operator
[2025-03-01T14:17:28.690+0000] {logging_mixin.py:190} INFO - [2025-03-01T14:17:28.690+0000] {override.py:1912} INFO - Created Permission View: can delete on DAG Run:example_branch_operator
[2025-03-01T14:17:28.691+0000] {logging_mixin.py:190} INFO - [2025-03-01T14:17:28.691+0000] {dag.py:3239} INFO - Sync 1 DAGs
[2025-03-01T14:17:28.727+0000] {logging_mixin.py:190} INFO - [2025-03-01T14:17:28.727+0000] {dag.py:3262} INFO - Creating ORM DAG for example_branch_operator
[2025-03-01T14:17:28.743+0000] {logging_mixin.py:190} INFO - [2025-03-01T14:17:28.742+0000] {dag.py:4180} INFO - Setting next_dagrun for example_branch_operator to 2025-02-28 00:00:00+00:00, run_after=2025-03-01 00:00:00+00:00
[2025-03-01T14:17:28.781+0000] {processor.py:208} INFO - Processing /home/airflow/.local/lib/python3.12/site-packages/airflow/example_dags/example_branch_operator.py took 2.123 seconds
[2025-03-01T14:17:58.970+0000] {processor.py:186} INFO - Started process (PID=131) to work on /home/airflow/.local/lib/python3.12/site-packages/airflow/example_dags/example_branch_operator.py
[2025-03-01T14:17:58.977+0000] {processor.py:914} INFO - Processing file /home/airflow/.local/lib/python3.12/site-packages/airflow/example_dags/example_branch_operator.py for tasks to queue
[2025-03-01T14:17:58.979+0000] {logging_mixin.py:190} INFO - [2025-03-01T14:17:58.979+0000] {dagbag.py:588} INFO - Filling up the DagBag from /home/airflow/.local/lib/python3.12/site-packages/airflow/example_dags/example_branch_operator.py
[2025-03-01T14:17:59.031+0000] {processor.py:925} INFO - DAG(s) 'example_branch_operator' retrieved from /home/airflow/.local/lib/python3.12/site-packages/airflow/example_dags/example_branch_operator.py
[2025-03-01T14:17:59.110+0000] {logging_mixin.py:190} INFO - [2025-03-01T14:17:59.109+0000] {dag.py:3239} INFO - Sync 1 DAGs
[2025-03-01T14:17:59.140+0000] {logging_mixin.py:190} INFO - [2025-03-01T14:17:59.139+0000] {dag.py:4180} INFO - Setting next_dagrun for example_branch_operator to 2025-02-28 00:00:00+00:00, run_after=2025-03-01 00:00:00+00:00
[2025-03-01T14:17:59.195+0000] {processor.py:208} INFO - Processing /home/airflow/.local/lib/python3.12/site-packages/airflow/example_dags/example_branch_operator.py took 0.231 seconds
[2025-03-01T14:18:29.834+0000] {processor.py:186} INFO - Started process (PID=191) to work on /home/airflow/.local/lib/python3.12/site-packages/airflow/example_dags/example_branch_operator.py
[2025-03-01T14:18:29.834+0000] {processor.py:914} INFO - Processing file /home/airflow/.local/lib/python3.12/site-packages/airflow/example_dags/example_branch_operator.py for tasks to queue
[2025-03-01T14:18:29.836+0000] {logging_mixin.py:190} INFO - [2025-03-01T14:18:29.836+0000] {dagbag.py:588} INFO - Filling up the DagBag from /home/airflow/.local/lib/python3.12/site-packages/airflow/example_dags/example_branch_operator.py
[2025-03-01T14:18:29.858+0000] {processor.py:925} INFO - DAG(s) 'example_branch_operator' retrieved from /home/airflow/.local/lib/python3.12/site-packages/airflow/example_dags/example_branch_operator.py
[2025-03-01T14:18:29.888+0000] {logging_mixin.py:190} INFO - [2025-03-01T14:18:29.888+0000] {dag.py:3239} INFO - Sync 1 DAGs
[2025-03-01T14:18:29.913+0000] {logging_mixin.py:190} INFO - [2025-03-01T14:18:29.913+0000] {dag.py:4180} INFO - Setting next_dagrun for example_branch_operator to 2025-02-28 00:00:00+00:00, run_after=2025-03-01 00:00:00+00:00
[2025-03-01T14:18:29.927+0000] {processor.py:208} INFO - Processing /home/airflow/.local/lib/python3.12/site-packages/airflow/example_dags/example_branch_operator.py took 0.099 seconds
[2025-03-01T14:19:00.092+0000] {processor.py:186} INFO - Started process (PID=254) to work on /home/airflow/.local/lib/python3.12/site-packages/airflow/example_dags/example_branch_operator.py
[2025-03-01T14:19:00.093+0000] {processor.py:914} INFO - Processing file /home/airflow/.local/lib/python3.12/site-packages/airflow/example_dags/example_branch_operator.py for tasks to queue
[2025-03-01T14:19:00.095+0000] {logging_mixin.py:190} INFO - [2025-03-01T14:19:00.095+0000] {dagbag.py:588} INFO - Filling up the DagBag from /home/airflow/.local/lib/python3.12/site-packages/airflow/example_dags/example_branch_operator.py
[2025-03-01T14:19:00.117+0000] {processor.py:925} INFO - DAG(s) 'example_branch_operator' retrieved from /home/airflow/.local/lib/python3.12/site-packages/airflow/example_dags/example_branch_operator.py
[2025-03-01T14:19:00.155+0000] {logging_mixin.py:190} INFO - [2025-03-01T14:19:00.154+0000] {dag.py:3239} INFO - Sync 1 DAGs
[2025-03-01T14:19:00.180+0000] {logging_mixin.py:190} INFO - [2025-03-01T14:19:00.179+0000] {dag.py:4180} INFO - Setting next_dagrun for example_branch_operator to 2025-02-28 00:00:00+00:00, run_after=2025-03-01 00:00:00+00:00
[2025-03-01T14:19:00.195+0000] {processor.py:208} INFO - Processing /home/airflow/.local/lib/python3.12/site-packages/airflow/example_dags/example_branch_operator.py took 0.108 seconds
[2025-03-01T14:19:30.853+0000] {processor.py:186} INFO - Started process (PID=317) to work on /home/airflow/.local/lib/python3.12/site-packages/airflow/example_dags/example_branch_operator.py
[2025-03-01T14:19:30.854+0000] {processor.py:914} INFO - Processing file /home/airflow/.local/lib/python3.12/site-packages/airflow/example_dags/example_branch_operator.py for tasks to queue
[2025-03-01T14:19:30.856+0000] {logging_mixin.py:190} INFO - [2025-03-01T14:19:30.856+0000] {dagbag.py:588} INFO - Filling up the DagBag from /home/airflow/.local/lib/python3.12/site-packages/airflow/example_dags/example_branch_operator.py
[2025-03-01T14:19:30.876+0000] {processor.py:925} INFO - DAG(s) 'example_branch_operator' retrieved from /home/airflow/.local/lib/python3.12/site-packages/airflow/example_dags/example_branch_operator.py
[2025-03-01T14:19:30.908+0000] {logging_mixin.py:190} INFO - [2025-03-01T14:19:30.907+0000] {dag.py:3239} INFO - Sync 1 DAGs
[2025-03-01T14:19:30.933+0000] {logging_mixin.py:190} INFO - [2025-03-01T14:19:30.933+0000] {dag.py:4180} INFO - Setting next_dagrun for example_branch_operator to 2025-02-28 00:00:00+00:00, run_after=2025-03-01 00:00:00+00:00
[2025-03-01T14:19:30.948+0000] {processor.py:208} INFO - Processing /home/airflow/.local/lib/python3.12/site-packages/airflow/example_dags/example_branch_operator.py took 0.101 seconds
[2025-03-01T14:20:01.327+0000] {processor.py:186} INFO - Started process (PID=380) to work on /home/airflow/.local/lib/python3.12/site-packages/airflow/example_dags/example_branch_operator.py
[2025-03-01T14:20:01.328+0000] {processor.py:914} INFO - Processing file /home/airflow/.local/lib/python3.12/site-packages/airflow/example_dags/example_branch_operator.py for tasks to queue
[2025-03-01T14:20:01.330+0000] {logging_mixin.py:190} INFO - [2025-03-01T14:20:01.330+0000] {dagbag.py:588} INFO - Filling up the DagBag from /home/airflow/.local/lib/python3.12/site-packages/airflow/example_dags/example_branch_operator.py
[2025-03-01T14:20:01.353+0000] {processor.py:925} INFO - DAG(s) 'example_branch_operator' retrieved from /home/airflow/.local/lib/python3.12/site-packages/airflow/example_dags/example_branch_operator.py
[2025-03-01T14:20:01.383+0000] {logging_mixin.py:190} INFO - [2025-03-01T14:20:01.382+0000] {dag.py:3239} INFO - Sync 1 DAGs
[2025-03-01T14:20:01.408+0000] {logging_mixin.py:190} INFO - [2025-03-01T14:20:01.408+0000] {dag.py:4180} INFO - Setting next_dagrun for example_branch_operator to 2025-02-28 00:00:00+00:00, run_after=2025-03-01 00:00:00+00:00
[2025-03-01T14:20:01.424+0000] {processor.py:208} INFO - Processing /home/airflow/.local/lib/python3.12/site-packages/airflow/example_dags/example_branch_operator.py took 0.102 seconds
[2025-03-01T14:20:31.581+0000] {processor.py:186} INFO - Started process (PID=443) to work on /home/airflow/.local/lib/python3.12/site-packages/airflow/example_dags/example_branch_operator.py
[2025-03-01T14:20:31.582+0000] {processor.py:914} INFO - Processing file /home/airflow/.local/lib/python3.12/site-packages/airflow/example_dags/example_branch_operator.py for tasks to queue
[2025-03-01T14:20:31.584+0000] {logging_mixin.py:190} INFO - [2025-03-01T14:20:31.584+0000] {dagbag.py:588} INFO - Filling up the DagBag from /home/airflow/.local/lib/python3.12/site-packages/airflow/example_dags/example_branch_operator.py
[2025-03-01T14:20:31.605+0000] {processor.py:925} INFO - DAG(s) 'example_branch_operator' retrieved from /home/airflow/.local/lib/python3.12/site-packages/airflow/example_dags/example_branch_operator.py
[2025-03-01T14:20:31.635+0000] {logging_mixin.py:190} INFO - [2025-03-01T14:20:31.635+0000] {dag.py:3239} INFO - Sync 1 DAGs
[2025-03-01T14:20:31.683+0000] {logging_mixin.py:190} INFO - [2025-03-01T14:20:31.683+0000] {dag.py:4180} INFO - Setting next_dagrun for example_branch_operator to 2025-02-28 00:00:00+00:00, run_after=2025-03-01 00:00:00+00:00
[2025-03-01T14:20:31.720+0000] {processor.py:208} INFO - Processing /home/airflow/.local/lib/python3.12/site-packages/airflow/example_dags/example_branch_operator.py took 0.144 seconds
[2025-03-01T14:21:02.792+0000] {processor.py:186} INFO - Started process (PID=504) to work on /home/airflow/.local/lib/python3.12/site-packages/airflow/example_dags/example_branch_operator.py
[2025-03-01T14:21:02.808+0000] {processor.py:914} INFO - Processing file /home/airflow/.local/lib/python3.12/site-packages/airflow/example_dags/example_branch_operator.py for tasks to queue
[2025-03-01T14:21:02.812+0000] {logging_mixin.py:190} INFO - [2025-03-01T14:21:02.811+0000] {dagbag.py:588} INFO - Filling up the DagBag from /home/airflow/.local/lib/python3.12/site-packages/airflow/example_dags/example_branch_operator.py
[2025-03-01T14:21:02.898+0000] {processor.py:925} INFO - DAG(s) 'example_branch_operator' retrieved from /home/airflow/.local/lib/python3.12/site-packages/airflow/example_dags/example_branch_operator.py
[2025-03-01T14:21:03.055+0000] {logging_mixin.py:190} INFO - [2025-03-01T14:21:03.054+0000] {dag.py:3239} INFO - Sync 1 DAGs
[2025-03-01T14:21:03.124+0000] {logging_mixin.py:190} INFO - [2025-03-01T14:21:03.123+0000] {dag.py:4180} INFO - Setting next_dagrun for example_branch_operator to 2025-02-28 00:00:00+00:00, run_after=2025-03-01 00:00:00+00:00
[2025-03-01T14:21:03.185+0000] {processor.py:208} INFO - Processing /home/airflow/.local/lib/python3.12/site-packages/airflow/example_dags/example_branch_operator.py took 0.419 seconds
[2025-03-01T14:21:33.364+0000] {processor.py:186} INFO - Started process (PID=566) to work on /home/airflow/.local/lib/python3.12/site-packages/airflow/example_dags/example_branch_operator.py
[2025-03-01T14:21:33.364+0000] {processor.py:914} INFO - Processing file /home/airflow/.local/lib/python3.12/site-packages/airflow/example_dags/example_branch_operator.py for tasks to queue
[2025-03-01T14:21:33.366+0000] {logging_mixin.py:190} INFO - [2025-03-01T14:21:33.366+0000] {dagbag.py:588} INFO - Filling up the DagBag from /home/airflow/.local/lib/python3.12/site-packages/airflow/example_dags/example_branch_operator.py
[2025-03-01T14:21:33.396+0000] {processor.py:925} INFO - DAG(s) 'example_branch_operator' retrieved from /home/airflow/.local/lib/python3.12/site-packages/airflow/example_dags/example_branch_operator.py
[2025-03-01T14:21:33.452+0000] {logging_mixin.py:190} INFO - [2025-03-01T14:21:33.452+0000] {dag.py:3239} INFO - Sync 1 DAGs
[2025-03-01T14:21:33.490+0000] {logging_mixin.py:190} INFO - [2025-03-01T14:21:33.489+0000] {dag.py:4180} INFO - Setting next_dagrun for example_branch_operator to 2025-02-28 00:00:00+00:00, run_after=2025-03-01 00:00:00+00:00
[2025-03-01T14:21:33.552+0000] {processor.py:208} INFO - Processing /home/airflow/.local/lib/python3.12/site-packages/airflow/example_dags/example_branch_operator.py took 0.196 seconds
[2025-03-01T14:22:04.304+0000] {processor.py:186} INFO - Started process (PID=626) to work on /home/airflow/.local/lib/python3.12/site-packages/airflow/example_dags/example_branch_operator.py
[2025-03-01T14:22:04.309+0000] {processor.py:914} INFO - Processing file /home/airflow/.local/lib/python3.12/site-packages/airflow/example_dags/example_branch_operator.py for tasks to queue
[2025-03-01T14:22:04.311+0000] {logging_mixin.py:190} INFO - [2025-03-01T14:22:04.311+0000] {dagbag.py:588} INFO - Filling up the DagBag from /home/airflow/.local/lib/python3.12/site-packages/airflow/example_dags/example_branch_operator.py
[2025-03-01T14:22:04.371+0000] {processor.py:925} INFO - DAG(s) 'example_branch_operator' retrieved from /home/airflow/.local/lib/python3.12/site-packages/airflow/example_dags/example_branch_operator.py
[2025-03-01T14:22:04.416+0000] {logging_mixin.py:190} INFO - [2025-03-01T14:22:04.416+0000] {dag.py:3239} INFO - Sync 1 DAGs
[2025-03-01T14:22:04.444+0000] {logging_mixin.py:190} INFO - [2025-03-01T14:22:04.444+0000] {dag.py:4180} INFO - Setting next_dagrun for example_branch_operator to 2025-02-28 00:00:00+00:00, run_after=2025-03-01 00:00:00+00:00
[2025-03-01T14:22:04.462+0000] {processor.py:208} INFO - Processing /home/airflow/.local/lib/python3.12/site-packages/airflow/example_dags/example_branch_operator.py took 0.168 seconds
[2025-03-01T14:22:34.973+0000] {processor.py:186} INFO - Started process (PID=690) to work on /home/airflow/.local/lib/python3.12/site-packages/airflow/example_dags/example_branch_operator.py
[2025-03-01T14:22:34.977+0000] {processor.py:914} INFO - Processing file /home/airflow/.local/lib/python3.12/site-packages/airflow/example_dags/example_branch_operator.py for tasks to queue
[2025-03-01T14:22:34.982+0000] {logging_mixin.py:190} INFO - [2025-03-01T14:22:34.981+0000] {dagbag.py:588} INFO - Filling up the DagBag from /home/airflow/.local/lib/python3.12/site-packages/airflow/example_dags/example_branch_operator.py
[2025-03-01T14:22:35.031+0000] {processor.py:925} INFO - DAG(s) 'example_branch_operator' retrieved from /home/airflow/.local/lib/python3.12/site-packages/airflow/example_dags/example_branch_operator.py
[2025-03-01T14:22:35.126+0000] {logging_mixin.py:190} INFO - [2025-03-01T14:22:35.126+0000] {dag.py:3239} INFO - Sync 1 DAGs
[2025-03-01T14:22:35.151+0000] {logging_mixin.py:190} INFO - [2025-03-01T14:22:35.150+0000] {dag.py:4180} INFO - Setting next_dagrun for example_branch_operator to 2025-02-28 00:00:00+00:00, run_after=2025-03-01 00:00:00+00:00
[2025-03-01T14:22:35.168+0000] {processor.py:208} INFO - Processing /home/airflow/.local/lib/python3.12/site-packages/airflow/example_dags/example_branch_operator.py took 0.209 seconds
[2025-03-01T14:23:05.704+0000] {processor.py:186} INFO - Started process (PID=748) to work on /home/airflow/.local/lib/python3.12/site-packages/airflow/example_dags/example_branch_operator.py
[2025-03-01T14:23:05.708+0000] {processor.py:914} INFO - Processing file /home/airflow/.local/lib/python3.12/site-packages/airflow/example_dags/example_branch_operator.py for tasks to queue
[2025-03-01T14:23:05.714+0000] {logging_mixin.py:190} INFO - [2025-03-01T14:23:05.713+0000] {dagbag.py:588} INFO - Filling up the DagBag from /home/airflow/.local/lib/python3.12/site-packages/airflow/example_dags/example_branch_operator.py
[2025-03-01T14:23:05.744+0000] {processor.py:925} INFO - DAG(s) 'example_branch_operator' retrieved from /home/airflow/.local/lib/python3.12/site-packages/airflow/example_dags/example_branch_operator.py
[2025-03-01T14:23:05.782+0000] {logging_mixin.py:190} INFO - [2025-03-01T14:23:05.781+0000] {dag.py:3239} INFO - Sync 1 DAGs
[2025-03-01T14:23:05.823+0000] {logging_mixin.py:190} INFO - [2025-03-01T14:23:05.822+0000] {dag.py:4180} INFO - Setting next_dagrun for example_branch_operator to 2025-02-28 00:00:00+00:00, run_after=2025-03-01 00:00:00+00:00
[2025-03-01T14:23:05.838+0000] {processor.py:208} INFO - Processing /home/airflow/.local/lib/python3.12/site-packages/airflow/example_dags/example_branch_operator.py took 0.154 seconds
[2025-03-01T14:23:36.956+0000] {processor.py:186} INFO - Started process (PID=812) to work on /home/airflow/.local/lib/python3.12/site-packages/airflow/example_dags/example_branch_operator.py
[2025-03-01T14:23:36.957+0000] {processor.py:914} INFO - Processing file /home/airflow/.local/lib/python3.12/site-packages/airflow/example_dags/example_branch_operator.py for tasks to queue
[2025-03-01T14:23:36.959+0000] {logging_mixin.py:190} INFO - [2025-03-01T14:23:36.959+0000] {dagbag.py:588} INFO - Filling up the DagBag from /home/airflow/.local/lib/python3.12/site-packages/airflow/example_dags/example_branch_operator.py
[2025-03-01T14:23:36.978+0000] {processor.py:925} INFO - DAG(s) 'example_branch_operator' retrieved from /home/airflow/.local/lib/python3.12/site-packages/airflow/example_dags/example_branch_operator.py
[2025-03-01T14:23:37.008+0000] {logging_mixin.py:190} INFO - [2025-03-01T14:23:37.007+0000] {dag.py:3239} INFO - Sync 1 DAGs
[2025-03-01T14:23:37.032+0000] {logging_mixin.py:190} INFO - [2025-03-01T14:23:37.032+0000] {dag.py:4180} INFO - Setting next_dagrun for example_branch_operator to 2025-02-28 00:00:00+00:00, run_after=2025-03-01 00:00:00+00:00
[2025-03-01T14:23:37.047+0000] {processor.py:208} INFO - Processing /home/airflow/.local/lib/python3.12/site-packages/airflow/example_dags/example_branch_operator.py took 0.096 seconds
[2025-03-01T14:24:07.244+0000] {processor.py:186} INFO - Started process (PID=870) to work on /home/airflow/.local/lib/python3.12/site-packages/airflow/example_dags/example_branch_operator.py
[2025-03-01T14:24:07.245+0000] {processor.py:914} INFO - Processing file /home/airflow/.local/lib/python3.12/site-packages/airflow/example_dags/example_branch_operator.py for tasks to queue
[2025-03-01T14:24:07.247+0000] {logging_mixin.py:190} INFO - [2025-03-01T14:24:07.247+0000] {dagbag.py:588} INFO - Filling up the DagBag from /home/airflow/.local/lib/python3.12/site-packages/airflow/example_dags/example_branch_operator.py
[2025-03-01T14:24:07.267+0000] {processor.py:925} INFO - DAG(s) 'example_branch_operator' retrieved from /home/airflow/.local/lib/python3.12/site-packages/airflow/example_dags/example_branch_operator.py
[2025-03-01T14:24:07.300+0000] {logging_mixin.py:190} INFO - [2025-03-01T14:24:07.300+0000] {dag.py:3239} INFO - Sync 1 DAGs
[2025-03-01T14:24:07.325+0000] {logging_mixin.py:190} INFO - [2025-03-01T14:24:07.325+0000] {dag.py:4180} INFO - Setting next_dagrun for example_branch_operator to 2025-02-28 00:00:00+00:00, run_after=2025-03-01 00:00:00+00:00
[2025-03-01T14:24:07.340+0000] {processor.py:208} INFO - Processing /home/airflow/.local/lib/python3.12/site-packages/airflow/example_dags/example_branch_operator.py took 0.102 seconds
[2025-03-01T14:24:37.642+0000] {processor.py:186} INFO - Started process (PID=933) to work on /home/airflow/.local/lib/python3.12/site-packages/airflow/example_dags/example_branch_operator.py
[2025-03-01T14:24:37.642+0000] {processor.py:914} INFO - Processing file /home/airflow/.local/lib/python3.12/site-packages/airflow/example_dags/example_branch_operator.py for tasks to queue
[2025-03-01T14:24:37.645+0000] {logging_mixin.py:190} INFO - [2025-03-01T14:24:37.644+0000] {dagbag.py:588} INFO - Filling up the DagBag from /home/airflow/.local/lib/python3.12/site-packages/airflow/example_dags/example_branch_operator.py
[2025-03-01T14:24:37.679+0000] {processor.py:925} INFO - DAG(s) 'example_branch_operator' retrieved from /home/airflow/.local/lib/python3.12/site-packages/airflow/example_dags/example_branch_operator.py
[2025-03-01T14:24:37.762+0000] {logging_mixin.py:190} INFO - [2025-03-01T14:24:37.762+0000] {dag.py:3239} INFO - Sync 1 DAGs
[2025-03-01T14:24:37.815+0000] {logging_mixin.py:190} INFO - [2025-03-01T14:24:37.809+0000] {dag.py:4180} INFO - Setting next_dagrun for example_branch_operator to 2025-02-28 00:00:00+00:00, run_after=2025-03-01 00:00:00+00:00
[2025-03-01T14:24:37.838+0000] {processor.py:208} INFO - Processing /home/airflow/.local/lib/python3.12/site-packages/airflow/example_dags/example_branch_operator.py took 0.210 seconds
[2025-03-01T14:25:08.024+0000] {processor.py:186} INFO - Started process (PID=996) to work on /home/airflow/.local/lib/python3.12/site-packages/airflow/example_dags/example_branch_operator.py
[2025-03-01T14:25:08.025+0000] {processor.py:914} INFO - Processing file /home/airflow/.local/lib/python3.12/site-packages/airflow/example_dags/example_branch_operator.py for tasks to queue
[2025-03-01T14:25:08.027+0000] {logging_mixin.py:190} INFO - [2025-03-01T14:25:08.027+0000] {dagbag.py:588} INFO - Filling up the DagBag from /home/airflow/.local/lib/python3.12/site-packages/airflow/example_dags/example_branch_operator.py
[2025-03-01T14:25:08.047+0000] {processor.py:925} INFO - DAG(s) 'example_branch_operator' retrieved from /home/airflow/.local/lib/python3.12/site-packages/airflow/example_dags/example_branch_operator.py
[2025-03-01T14:25:08.080+0000] {logging_mixin.py:190} INFO - [2025-03-01T14:25:08.080+0000] {dag.py:3239} INFO - Sync 1 DAGs
[2025-03-01T14:25:08.104+0000] {logging_mixin.py:190} INFO - [2025-03-01T14:25:08.103+0000] {dag.py:4180} INFO - Setting next_dagrun for example_branch_operator to 2025-02-28 00:00:00+00:00, run_after=2025-03-01 00:00:00+00:00
[2025-03-01T14:25:08.118+0000] {processor.py:208} INFO - Processing /home/airflow/.local/lib/python3.12/site-packages/airflow/example_dags/example_branch_operator.py took 0.100 seconds
[2025-03-01T14:25:38.213+0000] {processor.py:186} INFO - Started process (PID=1059) to work on /home/airflow/.local/lib/python3.12/site-packages/airflow/example_dags/example_branch_operator.py
[2025-03-01T14:25:38.215+0000] {processor.py:914} INFO - Processing file /home/airflow/.local/lib/python3.12/site-packages/airflow/example_dags/example_branch_operator.py for tasks to queue
[2025-03-01T14:25:38.217+0000] {logging_mixin.py:190} INFO - [2025-03-01T14:25:38.216+0000] {dagbag.py:588} INFO - Filling up the DagBag from /home/airflow/.local/lib/python3.12/site-packages/airflow/example_dags/example_branch_operator.py
[2025-03-01T14:25:38.237+0000] {processor.py:925} INFO - DAG(s) 'example_branch_operator' retrieved from /home/airflow/.local/lib/python3.12/site-packages/airflow/example_dags/example_branch_operator.py
[2025-03-01T14:25:38.271+0000] {logging_mixin.py:190} INFO - [2025-03-01T14:25:38.271+0000] {dag.py:3239} INFO - Sync 1 DAGs
[2025-03-01T14:25:38.296+0000] {logging_mixin.py:190} INFO - [2025-03-01T14:25:38.296+0000] {dag.py:4180} INFO - Setting next_dagrun for example_branch_operator to 2025-02-28 00:00:00+00:00, run_after=2025-03-01 00:00:00+00:00
[2025-03-01T14:25:38.313+0000] {processor.py:208} INFO - Processing /home/airflow/.local/lib/python3.12/site-packages/airflow/example_dags/example_branch_operator.py took 0.105 seconds
[2025-03-01T14:26:08.959+0000] {processor.py:186} INFO - Started process (PID=1121) to work on /home/airflow/.local/lib/python3.12/site-packages/airflow/example_dags/example_branch_operator.py
[2025-03-01T14:26:08.960+0000] {processor.py:914} INFO - Processing file /home/airflow/.local/lib/python3.12/site-packages/airflow/example_dags/example_branch_operator.py for tasks to queue
[2025-03-01T14:26:08.962+0000] {logging_mixin.py:190} INFO - [2025-03-01T14:26:08.961+0000] {dagbag.py:588} INFO - Filling up the DagBag from /home/airflow/.local/lib/python3.12/site-packages/airflow/example_dags/example_branch_operator.py
[2025-03-01T14:26:08.983+0000] {processor.py:925} INFO - DAG(s) 'example_branch_operator' retrieved from /home/airflow/.local/lib/python3.12/site-packages/airflow/example_dags/example_branch_operator.py
[2025-03-01T14:26:09.045+0000] {logging_mixin.py:190} INFO - [2025-03-01T14:26:09.045+0000] {dag.py:3239} INFO - Sync 1 DAGs
[2025-03-01T14:26:09.092+0000] {logging_mixin.py:190} INFO - [2025-03-01T14:26:09.091+0000] {dag.py:4180} INFO - Setting next_dagrun for example_branch_operator to 2025-02-28 00:00:00+00:00, run_after=2025-03-01 00:00:00+00:00
[2025-03-01T14:26:09.131+0000] {processor.py:208} INFO - Processing /home/airflow/.local/lib/python3.12/site-packages/airflow/example_dags/example_branch_operator.py took 0.179 seconds
[2025-03-01T14:26:39.563+0000] {processor.py:186} INFO - Started process (PID=1185) to work on /home/airflow/.local/lib/python3.12/site-packages/airflow/example_dags/example_branch_operator.py
[2025-03-01T14:26:39.563+0000] {processor.py:914} INFO - Processing file /home/airflow/.local/lib/python3.12/site-packages/airflow/example_dags/example_branch_operator.py for tasks to queue
[2025-03-01T14:26:39.566+0000] {logging_mixin.py:190} INFO - [2025-03-01T14:26:39.565+0000] {dagbag.py:588} INFO - Filling up the DagBag from /home/airflow/.local/lib/python3.12/site-packages/airflow/example_dags/example_branch_operator.py
[2025-03-01T14:26:39.586+0000] {processor.py:925} INFO - DAG(s) 'example_branch_operator' retrieved from /home/airflow/.local/lib/python3.12/site-packages/airflow/example_dags/example_branch_operator.py
[2025-03-01T14:26:39.618+0000] {logging_mixin.py:190} INFO - [2025-03-01T14:26:39.618+0000] {dag.py:3239} INFO - Sync 1 DAGs
[2025-03-01T14:26:39.645+0000] {logging_mixin.py:190} INFO - [2025-03-01T14:26:39.645+0000] {dag.py:4180} INFO - Setting next_dagrun for example_branch_operator to 2025-02-28 00:00:00+00:00, run_after=2025-03-01 00:00:00+00:00
[2025-03-01T14:26:39.660+0000] {processor.py:208} INFO - Processing /home/airflow/.local/lib/python3.12/site-packages/airflow/example_dags/example_branch_operator.py took 0.104 seconds
[2025-03-01T14:27:10.282+0000] {processor.py:186} INFO - Started process (PID=1248) to work on /home/airflow/.local/lib/python3.12/site-packages/airflow/example_dags/example_branch_operator.py
[2025-03-01T14:27:10.283+0000] {processor.py:914} INFO - Processing file /home/airflow/.local/lib/python3.12/site-packages/airflow/example_dags/example_branch_operator.py for tasks to queue
[2025-03-01T14:27:10.285+0000] {logging_mixin.py:190} INFO - [2025-03-01T14:27:10.284+0000] {dagbag.py:588} INFO - Filling up the DagBag from /home/airflow/.local/lib/python3.12/site-packages/airflow/example_dags/example_branch_operator.py
[2025-03-01T14:27:10.304+0000] {processor.py:925} INFO - DAG(s) 'example_branch_operator' retrieved from /home/airflow/.local/lib/python3.12/site-packages/airflow/example_dags/example_branch_operator.py
[2025-03-01T14:27:10.333+0000] {logging_mixin.py:190} INFO - [2025-03-01T14:27:10.333+0000] {dag.py:3239} INFO - Sync 1 DAGs
[2025-03-01T14:27:10.361+0000] {logging_mixin.py:190} INFO - [2025-03-01T14:27:10.361+0000] {dag.py:4180} INFO - Setting next_dagrun for example_branch_operator to 2025-02-28 00:00:00+00:00, run_after=2025-03-01 00:00:00+00:00
[2025-03-01T14:27:10.375+0000] {processor.py:208} INFO - Processing /home/airflow/.local/lib/python3.12/site-packages/airflow/example_dags/example_branch_operator.py took 0.099 seconds
[2025-03-01T14:27:40.689+0000] {processor.py:186} INFO - Started process (PID=1311) to work on /home/airflow/.local/lib/python3.12/site-packages/airflow/example_dags/example_branch_operator.py
[2025-03-01T14:27:40.698+0000] {processor.py:914} INFO - Processing file /home/airflow/.local/lib/python3.12/site-packages/airflow/example_dags/example_branch_operator.py for tasks to queue
[2025-03-01T14:27:40.700+0000] {logging_mixin.py:190} INFO - [2025-03-01T14:27:40.699+0000] {dagbag.py:588} INFO - Filling up the DagBag from /home/airflow/.local/lib/python3.12/site-packages/airflow/example_dags/example_branch_operator.py
[2025-03-01T14:27:40.744+0000] {processor.py:925} INFO - DAG(s) 'example_branch_operator' retrieved from /home/airflow/.local/lib/python3.12/site-packages/airflow/example_dags/example_branch_operator.py
[2025-03-01T14:27:40.823+0000] {logging_mixin.py:190} INFO - [2025-03-01T14:27:40.822+0000] {dag.py:3239} INFO - Sync 1 DAGs
[2025-03-01T14:27:40.876+0000] {logging_mixin.py:190} INFO - [2025-03-01T14:27:40.876+0000] {dag.py:4180} INFO - Setting next_dagrun for example_branch_operator to 2025-02-28 00:00:00+00:00, run_after=2025-03-01 00:00:00+00:00
[2025-03-01T14:27:40.939+0000] {processor.py:208} INFO - Processing /home/airflow/.local/lib/python3.12/site-packages/airflow/example_dags/example_branch_operator.py took 0.257 seconds
[2025-03-01T14:28:11.024+0000] {processor.py:186} INFO - Started process (PID=1375) to work on /home/airflow/.local/lib/python3.12/site-packages/airflow/example_dags/example_branch_operator.py
[2025-03-01T14:28:11.025+0000] {processor.py:914} INFO - Processing file /home/airflow/.local/lib/python3.12/site-packages/airflow/example_dags/example_branch_operator.py for tasks to queue
[2025-03-01T14:28:11.027+0000] {logging_mixin.py:190} INFO - [2025-03-01T14:28:11.026+0000] {dagbag.py:588} INFO - Filling up the DagBag from /home/airflow/.local/lib/python3.12/site-packages/airflow/example_dags/example_branch_operator.py
[2025-03-01T14:28:11.040+0000] {processor.py:925} INFO - DAG(s) 'example_branch_operator' retrieved from /home/airflow/.local/lib/python3.12/site-packages/airflow/example_dags/example_branch_operator.py
[2025-03-01T14:28:11.060+0000] {logging_mixin.py:190} INFO - [2025-03-01T14:28:11.060+0000] {dag.py:3239} INFO - Sync 1 DAGs
[2025-03-01T14:28:11.077+0000] {logging_mixin.py:190} INFO - [2025-03-01T14:28:11.077+0000] {dag.py:4180} INFO - Setting next_dagrun for example_branch_operator to 2025-02-28 00:00:00+00:00, run_after=2025-03-01 00:00:00+00:00
[2025-03-01T14:28:11.089+0000] {processor.py:208} INFO - Processing /home/airflow/.local/lib/python3.12/site-packages/airflow/example_dags/example_branch_operator.py took 0.069 seconds
[2025-03-01T14:28:41.418+0000] {processor.py:186} INFO - Started process (PID=1437) to work on /home/airflow/.local/lib/python3.12/site-packages/airflow/example_dags/example_branch_operator.py
[2025-03-01T14:28:41.421+0000] {processor.py:914} INFO - Processing file /home/airflow/.local/lib/python3.12/site-packages/airflow/example_dags/example_branch_operator.py for tasks to queue
[2025-03-01T14:28:41.423+0000] {logging_mixin.py:190} INFO - [2025-03-01T14:28:41.423+0000] {dagbag.py:588} INFO - Filling up the DagBag from /home/airflow/.local/lib/python3.12/site-packages/airflow/example_dags/example_branch_operator.py
[2025-03-01T14:28:41.459+0000] {processor.py:925} INFO - DAG(s) 'example_branch_operator' retrieved from /home/airflow/.local/lib/python3.12/site-packages/airflow/example_dags/example_branch_operator.py
[2025-03-01T14:28:41.538+0000] {logging_mixin.py:190} INFO - [2025-03-01T14:28:41.538+0000] {dag.py:3239} INFO - Sync 1 DAGs
[2025-03-01T14:28:41.569+0000] {logging_mixin.py:190} INFO - [2025-03-01T14:28:41.569+0000] {dag.py:4180} INFO - Setting next_dagrun for example_branch_operator to 2025-02-28 00:00:00+00:00, run_after=2025-03-01 00:00:00+00:00
[2025-03-01T14:28:41.594+0000] {processor.py:208} INFO - Processing /home/airflow/.local/lib/python3.12/site-packages/airflow/example_dags/example_branch_operator.py took 0.190 seconds
[2025-03-01T14:29:12.002+0000] {processor.py:186} INFO - Started process (PID=1501) to work on /home/airflow/.local/lib/python3.12/site-packages/airflow/example_dags/example_branch_operator.py
[2025-03-01T14:29:12.003+0000] {processor.py:914} INFO - Processing file /home/airflow/.local/lib/python3.12/site-packages/airflow/example_dags/example_branch_operator.py for tasks to queue
[2025-03-01T14:29:12.006+0000] {logging_mixin.py:190} INFO - [2025-03-01T14:29:12.005+0000] {dagbag.py:588} INFO - Filling up the DagBag from /home/airflow/.local/lib/python3.12/site-packages/airflow/example_dags/example_branch_operator.py
[2025-03-01T14:29:12.025+0000] {processor.py:925} INFO - DAG(s) 'example_branch_operator' retrieved from /home/airflow/.local/lib/python3.12/site-packages/airflow/example_dags/example_branch_operator.py
[2025-03-01T14:29:12.054+0000] {logging_mixin.py:190} INFO - [2025-03-01T14:29:12.054+0000] {dag.py:3239} INFO - Sync 1 DAGs
[2025-03-01T14:29:12.079+0000] {logging_mixin.py:190} INFO - [2025-03-01T14:29:12.079+0000] {dag.py:4180} INFO - Setting next_dagrun for example_branch_operator to 2025-02-28 00:00:00+00:00, run_after=2025-03-01 00:00:00+00:00
[2025-03-01T14:29:12.095+0000] {processor.py:208} INFO - Processing /home/airflow/.local/lib/python3.12/site-packages/airflow/example_dags/example_branch_operator.py took 0.097 seconds
[2025-03-01T14:29:42.311+0000] {processor.py:186} INFO - Started process (PID=1564) to work on /home/airflow/.local/lib/python3.12/site-packages/airflow/example_dags/example_branch_operator.py
[2025-03-01T14:29:42.312+0000] {processor.py:914} INFO - Processing file /home/airflow/.local/lib/python3.12/site-packages/airflow/example_dags/example_branch_operator.py for tasks to queue
[2025-03-01T14:29:42.315+0000] {logging_mixin.py:190} INFO - [2025-03-01T14:29:42.314+0000] {dagbag.py:588} INFO - Filling up the DagBag from /home/airflow/.local/lib/python3.12/site-packages/airflow/example_dags/example_branch_operator.py
[2025-03-01T14:29:42.335+0000] {processor.py:925} INFO - DAG(s) 'example_branch_operator' retrieved from /home/airflow/.local/lib/python3.12/site-packages/airflow/example_dags/example_branch_operator.py
[2025-03-01T14:29:42.366+0000] {logging_mixin.py:190} INFO - [2025-03-01T14:29:42.366+0000] {dag.py:3239} INFO - Sync 1 DAGs
[2025-03-01T14:29:42.394+0000] {logging_mixin.py:190} INFO - [2025-03-01T14:29:42.394+0000] {dag.py:4180} INFO - Setting next_dagrun for example_branch_operator to 2025-02-28 00:00:00+00:00, run_after=2025-03-01 00:00:00+00:00
[2025-03-01T14:29:42.410+0000] {processor.py:208} INFO - Processing /home/airflow/.local/lib/python3.12/site-packages/airflow/example_dags/example_branch_operator.py took 0.104 seconds
[2025-03-01T14:30:12.779+0000] {processor.py:186} INFO - Started process (PID=1627) to work on /home/airflow/.local/lib/python3.12/site-packages/airflow/example_dags/example_branch_operator.py
[2025-03-01T14:30:12.780+0000] {processor.py:914} INFO - Processing file /home/airflow/.local/lib/python3.12/site-packages/airflow/example_dags/example_branch_operator.py for tasks to queue
[2025-03-01T14:30:12.782+0000] {logging_mixin.py:190} INFO - [2025-03-01T14:30:12.782+0000] {dagbag.py:588} INFO - Filling up the DagBag from /home/airflow/.local/lib/python3.12/site-packages/airflow/example_dags/example_branch_operator.py
[2025-03-01T14:30:12.802+0000] {processor.py:925} INFO - DAG(s) 'example_branch_operator' retrieved from /home/airflow/.local/lib/python3.12/site-packages/airflow/example_dags/example_branch_operator.py
[2025-03-01T14:30:12.831+0000] {logging_mixin.py:190} INFO - [2025-03-01T14:30:12.831+0000] {dag.py:3239} INFO - Sync 1 DAGs
[2025-03-01T14:30:12.856+0000] {logging_mixin.py:190} INFO - [2025-03-01T14:30:12.856+0000] {dag.py:4180} INFO - Setting next_dagrun for example_branch_operator to 2025-02-28 00:00:00+00:00, run_after=2025-03-01 00:00:00+00:00
[2025-03-01T14:30:12.871+0000] {processor.py:208} INFO - Processing /home/airflow/.local/lib/python3.12/site-packages/airflow/example_dags/example_branch_operator.py took 0.097 seconds
[2025-03-01T14:30:43.132+0000] {processor.py:186} INFO - Started process (PID=1690) to work on /home/airflow/.local/lib/python3.12/site-packages/airflow/example_dags/example_branch_operator.py
[2025-03-01T14:30:43.133+0000] {processor.py:914} INFO - Processing file /home/airflow/.local/lib/python3.12/site-packages/airflow/example_dags/example_branch_operator.py for tasks to queue
[2025-03-01T14:30:43.135+0000] {logging_mixin.py:190} INFO - [2025-03-01T14:30:43.135+0000] {dagbag.py:588} INFO - Filling up the DagBag from /home/airflow/.local/lib/python3.12/site-packages/airflow/example_dags/example_branch_operator.py
[2025-03-01T14:30:43.155+0000] {processor.py:925} INFO - DAG(s) 'example_branch_operator' retrieved from /home/airflow/.local/lib/python3.12/site-packages/airflow/example_dags/example_branch_operator.py
[2025-03-01T14:30:43.185+0000] {logging_mixin.py:190} INFO - [2025-03-01T14:30:43.185+0000] {dag.py:3239} INFO - Sync 1 DAGs
[2025-03-01T14:30:43.210+0000] {logging_mixin.py:190} INFO - [2025-03-01T14:30:43.210+0000] {dag.py:4180} INFO - Setting next_dagrun for example_branch_operator to 2025-02-28 00:00:00+00:00, run_after=2025-03-01 00:00:00+00:00
[2025-03-01T14:30:43.225+0000] {processor.py:208} INFO - Processing /home/airflow/.local/lib/python3.12/site-packages/airflow/example_dags/example_branch_operator.py took 0.098 seconds
[2025-03-01T14:31:13.460+0000] {processor.py:186} INFO - Started process (PID=1753) to work on /home/airflow/.local/lib/python3.12/site-packages/airflow/example_dags/example_branch_operator.py
[2025-03-01T14:31:13.461+0000] {processor.py:914} INFO - Processing file /home/airflow/.local/lib/python3.12/site-packages/airflow/example_dags/example_branch_operator.py for tasks to queue
[2025-03-01T14:31:13.463+0000] {logging_mixin.py:190} INFO - [2025-03-01T14:31:13.463+0000] {dagbag.py:588} INFO - Filling up the DagBag from /home/airflow/.local/lib/python3.12/site-packages/airflow/example_dags/example_branch_operator.py
[2025-03-01T14:31:13.482+0000] {processor.py:925} INFO - DAG(s) 'example_branch_operator' retrieved from /home/airflow/.local/lib/python3.12/site-packages/airflow/example_dags/example_branch_operator.py
[2025-03-01T14:31:13.514+0000] {logging_mixin.py:190} INFO - [2025-03-01T14:31:13.514+0000] {dag.py:3239} INFO - Sync 1 DAGs
[2025-03-01T14:31:13.538+0000] {logging_mixin.py:190} INFO - [2025-03-01T14:31:13.538+0000] {dag.py:4180} INFO - Setting next_dagrun for example_branch_operator to 2025-02-28 00:00:00+00:00, run_after=2025-03-01 00:00:00+00:00
[2025-03-01T14:31:13.552+0000] {processor.py:208} INFO - Processing /home/airflow/.local/lib/python3.12/site-packages/airflow/example_dags/example_branch_operator.py took 0.097 seconds
[2025-03-01T14:31:44.342+0000] {processor.py:186} INFO - Started process (PID=1816) to work on /home/airflow/.local/lib/python3.12/site-packages/airflow/example_dags/example_branch_operator.py
[2025-03-01T14:31:44.343+0000] {processor.py:914} INFO - Processing file /home/airflow/.local/lib/python3.12/site-packages/airflow/example_dags/example_branch_operator.py for tasks to queue
[2025-03-01T14:31:44.345+0000] {logging_mixin.py:190} INFO - [2025-03-01T14:31:44.345+0000] {dagbag.py:588} INFO - Filling up the DagBag from /home/airflow/.local/lib/python3.12/site-packages/airflow/example_dags/example_branch_operator.py
[2025-03-01T14:31:44.364+0000] {processor.py:925} INFO - DAG(s) 'example_branch_operator' retrieved from /home/airflow/.local/lib/python3.12/site-packages/airflow/example_dags/example_branch_operator.py
[2025-03-01T14:31:44.394+0000] {logging_mixin.py:190} INFO - [2025-03-01T14:31:44.394+0000] {dag.py:3239} INFO - Sync 1 DAGs
[2025-03-01T14:31:44.423+0000] {logging_mixin.py:190} INFO - [2025-03-01T14:31:44.423+0000] {dag.py:4180} INFO - Setting next_dagrun for example_branch_operator to 2025-02-28 00:00:00+00:00, run_after=2025-03-01 00:00:00+00:00
[2025-03-01T14:31:44.438+0000] {processor.py:208} INFO - Processing /home/airflow/.local/lib/python3.12/site-packages/airflow/example_dags/example_branch_operator.py took 0.101 seconds
[2025-03-01T14:32:15.042+0000] {processor.py:186} INFO - Started process (PID=1879) to work on /home/airflow/.local/lib/python3.12/site-packages/airflow/example_dags/example_branch_operator.py
[2025-03-01T14:32:15.043+0000] {processor.py:914} INFO - Processing file /home/airflow/.local/lib/python3.12/site-packages/airflow/example_dags/example_branch_operator.py for tasks to queue
[2025-03-01T14:32:15.045+0000] {logging_mixin.py:190} INFO - [2025-03-01T14:32:15.045+0000] {dagbag.py:588} INFO - Filling up the DagBag from /home/airflow/.local/lib/python3.12/site-packages/airflow/example_dags/example_branch_operator.py
[2025-03-01T14:32:15.064+0000] {processor.py:925} INFO - DAG(s) 'example_branch_operator' retrieved from /home/airflow/.local/lib/python3.12/site-packages/airflow/example_dags/example_branch_operator.py
[2025-03-01T14:32:15.098+0000] {logging_mixin.py:190} INFO - [2025-03-01T14:32:15.098+0000] {dag.py:3239} INFO - Sync 1 DAGs
[2025-03-01T14:32:15.123+0000] {logging_mixin.py:190} INFO - [2025-03-01T14:32:15.123+0000] {dag.py:4180} INFO - Setting next_dagrun for example_branch_operator to 2025-02-28 00:00:00+00:00, run_after=2025-03-01 00:00:00+00:00
[2025-03-01T14:32:15.138+0000] {processor.py:208} INFO - Processing /home/airflow/.local/lib/python3.12/site-packages/airflow/example_dags/example_branch_operator.py took 0.101 seconds
[2025-03-01T14:32:45.240+0000] {processor.py:186} INFO - Started process (PID=1942) to work on /home/airflow/.local/lib/python3.12/site-packages/airflow/example_dags/example_branch_operator.py
[2025-03-01T14:32:45.241+0000] {processor.py:914} INFO - Processing file /home/airflow/.local/lib/python3.12/site-packages/airflow/example_dags/example_branch_operator.py for tasks to queue
[2025-03-01T14:32:45.243+0000] {logging_mixin.py:190} INFO - [2025-03-01T14:32:45.242+0000] {dagbag.py:588} INFO - Filling up the DagBag from /home/airflow/.local/lib/python3.12/site-packages/airflow/example_dags/example_branch_operator.py
[2025-03-01T14:32:45.262+0000] {processor.py:925} INFO - DAG(s) 'example_branch_operator' retrieved from /home/airflow/.local/lib/python3.12/site-packages/airflow/example_dags/example_branch_operator.py
[2025-03-01T14:32:45.291+0000] {logging_mixin.py:190} INFO - [2025-03-01T14:32:45.291+0000] {dag.py:3239} INFO - Sync 1 DAGs
[2025-03-01T14:32:45.319+0000] {logging_mixin.py:190} INFO - [2025-03-01T14:32:45.319+0000] {dag.py:4180} INFO - Setting next_dagrun for example_branch_operator to 2025-02-28 00:00:00+00:00, run_after=2025-03-01 00:00:00+00:00
[2025-03-01T14:32:45.333+0000] {processor.py:208} INFO - Processing /home/airflow/.local/lib/python3.12/site-packages/airflow/example_dags/example_branch_operator.py took 0.099 seconds
[2025-03-01T14:33:15.368+0000] {processor.py:186} INFO - Started process (PID=2005) to work on /home/airflow/.local/lib/python3.12/site-packages/airflow/example_dags/example_branch_operator.py
[2025-03-01T14:33:15.369+0000] {processor.py:914} INFO - Processing file /home/airflow/.local/lib/python3.12/site-packages/airflow/example_dags/example_branch_operator.py for tasks to queue
[2025-03-01T14:33:15.371+0000] {logging_mixin.py:190} INFO - [2025-03-01T14:33:15.371+0000] {dagbag.py:588} INFO - Filling up the DagBag from /home/airflow/.local/lib/python3.12/site-packages/airflow/example_dags/example_branch_operator.py
[2025-03-01T14:33:15.399+0000] {processor.py:925} INFO - DAG(s) 'example_branch_operator' retrieved from /home/airflow/.local/lib/python3.12/site-packages/airflow/example_dags/example_branch_operator.py
[2025-03-01T14:33:15.431+0000] {logging_mixin.py:190} INFO - [2025-03-01T14:33:15.430+0000] {dag.py:3239} INFO - Sync 1 DAGs
[2025-03-01T14:33:15.467+0000] {logging_mixin.py:190} INFO - [2025-03-01T14:33:15.467+0000] {dag.py:4180} INFO - Setting next_dagrun for example_branch_operator to 2025-02-28 00:00:00+00:00, run_after=2025-03-01 00:00:00+00:00
[2025-03-01T14:33:15.482+0000] {processor.py:208} INFO - Processing /home/airflow/.local/lib/python3.12/site-packages/airflow/example_dags/example_branch_operator.py took 0.119 seconds
