[2025-03-01T14:17:56.448+0000] {processor.py:186} INFO - Started process (PID=113) to work on /home/airflow/.local/lib/python3.12/site-packages/airflow/example_dags/example_python_operator.py
[2025-03-01T14:17:56.449+0000] {processor.py:914} INFO - Processing file /home/airflow/.local/lib/python3.12/site-packages/airflow/example_dags/example_python_operator.py for tasks to queue
[2025-03-01T14:17:56.451+0000] {logging_mixin.py:190} INFO - [2025-03-01T14:17:56.451+0000] {dagbag.py:588} INFO - Filling up the DagBag from /home/airflow/.local/lib/python3.12/site-packages/airflow/example_dags/example_python_operator.py
[2025-03-01T14:17:56.472+0000] {processor.py:925} INFO - DAG(s) 'example_python_operator' retrieved from /home/airflow/.local/lib/python3.12/site-packages/airflow/example_dags/example_python_operator.py
[2025-03-01T14:17:56.638+0000] {logging_mixin.py:190} INFO - [2025-03-01T14:17:56.638+0000] {override.py:1912} INFO - Created Permission View: can edit on DAG:example_python_operator
[2025-03-01T14:17:56.882+0000] {logging_mixin.py:190} INFO - [2025-03-01T14:17:56.882+0000] {override.py:1912} INFO - Created Permission View: can read on DAG:example_python_operator
[2025-03-01T14:17:56.893+0000] {logging_mixin.py:190} INFO - [2025-03-01T14:17:56.893+0000] {override.py:1912} INFO - Created Permission View: can delete on DAG:example_python_operator
[2025-03-01T14:17:56.909+0000] {logging_mixin.py:190} INFO - [2025-03-01T14:17:56.909+0000] {override.py:1912} INFO - Created Permission View: menu access on DAG Run:example_python_operator
[2025-03-01T14:17:56.920+0000] {logging_mixin.py:190} INFO - [2025-03-01T14:17:56.920+0000] {override.py:1912} INFO - Created Permission View: can read on DAG Run:example_python_operator
[2025-03-01T14:17:56.930+0000] {logging_mixin.py:190} INFO - [2025-03-01T14:17:56.930+0000] {override.py:1912} INFO - Created Permission View: can create on DAG Run:example_python_operator
[2025-03-01T14:17:56.939+0000] {logging_mixin.py:190} INFO - [2025-03-01T14:17:56.939+0000] {override.py:1912} INFO - Created Permission View: can delete on DAG Run:example_python_operator
[2025-03-01T14:17:56.940+0000] {logging_mixin.py:190} INFO - [2025-03-01T14:17:56.940+0000] {dag.py:3239} INFO - Sync 1 DAGs
[2025-03-01T14:17:56.957+0000] {logging_mixin.py:190} INFO - [2025-03-01T14:17:56.957+0000] {dag.py:3262} INFO - Creating ORM DAG for example_python_operator
[2025-03-01T14:17:56.958+0000] {logging_mixin.py:190} INFO - [2025-03-01T14:17:56.958+0000] {dag.py:4180} INFO - Setting next_dagrun for example_python_operator to None, run_after=None
[2025-03-01T14:17:56.993+0000] {processor.py:208} INFO - Processing /home/airflow/.local/lib/python3.12/site-packages/airflow/example_dags/example_python_operator.py took 0.552 seconds
[2025-03-01T14:18:27.408+0000] {processor.py:186} INFO - Started process (PID=176) to work on /home/airflow/.local/lib/python3.12/site-packages/airflow/example_dags/example_python_operator.py
[2025-03-01T14:18:27.409+0000] {processor.py:914} INFO - Processing file /home/airflow/.local/lib/python3.12/site-packages/airflow/example_dags/example_python_operator.py for tasks to queue
[2025-03-01T14:18:27.411+0000] {logging_mixin.py:190} INFO - [2025-03-01T14:18:27.411+0000] {dagbag.py:588} INFO - Filling up the DagBag from /home/airflow/.local/lib/python3.12/site-packages/airflow/example_dags/example_python_operator.py
[2025-03-01T14:18:27.424+0000] {processor.py:925} INFO - DAG(s) 'example_python_operator' retrieved from /home/airflow/.local/lib/python3.12/site-packages/airflow/example_dags/example_python_operator.py
[2025-03-01T14:18:27.445+0000] {logging_mixin.py:190} INFO - [2025-03-01T14:18:27.444+0000] {dag.py:3239} INFO - Sync 1 DAGs
[2025-03-01T14:18:27.459+0000] {logging_mixin.py:190} INFO - [2025-03-01T14:18:27.459+0000] {dag.py:4180} INFO - Setting next_dagrun for example_python_operator to None, run_after=None
[2025-03-01T14:18:27.476+0000] {processor.py:208} INFO - Processing /home/airflow/.local/lib/python3.12/site-packages/airflow/example_dags/example_python_operator.py took 0.074 seconds
[2025-03-01T14:18:57.663+0000] {processor.py:186} INFO - Started process (PID=239) to work on /home/airflow/.local/lib/python3.12/site-packages/airflow/example_dags/example_python_operator.py
[2025-03-01T14:18:57.664+0000] {processor.py:914} INFO - Processing file /home/airflow/.local/lib/python3.12/site-packages/airflow/example_dags/example_python_operator.py for tasks to queue
[2025-03-01T14:18:57.666+0000] {logging_mixin.py:190} INFO - [2025-03-01T14:18:57.666+0000] {dagbag.py:588} INFO - Filling up the DagBag from /home/airflow/.local/lib/python3.12/site-packages/airflow/example_dags/example_python_operator.py
[2025-03-01T14:18:57.679+0000] {processor.py:925} INFO - DAG(s) 'example_python_operator' retrieved from /home/airflow/.local/lib/python3.12/site-packages/airflow/example_dags/example_python_operator.py
[2025-03-01T14:18:57.700+0000] {logging_mixin.py:190} INFO - [2025-03-01T14:18:57.699+0000] {dag.py:3239} INFO - Sync 1 DAGs
[2025-03-01T14:18:57.715+0000] {logging_mixin.py:190} INFO - [2025-03-01T14:18:57.715+0000] {dag.py:4180} INFO - Setting next_dagrun for example_python_operator to None, run_after=None
[2025-03-01T14:18:57.731+0000] {processor.py:208} INFO - Processing /home/airflow/.local/lib/python3.12/site-packages/airflow/example_dags/example_python_operator.py took 0.074 seconds
[2025-03-01T14:19:28.359+0000] {processor.py:186} INFO - Started process (PID=308) to work on /home/airflow/.local/lib/python3.12/site-packages/airflow/example_dags/example_python_operator.py
[2025-03-01T14:19:28.360+0000] {processor.py:914} INFO - Processing file /home/airflow/.local/lib/python3.12/site-packages/airflow/example_dags/example_python_operator.py for tasks to queue
[2025-03-01T14:19:28.362+0000] {logging_mixin.py:190} INFO - [2025-03-01T14:19:28.362+0000] {dagbag.py:588} INFO - Filling up the DagBag from /home/airflow/.local/lib/python3.12/site-packages/airflow/example_dags/example_python_operator.py
[2025-03-01T14:19:28.374+0000] {processor.py:925} INFO - DAG(s) 'example_python_operator' retrieved from /home/airflow/.local/lib/python3.12/site-packages/airflow/example_dags/example_python_operator.py
[2025-03-01T14:19:28.396+0000] {logging_mixin.py:190} INFO - [2025-03-01T14:19:28.396+0000] {dag.py:3239} INFO - Sync 1 DAGs
[2025-03-01T14:19:28.411+0000] {logging_mixin.py:190} INFO - [2025-03-01T14:19:28.411+0000] {dag.py:4180} INFO - Setting next_dagrun for example_python_operator to None, run_after=None
[2025-03-01T14:19:28.428+0000] {processor.py:208} INFO - Processing /home/airflow/.local/lib/python3.12/site-packages/airflow/example_dags/example_python_operator.py took 0.074 seconds
[2025-03-01T14:19:58.877+0000] {processor.py:186} INFO - Started process (PID=371) to work on /home/airflow/.local/lib/python3.12/site-packages/airflow/example_dags/example_python_operator.py
[2025-03-01T14:19:58.877+0000] {processor.py:914} INFO - Processing file /home/airflow/.local/lib/python3.12/site-packages/airflow/example_dags/example_python_operator.py for tasks to queue
[2025-03-01T14:19:58.879+0000] {logging_mixin.py:190} INFO - [2025-03-01T14:19:58.879+0000] {dagbag.py:588} INFO - Filling up the DagBag from /home/airflow/.local/lib/python3.12/site-packages/airflow/example_dags/example_python_operator.py
[2025-03-01T14:19:58.891+0000] {processor.py:925} INFO - DAG(s) 'example_python_operator' retrieved from /home/airflow/.local/lib/python3.12/site-packages/airflow/example_dags/example_python_operator.py
[2025-03-01T14:19:58.915+0000] {logging_mixin.py:190} INFO - [2025-03-01T14:19:58.915+0000] {dag.py:3239} INFO - Sync 1 DAGs
[2025-03-01T14:19:58.930+0000] {logging_mixin.py:190} INFO - [2025-03-01T14:19:58.930+0000] {dag.py:4180} INFO - Setting next_dagrun for example_python_operator to None, run_after=None
[2025-03-01T14:19:58.947+0000] {processor.py:208} INFO - Processing /home/airflow/.local/lib/python3.12/site-packages/airflow/example_dags/example_python_operator.py took 0.076 seconds
[2025-03-01T14:20:30.467+0000] {processor.py:186} INFO - Started process (PID=434) to work on /home/airflow/.local/lib/python3.12/site-packages/airflow/example_dags/example_python_operator.py
[2025-03-01T14:20:30.470+0000] {processor.py:914} INFO - Processing file /home/airflow/.local/lib/python3.12/site-packages/airflow/example_dags/example_python_operator.py for tasks to queue
[2025-03-01T14:20:30.473+0000] {logging_mixin.py:190} INFO - [2025-03-01T14:20:30.472+0000] {dagbag.py:588} INFO - Filling up the DagBag from /home/airflow/.local/lib/python3.12/site-packages/airflow/example_dags/example_python_operator.py
[2025-03-01T14:20:30.501+0000] {processor.py:925} INFO - DAG(s) 'example_python_operator' retrieved from /home/airflow/.local/lib/python3.12/site-packages/airflow/example_dags/example_python_operator.py
[2025-03-01T14:20:30.556+0000] {logging_mixin.py:190} INFO - [2025-03-01T14:20:30.556+0000] {dag.py:3239} INFO - Sync 1 DAGs
[2025-03-01T14:20:30.602+0000] {logging_mixin.py:190} INFO - [2025-03-01T14:20:30.602+0000] {dag.py:4180} INFO - Setting next_dagrun for example_python_operator to None, run_after=None
[2025-03-01T14:20:30.672+0000] {processor.py:208} INFO - Processing /home/airflow/.local/lib/python3.12/site-packages/airflow/example_dags/example_python_operator.py took 0.226 seconds
[2025-03-01T14:21:01.507+0000] {processor.py:186} INFO - Started process (PID=496) to work on /home/airflow/.local/lib/python3.12/site-packages/airflow/example_dags/example_python_operator.py
[2025-03-01T14:21:01.508+0000] {processor.py:914} INFO - Processing file /home/airflow/.local/lib/python3.12/site-packages/airflow/example_dags/example_python_operator.py for tasks to queue
[2025-03-01T14:21:01.510+0000] {logging_mixin.py:190} INFO - [2025-03-01T14:21:01.510+0000] {dagbag.py:588} INFO - Filling up the DagBag from /home/airflow/.local/lib/python3.12/site-packages/airflow/example_dags/example_python_operator.py
[2025-03-01T14:21:01.529+0000] {processor.py:925} INFO - DAG(s) 'example_python_operator' retrieved from /home/airflow/.local/lib/python3.12/site-packages/airflow/example_dags/example_python_operator.py
[2025-03-01T14:21:01.551+0000] {logging_mixin.py:190} INFO - [2025-03-01T14:21:01.550+0000] {dag.py:3239} INFO - Sync 1 DAGs
[2025-03-01T14:21:01.575+0000] {logging_mixin.py:190} INFO - [2025-03-01T14:21:01.575+0000] {dag.py:4180} INFO - Setting next_dagrun for example_python_operator to None, run_after=None
[2025-03-01T14:21:01.609+0000] {processor.py:208} INFO - Processing /home/airflow/.local/lib/python3.12/site-packages/airflow/example_dags/example_python_operator.py took 0.109 seconds
[2025-03-01T14:21:32.022+0000] {processor.py:186} INFO - Started process (PID=559) to work on /home/airflow/.local/lib/python3.12/site-packages/airflow/example_dags/example_python_operator.py
[2025-03-01T14:21:32.023+0000] {processor.py:914} INFO - Processing file /home/airflow/.local/lib/python3.12/site-packages/airflow/example_dags/example_python_operator.py for tasks to queue
[2025-03-01T14:21:32.025+0000] {logging_mixin.py:190} INFO - [2025-03-01T14:21:32.024+0000] {dagbag.py:588} INFO - Filling up the DagBag from /home/airflow/.local/lib/python3.12/site-packages/airflow/example_dags/example_python_operator.py
[2025-03-01T14:21:32.036+0000] {processor.py:925} INFO - DAG(s) 'example_python_operator' retrieved from /home/airflow/.local/lib/python3.12/site-packages/airflow/example_dags/example_python_operator.py
[2025-03-01T14:21:32.059+0000] {logging_mixin.py:190} INFO - [2025-03-01T14:21:32.059+0000] {dag.py:3239} INFO - Sync 1 DAGs
[2025-03-01T14:21:32.074+0000] {logging_mixin.py:190} INFO - [2025-03-01T14:21:32.073+0000] {dag.py:4180} INFO - Setting next_dagrun for example_python_operator to None, run_after=None
[2025-03-01T14:21:32.090+0000] {processor.py:208} INFO - Processing /home/airflow/.local/lib/python3.12/site-packages/airflow/example_dags/example_python_operator.py took 0.074 seconds
[2025-03-01T14:22:03.069+0000] {processor.py:186} INFO - Started process (PID=622) to work on /home/airflow/.local/lib/python3.12/site-packages/airflow/example_dags/example_python_operator.py
[2025-03-01T14:22:03.069+0000] {processor.py:914} INFO - Processing file /home/airflow/.local/lib/python3.12/site-packages/airflow/example_dags/example_python_operator.py for tasks to queue
[2025-03-01T14:22:03.075+0000] {logging_mixin.py:190} INFO - [2025-03-01T14:22:03.075+0000] {dagbag.py:588} INFO - Filling up the DagBag from /home/airflow/.local/lib/python3.12/site-packages/airflow/example_dags/example_python_operator.py
[2025-03-01T14:22:03.089+0000] {processor.py:925} INFO - DAG(s) 'example_python_operator' retrieved from /home/airflow/.local/lib/python3.12/site-packages/airflow/example_dags/example_python_operator.py
[2025-03-01T14:22:03.118+0000] {logging_mixin.py:190} INFO - [2025-03-01T14:22:03.117+0000] {dag.py:3239} INFO - Sync 1 DAGs
[2025-03-01T14:22:03.133+0000] {logging_mixin.py:190} INFO - [2025-03-01T14:22:03.133+0000] {dag.py:4180} INFO - Setting next_dagrun for example_python_operator to None, run_after=None
[2025-03-01T14:22:03.149+0000] {processor.py:208} INFO - Processing /home/airflow/.local/lib/python3.12/site-packages/airflow/example_dags/example_python_operator.py took 0.086 seconds
[2025-03-01T14:22:34.677+0000] {processor.py:186} INFO - Started process (PID=686) to work on /home/airflow/.local/lib/python3.12/site-packages/airflow/example_dags/example_python_operator.py
[2025-03-01T14:22:34.678+0000] {processor.py:914} INFO - Processing file /home/airflow/.local/lib/python3.12/site-packages/airflow/example_dags/example_python_operator.py for tasks to queue
[2025-03-01T14:22:34.680+0000] {logging_mixin.py:190} INFO - [2025-03-01T14:22:34.680+0000] {dagbag.py:588} INFO - Filling up the DagBag from /home/airflow/.local/lib/python3.12/site-packages/airflow/example_dags/example_python_operator.py
[2025-03-01T14:22:34.693+0000] {processor.py:925} INFO - DAG(s) 'example_python_operator' retrieved from /home/airflow/.local/lib/python3.12/site-packages/airflow/example_dags/example_python_operator.py
[2025-03-01T14:22:34.715+0000] {logging_mixin.py:190} INFO - [2025-03-01T14:22:34.715+0000] {dag.py:3239} INFO - Sync 1 DAGs
[2025-03-01T14:22:34.731+0000] {logging_mixin.py:190} INFO - [2025-03-01T14:22:34.731+0000] {dag.py:4180} INFO - Setting next_dagrun for example_python_operator to None, run_after=None
[2025-03-01T14:22:34.747+0000] {processor.py:208} INFO - Processing /home/airflow/.local/lib/python3.12/site-packages/airflow/example_dags/example_python_operator.py took 0.075 seconds
[2025-03-01T14:23:06.063+0000] {processor.py:186} INFO - Started process (PID=753) to work on /home/airflow/.local/lib/python3.12/site-packages/airflow/example_dags/example_python_operator.py
[2025-03-01T14:23:06.065+0000] {processor.py:914} INFO - Processing file /home/airflow/.local/lib/python3.12/site-packages/airflow/example_dags/example_python_operator.py for tasks to queue
[2025-03-01T14:23:06.068+0000] {logging_mixin.py:190} INFO - [2025-03-01T14:23:06.067+0000] {dagbag.py:588} INFO - Filling up the DagBag from /home/airflow/.local/lib/python3.12/site-packages/airflow/example_dags/example_python_operator.py
[2025-03-01T14:23:06.082+0000] {processor.py:925} INFO - DAG(s) 'example_python_operator' retrieved from /home/airflow/.local/lib/python3.12/site-packages/airflow/example_dags/example_python_operator.py
[2025-03-01T14:23:06.107+0000] {logging_mixin.py:190} INFO - [2025-03-01T14:23:06.107+0000] {dag.py:3239} INFO - Sync 1 DAGs
[2025-03-01T14:23:06.139+0000] {logging_mixin.py:190} INFO - [2025-03-01T14:23:06.139+0000] {dag.py:4180} INFO - Setting next_dagrun for example_python_operator to None, run_after=None
[2025-03-01T14:23:06.180+0000] {processor.py:208} INFO - Processing /home/airflow/.local/lib/python3.12/site-packages/airflow/example_dags/example_python_operator.py took 0.122 seconds
[2025-03-01T14:23:37.236+0000] {processor.py:186} INFO - Started process (PID=817) to work on /home/airflow/.local/lib/python3.12/site-packages/airflow/example_dags/example_python_operator.py
[2025-03-01T14:23:37.237+0000] {processor.py:914} INFO - Processing file /home/airflow/.local/lib/python3.12/site-packages/airflow/example_dags/example_python_operator.py for tasks to queue
[2025-03-01T14:23:37.239+0000] {logging_mixin.py:190} INFO - [2025-03-01T14:23:37.239+0000] {dagbag.py:588} INFO - Filling up the DagBag from /home/airflow/.local/lib/python3.12/site-packages/airflow/example_dags/example_python_operator.py
[2025-03-01T14:23:37.252+0000] {processor.py:925} INFO - DAG(s) 'example_python_operator' retrieved from /home/airflow/.local/lib/python3.12/site-packages/airflow/example_dags/example_python_operator.py
[2025-03-01T14:23:37.273+0000] {logging_mixin.py:190} INFO - [2025-03-01T14:23:37.273+0000] {dag.py:3239} INFO - Sync 1 DAGs
[2025-03-01T14:23:37.288+0000] {logging_mixin.py:190} INFO - [2025-03-01T14:23:37.287+0000] {dag.py:4180} INFO - Setting next_dagrun for example_python_operator to None, run_after=None
[2025-03-01T14:23:37.315+0000] {processor.py:208} INFO - Processing /home/airflow/.local/lib/python3.12/site-packages/airflow/example_dags/example_python_operator.py took 0.085 seconds
[2025-03-01T14:24:09.033+0000] {processor.py:186} INFO - Started process (PID=885) to work on /home/airflow/.local/lib/python3.12/site-packages/airflow/example_dags/example_python_operator.py
[2025-03-01T14:24:09.033+0000] {processor.py:914} INFO - Processing file /home/airflow/.local/lib/python3.12/site-packages/airflow/example_dags/example_python_operator.py for tasks to queue
[2025-03-01T14:24:09.036+0000] {logging_mixin.py:190} INFO - [2025-03-01T14:24:09.035+0000] {dagbag.py:588} INFO - Filling up the DagBag from /home/airflow/.local/lib/python3.12/site-packages/airflow/example_dags/example_python_operator.py
[2025-03-01T14:24:09.057+0000] {processor.py:925} INFO - DAG(s) 'example_python_operator' retrieved from /home/airflow/.local/lib/python3.12/site-packages/airflow/example_dags/example_python_operator.py
[2025-03-01T14:24:09.080+0000] {logging_mixin.py:190} INFO - [2025-03-01T14:24:09.080+0000] {dag.py:3239} INFO - Sync 1 DAGs
[2025-03-01T14:24:09.095+0000] {logging_mixin.py:190} INFO - [2025-03-01T14:24:09.095+0000] {dag.py:4180} INFO - Setting next_dagrun for example_python_operator to None, run_after=None
[2025-03-01T14:24:09.111+0000] {processor.py:208} INFO - Processing /home/airflow/.local/lib/python3.12/site-packages/airflow/example_dags/example_python_operator.py took 0.085 seconds
[2025-03-01T14:24:40.877+0000] {processor.py:186} INFO - Started process (PID=950) to work on /home/airflow/.local/lib/python3.12/site-packages/airflow/example_dags/example_python_operator.py
[2025-03-01T14:24:40.878+0000] {processor.py:914} INFO - Processing file /home/airflow/.local/lib/python3.12/site-packages/airflow/example_dags/example_python_operator.py for tasks to queue
[2025-03-01T14:24:40.880+0000] {logging_mixin.py:190} INFO - [2025-03-01T14:24:40.880+0000] {dagbag.py:588} INFO - Filling up the DagBag from /home/airflow/.local/lib/python3.12/site-packages/airflow/example_dags/example_python_operator.py
[2025-03-01T14:24:40.893+0000] {processor.py:925} INFO - DAG(s) 'example_python_operator' retrieved from /home/airflow/.local/lib/python3.12/site-packages/airflow/example_dags/example_python_operator.py
[2025-03-01T14:24:40.914+0000] {logging_mixin.py:190} INFO - [2025-03-01T14:24:40.914+0000] {dag.py:3239} INFO - Sync 1 DAGs
[2025-03-01T14:24:40.929+0000] {logging_mixin.py:190} INFO - [2025-03-01T14:24:40.928+0000] {dag.py:4180} INFO - Setting next_dagrun for example_python_operator to None, run_after=None
[2025-03-01T14:24:40.943+0000] {processor.py:208} INFO - Processing /home/airflow/.local/lib/python3.12/site-packages/airflow/example_dags/example_python_operator.py took 0.072 seconds
[2025-03-01T14:25:12.154+0000] {processor.py:186} INFO - Started process (PID=1013) to work on /home/airflow/.local/lib/python3.12/site-packages/airflow/example_dags/example_python_operator.py
[2025-03-01T14:25:12.155+0000] {processor.py:914} INFO - Processing file /home/airflow/.local/lib/python3.12/site-packages/airflow/example_dags/example_python_operator.py for tasks to queue
[2025-03-01T14:25:12.157+0000] {logging_mixin.py:190} INFO - [2025-03-01T14:25:12.157+0000] {dagbag.py:588} INFO - Filling up the DagBag from /home/airflow/.local/lib/python3.12/site-packages/airflow/example_dags/example_python_operator.py
[2025-03-01T14:25:12.169+0000] {processor.py:925} INFO - DAG(s) 'example_python_operator' retrieved from /home/airflow/.local/lib/python3.12/site-packages/airflow/example_dags/example_python_operator.py
[2025-03-01T14:25:12.191+0000] {logging_mixin.py:190} INFO - [2025-03-01T14:25:12.191+0000] {dag.py:3239} INFO - Sync 1 DAGs
[2025-03-01T14:25:12.205+0000] {logging_mixin.py:190} INFO - [2025-03-01T14:25:12.205+0000] {dag.py:4180} INFO - Setting next_dagrun for example_python_operator to None, run_after=None
[2025-03-01T14:25:12.222+0000] {processor.py:208} INFO - Processing /home/airflow/.local/lib/python3.12/site-packages/airflow/example_dags/example_python_operator.py took 0.073 seconds
[2025-03-01T14:25:42.963+0000] {processor.py:186} INFO - Started process (PID=1076) to work on /home/airflow/.local/lib/python3.12/site-packages/airflow/example_dags/example_python_operator.py
[2025-03-01T14:25:42.963+0000] {processor.py:914} INFO - Processing file /home/airflow/.local/lib/python3.12/site-packages/airflow/example_dags/example_python_operator.py for tasks to queue
[2025-03-01T14:25:42.965+0000] {logging_mixin.py:190} INFO - [2025-03-01T14:25:42.965+0000] {dagbag.py:588} INFO - Filling up the DagBag from /home/airflow/.local/lib/python3.12/site-packages/airflow/example_dags/example_python_operator.py
[2025-03-01T14:25:42.978+0000] {processor.py:925} INFO - DAG(s) 'example_python_operator' retrieved from /home/airflow/.local/lib/python3.12/site-packages/airflow/example_dags/example_python_operator.py
[2025-03-01T14:25:43.007+0000] {logging_mixin.py:190} INFO - [2025-03-01T14:25:43.007+0000] {dag.py:3239} INFO - Sync 1 DAGs
[2025-03-01T14:25:43.022+0000] {logging_mixin.py:190} INFO - [2025-03-01T14:25:43.022+0000] {dag.py:4180} INFO - Setting next_dagrun for example_python_operator to None, run_after=None
[2025-03-01T14:25:43.038+0000] {processor.py:208} INFO - Processing /home/airflow/.local/lib/python3.12/site-packages/airflow/example_dags/example_python_operator.py took 0.082 seconds
[2025-03-01T14:26:14.586+0000] {processor.py:186} INFO - Started process (PID=1137) to work on /home/airflow/.local/lib/python3.12/site-packages/airflow/example_dags/example_python_operator.py
[2025-03-01T14:26:14.587+0000] {processor.py:914} INFO - Processing file /home/airflow/.local/lib/python3.12/site-packages/airflow/example_dags/example_python_operator.py for tasks to queue
[2025-03-01T14:26:14.589+0000] {logging_mixin.py:190} INFO - [2025-03-01T14:26:14.589+0000] {dagbag.py:588} INFO - Filling up the DagBag from /home/airflow/.local/lib/python3.12/site-packages/airflow/example_dags/example_python_operator.py
[2025-03-01T14:26:14.603+0000] {processor.py:925} INFO - DAG(s) 'example_python_operator' retrieved from /home/airflow/.local/lib/python3.12/site-packages/airflow/example_dags/example_python_operator.py
[2025-03-01T14:26:14.631+0000] {logging_mixin.py:190} INFO - [2025-03-01T14:26:14.631+0000] {dag.py:3239} INFO - Sync 1 DAGs
[2025-03-01T14:26:14.644+0000] {logging_mixin.py:190} INFO - [2025-03-01T14:26:14.644+0000] {dag.py:4180} INFO - Setting next_dagrun for example_python_operator to None, run_after=None
[2025-03-01T14:26:14.659+0000] {processor.py:208} INFO - Processing /home/airflow/.local/lib/python3.12/site-packages/airflow/example_dags/example_python_operator.py took 0.079 seconds
[2025-03-01T14:26:46.523+0000] {processor.py:186} INFO - Started process (PID=1206) to work on /home/airflow/.local/lib/python3.12/site-packages/airflow/example_dags/example_python_operator.py
[2025-03-01T14:26:46.523+0000] {processor.py:914} INFO - Processing file /home/airflow/.local/lib/python3.12/site-packages/airflow/example_dags/example_python_operator.py for tasks to queue
[2025-03-01T14:26:46.525+0000] {logging_mixin.py:190} INFO - [2025-03-01T14:26:46.525+0000] {dagbag.py:588} INFO - Filling up the DagBag from /home/airflow/.local/lib/python3.12/site-packages/airflow/example_dags/example_python_operator.py
[2025-03-01T14:26:46.538+0000] {processor.py:925} INFO - DAG(s) 'example_python_operator' retrieved from /home/airflow/.local/lib/python3.12/site-packages/airflow/example_dags/example_python_operator.py
[2025-03-01T14:26:46.559+0000] {logging_mixin.py:190} INFO - [2025-03-01T14:26:46.559+0000] {dag.py:3239} INFO - Sync 1 DAGs
[2025-03-01T14:26:46.574+0000] {logging_mixin.py:190} INFO - [2025-03-01T14:26:46.574+0000] {dag.py:4180} INFO - Setting next_dagrun for example_python_operator to None, run_after=None
[2025-03-01T14:26:46.590+0000] {processor.py:208} INFO - Processing /home/airflow/.local/lib/python3.12/site-packages/airflow/example_dags/example_python_operator.py took 0.073 seconds
[2025-03-01T14:27:18.290+0000] {processor.py:186} INFO - Started process (PID=1269) to work on /home/airflow/.local/lib/python3.12/site-packages/airflow/example_dags/example_python_operator.py
[2025-03-01T14:27:18.291+0000] {processor.py:914} INFO - Processing file /home/airflow/.local/lib/python3.12/site-packages/airflow/example_dags/example_python_operator.py for tasks to queue
[2025-03-01T14:27:18.293+0000] {logging_mixin.py:190} INFO - [2025-03-01T14:27:18.293+0000] {dagbag.py:588} INFO - Filling up the DagBag from /home/airflow/.local/lib/python3.12/site-packages/airflow/example_dags/example_python_operator.py
[2025-03-01T14:27:18.304+0000] {processor.py:925} INFO - DAG(s) 'example_python_operator' retrieved from /home/airflow/.local/lib/python3.12/site-packages/airflow/example_dags/example_python_operator.py
[2025-03-01T14:27:18.327+0000] {logging_mixin.py:190} INFO - [2025-03-01T14:27:18.326+0000] {dag.py:3239} INFO - Sync 1 DAGs
[2025-03-01T14:27:18.341+0000] {logging_mixin.py:190} INFO - [2025-03-01T14:27:18.341+0000] {dag.py:4180} INFO - Setting next_dagrun for example_python_operator to None, run_after=None
[2025-03-01T14:27:18.358+0000] {processor.py:208} INFO - Processing /home/airflow/.local/lib/python3.12/site-packages/airflow/example_dags/example_python_operator.py took 0.073 seconds
[2025-03-01T14:27:49.756+0000] {processor.py:186} INFO - Started process (PID=1332) to work on /home/airflow/.local/lib/python3.12/site-packages/airflow/example_dags/example_python_operator.py
[2025-03-01T14:27:49.757+0000] {processor.py:914} INFO - Processing file /home/airflow/.local/lib/python3.12/site-packages/airflow/example_dags/example_python_operator.py for tasks to queue
[2025-03-01T14:27:49.759+0000] {logging_mixin.py:190} INFO - [2025-03-01T14:27:49.759+0000] {dagbag.py:588} INFO - Filling up the DagBag from /home/airflow/.local/lib/python3.12/site-packages/airflow/example_dags/example_python_operator.py
[2025-03-01T14:27:49.771+0000] {processor.py:925} INFO - DAG(s) 'example_python_operator' retrieved from /home/airflow/.local/lib/python3.12/site-packages/airflow/example_dags/example_python_operator.py
[2025-03-01T14:27:49.806+0000] {logging_mixin.py:190} INFO - [2025-03-01T14:27:49.805+0000] {dag.py:3239} INFO - Sync 1 DAGs
[2025-03-01T14:27:49.821+0000] {logging_mixin.py:190} INFO - [2025-03-01T14:27:49.821+0000] {dag.py:4180} INFO - Setting next_dagrun for example_python_operator to None, run_after=None
[2025-03-01T14:27:49.845+0000] {processor.py:208} INFO - Processing /home/airflow/.local/lib/python3.12/site-packages/airflow/example_dags/example_python_operator.py took 0.095 seconds
[2025-03-01T14:28:21.302+0000] {processor.py:186} INFO - Started process (PID=1400) to work on /home/airflow/.local/lib/python3.12/site-packages/airflow/example_dags/example_python_operator.py
[2025-03-01T14:28:21.302+0000] {processor.py:914} INFO - Processing file /home/airflow/.local/lib/python3.12/site-packages/airflow/example_dags/example_python_operator.py for tasks to queue
[2025-03-01T14:28:21.305+0000] {logging_mixin.py:190} INFO - [2025-03-01T14:28:21.304+0000] {dagbag.py:588} INFO - Filling up the DagBag from /home/airflow/.local/lib/python3.12/site-packages/airflow/example_dags/example_python_operator.py
[2025-03-01T14:28:21.317+0000] {processor.py:925} INFO - DAG(s) 'example_python_operator' retrieved from /home/airflow/.local/lib/python3.12/site-packages/airflow/example_dags/example_python_operator.py
[2025-03-01T14:28:21.340+0000] {logging_mixin.py:190} INFO - [2025-03-01T14:28:21.340+0000] {dag.py:3239} INFO - Sync 1 DAGs
[2025-03-01T14:28:21.355+0000] {logging_mixin.py:190} INFO - [2025-03-01T14:28:21.355+0000] {dag.py:4180} INFO - Setting next_dagrun for example_python_operator to None, run_after=None
[2025-03-01T14:28:21.374+0000] {processor.py:208} INFO - Processing /home/airflow/.local/lib/python3.12/site-packages/airflow/example_dags/example_python_operator.py took 0.079 seconds
[2025-03-01T14:28:53.104+0000] {processor.py:186} INFO - Started process (PID=1463) to work on /home/airflow/.local/lib/python3.12/site-packages/airflow/example_dags/example_python_operator.py
[2025-03-01T14:28:53.105+0000] {processor.py:914} INFO - Processing file /home/airflow/.local/lib/python3.12/site-packages/airflow/example_dags/example_python_operator.py for tasks to queue
[2025-03-01T14:28:53.127+0000] {logging_mixin.py:190} INFO - [2025-03-01T14:28:53.126+0000] {dagbag.py:588} INFO - Filling up the DagBag from /home/airflow/.local/lib/python3.12/site-packages/airflow/example_dags/example_python_operator.py
[2025-03-01T14:28:53.156+0000] {processor.py:925} INFO - DAG(s) 'example_python_operator' retrieved from /home/airflow/.local/lib/python3.12/site-packages/airflow/example_dags/example_python_operator.py
[2025-03-01T14:28:53.194+0000] {logging_mixin.py:190} INFO - [2025-03-01T14:28:53.193+0000] {dag.py:3239} INFO - Sync 1 DAGs
[2025-03-01T14:28:53.208+0000] {logging_mixin.py:190} INFO - [2025-03-01T14:28:53.208+0000] {dag.py:4180} INFO - Setting next_dagrun for example_python_operator to None, run_after=None
[2025-03-01T14:28:53.228+0000] {processor.py:208} INFO - Processing /home/airflow/.local/lib/python3.12/site-packages/airflow/example_dags/example_python_operator.py took 0.130 seconds
[2025-03-01T14:29:24.250+0000] {processor.py:186} INFO - Started process (PID=1530) to work on /home/airflow/.local/lib/python3.12/site-packages/airflow/example_dags/example_python_operator.py
[2025-03-01T14:29:24.251+0000] {processor.py:914} INFO - Processing file /home/airflow/.local/lib/python3.12/site-packages/airflow/example_dags/example_python_operator.py for tasks to queue
[2025-03-01T14:29:24.253+0000] {logging_mixin.py:190} INFO - [2025-03-01T14:29:24.253+0000] {dagbag.py:588} INFO - Filling up the DagBag from /home/airflow/.local/lib/python3.12/site-packages/airflow/example_dags/example_python_operator.py
[2025-03-01T14:29:24.266+0000] {processor.py:925} INFO - DAG(s) 'example_python_operator' retrieved from /home/airflow/.local/lib/python3.12/site-packages/airflow/example_dags/example_python_operator.py
[2025-03-01T14:29:24.289+0000] {logging_mixin.py:190} INFO - [2025-03-01T14:29:24.289+0000] {dag.py:3239} INFO - Sync 1 DAGs
[2025-03-01T14:29:24.304+0000] {logging_mixin.py:190} INFO - [2025-03-01T14:29:24.304+0000] {dag.py:4180} INFO - Setting next_dagrun for example_python_operator to None, run_after=None
[2025-03-01T14:29:24.320+0000] {processor.py:208} INFO - Processing /home/airflow/.local/lib/python3.12/site-packages/airflow/example_dags/example_python_operator.py took 0.075 seconds
[2025-03-01T14:29:55.312+0000] {processor.py:186} INFO - Started process (PID=1592) to work on /home/airflow/.local/lib/python3.12/site-packages/airflow/example_dags/example_python_operator.py
[2025-03-01T14:29:55.313+0000] {processor.py:914} INFO - Processing file /home/airflow/.local/lib/python3.12/site-packages/airflow/example_dags/example_python_operator.py for tasks to queue
[2025-03-01T14:29:55.315+0000] {logging_mixin.py:190} INFO - [2025-03-01T14:29:55.315+0000] {dagbag.py:588} INFO - Filling up the DagBag from /home/airflow/.local/lib/python3.12/site-packages/airflow/example_dags/example_python_operator.py
[2025-03-01T14:29:55.327+0000] {processor.py:925} INFO - DAG(s) 'example_python_operator' retrieved from /home/airflow/.local/lib/python3.12/site-packages/airflow/example_dags/example_python_operator.py
[2025-03-01T14:29:55.350+0000] {logging_mixin.py:190} INFO - [2025-03-01T14:29:55.350+0000] {dag.py:3239} INFO - Sync 1 DAGs
[2025-03-01T14:29:55.366+0000] {logging_mixin.py:190} INFO - [2025-03-01T14:29:55.365+0000] {dag.py:4180} INFO - Setting next_dagrun for example_python_operator to None, run_after=None
[2025-03-01T14:29:55.382+0000] {processor.py:208} INFO - Processing /home/airflow/.local/lib/python3.12/site-packages/airflow/example_dags/example_python_operator.py took 0.082 seconds
[2025-03-01T14:30:25.868+0000] {processor.py:186} INFO - Started process (PID=1654) to work on /home/airflow/.local/lib/python3.12/site-packages/airflow/example_dags/example_python_operator.py
[2025-03-01T14:30:25.869+0000] {processor.py:914} INFO - Processing file /home/airflow/.local/lib/python3.12/site-packages/airflow/example_dags/example_python_operator.py for tasks to queue
[2025-03-01T14:30:25.872+0000] {logging_mixin.py:190} INFO - [2025-03-01T14:30:25.871+0000] {dagbag.py:588} INFO - Filling up the DagBag from /home/airflow/.local/lib/python3.12/site-packages/airflow/example_dags/example_python_operator.py
[2025-03-01T14:30:25.884+0000] {processor.py:925} INFO - DAG(s) 'example_python_operator' retrieved from /home/airflow/.local/lib/python3.12/site-packages/airflow/example_dags/example_python_operator.py
[2025-03-01T14:30:25.908+0000] {logging_mixin.py:190} INFO - [2025-03-01T14:30:25.907+0000] {dag.py:3239} INFO - Sync 1 DAGs
[2025-03-01T14:30:25.923+0000] {logging_mixin.py:190} INFO - [2025-03-01T14:30:25.923+0000] {dag.py:4180} INFO - Setting next_dagrun for example_python_operator to None, run_after=None
[2025-03-01T14:30:25.938+0000] {processor.py:208} INFO - Processing /home/airflow/.local/lib/python3.12/site-packages/airflow/example_dags/example_python_operator.py took 0.076 seconds
[2025-03-01T14:30:56.733+0000] {processor.py:186} INFO - Started process (PID=1718) to work on /home/airflow/.local/lib/python3.12/site-packages/airflow/example_dags/example_python_operator.py
[2025-03-01T14:30:56.734+0000] {processor.py:914} INFO - Processing file /home/airflow/.local/lib/python3.12/site-packages/airflow/example_dags/example_python_operator.py for tasks to queue
[2025-03-01T14:30:56.736+0000] {logging_mixin.py:190} INFO - [2025-03-01T14:30:56.735+0000] {dagbag.py:588} INFO - Filling up the DagBag from /home/airflow/.local/lib/python3.12/site-packages/airflow/example_dags/example_python_operator.py
[2025-03-01T14:30:56.758+0000] {processor.py:925} INFO - DAG(s) 'example_python_operator' retrieved from /home/airflow/.local/lib/python3.12/site-packages/airflow/example_dags/example_python_operator.py
[2025-03-01T14:30:56.799+0000] {logging_mixin.py:190} INFO - [2025-03-01T14:30:56.799+0000] {dag.py:3239} INFO - Sync 1 DAGs
[2025-03-01T14:30:56.834+0000] {logging_mixin.py:190} INFO - [2025-03-01T14:30:56.834+0000] {dag.py:4180} INFO - Setting next_dagrun for example_python_operator to None, run_after=None
[2025-03-01T14:30:56.871+0000] {processor.py:208} INFO - Processing /home/airflow/.local/lib/python3.12/site-packages/airflow/example_dags/example_python_operator.py took 0.146 seconds
[2025-03-01T14:31:26.945+0000] {processor.py:186} INFO - Started process (PID=1782) to work on /home/airflow/.local/lib/python3.12/site-packages/airflow/example_dags/example_python_operator.py
[2025-03-01T14:31:26.946+0000] {processor.py:914} INFO - Processing file /home/airflow/.local/lib/python3.12/site-packages/airflow/example_dags/example_python_operator.py for tasks to queue
[2025-03-01T14:31:26.948+0000] {logging_mixin.py:190} INFO - [2025-03-01T14:31:26.948+0000] {dagbag.py:588} INFO - Filling up the DagBag from /home/airflow/.local/lib/python3.12/site-packages/airflow/example_dags/example_python_operator.py
[2025-03-01T14:31:26.962+0000] {processor.py:925} INFO - DAG(s) 'example_python_operator' retrieved from /home/airflow/.local/lib/python3.12/site-packages/airflow/example_dags/example_python_operator.py
[2025-03-01T14:31:26.984+0000] {logging_mixin.py:190} INFO - [2025-03-01T14:31:26.983+0000] {dag.py:3239} INFO - Sync 1 DAGs
[2025-03-01T14:31:26.998+0000] {logging_mixin.py:190} INFO - [2025-03-01T14:31:26.998+0000] {dag.py:4180} INFO - Setting next_dagrun for example_python_operator to None, run_after=None
[2025-03-01T14:31:27.014+0000] {processor.py:208} INFO - Processing /home/airflow/.local/lib/python3.12/site-packages/airflow/example_dags/example_python_operator.py took 0.074 seconds
[2025-03-01T14:31:57.858+0000] {processor.py:186} INFO - Started process (PID=1845) to work on /home/airflow/.local/lib/python3.12/site-packages/airflow/example_dags/example_python_operator.py
[2025-03-01T14:31:57.858+0000] {processor.py:914} INFO - Processing file /home/airflow/.local/lib/python3.12/site-packages/airflow/example_dags/example_python_operator.py for tasks to queue
[2025-03-01T14:31:57.860+0000] {logging_mixin.py:190} INFO - [2025-03-01T14:31:57.860+0000] {dagbag.py:588} INFO - Filling up the DagBag from /home/airflow/.local/lib/python3.12/site-packages/airflow/example_dags/example_python_operator.py
[2025-03-01T14:31:57.873+0000] {processor.py:925} INFO - DAG(s) 'example_python_operator' retrieved from /home/airflow/.local/lib/python3.12/site-packages/airflow/example_dags/example_python_operator.py
[2025-03-01T14:31:57.918+0000] {logging_mixin.py:190} INFO - [2025-03-01T14:31:57.918+0000] {dag.py:3239} INFO - Sync 1 DAGs
[2025-03-01T14:31:57.936+0000] {logging_mixin.py:190} INFO - [2025-03-01T14:31:57.935+0000] {dag.py:4180} INFO - Setting next_dagrun for example_python_operator to None, run_after=None
[2025-03-01T14:31:57.991+0000] {processor.py:208} INFO - Processing /home/airflow/.local/lib/python3.12/site-packages/airflow/example_dags/example_python_operator.py took 0.165 seconds
[2025-03-01T14:32:28.059+0000] {processor.py:186} INFO - Started process (PID=1908) to work on /home/airflow/.local/lib/python3.12/site-packages/airflow/example_dags/example_python_operator.py
[2025-03-01T14:32:28.059+0000] {processor.py:914} INFO - Processing file /home/airflow/.local/lib/python3.12/site-packages/airflow/example_dags/example_python_operator.py for tasks to queue
[2025-03-01T14:32:28.061+0000] {logging_mixin.py:190} INFO - [2025-03-01T14:32:28.060+0000] {dagbag.py:588} INFO - Filling up the DagBag from /home/airflow/.local/lib/python3.12/site-packages/airflow/example_dags/example_python_operator.py
[2025-03-01T14:32:28.070+0000] {processor.py:925} INFO - DAG(s) 'example_python_operator' retrieved from /home/airflow/.local/lib/python3.12/site-packages/airflow/example_dags/example_python_operator.py
[2025-03-01T14:32:28.085+0000] {logging_mixin.py:190} INFO - [2025-03-01T14:32:28.085+0000] {dag.py:3239} INFO - Sync 1 DAGs
[2025-03-01T14:32:28.095+0000] {logging_mixin.py:190} INFO - [2025-03-01T14:32:28.095+0000] {dag.py:4180} INFO - Setting next_dagrun for example_python_operator to None, run_after=None
[2025-03-01T14:32:28.107+0000] {processor.py:208} INFO - Processing /home/airflow/.local/lib/python3.12/site-packages/airflow/example_dags/example_python_operator.py took 0.053 seconds
[2025-03-01T14:32:58.171+0000] {processor.py:186} INFO - Started process (PID=1971) to work on /home/airflow/.local/lib/python3.12/site-packages/airflow/example_dags/example_python_operator.py
[2025-03-01T14:32:58.172+0000] {processor.py:914} INFO - Processing file /home/airflow/.local/lib/python3.12/site-packages/airflow/example_dags/example_python_operator.py for tasks to queue
[2025-03-01T14:32:58.174+0000] {logging_mixin.py:190} INFO - [2025-03-01T14:32:58.174+0000] {dagbag.py:588} INFO - Filling up the DagBag from /home/airflow/.local/lib/python3.12/site-packages/airflow/example_dags/example_python_operator.py
[2025-03-01T14:32:58.188+0000] {processor.py:925} INFO - DAG(s) 'example_python_operator' retrieved from /home/airflow/.local/lib/python3.12/site-packages/airflow/example_dags/example_python_operator.py
[2025-03-01T14:32:58.203+0000] {logging_mixin.py:190} INFO - [2025-03-01T14:32:58.203+0000] {dag.py:3239} INFO - Sync 1 DAGs
[2025-03-01T14:32:58.214+0000] {logging_mixin.py:190} INFO - [2025-03-01T14:32:58.214+0000] {dag.py:4180} INFO - Setting next_dagrun for example_python_operator to None, run_after=None
[2025-03-01T14:32:58.225+0000] {processor.py:208} INFO - Processing /home/airflow/.local/lib/python3.12/site-packages/airflow/example_dags/example_python_operator.py took 0.060 seconds
[2025-03-01T14:33:28.636+0000] {processor.py:186} INFO - Started process (PID=2034) to work on /home/airflow/.local/lib/python3.12/site-packages/airflow/example_dags/example_python_operator.py
[2025-03-01T14:33:28.638+0000] {processor.py:914} INFO - Processing file /home/airflow/.local/lib/python3.12/site-packages/airflow/example_dags/example_python_operator.py for tasks to queue
[2025-03-01T14:33:28.640+0000] {logging_mixin.py:190} INFO - [2025-03-01T14:33:28.639+0000] {dagbag.py:588} INFO - Filling up the DagBag from /home/airflow/.local/lib/python3.12/site-packages/airflow/example_dags/example_python_operator.py
[2025-03-01T14:33:28.654+0000] {processor.py:925} INFO - DAG(s) 'example_python_operator' retrieved from /home/airflow/.local/lib/python3.12/site-packages/airflow/example_dags/example_python_operator.py
[2025-03-01T14:33:28.681+0000] {logging_mixin.py:190} INFO - [2025-03-01T14:33:28.681+0000] {dag.py:3239} INFO - Sync 1 DAGs
[2025-03-01T14:33:28.696+0000] {logging_mixin.py:190} INFO - [2025-03-01T14:33:28.695+0000] {dag.py:4180} INFO - Setting next_dagrun for example_python_operator to None, run_after=None
[2025-03-01T14:33:28.712+0000] {processor.py:208} INFO - Processing /home/airflow/.local/lib/python3.12/site-packages/airflow/example_dags/example_python_operator.py took 0.083 seconds
[2025-03-01T14:33:58.902+0000] {processor.py:186} INFO - Started process (PID=2097) to work on /home/airflow/.local/lib/python3.12/site-packages/airflow/example_dags/example_python_operator.py
[2025-03-01T14:33:58.902+0000] {processor.py:914} INFO - Processing file /home/airflow/.local/lib/python3.12/site-packages/airflow/example_dags/example_python_operator.py for tasks to queue
[2025-03-01T14:33:58.904+0000] {logging_mixin.py:190} INFO - [2025-03-01T14:33:58.904+0000] {dagbag.py:588} INFO - Filling up the DagBag from /home/airflow/.local/lib/python3.12/site-packages/airflow/example_dags/example_python_operator.py
[2025-03-01T14:33:58.916+0000] {processor.py:925} INFO - DAG(s) 'example_python_operator' retrieved from /home/airflow/.local/lib/python3.12/site-packages/airflow/example_dags/example_python_operator.py
[2025-03-01T14:33:58.937+0000] {logging_mixin.py:190} INFO - [2025-03-01T14:33:58.936+0000] {dag.py:3239} INFO - Sync 1 DAGs
[2025-03-01T14:33:58.952+0000] {logging_mixin.py:190} INFO - [2025-03-01T14:33:58.951+0000] {dag.py:4180} INFO - Setting next_dagrun for example_python_operator to None, run_after=None
[2025-03-01T14:33:58.967+0000] {processor.py:208} INFO - Processing /home/airflow/.local/lib/python3.12/site-packages/airflow/example_dags/example_python_operator.py took 0.071 seconds
[2025-03-01T14:34:29.216+0000] {processor.py:186} INFO - Started process (PID=2159) to work on /home/airflow/.local/lib/python3.12/site-packages/airflow/example_dags/example_python_operator.py
[2025-03-01T14:34:29.216+0000] {processor.py:914} INFO - Processing file /home/airflow/.local/lib/python3.12/site-packages/airflow/example_dags/example_python_operator.py for tasks to queue
[2025-03-01T14:34:29.219+0000] {logging_mixin.py:190} INFO - [2025-03-01T14:34:29.218+0000] {dagbag.py:588} INFO - Filling up the DagBag from /home/airflow/.local/lib/python3.12/site-packages/airflow/example_dags/example_python_operator.py
[2025-03-01T14:34:29.231+0000] {processor.py:925} INFO - DAG(s) 'example_python_operator' retrieved from /home/airflow/.local/lib/python3.12/site-packages/airflow/example_dags/example_python_operator.py
[2025-03-01T14:34:29.254+0000] {logging_mixin.py:190} INFO - [2025-03-01T14:34:29.254+0000] {dag.py:3239} INFO - Sync 1 DAGs
[2025-03-01T14:34:29.269+0000] {logging_mixin.py:190} INFO - [2025-03-01T14:34:29.269+0000] {dag.py:4180} INFO - Setting next_dagrun for example_python_operator to None, run_after=None
[2025-03-01T14:34:29.285+0000] {processor.py:208} INFO - Processing /home/airflow/.local/lib/python3.12/site-packages/airflow/example_dags/example_python_operator.py took 0.075 seconds
[2025-03-01T14:34:59.561+0000] {processor.py:186} INFO - Started process (PID=2222) to work on /home/airflow/.local/lib/python3.12/site-packages/airflow/example_dags/example_python_operator.py
[2025-03-01T14:34:59.562+0000] {processor.py:914} INFO - Processing file /home/airflow/.local/lib/python3.12/site-packages/airflow/example_dags/example_python_operator.py for tasks to queue
[2025-03-01T14:34:59.564+0000] {logging_mixin.py:190} INFO - [2025-03-01T14:34:59.564+0000] {dagbag.py:588} INFO - Filling up the DagBag from /home/airflow/.local/lib/python3.12/site-packages/airflow/example_dags/example_python_operator.py
[2025-03-01T14:34:59.576+0000] {processor.py:925} INFO - DAG(s) 'example_python_operator' retrieved from /home/airflow/.local/lib/python3.12/site-packages/airflow/example_dags/example_python_operator.py
[2025-03-01T14:34:59.598+0000] {logging_mixin.py:190} INFO - [2025-03-01T14:34:59.597+0000] {dag.py:3239} INFO - Sync 1 DAGs
[2025-03-01T14:34:59.613+0000] {logging_mixin.py:190} INFO - [2025-03-01T14:34:59.613+0000] {dag.py:4180} INFO - Setting next_dagrun for example_python_operator to None, run_after=None
[2025-03-01T14:34:59.628+0000] {processor.py:208} INFO - Processing /home/airflow/.local/lib/python3.12/site-packages/airflow/example_dags/example_python_operator.py took 0.073 seconds
[2025-03-01T14:35:29.854+0000] {processor.py:186} INFO - Started process (PID=2285) to work on /home/airflow/.local/lib/python3.12/site-packages/airflow/example_dags/example_python_operator.py
[2025-03-01T14:35:29.855+0000] {processor.py:914} INFO - Processing file /home/airflow/.local/lib/python3.12/site-packages/airflow/example_dags/example_python_operator.py for tasks to queue
[2025-03-01T14:35:29.857+0000] {logging_mixin.py:190} INFO - [2025-03-01T14:35:29.857+0000] {dagbag.py:588} INFO - Filling up the DagBag from /home/airflow/.local/lib/python3.12/site-packages/airflow/example_dags/example_python_operator.py
[2025-03-01T14:35:29.870+0000] {processor.py:925} INFO - DAG(s) 'example_python_operator' retrieved from /home/airflow/.local/lib/python3.12/site-packages/airflow/example_dags/example_python_operator.py
[2025-03-01T14:35:29.892+0000] {logging_mixin.py:190} INFO - [2025-03-01T14:35:29.892+0000] {dag.py:3239} INFO - Sync 1 DAGs
[2025-03-01T14:35:29.907+0000] {logging_mixin.py:190} INFO - [2025-03-01T14:35:29.906+0000] {dag.py:4180} INFO - Setting next_dagrun for example_python_operator to None, run_after=None
[2025-03-01T14:35:29.923+0000] {processor.py:208} INFO - Processing /home/airflow/.local/lib/python3.12/site-packages/airflow/example_dags/example_python_operator.py took 0.074 seconds
[2025-03-01T14:36:00.691+0000] {processor.py:186} INFO - Started process (PID=2348) to work on /home/airflow/.local/lib/python3.12/site-packages/airflow/example_dags/example_python_operator.py
[2025-03-01T14:36:00.692+0000] {processor.py:914} INFO - Processing file /home/airflow/.local/lib/python3.12/site-packages/airflow/example_dags/example_python_operator.py for tasks to queue
[2025-03-01T14:36:00.693+0000] {logging_mixin.py:190} INFO - [2025-03-01T14:36:00.693+0000] {dagbag.py:588} INFO - Filling up the DagBag from /home/airflow/.local/lib/python3.12/site-packages/airflow/example_dags/example_python_operator.py
[2025-03-01T14:36:00.703+0000] {processor.py:925} INFO - DAG(s) 'example_python_operator' retrieved from /home/airflow/.local/lib/python3.12/site-packages/airflow/example_dags/example_python_operator.py
[2025-03-01T14:36:00.756+0000] {logging_mixin.py:190} INFO - [2025-03-01T14:36:00.756+0000] {dag.py:3239} INFO - Sync 1 DAGs
[2025-03-01T14:36:00.771+0000] {logging_mixin.py:190} INFO - [2025-03-01T14:36:00.771+0000] {dag.py:4180} INFO - Setting next_dagrun for example_python_operator to None, run_after=None
[2025-03-01T14:36:00.785+0000] {processor.py:208} INFO - Processing /home/airflow/.local/lib/python3.12/site-packages/airflow/example_dags/example_python_operator.py took 0.098 seconds
[2025-03-01T14:36:31.281+0000] {processor.py:186} INFO - Started process (PID=2411) to work on /home/airflow/.local/lib/python3.12/site-packages/airflow/example_dags/example_python_operator.py
[2025-03-01T14:36:31.282+0000] {processor.py:914} INFO - Processing file /home/airflow/.local/lib/python3.12/site-packages/airflow/example_dags/example_python_operator.py for tasks to queue
[2025-03-01T14:36:31.284+0000] {logging_mixin.py:190} INFO - [2025-03-01T14:36:31.284+0000] {dagbag.py:588} INFO - Filling up the DagBag from /home/airflow/.local/lib/python3.12/site-packages/airflow/example_dags/example_python_operator.py
[2025-03-01T14:36:31.296+0000] {processor.py:925} INFO - DAG(s) 'example_python_operator' retrieved from /home/airflow/.local/lib/python3.12/site-packages/airflow/example_dags/example_python_operator.py
[2025-03-01T14:36:31.318+0000] {logging_mixin.py:190} INFO - [2025-03-01T14:36:31.317+0000] {dag.py:3239} INFO - Sync 1 DAGs
[2025-03-01T14:36:31.334+0000] {logging_mixin.py:190} INFO - [2025-03-01T14:36:31.334+0000] {dag.py:4180} INFO - Setting next_dagrun for example_python_operator to None, run_after=None
[2025-03-01T14:36:31.350+0000] {processor.py:208} INFO - Processing /home/airflow/.local/lib/python3.12/site-packages/airflow/example_dags/example_python_operator.py took 0.074 seconds
[2025-03-01T14:37:01.445+0000] {processor.py:186} INFO - Started process (PID=2475) to work on /home/airflow/.local/lib/python3.12/site-packages/airflow/example_dags/example_python_operator.py
[2025-03-01T14:37:01.446+0000] {processor.py:914} INFO - Processing file /home/airflow/.local/lib/python3.12/site-packages/airflow/example_dags/example_python_operator.py for tasks to queue
[2025-03-01T14:37:01.456+0000] {logging_mixin.py:190} INFO - [2025-03-01T14:37:01.455+0000] {dagbag.py:588} INFO - Filling up the DagBag from /home/airflow/.local/lib/python3.12/site-packages/airflow/example_dags/example_python_operator.py
[2025-03-01T14:37:01.472+0000] {processor.py:925} INFO - DAG(s) 'example_python_operator' retrieved from /home/airflow/.local/lib/python3.12/site-packages/airflow/example_dags/example_python_operator.py
[2025-03-01T14:37:01.576+0000] {logging_mixin.py:190} INFO - [2025-03-01T14:37:01.576+0000] {dag.py:3239} INFO - Sync 1 DAGs
[2025-03-01T14:37:01.621+0000] {logging_mixin.py:190} INFO - [2025-03-01T14:37:01.621+0000] {dag.py:4180} INFO - Setting next_dagrun for example_python_operator to None, run_after=None
[2025-03-01T14:37:01.681+0000] {processor.py:208} INFO - Processing /home/airflow/.local/lib/python3.12/site-packages/airflow/example_dags/example_python_operator.py took 0.251 seconds
[2025-03-01T14:37:32.447+0000] {processor.py:186} INFO - Started process (PID=2544) to work on /home/airflow/.local/lib/python3.12/site-packages/airflow/example_dags/example_python_operator.py
[2025-03-01T14:37:32.448+0000] {processor.py:914} INFO - Processing file /home/airflow/.local/lib/python3.12/site-packages/airflow/example_dags/example_python_operator.py for tasks to queue
[2025-03-01T14:37:32.450+0000] {logging_mixin.py:190} INFO - [2025-03-01T14:37:32.450+0000] {dagbag.py:588} INFO - Filling up the DagBag from /home/airflow/.local/lib/python3.12/site-packages/airflow/example_dags/example_python_operator.py
[2025-03-01T14:37:32.463+0000] {processor.py:925} INFO - DAG(s) 'example_python_operator' retrieved from /home/airflow/.local/lib/python3.12/site-packages/airflow/example_dags/example_python_operator.py
[2025-03-01T14:37:32.484+0000] {logging_mixin.py:190} INFO - [2025-03-01T14:37:32.484+0000] {dag.py:3239} INFO - Sync 1 DAGs
[2025-03-01T14:37:32.502+0000] {logging_mixin.py:190} INFO - [2025-03-01T14:37:32.501+0000] {dag.py:4180} INFO - Setting next_dagrun for example_python_operator to None, run_after=None
[2025-03-01T14:37:32.517+0000] {processor.py:208} INFO - Processing /home/airflow/.local/lib/python3.12/site-packages/airflow/example_dags/example_python_operator.py took 0.075 seconds
[2025-03-01T14:38:02.787+0000] {processor.py:186} INFO - Started process (PID=2607) to work on /home/airflow/.local/lib/python3.12/site-packages/airflow/example_dags/example_python_operator.py
[2025-03-01T14:38:02.788+0000] {processor.py:914} INFO - Processing file /home/airflow/.local/lib/python3.12/site-packages/airflow/example_dags/example_python_operator.py for tasks to queue
[2025-03-01T14:38:02.790+0000] {logging_mixin.py:190} INFO - [2025-03-01T14:38:02.790+0000] {dagbag.py:588} INFO - Filling up the DagBag from /home/airflow/.local/lib/python3.12/site-packages/airflow/example_dags/example_python_operator.py
[2025-03-01T14:38:02.803+0000] {processor.py:925} INFO - DAG(s) 'example_python_operator' retrieved from /home/airflow/.local/lib/python3.12/site-packages/airflow/example_dags/example_python_operator.py
[2025-03-01T14:38:02.824+0000] {logging_mixin.py:190} INFO - [2025-03-01T14:38:02.824+0000] {dag.py:3239} INFO - Sync 1 DAGs
[2025-03-01T14:38:02.839+0000] {logging_mixin.py:190} INFO - [2025-03-01T14:38:02.838+0000] {dag.py:4180} INFO - Setting next_dagrun for example_python_operator to None, run_after=None
[2025-03-01T14:38:02.855+0000] {processor.py:208} INFO - Processing /home/airflow/.local/lib/python3.12/site-packages/airflow/example_dags/example_python_operator.py took 0.074 seconds
[2025-03-01T14:38:32.900+0000] {processor.py:186} INFO - Started process (PID=2670) to work on /home/airflow/.local/lib/python3.12/site-packages/airflow/example_dags/example_python_operator.py
[2025-03-01T14:38:32.901+0000] {processor.py:914} INFO - Processing file /home/airflow/.local/lib/python3.12/site-packages/airflow/example_dags/example_python_operator.py for tasks to queue
[2025-03-01T14:38:32.903+0000] {logging_mixin.py:190} INFO - [2025-03-01T14:38:32.903+0000] {dagbag.py:588} INFO - Filling up the DagBag from /home/airflow/.local/lib/python3.12/site-packages/airflow/example_dags/example_python_operator.py
[2025-03-01T14:38:32.924+0000] {processor.py:925} INFO - DAG(s) 'example_python_operator' retrieved from /home/airflow/.local/lib/python3.12/site-packages/airflow/example_dags/example_python_operator.py
[2025-03-01T14:38:32.947+0000] {logging_mixin.py:190} INFO - [2025-03-01T14:38:32.947+0000] {dag.py:3239} INFO - Sync 1 DAGs
[2025-03-01T14:38:32.963+0000] {logging_mixin.py:190} INFO - [2025-03-01T14:38:32.963+0000] {dag.py:4180} INFO - Setting next_dagrun for example_python_operator to None, run_after=None
[2025-03-01T14:38:32.978+0000] {processor.py:208} INFO - Processing /home/airflow/.local/lib/python3.12/site-packages/airflow/example_dags/example_python_operator.py took 0.083 seconds
[2025-03-01T14:39:03.883+0000] {processor.py:186} INFO - Started process (PID=2734) to work on /home/airflow/.local/lib/python3.12/site-packages/airflow/example_dags/example_python_operator.py
[2025-03-01T14:39:03.893+0000] {processor.py:914} INFO - Processing file /home/airflow/.local/lib/python3.12/site-packages/airflow/example_dags/example_python_operator.py for tasks to queue
[2025-03-01T14:39:03.896+0000] {logging_mixin.py:190} INFO - [2025-03-01T14:39:03.895+0000] {dagbag.py:588} INFO - Filling up the DagBag from /home/airflow/.local/lib/python3.12/site-packages/airflow/example_dags/example_python_operator.py
[2025-03-01T14:39:03.908+0000] {processor.py:925} INFO - DAG(s) 'example_python_operator' retrieved from /home/airflow/.local/lib/python3.12/site-packages/airflow/example_dags/example_python_operator.py
[2025-03-01T14:39:03.958+0000] {logging_mixin.py:190} INFO - [2025-03-01T14:39:03.957+0000] {dag.py:3239} INFO - Sync 1 DAGs
[2025-03-01T14:39:03.987+0000] {logging_mixin.py:190} INFO - [2025-03-01T14:39:03.987+0000] {dag.py:4180} INFO - Setting next_dagrun for example_python_operator to None, run_after=None
[2025-03-01T14:39:04.015+0000] {processor.py:208} INFO - Processing /home/airflow/.local/lib/python3.12/site-packages/airflow/example_dags/example_python_operator.py took 0.146 seconds
[2025-03-01T14:39:34.844+0000] {processor.py:186} INFO - Started process (PID=2797) to work on /home/airflow/.local/lib/python3.12/site-packages/airflow/example_dags/example_python_operator.py
[2025-03-01T14:39:34.844+0000] {processor.py:914} INFO - Processing file /home/airflow/.local/lib/python3.12/site-packages/airflow/example_dags/example_python_operator.py for tasks to queue
[2025-03-01T14:39:34.847+0000] {logging_mixin.py:190} INFO - [2025-03-01T14:39:34.846+0000] {dagbag.py:588} INFO - Filling up the DagBag from /home/airflow/.local/lib/python3.12/site-packages/airflow/example_dags/example_python_operator.py
[2025-03-01T14:39:34.859+0000] {processor.py:925} INFO - DAG(s) 'example_python_operator' retrieved from /home/airflow/.local/lib/python3.12/site-packages/airflow/example_dags/example_python_operator.py
[2025-03-01T14:39:34.882+0000] {logging_mixin.py:190} INFO - [2025-03-01T14:39:34.882+0000] {dag.py:3239} INFO - Sync 1 DAGs
[2025-03-01T14:39:34.897+0000] {logging_mixin.py:190} INFO - [2025-03-01T14:39:34.896+0000] {dag.py:4180} INFO - Setting next_dagrun for example_python_operator to None, run_after=None
[2025-03-01T14:39:34.914+0000] {processor.py:208} INFO - Processing /home/airflow/.local/lib/python3.12/site-packages/airflow/example_dags/example_python_operator.py took 0.076 seconds
[2025-03-01T14:40:05.638+0000] {processor.py:186} INFO - Started process (PID=2861) to work on /home/airflow/.local/lib/python3.12/site-packages/airflow/example_dags/example_python_operator.py
[2025-03-01T14:40:05.639+0000] {processor.py:914} INFO - Processing file /home/airflow/.local/lib/python3.12/site-packages/airflow/example_dags/example_python_operator.py for tasks to queue
[2025-03-01T14:40:05.641+0000] {logging_mixin.py:190} INFO - [2025-03-01T14:40:05.641+0000] {dagbag.py:588} INFO - Filling up the DagBag from /home/airflow/.local/lib/python3.12/site-packages/airflow/example_dags/example_python_operator.py
[2025-03-01T14:40:05.653+0000] {processor.py:925} INFO - DAG(s) 'example_python_operator' retrieved from /home/airflow/.local/lib/python3.12/site-packages/airflow/example_dags/example_python_operator.py
[2025-03-01T14:40:05.683+0000] {logging_mixin.py:190} INFO - [2025-03-01T14:40:05.683+0000] {dag.py:3239} INFO - Sync 1 DAGs
[2025-03-01T14:40:05.698+0000] {logging_mixin.py:190} INFO - [2025-03-01T14:40:05.698+0000] {dag.py:4180} INFO - Setting next_dagrun for example_python_operator to None, run_after=None
[2025-03-01T14:40:05.714+0000] {processor.py:208} INFO - Processing /home/airflow/.local/lib/python3.12/site-packages/airflow/example_dags/example_python_operator.py took 0.082 seconds
[2025-03-01T14:40:35.923+0000] {processor.py:186} INFO - Started process (PID=2923) to work on /home/airflow/.local/lib/python3.12/site-packages/airflow/example_dags/example_python_operator.py
[2025-03-01T14:40:35.923+0000] {processor.py:914} INFO - Processing file /home/airflow/.local/lib/python3.12/site-packages/airflow/example_dags/example_python_operator.py for tasks to queue
[2025-03-01T14:40:35.925+0000] {logging_mixin.py:190} INFO - [2025-03-01T14:40:35.925+0000] {dagbag.py:588} INFO - Filling up the DagBag from /home/airflow/.local/lib/python3.12/site-packages/airflow/example_dags/example_python_operator.py
[2025-03-01T14:40:35.937+0000] {processor.py:925} INFO - DAG(s) 'example_python_operator' retrieved from /home/airflow/.local/lib/python3.12/site-packages/airflow/example_dags/example_python_operator.py
[2025-03-01T14:40:35.960+0000] {logging_mixin.py:190} INFO - [2025-03-01T14:40:35.959+0000] {dag.py:3239} INFO - Sync 1 DAGs
[2025-03-01T14:40:35.976+0000] {logging_mixin.py:190} INFO - [2025-03-01T14:40:35.976+0000] {dag.py:4180} INFO - Setting next_dagrun for example_python_operator to None, run_after=None
[2025-03-01T14:40:35.993+0000] {processor.py:208} INFO - Processing /home/airflow/.local/lib/python3.12/site-packages/airflow/example_dags/example_python_operator.py took 0.076 seconds
[2025-03-01T14:41:06.059+0000] {processor.py:186} INFO - Started process (PID=2986) to work on /home/airflow/.local/lib/python3.12/site-packages/airflow/example_dags/example_python_operator.py
[2025-03-01T14:41:06.060+0000] {processor.py:914} INFO - Processing file /home/airflow/.local/lib/python3.12/site-packages/airflow/example_dags/example_python_operator.py for tasks to queue
[2025-03-01T14:41:06.062+0000] {logging_mixin.py:190} INFO - [2025-03-01T14:41:06.062+0000] {dagbag.py:588} INFO - Filling up the DagBag from /home/airflow/.local/lib/python3.12/site-packages/airflow/example_dags/example_python_operator.py
[2025-03-01T14:41:06.075+0000] {processor.py:925} INFO - DAG(s) 'example_python_operator' retrieved from /home/airflow/.local/lib/python3.12/site-packages/airflow/example_dags/example_python_operator.py
[2025-03-01T14:41:06.096+0000] {logging_mixin.py:190} INFO - [2025-03-01T14:41:06.096+0000] {dag.py:3239} INFO - Sync 1 DAGs
[2025-03-01T14:41:06.111+0000] {logging_mixin.py:190} INFO - [2025-03-01T14:41:06.111+0000] {dag.py:4180} INFO - Setting next_dagrun for example_python_operator to None, run_after=None
[2025-03-01T14:41:06.127+0000] {processor.py:208} INFO - Processing /home/airflow/.local/lib/python3.12/site-packages/airflow/example_dags/example_python_operator.py took 0.073 seconds
[2025-03-01T14:41:36.789+0000] {processor.py:186} INFO - Started process (PID=3049) to work on /home/airflow/.local/lib/python3.12/site-packages/airflow/example_dags/example_python_operator.py
[2025-03-01T14:41:36.792+0000] {processor.py:914} INFO - Processing file /home/airflow/.local/lib/python3.12/site-packages/airflow/example_dags/example_python_operator.py for tasks to queue
[2025-03-01T14:41:36.798+0000] {logging_mixin.py:190} INFO - [2025-03-01T14:41:36.798+0000] {dagbag.py:588} INFO - Filling up the DagBag from /home/airflow/.local/lib/python3.12/site-packages/airflow/example_dags/example_python_operator.py
[2025-03-01T14:41:36.814+0000] {processor.py:925} INFO - DAG(s) 'example_python_operator' retrieved from /home/airflow/.local/lib/python3.12/site-packages/airflow/example_dags/example_python_operator.py
[2025-03-01T14:41:36.846+0000] {logging_mixin.py:190} INFO - [2025-03-01T14:41:36.845+0000] {dag.py:3239} INFO - Sync 1 DAGs
[2025-03-01T14:41:36.860+0000] {logging_mixin.py:190} INFO - [2025-03-01T14:41:36.860+0000] {dag.py:4180} INFO - Setting next_dagrun for example_python_operator to None, run_after=None
[2025-03-01T14:41:36.876+0000] {processor.py:208} INFO - Processing /home/airflow/.local/lib/python3.12/site-packages/airflow/example_dags/example_python_operator.py took 0.095 seconds
[2025-03-01T14:42:07.024+0000] {processor.py:186} INFO - Started process (PID=3111) to work on /home/airflow/.local/lib/python3.12/site-packages/airflow/example_dags/example_python_operator.py
[2025-03-01T14:42:07.024+0000] {processor.py:914} INFO - Processing file /home/airflow/.local/lib/python3.12/site-packages/airflow/example_dags/example_python_operator.py for tasks to queue
[2025-03-01T14:42:07.026+0000] {logging_mixin.py:190} INFO - [2025-03-01T14:42:07.026+0000] {dagbag.py:588} INFO - Filling up the DagBag from /home/airflow/.local/lib/python3.12/site-packages/airflow/example_dags/example_python_operator.py
[2025-03-01T14:42:07.039+0000] {processor.py:925} INFO - DAG(s) 'example_python_operator' retrieved from /home/airflow/.local/lib/python3.12/site-packages/airflow/example_dags/example_python_operator.py
[2025-03-01T14:42:07.063+0000] {logging_mixin.py:190} INFO - [2025-03-01T14:42:07.062+0000] {dag.py:3239} INFO - Sync 1 DAGs
[2025-03-01T14:42:07.077+0000] {logging_mixin.py:190} INFO - [2025-03-01T14:42:07.077+0000] {dag.py:4180} INFO - Setting next_dagrun for example_python_operator to None, run_after=None
[2025-03-01T14:42:07.093+0000] {processor.py:208} INFO - Processing /home/airflow/.local/lib/python3.12/site-packages/airflow/example_dags/example_python_operator.py took 0.075 seconds
[2025-03-01T14:42:37.364+0000] {processor.py:186} INFO - Started process (PID=3174) to work on /home/airflow/.local/lib/python3.12/site-packages/airflow/example_dags/example_python_operator.py
[2025-03-01T14:42:37.365+0000] {processor.py:914} INFO - Processing file /home/airflow/.local/lib/python3.12/site-packages/airflow/example_dags/example_python_operator.py for tasks to queue
[2025-03-01T14:42:37.367+0000] {logging_mixin.py:190} INFO - [2025-03-01T14:42:37.367+0000] {dagbag.py:588} INFO - Filling up the DagBag from /home/airflow/.local/lib/python3.12/site-packages/airflow/example_dags/example_python_operator.py
[2025-03-01T14:42:37.380+0000] {processor.py:925} INFO - DAG(s) 'example_python_operator' retrieved from /home/airflow/.local/lib/python3.12/site-packages/airflow/example_dags/example_python_operator.py
[2025-03-01T14:42:37.402+0000] {logging_mixin.py:190} INFO - [2025-03-01T14:42:37.402+0000] {dag.py:3239} INFO - Sync 1 DAGs
[2025-03-01T14:42:37.431+0000] {logging_mixin.py:190} INFO - [2025-03-01T14:42:37.431+0000] {dag.py:4180} INFO - Setting next_dagrun for example_python_operator to None, run_after=None
[2025-03-01T14:42:37.448+0000] {processor.py:208} INFO - Processing /home/airflow/.local/lib/python3.12/site-packages/airflow/example_dags/example_python_operator.py took 0.090 seconds
[2025-03-01T14:43:07.631+0000] {processor.py:186} INFO - Started process (PID=3237) to work on /home/airflow/.local/lib/python3.12/site-packages/airflow/example_dags/example_python_operator.py
[2025-03-01T14:43:07.632+0000] {processor.py:914} INFO - Processing file /home/airflow/.local/lib/python3.12/site-packages/airflow/example_dags/example_python_operator.py for tasks to queue
[2025-03-01T14:43:07.636+0000] {logging_mixin.py:190} INFO - [2025-03-01T14:43:07.635+0000] {dagbag.py:588} INFO - Filling up the DagBag from /home/airflow/.local/lib/python3.12/site-packages/airflow/example_dags/example_python_operator.py
[2025-03-01T14:43:07.648+0000] {processor.py:925} INFO - DAG(s) 'example_python_operator' retrieved from /home/airflow/.local/lib/python3.12/site-packages/airflow/example_dags/example_python_operator.py
[2025-03-01T14:43:07.669+0000] {logging_mixin.py:190} INFO - [2025-03-01T14:43:07.668+0000] {dag.py:3239} INFO - Sync 1 DAGs
[2025-03-01T14:43:07.684+0000] {logging_mixin.py:190} INFO - [2025-03-01T14:43:07.683+0000] {dag.py:4180} INFO - Setting next_dagrun for example_python_operator to None, run_after=None
[2025-03-01T14:43:07.700+0000] {processor.py:208} INFO - Processing /home/airflow/.local/lib/python3.12/site-packages/airflow/example_dags/example_python_operator.py took 0.074 seconds
[2025-03-01T14:43:38.847+0000] {processor.py:186} INFO - Started process (PID=3300) to work on /home/airflow/.local/lib/python3.12/site-packages/airflow/example_dags/example_python_operator.py
[2025-03-01T14:43:38.847+0000] {processor.py:914} INFO - Processing file /home/airflow/.local/lib/python3.12/site-packages/airflow/example_dags/example_python_operator.py for tasks to queue
[2025-03-01T14:43:38.850+0000] {logging_mixin.py:190} INFO - [2025-03-01T14:43:38.849+0000] {dagbag.py:588} INFO - Filling up the DagBag from /home/airflow/.local/lib/python3.12/site-packages/airflow/example_dags/example_python_operator.py
[2025-03-01T14:43:38.862+0000] {processor.py:925} INFO - DAG(s) 'example_python_operator' retrieved from /home/airflow/.local/lib/python3.12/site-packages/airflow/example_dags/example_python_operator.py
[2025-03-01T14:43:38.884+0000] {logging_mixin.py:190} INFO - [2025-03-01T14:43:38.884+0000] {dag.py:3239} INFO - Sync 1 DAGs
[2025-03-01T14:43:38.899+0000] {logging_mixin.py:190} INFO - [2025-03-01T14:43:38.899+0000] {dag.py:4180} INFO - Setting next_dagrun for example_python_operator to None, run_after=None
[2025-03-01T14:43:38.914+0000] {processor.py:208} INFO - Processing /home/airflow/.local/lib/python3.12/site-packages/airflow/example_dags/example_python_operator.py took 0.073 seconds
[2025-03-01T14:44:11.906+0000] {processor.py:186} INFO - Started process (PID=3366) to work on /home/airflow/.local/lib/python3.12/site-packages/airflow/example_dags/example_python_operator.py
[2025-03-01T14:44:11.907+0000] {processor.py:914} INFO - Processing file /home/airflow/.local/lib/python3.12/site-packages/airflow/example_dags/example_python_operator.py for tasks to queue
[2025-03-01T14:44:11.909+0000] {logging_mixin.py:190} INFO - [2025-03-01T14:44:11.909+0000] {dagbag.py:588} INFO - Filling up the DagBag from /home/airflow/.local/lib/python3.12/site-packages/airflow/example_dags/example_python_operator.py
[2025-03-01T14:44:11.922+0000] {processor.py:925} INFO - DAG(s) 'example_python_operator' retrieved from /home/airflow/.local/lib/python3.12/site-packages/airflow/example_dags/example_python_operator.py
[2025-03-01T14:44:11.945+0000] {logging_mixin.py:190} INFO - [2025-03-01T14:44:11.945+0000] {dag.py:3239} INFO - Sync 1 DAGs
[2025-03-01T14:44:11.960+0000] {logging_mixin.py:190} INFO - [2025-03-01T14:44:11.960+0000] {dag.py:4180} INFO - Setting next_dagrun for example_python_operator to None, run_after=None
[2025-03-01T14:44:12.001+0000] {processor.py:208} INFO - Processing /home/airflow/.local/lib/python3.12/site-packages/airflow/example_dags/example_python_operator.py took 0.100 seconds
[2025-03-01T14:44:42.501+0000] {processor.py:186} INFO - Started process (PID=3429) to work on /home/airflow/.local/lib/python3.12/site-packages/airflow/example_dags/example_python_operator.py
[2025-03-01T14:44:42.502+0000] {processor.py:914} INFO - Processing file /home/airflow/.local/lib/python3.12/site-packages/airflow/example_dags/example_python_operator.py for tasks to queue
[2025-03-01T14:44:42.504+0000] {logging_mixin.py:190} INFO - [2025-03-01T14:44:42.504+0000] {dagbag.py:588} INFO - Filling up the DagBag from /home/airflow/.local/lib/python3.12/site-packages/airflow/example_dags/example_python_operator.py
[2025-03-01T14:44:42.516+0000] {processor.py:925} INFO - DAG(s) 'example_python_operator' retrieved from /home/airflow/.local/lib/python3.12/site-packages/airflow/example_dags/example_python_operator.py
[2025-03-01T14:44:42.556+0000] {logging_mixin.py:190} INFO - [2025-03-01T14:44:42.556+0000] {dag.py:3239} INFO - Sync 1 DAGs
[2025-03-01T14:44:42.572+0000] {logging_mixin.py:190} INFO - [2025-03-01T14:44:42.571+0000] {dag.py:4180} INFO - Setting next_dagrun for example_python_operator to None, run_after=None
[2025-03-01T14:44:42.588+0000] {processor.py:208} INFO - Processing /home/airflow/.local/lib/python3.12/site-packages/airflow/example_dags/example_python_operator.py took 0.092 seconds
[2025-03-01T14:45:16.061+0000] {processor.py:186} INFO - Started process (PID=3493) to work on /home/airflow/.local/lib/python3.12/site-packages/airflow/example_dags/example_python_operator.py
[2025-03-01T14:45:16.062+0000] {processor.py:914} INFO - Processing file /home/airflow/.local/lib/python3.12/site-packages/airflow/example_dags/example_python_operator.py for tasks to queue
[2025-03-01T14:45:16.064+0000] {logging_mixin.py:190} INFO - [2025-03-01T14:45:16.064+0000] {dagbag.py:588} INFO - Filling up the DagBag from /home/airflow/.local/lib/python3.12/site-packages/airflow/example_dags/example_python_operator.py
[2025-03-01T14:45:16.078+0000] {processor.py:925} INFO - DAG(s) 'example_python_operator' retrieved from /home/airflow/.local/lib/python3.12/site-packages/airflow/example_dags/example_python_operator.py
[2025-03-01T14:45:16.163+0000] {logging_mixin.py:190} INFO - [2025-03-01T14:45:16.162+0000] {dag.py:3239} INFO - Sync 1 DAGs
[2025-03-01T14:45:16.227+0000] {logging_mixin.py:190} INFO - [2025-03-01T14:45:16.227+0000] {dag.py:4180} INFO - Setting next_dagrun for example_python_operator to None, run_after=None
[2025-03-01T14:45:16.308+0000] {processor.py:208} INFO - Processing /home/airflow/.local/lib/python3.12/site-packages/airflow/example_dags/example_python_operator.py took 0.275 seconds
[2025-03-01T14:45:50.892+0000] {processor.py:186} INFO - Started process (PID=3550) to work on /home/airflow/.local/lib/python3.12/site-packages/airflow/example_dags/example_python_operator.py
[2025-03-01T14:45:50.929+0000] {processor.py:914} INFO - Processing file /home/airflow/.local/lib/python3.12/site-packages/airflow/example_dags/example_python_operator.py for tasks to queue
[2025-03-01T14:45:50.952+0000] {logging_mixin.py:190} INFO - [2025-03-01T14:45:50.951+0000] {dagbag.py:588} INFO - Filling up the DagBag from /home/airflow/.local/lib/python3.12/site-packages/airflow/example_dags/example_python_operator.py
[2025-03-01T14:45:51.020+0000] {processor.py:925} INFO - DAG(s) 'example_python_operator' retrieved from /home/airflow/.local/lib/python3.12/site-packages/airflow/example_dags/example_python_operator.py
[2025-03-01T14:45:51.189+0000] {logging_mixin.py:190} INFO - [2025-03-01T14:45:51.189+0000] {dag.py:3239} INFO - Sync 1 DAGs
[2025-03-01T14:45:51.318+0000] {logging_mixin.py:190} INFO - [2025-03-01T14:45:51.318+0000] {dag.py:4180} INFO - Setting next_dagrun for example_python_operator to None, run_after=None
[2025-03-01T14:45:51.447+0000] {processor.py:208} INFO - Processing /home/airflow/.local/lib/python3.12/site-packages/airflow/example_dags/example_python_operator.py took 0.604 seconds
[2025-03-01T14:46:33.995+0000] {processor.py:186} INFO - Started process (PID=3614) to work on /home/airflow/.local/lib/python3.12/site-packages/airflow/example_dags/example_python_operator.py
[2025-03-01T14:46:34.011+0000] {processor.py:914} INFO - Processing file /home/airflow/.local/lib/python3.12/site-packages/airflow/example_dags/example_python_operator.py for tasks to queue
[2025-03-01T14:46:34.025+0000] {logging_mixin.py:190} INFO - [2025-03-01T14:46:34.016+0000] {dagbag.py:588} INFO - Filling up the DagBag from /home/airflow/.local/lib/python3.12/site-packages/airflow/example_dags/example_python_operator.py
[2025-03-01T14:46:34.140+0000] {processor.py:925} INFO - DAG(s) 'example_python_operator' retrieved from /home/airflow/.local/lib/python3.12/site-packages/airflow/example_dags/example_python_operator.py
[2025-03-01T14:46:34.548+0000] {logging_mixin.py:190} INFO - [2025-03-01T14:46:34.548+0000] {dag.py:3239} INFO - Sync 1 DAGs
[2025-03-01T14:46:34.723+0000] {logging_mixin.py:190} INFO - [2025-03-01T14:46:34.723+0000] {dag.py:4180} INFO - Setting next_dagrun for example_python_operator to None, run_after=None
[2025-03-01T14:46:34.896+0000] {processor.py:208} INFO - Processing /home/airflow/.local/lib/python3.12/site-packages/airflow/example_dags/example_python_operator.py took 0.999 seconds
[2025-03-01T14:47:25.553+0000] {processor.py:186} INFO - Started process (PID=3693) to work on /home/airflow/.local/lib/python3.12/site-packages/airflow/example_dags/example_python_operator.py
[2025-03-01T14:47:25.599+0000] {processor.py:914} INFO - Processing file /home/airflow/.local/lib/python3.12/site-packages/airflow/example_dags/example_python_operator.py for tasks to queue
[2025-03-01T14:47:25.612+0000] {logging_mixin.py:190} INFO - [2025-03-01T14:47:25.612+0000] {dagbag.py:588} INFO - Filling up the DagBag from /home/airflow/.local/lib/python3.12/site-packages/airflow/example_dags/example_python_operator.py
[2025-03-01T14:47:25.794+0000] {processor.py:925} INFO - DAG(s) 'example_python_operator' retrieved from /home/airflow/.local/lib/python3.12/site-packages/airflow/example_dags/example_python_operator.py
[2025-03-01T14:47:26.087+0000] {logging_mixin.py:190} INFO - [2025-03-01T14:47:26.087+0000] {dag.py:3239} INFO - Sync 1 DAGs
[2025-03-01T14:47:26.189+0000] {logging_mixin.py:190} INFO - [2025-03-01T14:47:26.189+0000] {dag.py:4180} INFO - Setting next_dagrun for example_python_operator to None, run_after=None
[2025-03-01T14:47:26.340+0000] {processor.py:208} INFO - Processing /home/airflow/.local/lib/python3.12/site-packages/airflow/example_dags/example_python_operator.py took 0.836 seconds
[2025-03-01T14:47:57.424+0000] {processor.py:186} INFO - Started process (PID=3755) to work on /home/airflow/.local/lib/python3.12/site-packages/airflow/example_dags/example_python_operator.py
[2025-03-01T14:47:57.454+0000] {processor.py:914} INFO - Processing file /home/airflow/.local/lib/python3.12/site-packages/airflow/example_dags/example_python_operator.py for tasks to queue
[2025-03-01T14:47:57.456+0000] {logging_mixin.py:190} INFO - [2025-03-01T14:47:57.456+0000] {dagbag.py:588} INFO - Filling up the DagBag from /home/airflow/.local/lib/python3.12/site-packages/airflow/example_dags/example_python_operator.py
[2025-03-01T14:47:57.470+0000] {processor.py:925} INFO - DAG(s) 'example_python_operator' retrieved from /home/airflow/.local/lib/python3.12/site-packages/airflow/example_dags/example_python_operator.py
[2025-03-01T14:47:57.514+0000] {logging_mixin.py:190} INFO - [2025-03-01T14:47:57.513+0000] {dag.py:3239} INFO - Sync 1 DAGs
[2025-03-01T14:47:57.529+0000] {logging_mixin.py:190} INFO - [2025-03-01T14:47:57.528+0000] {dag.py:4180} INFO - Setting next_dagrun for example_python_operator to None, run_after=None
[2025-03-01T14:47:57.574+0000] {processor.py:208} INFO - Processing /home/airflow/.local/lib/python3.12/site-packages/airflow/example_dags/example_python_operator.py took 0.177 seconds
