[2025-03-01T14:17:43.156+0000] {processor.py:186} INFO - Started process (PID=90) to work on /home/airflow/.local/lib/python3.12/site-packages/airflow/example_dags/example_sla_dag.py
[2025-03-01T14:17:43.156+0000] {processor.py:914} INFO - Processing file /home/airflow/.local/lib/python3.12/site-packages/airflow/example_dags/example_sla_dag.py for tasks to queue
[2025-03-01T14:17:43.159+0000] {logging_mixin.py:190} INFO - [2025-03-01T14:17:43.158+0000] {dagbag.py:588} INFO - Filling up the DagBag from /home/airflow/.local/lib/python3.12/site-packages/airflow/example_dags/example_sla_dag.py
[2025-03-01T14:17:43.205+0000] {processor.py:925} INFO - DAG(s) 'example_sla_dag' retrieved from /home/airflow/.local/lib/python3.12/site-packages/airflow/example_dags/example_sla_dag.py
[2025-03-01T14:17:43.647+0000] {logging_mixin.py:190} INFO - [2025-03-01T14:17:43.646+0000] {override.py:1912} INFO - Created Permission View: can edit on DAG:example_sla_dag
[2025-03-01T14:17:43.695+0000] {logging_mixin.py:190} INFO - [2025-03-01T14:17:43.694+0000] {override.py:1912} INFO - Created Permission View: can read on DAG:example_sla_dag
[2025-03-01T14:17:43.716+0000] {logging_mixin.py:190} INFO - [2025-03-01T14:17:43.716+0000] {override.py:1912} INFO - Created Permission View: can delete on DAG:example_sla_dag
[2025-03-01T14:17:43.734+0000] {logging_mixin.py:190} INFO - [2025-03-01T14:17:43.734+0000] {override.py:1912} INFO - Created Permission View: menu access on DAG Run:example_sla_dag
[2025-03-01T14:17:43.760+0000] {logging_mixin.py:190} INFO - [2025-03-01T14:17:43.760+0000] {override.py:1912} INFO - Created Permission View: can read on DAG Run:example_sla_dag
[2025-03-01T14:17:43.858+0000] {logging_mixin.py:190} INFO - [2025-03-01T14:17:43.857+0000] {override.py:1912} INFO - Created Permission View: can create on DAG Run:example_sla_dag
[2025-03-01T14:17:43.884+0000] {logging_mixin.py:190} INFO - [2025-03-01T14:17:43.883+0000] {override.py:1912} INFO - Created Permission View: can delete on DAG Run:example_sla_dag
[2025-03-01T14:17:43.884+0000] {logging_mixin.py:190} INFO - [2025-03-01T14:17:43.884+0000] {dag.py:3239} INFO - Sync 1 DAGs
[2025-03-01T14:17:43.930+0000] {logging_mixin.py:190} INFO - [2025-03-01T14:17:43.930+0000] {dag.py:3262} INFO - Creating ORM DAG for example_sla_dag
[2025-03-01T14:17:43.960+0000] {logging_mixin.py:190} INFO - [2025-03-01T14:17:43.960+0000] {dag.py:4180} INFO - Setting next_dagrun for example_sla_dag to 2025-03-01 14:14:00+00:00, run_after=2025-03-01 14:16:00+00:00
[2025-03-01T14:17:43.998+0000] {processor.py:208} INFO - Processing /home/airflow/.local/lib/python3.12/site-packages/airflow/example_dags/example_sla_dag.py took 0.869 seconds
[2025-03-01T14:18:14.675+0000] {processor.py:186} INFO - Started process (PID=153) to work on /home/airflow/.local/lib/python3.12/site-packages/airflow/example_dags/example_sla_dag.py
[2025-03-01T14:18:14.684+0000] {processor.py:914} INFO - Processing file /home/airflow/.local/lib/python3.12/site-packages/airflow/example_dags/example_sla_dag.py for tasks to queue
[2025-03-01T14:18:14.686+0000] {logging_mixin.py:190} INFO - [2025-03-01T14:18:14.686+0000] {dagbag.py:588} INFO - Filling up the DagBag from /home/airflow/.local/lib/python3.12/site-packages/airflow/example_dags/example_sla_dag.py
[2025-03-01T14:18:14.697+0000] {processor.py:925} INFO - DAG(s) 'example_sla_dag' retrieved from /home/airflow/.local/lib/python3.12/site-packages/airflow/example_dags/example_sla_dag.py
[2025-03-01T14:18:14.716+0000] {logging_mixin.py:190} INFO - [2025-03-01T14:18:14.716+0000] {dag.py:3239} INFO - Sync 1 DAGs
[2025-03-01T14:18:14.743+0000] {logging_mixin.py:190} INFO - [2025-03-01T14:18:14.743+0000] {dag.py:4180} INFO - Setting next_dagrun for example_sla_dag to 2025-03-01 14:16:00+00:00, run_after=2025-03-01 14:18:00+00:00
[2025-03-01T14:18:14.759+0000] {processor.py:208} INFO - Processing /home/airflow/.local/lib/python3.12/site-packages/airflow/example_dags/example_sla_dag.py took 0.091 seconds
[2025-03-01T14:18:45.283+0000] {processor.py:186} INFO - Started process (PID=216) to work on /home/airflow/.local/lib/python3.12/site-packages/airflow/example_dags/example_sla_dag.py
[2025-03-01T14:18:45.286+0000] {processor.py:914} INFO - Processing file /home/airflow/.local/lib/python3.12/site-packages/airflow/example_dags/example_sla_dag.py for tasks to queue
[2025-03-01T14:18:45.288+0000] {logging_mixin.py:190} INFO - [2025-03-01T14:18:45.287+0000] {dagbag.py:588} INFO - Filling up the DagBag from /home/airflow/.local/lib/python3.12/site-packages/airflow/example_dags/example_sla_dag.py
[2025-03-01T14:18:45.313+0000] {processor.py:925} INFO - DAG(s) 'example_sla_dag' retrieved from /home/airflow/.local/lib/python3.12/site-packages/airflow/example_dags/example_sla_dag.py
[2025-03-01T14:18:45.379+0000] {logging_mixin.py:190} INFO - [2025-03-01T14:18:45.379+0000] {dag.py:3239} INFO - Sync 1 DAGs
[2025-03-01T14:18:45.485+0000] {logging_mixin.py:190} INFO - [2025-03-01T14:18:45.484+0000] {dag.py:4180} INFO - Setting next_dagrun for example_sla_dag to 2025-03-01 14:16:00+00:00, run_after=2025-03-01 14:18:00+00:00
[2025-03-01T14:18:45.544+0000] {processor.py:208} INFO - Processing /home/airflow/.local/lib/python3.12/site-packages/airflow/example_dags/example_sla_dag.py took 0.280 seconds
[2025-03-01T14:19:16.188+0000] {processor.py:186} INFO - Started process (PID=279) to work on /home/airflow/.local/lib/python3.12/site-packages/airflow/example_dags/example_sla_dag.py
[2025-03-01T14:19:16.189+0000] {processor.py:914} INFO - Processing file /home/airflow/.local/lib/python3.12/site-packages/airflow/example_dags/example_sla_dag.py for tasks to queue
[2025-03-01T14:19:16.191+0000] {logging_mixin.py:190} INFO - [2025-03-01T14:19:16.190+0000] {dagbag.py:588} INFO - Filling up the DagBag from /home/airflow/.local/lib/python3.12/site-packages/airflow/example_dags/example_sla_dag.py
[2025-03-01T14:19:16.202+0000] {processor.py:925} INFO - DAG(s) 'example_sla_dag' retrieved from /home/airflow/.local/lib/python3.12/site-packages/airflow/example_dags/example_sla_dag.py
[2025-03-01T14:19:16.220+0000] {logging_mixin.py:190} INFO - [2025-03-01T14:19:16.220+0000] {dag.py:3239} INFO - Sync 1 DAGs
[2025-03-01T14:19:16.246+0000] {logging_mixin.py:190} INFO - [2025-03-01T14:19:16.246+0000] {dag.py:4180} INFO - Setting next_dagrun for example_sla_dag to 2025-03-01 14:16:00+00:00, run_after=2025-03-01 14:18:00+00:00
[2025-03-01T14:19:16.268+0000] {processor.py:208} INFO - Processing /home/airflow/.local/lib/python3.12/site-packages/airflow/example_dags/example_sla_dag.py took 0.087 seconds
[2025-03-01T14:19:46.444+0000] {processor.py:186} INFO - Started process (PID=341) to work on /home/airflow/.local/lib/python3.12/site-packages/airflow/example_dags/example_sla_dag.py
[2025-03-01T14:19:46.445+0000] {processor.py:914} INFO - Processing file /home/airflow/.local/lib/python3.12/site-packages/airflow/example_dags/example_sla_dag.py for tasks to queue
[2025-03-01T14:19:46.449+0000] {logging_mixin.py:190} INFO - [2025-03-01T14:19:46.448+0000] {dagbag.py:588} INFO - Filling up the DagBag from /home/airflow/.local/lib/python3.12/site-packages/airflow/example_dags/example_sla_dag.py
[2025-03-01T14:19:46.459+0000] {processor.py:925} INFO - DAG(s) 'example_sla_dag' retrieved from /home/airflow/.local/lib/python3.12/site-packages/airflow/example_dags/example_sla_dag.py
[2025-03-01T14:19:46.478+0000] {logging_mixin.py:190} INFO - [2025-03-01T14:19:46.478+0000] {dag.py:3239} INFO - Sync 1 DAGs
[2025-03-01T14:19:46.504+0000] {logging_mixin.py:190} INFO - [2025-03-01T14:19:46.504+0000] {dag.py:4180} INFO - Setting next_dagrun for example_sla_dag to 2025-03-01 14:16:00+00:00, run_after=2025-03-01 14:18:00+00:00
[2025-03-01T14:19:46.521+0000] {processor.py:208} INFO - Processing /home/airflow/.local/lib/python3.12/site-packages/airflow/example_dags/example_sla_dag.py took 0.082 seconds
[2025-03-01T14:20:16.916+0000] {processor.py:186} INFO - Started process (PID=404) to work on /home/airflow/.local/lib/python3.12/site-packages/airflow/example_dags/example_sla_dag.py
[2025-03-01T14:20:16.917+0000] {processor.py:914} INFO - Processing file /home/airflow/.local/lib/python3.12/site-packages/airflow/example_dags/example_sla_dag.py for tasks to queue
[2025-03-01T14:20:16.926+0000] {logging_mixin.py:190} INFO - [2025-03-01T14:20:16.925+0000] {dagbag.py:588} INFO - Filling up the DagBag from /home/airflow/.local/lib/python3.12/site-packages/airflow/example_dags/example_sla_dag.py
[2025-03-01T14:20:16.936+0000] {processor.py:925} INFO - DAG(s) 'example_sla_dag' retrieved from /home/airflow/.local/lib/python3.12/site-packages/airflow/example_dags/example_sla_dag.py
[2025-03-01T14:20:16.956+0000] {logging_mixin.py:190} INFO - [2025-03-01T14:20:16.956+0000] {dag.py:3239} INFO - Sync 1 DAGs
[2025-03-01T14:20:16.984+0000] {logging_mixin.py:190} INFO - [2025-03-01T14:20:16.984+0000] {dag.py:4180} INFO - Setting next_dagrun for example_sla_dag to 2025-03-01 14:18:00+00:00, run_after=2025-03-01 14:20:00+00:00
[2025-03-01T14:20:17.002+0000] {processor.py:208} INFO - Processing /home/airflow/.local/lib/python3.12/site-packages/airflow/example_dags/example_sla_dag.py took 0.092 seconds
[2025-03-01T14:20:47.325+0000] {processor.py:186} INFO - Started process (PID=467) to work on /home/airflow/.local/lib/python3.12/site-packages/airflow/example_dags/example_sla_dag.py
[2025-03-01T14:20:47.326+0000] {processor.py:914} INFO - Processing file /home/airflow/.local/lib/python3.12/site-packages/airflow/example_dags/example_sla_dag.py for tasks to queue
[2025-03-01T14:20:47.328+0000] {logging_mixin.py:190} INFO - [2025-03-01T14:20:47.328+0000] {dagbag.py:588} INFO - Filling up the DagBag from /home/airflow/.local/lib/python3.12/site-packages/airflow/example_dags/example_sla_dag.py
[2025-03-01T14:20:47.339+0000] {processor.py:925} INFO - DAG(s) 'example_sla_dag' retrieved from /home/airflow/.local/lib/python3.12/site-packages/airflow/example_dags/example_sla_dag.py
[2025-03-01T14:20:47.359+0000] {logging_mixin.py:190} INFO - [2025-03-01T14:20:47.359+0000] {dag.py:3239} INFO - Sync 1 DAGs
[2025-03-01T14:20:47.386+0000] {logging_mixin.py:190} INFO - [2025-03-01T14:20:47.386+0000] {dag.py:4180} INFO - Setting next_dagrun for example_sla_dag to 2025-03-01 14:18:00+00:00, run_after=2025-03-01 14:20:00+00:00
[2025-03-01T14:20:47.401+0000] {processor.py:208} INFO - Processing /home/airflow/.local/lib/python3.12/site-packages/airflow/example_dags/example_sla_dag.py took 0.082 seconds
[2025-03-01T14:21:17.688+0000] {processor.py:186} INFO - Started process (PID=530) to work on /home/airflow/.local/lib/python3.12/site-packages/airflow/example_dags/example_sla_dag.py
[2025-03-01T14:21:17.688+0000] {processor.py:914} INFO - Processing file /home/airflow/.local/lib/python3.12/site-packages/airflow/example_dags/example_sla_dag.py for tasks to queue
[2025-03-01T14:21:17.690+0000] {logging_mixin.py:190} INFO - [2025-03-01T14:21:17.690+0000] {dagbag.py:588} INFO - Filling up the DagBag from /home/airflow/.local/lib/python3.12/site-packages/airflow/example_dags/example_sla_dag.py
[2025-03-01T14:21:17.701+0000] {processor.py:925} INFO - DAG(s) 'example_sla_dag' retrieved from /home/airflow/.local/lib/python3.12/site-packages/airflow/example_dags/example_sla_dag.py
[2025-03-01T14:21:17.719+0000] {logging_mixin.py:190} INFO - [2025-03-01T14:21:17.719+0000] {dag.py:3239} INFO - Sync 1 DAGs
[2025-03-01T14:21:17.747+0000] {logging_mixin.py:190} INFO - [2025-03-01T14:21:17.746+0000] {dag.py:4180} INFO - Setting next_dagrun for example_sla_dag to 2025-03-01 14:18:00+00:00, run_after=2025-03-01 14:20:00+00:00
[2025-03-01T14:21:17.763+0000] {processor.py:208} INFO - Processing /home/airflow/.local/lib/python3.12/site-packages/airflow/example_dags/example_sla_dag.py took 0.081 seconds
[2025-03-01T14:21:48.590+0000] {processor.py:186} INFO - Started process (PID=593) to work on /home/airflow/.local/lib/python3.12/site-packages/airflow/example_dags/example_sla_dag.py
[2025-03-01T14:21:48.591+0000] {processor.py:914} INFO - Processing file /home/airflow/.local/lib/python3.12/site-packages/airflow/example_dags/example_sla_dag.py for tasks to queue
[2025-03-01T14:21:48.593+0000] {logging_mixin.py:190} INFO - [2025-03-01T14:21:48.593+0000] {dagbag.py:588} INFO - Filling up the DagBag from /home/airflow/.local/lib/python3.12/site-packages/airflow/example_dags/example_sla_dag.py
[2025-03-01T14:21:48.603+0000] {processor.py:925} INFO - DAG(s) 'example_sla_dag' retrieved from /home/airflow/.local/lib/python3.12/site-packages/airflow/example_dags/example_sla_dag.py
[2025-03-01T14:21:48.622+0000] {logging_mixin.py:190} INFO - [2025-03-01T14:21:48.621+0000] {dag.py:3239} INFO - Sync 1 DAGs
[2025-03-01T14:21:48.649+0000] {logging_mixin.py:190} INFO - [2025-03-01T14:21:48.648+0000] {dag.py:4180} INFO - Setting next_dagrun for example_sla_dag to 2025-03-01 14:18:00+00:00, run_after=2025-03-01 14:20:00+00:00
[2025-03-01T14:21:48.664+0000] {processor.py:208} INFO - Processing /home/airflow/.local/lib/python3.12/site-packages/airflow/example_dags/example_sla_dag.py took 0.079 seconds
[2025-03-01T14:22:18.978+0000] {processor.py:186} INFO - Started process (PID=656) to work on /home/airflow/.local/lib/python3.12/site-packages/airflow/example_dags/example_sla_dag.py
[2025-03-01T14:22:18.981+0000] {processor.py:914} INFO - Processing file /home/airflow/.local/lib/python3.12/site-packages/airflow/example_dags/example_sla_dag.py for tasks to queue
[2025-03-01T14:22:18.983+0000] {logging_mixin.py:190} INFO - [2025-03-01T14:22:18.983+0000] {dagbag.py:588} INFO - Filling up the DagBag from /home/airflow/.local/lib/python3.12/site-packages/airflow/example_dags/example_sla_dag.py
[2025-03-01T14:22:18.994+0000] {processor.py:925} INFO - DAG(s) 'example_sla_dag' retrieved from /home/airflow/.local/lib/python3.12/site-packages/airflow/example_dags/example_sla_dag.py
[2025-03-01T14:22:19.024+0000] {logging_mixin.py:190} INFO - [2025-03-01T14:22:19.024+0000] {dag.py:3239} INFO - Sync 1 DAGs
[2025-03-01T14:22:19.050+0000] {logging_mixin.py:190} INFO - [2025-03-01T14:22:19.050+0000] {dag.py:4180} INFO - Setting next_dagrun for example_sla_dag to 2025-03-01 14:20:00+00:00, run_after=2025-03-01 14:22:00+00:00
[2025-03-01T14:22:19.070+0000] {processor.py:208} INFO - Processing /home/airflow/.local/lib/python3.12/site-packages/airflow/example_dags/example_sla_dag.py took 0.097 seconds
[2025-03-01T14:22:49.322+0000] {processor.py:186} INFO - Started process (PID=720) to work on /home/airflow/.local/lib/python3.12/site-packages/airflow/example_dags/example_sla_dag.py
[2025-03-01T14:22:49.323+0000] {processor.py:914} INFO - Processing file /home/airflow/.local/lib/python3.12/site-packages/airflow/example_dags/example_sla_dag.py for tasks to queue
[2025-03-01T14:22:49.326+0000] {logging_mixin.py:190} INFO - [2025-03-01T14:22:49.326+0000] {dagbag.py:588} INFO - Filling up the DagBag from /home/airflow/.local/lib/python3.12/site-packages/airflow/example_dags/example_sla_dag.py
[2025-03-01T14:22:49.337+0000] {processor.py:925} INFO - DAG(s) 'example_sla_dag' retrieved from /home/airflow/.local/lib/python3.12/site-packages/airflow/example_dags/example_sla_dag.py
[2025-03-01T14:22:49.356+0000] {logging_mixin.py:190} INFO - [2025-03-01T14:22:49.355+0000] {dag.py:3239} INFO - Sync 1 DAGs
[2025-03-01T14:22:49.383+0000] {logging_mixin.py:190} INFO - [2025-03-01T14:22:49.382+0000] {dag.py:4180} INFO - Setting next_dagrun for example_sla_dag to 2025-03-01 14:20:00+00:00, run_after=2025-03-01 14:22:00+00:00
[2025-03-01T14:22:49.399+0000] {processor.py:208} INFO - Processing /home/airflow/.local/lib/python3.12/site-packages/airflow/example_dags/example_sla_dag.py took 0.083 seconds
[2025-03-01T14:23:19.737+0000] {processor.py:186} INFO - Started process (PID=784) to work on /home/airflow/.local/lib/python3.12/site-packages/airflow/example_dags/example_sla_dag.py
[2025-03-01T14:23:19.738+0000] {processor.py:914} INFO - Processing file /home/airflow/.local/lib/python3.12/site-packages/airflow/example_dags/example_sla_dag.py for tasks to queue
[2025-03-01T14:23:19.741+0000] {logging_mixin.py:190} INFO - [2025-03-01T14:23:19.740+0000] {dagbag.py:588} INFO - Filling up the DagBag from /home/airflow/.local/lib/python3.12/site-packages/airflow/example_dags/example_sla_dag.py
[2025-03-01T14:23:19.765+0000] {processor.py:925} INFO - DAG(s) 'example_sla_dag' retrieved from /home/airflow/.local/lib/python3.12/site-packages/airflow/example_dags/example_sla_dag.py
[2025-03-01T14:23:19.797+0000] {logging_mixin.py:190} INFO - [2025-03-01T14:23:19.796+0000] {dag.py:3239} INFO - Sync 1 DAGs
[2025-03-01T14:23:19.838+0000] {logging_mixin.py:190} INFO - [2025-03-01T14:23:19.838+0000] {dag.py:4180} INFO - Setting next_dagrun for example_sla_dag to 2025-03-01 14:20:00+00:00, run_after=2025-03-01 14:22:00+00:00
[2025-03-01T14:23:19.876+0000] {processor.py:208} INFO - Processing /home/airflow/.local/lib/python3.12/site-packages/airflow/example_dags/example_sla_dag.py took 0.152 seconds
[2025-03-01T14:23:49.969+0000] {processor.py:186} INFO - Started process (PID=848) to work on /home/airflow/.local/lib/python3.12/site-packages/airflow/example_dags/example_sla_dag.py
[2025-03-01T14:23:49.969+0000] {processor.py:914} INFO - Processing file /home/airflow/.local/lib/python3.12/site-packages/airflow/example_dags/example_sla_dag.py for tasks to queue
[2025-03-01T14:23:49.972+0000] {logging_mixin.py:190} INFO - [2025-03-01T14:23:49.971+0000] {dagbag.py:588} INFO - Filling up the DagBag from /home/airflow/.local/lib/python3.12/site-packages/airflow/example_dags/example_sla_dag.py
[2025-03-01T14:23:49.982+0000] {processor.py:925} INFO - DAG(s) 'example_sla_dag' retrieved from /home/airflow/.local/lib/python3.12/site-packages/airflow/example_dags/example_sla_dag.py
[2025-03-01T14:23:49.999+0000] {logging_mixin.py:190} INFO - [2025-03-01T14:23:49.999+0000] {dag.py:3239} INFO - Sync 1 DAGs
[2025-03-01T14:23:50.026+0000] {logging_mixin.py:190} INFO - [2025-03-01T14:23:50.026+0000] {dag.py:4180} INFO - Setting next_dagrun for example_sla_dag to 2025-03-01 14:20:00+00:00, run_after=2025-03-01 14:22:00+00:00
[2025-03-01T14:23:50.042+0000] {processor.py:208} INFO - Processing /home/airflow/.local/lib/python3.12/site-packages/airflow/example_dags/example_sla_dag.py took 0.079 seconds
[2025-03-01T14:24:20.082+0000] {processor.py:186} INFO - Started process (PID=911) to work on /home/airflow/.local/lib/python3.12/site-packages/airflow/example_dags/example_sla_dag.py
[2025-03-01T14:24:20.083+0000] {processor.py:914} INFO - Processing file /home/airflow/.local/lib/python3.12/site-packages/airflow/example_dags/example_sla_dag.py for tasks to queue
[2025-03-01T14:24:20.086+0000] {logging_mixin.py:190} INFO - [2025-03-01T14:24:20.085+0000] {dagbag.py:588} INFO - Filling up the DagBag from /home/airflow/.local/lib/python3.12/site-packages/airflow/example_dags/example_sla_dag.py
[2025-03-01T14:24:20.096+0000] {processor.py:925} INFO - DAG(s) 'example_sla_dag' retrieved from /home/airflow/.local/lib/python3.12/site-packages/airflow/example_dags/example_sla_dag.py
[2025-03-01T14:24:20.115+0000] {logging_mixin.py:190} INFO - [2025-03-01T14:24:20.115+0000] {dag.py:3239} INFO - Sync 1 DAGs
[2025-03-01T14:24:20.143+0000] {logging_mixin.py:190} INFO - [2025-03-01T14:24:20.143+0000] {dag.py:4180} INFO - Setting next_dagrun for example_sla_dag to 2025-03-01 14:22:00+00:00, run_after=2025-03-01 14:24:00+00:00
[2025-03-01T14:24:20.160+0000] {processor.py:208} INFO - Processing /home/airflow/.local/lib/python3.12/site-packages/airflow/example_dags/example_sla_dag.py took 0.083 seconds
[2025-03-01T14:24:50.368+0000] {processor.py:186} INFO - Started process (PID=974) to work on /home/airflow/.local/lib/python3.12/site-packages/airflow/example_dags/example_sla_dag.py
[2025-03-01T14:24:50.369+0000] {processor.py:914} INFO - Processing file /home/airflow/.local/lib/python3.12/site-packages/airflow/example_dags/example_sla_dag.py for tasks to queue
[2025-03-01T14:24:50.372+0000] {logging_mixin.py:190} INFO - [2025-03-01T14:24:50.371+0000] {dagbag.py:588} INFO - Filling up the DagBag from /home/airflow/.local/lib/python3.12/site-packages/airflow/example_dags/example_sla_dag.py
[2025-03-01T14:24:50.383+0000] {processor.py:925} INFO - DAG(s) 'example_sla_dag' retrieved from /home/airflow/.local/lib/python3.12/site-packages/airflow/example_dags/example_sla_dag.py
[2025-03-01T14:24:50.397+0000] {logging_mixin.py:190} INFO - [2025-03-01T14:24:50.397+0000] {dag.py:3239} INFO - Sync 1 DAGs
[2025-03-01T14:24:50.415+0000] {logging_mixin.py:190} INFO - [2025-03-01T14:24:50.415+0000] {dag.py:4180} INFO - Setting next_dagrun for example_sla_dag to 2025-03-01 14:22:00+00:00, run_after=2025-03-01 14:24:00+00:00
[2025-03-01T14:24:50.426+0000] {processor.py:208} INFO - Processing /home/airflow/.local/lib/python3.12/site-packages/airflow/example_dags/example_sla_dag.py took 0.065 seconds
[2025-03-01T14:25:20.650+0000] {processor.py:186} INFO - Started process (PID=1037) to work on /home/airflow/.local/lib/python3.12/site-packages/airflow/example_dags/example_sla_dag.py
[2025-03-01T14:25:20.650+0000] {processor.py:914} INFO - Processing file /home/airflow/.local/lib/python3.12/site-packages/airflow/example_dags/example_sla_dag.py for tasks to queue
[2025-03-01T14:25:20.652+0000] {logging_mixin.py:190} INFO - [2025-03-01T14:25:20.652+0000] {dagbag.py:588} INFO - Filling up the DagBag from /home/airflow/.local/lib/python3.12/site-packages/airflow/example_dags/example_sla_dag.py
[2025-03-01T14:25:20.659+0000] {processor.py:925} INFO - DAG(s) 'example_sla_dag' retrieved from /home/airflow/.local/lib/python3.12/site-packages/airflow/example_dags/example_sla_dag.py
[2025-03-01T14:25:20.674+0000] {logging_mixin.py:190} INFO - [2025-03-01T14:25:20.674+0000] {dag.py:3239} INFO - Sync 1 DAGs
[2025-03-01T14:25:20.692+0000] {logging_mixin.py:190} INFO - [2025-03-01T14:25:20.691+0000] {dag.py:4180} INFO - Setting next_dagrun for example_sla_dag to 2025-03-01 14:22:00+00:00, run_after=2025-03-01 14:24:00+00:00
[2025-03-01T14:25:20.704+0000] {processor.py:208} INFO - Processing /home/airflow/.local/lib/python3.12/site-packages/airflow/example_dags/example_sla_dag.py took 0.058 seconds
[2025-03-01T14:25:50.939+0000] {processor.py:186} INFO - Started process (PID=1100) to work on /home/airflow/.local/lib/python3.12/site-packages/airflow/example_dags/example_sla_dag.py
[2025-03-01T14:25:50.940+0000] {processor.py:914} INFO - Processing file /home/airflow/.local/lib/python3.12/site-packages/airflow/example_dags/example_sla_dag.py for tasks to queue
[2025-03-01T14:25:50.942+0000] {logging_mixin.py:190} INFO - [2025-03-01T14:25:50.942+0000] {dagbag.py:588} INFO - Filling up the DagBag from /home/airflow/.local/lib/python3.12/site-packages/airflow/example_dags/example_sla_dag.py
[2025-03-01T14:25:50.950+0000] {processor.py:925} INFO - DAG(s) 'example_sla_dag' retrieved from /home/airflow/.local/lib/python3.12/site-packages/airflow/example_dags/example_sla_dag.py
[2025-03-01T14:25:50.964+0000] {logging_mixin.py:190} INFO - [2025-03-01T14:25:50.963+0000] {dag.py:3239} INFO - Sync 1 DAGs
[2025-03-01T14:25:50.981+0000] {logging_mixin.py:190} INFO - [2025-03-01T14:25:50.981+0000] {dag.py:4180} INFO - Setting next_dagrun for example_sla_dag to 2025-03-01 14:22:00+00:00, run_after=2025-03-01 14:24:00+00:00
[2025-03-01T14:25:50.996+0000] {processor.py:208} INFO - Processing /home/airflow/.local/lib/python3.12/site-packages/airflow/example_dags/example_sla_dag.py took 0.060 seconds
[2025-03-01T14:26:21.235+0000] {processor.py:186} INFO - Started process (PID=1162) to work on /home/airflow/.local/lib/python3.12/site-packages/airflow/example_dags/example_sla_dag.py
[2025-03-01T14:26:21.236+0000] {processor.py:914} INFO - Processing file /home/airflow/.local/lib/python3.12/site-packages/airflow/example_dags/example_sla_dag.py for tasks to queue
[2025-03-01T14:26:21.238+0000] {logging_mixin.py:190} INFO - [2025-03-01T14:26:21.238+0000] {dagbag.py:588} INFO - Filling up the DagBag from /home/airflow/.local/lib/python3.12/site-packages/airflow/example_dags/example_sla_dag.py
[2025-03-01T14:26:21.246+0000] {processor.py:925} INFO - DAG(s) 'example_sla_dag' retrieved from /home/airflow/.local/lib/python3.12/site-packages/airflow/example_dags/example_sla_dag.py
[2025-03-01T14:26:21.260+0000] {logging_mixin.py:190} INFO - [2025-03-01T14:26:21.260+0000] {dag.py:3239} INFO - Sync 1 DAGs
[2025-03-01T14:26:21.279+0000] {logging_mixin.py:190} INFO - [2025-03-01T14:26:21.278+0000] {dag.py:4180} INFO - Setting next_dagrun for example_sla_dag to 2025-03-01 14:24:00+00:00, run_after=2025-03-01 14:26:00+00:00
[2025-03-01T14:26:21.290+0000] {processor.py:208} INFO - Processing /home/airflow/.local/lib/python3.12/site-packages/airflow/example_dags/example_sla_dag.py took 0.060 seconds
[2025-03-01T14:26:51.341+0000] {processor.py:186} INFO - Started process (PID=1226) to work on /home/airflow/.local/lib/python3.12/site-packages/airflow/example_dags/example_sla_dag.py
[2025-03-01T14:26:51.342+0000] {processor.py:914} INFO - Processing file /home/airflow/.local/lib/python3.12/site-packages/airflow/example_dags/example_sla_dag.py for tasks to queue
[2025-03-01T14:26:51.343+0000] {logging_mixin.py:190} INFO - [2025-03-01T14:26:51.343+0000] {dagbag.py:588} INFO - Filling up the DagBag from /home/airflow/.local/lib/python3.12/site-packages/airflow/example_dags/example_sla_dag.py
[2025-03-01T14:26:51.350+0000] {processor.py:925} INFO - DAG(s) 'example_sla_dag' retrieved from /home/airflow/.local/lib/python3.12/site-packages/airflow/example_dags/example_sla_dag.py
[2025-03-01T14:26:51.364+0000] {logging_mixin.py:190} INFO - [2025-03-01T14:26:51.364+0000] {dag.py:3239} INFO - Sync 1 DAGs
[2025-03-01T14:26:51.385+0000] {logging_mixin.py:190} INFO - [2025-03-01T14:26:51.385+0000] {dag.py:4180} INFO - Setting next_dagrun for example_sla_dag to 2025-03-01 14:24:00+00:00, run_after=2025-03-01 14:26:00+00:00
[2025-03-01T14:26:51.397+0000] {processor.py:208} INFO - Processing /home/airflow/.local/lib/python3.12/site-packages/airflow/example_dags/example_sla_dag.py took 0.060 seconds
[2025-03-01T14:27:21.699+0000] {processor.py:186} INFO - Started process (PID=1289) to work on /home/airflow/.local/lib/python3.12/site-packages/airflow/example_dags/example_sla_dag.py
[2025-03-01T14:27:21.700+0000] {processor.py:914} INFO - Processing file /home/airflow/.local/lib/python3.12/site-packages/airflow/example_dags/example_sla_dag.py for tasks to queue
[2025-03-01T14:27:21.702+0000] {logging_mixin.py:190} INFO - [2025-03-01T14:27:21.701+0000] {dagbag.py:588} INFO - Filling up the DagBag from /home/airflow/.local/lib/python3.12/site-packages/airflow/example_dags/example_sla_dag.py
[2025-03-01T14:27:21.709+0000] {processor.py:925} INFO - DAG(s) 'example_sla_dag' retrieved from /home/airflow/.local/lib/python3.12/site-packages/airflow/example_dags/example_sla_dag.py
[2025-03-01T14:27:21.721+0000] {logging_mixin.py:190} INFO - [2025-03-01T14:27:21.721+0000] {dag.py:3239} INFO - Sync 1 DAGs
[2025-03-01T14:27:21.739+0000] {logging_mixin.py:190} INFO - [2025-03-01T14:27:21.739+0000] {dag.py:4180} INFO - Setting next_dagrun for example_sla_dag to 2025-03-01 14:24:00+00:00, run_after=2025-03-01 14:26:00+00:00
[2025-03-01T14:27:21.750+0000] {processor.py:208} INFO - Processing /home/airflow/.local/lib/python3.12/site-packages/airflow/example_dags/example_sla_dag.py took 0.057 seconds
[2025-03-01T14:27:52.668+0000] {processor.py:186} INFO - Started process (PID=1352) to work on /home/airflow/.local/lib/python3.12/site-packages/airflow/example_dags/example_sla_dag.py
[2025-03-01T14:27:52.668+0000] {processor.py:914} INFO - Processing file /home/airflow/.local/lib/python3.12/site-packages/airflow/example_dags/example_sla_dag.py for tasks to queue
[2025-03-01T14:27:52.670+0000] {logging_mixin.py:190} INFO - [2025-03-01T14:27:52.670+0000] {dagbag.py:588} INFO - Filling up the DagBag from /home/airflow/.local/lib/python3.12/site-packages/airflow/example_dags/example_sla_dag.py
[2025-03-01T14:27:52.677+0000] {processor.py:925} INFO - DAG(s) 'example_sla_dag' retrieved from /home/airflow/.local/lib/python3.12/site-packages/airflow/example_dags/example_sla_dag.py
[2025-03-01T14:27:52.690+0000] {logging_mixin.py:190} INFO - [2025-03-01T14:27:52.690+0000] {dag.py:3239} INFO - Sync 1 DAGs
[2025-03-01T14:27:52.708+0000] {logging_mixin.py:190} INFO - [2025-03-01T14:27:52.708+0000] {dag.py:4180} INFO - Setting next_dagrun for example_sla_dag to 2025-03-01 14:24:00+00:00, run_after=2025-03-01 14:26:00+00:00
[2025-03-01T14:27:52.720+0000] {processor.py:208} INFO - Processing /home/airflow/.local/lib/python3.12/site-packages/airflow/example_dags/example_sla_dag.py took 0.057 seconds
[2025-03-01T14:28:23.014+0000] {processor.py:186} INFO - Started process (PID=1415) to work on /home/airflow/.local/lib/python3.12/site-packages/airflow/example_dags/example_sla_dag.py
[2025-03-01T14:28:23.015+0000] {processor.py:914} INFO - Processing file /home/airflow/.local/lib/python3.12/site-packages/airflow/example_dags/example_sla_dag.py for tasks to queue
[2025-03-01T14:28:23.017+0000] {logging_mixin.py:190} INFO - [2025-03-01T14:28:23.016+0000] {dagbag.py:588} INFO - Filling up the DagBag from /home/airflow/.local/lib/python3.12/site-packages/airflow/example_dags/example_sla_dag.py
[2025-03-01T14:28:23.026+0000] {processor.py:925} INFO - DAG(s) 'example_sla_dag' retrieved from /home/airflow/.local/lib/python3.12/site-packages/airflow/example_dags/example_sla_dag.py
[2025-03-01T14:28:23.042+0000] {logging_mixin.py:190} INFO - [2025-03-01T14:28:23.042+0000] {dag.py:3239} INFO - Sync 1 DAGs
[2025-03-01T14:28:23.063+0000] {logging_mixin.py:190} INFO - [2025-03-01T14:28:23.062+0000] {dag.py:4180} INFO - Setting next_dagrun for example_sla_dag to 2025-03-01 14:26:00+00:00, run_after=2025-03-01 14:28:00+00:00
[2025-03-01T14:28:23.075+0000] {processor.py:208} INFO - Processing /home/airflow/.local/lib/python3.12/site-packages/airflow/example_dags/example_sla_dag.py took 0.067 seconds
[2025-03-01T14:28:53.631+0000] {processor.py:186} INFO - Started process (PID=1469) to work on /home/airflow/.local/lib/python3.12/site-packages/airflow/example_dags/example_sla_dag.py
[2025-03-01T14:28:53.632+0000] {processor.py:914} INFO - Processing file /home/airflow/.local/lib/python3.12/site-packages/airflow/example_dags/example_sla_dag.py for tasks to queue
[2025-03-01T14:28:53.634+0000] {logging_mixin.py:190} INFO - [2025-03-01T14:28:53.633+0000] {dagbag.py:588} INFO - Filling up the DagBag from /home/airflow/.local/lib/python3.12/site-packages/airflow/example_dags/example_sla_dag.py
[2025-03-01T14:28:53.644+0000] {processor.py:925} INFO - DAG(s) 'example_sla_dag' retrieved from /home/airflow/.local/lib/python3.12/site-packages/airflow/example_dags/example_sla_dag.py
[2025-03-01T14:28:53.663+0000] {logging_mixin.py:190} INFO - [2025-03-01T14:28:53.663+0000] {dag.py:3239} INFO - Sync 1 DAGs
[2025-03-01T14:28:53.686+0000] {logging_mixin.py:190} INFO - [2025-03-01T14:28:53.685+0000] {dag.py:4180} INFO - Setting next_dagrun for example_sla_dag to 2025-03-01 14:26:00+00:00, run_after=2025-03-01 14:28:00+00:00
[2025-03-01T14:28:53.698+0000] {processor.py:208} INFO - Processing /home/airflow/.local/lib/python3.12/site-packages/airflow/example_dags/example_sla_dag.py took 0.075 seconds
[2025-03-01T14:29:24.144+0000] {processor.py:186} INFO - Started process (PID=1528) to work on /home/airflow/.local/lib/python3.12/site-packages/airflow/example_dags/example_sla_dag.py
[2025-03-01T14:29:24.145+0000] {processor.py:914} INFO - Processing file /home/airflow/.local/lib/python3.12/site-packages/airflow/example_dags/example_sla_dag.py for tasks to queue
[2025-03-01T14:29:24.147+0000] {logging_mixin.py:190} INFO - [2025-03-01T14:29:24.146+0000] {dagbag.py:588} INFO - Filling up the DagBag from /home/airflow/.local/lib/python3.12/site-packages/airflow/example_dags/example_sla_dag.py
[2025-03-01T14:29:24.156+0000] {processor.py:925} INFO - DAG(s) 'example_sla_dag' retrieved from /home/airflow/.local/lib/python3.12/site-packages/airflow/example_dags/example_sla_dag.py
[2025-03-01T14:29:24.173+0000] {logging_mixin.py:190} INFO - [2025-03-01T14:29:24.173+0000] {dag.py:3239} INFO - Sync 1 DAGs
[2025-03-01T14:29:24.201+0000] {logging_mixin.py:190} INFO - [2025-03-01T14:29:24.201+0000] {dag.py:4180} INFO - Setting next_dagrun for example_sla_dag to 2025-03-01 14:26:00+00:00, run_after=2025-03-01 14:28:00+00:00
[2025-03-01T14:29:24.216+0000] {processor.py:208} INFO - Processing /home/airflow/.local/lib/python3.12/site-packages/airflow/example_dags/example_sla_dag.py took 0.078 seconds
[2025-03-01T14:29:55.182+0000] {processor.py:186} INFO - Started process (PID=1590) to work on /home/airflow/.local/lib/python3.12/site-packages/airflow/example_dags/example_sla_dag.py
[2025-03-01T14:29:55.183+0000] {processor.py:914} INFO - Processing file /home/airflow/.local/lib/python3.12/site-packages/airflow/example_dags/example_sla_dag.py for tasks to queue
[2025-03-01T14:29:55.185+0000] {logging_mixin.py:190} INFO - [2025-03-01T14:29:55.184+0000] {dagbag.py:588} INFO - Filling up the DagBag from /home/airflow/.local/lib/python3.12/site-packages/airflow/example_dags/example_sla_dag.py
[2025-03-01T14:29:55.204+0000] {processor.py:925} INFO - DAG(s) 'example_sla_dag' retrieved from /home/airflow/.local/lib/python3.12/site-packages/airflow/example_dags/example_sla_dag.py
[2025-03-01T14:29:55.225+0000] {logging_mixin.py:190} INFO - [2025-03-01T14:29:55.225+0000] {dag.py:3239} INFO - Sync 1 DAGs
[2025-03-01T14:29:55.251+0000] {logging_mixin.py:190} INFO - [2025-03-01T14:29:55.251+0000] {dag.py:4180} INFO - Setting next_dagrun for example_sla_dag to 2025-03-01 14:26:00+00:00, run_after=2025-03-01 14:28:00+00:00
[2025-03-01T14:29:55.267+0000] {processor.py:208} INFO - Processing /home/airflow/.local/lib/python3.12/site-packages/airflow/example_dags/example_sla_dag.py took 0.092 seconds
[2025-03-01T14:30:25.855+0000] {processor.py:186} INFO - Started process (PID=1653) to work on /home/airflow/.local/lib/python3.12/site-packages/airflow/example_dags/example_sla_dag.py
[2025-03-01T14:30:25.855+0000] {processor.py:914} INFO - Processing file /home/airflow/.local/lib/python3.12/site-packages/airflow/example_dags/example_sla_dag.py for tasks to queue
[2025-03-01T14:30:25.857+0000] {logging_mixin.py:190} INFO - [2025-03-01T14:30:25.857+0000] {dagbag.py:588} INFO - Filling up the DagBag from /home/airflow/.local/lib/python3.12/site-packages/airflow/example_dags/example_sla_dag.py
[2025-03-01T14:30:25.867+0000] {processor.py:925} INFO - DAG(s) 'example_sla_dag' retrieved from /home/airflow/.local/lib/python3.12/site-packages/airflow/example_dags/example_sla_dag.py
[2025-03-01T14:30:25.885+0000] {logging_mixin.py:190} INFO - [2025-03-01T14:30:25.885+0000] {dag.py:3239} INFO - Sync 1 DAGs
[2025-03-01T14:30:25.914+0000] {logging_mixin.py:190} INFO - [2025-03-01T14:30:25.914+0000] {dag.py:4180} INFO - Setting next_dagrun for example_sla_dag to 2025-03-01 14:28:00+00:00, run_after=2025-03-01 14:30:00+00:00
[2025-03-01T14:30:25.930+0000] {processor.py:208} INFO - Processing /home/airflow/.local/lib/python3.12/site-packages/airflow/example_dags/example_sla_dag.py took 0.080 seconds
[2025-03-01T14:30:56.548+0000] {processor.py:186} INFO - Started process (PID=1716) to work on /home/airflow/.local/lib/python3.12/site-packages/airflow/example_dags/example_sla_dag.py
[2025-03-01T14:30:56.549+0000] {processor.py:914} INFO - Processing file /home/airflow/.local/lib/python3.12/site-packages/airflow/example_dags/example_sla_dag.py for tasks to queue
[2025-03-01T14:30:56.551+0000] {logging_mixin.py:190} INFO - [2025-03-01T14:30:56.550+0000] {dagbag.py:588} INFO - Filling up the DagBag from /home/airflow/.local/lib/python3.12/site-packages/airflow/example_dags/example_sla_dag.py
[2025-03-01T14:30:56.562+0000] {processor.py:925} INFO - DAG(s) 'example_sla_dag' retrieved from /home/airflow/.local/lib/python3.12/site-packages/airflow/example_dags/example_sla_dag.py
[2025-03-01T14:30:56.608+0000] {logging_mixin.py:190} INFO - [2025-03-01T14:30:56.608+0000] {dag.py:3239} INFO - Sync 1 DAGs
[2025-03-01T14:30:56.650+0000] {logging_mixin.py:190} INFO - [2025-03-01T14:30:56.649+0000] {dag.py:4180} INFO - Setting next_dagrun for example_sla_dag to 2025-03-01 14:28:00+00:00, run_after=2025-03-01 14:30:00+00:00
[2025-03-01T14:30:56.676+0000] {processor.py:208} INFO - Processing /home/airflow/.local/lib/python3.12/site-packages/airflow/example_dags/example_sla_dag.py took 0.134 seconds
[2025-03-01T14:31:26.861+0000] {processor.py:186} INFO - Started process (PID=1780) to work on /home/airflow/.local/lib/python3.12/site-packages/airflow/example_dags/example_sla_dag.py
[2025-03-01T14:31:26.862+0000] {processor.py:914} INFO - Processing file /home/airflow/.local/lib/python3.12/site-packages/airflow/example_dags/example_sla_dag.py for tasks to queue
[2025-03-01T14:31:26.863+0000] {logging_mixin.py:190} INFO - [2025-03-01T14:31:26.863+0000] {dagbag.py:588} INFO - Filling up the DagBag from /home/airflow/.local/lib/python3.12/site-packages/airflow/example_dags/example_sla_dag.py
[2025-03-01T14:31:26.871+0000] {processor.py:925} INFO - DAG(s) 'example_sla_dag' retrieved from /home/airflow/.local/lib/python3.12/site-packages/airflow/example_dags/example_sla_dag.py
[2025-03-01T14:31:26.884+0000] {logging_mixin.py:190} INFO - [2025-03-01T14:31:26.884+0000] {dag.py:3239} INFO - Sync 1 DAGs
[2025-03-01T14:31:26.902+0000] {logging_mixin.py:190} INFO - [2025-03-01T14:31:26.902+0000] {dag.py:4180} INFO - Setting next_dagrun for example_sla_dag to 2025-03-01 14:28:00+00:00, run_after=2025-03-01 14:30:00+00:00
[2025-03-01T14:31:26.914+0000] {processor.py:208} INFO - Processing /home/airflow/.local/lib/python3.12/site-packages/airflow/example_dags/example_sla_dag.py took 0.057 seconds
[2025-03-01T14:31:57.644+0000] {processor.py:186} INFO - Started process (PID=1843) to work on /home/airflow/.local/lib/python3.12/site-packages/airflow/example_dags/example_sla_dag.py
[2025-03-01T14:31:57.645+0000] {processor.py:914} INFO - Processing file /home/airflow/.local/lib/python3.12/site-packages/airflow/example_dags/example_sla_dag.py for tasks to queue
[2025-03-01T14:31:57.647+0000] {logging_mixin.py:190} INFO - [2025-03-01T14:31:57.647+0000] {dagbag.py:588} INFO - Filling up the DagBag from /home/airflow/.local/lib/python3.12/site-packages/airflow/example_dags/example_sla_dag.py
[2025-03-01T14:31:57.658+0000] {processor.py:925} INFO - DAG(s) 'example_sla_dag' retrieved from /home/airflow/.local/lib/python3.12/site-packages/airflow/example_dags/example_sla_dag.py
[2025-03-01T14:31:57.694+0000] {logging_mixin.py:190} INFO - [2025-03-01T14:31:57.693+0000] {dag.py:3239} INFO - Sync 1 DAGs
[2025-03-01T14:31:57.741+0000] {logging_mixin.py:190} INFO - [2025-03-01T14:31:57.740+0000] {dag.py:4180} INFO - Setting next_dagrun for example_sla_dag to 2025-03-01 14:28:00+00:00, run_after=2025-03-01 14:30:00+00:00
[2025-03-01T14:31:57.769+0000] {processor.py:208} INFO - Processing /home/airflow/.local/lib/python3.12/site-packages/airflow/example_dags/example_sla_dag.py took 0.131 seconds
[2025-03-01T14:32:27.823+0000] {processor.py:186} INFO - Started process (PID=1906) to work on /home/airflow/.local/lib/python3.12/site-packages/airflow/example_dags/example_sla_dag.py
[2025-03-01T14:32:27.824+0000] {processor.py:914} INFO - Processing file /home/airflow/.local/lib/python3.12/site-packages/airflow/example_dags/example_sla_dag.py for tasks to queue
[2025-03-01T14:32:27.826+0000] {logging_mixin.py:190} INFO - [2025-03-01T14:32:27.826+0000] {dagbag.py:588} INFO - Filling up the DagBag from /home/airflow/.local/lib/python3.12/site-packages/airflow/example_dags/example_sla_dag.py
[2025-03-01T14:32:27.838+0000] {processor.py:925} INFO - DAG(s) 'example_sla_dag' retrieved from /home/airflow/.local/lib/python3.12/site-packages/airflow/example_dags/example_sla_dag.py
[2025-03-01T14:32:27.857+0000] {logging_mixin.py:190} INFO - [2025-03-01T14:32:27.857+0000] {dag.py:3239} INFO - Sync 1 DAGs
[2025-03-01T14:32:27.885+0000] {logging_mixin.py:190} INFO - [2025-03-01T14:32:27.885+0000] {dag.py:4180} INFO - Setting next_dagrun for example_sla_dag to 2025-03-01 14:30:00+00:00, run_after=2025-03-01 14:32:00+00:00
[2025-03-01T14:32:27.903+0000] {processor.py:208} INFO - Processing /home/airflow/.local/lib/python3.12/site-packages/airflow/example_dags/example_sla_dag.py took 0.084 seconds
[2025-03-01T14:32:58.055+0000] {processor.py:186} INFO - Started process (PID=1969) to work on /home/airflow/.local/lib/python3.12/site-packages/airflow/example_dags/example_sla_dag.py
[2025-03-01T14:32:58.056+0000] {processor.py:914} INFO - Processing file /home/airflow/.local/lib/python3.12/site-packages/airflow/example_dags/example_sla_dag.py for tasks to queue
[2025-03-01T14:32:58.058+0000] {logging_mixin.py:190} INFO - [2025-03-01T14:32:58.057+0000] {dagbag.py:588} INFO - Filling up the DagBag from /home/airflow/.local/lib/python3.12/site-packages/airflow/example_dags/example_sla_dag.py
[2025-03-01T14:32:58.067+0000] {processor.py:925} INFO - DAG(s) 'example_sla_dag' retrieved from /home/airflow/.local/lib/python3.12/site-packages/airflow/example_dags/example_sla_dag.py
[2025-03-01T14:32:58.084+0000] {logging_mixin.py:190} INFO - [2025-03-01T14:32:58.084+0000] {dag.py:3239} INFO - Sync 1 DAGs
[2025-03-01T14:32:58.111+0000] {logging_mixin.py:190} INFO - [2025-03-01T14:32:58.111+0000] {dag.py:4180} INFO - Setting next_dagrun for example_sla_dag to 2025-03-01 14:30:00+00:00, run_after=2025-03-01 14:32:00+00:00
[2025-03-01T14:32:58.127+0000] {processor.py:208} INFO - Processing /home/airflow/.local/lib/python3.12/site-packages/airflow/example_dags/example_sla_dag.py took 0.078 seconds
