[2025-03-01T14:17:44.260+0000] {processor.py:186} INFO - Started process (PID=93) to work on /home/airflow/.local/lib/python3.12/site-packages/airflow/example_dags/example_sensor_decorator.py
[2025-03-01T14:17:44.268+0000] {processor.py:914} INFO - Processing file /home/airflow/.local/lib/python3.12/site-packages/airflow/example_dags/example_sensor_decorator.py for tasks to queue
[2025-03-01T14:17:44.278+0000] {logging_mixin.py:190} INFO - [2025-03-01T14:17:44.278+0000] {dagbag.py:588} INFO - Filling up the DagBag from /home/airflow/.local/lib/python3.12/site-packages/airflow/example_dags/example_sensor_decorator.py
[2025-03-01T14:17:44.303+0000] {processor.py:925} INFO - DAG(s) 'example_sensor_decorator' retrieved from /home/airflow/.local/lib/python3.12/site-packages/airflow/example_dags/example_sensor_decorator.py
[2025-03-01T14:17:44.603+0000] {logging_mixin.py:190} INFO - [2025-03-01T14:17:44.602+0000] {override.py:1912} INFO - Created Permission View: can edit on DAG:example_sensor_decorator
[2025-03-01T14:17:44.627+0000] {logging_mixin.py:190} INFO - [2025-03-01T14:17:44.627+0000] {override.py:1912} INFO - Created Permission View: can read on DAG:example_sensor_decorator
[2025-03-01T14:17:44.647+0000] {logging_mixin.py:190} INFO - [2025-03-01T14:17:44.647+0000] {override.py:1912} INFO - Created Permission View: can delete on DAG:example_sensor_decorator
[2025-03-01T14:17:44.665+0000] {logging_mixin.py:190} INFO - [2025-03-01T14:17:44.665+0000] {override.py:1912} INFO - Created Permission View: menu access on DAG Run:example_sensor_decorator
[2025-03-01T14:17:44.685+0000] {logging_mixin.py:190} INFO - [2025-03-01T14:17:44.685+0000] {override.py:1912} INFO - Created Permission View: can read on DAG Run:example_sensor_decorator
[2025-03-01T14:17:44.702+0000] {logging_mixin.py:190} INFO - [2025-03-01T14:17:44.702+0000] {override.py:1912} INFO - Created Permission View: can create on DAG Run:example_sensor_decorator
[2025-03-01T14:17:44.722+0000] {logging_mixin.py:190} INFO - [2025-03-01T14:17:44.721+0000] {override.py:1912} INFO - Created Permission View: can delete on DAG Run:example_sensor_decorator
[2025-03-01T14:17:44.724+0000] {logging_mixin.py:190} INFO - [2025-03-01T14:17:44.724+0000] {dag.py:3239} INFO - Sync 1 DAGs
[2025-03-01T14:17:44.769+0000] {logging_mixin.py:190} INFO - [2025-03-01T14:17:44.768+0000] {dag.py:3262} INFO - Creating ORM DAG for example_sensor_decorator
[2025-03-01T14:17:44.769+0000] {logging_mixin.py:190} INFO - [2025-03-01T14:17:44.769+0000] {dag.py:4180} INFO - Setting next_dagrun for example_sensor_decorator to None, run_after=None
[2025-03-01T14:17:44.820+0000] {processor.py:208} INFO - Processing /home/airflow/.local/lib/python3.12/site-packages/airflow/example_dags/example_sensor_decorator.py took 0.574 seconds
[2025-03-01T14:18:15.803+0000] {processor.py:186} INFO - Started process (PID=156) to work on /home/airflow/.local/lib/python3.12/site-packages/airflow/example_dags/example_sensor_decorator.py
[2025-03-01T14:18:15.804+0000] {processor.py:914} INFO - Processing file /home/airflow/.local/lib/python3.12/site-packages/airflow/example_dags/example_sensor_decorator.py for tasks to queue
[2025-03-01T14:18:15.806+0000] {logging_mixin.py:190} INFO - [2025-03-01T14:18:15.806+0000] {dagbag.py:588} INFO - Filling up the DagBag from /home/airflow/.local/lib/python3.12/site-packages/airflow/example_dags/example_sensor_decorator.py
[2025-03-01T14:18:15.814+0000] {processor.py:925} INFO - DAG(s) 'example_sensor_decorator' retrieved from /home/airflow/.local/lib/python3.12/site-packages/airflow/example_dags/example_sensor_decorator.py
[2025-03-01T14:18:15.832+0000] {logging_mixin.py:190} INFO - [2025-03-01T14:18:15.832+0000] {dag.py:3239} INFO - Sync 1 DAGs
[2025-03-01T14:18:15.849+0000] {logging_mixin.py:190} INFO - [2025-03-01T14:18:15.848+0000] {dag.py:4180} INFO - Setting next_dagrun for example_sensor_decorator to None, run_after=None
[2025-03-01T14:18:15.868+0000] {processor.py:208} INFO - Processing /home/airflow/.local/lib/python3.12/site-packages/airflow/example_dags/example_sensor_decorator.py took 0.070 seconds
[2025-03-01T14:18:46.367+0000] {processor.py:186} INFO - Started process (PID=219) to work on /home/airflow/.local/lib/python3.12/site-packages/airflow/example_dags/example_sensor_decorator.py
[2025-03-01T14:18:46.368+0000] {processor.py:914} INFO - Processing file /home/airflow/.local/lib/python3.12/site-packages/airflow/example_dags/example_sensor_decorator.py for tasks to queue
[2025-03-01T14:18:46.374+0000] {logging_mixin.py:190} INFO - [2025-03-01T14:18:46.374+0000] {dagbag.py:588} INFO - Filling up the DagBag from /home/airflow/.local/lib/python3.12/site-packages/airflow/example_dags/example_sensor_decorator.py
[2025-03-01T14:18:46.405+0000] {processor.py:925} INFO - DAG(s) 'example_sensor_decorator' retrieved from /home/airflow/.local/lib/python3.12/site-packages/airflow/example_dags/example_sensor_decorator.py
[2025-03-01T14:18:46.458+0000] {logging_mixin.py:190} INFO - [2025-03-01T14:18:46.458+0000] {dag.py:3239} INFO - Sync 1 DAGs
[2025-03-01T14:18:46.499+0000] {logging_mixin.py:190} INFO - [2025-03-01T14:18:46.499+0000] {dag.py:4180} INFO - Setting next_dagrun for example_sensor_decorator to None, run_after=None
[2025-03-01T14:18:46.569+0000] {processor.py:208} INFO - Processing /home/airflow/.local/lib/python3.12/site-packages/airflow/example_dags/example_sensor_decorator.py took 0.215 seconds
[2025-03-01T14:19:16.873+0000] {processor.py:186} INFO - Started process (PID=282) to work on /home/airflow/.local/lib/python3.12/site-packages/airflow/example_dags/example_sensor_decorator.py
[2025-03-01T14:19:16.874+0000] {processor.py:914} INFO - Processing file /home/airflow/.local/lib/python3.12/site-packages/airflow/example_dags/example_sensor_decorator.py for tasks to queue
[2025-03-01T14:19:16.877+0000] {logging_mixin.py:190} INFO - [2025-03-01T14:19:16.877+0000] {dagbag.py:588} INFO - Filling up the DagBag from /home/airflow/.local/lib/python3.12/site-packages/airflow/example_dags/example_sensor_decorator.py
[2025-03-01T14:19:16.885+0000] {processor.py:925} INFO - DAG(s) 'example_sensor_decorator' retrieved from /home/airflow/.local/lib/python3.12/site-packages/airflow/example_dags/example_sensor_decorator.py
[2025-03-01T14:19:16.919+0000] {logging_mixin.py:190} INFO - [2025-03-01T14:19:16.919+0000] {dag.py:3239} INFO - Sync 1 DAGs
[2025-03-01T14:19:16.957+0000] {logging_mixin.py:190} INFO - [2025-03-01T14:19:16.956+0000] {dag.py:4180} INFO - Setting next_dagrun for example_sensor_decorator to None, run_after=None
[2025-03-01T14:19:17.053+0000] {processor.py:208} INFO - Processing /home/airflow/.local/lib/python3.12/site-packages/airflow/example_dags/example_sensor_decorator.py took 0.186 seconds
[2025-03-01T14:19:47.575+0000] {processor.py:186} INFO - Started process (PID=345) to work on /home/airflow/.local/lib/python3.12/site-packages/airflow/example_dags/example_sensor_decorator.py
[2025-03-01T14:19:47.576+0000] {processor.py:914} INFO - Processing file /home/airflow/.local/lib/python3.12/site-packages/airflow/example_dags/example_sensor_decorator.py for tasks to queue
[2025-03-01T14:19:47.578+0000] {logging_mixin.py:190} INFO - [2025-03-01T14:19:47.578+0000] {dagbag.py:588} INFO - Filling up the DagBag from /home/airflow/.local/lib/python3.12/site-packages/airflow/example_dags/example_sensor_decorator.py
[2025-03-01T14:19:47.586+0000] {processor.py:925} INFO - DAG(s) 'example_sensor_decorator' retrieved from /home/airflow/.local/lib/python3.12/site-packages/airflow/example_dags/example_sensor_decorator.py
[2025-03-01T14:19:47.606+0000] {logging_mixin.py:190} INFO - [2025-03-01T14:19:47.606+0000] {dag.py:3239} INFO - Sync 1 DAGs
[2025-03-01T14:19:47.621+0000] {logging_mixin.py:190} INFO - [2025-03-01T14:19:47.621+0000] {dag.py:4180} INFO - Setting next_dagrun for example_sensor_decorator to None, run_after=None
[2025-03-01T14:19:47.638+0000] {processor.py:208} INFO - Processing /home/airflow/.local/lib/python3.12/site-packages/airflow/example_dags/example_sensor_decorator.py took 0.069 seconds
[2025-03-01T14:20:18.040+0000] {processor.py:186} INFO - Started process (PID=407) to work on /home/airflow/.local/lib/python3.12/site-packages/airflow/example_dags/example_sensor_decorator.py
[2025-03-01T14:20:18.041+0000] {processor.py:914} INFO - Processing file /home/airflow/.local/lib/python3.12/site-packages/airflow/example_dags/example_sensor_decorator.py for tasks to queue
[2025-03-01T14:20:18.043+0000] {logging_mixin.py:190} INFO - [2025-03-01T14:20:18.043+0000] {dagbag.py:588} INFO - Filling up the DagBag from /home/airflow/.local/lib/python3.12/site-packages/airflow/example_dags/example_sensor_decorator.py
[2025-03-01T14:20:18.051+0000] {processor.py:925} INFO - DAG(s) 'example_sensor_decorator' retrieved from /home/airflow/.local/lib/python3.12/site-packages/airflow/example_dags/example_sensor_decorator.py
[2025-03-01T14:20:18.072+0000] {logging_mixin.py:190} INFO - [2025-03-01T14:20:18.071+0000] {dag.py:3239} INFO - Sync 1 DAGs
[2025-03-01T14:20:18.093+0000] {logging_mixin.py:190} INFO - [2025-03-01T14:20:18.093+0000] {dag.py:4180} INFO - Setting next_dagrun for example_sensor_decorator to None, run_after=None
[2025-03-01T14:20:18.111+0000] {processor.py:208} INFO - Processing /home/airflow/.local/lib/python3.12/site-packages/airflow/example_dags/example_sensor_decorator.py took 0.076 seconds
[2025-03-01T14:20:48.460+0000] {processor.py:186} INFO - Started process (PID=470) to work on /home/airflow/.local/lib/python3.12/site-packages/airflow/example_dags/example_sensor_decorator.py
[2025-03-01T14:20:48.462+0000] {processor.py:914} INFO - Processing file /home/airflow/.local/lib/python3.12/site-packages/airflow/example_dags/example_sensor_decorator.py for tasks to queue
[2025-03-01T14:20:48.465+0000] {logging_mixin.py:190} INFO - [2025-03-01T14:20:48.465+0000] {dagbag.py:588} INFO - Filling up the DagBag from /home/airflow/.local/lib/python3.12/site-packages/airflow/example_dags/example_sensor_decorator.py
[2025-03-01T14:20:48.473+0000] {processor.py:925} INFO - DAG(s) 'example_sensor_decorator' retrieved from /home/airflow/.local/lib/python3.12/site-packages/airflow/example_dags/example_sensor_decorator.py
[2025-03-01T14:20:48.492+0000] {logging_mixin.py:190} INFO - [2025-03-01T14:20:48.492+0000] {dag.py:3239} INFO - Sync 1 DAGs
[2025-03-01T14:20:48.512+0000] {logging_mixin.py:190} INFO - [2025-03-01T14:20:48.512+0000] {dag.py:4180} INFO - Setting next_dagrun for example_sensor_decorator to None, run_after=None
[2025-03-01T14:20:48.528+0000] {processor.py:208} INFO - Processing /home/airflow/.local/lib/python3.12/site-packages/airflow/example_dags/example_sensor_decorator.py took 0.075 seconds
[2025-03-01T14:21:18.853+0000] {processor.py:186} INFO - Started process (PID=533) to work on /home/airflow/.local/lib/python3.12/site-packages/airflow/example_dags/example_sensor_decorator.py
[2025-03-01T14:21:18.853+0000] {processor.py:914} INFO - Processing file /home/airflow/.local/lib/python3.12/site-packages/airflow/example_dags/example_sensor_decorator.py for tasks to queue
[2025-03-01T14:21:18.855+0000] {logging_mixin.py:190} INFO - [2025-03-01T14:21:18.855+0000] {dagbag.py:588} INFO - Filling up the DagBag from /home/airflow/.local/lib/python3.12/site-packages/airflow/example_dags/example_sensor_decorator.py
[2025-03-01T14:21:18.863+0000] {processor.py:925} INFO - DAG(s) 'example_sensor_decorator' retrieved from /home/airflow/.local/lib/python3.12/site-packages/airflow/example_dags/example_sensor_decorator.py
[2025-03-01T14:21:18.888+0000] {logging_mixin.py:190} INFO - [2025-03-01T14:21:18.887+0000] {dag.py:3239} INFO - Sync 1 DAGs
[2025-03-01T14:21:18.904+0000] {logging_mixin.py:190} INFO - [2025-03-01T14:21:18.904+0000] {dag.py:4180} INFO - Setting next_dagrun for example_sensor_decorator to None, run_after=None
[2025-03-01T14:21:18.921+0000] {processor.py:208} INFO - Processing /home/airflow/.local/lib/python3.12/site-packages/airflow/example_dags/example_sensor_decorator.py took 0.073 seconds
[2025-03-01T14:21:49.709+0000] {processor.py:186} INFO - Started process (PID=596) to work on /home/airflow/.local/lib/python3.12/site-packages/airflow/example_dags/example_sensor_decorator.py
[2025-03-01T14:21:49.710+0000] {processor.py:914} INFO - Processing file /home/airflow/.local/lib/python3.12/site-packages/airflow/example_dags/example_sensor_decorator.py for tasks to queue
[2025-03-01T14:21:49.712+0000] {logging_mixin.py:190} INFO - [2025-03-01T14:21:49.712+0000] {dagbag.py:588} INFO - Filling up the DagBag from /home/airflow/.local/lib/python3.12/site-packages/airflow/example_dags/example_sensor_decorator.py
[2025-03-01T14:21:49.720+0000] {processor.py:925} INFO - DAG(s) 'example_sensor_decorator' retrieved from /home/airflow/.local/lib/python3.12/site-packages/airflow/example_dags/example_sensor_decorator.py
[2025-03-01T14:21:49.740+0000] {logging_mixin.py:190} INFO - [2025-03-01T14:21:49.739+0000] {dag.py:3239} INFO - Sync 1 DAGs
[2025-03-01T14:21:49.759+0000] {logging_mixin.py:190} INFO - [2025-03-01T14:21:49.759+0000] {dag.py:4180} INFO - Setting next_dagrun for example_sensor_decorator to None, run_after=None
[2025-03-01T14:21:49.777+0000] {processor.py:208} INFO - Processing /home/airflow/.local/lib/python3.12/site-packages/airflow/example_dags/example_sensor_decorator.py took 0.073 seconds
[2025-03-01T14:22:20.120+0000] {processor.py:186} INFO - Started process (PID=659) to work on /home/airflow/.local/lib/python3.12/site-packages/airflow/example_dags/example_sensor_decorator.py
[2025-03-01T14:22:20.121+0000] {processor.py:914} INFO - Processing file /home/airflow/.local/lib/python3.12/site-packages/airflow/example_dags/example_sensor_decorator.py for tasks to queue
[2025-03-01T14:22:20.123+0000] {logging_mixin.py:190} INFO - [2025-03-01T14:22:20.122+0000] {dagbag.py:588} INFO - Filling up the DagBag from /home/airflow/.local/lib/python3.12/site-packages/airflow/example_dags/example_sensor_decorator.py
[2025-03-01T14:22:20.131+0000] {processor.py:925} INFO - DAG(s) 'example_sensor_decorator' retrieved from /home/airflow/.local/lib/python3.12/site-packages/airflow/example_dags/example_sensor_decorator.py
[2025-03-01T14:22:20.149+0000] {logging_mixin.py:190} INFO - [2025-03-01T14:22:20.149+0000] {dag.py:3239} INFO - Sync 1 DAGs
[2025-03-01T14:22:20.165+0000] {logging_mixin.py:190} INFO - [2025-03-01T14:22:20.165+0000] {dag.py:4180} INFO - Setting next_dagrun for example_sensor_decorator to None, run_after=None
[2025-03-01T14:22:20.192+0000] {processor.py:208} INFO - Processing /home/airflow/.local/lib/python3.12/site-packages/airflow/example_dags/example_sensor_decorator.py took 0.078 seconds
[2025-03-01T14:22:50.458+0000] {processor.py:186} INFO - Started process (PID=723) to work on /home/airflow/.local/lib/python3.12/site-packages/airflow/example_dags/example_sensor_decorator.py
[2025-03-01T14:22:50.459+0000] {processor.py:914} INFO - Processing file /home/airflow/.local/lib/python3.12/site-packages/airflow/example_dags/example_sensor_decorator.py for tasks to queue
[2025-03-01T14:22:50.462+0000] {logging_mixin.py:190} INFO - [2025-03-01T14:22:50.461+0000] {dagbag.py:588} INFO - Filling up the DagBag from /home/airflow/.local/lib/python3.12/site-packages/airflow/example_dags/example_sensor_decorator.py
[2025-03-01T14:22:50.470+0000] {processor.py:925} INFO - DAG(s) 'example_sensor_decorator' retrieved from /home/airflow/.local/lib/python3.12/site-packages/airflow/example_dags/example_sensor_decorator.py
[2025-03-01T14:22:50.490+0000] {logging_mixin.py:190} INFO - [2025-03-01T14:22:50.490+0000] {dag.py:3239} INFO - Sync 1 DAGs
[2025-03-01T14:22:50.506+0000] {logging_mixin.py:190} INFO - [2025-03-01T14:22:50.505+0000] {dag.py:4180} INFO - Setting next_dagrun for example_sensor_decorator to None, run_after=None
[2025-03-01T14:22:50.522+0000] {processor.py:208} INFO - Processing /home/airflow/.local/lib/python3.12/site-packages/airflow/example_dags/example_sensor_decorator.py took 0.068 seconds
[2025-03-01T14:23:20.978+0000] {processor.py:186} INFO - Started process (PID=787) to work on /home/airflow/.local/lib/python3.12/site-packages/airflow/example_dags/example_sensor_decorator.py
[2025-03-01T14:23:20.978+0000] {processor.py:914} INFO - Processing file /home/airflow/.local/lib/python3.12/site-packages/airflow/example_dags/example_sensor_decorator.py for tasks to queue
[2025-03-01T14:23:20.981+0000] {logging_mixin.py:190} INFO - [2025-03-01T14:23:20.980+0000] {dagbag.py:588} INFO - Filling up the DagBag from /home/airflow/.local/lib/python3.12/site-packages/airflow/example_dags/example_sensor_decorator.py
[2025-03-01T14:23:20.989+0000] {processor.py:925} INFO - DAG(s) 'example_sensor_decorator' retrieved from /home/airflow/.local/lib/python3.12/site-packages/airflow/example_dags/example_sensor_decorator.py
[2025-03-01T14:23:21.013+0000] {logging_mixin.py:190} INFO - [2025-03-01T14:23:21.012+0000] {dag.py:3239} INFO - Sync 1 DAGs
[2025-03-01T14:23:21.027+0000] {logging_mixin.py:190} INFO - [2025-03-01T14:23:21.027+0000] {dag.py:4180} INFO - Setting next_dagrun for example_sensor_decorator to None, run_after=None
[2025-03-01T14:23:21.043+0000] {processor.py:208} INFO - Processing /home/airflow/.local/lib/python3.12/site-packages/airflow/example_dags/example_sensor_decorator.py took 0.071 seconds
[2025-03-01T14:23:51.357+0000] {processor.py:186} INFO - Started process (PID=851) to work on /home/airflow/.local/lib/python3.12/site-packages/airflow/example_dags/example_sensor_decorator.py
[2025-03-01T14:23:51.362+0000] {processor.py:914} INFO - Processing file /home/airflow/.local/lib/python3.12/site-packages/airflow/example_dags/example_sensor_decorator.py for tasks to queue
[2025-03-01T14:23:51.365+0000] {logging_mixin.py:190} INFO - [2025-03-01T14:23:51.364+0000] {dagbag.py:588} INFO - Filling up the DagBag from /home/airflow/.local/lib/python3.12/site-packages/airflow/example_dags/example_sensor_decorator.py
[2025-03-01T14:23:51.381+0000] {processor.py:925} INFO - DAG(s) 'example_sensor_decorator' retrieved from /home/airflow/.local/lib/python3.12/site-packages/airflow/example_dags/example_sensor_decorator.py
[2025-03-01T14:23:51.413+0000] {logging_mixin.py:190} INFO - [2025-03-01T14:23:51.413+0000] {dag.py:3239} INFO - Sync 1 DAGs
[2025-03-01T14:23:51.440+0000] {logging_mixin.py:190} INFO - [2025-03-01T14:23:51.440+0000] {dag.py:4180} INFO - Setting next_dagrun for example_sensor_decorator to None, run_after=None
[2025-03-01T14:23:51.477+0000] {processor.py:208} INFO - Processing /home/airflow/.local/lib/python3.12/site-packages/airflow/example_dags/example_sensor_decorator.py took 0.132 seconds
[2025-03-01T14:24:22.355+0000] {processor.py:186} INFO - Started process (PID=914) to work on /home/airflow/.local/lib/python3.12/site-packages/airflow/example_dags/example_sensor_decorator.py
[2025-03-01T14:24:22.356+0000] {processor.py:914} INFO - Processing file /home/airflow/.local/lib/python3.12/site-packages/airflow/example_dags/example_sensor_decorator.py for tasks to queue
[2025-03-01T14:24:22.358+0000] {logging_mixin.py:190} INFO - [2025-03-01T14:24:22.358+0000] {dagbag.py:588} INFO - Filling up the DagBag from /home/airflow/.local/lib/python3.12/site-packages/airflow/example_dags/example_sensor_decorator.py
[2025-03-01T14:24:22.366+0000] {processor.py:925} INFO - DAG(s) 'example_sensor_decorator' retrieved from /home/airflow/.local/lib/python3.12/site-packages/airflow/example_dags/example_sensor_decorator.py
[2025-03-01T14:24:22.387+0000] {logging_mixin.py:190} INFO - [2025-03-01T14:24:22.387+0000] {dag.py:3239} INFO - Sync 1 DAGs
[2025-03-01T14:24:22.402+0000] {logging_mixin.py:190} INFO - [2025-03-01T14:24:22.402+0000] {dag.py:4180} INFO - Setting next_dagrun for example_sensor_decorator to None, run_after=None
[2025-03-01T14:24:22.443+0000] {processor.py:208} INFO - Processing /home/airflow/.local/lib/python3.12/site-packages/airflow/example_dags/example_sensor_decorator.py took 0.093 seconds
[2025-03-01T14:24:52.538+0000] {processor.py:186} INFO - Started process (PID=977) to work on /home/airflow/.local/lib/python3.12/site-packages/airflow/example_dags/example_sensor_decorator.py
[2025-03-01T14:24:52.541+0000] {processor.py:914} INFO - Processing file /home/airflow/.local/lib/python3.12/site-packages/airflow/example_dags/example_sensor_decorator.py for tasks to queue
[2025-03-01T14:24:52.548+0000] {logging_mixin.py:190} INFO - [2025-03-01T14:24:52.547+0000] {dagbag.py:588} INFO - Filling up the DagBag from /home/airflow/.local/lib/python3.12/site-packages/airflow/example_dags/example_sensor_decorator.py
[2025-03-01T14:24:52.555+0000] {processor.py:925} INFO - DAG(s) 'example_sensor_decorator' retrieved from /home/airflow/.local/lib/python3.12/site-packages/airflow/example_dags/example_sensor_decorator.py
[2025-03-01T14:24:52.594+0000] {logging_mixin.py:190} INFO - [2025-03-01T14:24:52.594+0000] {dag.py:3239} INFO - Sync 1 DAGs
[2025-03-01T14:24:52.620+0000] {logging_mixin.py:190} INFO - [2025-03-01T14:24:52.620+0000] {dag.py:4180} INFO - Setting next_dagrun for example_sensor_decorator to None, run_after=None
[2025-03-01T14:24:52.652+0000] {processor.py:208} INFO - Processing /home/airflow/.local/lib/python3.12/site-packages/airflow/example_dags/example_sensor_decorator.py took 0.120 seconds
[2025-03-01T14:25:22.740+0000] {processor.py:186} INFO - Started process (PID=1040) to work on /home/airflow/.local/lib/python3.12/site-packages/airflow/example_dags/example_sensor_decorator.py
[2025-03-01T14:25:22.741+0000] {processor.py:914} INFO - Processing file /home/airflow/.local/lib/python3.12/site-packages/airflow/example_dags/example_sensor_decorator.py for tasks to queue
[2025-03-01T14:25:22.743+0000] {logging_mixin.py:190} INFO - [2025-03-01T14:25:22.742+0000] {dagbag.py:588} INFO - Filling up the DagBag from /home/airflow/.local/lib/python3.12/site-packages/airflow/example_dags/example_sensor_decorator.py
[2025-03-01T14:25:22.750+0000] {processor.py:925} INFO - DAG(s) 'example_sensor_decorator' retrieved from /home/airflow/.local/lib/python3.12/site-packages/airflow/example_dags/example_sensor_decorator.py
[2025-03-01T14:25:22.769+0000] {logging_mixin.py:190} INFO - [2025-03-01T14:25:22.769+0000] {dag.py:3239} INFO - Sync 1 DAGs
[2025-03-01T14:25:22.785+0000] {logging_mixin.py:190} INFO - [2025-03-01T14:25:22.784+0000] {dag.py:4180} INFO - Setting next_dagrun for example_sensor_decorator to None, run_after=None
[2025-03-01T14:25:22.802+0000] {processor.py:208} INFO - Processing /home/airflow/.local/lib/python3.12/site-packages/airflow/example_dags/example_sensor_decorator.py took 0.067 seconds
[2025-03-01T14:25:53.027+0000] {processor.py:186} INFO - Started process (PID=1103) to work on /home/airflow/.local/lib/python3.12/site-packages/airflow/example_dags/example_sensor_decorator.py
[2025-03-01T14:25:53.027+0000] {processor.py:914} INFO - Processing file /home/airflow/.local/lib/python3.12/site-packages/airflow/example_dags/example_sensor_decorator.py for tasks to queue
[2025-03-01T14:25:53.029+0000] {logging_mixin.py:190} INFO - [2025-03-01T14:25:53.029+0000] {dagbag.py:588} INFO - Filling up the DagBag from /home/airflow/.local/lib/python3.12/site-packages/airflow/example_dags/example_sensor_decorator.py
[2025-03-01T14:25:53.037+0000] {processor.py:925} INFO - DAG(s) 'example_sensor_decorator' retrieved from /home/airflow/.local/lib/python3.12/site-packages/airflow/example_dags/example_sensor_decorator.py
[2025-03-01T14:25:53.056+0000] {logging_mixin.py:190} INFO - [2025-03-01T14:25:53.056+0000] {dag.py:3239} INFO - Sync 1 DAGs
[2025-03-01T14:25:53.076+0000] {logging_mixin.py:190} INFO - [2025-03-01T14:25:53.073+0000] {dag.py:4180} INFO - Setting next_dagrun for example_sensor_decorator to None, run_after=None
[2025-03-01T14:25:53.093+0000] {processor.py:208} INFO - Processing /home/airflow/.local/lib/python3.12/site-packages/airflow/example_dags/example_sensor_decorator.py took 0.072 seconds
[2025-03-01T14:26:23.382+0000] {processor.py:186} INFO - Started process (PID=1165) to work on /home/airflow/.local/lib/python3.12/site-packages/airflow/example_dags/example_sensor_decorator.py
[2025-03-01T14:26:23.383+0000] {processor.py:914} INFO - Processing file /home/airflow/.local/lib/python3.12/site-packages/airflow/example_dags/example_sensor_decorator.py for tasks to queue
[2025-03-01T14:26:23.385+0000] {logging_mixin.py:190} INFO - [2025-03-01T14:26:23.384+0000] {dagbag.py:588} INFO - Filling up the DagBag from /home/airflow/.local/lib/python3.12/site-packages/airflow/example_dags/example_sensor_decorator.py
[2025-03-01T14:26:23.398+0000] {processor.py:925} INFO - DAG(s) 'example_sensor_decorator' retrieved from /home/airflow/.local/lib/python3.12/site-packages/airflow/example_dags/example_sensor_decorator.py
[2025-03-01T14:26:23.417+0000] {logging_mixin.py:190} INFO - [2025-03-01T14:26:23.417+0000] {dag.py:3239} INFO - Sync 1 DAGs
[2025-03-01T14:26:23.432+0000] {logging_mixin.py:190} INFO - [2025-03-01T14:26:23.432+0000] {dag.py:4180} INFO - Setting next_dagrun for example_sensor_decorator to None, run_after=None
[2025-03-01T14:26:23.448+0000] {processor.py:208} INFO - Processing /home/airflow/.local/lib/python3.12/site-packages/airflow/example_dags/example_sensor_decorator.py took 0.072 seconds
[2025-03-01T14:26:53.531+0000] {processor.py:186} INFO - Started process (PID=1229) to work on /home/airflow/.local/lib/python3.12/site-packages/airflow/example_dags/example_sensor_decorator.py
[2025-03-01T14:26:53.532+0000] {processor.py:914} INFO - Processing file /home/airflow/.local/lib/python3.12/site-packages/airflow/example_dags/example_sensor_decorator.py for tasks to queue
[2025-03-01T14:26:53.534+0000] {logging_mixin.py:190} INFO - [2025-03-01T14:26:53.533+0000] {dagbag.py:588} INFO - Filling up the DagBag from /home/airflow/.local/lib/python3.12/site-packages/airflow/example_dags/example_sensor_decorator.py
[2025-03-01T14:26:53.541+0000] {processor.py:925} INFO - DAG(s) 'example_sensor_decorator' retrieved from /home/airflow/.local/lib/python3.12/site-packages/airflow/example_dags/example_sensor_decorator.py
[2025-03-01T14:26:53.560+0000] {logging_mixin.py:190} INFO - [2025-03-01T14:26:53.560+0000] {dag.py:3239} INFO - Sync 1 DAGs
[2025-03-01T14:26:53.576+0000] {logging_mixin.py:190} INFO - [2025-03-01T14:26:53.575+0000] {dag.py:4180} INFO - Setting next_dagrun for example_sensor_decorator to None, run_after=None
[2025-03-01T14:26:53.592+0000] {processor.py:208} INFO - Processing /home/airflow/.local/lib/python3.12/site-packages/airflow/example_dags/example_sensor_decorator.py took 0.066 seconds
[2025-03-01T14:27:23.781+0000] {processor.py:186} INFO - Started process (PID=1292) to work on /home/airflow/.local/lib/python3.12/site-packages/airflow/example_dags/example_sensor_decorator.py
[2025-03-01T14:27:23.782+0000] {processor.py:914} INFO - Processing file /home/airflow/.local/lib/python3.12/site-packages/airflow/example_dags/example_sensor_decorator.py for tasks to queue
[2025-03-01T14:27:23.784+0000] {logging_mixin.py:190} INFO - [2025-03-01T14:27:23.784+0000] {dagbag.py:588} INFO - Filling up the DagBag from /home/airflow/.local/lib/python3.12/site-packages/airflow/example_dags/example_sensor_decorator.py
[2025-03-01T14:27:23.792+0000] {processor.py:925} INFO - DAG(s) 'example_sensor_decorator' retrieved from /home/airflow/.local/lib/python3.12/site-packages/airflow/example_dags/example_sensor_decorator.py
[2025-03-01T14:27:23.811+0000] {logging_mixin.py:190} INFO - [2025-03-01T14:27:23.810+0000] {dag.py:3239} INFO - Sync 1 DAGs
[2025-03-01T14:27:23.825+0000] {logging_mixin.py:190} INFO - [2025-03-01T14:27:23.825+0000] {dag.py:4180} INFO - Setting next_dagrun for example_sensor_decorator to None, run_after=None
[2025-03-01T14:27:23.842+0000] {processor.py:208} INFO - Processing /home/airflow/.local/lib/python3.12/site-packages/airflow/example_dags/example_sensor_decorator.py took 0.066 seconds
[2025-03-01T14:27:54.791+0000] {processor.py:186} INFO - Started process (PID=1355) to work on /home/airflow/.local/lib/python3.12/site-packages/airflow/example_dags/example_sensor_decorator.py
[2025-03-01T14:27:54.792+0000] {processor.py:914} INFO - Processing file /home/airflow/.local/lib/python3.12/site-packages/airflow/example_dags/example_sensor_decorator.py for tasks to queue
[2025-03-01T14:27:54.794+0000] {logging_mixin.py:190} INFO - [2025-03-01T14:27:54.793+0000] {dagbag.py:588} INFO - Filling up the DagBag from /home/airflow/.local/lib/python3.12/site-packages/airflow/example_dags/example_sensor_decorator.py
[2025-03-01T14:27:54.801+0000] {processor.py:925} INFO - DAG(s) 'example_sensor_decorator' retrieved from /home/airflow/.local/lib/python3.12/site-packages/airflow/example_dags/example_sensor_decorator.py
[2025-03-01T14:27:54.820+0000] {logging_mixin.py:190} INFO - [2025-03-01T14:27:54.820+0000] {dag.py:3239} INFO - Sync 1 DAGs
[2025-03-01T14:27:54.835+0000] {logging_mixin.py:190} INFO - [2025-03-01T14:27:54.835+0000] {dag.py:4180} INFO - Setting next_dagrun for example_sensor_decorator to None, run_after=None
[2025-03-01T14:27:54.852+0000] {processor.py:208} INFO - Processing /home/airflow/.local/lib/python3.12/site-packages/airflow/example_dags/example_sensor_decorator.py took 0.066 seconds
[2025-03-01T14:28:25.161+0000] {processor.py:186} INFO - Started process (PID=1418) to work on /home/airflow/.local/lib/python3.12/site-packages/airflow/example_dags/example_sensor_decorator.py
[2025-03-01T14:28:25.162+0000] {processor.py:914} INFO - Processing file /home/airflow/.local/lib/python3.12/site-packages/airflow/example_dags/example_sensor_decorator.py for tasks to queue
[2025-03-01T14:28:25.164+0000] {logging_mixin.py:190} INFO - [2025-03-01T14:28:25.164+0000] {dagbag.py:588} INFO - Filling up the DagBag from /home/airflow/.local/lib/python3.12/site-packages/airflow/example_dags/example_sensor_decorator.py
[2025-03-01T14:28:25.172+0000] {processor.py:925} INFO - DAG(s) 'example_sensor_decorator' retrieved from /home/airflow/.local/lib/python3.12/site-packages/airflow/example_dags/example_sensor_decorator.py
[2025-03-01T14:28:25.190+0000] {logging_mixin.py:190} INFO - [2025-03-01T14:28:25.190+0000] {dag.py:3239} INFO - Sync 1 DAGs
[2025-03-01T14:28:25.206+0000] {logging_mixin.py:190} INFO - [2025-03-01T14:28:25.206+0000] {dag.py:4180} INFO - Setting next_dagrun for example_sensor_decorator to None, run_after=None
[2025-03-01T14:28:25.222+0000] {processor.py:208} INFO - Processing /home/airflow/.local/lib/python3.12/site-packages/airflow/example_dags/example_sensor_decorator.py took 0.066 seconds
[2025-03-01T14:28:55.748+0000] {processor.py:186} INFO - Started process (PID=1481) to work on /home/airflow/.local/lib/python3.12/site-packages/airflow/example_dags/example_sensor_decorator.py
[2025-03-01T14:28:55.751+0000] {processor.py:914} INFO - Processing file /home/airflow/.local/lib/python3.12/site-packages/airflow/example_dags/example_sensor_decorator.py for tasks to queue
[2025-03-01T14:28:55.753+0000] {logging_mixin.py:190} INFO - [2025-03-01T14:28:55.752+0000] {dagbag.py:588} INFO - Filling up the DagBag from /home/airflow/.local/lib/python3.12/site-packages/airflow/example_dags/example_sensor_decorator.py
[2025-03-01T14:28:55.761+0000] {processor.py:925} INFO - DAG(s) 'example_sensor_decorator' retrieved from /home/airflow/.local/lib/python3.12/site-packages/airflow/example_dags/example_sensor_decorator.py
[2025-03-01T14:28:55.780+0000] {logging_mixin.py:190} INFO - [2025-03-01T14:28:55.780+0000] {dag.py:3239} INFO - Sync 1 DAGs
[2025-03-01T14:28:55.795+0000] {logging_mixin.py:190} INFO - [2025-03-01T14:28:55.795+0000] {dag.py:4180} INFO - Setting next_dagrun for example_sensor_decorator to None, run_after=None
[2025-03-01T14:28:55.812+0000] {processor.py:208} INFO - Processing /home/airflow/.local/lib/python3.12/site-packages/airflow/example_dags/example_sensor_decorator.py took 0.069 seconds
[2025-03-01T14:29:26.078+0000] {processor.py:186} INFO - Started process (PID=1545) to work on /home/airflow/.local/lib/python3.12/site-packages/airflow/example_dags/example_sensor_decorator.py
[2025-03-01T14:29:26.079+0000] {processor.py:914} INFO - Processing file /home/airflow/.local/lib/python3.12/site-packages/airflow/example_dags/example_sensor_decorator.py for tasks to queue
[2025-03-01T14:29:26.081+0000] {logging_mixin.py:190} INFO - [2025-03-01T14:29:26.081+0000] {dagbag.py:588} INFO - Filling up the DagBag from /home/airflow/.local/lib/python3.12/site-packages/airflow/example_dags/example_sensor_decorator.py
[2025-03-01T14:29:26.089+0000] {processor.py:925} INFO - DAG(s) 'example_sensor_decorator' retrieved from /home/airflow/.local/lib/python3.12/site-packages/airflow/example_dags/example_sensor_decorator.py
[2025-03-01T14:29:26.109+0000] {logging_mixin.py:190} INFO - [2025-03-01T14:29:26.109+0000] {dag.py:3239} INFO - Sync 1 DAGs
[2025-03-01T14:29:26.124+0000] {logging_mixin.py:190} INFO - [2025-03-01T14:29:26.124+0000] {dag.py:4180} INFO - Setting next_dagrun for example_sensor_decorator to None, run_after=None
[2025-03-01T14:29:26.140+0000] {processor.py:208} INFO - Processing /home/airflow/.local/lib/python3.12/site-packages/airflow/example_dags/example_sensor_decorator.py took 0.068 seconds
[2025-03-01T14:29:57.079+0000] {processor.py:186} INFO - Started process (PID=1601) to work on /home/airflow/.local/lib/python3.12/site-packages/airflow/example_dags/example_sensor_decorator.py
[2025-03-01T14:29:57.080+0000] {processor.py:914} INFO - Processing file /home/airflow/.local/lib/python3.12/site-packages/airflow/example_dags/example_sensor_decorator.py for tasks to queue
[2025-03-01T14:29:57.082+0000] {logging_mixin.py:190} INFO - [2025-03-01T14:29:57.082+0000] {dagbag.py:588} INFO - Filling up the DagBag from /home/airflow/.local/lib/python3.12/site-packages/airflow/example_dags/example_sensor_decorator.py
[2025-03-01T14:29:57.091+0000] {processor.py:925} INFO - DAG(s) 'example_sensor_decorator' retrieved from /home/airflow/.local/lib/python3.12/site-packages/airflow/example_dags/example_sensor_decorator.py
[2025-03-01T14:29:57.110+0000] {logging_mixin.py:190} INFO - [2025-03-01T14:29:57.110+0000] {dag.py:3239} INFO - Sync 1 DAGs
[2025-03-01T14:29:57.126+0000] {logging_mixin.py:190} INFO - [2025-03-01T14:29:57.126+0000] {dag.py:4180} INFO - Setting next_dagrun for example_sensor_decorator to None, run_after=None
[2025-03-01T14:29:57.148+0000] {processor.py:208} INFO - Processing /home/airflow/.local/lib/python3.12/site-packages/airflow/example_dags/example_sensor_decorator.py took 0.075 seconds
[2025-03-01T14:30:27.260+0000] {processor.py:186} INFO - Started process (PID=1661) to work on /home/airflow/.local/lib/python3.12/site-packages/airflow/example_dags/example_sensor_decorator.py
[2025-03-01T14:30:27.261+0000] {processor.py:914} INFO - Processing file /home/airflow/.local/lib/python3.12/site-packages/airflow/example_dags/example_sensor_decorator.py for tasks to queue
[2025-03-01T14:30:27.263+0000] {logging_mixin.py:190} INFO - [2025-03-01T14:30:27.263+0000] {dagbag.py:588} INFO - Filling up the DagBag from /home/airflow/.local/lib/python3.12/site-packages/airflow/example_dags/example_sensor_decorator.py
[2025-03-01T14:30:27.271+0000] {processor.py:925} INFO - DAG(s) 'example_sensor_decorator' retrieved from /home/airflow/.local/lib/python3.12/site-packages/airflow/example_dags/example_sensor_decorator.py
[2025-03-01T14:30:27.293+0000] {logging_mixin.py:190} INFO - [2025-03-01T14:30:27.293+0000] {dag.py:3239} INFO - Sync 1 DAGs
[2025-03-01T14:30:27.367+0000] {logging_mixin.py:190} INFO - [2025-03-01T14:30:27.367+0000] {dag.py:4180} INFO - Setting next_dagrun for example_sensor_decorator to None, run_after=None
[2025-03-01T14:30:27.409+0000] {processor.py:208} INFO - Processing /home/airflow/.local/lib/python3.12/site-packages/airflow/example_dags/example_sensor_decorator.py took 0.155 seconds
[2025-03-01T14:30:58.265+0000] {processor.py:186} INFO - Started process (PID=1724) to work on /home/airflow/.local/lib/python3.12/site-packages/airflow/example_dags/example_sensor_decorator.py
[2025-03-01T14:30:58.266+0000] {processor.py:914} INFO - Processing file /home/airflow/.local/lib/python3.12/site-packages/airflow/example_dags/example_sensor_decorator.py for tasks to queue
[2025-03-01T14:30:58.268+0000] {logging_mixin.py:190} INFO - [2025-03-01T14:30:58.268+0000] {dagbag.py:588} INFO - Filling up the DagBag from /home/airflow/.local/lib/python3.12/site-packages/airflow/example_dags/example_sensor_decorator.py
[2025-03-01T14:30:58.285+0000] {processor.py:925} INFO - DAG(s) 'example_sensor_decorator' retrieved from /home/airflow/.local/lib/python3.12/site-packages/airflow/example_dags/example_sensor_decorator.py
[2025-03-01T14:30:58.326+0000] {logging_mixin.py:190} INFO - [2025-03-01T14:30:58.325+0000] {dag.py:3239} INFO - Sync 1 DAGs
[2025-03-01T14:30:58.354+0000] {logging_mixin.py:190} INFO - [2025-03-01T14:30:58.354+0000] {dag.py:4180} INFO - Setting next_dagrun for example_sensor_decorator to None, run_after=None
[2025-03-01T14:30:58.395+0000] {processor.py:208} INFO - Processing /home/airflow/.local/lib/python3.12/site-packages/airflow/example_dags/example_sensor_decorator.py took 0.144 seconds
[2025-03-01T14:31:29.242+0000] {processor.py:186} INFO - Started process (PID=1788) to work on /home/airflow/.local/lib/python3.12/site-packages/airflow/example_dags/example_sensor_decorator.py
[2025-03-01T14:31:29.245+0000] {processor.py:914} INFO - Processing file /home/airflow/.local/lib/python3.12/site-packages/airflow/example_dags/example_sensor_decorator.py for tasks to queue
[2025-03-01T14:31:29.250+0000] {logging_mixin.py:190} INFO - [2025-03-01T14:31:29.250+0000] {dagbag.py:588} INFO - Filling up the DagBag from /home/airflow/.local/lib/python3.12/site-packages/airflow/example_dags/example_sensor_decorator.py
[2025-03-01T14:31:29.264+0000] {processor.py:925} INFO - DAG(s) 'example_sensor_decorator' retrieved from /home/airflow/.local/lib/python3.12/site-packages/airflow/example_dags/example_sensor_decorator.py
[2025-03-01T14:31:29.314+0000] {logging_mixin.py:190} INFO - [2025-03-01T14:31:29.314+0000] {dag.py:3239} INFO - Sync 1 DAGs
[2025-03-01T14:31:29.329+0000] {logging_mixin.py:190} INFO - [2025-03-01T14:31:29.329+0000] {dag.py:4180} INFO - Setting next_dagrun for example_sensor_decorator to None, run_after=None
[2025-03-01T14:31:29.370+0000] {processor.py:208} INFO - Processing /home/airflow/.local/lib/python3.12/site-packages/airflow/example_dags/example_sensor_decorator.py took 0.141 seconds
[2025-03-01T14:32:00.195+0000] {processor.py:186} INFO - Started process (PID=1851) to work on /home/airflow/.local/lib/python3.12/site-packages/airflow/example_dags/example_sensor_decorator.py
[2025-03-01T14:32:00.195+0000] {processor.py:914} INFO - Processing file /home/airflow/.local/lib/python3.12/site-packages/airflow/example_dags/example_sensor_decorator.py for tasks to queue
[2025-03-01T14:32:00.198+0000] {logging_mixin.py:190} INFO - [2025-03-01T14:32:00.197+0000] {dagbag.py:588} INFO - Filling up the DagBag from /home/airflow/.local/lib/python3.12/site-packages/airflow/example_dags/example_sensor_decorator.py
[2025-03-01T14:32:00.205+0000] {processor.py:925} INFO - DAG(s) 'example_sensor_decorator' retrieved from /home/airflow/.local/lib/python3.12/site-packages/airflow/example_dags/example_sensor_decorator.py
[2025-03-01T14:32:00.225+0000] {logging_mixin.py:190} INFO - [2025-03-01T14:32:00.225+0000] {dag.py:3239} INFO - Sync 1 DAGs
[2025-03-01T14:32:00.240+0000] {logging_mixin.py:190} INFO - [2025-03-01T14:32:00.240+0000] {dag.py:4180} INFO - Setting next_dagrun for example_sensor_decorator to None, run_after=None
[2025-03-01T14:32:00.257+0000] {processor.py:208} INFO - Processing /home/airflow/.local/lib/python3.12/site-packages/airflow/example_dags/example_sensor_decorator.py took 0.068 seconds
[2025-03-01T14:32:30.506+0000] {processor.py:186} INFO - Started process (PID=1914) to work on /home/airflow/.local/lib/python3.12/site-packages/airflow/example_dags/example_sensor_decorator.py
[2025-03-01T14:32:30.512+0000] {processor.py:914} INFO - Processing file /home/airflow/.local/lib/python3.12/site-packages/airflow/example_dags/example_sensor_decorator.py for tasks to queue
[2025-03-01T14:32:30.514+0000] {logging_mixin.py:190} INFO - [2025-03-01T14:32:30.514+0000] {dagbag.py:588} INFO - Filling up the DagBag from /home/airflow/.local/lib/python3.12/site-packages/airflow/example_dags/example_sensor_decorator.py
[2025-03-01T14:32:30.528+0000] {processor.py:925} INFO - DAG(s) 'example_sensor_decorator' retrieved from /home/airflow/.local/lib/python3.12/site-packages/airflow/example_dags/example_sensor_decorator.py
[2025-03-01T14:32:30.566+0000] {logging_mixin.py:190} INFO - [2025-03-01T14:32:30.566+0000] {dag.py:3239} INFO - Sync 1 DAGs
[2025-03-01T14:32:30.596+0000] {logging_mixin.py:190} INFO - [2025-03-01T14:32:30.595+0000] {dag.py:4180} INFO - Setting next_dagrun for example_sensor_decorator to None, run_after=None
[2025-03-01T14:32:30.636+0000] {processor.py:208} INFO - Processing /home/airflow/.local/lib/python3.12/site-packages/airflow/example_dags/example_sensor_decorator.py took 0.144 seconds
[2025-03-01T14:33:01.461+0000] {processor.py:186} INFO - Started process (PID=1983) to work on /home/airflow/.local/lib/python3.12/site-packages/airflow/example_dags/example_sensor_decorator.py
[2025-03-01T14:33:01.474+0000] {processor.py:914} INFO - Processing file /home/airflow/.local/lib/python3.12/site-packages/airflow/example_dags/example_sensor_decorator.py for tasks to queue
[2025-03-01T14:33:01.486+0000] {logging_mixin.py:190} INFO - [2025-03-01T14:33:01.486+0000] {dagbag.py:588} INFO - Filling up the DagBag from /home/airflow/.local/lib/python3.12/site-packages/airflow/example_dags/example_sensor_decorator.py
[2025-03-01T14:33:01.506+0000] {processor.py:925} INFO - DAG(s) 'example_sensor_decorator' retrieved from /home/airflow/.local/lib/python3.12/site-packages/airflow/example_dags/example_sensor_decorator.py
[2025-03-01T14:33:01.560+0000] {logging_mixin.py:190} INFO - [2025-03-01T14:33:01.560+0000] {dag.py:3239} INFO - Sync 1 DAGs
[2025-03-01T14:33:01.607+0000] {logging_mixin.py:190} INFO - [2025-03-01T14:33:01.606+0000] {dag.py:4180} INFO - Setting next_dagrun for example_sensor_decorator to None, run_after=None
[2025-03-01T14:33:01.641+0000] {processor.py:208} INFO - Processing /home/airflow/.local/lib/python3.12/site-packages/airflow/example_dags/example_sensor_decorator.py took 0.192 seconds
[2025-03-01T14:33:31.924+0000] {processor.py:186} INFO - Started process (PID=2046) to work on /home/airflow/.local/lib/python3.12/site-packages/airflow/example_dags/example_sensor_decorator.py
[2025-03-01T14:33:31.925+0000] {processor.py:914} INFO - Processing file /home/airflow/.local/lib/python3.12/site-packages/airflow/example_dags/example_sensor_decorator.py for tasks to queue
[2025-03-01T14:33:31.927+0000] {logging_mixin.py:190} INFO - [2025-03-01T14:33:31.927+0000] {dagbag.py:588} INFO - Filling up the DagBag from /home/airflow/.local/lib/python3.12/site-packages/airflow/example_dags/example_sensor_decorator.py
[2025-03-01T14:33:31.936+0000] {processor.py:925} INFO - DAG(s) 'example_sensor_decorator' retrieved from /home/airflow/.local/lib/python3.12/site-packages/airflow/example_dags/example_sensor_decorator.py
[2025-03-01T14:33:31.954+0000] {logging_mixin.py:190} INFO - [2025-03-01T14:33:31.954+0000] {dag.py:3239} INFO - Sync 1 DAGs
[2025-03-01T14:33:31.969+0000] {logging_mixin.py:190} INFO - [2025-03-01T14:33:31.969+0000] {dag.py:4180} INFO - Setting next_dagrun for example_sensor_decorator to None, run_after=None
[2025-03-01T14:33:31.984+0000] {processor.py:208} INFO - Processing /home/airflow/.local/lib/python3.12/site-packages/airflow/example_dags/example_sensor_decorator.py took 0.066 seconds
[2025-03-01T14:34:02.279+0000] {processor.py:186} INFO - Started process (PID=2108) to work on /home/airflow/.local/lib/python3.12/site-packages/airflow/example_dags/example_sensor_decorator.py
[2025-03-01T14:34:02.280+0000] {processor.py:914} INFO - Processing file /home/airflow/.local/lib/python3.12/site-packages/airflow/example_dags/example_sensor_decorator.py for tasks to queue
[2025-03-01T14:34:02.282+0000] {logging_mixin.py:190} INFO - [2025-03-01T14:34:02.282+0000] {dagbag.py:588} INFO - Filling up the DagBag from /home/airflow/.local/lib/python3.12/site-packages/airflow/example_dags/example_sensor_decorator.py
[2025-03-01T14:34:02.290+0000] {processor.py:925} INFO - DAG(s) 'example_sensor_decorator' retrieved from /home/airflow/.local/lib/python3.12/site-packages/airflow/example_dags/example_sensor_decorator.py
[2025-03-01T14:34:02.309+0000] {logging_mixin.py:190} INFO - [2025-03-01T14:34:02.308+0000] {dag.py:3239} INFO - Sync 1 DAGs
[2025-03-01T14:34:02.323+0000] {logging_mixin.py:190} INFO - [2025-03-01T14:34:02.323+0000] {dag.py:4180} INFO - Setting next_dagrun for example_sensor_decorator to None, run_after=None
[2025-03-01T14:34:02.339+0000] {processor.py:208} INFO - Processing /home/airflow/.local/lib/python3.12/site-packages/airflow/example_dags/example_sensor_decorator.py took 0.066 seconds
[2025-03-01T14:34:32.489+0000] {processor.py:186} INFO - Started process (PID=2171) to work on /home/airflow/.local/lib/python3.12/site-packages/airflow/example_dags/example_sensor_decorator.py
[2025-03-01T14:34:32.490+0000] {processor.py:914} INFO - Processing file /home/airflow/.local/lib/python3.12/site-packages/airflow/example_dags/example_sensor_decorator.py for tasks to queue
[2025-03-01T14:34:32.492+0000] {logging_mixin.py:190} INFO - [2025-03-01T14:34:32.492+0000] {dagbag.py:588} INFO - Filling up the DagBag from /home/airflow/.local/lib/python3.12/site-packages/airflow/example_dags/example_sensor_decorator.py
[2025-03-01T14:34:32.500+0000] {processor.py:925} INFO - DAG(s) 'example_sensor_decorator' retrieved from /home/airflow/.local/lib/python3.12/site-packages/airflow/example_dags/example_sensor_decorator.py
[2025-03-01T14:34:32.522+0000] {logging_mixin.py:190} INFO - [2025-03-01T14:34:32.522+0000] {dag.py:3239} INFO - Sync 1 DAGs
[2025-03-01T14:34:32.536+0000] {logging_mixin.py:190} INFO - [2025-03-01T14:34:32.536+0000] {dag.py:4180} INFO - Setting next_dagrun for example_sensor_decorator to None, run_after=None
[2025-03-01T14:34:32.553+0000] {processor.py:208} INFO - Processing /home/airflow/.local/lib/python3.12/site-packages/airflow/example_dags/example_sensor_decorator.py took 0.069 seconds
[2025-03-01T14:35:02.819+0000] {processor.py:186} INFO - Started process (PID=2234) to work on /home/airflow/.local/lib/python3.12/site-packages/airflow/example_dags/example_sensor_decorator.py
[2025-03-01T14:35:02.820+0000] {processor.py:914} INFO - Processing file /home/airflow/.local/lib/python3.12/site-packages/airflow/example_dags/example_sensor_decorator.py for tasks to queue
[2025-03-01T14:35:02.822+0000] {logging_mixin.py:190} INFO - [2025-03-01T14:35:02.822+0000] {dagbag.py:588} INFO - Filling up the DagBag from /home/airflow/.local/lib/python3.12/site-packages/airflow/example_dags/example_sensor_decorator.py
[2025-03-01T14:35:02.830+0000] {processor.py:925} INFO - DAG(s) 'example_sensor_decorator' retrieved from /home/airflow/.local/lib/python3.12/site-packages/airflow/example_dags/example_sensor_decorator.py
[2025-03-01T14:35:02.852+0000] {logging_mixin.py:190} INFO - [2025-03-01T14:35:02.852+0000] {dag.py:3239} INFO - Sync 1 DAGs
[2025-03-01T14:35:02.867+0000] {logging_mixin.py:190} INFO - [2025-03-01T14:35:02.867+0000] {dag.py:4180} INFO - Setting next_dagrun for example_sensor_decorator to None, run_after=None
[2025-03-01T14:35:02.883+0000] {processor.py:208} INFO - Processing /home/airflow/.local/lib/python3.12/site-packages/airflow/example_dags/example_sensor_decorator.py took 0.070 seconds
[2025-03-01T14:35:33.134+0000] {processor.py:186} INFO - Started process (PID=2297) to work on /home/airflow/.local/lib/python3.12/site-packages/airflow/example_dags/example_sensor_decorator.py
[2025-03-01T14:35:33.134+0000] {processor.py:914} INFO - Processing file /home/airflow/.local/lib/python3.12/site-packages/airflow/example_dags/example_sensor_decorator.py for tasks to queue
[2025-03-01T14:35:33.137+0000] {logging_mixin.py:190} INFO - [2025-03-01T14:35:33.136+0000] {dagbag.py:588} INFO - Filling up the DagBag from /home/airflow/.local/lib/python3.12/site-packages/airflow/example_dags/example_sensor_decorator.py
[2025-03-01T14:35:33.148+0000] {processor.py:925} INFO - DAG(s) 'example_sensor_decorator' retrieved from /home/airflow/.local/lib/python3.12/site-packages/airflow/example_dags/example_sensor_decorator.py
[2025-03-01T14:35:33.166+0000] {logging_mixin.py:190} INFO - [2025-03-01T14:35:33.166+0000] {dag.py:3239} INFO - Sync 1 DAGs
[2025-03-01T14:35:33.181+0000] {logging_mixin.py:190} INFO - [2025-03-01T14:35:33.180+0000] {dag.py:4180} INFO - Setting next_dagrun for example_sensor_decorator to None, run_after=None
[2025-03-01T14:35:33.203+0000] {processor.py:208} INFO - Processing /home/airflow/.local/lib/python3.12/site-packages/airflow/example_dags/example_sensor_decorator.py took 0.075 seconds
[2025-03-01T14:36:03.971+0000] {processor.py:186} INFO - Started process (PID=2360) to work on /home/airflow/.local/lib/python3.12/site-packages/airflow/example_dags/example_sensor_decorator.py
[2025-03-01T14:36:03.972+0000] {processor.py:914} INFO - Processing file /home/airflow/.local/lib/python3.12/site-packages/airflow/example_dags/example_sensor_decorator.py for tasks to queue
[2025-03-01T14:36:03.975+0000] {logging_mixin.py:190} INFO - [2025-03-01T14:36:03.975+0000] {dagbag.py:588} INFO - Filling up the DagBag from /home/airflow/.local/lib/python3.12/site-packages/airflow/example_dags/example_sensor_decorator.py
[2025-03-01T14:36:03.983+0000] {processor.py:925} INFO - DAG(s) 'example_sensor_decorator' retrieved from /home/airflow/.local/lib/python3.12/site-packages/airflow/example_dags/example_sensor_decorator.py
[2025-03-01T14:36:04.003+0000] {logging_mixin.py:190} INFO - [2025-03-01T14:36:04.003+0000] {dag.py:3239} INFO - Sync 1 DAGs
[2025-03-01T14:36:04.018+0000] {logging_mixin.py:190} INFO - [2025-03-01T14:36:04.017+0000] {dag.py:4180} INFO - Setting next_dagrun for example_sensor_decorator to None, run_after=None
[2025-03-01T14:36:04.033+0000] {processor.py:208} INFO - Processing /home/airflow/.local/lib/python3.12/site-packages/airflow/example_dags/example_sensor_decorator.py took 0.067 seconds
[2025-03-01T14:36:34.549+0000] {processor.py:186} INFO - Started process (PID=2424) to work on /home/airflow/.local/lib/python3.12/site-packages/airflow/example_dags/example_sensor_decorator.py
[2025-03-01T14:36:34.550+0000] {processor.py:914} INFO - Processing file /home/airflow/.local/lib/python3.12/site-packages/airflow/example_dags/example_sensor_decorator.py for tasks to queue
[2025-03-01T14:36:34.552+0000] {logging_mixin.py:190} INFO - [2025-03-01T14:36:34.552+0000] {dagbag.py:588} INFO - Filling up the DagBag from /home/airflow/.local/lib/python3.12/site-packages/airflow/example_dags/example_sensor_decorator.py
[2025-03-01T14:36:34.560+0000] {processor.py:925} INFO - DAG(s) 'example_sensor_decorator' retrieved from /home/airflow/.local/lib/python3.12/site-packages/airflow/example_dags/example_sensor_decorator.py
[2025-03-01T14:36:34.577+0000] {logging_mixin.py:190} INFO - [2025-03-01T14:36:34.577+0000] {dag.py:3239} INFO - Sync 1 DAGs
[2025-03-01T14:36:34.591+0000] {logging_mixin.py:190} INFO - [2025-03-01T14:36:34.591+0000] {dag.py:4180} INFO - Setting next_dagrun for example_sensor_decorator to None, run_after=None
[2025-03-01T14:36:34.609+0000] {processor.py:208} INFO - Processing /home/airflow/.local/lib/python3.12/site-packages/airflow/example_dags/example_sensor_decorator.py took 0.065 seconds
[2025-03-01T14:37:05.140+0000] {processor.py:186} INFO - Started process (PID=2486) to work on /home/airflow/.local/lib/python3.12/site-packages/airflow/example_dags/example_sensor_decorator.py
[2025-03-01T14:37:05.140+0000] {processor.py:914} INFO - Processing file /home/airflow/.local/lib/python3.12/site-packages/airflow/example_dags/example_sensor_decorator.py for tasks to queue
[2025-03-01T14:37:05.143+0000] {logging_mixin.py:190} INFO - [2025-03-01T14:37:05.142+0000] {dagbag.py:588} INFO - Filling up the DagBag from /home/airflow/.local/lib/python3.12/site-packages/airflow/example_dags/example_sensor_decorator.py
[2025-03-01T14:37:05.150+0000] {processor.py:925} INFO - DAG(s) 'example_sensor_decorator' retrieved from /home/airflow/.local/lib/python3.12/site-packages/airflow/example_dags/example_sensor_decorator.py
[2025-03-01T14:37:05.199+0000] {logging_mixin.py:190} INFO - [2025-03-01T14:37:05.199+0000] {dag.py:3239} INFO - Sync 1 DAGs
[2025-03-01T14:37:05.240+0000] {logging_mixin.py:190} INFO - [2025-03-01T14:37:05.240+0000] {dag.py:4180} INFO - Setting next_dagrun for example_sensor_decorator to None, run_after=None
[2025-03-01T14:37:05.306+0000] {processor.py:208} INFO - Processing /home/airflow/.local/lib/python3.12/site-packages/airflow/example_dags/example_sensor_decorator.py took 0.172 seconds
[2025-03-01T14:37:35.943+0000] {processor.py:186} INFO - Started process (PID=2550) to work on /home/airflow/.local/lib/python3.12/site-packages/airflow/example_dags/example_sensor_decorator.py
[2025-03-01T14:37:35.961+0000] {processor.py:914} INFO - Processing file /home/airflow/.local/lib/python3.12/site-packages/airflow/example_dags/example_sensor_decorator.py for tasks to queue
[2025-03-01T14:37:35.964+0000] {logging_mixin.py:190} INFO - [2025-03-01T14:37:35.964+0000] {dagbag.py:588} INFO - Filling up the DagBag from /home/airflow/.local/lib/python3.12/site-packages/airflow/example_dags/example_sensor_decorator.py
[2025-03-01T14:37:35.977+0000] {processor.py:925} INFO - DAG(s) 'example_sensor_decorator' retrieved from /home/airflow/.local/lib/python3.12/site-packages/airflow/example_dags/example_sensor_decorator.py
[2025-03-01T14:37:36.008+0000] {logging_mixin.py:190} INFO - [2025-03-01T14:37:36.008+0000] {dag.py:3239} INFO - Sync 1 DAGs
[2025-03-01T14:37:36.035+0000] {logging_mixin.py:190} INFO - [2025-03-01T14:37:36.035+0000] {dag.py:4180} INFO - Setting next_dagrun for example_sensor_decorator to None, run_after=None
[2025-03-01T14:37:36.072+0000] {processor.py:208} INFO - Processing /home/airflow/.local/lib/python3.12/site-packages/airflow/example_dags/example_sensor_decorator.py took 0.172 seconds
[2025-03-01T14:38:06.113+0000] {processor.py:186} INFO - Started process (PID=2613) to work on /home/airflow/.local/lib/python3.12/site-packages/airflow/example_dags/example_sensor_decorator.py
[2025-03-01T14:38:06.114+0000] {processor.py:914} INFO - Processing file /home/airflow/.local/lib/python3.12/site-packages/airflow/example_dags/example_sensor_decorator.py for tasks to queue
[2025-03-01T14:38:06.116+0000] {logging_mixin.py:190} INFO - [2025-03-01T14:38:06.116+0000] {dagbag.py:588} INFO - Filling up the DagBag from /home/airflow/.local/lib/python3.12/site-packages/airflow/example_dags/example_sensor_decorator.py
[2025-03-01T14:38:06.124+0000] {processor.py:925} INFO - DAG(s) 'example_sensor_decorator' retrieved from /home/airflow/.local/lib/python3.12/site-packages/airflow/example_dags/example_sensor_decorator.py
[2025-03-01T14:38:06.142+0000] {logging_mixin.py:190} INFO - [2025-03-01T14:38:06.141+0000] {dag.py:3239} INFO - Sync 1 DAGs
[2025-03-01T14:38:06.156+0000] {logging_mixin.py:190} INFO - [2025-03-01T14:38:06.156+0000] {dag.py:4180} INFO - Setting next_dagrun for example_sensor_decorator to None, run_after=None
[2025-03-01T14:38:06.171+0000] {processor.py:208} INFO - Processing /home/airflow/.local/lib/python3.12/site-packages/airflow/example_dags/example_sensor_decorator.py took 0.064 seconds
[2025-03-01T14:38:36.253+0000] {processor.py:186} INFO - Started process (PID=2676) to work on /home/airflow/.local/lib/python3.12/site-packages/airflow/example_dags/example_sensor_decorator.py
[2025-03-01T14:38:36.253+0000] {processor.py:914} INFO - Processing file /home/airflow/.local/lib/python3.12/site-packages/airflow/example_dags/example_sensor_decorator.py for tasks to queue
[2025-03-01T14:38:36.255+0000] {logging_mixin.py:190} INFO - [2025-03-01T14:38:36.255+0000] {dagbag.py:588} INFO - Filling up the DagBag from /home/airflow/.local/lib/python3.12/site-packages/airflow/example_dags/example_sensor_decorator.py
[2025-03-01T14:38:36.263+0000] {processor.py:925} INFO - DAG(s) 'example_sensor_decorator' retrieved from /home/airflow/.local/lib/python3.12/site-packages/airflow/example_dags/example_sensor_decorator.py
[2025-03-01T14:38:36.283+0000] {logging_mixin.py:190} INFO - [2025-03-01T14:38:36.283+0000] {dag.py:3239} INFO - Sync 1 DAGs
[2025-03-01T14:38:36.299+0000] {logging_mixin.py:190} INFO - [2025-03-01T14:38:36.299+0000] {dag.py:4180} INFO - Setting next_dagrun for example_sensor_decorator to None, run_after=None
[2025-03-01T14:38:36.315+0000] {processor.py:208} INFO - Processing /home/airflow/.local/lib/python3.12/site-packages/airflow/example_dags/example_sensor_decorator.py took 0.068 seconds
[2025-03-01T14:39:06.622+0000] {processor.py:186} INFO - Started process (PID=2740) to work on /home/airflow/.local/lib/python3.12/site-packages/airflow/example_dags/example_sensor_decorator.py
[2025-03-01T14:39:06.623+0000] {processor.py:914} INFO - Processing file /home/airflow/.local/lib/python3.12/site-packages/airflow/example_dags/example_sensor_decorator.py for tasks to queue
[2025-03-01T14:39:06.625+0000] {logging_mixin.py:190} INFO - [2025-03-01T14:39:06.625+0000] {dagbag.py:588} INFO - Filling up the DagBag from /home/airflow/.local/lib/python3.12/site-packages/airflow/example_dags/example_sensor_decorator.py
[2025-03-01T14:39:06.634+0000] {processor.py:925} INFO - DAG(s) 'example_sensor_decorator' retrieved from /home/airflow/.local/lib/python3.12/site-packages/airflow/example_dags/example_sensor_decorator.py
[2025-03-01T14:39:06.652+0000] {logging_mixin.py:190} INFO - [2025-03-01T14:39:06.652+0000] {dag.py:3239} INFO - Sync 1 DAGs
[2025-03-01T14:39:06.667+0000] {logging_mixin.py:190} INFO - [2025-03-01T14:39:06.667+0000] {dag.py:4180} INFO - Setting next_dagrun for example_sensor_decorator to None, run_after=None
[2025-03-01T14:39:06.685+0000] {processor.py:208} INFO - Processing /home/airflow/.local/lib/python3.12/site-packages/airflow/example_dags/example_sensor_decorator.py took 0.068 seconds
[2025-03-01T14:39:37.421+0000] {processor.py:186} INFO - Started process (PID=2803) to work on /home/airflow/.local/lib/python3.12/site-packages/airflow/example_dags/example_sensor_decorator.py
[2025-03-01T14:39:37.422+0000] {processor.py:914} INFO - Processing file /home/airflow/.local/lib/python3.12/site-packages/airflow/example_dags/example_sensor_decorator.py for tasks to queue
[2025-03-01T14:39:37.424+0000] {logging_mixin.py:190} INFO - [2025-03-01T14:39:37.424+0000] {dagbag.py:588} INFO - Filling up the DagBag from /home/airflow/.local/lib/python3.12/site-packages/airflow/example_dags/example_sensor_decorator.py
[2025-03-01T14:39:37.436+0000] {processor.py:925} INFO - DAG(s) 'example_sensor_decorator' retrieved from /home/airflow/.local/lib/python3.12/site-packages/airflow/example_dags/example_sensor_decorator.py
[2025-03-01T14:39:37.482+0000] {logging_mixin.py:190} INFO - [2025-03-01T14:39:37.481+0000] {dag.py:3239} INFO - Sync 1 DAGs
[2025-03-01T14:39:37.513+0000] {logging_mixin.py:190} INFO - [2025-03-01T14:39:37.513+0000] {dag.py:4180} INFO - Setting next_dagrun for example_sensor_decorator to None, run_after=None
[2025-03-01T14:39:37.548+0000] {processor.py:208} INFO - Processing /home/airflow/.local/lib/python3.12/site-packages/airflow/example_dags/example_sensor_decorator.py took 0.144 seconds
[2025-03-01T14:40:07.600+0000] {processor.py:186} INFO - Started process (PID=2867) to work on /home/airflow/.local/lib/python3.12/site-packages/airflow/example_dags/example_sensor_decorator.py
[2025-03-01T14:40:07.601+0000] {processor.py:914} INFO - Processing file /home/airflow/.local/lib/python3.12/site-packages/airflow/example_dags/example_sensor_decorator.py for tasks to queue
[2025-03-01T14:40:07.603+0000] {logging_mixin.py:190} INFO - [2025-03-01T14:40:07.603+0000] {dagbag.py:588} INFO - Filling up the DagBag from /home/airflow/.local/lib/python3.12/site-packages/airflow/example_dags/example_sensor_decorator.py
[2025-03-01T14:40:07.611+0000] {processor.py:925} INFO - DAG(s) 'example_sensor_decorator' retrieved from /home/airflow/.local/lib/python3.12/site-packages/airflow/example_dags/example_sensor_decorator.py
[2025-03-01T14:40:07.628+0000] {logging_mixin.py:190} INFO - [2025-03-01T14:40:07.628+0000] {dag.py:3239} INFO - Sync 1 DAGs
[2025-03-01T14:40:07.643+0000] {logging_mixin.py:190} INFO - [2025-03-01T14:40:07.642+0000] {dag.py:4180} INFO - Setting next_dagrun for example_sensor_decorator to None, run_after=None
[2025-03-01T14:40:07.659+0000] {processor.py:208} INFO - Processing /home/airflow/.local/lib/python3.12/site-packages/airflow/example_dags/example_sensor_decorator.py took 0.065 seconds
[2025-03-01T14:40:37.883+0000] {processor.py:186} INFO - Started process (PID=2930) to work on /home/airflow/.local/lib/python3.12/site-packages/airflow/example_dags/example_sensor_decorator.py
[2025-03-01T14:40:37.883+0000] {processor.py:914} INFO - Processing file /home/airflow/.local/lib/python3.12/site-packages/airflow/example_dags/example_sensor_decorator.py for tasks to queue
[2025-03-01T14:40:37.886+0000] {logging_mixin.py:190} INFO - [2025-03-01T14:40:37.885+0000] {dagbag.py:588} INFO - Filling up the DagBag from /home/airflow/.local/lib/python3.12/site-packages/airflow/example_dags/example_sensor_decorator.py
[2025-03-01T14:40:37.897+0000] {processor.py:925} INFO - DAG(s) 'example_sensor_decorator' retrieved from /home/airflow/.local/lib/python3.12/site-packages/airflow/example_dags/example_sensor_decorator.py
[2025-03-01T14:40:37.919+0000] {logging_mixin.py:190} INFO - [2025-03-01T14:40:37.919+0000] {dag.py:3239} INFO - Sync 1 DAGs
[2025-03-01T14:40:37.934+0000] {logging_mixin.py:190} INFO - [2025-03-01T14:40:37.934+0000] {dag.py:4180} INFO - Setting next_dagrun for example_sensor_decorator to None, run_after=None
[2025-03-01T14:40:37.950+0000] {processor.py:208} INFO - Processing /home/airflow/.local/lib/python3.12/site-packages/airflow/example_dags/example_sensor_decorator.py took 0.073 seconds
[2025-03-01T14:41:08.389+0000] {processor.py:186} INFO - Started process (PID=2991) to work on /home/airflow/.local/lib/python3.12/site-packages/airflow/example_dags/example_sensor_decorator.py
[2025-03-01T14:41:08.390+0000] {processor.py:914} INFO - Processing file /home/airflow/.local/lib/python3.12/site-packages/airflow/example_dags/example_sensor_decorator.py for tasks to queue
[2025-03-01T14:41:08.392+0000] {logging_mixin.py:190} INFO - [2025-03-01T14:41:08.392+0000] {dagbag.py:588} INFO - Filling up the DagBag from /home/airflow/.local/lib/python3.12/site-packages/airflow/example_dags/example_sensor_decorator.py
[2025-03-01T14:41:08.401+0000] {processor.py:925} INFO - DAG(s) 'example_sensor_decorator' retrieved from /home/airflow/.local/lib/python3.12/site-packages/airflow/example_dags/example_sensor_decorator.py
[2025-03-01T14:41:08.419+0000] {logging_mixin.py:190} INFO - [2025-03-01T14:41:08.419+0000] {dag.py:3239} INFO - Sync 1 DAGs
[2025-03-01T14:41:08.434+0000] {logging_mixin.py:190} INFO - [2025-03-01T14:41:08.433+0000] {dag.py:4180} INFO - Setting next_dagrun for example_sensor_decorator to None, run_after=None
[2025-03-01T14:41:08.450+0000] {processor.py:208} INFO - Processing /home/airflow/.local/lib/python3.12/site-packages/airflow/example_dags/example_sensor_decorator.py took 0.066 seconds
[2025-03-01T14:41:39.106+0000] {processor.py:186} INFO - Started process (PID=3054) to work on /home/airflow/.local/lib/python3.12/site-packages/airflow/example_dags/example_sensor_decorator.py
[2025-03-01T14:41:39.107+0000] {processor.py:914} INFO - Processing file /home/airflow/.local/lib/python3.12/site-packages/airflow/example_dags/example_sensor_decorator.py for tasks to queue
[2025-03-01T14:41:39.109+0000] {logging_mixin.py:190} INFO - [2025-03-01T14:41:39.109+0000] {dagbag.py:588} INFO - Filling up the DagBag from /home/airflow/.local/lib/python3.12/site-packages/airflow/example_dags/example_sensor_decorator.py
[2025-03-01T14:41:39.117+0000] {processor.py:925} INFO - DAG(s) 'example_sensor_decorator' retrieved from /home/airflow/.local/lib/python3.12/site-packages/airflow/example_dags/example_sensor_decorator.py
[2025-03-01T14:41:39.136+0000] {logging_mixin.py:190} INFO - [2025-03-01T14:41:39.136+0000] {dag.py:3239} INFO - Sync 1 DAGs
[2025-03-01T14:41:39.150+0000] {logging_mixin.py:190} INFO - [2025-03-01T14:41:39.150+0000] {dag.py:4180} INFO - Setting next_dagrun for example_sensor_decorator to None, run_after=None
[2025-03-01T14:41:39.166+0000] {processor.py:208} INFO - Processing /home/airflow/.local/lib/python3.12/site-packages/airflow/example_dags/example_sensor_decorator.py took 0.066 seconds
[2025-03-01T14:42:09.254+0000] {processor.py:186} INFO - Started process (PID=3115) to work on /home/airflow/.local/lib/python3.12/site-packages/airflow/example_dags/example_sensor_decorator.py
[2025-03-01T14:42:09.254+0000] {processor.py:914} INFO - Processing file /home/airflow/.local/lib/python3.12/site-packages/airflow/example_dags/example_sensor_decorator.py for tasks to queue
[2025-03-01T14:42:09.256+0000] {logging_mixin.py:190} INFO - [2025-03-01T14:42:09.256+0000] {dagbag.py:588} INFO - Filling up the DagBag from /home/airflow/.local/lib/python3.12/site-packages/airflow/example_dags/example_sensor_decorator.py
[2025-03-01T14:42:09.264+0000] {processor.py:925} INFO - DAG(s) 'example_sensor_decorator' retrieved from /home/airflow/.local/lib/python3.12/site-packages/airflow/example_dags/example_sensor_decorator.py
[2025-03-01T14:42:09.279+0000] {logging_mixin.py:190} INFO - [2025-03-01T14:42:09.279+0000] {dag.py:3239} INFO - Sync 1 DAGs
[2025-03-01T14:42:09.289+0000] {logging_mixin.py:190} INFO - [2025-03-01T14:42:09.289+0000] {dag.py:4180} INFO - Setting next_dagrun for example_sensor_decorator to None, run_after=None
[2025-03-01T14:42:09.301+0000] {processor.py:208} INFO - Processing /home/airflow/.local/lib/python3.12/site-packages/airflow/example_dags/example_sensor_decorator.py took 0.051 seconds
[2025-03-01T14:42:39.509+0000] {processor.py:186} INFO - Started process (PID=3178) to work on /home/airflow/.local/lib/python3.12/site-packages/airflow/example_dags/example_sensor_decorator.py
[2025-03-01T14:42:39.509+0000] {processor.py:914} INFO - Processing file /home/airflow/.local/lib/python3.12/site-packages/airflow/example_dags/example_sensor_decorator.py for tasks to queue
[2025-03-01T14:42:39.512+0000] {logging_mixin.py:190} INFO - [2025-03-01T14:42:39.512+0000] {dagbag.py:588} INFO - Filling up the DagBag from /home/airflow/.local/lib/python3.12/site-packages/airflow/example_dags/example_sensor_decorator.py
[2025-03-01T14:42:39.519+0000] {processor.py:925} INFO - DAG(s) 'example_sensor_decorator' retrieved from /home/airflow/.local/lib/python3.12/site-packages/airflow/example_dags/example_sensor_decorator.py
[2025-03-01T14:42:39.537+0000] {logging_mixin.py:190} INFO - [2025-03-01T14:42:39.537+0000] {dag.py:3239} INFO - Sync 1 DAGs
[2025-03-01T14:42:39.565+0000] {logging_mixin.py:190} INFO - [2025-03-01T14:42:39.564+0000] {dag.py:4180} INFO - Setting next_dagrun for example_sensor_decorator to None, run_after=None
[2025-03-01T14:42:39.622+0000] {processor.py:208} INFO - Processing /home/airflow/.local/lib/python3.12/site-packages/airflow/example_dags/example_sensor_decorator.py took 0.119 seconds
[2025-03-01T14:43:09.776+0000] {processor.py:186} INFO - Started process (PID=3241) to work on /home/airflow/.local/lib/python3.12/site-packages/airflow/example_dags/example_sensor_decorator.py
[2025-03-01T14:43:09.777+0000] {processor.py:914} INFO - Processing file /home/airflow/.local/lib/python3.12/site-packages/airflow/example_dags/example_sensor_decorator.py for tasks to queue
[2025-03-01T14:43:09.779+0000] {logging_mixin.py:190} INFO - [2025-03-01T14:43:09.779+0000] {dagbag.py:588} INFO - Filling up the DagBag from /home/airflow/.local/lib/python3.12/site-packages/airflow/example_dags/example_sensor_decorator.py
[2025-03-01T14:43:09.787+0000] {processor.py:925} INFO - DAG(s) 'example_sensor_decorator' retrieved from /home/airflow/.local/lib/python3.12/site-packages/airflow/example_dags/example_sensor_decorator.py
[2025-03-01T14:43:09.811+0000] {logging_mixin.py:190} INFO - [2025-03-01T14:43:09.810+0000] {dag.py:3239} INFO - Sync 1 DAGs
[2025-03-01T14:43:09.838+0000] {logging_mixin.py:190} INFO - [2025-03-01T14:43:09.837+0000] {dag.py:4180} INFO - Setting next_dagrun for example_sensor_decorator to None, run_after=None
[2025-03-01T14:43:09.883+0000] {processor.py:208} INFO - Processing /home/airflow/.local/lib/python3.12/site-packages/airflow/example_dags/example_sensor_decorator.py took 0.112 seconds
[2025-03-01T14:43:40.047+0000] {processor.py:186} INFO - Started process (PID=3304) to work on /home/airflow/.local/lib/python3.12/site-packages/airflow/example_dags/example_sensor_decorator.py
[2025-03-01T14:43:40.048+0000] {processor.py:914} INFO - Processing file /home/airflow/.local/lib/python3.12/site-packages/airflow/example_dags/example_sensor_decorator.py for tasks to queue
[2025-03-01T14:43:40.050+0000] {logging_mixin.py:190} INFO - [2025-03-01T14:43:40.050+0000] {dagbag.py:588} INFO - Filling up the DagBag from /home/airflow/.local/lib/python3.12/site-packages/airflow/example_dags/example_sensor_decorator.py
[2025-03-01T14:43:40.058+0000] {processor.py:925} INFO - DAG(s) 'example_sensor_decorator' retrieved from /home/airflow/.local/lib/python3.12/site-packages/airflow/example_dags/example_sensor_decorator.py
[2025-03-01T14:43:40.075+0000] {logging_mixin.py:190} INFO - [2025-03-01T14:43:40.075+0000] {dag.py:3239} INFO - Sync 1 DAGs
[2025-03-01T14:43:40.090+0000] {logging_mixin.py:190} INFO - [2025-03-01T14:43:40.089+0000] {dag.py:4180} INFO - Setting next_dagrun for example_sensor_decorator to None, run_after=None
[2025-03-01T14:43:40.108+0000] {processor.py:208} INFO - Processing /home/airflow/.local/lib/python3.12/site-packages/airflow/example_dags/example_sensor_decorator.py took 0.066 seconds
[2025-03-01T14:44:11.295+0000] {processor.py:186} INFO - Started process (PID=3361) to work on /home/airflow/.local/lib/python3.12/site-packages/airflow/example_dags/example_sensor_decorator.py
[2025-03-01T14:44:11.301+0000] {processor.py:914} INFO - Processing file /home/airflow/.local/lib/python3.12/site-packages/airflow/example_dags/example_sensor_decorator.py for tasks to queue
[2025-03-01T14:44:11.303+0000] {logging_mixin.py:190} INFO - [2025-03-01T14:44:11.303+0000] {dagbag.py:588} INFO - Filling up the DagBag from /home/airflow/.local/lib/python3.12/site-packages/airflow/example_dags/example_sensor_decorator.py
[2025-03-01T14:44:11.316+0000] {processor.py:925} INFO - DAG(s) 'example_sensor_decorator' retrieved from /home/airflow/.local/lib/python3.12/site-packages/airflow/example_dags/example_sensor_decorator.py
[2025-03-01T14:44:11.391+0000] {logging_mixin.py:190} INFO - [2025-03-01T14:44:11.390+0000] {dag.py:3239} INFO - Sync 1 DAGs
[2025-03-01T14:44:11.434+0000] {logging_mixin.py:190} INFO - [2025-03-01T14:44:11.433+0000] {dag.py:4180} INFO - Setting next_dagrun for example_sensor_decorator to None, run_after=None
[2025-03-01T14:44:11.493+0000] {processor.py:208} INFO - Processing /home/airflow/.local/lib/python3.12/site-packages/airflow/example_dags/example_sensor_decorator.py took 0.233 seconds
[2025-03-01T14:44:42.135+0000] {processor.py:186} INFO - Started process (PID=3422) to work on /home/airflow/.local/lib/python3.12/site-packages/airflow/example_dags/example_sensor_decorator.py
[2025-03-01T14:44:42.136+0000] {processor.py:914} INFO - Processing file /home/airflow/.local/lib/python3.12/site-packages/airflow/example_dags/example_sensor_decorator.py for tasks to queue
[2025-03-01T14:44:42.138+0000] {logging_mixin.py:190} INFO - [2025-03-01T14:44:42.138+0000] {dagbag.py:588} INFO - Filling up the DagBag from /home/airflow/.local/lib/python3.12/site-packages/airflow/example_dags/example_sensor_decorator.py
[2025-03-01T14:44:42.146+0000] {processor.py:925} INFO - DAG(s) 'example_sensor_decorator' retrieved from /home/airflow/.local/lib/python3.12/site-packages/airflow/example_dags/example_sensor_decorator.py
[2025-03-01T14:44:42.187+0000] {logging_mixin.py:190} INFO - [2025-03-01T14:44:42.187+0000] {dag.py:3239} INFO - Sync 1 DAGs
[2025-03-01T14:44:42.201+0000] {logging_mixin.py:190} INFO - [2025-03-01T14:44:42.200+0000] {dag.py:4180} INFO - Setting next_dagrun for example_sensor_decorator to None, run_after=None
[2025-03-01T14:44:42.216+0000] {processor.py:208} INFO - Processing /home/airflow/.local/lib/python3.12/site-packages/airflow/example_dags/example_sensor_decorator.py took 0.086 seconds
[2025-03-01T14:45:12.797+0000] {processor.py:186} INFO - Started process (PID=3478) to work on /home/airflow/.local/lib/python3.12/site-packages/airflow/example_dags/example_sensor_decorator.py
[2025-03-01T14:45:12.798+0000] {processor.py:914} INFO - Processing file /home/airflow/.local/lib/python3.12/site-packages/airflow/example_dags/example_sensor_decorator.py for tasks to queue
[2025-03-01T14:45:12.802+0000] {logging_mixin.py:190} INFO - [2025-03-01T14:45:12.801+0000] {dagbag.py:588} INFO - Filling up the DagBag from /home/airflow/.local/lib/python3.12/site-packages/airflow/example_dags/example_sensor_decorator.py
[2025-03-01T14:45:12.834+0000] {processor.py:925} INFO - DAG(s) 'example_sensor_decorator' retrieved from /home/airflow/.local/lib/python3.12/site-packages/airflow/example_dags/example_sensor_decorator.py
[2025-03-01T14:45:12.855+0000] {logging_mixin.py:190} INFO - [2025-03-01T14:45:12.855+0000] {dag.py:3239} INFO - Sync 1 DAGs
[2025-03-01T14:45:12.871+0000] {logging_mixin.py:190} INFO - [2025-03-01T14:45:12.871+0000] {dag.py:4180} INFO - Setting next_dagrun for example_sensor_decorator to None, run_after=None
[2025-03-01T14:45:12.905+0000] {processor.py:208} INFO - Processing /home/airflow/.local/lib/python3.12/site-packages/airflow/example_dags/example_sensor_decorator.py took 0.120 seconds
[2025-03-01T14:45:47.090+0000] {processor.py:186} INFO - Started process (PID=3541) to work on /home/airflow/.local/lib/python3.12/site-packages/airflow/example_dags/example_sensor_decorator.py
[2025-03-01T14:45:47.098+0000] {processor.py:914} INFO - Processing file /home/airflow/.local/lib/python3.12/site-packages/airflow/example_dags/example_sensor_decorator.py for tasks to queue
[2025-03-01T14:45:47.100+0000] {logging_mixin.py:190} INFO - [2025-03-01T14:45:47.100+0000] {dagbag.py:588} INFO - Filling up the DagBag from /home/airflow/.local/lib/python3.12/site-packages/airflow/example_dags/example_sensor_decorator.py
[2025-03-01T14:45:47.108+0000] {processor.py:925} INFO - DAG(s) 'example_sensor_decorator' retrieved from /home/airflow/.local/lib/python3.12/site-packages/airflow/example_dags/example_sensor_decorator.py
[2025-03-01T14:45:47.149+0000] {logging_mixin.py:190} INFO - [2025-03-01T14:45:47.148+0000] {dag.py:3239} INFO - Sync 1 DAGs
[2025-03-01T14:45:47.179+0000] {logging_mixin.py:190} INFO - [2025-03-01T14:45:47.179+0000] {dag.py:4180} INFO - Setting next_dagrun for example_sensor_decorator to None, run_after=None
[2025-03-01T14:45:47.221+0000] {processor.py:208} INFO - Processing /home/airflow/.local/lib/python3.12/site-packages/airflow/example_dags/example_sensor_decorator.py took 0.149 seconds
[2025-03-01T14:46:27.224+0000] {processor.py:186} INFO - Started process (PID=3604) to work on /home/airflow/.local/lib/python3.12/site-packages/airflow/example_dags/example_sensor_decorator.py
[2025-03-01T14:46:27.260+0000] {processor.py:914} INFO - Processing file /home/airflow/.local/lib/python3.12/site-packages/airflow/example_dags/example_sensor_decorator.py for tasks to queue
[2025-03-01T14:46:27.272+0000] {logging_mixin.py:190} INFO - [2025-03-01T14:46:27.271+0000] {dagbag.py:588} INFO - Filling up the DagBag from /home/airflow/.local/lib/python3.12/site-packages/airflow/example_dags/example_sensor_decorator.py
[2025-03-01T14:46:27.339+0000] {processor.py:925} INFO - DAG(s) 'example_sensor_decorator' retrieved from /home/airflow/.local/lib/python3.12/site-packages/airflow/example_dags/example_sensor_decorator.py
[2025-03-01T14:46:27.501+0000] {logging_mixin.py:190} INFO - [2025-03-01T14:46:27.501+0000] {dag.py:3239} INFO - Sync 1 DAGs
[2025-03-01T14:46:27.600+0000] {logging_mixin.py:190} INFO - [2025-03-01T14:46:27.587+0000] {dag.py:4180} INFO - Setting next_dagrun for example_sensor_decorator to None, run_after=None
[2025-03-01T14:46:27.838+0000] {processor.py:208} INFO - Processing /home/airflow/.local/lib/python3.12/site-packages/airflow/example_dags/example_sensor_decorator.py took 0.668 seconds
[2025-03-01T14:47:04.302+0000] {processor.py:186} INFO - Started process (PID=3660) to work on /home/airflow/.local/lib/python3.12/site-packages/airflow/example_dags/example_sensor_decorator.py
[2025-03-01T14:47:04.309+0000] {processor.py:914} INFO - Processing file /home/airflow/.local/lib/python3.12/site-packages/airflow/example_dags/example_sensor_decorator.py for tasks to queue
[2025-03-01T14:47:04.322+0000] {logging_mixin.py:190} INFO - [2025-03-01T14:47:04.322+0000] {dagbag.py:588} INFO - Filling up the DagBag from /home/airflow/.local/lib/python3.12/site-packages/airflow/example_dags/example_sensor_decorator.py
[2025-03-01T14:47:04.383+0000] {processor.py:925} INFO - DAG(s) 'example_sensor_decorator' retrieved from /home/airflow/.local/lib/python3.12/site-packages/airflow/example_dags/example_sensor_decorator.py
[2025-03-01T14:47:04.569+0000] {logging_mixin.py:190} INFO - [2025-03-01T14:47:04.569+0000] {dag.py:3239} INFO - Sync 1 DAGs
[2025-03-01T14:47:04.696+0000] {logging_mixin.py:190} INFO - [2025-03-01T14:47:04.695+0000] {dag.py:4180} INFO - Setting next_dagrun for example_sensor_decorator to None, run_after=None
[2025-03-01T14:47:05.118+0000] {processor.py:208} INFO - Processing /home/airflow/.local/lib/python3.12/site-packages/airflow/example_dags/example_sensor_decorator.py took 0.901 seconds
[2025-03-01T14:47:44.175+0000] {processor.py:186} INFO - Started process (PID=3728) to work on /home/airflow/.local/lib/python3.12/site-packages/airflow/example_dags/example_sensor_decorator.py
[2025-03-01T14:47:44.191+0000] {processor.py:914} INFO - Processing file /home/airflow/.local/lib/python3.12/site-packages/airflow/example_dags/example_sensor_decorator.py for tasks to queue
[2025-03-01T14:47:44.196+0000] {logging_mixin.py:190} INFO - [2025-03-01T14:47:44.196+0000] {dagbag.py:588} INFO - Filling up the DagBag from /home/airflow/.local/lib/python3.12/site-packages/airflow/example_dags/example_sensor_decorator.py
[2025-03-01T14:47:44.242+0000] {processor.py:925} INFO - DAG(s) 'example_sensor_decorator' retrieved from /home/airflow/.local/lib/python3.12/site-packages/airflow/example_dags/example_sensor_decorator.py
[2025-03-01T14:47:44.336+0000] {logging_mixin.py:190} INFO - [2025-03-01T14:47:44.335+0000] {dag.py:3239} INFO - Sync 1 DAGs
[2025-03-01T14:47:44.387+0000] {logging_mixin.py:190} INFO - [2025-03-01T14:47:44.386+0000] {dag.py:4180} INFO - Setting next_dagrun for example_sensor_decorator to None, run_after=None
[2025-03-01T14:47:44.522+0000] {processor.py:208} INFO - Processing /home/airflow/.local/lib/python3.12/site-packages/airflow/example_dags/example_sensor_decorator.py took 0.353 seconds
