[2025-03-01T14:17:33.111+0000] {processor.py:186} INFO - Started process (PID=78) to work on /home/airflow/.local/lib/python3.12/site-packages/airflow/example_dags/example_local_kubernetes_executor.py
[2025-03-01T14:17:33.112+0000] {processor.py:914} INFO - Processing file /home/airflow/.local/lib/python3.12/site-packages/airflow/example_dags/example_local_kubernetes_executor.py for tasks to queue
[2025-03-01T14:17:33.125+0000] {logging_mixin.py:190} INFO - [2025-03-01T14:17:33.124+0000] {dagbag.py:588} INFO - Filling up the DagBag from /home/airflow/.local/lib/python3.12/site-packages/airflow/example_dags/example_local_kubernetes_executor.py
[2025-03-01T14:17:33.218+0000] {processor.py:925} INFO - DAG(s) 'example_local_kubernetes_executor' retrieved from /home/airflow/.local/lib/python3.12/site-packages/airflow/example_dags/example_local_kubernetes_executor.py
[2025-03-01T14:17:33.812+0000] {logging_mixin.py:190} INFO - [2025-03-01T14:17:33.811+0000] {override.py:1912} INFO - Created Permission View: can edit on DAG:example_local_kubernetes_executor
[2025-03-01T14:17:33.849+0000] {logging_mixin.py:190} INFO - [2025-03-01T14:17:33.848+0000] {override.py:1912} INFO - Created Permission View: can read on DAG:example_local_kubernetes_executor
[2025-03-01T14:17:33.869+0000] {logging_mixin.py:190} INFO - [2025-03-01T14:17:33.869+0000] {override.py:1912} INFO - Created Permission View: can delete on DAG:example_local_kubernetes_executor
[2025-03-01T14:17:33.894+0000] {logging_mixin.py:190} INFO - [2025-03-01T14:17:33.893+0000] {override.py:1912} INFO - Created Permission View: menu access on DAG Run:example_local_kubernetes_executor
[2025-03-01T14:17:33.911+0000] {logging_mixin.py:190} INFO - [2025-03-01T14:17:33.911+0000] {override.py:1912} INFO - Created Permission View: can read on DAG Run:example_local_kubernetes_executor
[2025-03-01T14:17:33.942+0000] {logging_mixin.py:190} INFO - [2025-03-01T14:17:33.942+0000] {override.py:1912} INFO - Created Permission View: can create on DAG Run:example_local_kubernetes_executor
[2025-03-01T14:17:33.950+0000] {logging_mixin.py:190} INFO - [2025-03-01T14:17:33.950+0000] {override.py:1912} INFO - Created Permission View: can delete on DAG Run:example_local_kubernetes_executor
[2025-03-01T14:17:33.951+0000] {logging_mixin.py:190} INFO - [2025-03-01T14:17:33.950+0000] {dag.py:3239} INFO - Sync 1 DAGs
[2025-03-01T14:17:33.984+0000] {logging_mixin.py:190} INFO - [2025-03-01T14:17:33.984+0000] {dag.py:3262} INFO - Creating ORM DAG for example_local_kubernetes_executor
[2025-03-01T14:17:33.985+0000] {logging_mixin.py:190} INFO - [2025-03-01T14:17:33.985+0000] {dag.py:4180} INFO - Setting next_dagrun for example_local_kubernetes_executor to None, run_after=None
[2025-03-01T14:17:34.021+0000] {processor.py:208} INFO - Processing /home/airflow/.local/lib/python3.12/site-packages/airflow/example_dags/example_local_kubernetes_executor.py took 0.980 seconds
[2025-03-01T14:18:04.790+0000] {processor.py:186} INFO - Started process (PID=141) to work on /home/airflow/.local/lib/python3.12/site-packages/airflow/example_dags/example_local_kubernetes_executor.py
[2025-03-01T14:18:04.795+0000] {processor.py:914} INFO - Processing file /home/airflow/.local/lib/python3.12/site-packages/airflow/example_dags/example_local_kubernetes_executor.py for tasks to queue
[2025-03-01T14:18:04.798+0000] {logging_mixin.py:190} INFO - [2025-03-01T14:18:04.797+0000] {dagbag.py:588} INFO - Filling up the DagBag from /home/airflow/.local/lib/python3.12/site-packages/airflow/example_dags/example_local_kubernetes_executor.py
[2025-03-01T14:18:04.807+0000] {processor.py:925} INFO - DAG(s) 'example_local_kubernetes_executor' retrieved from /home/airflow/.local/lib/python3.12/site-packages/airflow/example_dags/example_local_kubernetes_executor.py
[2025-03-01T14:18:04.827+0000] {logging_mixin.py:190} INFO - [2025-03-01T14:18:04.827+0000] {dag.py:3239} INFO - Sync 1 DAGs
[2025-03-01T14:18:04.842+0000] {logging_mixin.py:190} INFO - [2025-03-01T14:18:04.842+0000] {dag.py:4180} INFO - Setting next_dagrun for example_local_kubernetes_executor to None, run_after=None
[2025-03-01T14:18:04.861+0000] {processor.py:208} INFO - Processing /home/airflow/.local/lib/python3.12/site-packages/airflow/example_dags/example_local_kubernetes_executor.py took 0.077 seconds
[2025-03-01T14:18:35.271+0000] {processor.py:186} INFO - Started process (PID=204) to work on /home/airflow/.local/lib/python3.12/site-packages/airflow/example_dags/example_local_kubernetes_executor.py
[2025-03-01T14:18:35.272+0000] {processor.py:914} INFO - Processing file /home/airflow/.local/lib/python3.12/site-packages/airflow/example_dags/example_local_kubernetes_executor.py for tasks to queue
[2025-03-01T14:18:35.274+0000] {logging_mixin.py:190} INFO - [2025-03-01T14:18:35.274+0000] {dagbag.py:588} INFO - Filling up the DagBag from /home/airflow/.local/lib/python3.12/site-packages/airflow/example_dags/example_local_kubernetes_executor.py
[2025-03-01T14:18:35.284+0000] {processor.py:925} INFO - DAG(s) 'example_local_kubernetes_executor' retrieved from /home/airflow/.local/lib/python3.12/site-packages/airflow/example_dags/example_local_kubernetes_executor.py
[2025-03-01T14:18:35.303+0000] {logging_mixin.py:190} INFO - [2025-03-01T14:18:35.303+0000] {dag.py:3239} INFO - Sync 1 DAGs
[2025-03-01T14:18:35.323+0000] {logging_mixin.py:190} INFO - [2025-03-01T14:18:35.323+0000] {dag.py:4180} INFO - Setting next_dagrun for example_local_kubernetes_executor to None, run_after=None
[2025-03-01T14:18:35.361+0000] {processor.py:208} INFO - Processing /home/airflow/.local/lib/python3.12/site-packages/airflow/example_dags/example_local_kubernetes_executor.py took 0.096 seconds
[2025-03-01T14:19:05.631+0000] {processor.py:186} INFO - Started process (PID=267) to work on /home/airflow/.local/lib/python3.12/site-packages/airflow/example_dags/example_local_kubernetes_executor.py
[2025-03-01T14:19:05.632+0000] {processor.py:914} INFO - Processing file /home/airflow/.local/lib/python3.12/site-packages/airflow/example_dags/example_local_kubernetes_executor.py for tasks to queue
[2025-03-01T14:19:05.634+0000] {logging_mixin.py:190} INFO - [2025-03-01T14:19:05.634+0000] {dagbag.py:588} INFO - Filling up the DagBag from /home/airflow/.local/lib/python3.12/site-packages/airflow/example_dags/example_local_kubernetes_executor.py
[2025-03-01T14:19:05.643+0000] {processor.py:925} INFO - DAG(s) 'example_local_kubernetes_executor' retrieved from /home/airflow/.local/lib/python3.12/site-packages/airflow/example_dags/example_local_kubernetes_executor.py
[2025-03-01T14:19:05.662+0000] {logging_mixin.py:190} INFO - [2025-03-01T14:19:05.662+0000] {dag.py:3239} INFO - Sync 1 DAGs
[2025-03-01T14:19:05.687+0000] {logging_mixin.py:190} INFO - [2025-03-01T14:19:05.687+0000] {dag.py:4180} INFO - Setting next_dagrun for example_local_kubernetes_executor to None, run_after=None
[2025-03-01T14:19:05.720+0000] {processor.py:208} INFO - Processing /home/airflow/.local/lib/python3.12/site-packages/airflow/example_dags/example_local_kubernetes_executor.py took 0.095 seconds
[2025-03-01T14:19:35.827+0000] {processor.py:186} INFO - Started process (PID=330) to work on /home/airflow/.local/lib/python3.12/site-packages/airflow/example_dags/example_local_kubernetes_executor.py
[2025-03-01T14:19:35.827+0000] {processor.py:914} INFO - Processing file /home/airflow/.local/lib/python3.12/site-packages/airflow/example_dags/example_local_kubernetes_executor.py for tasks to queue
[2025-03-01T14:19:35.830+0000] {logging_mixin.py:190} INFO - [2025-03-01T14:19:35.830+0000] {dagbag.py:588} INFO - Filling up the DagBag from /home/airflow/.local/lib/python3.12/site-packages/airflow/example_dags/example_local_kubernetes_executor.py
[2025-03-01T14:19:35.839+0000] {processor.py:925} INFO - DAG(s) 'example_local_kubernetes_executor' retrieved from /home/airflow/.local/lib/python3.12/site-packages/airflow/example_dags/example_local_kubernetes_executor.py
[2025-03-01T14:19:35.858+0000] {logging_mixin.py:190} INFO - [2025-03-01T14:19:35.858+0000] {dag.py:3239} INFO - Sync 1 DAGs
[2025-03-01T14:19:35.873+0000] {logging_mixin.py:190} INFO - [2025-03-01T14:19:35.873+0000] {dag.py:4180} INFO - Setting next_dagrun for example_local_kubernetes_executor to None, run_after=None
[2025-03-01T14:19:35.896+0000] {processor.py:208} INFO - Processing /home/airflow/.local/lib/python3.12/site-packages/airflow/example_dags/example_local_kubernetes_executor.py took 0.075 seconds
[2025-03-01T14:20:06.398+0000] {processor.py:186} INFO - Started process (PID=393) to work on /home/airflow/.local/lib/python3.12/site-packages/airflow/example_dags/example_local_kubernetes_executor.py
[2025-03-01T14:20:06.399+0000] {processor.py:914} INFO - Processing file /home/airflow/.local/lib/python3.12/site-packages/airflow/example_dags/example_local_kubernetes_executor.py for tasks to queue
[2025-03-01T14:20:06.401+0000] {logging_mixin.py:190} INFO - [2025-03-01T14:20:06.401+0000] {dagbag.py:588} INFO - Filling up the DagBag from /home/airflow/.local/lib/python3.12/site-packages/airflow/example_dags/example_local_kubernetes_executor.py
[2025-03-01T14:20:06.410+0000] {processor.py:925} INFO - DAG(s) 'example_local_kubernetes_executor' retrieved from /home/airflow/.local/lib/python3.12/site-packages/airflow/example_dags/example_local_kubernetes_executor.py
[2025-03-01T14:20:06.429+0000] {logging_mixin.py:190} INFO - [2025-03-01T14:20:06.428+0000] {dag.py:3239} INFO - Sync 1 DAGs
[2025-03-01T14:20:06.443+0000] {logging_mixin.py:190} INFO - [2025-03-01T14:20:06.443+0000] {dag.py:4180} INFO - Setting next_dagrun for example_local_kubernetes_executor to None, run_after=None
[2025-03-01T14:20:06.463+0000] {processor.py:208} INFO - Processing /home/airflow/.local/lib/python3.12/site-packages/airflow/example_dags/example_local_kubernetes_executor.py took 0.071 seconds
[2025-03-01T14:20:36.745+0000] {processor.py:186} INFO - Started process (PID=456) to work on /home/airflow/.local/lib/python3.12/site-packages/airflow/example_dags/example_local_kubernetes_executor.py
[2025-03-01T14:20:36.746+0000] {processor.py:914} INFO - Processing file /home/airflow/.local/lib/python3.12/site-packages/airflow/example_dags/example_local_kubernetes_executor.py for tasks to queue
[2025-03-01T14:20:36.749+0000] {logging_mixin.py:190} INFO - [2025-03-01T14:20:36.749+0000] {dagbag.py:588} INFO - Filling up the DagBag from /home/airflow/.local/lib/python3.12/site-packages/airflow/example_dags/example_local_kubernetes_executor.py
[2025-03-01T14:20:36.758+0000] {processor.py:925} INFO - DAG(s) 'example_local_kubernetes_executor' retrieved from /home/airflow/.local/lib/python3.12/site-packages/airflow/example_dags/example_local_kubernetes_executor.py
[2025-03-01T14:20:36.778+0000] {logging_mixin.py:190} INFO - [2025-03-01T14:20:36.778+0000] {dag.py:3239} INFO - Sync 1 DAGs
[2025-03-01T14:20:36.798+0000] {logging_mixin.py:190} INFO - [2025-03-01T14:20:36.797+0000] {dag.py:4180} INFO - Setting next_dagrun for example_local_kubernetes_executor to None, run_after=None
[2025-03-01T14:20:36.812+0000] {processor.py:208} INFO - Processing /home/airflow/.local/lib/python3.12/site-packages/airflow/example_dags/example_local_kubernetes_executor.py took 0.072 seconds
[2025-03-01T14:21:07.272+0000] {processor.py:186} INFO - Started process (PID=519) to work on /home/airflow/.local/lib/python3.12/site-packages/airflow/example_dags/example_local_kubernetes_executor.py
[2025-03-01T14:21:07.273+0000] {processor.py:914} INFO - Processing file /home/airflow/.local/lib/python3.12/site-packages/airflow/example_dags/example_local_kubernetes_executor.py for tasks to queue
[2025-03-01T14:21:07.276+0000] {logging_mixin.py:190} INFO - [2025-03-01T14:21:07.275+0000] {dagbag.py:588} INFO - Filling up the DagBag from /home/airflow/.local/lib/python3.12/site-packages/airflow/example_dags/example_local_kubernetes_executor.py
[2025-03-01T14:21:07.285+0000] {processor.py:925} INFO - DAG(s) 'example_local_kubernetes_executor' retrieved from /home/airflow/.local/lib/python3.12/site-packages/airflow/example_dags/example_local_kubernetes_executor.py
[2025-03-01T14:21:07.304+0000] {logging_mixin.py:190} INFO - [2025-03-01T14:21:07.304+0000] {dag.py:3239} INFO - Sync 1 DAGs
[2025-03-01T14:21:07.319+0000] {logging_mixin.py:190} INFO - [2025-03-01T14:21:07.319+0000] {dag.py:4180} INFO - Setting next_dagrun for example_local_kubernetes_executor to None, run_after=None
[2025-03-01T14:21:07.335+0000] {processor.py:208} INFO - Processing /home/airflow/.local/lib/python3.12/site-packages/airflow/example_dags/example_local_kubernetes_executor.py took 0.068 seconds
[2025-03-01T14:21:38.017+0000] {processor.py:186} INFO - Started process (PID=582) to work on /home/airflow/.local/lib/python3.12/site-packages/airflow/example_dags/example_local_kubernetes_executor.py
[2025-03-01T14:21:38.030+0000] {processor.py:914} INFO - Processing file /home/airflow/.local/lib/python3.12/site-packages/airflow/example_dags/example_local_kubernetes_executor.py for tasks to queue
[2025-03-01T14:21:38.032+0000] {logging_mixin.py:190} INFO - [2025-03-01T14:21:38.032+0000] {dagbag.py:588} INFO - Filling up the DagBag from /home/airflow/.local/lib/python3.12/site-packages/airflow/example_dags/example_local_kubernetes_executor.py
[2025-03-01T14:21:38.054+0000] {processor.py:925} INFO - DAG(s) 'example_local_kubernetes_executor' retrieved from /home/airflow/.local/lib/python3.12/site-packages/airflow/example_dags/example_local_kubernetes_executor.py
[2025-03-01T14:21:38.105+0000] {logging_mixin.py:190} INFO - [2025-03-01T14:21:38.105+0000] {dag.py:3239} INFO - Sync 1 DAGs
[2025-03-01T14:21:38.124+0000] {logging_mixin.py:190} INFO - [2025-03-01T14:21:38.124+0000] {dag.py:4180} INFO - Setting next_dagrun for example_local_kubernetes_executor to None, run_after=None
[2025-03-01T14:21:38.149+0000] {processor.py:208} INFO - Processing /home/airflow/.local/lib/python3.12/site-packages/airflow/example_dags/example_local_kubernetes_executor.py took 0.154 seconds
[2025-03-01T14:22:08.385+0000] {processor.py:186} INFO - Started process (PID=644) to work on /home/airflow/.local/lib/python3.12/site-packages/airflow/example_dags/example_local_kubernetes_executor.py
[2025-03-01T14:22:08.386+0000] {processor.py:914} INFO - Processing file /home/airflow/.local/lib/python3.12/site-packages/airflow/example_dags/example_local_kubernetes_executor.py for tasks to queue
[2025-03-01T14:22:08.388+0000] {logging_mixin.py:190} INFO - [2025-03-01T14:22:08.388+0000] {dagbag.py:588} INFO - Filling up the DagBag from /home/airflow/.local/lib/python3.12/site-packages/airflow/example_dags/example_local_kubernetes_executor.py
[2025-03-01T14:22:08.398+0000] {processor.py:925} INFO - DAG(s) 'example_local_kubernetes_executor' retrieved from /home/airflow/.local/lib/python3.12/site-packages/airflow/example_dags/example_local_kubernetes_executor.py
[2025-03-01T14:22:08.416+0000] {logging_mixin.py:190} INFO - [2025-03-01T14:22:08.416+0000] {dag.py:3239} INFO - Sync 1 DAGs
[2025-03-01T14:22:08.430+0000] {logging_mixin.py:190} INFO - [2025-03-01T14:22:08.429+0000] {dag.py:4180} INFO - Setting next_dagrun for example_local_kubernetes_executor to None, run_after=None
[2025-03-01T14:22:08.446+0000] {processor.py:208} INFO - Processing /home/airflow/.local/lib/python3.12/site-packages/airflow/example_dags/example_local_kubernetes_executor.py took 0.067 seconds
[2025-03-01T14:22:39.007+0000] {processor.py:186} INFO - Started process (PID=708) to work on /home/airflow/.local/lib/python3.12/site-packages/airflow/example_dags/example_local_kubernetes_executor.py
[2025-03-01T14:22:39.008+0000] {processor.py:914} INFO - Processing file /home/airflow/.local/lib/python3.12/site-packages/airflow/example_dags/example_local_kubernetes_executor.py for tasks to queue
[2025-03-01T14:22:39.011+0000] {logging_mixin.py:190} INFO - [2025-03-01T14:22:39.010+0000] {dagbag.py:588} INFO - Filling up the DagBag from /home/airflow/.local/lib/python3.12/site-packages/airflow/example_dags/example_local_kubernetes_executor.py
[2025-03-01T14:22:39.019+0000] {processor.py:925} INFO - DAG(s) 'example_local_kubernetes_executor' retrieved from /home/airflow/.local/lib/python3.12/site-packages/airflow/example_dags/example_local_kubernetes_executor.py
[2025-03-01T14:22:39.039+0000] {logging_mixin.py:190} INFO - [2025-03-01T14:22:39.039+0000] {dag.py:3239} INFO - Sync 1 DAGs
[2025-03-01T14:22:39.065+0000] {logging_mixin.py:190} INFO - [2025-03-01T14:22:39.065+0000] {dag.py:4180} INFO - Setting next_dagrun for example_local_kubernetes_executor to None, run_after=None
[2025-03-01T14:22:39.082+0000] {processor.py:208} INFO - Processing /home/airflow/.local/lib/python3.12/site-packages/airflow/example_dags/example_local_kubernetes_executor.py took 0.080 seconds
[2025-03-01T14:23:09.533+0000] {processor.py:186} INFO - Started process (PID=772) to work on /home/airflow/.local/lib/python3.12/site-packages/airflow/example_dags/example_local_kubernetes_executor.py
[2025-03-01T14:23:09.533+0000] {processor.py:914} INFO - Processing file /home/airflow/.local/lib/python3.12/site-packages/airflow/example_dags/example_local_kubernetes_executor.py for tasks to queue
[2025-03-01T14:23:09.536+0000] {logging_mixin.py:190} INFO - [2025-03-01T14:23:09.536+0000] {dagbag.py:588} INFO - Filling up the DagBag from /home/airflow/.local/lib/python3.12/site-packages/airflow/example_dags/example_local_kubernetes_executor.py
[2025-03-01T14:23:09.544+0000] {processor.py:925} INFO - DAG(s) 'example_local_kubernetes_executor' retrieved from /home/airflow/.local/lib/python3.12/site-packages/airflow/example_dags/example_local_kubernetes_executor.py
[2025-03-01T14:23:09.564+0000] {logging_mixin.py:190} INFO - [2025-03-01T14:23:09.564+0000] {dag.py:3239} INFO - Sync 1 DAGs
[2025-03-01T14:23:09.579+0000] {logging_mixin.py:190} INFO - [2025-03-01T14:23:09.578+0000] {dag.py:4180} INFO - Setting next_dagrun for example_local_kubernetes_executor to None, run_after=None
[2025-03-01T14:23:09.594+0000] {processor.py:208} INFO - Processing /home/airflow/.local/lib/python3.12/site-packages/airflow/example_dags/example_local_kubernetes_executor.py took 0.067 seconds
[2025-03-01T14:23:40.296+0000] {processor.py:186} INFO - Started process (PID=836) to work on /home/airflow/.local/lib/python3.12/site-packages/airflow/example_dags/example_local_kubernetes_executor.py
[2025-03-01T14:23:40.296+0000] {processor.py:914} INFO - Processing file /home/airflow/.local/lib/python3.12/site-packages/airflow/example_dags/example_local_kubernetes_executor.py for tasks to queue
[2025-03-01T14:23:40.303+0000] {logging_mixin.py:190} INFO - [2025-03-01T14:23:40.303+0000] {dagbag.py:588} INFO - Filling up the DagBag from /home/airflow/.local/lib/python3.12/site-packages/airflow/example_dags/example_local_kubernetes_executor.py
[2025-03-01T14:23:40.312+0000] {processor.py:925} INFO - DAG(s) 'example_local_kubernetes_executor' retrieved from /home/airflow/.local/lib/python3.12/site-packages/airflow/example_dags/example_local_kubernetes_executor.py
[2025-03-01T14:23:40.331+0000] {logging_mixin.py:190} INFO - [2025-03-01T14:23:40.330+0000] {dag.py:3239} INFO - Sync 1 DAGs
[2025-03-01T14:23:40.345+0000] {logging_mixin.py:190} INFO - [2025-03-01T14:23:40.345+0000] {dag.py:4180} INFO - Setting next_dagrun for example_local_kubernetes_executor to None, run_after=None
[2025-03-01T14:23:40.360+0000] {processor.py:208} INFO - Processing /home/airflow/.local/lib/python3.12/site-packages/airflow/example_dags/example_local_kubernetes_executor.py took 0.070 seconds
[2025-03-01T14:24:10.941+0000] {processor.py:186} INFO - Started process (PID=899) to work on /home/airflow/.local/lib/python3.12/site-packages/airflow/example_dags/example_local_kubernetes_executor.py
[2025-03-01T14:24:10.942+0000] {processor.py:914} INFO - Processing file /home/airflow/.local/lib/python3.12/site-packages/airflow/example_dags/example_local_kubernetes_executor.py for tasks to queue
[2025-03-01T14:24:10.944+0000] {logging_mixin.py:190} INFO - [2025-03-01T14:24:10.944+0000] {dagbag.py:588} INFO - Filling up the DagBag from /home/airflow/.local/lib/python3.12/site-packages/airflow/example_dags/example_local_kubernetes_executor.py
[2025-03-01T14:24:10.953+0000] {processor.py:925} INFO - DAG(s) 'example_local_kubernetes_executor' retrieved from /home/airflow/.local/lib/python3.12/site-packages/airflow/example_dags/example_local_kubernetes_executor.py
[2025-03-01T14:24:10.973+0000] {logging_mixin.py:190} INFO - [2025-03-01T14:24:10.972+0000] {dag.py:3239} INFO - Sync 1 DAGs
[2025-03-01T14:24:10.987+0000] {logging_mixin.py:190} INFO - [2025-03-01T14:24:10.987+0000] {dag.py:4180} INFO - Setting next_dagrun for example_local_kubernetes_executor to None, run_after=None
[2025-03-01T14:24:11.003+0000] {processor.py:208} INFO - Processing /home/airflow/.local/lib/python3.12/site-packages/airflow/example_dags/example_local_kubernetes_executor.py took 0.068 seconds
[2025-03-01T14:24:41.410+0000] {processor.py:186} INFO - Started process (PID=962) to work on /home/airflow/.local/lib/python3.12/site-packages/airflow/example_dags/example_local_kubernetes_executor.py
[2025-03-01T14:24:41.411+0000] {processor.py:914} INFO - Processing file /home/airflow/.local/lib/python3.12/site-packages/airflow/example_dags/example_local_kubernetes_executor.py for tasks to queue
[2025-03-01T14:24:41.413+0000] {logging_mixin.py:190} INFO - [2025-03-01T14:24:41.413+0000] {dagbag.py:588} INFO - Filling up the DagBag from /home/airflow/.local/lib/python3.12/site-packages/airflow/example_dags/example_local_kubernetes_executor.py
[2025-03-01T14:24:41.426+0000] {processor.py:925} INFO - DAG(s) 'example_local_kubernetes_executor' retrieved from /home/airflow/.local/lib/python3.12/site-packages/airflow/example_dags/example_local_kubernetes_executor.py
[2025-03-01T14:24:41.446+0000] {logging_mixin.py:190} INFO - [2025-03-01T14:24:41.445+0000] {dag.py:3239} INFO - Sync 1 DAGs
[2025-03-01T14:24:41.460+0000] {logging_mixin.py:190} INFO - [2025-03-01T14:24:41.460+0000] {dag.py:4180} INFO - Setting next_dagrun for example_local_kubernetes_executor to None, run_after=None
[2025-03-01T14:24:41.476+0000] {processor.py:208} INFO - Processing /home/airflow/.local/lib/python3.12/site-packages/airflow/example_dags/example_local_kubernetes_executor.py took 0.071 seconds
[2025-03-01T14:25:12.736+0000] {processor.py:186} INFO - Started process (PID=1025) to work on /home/airflow/.local/lib/python3.12/site-packages/airflow/example_dags/example_local_kubernetes_executor.py
[2025-03-01T14:25:12.737+0000] {processor.py:914} INFO - Processing file /home/airflow/.local/lib/python3.12/site-packages/airflow/example_dags/example_local_kubernetes_executor.py for tasks to queue
[2025-03-01T14:25:12.739+0000] {logging_mixin.py:190} INFO - [2025-03-01T14:25:12.739+0000] {dagbag.py:588} INFO - Filling up the DagBag from /home/airflow/.local/lib/python3.12/site-packages/airflow/example_dags/example_local_kubernetes_executor.py
[2025-03-01T14:25:12.749+0000] {processor.py:925} INFO - DAG(s) 'example_local_kubernetes_executor' retrieved from /home/airflow/.local/lib/python3.12/site-packages/airflow/example_dags/example_local_kubernetes_executor.py
[2025-03-01T14:25:12.770+0000] {logging_mixin.py:190} INFO - [2025-03-01T14:25:12.769+0000] {dag.py:3239} INFO - Sync 1 DAGs
[2025-03-01T14:25:12.784+0000] {logging_mixin.py:190} INFO - [2025-03-01T14:25:12.783+0000] {dag.py:4180} INFO - Setting next_dagrun for example_local_kubernetes_executor to None, run_after=None
[2025-03-01T14:25:12.799+0000] {processor.py:208} INFO - Processing /home/airflow/.local/lib/python3.12/site-packages/airflow/example_dags/example_local_kubernetes_executor.py took 0.068 seconds
[2025-03-01T14:25:43.654+0000] {processor.py:186} INFO - Started process (PID=1085) to work on /home/airflow/.local/lib/python3.12/site-packages/airflow/example_dags/example_local_kubernetes_executor.py
[2025-03-01T14:25:43.655+0000] {processor.py:914} INFO - Processing file /home/airflow/.local/lib/python3.12/site-packages/airflow/example_dags/example_local_kubernetes_executor.py for tasks to queue
[2025-03-01T14:25:43.657+0000] {logging_mixin.py:190} INFO - [2025-03-01T14:25:43.657+0000] {dagbag.py:588} INFO - Filling up the DagBag from /home/airflow/.local/lib/python3.12/site-packages/airflow/example_dags/example_local_kubernetes_executor.py
[2025-03-01T14:25:43.666+0000] {processor.py:925} INFO - DAG(s) 'example_local_kubernetes_executor' retrieved from /home/airflow/.local/lib/python3.12/site-packages/airflow/example_dags/example_local_kubernetes_executor.py
[2025-03-01T14:25:43.685+0000] {logging_mixin.py:190} INFO - [2025-03-01T14:25:43.685+0000] {dag.py:3239} INFO - Sync 1 DAGs
[2025-03-01T14:25:43.700+0000] {logging_mixin.py:190} INFO - [2025-03-01T14:25:43.700+0000] {dag.py:4180} INFO - Setting next_dagrun for example_local_kubernetes_executor to None, run_after=None
[2025-03-01T14:25:43.714+0000] {processor.py:208} INFO - Processing /home/airflow/.local/lib/python3.12/site-packages/airflow/example_dags/example_local_kubernetes_executor.py took 0.066 seconds
[2025-03-01T14:26:14.790+0000] {processor.py:186} INFO - Started process (PID=1141) to work on /home/airflow/.local/lib/python3.12/site-packages/airflow/example_dags/example_local_kubernetes_executor.py
[2025-03-01T14:26:14.791+0000] {processor.py:914} INFO - Processing file /home/airflow/.local/lib/python3.12/site-packages/airflow/example_dags/example_local_kubernetes_executor.py for tasks to queue
[2025-03-01T14:26:14.793+0000] {logging_mixin.py:190} INFO - [2025-03-01T14:26:14.792+0000] {dagbag.py:588} INFO - Filling up the DagBag from /home/airflow/.local/lib/python3.12/site-packages/airflow/example_dags/example_local_kubernetes_executor.py
[2025-03-01T14:26:14.802+0000] {processor.py:925} INFO - DAG(s) 'example_local_kubernetes_executor' retrieved from /home/airflow/.local/lib/python3.12/site-packages/airflow/example_dags/example_local_kubernetes_executor.py
[2025-03-01T14:26:14.823+0000] {logging_mixin.py:190} INFO - [2025-03-01T14:26:14.822+0000] {dag.py:3239} INFO - Sync 1 DAGs
[2025-03-01T14:26:14.837+0000] {logging_mixin.py:190} INFO - [2025-03-01T14:26:14.837+0000] {dag.py:4180} INFO - Setting next_dagrun for example_local_kubernetes_executor to None, run_after=None
[2025-03-01T14:26:14.851+0000] {processor.py:208} INFO - Processing /home/airflow/.local/lib/python3.12/site-packages/airflow/example_dags/example_local_kubernetes_executor.py took 0.067 seconds
[2025-03-01T14:26:45.099+0000] {processor.py:186} INFO - Started process (PID=1195) to work on /home/airflow/.local/lib/python3.12/site-packages/airflow/example_dags/example_local_kubernetes_executor.py
[2025-03-01T14:26:45.100+0000] {processor.py:914} INFO - Processing file /home/airflow/.local/lib/python3.12/site-packages/airflow/example_dags/example_local_kubernetes_executor.py for tasks to queue
[2025-03-01T14:26:45.102+0000] {logging_mixin.py:190} INFO - [2025-03-01T14:26:45.102+0000] {dagbag.py:588} INFO - Filling up the DagBag from /home/airflow/.local/lib/python3.12/site-packages/airflow/example_dags/example_local_kubernetes_executor.py
[2025-03-01T14:26:45.111+0000] {processor.py:925} INFO - DAG(s) 'example_local_kubernetes_executor' retrieved from /home/airflow/.local/lib/python3.12/site-packages/airflow/example_dags/example_local_kubernetes_executor.py
[2025-03-01T14:26:45.130+0000] {logging_mixin.py:190} INFO - [2025-03-01T14:26:45.130+0000] {dag.py:3239} INFO - Sync 1 DAGs
[2025-03-01T14:26:45.146+0000] {logging_mixin.py:190} INFO - [2025-03-01T14:26:45.146+0000] {dag.py:4180} INFO - Setting next_dagrun for example_local_kubernetes_executor to None, run_after=None
[2025-03-01T14:26:45.161+0000] {processor.py:208} INFO - Processing /home/airflow/.local/lib/python3.12/site-packages/airflow/example_dags/example_local_kubernetes_executor.py took 0.067 seconds
[2025-03-01T14:27:15.769+0000] {processor.py:186} INFO - Started process (PID=1258) to work on /home/airflow/.local/lib/python3.12/site-packages/airflow/example_dags/example_local_kubernetes_executor.py
[2025-03-01T14:27:15.770+0000] {processor.py:914} INFO - Processing file /home/airflow/.local/lib/python3.12/site-packages/airflow/example_dags/example_local_kubernetes_executor.py for tasks to queue
[2025-03-01T14:27:15.772+0000] {logging_mixin.py:190} INFO - [2025-03-01T14:27:15.772+0000] {dagbag.py:588} INFO - Filling up the DagBag from /home/airflow/.local/lib/python3.12/site-packages/airflow/example_dags/example_local_kubernetes_executor.py
[2025-03-01T14:27:15.781+0000] {processor.py:925} INFO - DAG(s) 'example_local_kubernetes_executor' retrieved from /home/airflow/.local/lib/python3.12/site-packages/airflow/example_dags/example_local_kubernetes_executor.py
[2025-03-01T14:27:15.799+0000] {logging_mixin.py:190} INFO - [2025-03-01T14:27:15.799+0000] {dag.py:3239} INFO - Sync 1 DAGs
[2025-03-01T14:27:15.814+0000] {logging_mixin.py:190} INFO - [2025-03-01T14:27:15.814+0000] {dag.py:4180} INFO - Setting next_dagrun for example_local_kubernetes_executor to None, run_after=None
[2025-03-01T14:27:15.829+0000] {processor.py:208} INFO - Processing /home/airflow/.local/lib/python3.12/site-packages/airflow/example_dags/example_local_kubernetes_executor.py took 0.066 seconds
[2025-03-01T14:27:46.310+0000] {processor.py:186} INFO - Started process (PID=1321) to work on /home/airflow/.local/lib/python3.12/site-packages/airflow/example_dags/example_local_kubernetes_executor.py
[2025-03-01T14:27:46.311+0000] {processor.py:914} INFO - Processing file /home/airflow/.local/lib/python3.12/site-packages/airflow/example_dags/example_local_kubernetes_executor.py for tasks to queue
[2025-03-01T14:27:46.313+0000] {logging_mixin.py:190} INFO - [2025-03-01T14:27:46.313+0000] {dagbag.py:588} INFO - Filling up the DagBag from /home/airflow/.local/lib/python3.12/site-packages/airflow/example_dags/example_local_kubernetes_executor.py
[2025-03-01T14:27:46.322+0000] {processor.py:925} INFO - DAG(s) 'example_local_kubernetes_executor' retrieved from /home/airflow/.local/lib/python3.12/site-packages/airflow/example_dags/example_local_kubernetes_executor.py
[2025-03-01T14:27:46.340+0000] {logging_mixin.py:190} INFO - [2025-03-01T14:27:46.340+0000] {dag.py:3239} INFO - Sync 1 DAGs
[2025-03-01T14:27:46.355+0000] {logging_mixin.py:190} INFO - [2025-03-01T14:27:46.355+0000] {dag.py:4180} INFO - Setting next_dagrun for example_local_kubernetes_executor to None, run_after=None
[2025-03-01T14:27:46.371+0000] {processor.py:208} INFO - Processing /home/airflow/.local/lib/python3.12/site-packages/airflow/example_dags/example_local_kubernetes_executor.py took 0.066 seconds
[2025-03-01T14:28:16.572+0000] {processor.py:186} INFO - Started process (PID=1384) to work on /home/airflow/.local/lib/python3.12/site-packages/airflow/example_dags/example_local_kubernetes_executor.py
[2025-03-01T14:28:16.573+0000] {processor.py:914} INFO - Processing file /home/airflow/.local/lib/python3.12/site-packages/airflow/example_dags/example_local_kubernetes_executor.py for tasks to queue
[2025-03-01T14:28:16.576+0000] {logging_mixin.py:190} INFO - [2025-03-01T14:28:16.576+0000] {dagbag.py:588} INFO - Filling up the DagBag from /home/airflow/.local/lib/python3.12/site-packages/airflow/example_dags/example_local_kubernetes_executor.py
[2025-03-01T14:28:16.585+0000] {processor.py:925} INFO - DAG(s) 'example_local_kubernetes_executor' retrieved from /home/airflow/.local/lib/python3.12/site-packages/airflow/example_dags/example_local_kubernetes_executor.py
[2025-03-01T14:28:16.602+0000] {logging_mixin.py:190} INFO - [2025-03-01T14:28:16.602+0000] {dag.py:3239} INFO - Sync 1 DAGs
[2025-03-01T14:28:16.617+0000] {logging_mixin.py:190} INFO - [2025-03-01T14:28:16.616+0000] {dag.py:4180} INFO - Setting next_dagrun for example_local_kubernetes_executor to None, run_after=None
[2025-03-01T14:28:16.631+0000] {processor.py:208} INFO - Processing /home/airflow/.local/lib/python3.12/site-packages/airflow/example_dags/example_local_kubernetes_executor.py took 0.066 seconds
[2025-03-01T14:28:47.251+0000] {processor.py:186} INFO - Started process (PID=1447) to work on /home/airflow/.local/lib/python3.12/site-packages/airflow/example_dags/example_local_kubernetes_executor.py
[2025-03-01T14:28:47.251+0000] {processor.py:914} INFO - Processing file /home/airflow/.local/lib/python3.12/site-packages/airflow/example_dags/example_local_kubernetes_executor.py for tasks to queue
[2025-03-01T14:28:47.254+0000] {logging_mixin.py:190} INFO - [2025-03-01T14:28:47.253+0000] {dagbag.py:588} INFO - Filling up the DagBag from /home/airflow/.local/lib/python3.12/site-packages/airflow/example_dags/example_local_kubernetes_executor.py
[2025-03-01T14:28:47.263+0000] {processor.py:925} INFO - DAG(s) 'example_local_kubernetes_executor' retrieved from /home/airflow/.local/lib/python3.12/site-packages/airflow/example_dags/example_local_kubernetes_executor.py
[2025-03-01T14:28:47.280+0000] {logging_mixin.py:190} INFO - [2025-03-01T14:28:47.280+0000] {dag.py:3239} INFO - Sync 1 DAGs
[2025-03-01T14:28:47.295+0000] {logging_mixin.py:190} INFO - [2025-03-01T14:28:47.295+0000] {dag.py:4180} INFO - Setting next_dagrun for example_local_kubernetes_executor to None, run_after=None
[2025-03-01T14:28:47.311+0000] {processor.py:208} INFO - Processing /home/airflow/.local/lib/python3.12/site-packages/airflow/example_dags/example_local_kubernetes_executor.py took 0.067 seconds
[2025-03-01T14:29:17.529+0000] {processor.py:186} INFO - Started process (PID=1511) to work on /home/airflow/.local/lib/python3.12/site-packages/airflow/example_dags/example_local_kubernetes_executor.py
[2025-03-01T14:29:17.530+0000] {processor.py:914} INFO - Processing file /home/airflow/.local/lib/python3.12/site-packages/airflow/example_dags/example_local_kubernetes_executor.py for tasks to queue
[2025-03-01T14:29:17.533+0000] {logging_mixin.py:190} INFO - [2025-03-01T14:29:17.533+0000] {dagbag.py:588} INFO - Filling up the DagBag from /home/airflow/.local/lib/python3.12/site-packages/airflow/example_dags/example_local_kubernetes_executor.py
[2025-03-01T14:29:17.554+0000] {processor.py:925} INFO - DAG(s) 'example_local_kubernetes_executor' retrieved from /home/airflow/.local/lib/python3.12/site-packages/airflow/example_dags/example_local_kubernetes_executor.py
[2025-03-01T14:29:17.586+0000] {logging_mixin.py:190} INFO - [2025-03-01T14:29:17.585+0000] {dag.py:3239} INFO - Sync 1 DAGs
[2025-03-01T14:29:17.620+0000] {logging_mixin.py:190} INFO - [2025-03-01T14:29:17.620+0000] {dag.py:4180} INFO - Setting next_dagrun for example_local_kubernetes_executor to None, run_after=None
[2025-03-01T14:29:17.687+0000] {processor.py:208} INFO - Processing /home/airflow/.local/lib/python3.12/site-packages/airflow/example_dags/example_local_kubernetes_executor.py took 0.179 seconds
[2025-03-01T14:29:47.919+0000] {processor.py:186} INFO - Started process (PID=1574) to work on /home/airflow/.local/lib/python3.12/site-packages/airflow/example_dags/example_local_kubernetes_executor.py
[2025-03-01T14:29:47.926+0000] {processor.py:914} INFO - Processing file /home/airflow/.local/lib/python3.12/site-packages/airflow/example_dags/example_local_kubernetes_executor.py for tasks to queue
[2025-03-01T14:29:47.930+0000] {logging_mixin.py:190} INFO - [2025-03-01T14:29:47.930+0000] {dagbag.py:588} INFO - Filling up the DagBag from /home/airflow/.local/lib/python3.12/site-packages/airflow/example_dags/example_local_kubernetes_executor.py
[2025-03-01T14:29:47.948+0000] {processor.py:925} INFO - DAG(s) 'example_local_kubernetes_executor' retrieved from /home/airflow/.local/lib/python3.12/site-packages/airflow/example_dags/example_local_kubernetes_executor.py
[2025-03-01T14:29:47.989+0000] {logging_mixin.py:190} INFO - [2025-03-01T14:29:47.989+0000] {dag.py:3239} INFO - Sync 1 DAGs
[2025-03-01T14:29:48.021+0000] {logging_mixin.py:190} INFO - [2025-03-01T14:29:48.020+0000] {dag.py:4180} INFO - Setting next_dagrun for example_local_kubernetes_executor to None, run_after=None
[2025-03-01T14:29:48.046+0000] {processor.py:208} INFO - Processing /home/airflow/.local/lib/python3.12/site-packages/airflow/example_dags/example_local_kubernetes_executor.py took 0.135 seconds
[2025-03-01T14:30:18.322+0000] {processor.py:186} INFO - Started process (PID=1637) to work on /home/airflow/.local/lib/python3.12/site-packages/airflow/example_dags/example_local_kubernetes_executor.py
[2025-03-01T14:30:18.325+0000] {processor.py:914} INFO - Processing file /home/airflow/.local/lib/python3.12/site-packages/airflow/example_dags/example_local_kubernetes_executor.py for tasks to queue
[2025-03-01T14:30:18.329+0000] {logging_mixin.py:190} INFO - [2025-03-01T14:30:18.329+0000] {dagbag.py:588} INFO - Filling up the DagBag from /home/airflow/.local/lib/python3.12/site-packages/airflow/example_dags/example_local_kubernetes_executor.py
[2025-03-01T14:30:18.360+0000] {processor.py:925} INFO - DAG(s) 'example_local_kubernetes_executor' retrieved from /home/airflow/.local/lib/python3.12/site-packages/airflow/example_dags/example_local_kubernetes_executor.py
[2025-03-01T14:30:18.418+0000] {logging_mixin.py:190} INFO - [2025-03-01T14:30:18.417+0000] {dag.py:3239} INFO - Sync 1 DAGs
[2025-03-01T14:30:18.440+0000] {logging_mixin.py:190} INFO - [2025-03-01T14:30:18.440+0000] {dag.py:4180} INFO - Setting next_dagrun for example_local_kubernetes_executor to None, run_after=None
[2025-03-01T14:30:18.472+0000] {processor.py:208} INFO - Processing /home/airflow/.local/lib/python3.12/site-packages/airflow/example_dags/example_local_kubernetes_executor.py took 0.169 seconds
[2025-03-01T14:30:48.585+0000] {processor.py:186} INFO - Started process (PID=1700) to work on /home/airflow/.local/lib/python3.12/site-packages/airflow/example_dags/example_local_kubernetes_executor.py
[2025-03-01T14:30:48.585+0000] {processor.py:914} INFO - Processing file /home/airflow/.local/lib/python3.12/site-packages/airflow/example_dags/example_local_kubernetes_executor.py for tasks to queue
[2025-03-01T14:30:48.588+0000] {logging_mixin.py:190} INFO - [2025-03-01T14:30:48.588+0000] {dagbag.py:588} INFO - Filling up the DagBag from /home/airflow/.local/lib/python3.12/site-packages/airflow/example_dags/example_local_kubernetes_executor.py
[2025-03-01T14:30:48.597+0000] {processor.py:925} INFO - DAG(s) 'example_local_kubernetes_executor' retrieved from /home/airflow/.local/lib/python3.12/site-packages/airflow/example_dags/example_local_kubernetes_executor.py
[2025-03-01T14:30:48.616+0000] {logging_mixin.py:190} INFO - [2025-03-01T14:30:48.616+0000] {dag.py:3239} INFO - Sync 1 DAGs
[2025-03-01T14:30:48.631+0000] {logging_mixin.py:190} INFO - [2025-03-01T14:30:48.631+0000] {dag.py:4180} INFO - Setting next_dagrun for example_local_kubernetes_executor to None, run_after=None
[2025-03-01T14:30:48.649+0000] {processor.py:208} INFO - Processing /home/airflow/.local/lib/python3.12/site-packages/airflow/example_dags/example_local_kubernetes_executor.py took 0.070 seconds
[2025-03-01T14:31:18.969+0000] {processor.py:186} INFO - Started process (PID=1764) to work on /home/airflow/.local/lib/python3.12/site-packages/airflow/example_dags/example_local_kubernetes_executor.py
[2025-03-01T14:31:18.970+0000] {processor.py:914} INFO - Processing file /home/airflow/.local/lib/python3.12/site-packages/airflow/example_dags/example_local_kubernetes_executor.py for tasks to queue
[2025-03-01T14:31:18.972+0000] {logging_mixin.py:190} INFO - [2025-03-01T14:31:18.972+0000] {dagbag.py:588} INFO - Filling up the DagBag from /home/airflow/.local/lib/python3.12/site-packages/airflow/example_dags/example_local_kubernetes_executor.py
[2025-03-01T14:31:18.981+0000] {processor.py:925} INFO - DAG(s) 'example_local_kubernetes_executor' retrieved from /home/airflow/.local/lib/python3.12/site-packages/airflow/example_dags/example_local_kubernetes_executor.py
[2025-03-01T14:31:19.000+0000] {logging_mixin.py:190} INFO - [2025-03-01T14:31:19.000+0000] {dag.py:3239} INFO - Sync 1 DAGs
[2025-03-01T14:31:19.015+0000] {logging_mixin.py:190} INFO - [2025-03-01T14:31:19.015+0000] {dag.py:4180} INFO - Setting next_dagrun for example_local_kubernetes_executor to None, run_after=None
[2025-03-01T14:31:19.030+0000] {processor.py:208} INFO - Processing /home/airflow/.local/lib/python3.12/site-packages/airflow/example_dags/example_local_kubernetes_executor.py took 0.066 seconds
[2025-03-01T14:31:49.334+0000] {processor.py:186} INFO - Started process (PID=1827) to work on /home/airflow/.local/lib/python3.12/site-packages/airflow/example_dags/example_local_kubernetes_executor.py
[2025-03-01T14:31:49.335+0000] {processor.py:914} INFO - Processing file /home/airflow/.local/lib/python3.12/site-packages/airflow/example_dags/example_local_kubernetes_executor.py for tasks to queue
[2025-03-01T14:31:49.337+0000] {logging_mixin.py:190} INFO - [2025-03-01T14:31:49.337+0000] {dagbag.py:588} INFO - Filling up the DagBag from /home/airflow/.local/lib/python3.12/site-packages/airflow/example_dags/example_local_kubernetes_executor.py
[2025-03-01T14:31:49.346+0000] {processor.py:925} INFO - DAG(s) 'example_local_kubernetes_executor' retrieved from /home/airflow/.local/lib/python3.12/site-packages/airflow/example_dags/example_local_kubernetes_executor.py
[2025-03-01T14:31:49.364+0000] {logging_mixin.py:190} INFO - [2025-03-01T14:31:49.364+0000] {dag.py:3239} INFO - Sync 1 DAGs
[2025-03-01T14:31:49.380+0000] {logging_mixin.py:190} INFO - [2025-03-01T14:31:49.380+0000] {dag.py:4180} INFO - Setting next_dagrun for example_local_kubernetes_executor to None, run_after=None
[2025-03-01T14:31:49.396+0000] {processor.py:208} INFO - Processing /home/airflow/.local/lib/python3.12/site-packages/airflow/example_dags/example_local_kubernetes_executor.py took 0.067 seconds
[2025-03-01T14:32:19.853+0000] {processor.py:186} INFO - Started process (PID=1890) to work on /home/airflow/.local/lib/python3.12/site-packages/airflow/example_dags/example_local_kubernetes_executor.py
[2025-03-01T14:32:19.854+0000] {processor.py:914} INFO - Processing file /home/airflow/.local/lib/python3.12/site-packages/airflow/example_dags/example_local_kubernetes_executor.py for tasks to queue
[2025-03-01T14:32:19.858+0000] {logging_mixin.py:190} INFO - [2025-03-01T14:32:19.857+0000] {dagbag.py:588} INFO - Filling up the DagBag from /home/airflow/.local/lib/python3.12/site-packages/airflow/example_dags/example_local_kubernetes_executor.py
[2025-03-01T14:32:19.868+0000] {processor.py:925} INFO - DAG(s) 'example_local_kubernetes_executor' retrieved from /home/airflow/.local/lib/python3.12/site-packages/airflow/example_dags/example_local_kubernetes_executor.py
[2025-03-01T14:32:19.889+0000] {logging_mixin.py:190} INFO - [2025-03-01T14:32:19.889+0000] {dag.py:3239} INFO - Sync 1 DAGs
[2025-03-01T14:32:19.904+0000] {logging_mixin.py:190} INFO - [2025-03-01T14:32:19.904+0000] {dag.py:4180} INFO - Setting next_dagrun for example_local_kubernetes_executor to None, run_after=None
[2025-03-01T14:32:19.923+0000] {processor.py:208} INFO - Processing /home/airflow/.local/lib/python3.12/site-packages/airflow/example_dags/example_local_kubernetes_executor.py took 0.075 seconds
[2025-03-01T14:32:50.257+0000] {processor.py:186} INFO - Started process (PID=1953) to work on /home/airflow/.local/lib/python3.12/site-packages/airflow/example_dags/example_local_kubernetes_executor.py
[2025-03-01T14:32:50.258+0000] {processor.py:914} INFO - Processing file /home/airflow/.local/lib/python3.12/site-packages/airflow/example_dags/example_local_kubernetes_executor.py for tasks to queue
[2025-03-01T14:32:50.260+0000] {logging_mixin.py:190} INFO - [2025-03-01T14:32:50.260+0000] {dagbag.py:588} INFO - Filling up the DagBag from /home/airflow/.local/lib/python3.12/site-packages/airflow/example_dags/example_local_kubernetes_executor.py
[2025-03-01T14:32:50.269+0000] {processor.py:925} INFO - DAG(s) 'example_local_kubernetes_executor' retrieved from /home/airflow/.local/lib/python3.12/site-packages/airflow/example_dags/example_local_kubernetes_executor.py
[2025-03-01T14:32:50.296+0000] {logging_mixin.py:190} INFO - [2025-03-01T14:32:50.295+0000] {dag.py:3239} INFO - Sync 1 DAGs
[2025-03-01T14:32:50.311+0000] {logging_mixin.py:190} INFO - [2025-03-01T14:32:50.310+0000] {dag.py:4180} INFO - Setting next_dagrun for example_local_kubernetes_executor to None, run_after=None
[2025-03-01T14:32:50.326+0000] {processor.py:208} INFO - Processing /home/airflow/.local/lib/python3.12/site-packages/airflow/example_dags/example_local_kubernetes_executor.py took 0.075 seconds
[2025-03-01T14:33:20.475+0000] {processor.py:186} INFO - Started process (PID=2016) to work on /home/airflow/.local/lib/python3.12/site-packages/airflow/example_dags/example_local_kubernetes_executor.py
[2025-03-01T14:33:20.476+0000] {processor.py:914} INFO - Processing file /home/airflow/.local/lib/python3.12/site-packages/airflow/example_dags/example_local_kubernetes_executor.py for tasks to queue
[2025-03-01T14:33:20.478+0000] {logging_mixin.py:190} INFO - [2025-03-01T14:33:20.478+0000] {dagbag.py:588} INFO - Filling up the DagBag from /home/airflow/.local/lib/python3.12/site-packages/airflow/example_dags/example_local_kubernetes_executor.py
[2025-03-01T14:33:20.488+0000] {processor.py:925} INFO - DAG(s) 'example_local_kubernetes_executor' retrieved from /home/airflow/.local/lib/python3.12/site-packages/airflow/example_dags/example_local_kubernetes_executor.py
[2025-03-01T14:33:20.506+0000] {logging_mixin.py:190} INFO - [2025-03-01T14:33:20.506+0000] {dag.py:3239} INFO - Sync 1 DAGs
[2025-03-01T14:33:20.521+0000] {logging_mixin.py:190} INFO - [2025-03-01T14:33:20.521+0000] {dag.py:4180} INFO - Setting next_dagrun for example_local_kubernetes_executor to None, run_after=None
[2025-03-01T14:33:20.537+0000] {processor.py:208} INFO - Processing /home/airflow/.local/lib/python3.12/site-packages/airflow/example_dags/example_local_kubernetes_executor.py took 0.068 seconds
[2025-03-01T14:33:50.981+0000] {processor.py:186} INFO - Started process (PID=2079) to work on /home/airflow/.local/lib/python3.12/site-packages/airflow/example_dags/example_local_kubernetes_executor.py
[2025-03-01T14:33:50.982+0000] {processor.py:914} INFO - Processing file /home/airflow/.local/lib/python3.12/site-packages/airflow/example_dags/example_local_kubernetes_executor.py for tasks to queue
[2025-03-01T14:33:50.985+0000] {logging_mixin.py:190} INFO - [2025-03-01T14:33:50.984+0000] {dagbag.py:588} INFO - Filling up the DagBag from /home/airflow/.local/lib/python3.12/site-packages/airflow/example_dags/example_local_kubernetes_executor.py
[2025-03-01T14:33:50.994+0000] {processor.py:925} INFO - DAG(s) 'example_local_kubernetes_executor' retrieved from /home/airflow/.local/lib/python3.12/site-packages/airflow/example_dags/example_local_kubernetes_executor.py
[2025-03-01T14:33:51.012+0000] {logging_mixin.py:190} INFO - [2025-03-01T14:33:51.012+0000] {dag.py:3239} INFO - Sync 1 DAGs
[2025-03-01T14:33:51.028+0000] {logging_mixin.py:190} INFO - [2025-03-01T14:33:51.027+0000] {dag.py:4180} INFO - Setting next_dagrun for example_local_kubernetes_executor to None, run_after=None
[2025-03-01T14:33:51.043+0000] {processor.py:208} INFO - Processing /home/airflow/.local/lib/python3.12/site-packages/airflow/example_dags/example_local_kubernetes_executor.py took 0.067 seconds
[2025-03-01T14:34:21.110+0000] {processor.py:186} INFO - Started process (PID=2141) to work on /home/airflow/.local/lib/python3.12/site-packages/airflow/example_dags/example_local_kubernetes_executor.py
[2025-03-01T14:34:21.111+0000] {processor.py:914} INFO - Processing file /home/airflow/.local/lib/python3.12/site-packages/airflow/example_dags/example_local_kubernetes_executor.py for tasks to queue
[2025-03-01T14:34:21.113+0000] {logging_mixin.py:190} INFO - [2025-03-01T14:34:21.113+0000] {dagbag.py:588} INFO - Filling up the DagBag from /home/airflow/.local/lib/python3.12/site-packages/airflow/example_dags/example_local_kubernetes_executor.py
[2025-03-01T14:34:21.123+0000] {processor.py:925} INFO - DAG(s) 'example_local_kubernetes_executor' retrieved from /home/airflow/.local/lib/python3.12/site-packages/airflow/example_dags/example_local_kubernetes_executor.py
[2025-03-01T14:34:21.142+0000] {logging_mixin.py:190} INFO - [2025-03-01T14:34:21.142+0000] {dag.py:3239} INFO - Sync 1 DAGs
[2025-03-01T14:34:21.157+0000] {logging_mixin.py:190} INFO - [2025-03-01T14:34:21.157+0000] {dag.py:4180} INFO - Setting next_dagrun for example_local_kubernetes_executor to None, run_after=None
[2025-03-01T14:34:21.172+0000] {processor.py:208} INFO - Processing /home/airflow/.local/lib/python3.12/site-packages/airflow/example_dags/example_local_kubernetes_executor.py took 0.068 seconds
[2025-03-01T14:34:51.741+0000] {processor.py:186} INFO - Started process (PID=2203) to work on /home/airflow/.local/lib/python3.12/site-packages/airflow/example_dags/example_local_kubernetes_executor.py
[2025-03-01T14:34:51.746+0000] {processor.py:914} INFO - Processing file /home/airflow/.local/lib/python3.12/site-packages/airflow/example_dags/example_local_kubernetes_executor.py for tasks to queue
[2025-03-01T14:34:51.748+0000] {logging_mixin.py:190} INFO - [2025-03-01T14:34:51.748+0000] {dagbag.py:588} INFO - Filling up the DagBag from /home/airflow/.local/lib/python3.12/site-packages/airflow/example_dags/example_local_kubernetes_executor.py
[2025-03-01T14:34:51.765+0000] {processor.py:925} INFO - DAG(s) 'example_local_kubernetes_executor' retrieved from /home/airflow/.local/lib/python3.12/site-packages/airflow/example_dags/example_local_kubernetes_executor.py
[2025-03-01T14:34:51.817+0000] {logging_mixin.py:190} INFO - [2025-03-01T14:34:51.817+0000] {dag.py:3239} INFO - Sync 1 DAGs
[2025-03-01T14:34:51.846+0000] {logging_mixin.py:190} INFO - [2025-03-01T14:34:51.846+0000] {dag.py:4180} INFO - Setting next_dagrun for example_local_kubernetes_executor to None, run_after=None
[2025-03-01T14:34:51.881+0000] {processor.py:208} INFO - Processing /home/airflow/.local/lib/python3.12/site-packages/airflow/example_dags/example_local_kubernetes_executor.py took 0.149 seconds
[2025-03-01T14:35:21.931+0000] {processor.py:186} INFO - Started process (PID=2266) to work on /home/airflow/.local/lib/python3.12/site-packages/airflow/example_dags/example_local_kubernetes_executor.py
[2025-03-01T14:35:21.932+0000] {processor.py:914} INFO - Processing file /home/airflow/.local/lib/python3.12/site-packages/airflow/example_dags/example_local_kubernetes_executor.py for tasks to queue
[2025-03-01T14:35:21.934+0000] {logging_mixin.py:190} INFO - [2025-03-01T14:35:21.934+0000] {dagbag.py:588} INFO - Filling up the DagBag from /home/airflow/.local/lib/python3.12/site-packages/airflow/example_dags/example_local_kubernetes_executor.py
[2025-03-01T14:35:21.943+0000] {processor.py:925} INFO - DAG(s) 'example_local_kubernetes_executor' retrieved from /home/airflow/.local/lib/python3.12/site-packages/airflow/example_dags/example_local_kubernetes_executor.py
[2025-03-01T14:35:21.963+0000] {logging_mixin.py:190} INFO - [2025-03-01T14:35:21.963+0000] {dag.py:3239} INFO - Sync 1 DAGs
[2025-03-01T14:35:21.977+0000] {logging_mixin.py:190} INFO - [2025-03-01T14:35:21.977+0000] {dag.py:4180} INFO - Setting next_dagrun for example_local_kubernetes_executor to None, run_after=None
[2025-03-01T14:35:21.994+0000] {processor.py:208} INFO - Processing /home/airflow/.local/lib/python3.12/site-packages/airflow/example_dags/example_local_kubernetes_executor.py took 0.068 seconds
[2025-03-01T14:35:52.899+0000] {processor.py:186} INFO - Started process (PID=2329) to work on /home/airflow/.local/lib/python3.12/site-packages/airflow/example_dags/example_local_kubernetes_executor.py
[2025-03-01T14:35:52.900+0000] {processor.py:914} INFO - Processing file /home/airflow/.local/lib/python3.12/site-packages/airflow/example_dags/example_local_kubernetes_executor.py for tasks to queue
[2025-03-01T14:35:52.903+0000] {logging_mixin.py:190} INFO - [2025-03-01T14:35:52.902+0000] {dagbag.py:588} INFO - Filling up the DagBag from /home/airflow/.local/lib/python3.12/site-packages/airflow/example_dags/example_local_kubernetes_executor.py
[2025-03-01T14:35:52.912+0000] {processor.py:925} INFO - DAG(s) 'example_local_kubernetes_executor' retrieved from /home/airflow/.local/lib/python3.12/site-packages/airflow/example_dags/example_local_kubernetes_executor.py
[2025-03-01T14:35:52.929+0000] {logging_mixin.py:190} INFO - [2025-03-01T14:35:52.929+0000] {dag.py:3239} INFO - Sync 1 DAGs
[2025-03-01T14:35:52.944+0000] {logging_mixin.py:190} INFO - [2025-03-01T14:35:52.944+0000] {dag.py:4180} INFO - Setting next_dagrun for example_local_kubernetes_executor to None, run_after=None
[2025-03-01T14:35:52.959+0000] {processor.py:208} INFO - Processing /home/airflow/.local/lib/python3.12/site-packages/airflow/example_dags/example_local_kubernetes_executor.py took 0.066 seconds
[2025-03-01T14:36:23.323+0000] {processor.py:186} INFO - Started process (PID=2392) to work on /home/airflow/.local/lib/python3.12/site-packages/airflow/example_dags/example_local_kubernetes_executor.py
[2025-03-01T14:36:23.324+0000] {processor.py:914} INFO - Processing file /home/airflow/.local/lib/python3.12/site-packages/airflow/example_dags/example_local_kubernetes_executor.py for tasks to queue
[2025-03-01T14:36:23.327+0000] {logging_mixin.py:190} INFO - [2025-03-01T14:36:23.327+0000] {dagbag.py:588} INFO - Filling up the DagBag from /home/airflow/.local/lib/python3.12/site-packages/airflow/example_dags/example_local_kubernetes_executor.py
[2025-03-01T14:36:23.337+0000] {processor.py:925} INFO - DAG(s) 'example_local_kubernetes_executor' retrieved from /home/airflow/.local/lib/python3.12/site-packages/airflow/example_dags/example_local_kubernetes_executor.py
[2025-03-01T14:36:23.355+0000] {logging_mixin.py:190} INFO - [2025-03-01T14:36:23.355+0000] {dag.py:3239} INFO - Sync 1 DAGs
[2025-03-01T14:36:23.374+0000] {logging_mixin.py:190} INFO - [2025-03-01T14:36:23.374+0000] {dag.py:4180} INFO - Setting next_dagrun for example_local_kubernetes_executor to None, run_after=None
[2025-03-01T14:36:23.389+0000] {processor.py:208} INFO - Processing /home/airflow/.local/lib/python3.12/site-packages/airflow/example_dags/example_local_kubernetes_executor.py took 0.072 seconds
[2025-03-01T14:36:53.708+0000] {processor.py:186} INFO - Started process (PID=2456) to work on /home/airflow/.local/lib/python3.12/site-packages/airflow/example_dags/example_local_kubernetes_executor.py
[2025-03-01T14:36:53.713+0000] {processor.py:914} INFO - Processing file /home/airflow/.local/lib/python3.12/site-packages/airflow/example_dags/example_local_kubernetes_executor.py for tasks to queue
[2025-03-01T14:36:53.716+0000] {logging_mixin.py:190} INFO - [2025-03-01T14:36:53.716+0000] {dagbag.py:588} INFO - Filling up the DagBag from /home/airflow/.local/lib/python3.12/site-packages/airflow/example_dags/example_local_kubernetes_executor.py
[2025-03-01T14:36:53.732+0000] {processor.py:925} INFO - DAG(s) 'example_local_kubernetes_executor' retrieved from /home/airflow/.local/lib/python3.12/site-packages/airflow/example_dags/example_local_kubernetes_executor.py
[2025-03-01T14:36:53.776+0000] {logging_mixin.py:190} INFO - [2025-03-01T14:36:53.776+0000] {dag.py:3239} INFO - Sync 1 DAGs
[2025-03-01T14:36:53.807+0000] {logging_mixin.py:190} INFO - [2025-03-01T14:36:53.807+0000] {dag.py:4180} INFO - Setting next_dagrun for example_local_kubernetes_executor to None, run_after=None
[2025-03-01T14:36:53.866+0000] {processor.py:208} INFO - Processing /home/airflow/.local/lib/python3.12/site-packages/airflow/example_dags/example_local_kubernetes_executor.py took 0.167 seconds
[2025-03-01T14:37:23.967+0000] {processor.py:186} INFO - Started process (PID=2518) to work on /home/airflow/.local/lib/python3.12/site-packages/airflow/example_dags/example_local_kubernetes_executor.py
[2025-03-01T14:37:23.968+0000] {processor.py:914} INFO - Processing file /home/airflow/.local/lib/python3.12/site-packages/airflow/example_dags/example_local_kubernetes_executor.py for tasks to queue
[2025-03-01T14:37:23.970+0000] {logging_mixin.py:190} INFO - [2025-03-01T14:37:23.970+0000] {dagbag.py:588} INFO - Filling up the DagBag from /home/airflow/.local/lib/python3.12/site-packages/airflow/example_dags/example_local_kubernetes_executor.py
[2025-03-01T14:37:23.979+0000] {processor.py:925} INFO - DAG(s) 'example_local_kubernetes_executor' retrieved from /home/airflow/.local/lib/python3.12/site-packages/airflow/example_dags/example_local_kubernetes_executor.py
[2025-03-01T14:37:24.000+0000] {logging_mixin.py:190} INFO - [2025-03-01T14:37:24.000+0000] {dag.py:3239} INFO - Sync 1 DAGs
[2025-03-01T14:37:24.015+0000] {logging_mixin.py:190} INFO - [2025-03-01T14:37:24.015+0000] {dag.py:4180} INFO - Setting next_dagrun for example_local_kubernetes_executor to None, run_after=None
[2025-03-01T14:37:24.031+0000] {processor.py:208} INFO - Processing /home/airflow/.local/lib/python3.12/site-packages/airflow/example_dags/example_local_kubernetes_executor.py took 0.070 seconds
[2025-03-01T14:37:54.318+0000] {processor.py:186} INFO - Started process (PID=2582) to work on /home/airflow/.local/lib/python3.12/site-packages/airflow/example_dags/example_local_kubernetes_executor.py
[2025-03-01T14:37:54.319+0000] {processor.py:914} INFO - Processing file /home/airflow/.local/lib/python3.12/site-packages/airflow/example_dags/example_local_kubernetes_executor.py for tasks to queue
[2025-03-01T14:37:54.321+0000] {logging_mixin.py:190} INFO - [2025-03-01T14:37:54.321+0000] {dagbag.py:588} INFO - Filling up the DagBag from /home/airflow/.local/lib/python3.12/site-packages/airflow/example_dags/example_local_kubernetes_executor.py
[2025-03-01T14:37:54.330+0000] {processor.py:925} INFO - DAG(s) 'example_local_kubernetes_executor' retrieved from /home/airflow/.local/lib/python3.12/site-packages/airflow/example_dags/example_local_kubernetes_executor.py
[2025-03-01T14:37:54.349+0000] {logging_mixin.py:190} INFO - [2025-03-01T14:37:54.349+0000] {dag.py:3239} INFO - Sync 1 DAGs
[2025-03-01T14:37:54.364+0000] {logging_mixin.py:190} INFO - [2025-03-01T14:37:54.364+0000] {dag.py:4180} INFO - Setting next_dagrun for example_local_kubernetes_executor to None, run_after=None
[2025-03-01T14:37:54.378+0000] {processor.py:208} INFO - Processing /home/airflow/.local/lib/python3.12/site-packages/airflow/example_dags/example_local_kubernetes_executor.py took 0.066 seconds
[2025-03-01T14:38:24.674+0000] {processor.py:186} INFO - Started process (PID=2645) to work on /home/airflow/.local/lib/python3.12/site-packages/airflow/example_dags/example_local_kubernetes_executor.py
[2025-03-01T14:38:24.675+0000] {processor.py:914} INFO - Processing file /home/airflow/.local/lib/python3.12/site-packages/airflow/example_dags/example_local_kubernetes_executor.py for tasks to queue
[2025-03-01T14:38:24.677+0000] {logging_mixin.py:190} INFO - [2025-03-01T14:38:24.676+0000] {dagbag.py:588} INFO - Filling up the DagBag from /home/airflow/.local/lib/python3.12/site-packages/airflow/example_dags/example_local_kubernetes_executor.py
[2025-03-01T14:38:24.686+0000] {processor.py:925} INFO - DAG(s) 'example_local_kubernetes_executor' retrieved from /home/airflow/.local/lib/python3.12/site-packages/airflow/example_dags/example_local_kubernetes_executor.py
[2025-03-01T14:38:24.704+0000] {logging_mixin.py:190} INFO - [2025-03-01T14:38:24.703+0000] {dag.py:3239} INFO - Sync 1 DAGs
[2025-03-01T14:38:24.718+0000] {logging_mixin.py:190} INFO - [2025-03-01T14:38:24.718+0000] {dag.py:4180} INFO - Setting next_dagrun for example_local_kubernetes_executor to None, run_after=None
[2025-03-01T14:38:24.734+0000] {processor.py:208} INFO - Processing /home/airflow/.local/lib/python3.12/site-packages/airflow/example_dags/example_local_kubernetes_executor.py took 0.065 seconds
[2025-03-01T14:38:55.144+0000] {processor.py:186} INFO - Started process (PID=2708) to work on /home/airflow/.local/lib/python3.12/site-packages/airflow/example_dags/example_local_kubernetes_executor.py
[2025-03-01T14:38:55.145+0000] {processor.py:914} INFO - Processing file /home/airflow/.local/lib/python3.12/site-packages/airflow/example_dags/example_local_kubernetes_executor.py for tasks to queue
[2025-03-01T14:38:55.147+0000] {logging_mixin.py:190} INFO - [2025-03-01T14:38:55.147+0000] {dagbag.py:588} INFO - Filling up the DagBag from /home/airflow/.local/lib/python3.12/site-packages/airflow/example_dags/example_local_kubernetes_executor.py
[2025-03-01T14:38:55.157+0000] {processor.py:925} INFO - DAG(s) 'example_local_kubernetes_executor' retrieved from /home/airflow/.local/lib/python3.12/site-packages/airflow/example_dags/example_local_kubernetes_executor.py
[2025-03-01T14:38:55.251+0000] {logging_mixin.py:190} INFO - [2025-03-01T14:38:55.251+0000] {dag.py:3239} INFO - Sync 1 DAGs
[2025-03-01T14:38:55.297+0000] {logging_mixin.py:190} INFO - [2025-03-01T14:38:55.297+0000] {dag.py:4180} INFO - Setting next_dagrun for example_local_kubernetes_executor to None, run_after=None
[2025-03-01T14:38:55.356+0000] {processor.py:208} INFO - Processing /home/airflow/.local/lib/python3.12/site-packages/airflow/example_dags/example_local_kubernetes_executor.py took 0.218 seconds
[2025-03-01T14:39:25.579+0000] {processor.py:186} INFO - Started process (PID=2772) to work on /home/airflow/.local/lib/python3.12/site-packages/airflow/example_dags/example_local_kubernetes_executor.py
[2025-03-01T14:39:25.580+0000] {processor.py:914} INFO - Processing file /home/airflow/.local/lib/python3.12/site-packages/airflow/example_dags/example_local_kubernetes_executor.py for tasks to queue
[2025-03-01T14:39:25.582+0000] {logging_mixin.py:190} INFO - [2025-03-01T14:39:25.581+0000] {dagbag.py:588} INFO - Filling up the DagBag from /home/airflow/.local/lib/python3.12/site-packages/airflow/example_dags/example_local_kubernetes_executor.py
[2025-03-01T14:39:25.591+0000] {processor.py:925} INFO - DAG(s) 'example_local_kubernetes_executor' retrieved from /home/airflow/.local/lib/python3.12/site-packages/airflow/example_dags/example_local_kubernetes_executor.py
[2025-03-01T14:39:25.610+0000] {logging_mixin.py:190} INFO - [2025-03-01T14:39:25.610+0000] {dag.py:3239} INFO - Sync 1 DAGs
[2025-03-01T14:39:25.626+0000] {logging_mixin.py:190} INFO - [2025-03-01T14:39:25.625+0000] {dag.py:4180} INFO - Setting next_dagrun for example_local_kubernetes_executor to None, run_after=None
[2025-03-01T14:39:25.642+0000] {processor.py:208} INFO - Processing /home/airflow/.local/lib/python3.12/site-packages/airflow/example_dags/example_local_kubernetes_executor.py took 0.070 seconds
[2025-03-01T14:39:56.622+0000] {processor.py:186} INFO - Started process (PID=2826) to work on /home/airflow/.local/lib/python3.12/site-packages/airflow/example_dags/example_local_kubernetes_executor.py
[2025-03-01T14:39:56.623+0000] {processor.py:914} INFO - Processing file /home/airflow/.local/lib/python3.12/site-packages/airflow/example_dags/example_local_kubernetes_executor.py for tasks to queue
[2025-03-01T14:39:56.625+0000] {logging_mixin.py:190} INFO - [2025-03-01T14:39:56.625+0000] {dagbag.py:588} INFO - Filling up the DagBag from /home/airflow/.local/lib/python3.12/site-packages/airflow/example_dags/example_local_kubernetes_executor.py
[2025-03-01T14:39:56.634+0000] {processor.py:925} INFO - DAG(s) 'example_local_kubernetes_executor' retrieved from /home/airflow/.local/lib/python3.12/site-packages/airflow/example_dags/example_local_kubernetes_executor.py
[2025-03-01T14:39:56.653+0000] {logging_mixin.py:190} INFO - [2025-03-01T14:39:56.653+0000] {dag.py:3239} INFO - Sync 1 DAGs
[2025-03-01T14:39:56.667+0000] {logging_mixin.py:190} INFO - [2025-03-01T14:39:56.667+0000] {dag.py:4180} INFO - Setting next_dagrun for example_local_kubernetes_executor to None, run_after=None
[2025-03-01T14:39:56.682+0000] {processor.py:208} INFO - Processing /home/airflow/.local/lib/python3.12/site-packages/airflow/example_dags/example_local_kubernetes_executor.py took 0.065 seconds
[2025-03-01T14:40:27.712+0000] {processor.py:186} INFO - Started process (PID=2889) to work on /home/airflow/.local/lib/python3.12/site-packages/airflow/example_dags/example_local_kubernetes_executor.py
[2025-03-01T14:40:27.713+0000] {processor.py:914} INFO - Processing file /home/airflow/.local/lib/python3.12/site-packages/airflow/example_dags/example_local_kubernetes_executor.py for tasks to queue
[2025-03-01T14:40:27.715+0000] {logging_mixin.py:190} INFO - [2025-03-01T14:40:27.715+0000] {dagbag.py:588} INFO - Filling up the DagBag from /home/airflow/.local/lib/python3.12/site-packages/airflow/example_dags/example_local_kubernetes_executor.py
[2025-03-01T14:40:27.724+0000] {processor.py:925} INFO - DAG(s) 'example_local_kubernetes_executor' retrieved from /home/airflow/.local/lib/python3.12/site-packages/airflow/example_dags/example_local_kubernetes_executor.py
[2025-03-01T14:40:27.743+0000] {logging_mixin.py:190} INFO - [2025-03-01T14:40:27.743+0000] {dag.py:3239} INFO - Sync 1 DAGs
[2025-03-01T14:40:27.758+0000] {logging_mixin.py:190} INFO - [2025-03-01T14:40:27.758+0000] {dag.py:4180} INFO - Setting next_dagrun for example_local_kubernetes_executor to None, run_after=None
[2025-03-01T14:40:27.773+0000] {processor.py:208} INFO - Processing /home/airflow/.local/lib/python3.12/site-packages/airflow/example_dags/example_local_kubernetes_executor.py took 0.067 seconds
[2025-03-01T14:40:57.997+0000] {processor.py:186} INFO - Started process (PID=2948) to work on /home/airflow/.local/lib/python3.12/site-packages/airflow/example_dags/example_local_kubernetes_executor.py
[2025-03-01T14:40:57.998+0000] {processor.py:914} INFO - Processing file /home/airflow/.local/lib/python3.12/site-packages/airflow/example_dags/example_local_kubernetes_executor.py for tasks to queue
[2025-03-01T14:40:58.000+0000] {logging_mixin.py:190} INFO - [2025-03-01T14:40:58.000+0000] {dagbag.py:588} INFO - Filling up the DagBag from /home/airflow/.local/lib/python3.12/site-packages/airflow/example_dags/example_local_kubernetes_executor.py
[2025-03-01T14:40:58.010+0000] {processor.py:925} INFO - DAG(s) 'example_local_kubernetes_executor' retrieved from /home/airflow/.local/lib/python3.12/site-packages/airflow/example_dags/example_local_kubernetes_executor.py
[2025-03-01T14:40:58.030+0000] {logging_mixin.py:190} INFO - [2025-03-01T14:40:58.030+0000] {dag.py:3239} INFO - Sync 1 DAGs
[2025-03-01T14:40:58.046+0000] {logging_mixin.py:190} INFO - [2025-03-01T14:40:58.046+0000] {dag.py:4180} INFO - Setting next_dagrun for example_local_kubernetes_executor to None, run_after=None
[2025-03-01T14:40:58.063+0000] {processor.py:208} INFO - Processing /home/airflow/.local/lib/python3.12/site-packages/airflow/example_dags/example_local_kubernetes_executor.py took 0.071 seconds
[2025-03-01T14:41:28.650+0000] {processor.py:186} INFO - Started process (PID=3011) to work on /home/airflow/.local/lib/python3.12/site-packages/airflow/example_dags/example_local_kubernetes_executor.py
[2025-03-01T14:41:28.651+0000] {processor.py:914} INFO - Processing file /home/airflow/.local/lib/python3.12/site-packages/airflow/example_dags/example_local_kubernetes_executor.py for tasks to queue
[2025-03-01T14:41:28.653+0000] {logging_mixin.py:190} INFO - [2025-03-01T14:41:28.653+0000] {dagbag.py:588} INFO - Filling up the DagBag from /home/airflow/.local/lib/python3.12/site-packages/airflow/example_dags/example_local_kubernetes_executor.py
[2025-03-01T14:41:28.663+0000] {processor.py:925} INFO - DAG(s) 'example_local_kubernetes_executor' retrieved from /home/airflow/.local/lib/python3.12/site-packages/airflow/example_dags/example_local_kubernetes_executor.py
[2025-03-01T14:41:28.682+0000] {logging_mixin.py:190} INFO - [2025-03-01T14:41:28.682+0000] {dag.py:3239} INFO - Sync 1 DAGs
[2025-03-01T14:41:28.697+0000] {logging_mixin.py:190} INFO - [2025-03-01T14:41:28.697+0000] {dag.py:4180} INFO - Setting next_dagrun for example_local_kubernetes_executor to None, run_after=None
[2025-03-01T14:41:28.710+0000] {processor.py:208} INFO - Processing /home/airflow/.local/lib/python3.12/site-packages/airflow/example_dags/example_local_kubernetes_executor.py took 0.066 seconds
[2025-03-01T14:41:59.472+0000] {processor.py:186} INFO - Started process (PID=3074) to work on /home/airflow/.local/lib/python3.12/site-packages/airflow/example_dags/example_local_kubernetes_executor.py
[2025-03-01T14:41:59.472+0000] {processor.py:914} INFO - Processing file /home/airflow/.local/lib/python3.12/site-packages/airflow/example_dags/example_local_kubernetes_executor.py for tasks to queue
[2025-03-01T14:41:59.475+0000] {logging_mixin.py:190} INFO - [2025-03-01T14:41:59.474+0000] {dagbag.py:588} INFO - Filling up the DagBag from /home/airflow/.local/lib/python3.12/site-packages/airflow/example_dags/example_local_kubernetes_executor.py
[2025-03-01T14:41:59.484+0000] {processor.py:925} INFO - DAG(s) 'example_local_kubernetes_executor' retrieved from /home/airflow/.local/lib/python3.12/site-packages/airflow/example_dags/example_local_kubernetes_executor.py
[2025-03-01T14:41:59.504+0000] {logging_mixin.py:190} INFO - [2025-03-01T14:41:59.503+0000] {dag.py:3239} INFO - Sync 1 DAGs
[2025-03-01T14:41:59.517+0000] {logging_mixin.py:190} INFO - [2025-03-01T14:41:59.517+0000] {dag.py:4180} INFO - Setting next_dagrun for example_local_kubernetes_executor to None, run_after=None
[2025-03-01T14:41:59.531+0000] {processor.py:208} INFO - Processing /home/airflow/.local/lib/python3.12/site-packages/airflow/example_dags/example_local_kubernetes_executor.py took 0.065 seconds
[2025-03-01T14:42:30.084+0000] {processor.py:186} INFO - Started process (PID=3136) to work on /home/airflow/.local/lib/python3.12/site-packages/airflow/example_dags/example_local_kubernetes_executor.py
[2025-03-01T14:42:30.088+0000] {processor.py:914} INFO - Processing file /home/airflow/.local/lib/python3.12/site-packages/airflow/example_dags/example_local_kubernetes_executor.py for tasks to queue
[2025-03-01T14:42:30.090+0000] {logging_mixin.py:190} INFO - [2025-03-01T14:42:30.090+0000] {dagbag.py:588} INFO - Filling up the DagBag from /home/airflow/.local/lib/python3.12/site-packages/airflow/example_dags/example_local_kubernetes_executor.py
[2025-03-01T14:42:30.113+0000] {processor.py:925} INFO - DAG(s) 'example_local_kubernetes_executor' retrieved from /home/airflow/.local/lib/python3.12/site-packages/airflow/example_dags/example_local_kubernetes_executor.py
[2025-03-01T14:42:30.152+0000] {logging_mixin.py:190} INFO - [2025-03-01T14:42:30.152+0000] {dag.py:3239} INFO - Sync 1 DAGs
[2025-03-01T14:42:30.197+0000] {logging_mixin.py:190} INFO - [2025-03-01T14:42:30.197+0000] {dag.py:4180} INFO - Setting next_dagrun for example_local_kubernetes_executor to None, run_after=None
[2025-03-01T14:42:30.231+0000] {processor.py:208} INFO - Processing /home/airflow/.local/lib/python3.12/site-packages/airflow/example_dags/example_local_kubernetes_executor.py took 0.153 seconds
[2025-03-01T14:43:01.233+0000] {processor.py:186} INFO - Started process (PID=3199) to work on /home/airflow/.local/lib/python3.12/site-packages/airflow/example_dags/example_local_kubernetes_executor.py
[2025-03-01T14:43:01.243+0000] {processor.py:914} INFO - Processing file /home/airflow/.local/lib/python3.12/site-packages/airflow/example_dags/example_local_kubernetes_executor.py for tasks to queue
[2025-03-01T14:43:01.250+0000] {logging_mixin.py:190} INFO - [2025-03-01T14:43:01.250+0000] {dagbag.py:588} INFO - Filling up the DagBag from /home/airflow/.local/lib/python3.12/site-packages/airflow/example_dags/example_local_kubernetes_executor.py
[2025-03-01T14:43:01.264+0000] {processor.py:925} INFO - DAG(s) 'example_local_kubernetes_executor' retrieved from /home/airflow/.local/lib/python3.12/site-packages/airflow/example_dags/example_local_kubernetes_executor.py
[2025-03-01T14:43:01.289+0000] {logging_mixin.py:190} INFO - [2025-03-01T14:43:01.288+0000] {dag.py:3239} INFO - Sync 1 DAGs
[2025-03-01T14:43:01.304+0000] {logging_mixin.py:190} INFO - [2025-03-01T14:43:01.303+0000] {dag.py:4180} INFO - Setting next_dagrun for example_local_kubernetes_executor to None, run_after=None
[2025-03-01T14:43:01.320+0000] {processor.py:208} INFO - Processing /home/airflow/.local/lib/python3.12/site-packages/airflow/example_dags/example_local_kubernetes_executor.py took 0.106 seconds
[2025-03-01T14:43:31.413+0000] {processor.py:186} INFO - Started process (PID=3262) to work on /home/airflow/.local/lib/python3.12/site-packages/airflow/example_dags/example_local_kubernetes_executor.py
[2025-03-01T14:43:31.414+0000] {processor.py:914} INFO - Processing file /home/airflow/.local/lib/python3.12/site-packages/airflow/example_dags/example_local_kubernetes_executor.py for tasks to queue
[2025-03-01T14:43:31.415+0000] {logging_mixin.py:190} INFO - [2025-03-01T14:43:31.415+0000] {dagbag.py:588} INFO - Filling up the DagBag from /home/airflow/.local/lib/python3.12/site-packages/airflow/example_dags/example_local_kubernetes_executor.py
[2025-03-01T14:43:31.422+0000] {processor.py:925} INFO - DAG(s) 'example_local_kubernetes_executor' retrieved from /home/airflow/.local/lib/python3.12/site-packages/airflow/example_dags/example_local_kubernetes_executor.py
[2025-03-01T14:43:31.436+0000] {logging_mixin.py:190} INFO - [2025-03-01T14:43:31.436+0000] {dag.py:3239} INFO - Sync 1 DAGs
[2025-03-01T14:43:31.446+0000] {logging_mixin.py:190} INFO - [2025-03-01T14:43:31.446+0000] {dag.py:4180} INFO - Setting next_dagrun for example_local_kubernetes_executor to None, run_after=None
[2025-03-01T14:43:31.458+0000] {processor.py:208} INFO - Processing /home/airflow/.local/lib/python3.12/site-packages/airflow/example_dags/example_local_kubernetes_executor.py took 0.049 seconds
[2025-03-01T14:44:01.654+0000] {processor.py:186} INFO - Started process (PID=3325) to work on /home/airflow/.local/lib/python3.12/site-packages/airflow/example_dags/example_local_kubernetes_executor.py
[2025-03-01T14:44:01.655+0000] {processor.py:914} INFO - Processing file /home/airflow/.local/lib/python3.12/site-packages/airflow/example_dags/example_local_kubernetes_executor.py for tasks to queue
[2025-03-01T14:44:01.657+0000] {logging_mixin.py:190} INFO - [2025-03-01T14:44:01.657+0000] {dagbag.py:588} INFO - Filling up the DagBag from /home/airflow/.local/lib/python3.12/site-packages/airflow/example_dags/example_local_kubernetes_executor.py
[2025-03-01T14:44:01.667+0000] {processor.py:925} INFO - DAG(s) 'example_local_kubernetes_executor' retrieved from /home/airflow/.local/lib/python3.12/site-packages/airflow/example_dags/example_local_kubernetes_executor.py
[2025-03-01T14:44:01.689+0000] {logging_mixin.py:190} INFO - [2025-03-01T14:44:01.689+0000] {dag.py:3239} INFO - Sync 1 DAGs
[2025-03-01T14:44:01.704+0000] {logging_mixin.py:190} INFO - [2025-03-01T14:44:01.704+0000] {dag.py:4180} INFO - Setting next_dagrun for example_local_kubernetes_executor to None, run_after=None
[2025-03-01T14:44:01.720+0000] {processor.py:208} INFO - Processing /home/airflow/.local/lib/python3.12/site-packages/airflow/example_dags/example_local_kubernetes_executor.py took 0.071 seconds
[2025-03-01T14:44:32.338+0000] {processor.py:186} INFO - Started process (PID=3389) to work on /home/airflow/.local/lib/python3.12/site-packages/airflow/example_dags/example_local_kubernetes_executor.py
[2025-03-01T14:44:32.338+0000] {processor.py:914} INFO - Processing file /home/airflow/.local/lib/python3.12/site-packages/airflow/example_dags/example_local_kubernetes_executor.py for tasks to queue
[2025-03-01T14:44:32.341+0000] {logging_mixin.py:190} INFO - [2025-03-01T14:44:32.340+0000] {dagbag.py:588} INFO - Filling up the DagBag from /home/airflow/.local/lib/python3.12/site-packages/airflow/example_dags/example_local_kubernetes_executor.py
[2025-03-01T14:44:32.350+0000] {processor.py:925} INFO - DAG(s) 'example_local_kubernetes_executor' retrieved from /home/airflow/.local/lib/python3.12/site-packages/airflow/example_dags/example_local_kubernetes_executor.py
[2025-03-01T14:44:32.371+0000] {logging_mixin.py:190} INFO - [2025-03-01T14:44:32.371+0000] {dag.py:3239} INFO - Sync 1 DAGs
[2025-03-01T14:44:32.386+0000] {logging_mixin.py:190} INFO - [2025-03-01T14:44:32.386+0000] {dag.py:4180} INFO - Setting next_dagrun for example_local_kubernetes_executor to None, run_after=None
[2025-03-01T14:44:32.401+0000] {processor.py:208} INFO - Processing /home/airflow/.local/lib/python3.12/site-packages/airflow/example_dags/example_local_kubernetes_executor.py took 0.071 seconds
[2025-03-01T14:45:04.024+0000] {processor.py:186} INFO - Started process (PID=3457) to work on /home/airflow/.local/lib/python3.12/site-packages/airflow/example_dags/example_local_kubernetes_executor.py
[2025-03-01T14:45:04.065+0000] {processor.py:914} INFO - Processing file /home/airflow/.local/lib/python3.12/site-packages/airflow/example_dags/example_local_kubernetes_executor.py for tasks to queue
[2025-03-01T14:45:04.071+0000] {logging_mixin.py:190} INFO - [2025-03-01T14:45:04.070+0000] {dagbag.py:588} INFO - Filling up the DagBag from /home/airflow/.local/lib/python3.12/site-packages/airflow/example_dags/example_local_kubernetes_executor.py
[2025-03-01T14:45:04.104+0000] {processor.py:925} INFO - DAG(s) 'example_local_kubernetes_executor' retrieved from /home/airflow/.local/lib/python3.12/site-packages/airflow/example_dags/example_local_kubernetes_executor.py
[2025-03-01T14:45:04.202+0000] {logging_mixin.py:190} INFO - [2025-03-01T14:45:04.202+0000] {dag.py:3239} INFO - Sync 1 DAGs
[2025-03-01T14:45:04.249+0000] {logging_mixin.py:190} INFO - [2025-03-01T14:45:04.248+0000] {dag.py:4180} INFO - Setting next_dagrun for example_local_kubernetes_executor to None, run_after=None
[2025-03-01T14:45:04.306+0000] {processor.py:208} INFO - Processing /home/airflow/.local/lib/python3.12/site-packages/airflow/example_dags/example_local_kubernetes_executor.py took 0.287 seconds
[2025-03-01T14:45:35.003+0000] {processor.py:186} INFO - Started process (PID=3520) to work on /home/airflow/.local/lib/python3.12/site-packages/airflow/example_dags/example_local_kubernetes_executor.py
[2025-03-01T14:45:35.006+0000] {processor.py:914} INFO - Processing file /home/airflow/.local/lib/python3.12/site-packages/airflow/example_dags/example_local_kubernetes_executor.py for tasks to queue
[2025-03-01T14:45:35.008+0000] {logging_mixin.py:190} INFO - [2025-03-01T14:45:35.008+0000] {dagbag.py:588} INFO - Filling up the DagBag from /home/airflow/.local/lib/python3.12/site-packages/airflow/example_dags/example_local_kubernetes_executor.py
[2025-03-01T14:45:35.017+0000] {processor.py:925} INFO - DAG(s) 'example_local_kubernetes_executor' retrieved from /home/airflow/.local/lib/python3.12/site-packages/airflow/example_dags/example_local_kubernetes_executor.py
[2025-03-01T14:45:35.070+0000] {logging_mixin.py:190} INFO - [2025-03-01T14:45:35.069+0000] {dag.py:3239} INFO - Sync 1 DAGs
[2025-03-01T14:45:35.095+0000] {logging_mixin.py:190} INFO - [2025-03-01T14:45:35.095+0000] {dag.py:4180} INFO - Setting next_dagrun for example_local_kubernetes_executor to None, run_after=None
[2025-03-01T14:45:35.129+0000] {processor.py:208} INFO - Processing /home/airflow/.local/lib/python3.12/site-packages/airflow/example_dags/example_local_kubernetes_executor.py took 0.132 seconds
[2025-03-01T14:46:08.768+0000] {processor.py:186} INFO - Started process (PID=3583) to work on /home/airflow/.local/lib/python3.12/site-packages/airflow/example_dags/example_local_kubernetes_executor.py
[2025-03-01T14:46:08.774+0000] {processor.py:914} INFO - Processing file /home/airflow/.local/lib/python3.12/site-packages/airflow/example_dags/example_local_kubernetes_executor.py for tasks to queue
[2025-03-01T14:46:08.791+0000] {logging_mixin.py:190} INFO - [2025-03-01T14:46:08.790+0000] {dagbag.py:588} INFO - Filling up the DagBag from /home/airflow/.local/lib/python3.12/site-packages/airflow/example_dags/example_local_kubernetes_executor.py
[2025-03-01T14:46:08.847+0000] {processor.py:925} INFO - DAG(s) 'example_local_kubernetes_executor' retrieved from /home/airflow/.local/lib/python3.12/site-packages/airflow/example_dags/example_local_kubernetes_executor.py
[2025-03-01T14:46:08.909+0000] {logging_mixin.py:190} INFO - [2025-03-01T14:46:08.909+0000] {dag.py:3239} INFO - Sync 1 DAGs
[2025-03-01T14:46:08.926+0000] {logging_mixin.py:190} INFO - [2025-03-01T14:46:08.925+0000] {dag.py:4180} INFO - Setting next_dagrun for example_local_kubernetes_executor to None, run_after=None
[2025-03-01T14:46:09.116+0000] {processor.py:208} INFO - Processing /home/airflow/.local/lib/python3.12/site-packages/airflow/example_dags/example_local_kubernetes_executor.py took 0.381 seconds
[2025-03-01T14:46:49.057+0000] {processor.py:186} INFO - Started process (PID=3642) to work on /home/airflow/.local/lib/python3.12/site-packages/airflow/example_dags/example_local_kubernetes_executor.py
[2025-03-01T14:46:49.062+0000] {processor.py:914} INFO - Processing file /home/airflow/.local/lib/python3.12/site-packages/airflow/example_dags/example_local_kubernetes_executor.py for tasks to queue
[2025-03-01T14:46:49.076+0000] {logging_mixin.py:190} INFO - [2025-03-01T14:46:49.070+0000] {dagbag.py:588} INFO - Filling up the DagBag from /home/airflow/.local/lib/python3.12/site-packages/airflow/example_dags/example_local_kubernetes_executor.py
[2025-03-01T14:46:49.139+0000] {processor.py:925} INFO - DAG(s) 'example_local_kubernetes_executor' retrieved from /home/airflow/.local/lib/python3.12/site-packages/airflow/example_dags/example_local_kubernetes_executor.py
[2025-03-01T14:46:49.324+0000] {logging_mixin.py:190} INFO - [2025-03-01T14:46:49.324+0000] {dag.py:3239} INFO - Sync 1 DAGs
[2025-03-01T14:46:49.499+0000] {logging_mixin.py:190} INFO - [2025-03-01T14:46:49.485+0000] {dag.py:4180} INFO - Setting next_dagrun for example_local_kubernetes_executor to None, run_after=None
[2025-03-01T14:46:49.662+0000] {processor.py:208} INFO - Processing /home/airflow/.local/lib/python3.12/site-packages/airflow/example_dags/example_local_kubernetes_executor.py took 0.655 seconds
[2025-03-01T14:47:32.378+0000] {processor.py:186} INFO - Started process (PID=3705) to work on /home/airflow/.local/lib/python3.12/site-packages/airflow/example_dags/example_local_kubernetes_executor.py
[2025-03-01T14:47:32.383+0000] {processor.py:914} INFO - Processing file /home/airflow/.local/lib/python3.12/site-packages/airflow/example_dags/example_local_kubernetes_executor.py for tasks to queue
[2025-03-01T14:47:32.386+0000] {logging_mixin.py:190} INFO - [2025-03-01T14:47:32.386+0000] {dagbag.py:588} INFO - Filling up the DagBag from /home/airflow/.local/lib/python3.12/site-packages/airflow/example_dags/example_local_kubernetes_executor.py
[2025-03-01T14:47:32.417+0000] {processor.py:925} INFO - DAG(s) 'example_local_kubernetes_executor' retrieved from /home/airflow/.local/lib/python3.12/site-packages/airflow/example_dags/example_local_kubernetes_executor.py
[2025-03-01T14:47:32.503+0000] {logging_mixin.py:190} INFO - [2025-03-01T14:47:32.503+0000] {dag.py:3239} INFO - Sync 1 DAGs
[2025-03-01T14:47:32.560+0000] {logging_mixin.py:190} INFO - [2025-03-01T14:47:32.560+0000] {dag.py:4180} INFO - Setting next_dagrun for example_local_kubernetes_executor to None, run_after=None
[2025-03-01T14:47:32.640+0000] {processor.py:208} INFO - Processing /home/airflow/.local/lib/python3.12/site-packages/airflow/example_dags/example_local_kubernetes_executor.py took 0.292 seconds
[2025-03-01T14:48:03.423+0000] {processor.py:186} INFO - Started process (PID=3767) to work on /home/airflow/.local/lib/python3.12/site-packages/airflow/example_dags/example_local_kubernetes_executor.py
[2025-03-01T14:48:03.432+0000] {processor.py:914} INFO - Processing file /home/airflow/.local/lib/python3.12/site-packages/airflow/example_dags/example_local_kubernetes_executor.py for tasks to queue
[2025-03-01T14:48:03.434+0000] {logging_mixin.py:190} INFO - [2025-03-01T14:48:03.434+0000] {dagbag.py:588} INFO - Filling up the DagBag from /home/airflow/.local/lib/python3.12/site-packages/airflow/example_dags/example_local_kubernetes_executor.py
[2025-03-01T14:48:03.483+0000] {processor.py:925} INFO - DAG(s) 'example_local_kubernetes_executor' retrieved from /home/airflow/.local/lib/python3.12/site-packages/airflow/example_dags/example_local_kubernetes_executor.py
[2025-03-01T14:48:03.558+0000] {logging_mixin.py:190} INFO - [2025-03-01T14:48:03.558+0000] {dag.py:3239} INFO - Sync 1 DAGs
[2025-03-01T14:48:03.606+0000] {logging_mixin.py:190} INFO - [2025-03-01T14:48:03.606+0000] {dag.py:4180} INFO - Setting next_dagrun for example_local_kubernetes_executor to None, run_after=None
[2025-03-01T14:48:03.674+0000] {processor.py:208} INFO - Processing /home/airflow/.local/lib/python3.12/site-packages/airflow/example_dags/example_local_kubernetes_executor.py took 0.267 seconds
