[2025-03-01T14:17:50.512+0000] {processor.py:186} INFO - Started process (PID=101) to work on /home/airflow/.local/lib/python3.12/site-packages/airflow/example_dags/example_dataset_alias_with_no_taskflow.py
[2025-03-01T14:17:50.525+0000] {processor.py:914} INFO - Processing file /home/airflow/.local/lib/python3.12/site-packages/airflow/example_dags/example_dataset_alias_with_no_taskflow.py for tasks to queue
[2025-03-01T14:17:50.535+0000] {logging_mixin.py:190} INFO - [2025-03-01T14:17:50.534+0000] {dagbag.py:588} INFO - Filling up the DagBag from /home/airflow/.local/lib/python3.12/site-packages/airflow/example_dags/example_dataset_alias_with_no_taskflow.py
[2025-03-01T14:17:52.607+0000] {processor.py:925} INFO - DAG(s) 'dataset_s3_bucket_consumer_with_no_taskflow', 'dataset_s3_bucket_producer_with_no_taskflow', 'dataset_alias_example_alias_consumer_with_no_taskflow', 'dataset_alias_example_alias_producer_with_no_taskflow' retrieved from /home/airflow/.local/lib/python3.12/site-packages/airflow/example_dags/example_dataset_alias_with_no_taskflow.py
[2025-03-01T14:17:52.801+0000] {logging_mixin.py:190} INFO - [2025-03-01T14:17:52.798+0000] {override.py:1912} INFO - Created Permission View: can edit on DAG:dataset_s3_bucket_consumer_with_no_taskflow
[2025-03-01T14:17:52.812+0000] {logging_mixin.py:190} INFO - [2025-03-01T14:17:52.812+0000] {override.py:1912} INFO - Created Permission View: can read on DAG:dataset_s3_bucket_consumer_with_no_taskflow
[2025-03-01T14:17:52.822+0000] {logging_mixin.py:190} INFO - [2025-03-01T14:17:52.822+0000] {override.py:1912} INFO - Created Permission View: can delete on DAG:dataset_s3_bucket_consumer_with_no_taskflow
[2025-03-01T14:17:52.832+0000] {logging_mixin.py:190} INFO - [2025-03-01T14:17:52.832+0000] {override.py:1912} INFO - Created Permission View: menu access on DAG Run:dataset_s3_bucket_consumer_with_no_taskflow
[2025-03-01T14:17:52.844+0000] {logging_mixin.py:190} INFO - [2025-03-01T14:17:52.843+0000] {override.py:1912} INFO - Created Permission View: can read on DAG Run:dataset_s3_bucket_consumer_with_no_taskflow
[2025-03-01T14:17:52.862+0000] {logging_mixin.py:190} INFO - [2025-03-01T14:17:52.862+0000] {override.py:1912} INFO - Created Permission View: can create on DAG Run:dataset_s3_bucket_consumer_with_no_taskflow
[2025-03-01T14:17:52.878+0000] {logging_mixin.py:190} INFO - [2025-03-01T14:17:52.878+0000] {override.py:1912} INFO - Created Permission View: can delete on DAG Run:dataset_s3_bucket_consumer_with_no_taskflow
[2025-03-01T14:17:52.911+0000] {logging_mixin.py:190} INFO - [2025-03-01T14:17:52.911+0000] {override.py:1912} INFO - Created Permission View: can edit on DAG:dataset_s3_bucket_producer_with_no_taskflow
[2025-03-01T14:17:52.917+0000] {logging_mixin.py:190} INFO - [2025-03-01T14:17:52.917+0000] {override.py:1912} INFO - Created Permission View: can read on DAG:dataset_s3_bucket_producer_with_no_taskflow
[2025-03-01T14:17:52.932+0000] {logging_mixin.py:190} INFO - [2025-03-01T14:17:52.932+0000] {override.py:1912} INFO - Created Permission View: can delete on DAG:dataset_s3_bucket_producer_with_no_taskflow
[2025-03-01T14:17:52.942+0000] {logging_mixin.py:190} INFO - [2025-03-01T14:17:52.942+0000] {override.py:1912} INFO - Created Permission View: menu access on DAG Run:dataset_s3_bucket_producer_with_no_taskflow
[2025-03-01T14:17:52.951+0000] {logging_mixin.py:190} INFO - [2025-03-01T14:17:52.951+0000] {override.py:1912} INFO - Created Permission View: can read on DAG Run:dataset_s3_bucket_producer_with_no_taskflow
[2025-03-01T14:17:52.966+0000] {logging_mixin.py:190} INFO - [2025-03-01T14:17:52.966+0000] {override.py:1912} INFO - Created Permission View: can create on DAG Run:dataset_s3_bucket_producer_with_no_taskflow
[2025-03-01T14:17:52.987+0000] {logging_mixin.py:190} INFO - [2025-03-01T14:17:52.987+0000] {override.py:1912} INFO - Created Permission View: can delete on DAG Run:dataset_s3_bucket_producer_with_no_taskflow
[2025-03-01T14:17:53.024+0000] {logging_mixin.py:190} INFO - [2025-03-01T14:17:53.023+0000] {override.py:1912} INFO - Created Permission View: can edit on DAG:dataset_alias_example_alias_consumer_with_no_taskflow
[2025-03-01T14:17:53.038+0000] {logging_mixin.py:190} INFO - [2025-03-01T14:17:53.038+0000] {override.py:1912} INFO - Created Permission View: can read on DAG:dataset_alias_example_alias_consumer_with_no_taskflow
[2025-03-01T14:17:53.072+0000] {logging_mixin.py:190} INFO - [2025-03-01T14:17:53.072+0000] {override.py:1912} INFO - Created Permission View: can delete on DAG:dataset_alias_example_alias_consumer_with_no_taskflow
[2025-03-01T14:17:53.080+0000] {logging_mixin.py:190} INFO - [2025-03-01T14:17:53.080+0000] {override.py:1912} INFO - Created Permission View: menu access on DAG Run:dataset_alias_example_alias_consumer_with_no_taskflow
[2025-03-01T14:17:53.087+0000] {logging_mixin.py:190} INFO - [2025-03-01T14:17:53.085+0000] {override.py:1912} INFO - Created Permission View: can read on DAG Run:dataset_alias_example_alias_consumer_with_no_taskflow
[2025-03-01T14:17:53.092+0000] {logging_mixin.py:190} INFO - [2025-03-01T14:17:53.092+0000] {override.py:1912} INFO - Created Permission View: can create on DAG Run:dataset_alias_example_alias_consumer_with_no_taskflow
[2025-03-01T14:17:53.103+0000] {logging_mixin.py:190} INFO - [2025-03-01T14:17:53.103+0000] {override.py:1912} INFO - Created Permission View: can delete on DAG Run:dataset_alias_example_alias_consumer_with_no_taskflow
[2025-03-01T14:17:53.116+0000] {logging_mixin.py:190} INFO - [2025-03-01T14:17:53.115+0000] {override.py:1912} INFO - Created Permission View: can edit on DAG:dataset_alias_example_alias_producer_with_no_taskflow
[2025-03-01T14:17:53.135+0000] {logging_mixin.py:190} INFO - [2025-03-01T14:17:53.135+0000] {override.py:1912} INFO - Created Permission View: can read on DAG:dataset_alias_example_alias_producer_with_no_taskflow
[2025-03-01T14:17:53.145+0000] {logging_mixin.py:190} INFO - [2025-03-01T14:17:53.144+0000] {override.py:1912} INFO - Created Permission View: can delete on DAG:dataset_alias_example_alias_producer_with_no_taskflow
[2025-03-01T14:17:53.151+0000] {logging_mixin.py:190} INFO - [2025-03-01T14:17:53.151+0000] {override.py:1912} INFO - Created Permission View: menu access on DAG Run:dataset_alias_example_alias_producer_with_no_taskflow
[2025-03-01T14:17:53.158+0000] {logging_mixin.py:190} INFO - [2025-03-01T14:17:53.158+0000] {override.py:1912} INFO - Created Permission View: can read on DAG Run:dataset_alias_example_alias_producer_with_no_taskflow
[2025-03-01T14:17:53.163+0000] {logging_mixin.py:190} INFO - [2025-03-01T14:17:53.163+0000] {override.py:1912} INFO - Created Permission View: can create on DAG Run:dataset_alias_example_alias_producer_with_no_taskflow
[2025-03-01T14:17:53.169+0000] {logging_mixin.py:190} INFO - [2025-03-01T14:17:53.168+0000] {override.py:1912} INFO - Created Permission View: can delete on DAG Run:dataset_alias_example_alias_producer_with_no_taskflow
[2025-03-01T14:17:53.169+0000] {logging_mixin.py:190} INFO - [2025-03-01T14:17:53.169+0000] {dag.py:3239} INFO - Sync 4 DAGs
[2025-03-01T14:17:53.184+0000] {logging_mixin.py:190} INFO - [2025-03-01T14:17:53.184+0000] {dag.py:3262} INFO - Creating ORM DAG for dataset_s3_bucket_consumer_with_no_taskflow
[2025-03-01T14:17:53.185+0000] {logging_mixin.py:190} INFO - [2025-03-01T14:17:53.185+0000] {dag.py:3262} INFO - Creating ORM DAG for dataset_alias_example_alias_consumer_with_no_taskflow
[2025-03-01T14:17:53.186+0000] {logging_mixin.py:190} INFO - [2025-03-01T14:17:53.185+0000] {dag.py:3262} INFO - Creating ORM DAG for dataset_alias_example_alias_producer_with_no_taskflow
[2025-03-01T14:17:53.186+0000] {logging_mixin.py:190} INFO - [2025-03-01T14:17:53.186+0000] {dag.py:3262} INFO - Creating ORM DAG for dataset_s3_bucket_producer_with_no_taskflow
[2025-03-01T14:17:53.197+0000] {logging_mixin.py:190} INFO - [2025-03-01T14:17:53.197+0000] {dag.py:4180} INFO - Setting next_dagrun for dataset_alias_example_alias_consumer_with_no_taskflow to None, run_after=None
[2025-03-01T14:17:53.198+0000] {logging_mixin.py:190} INFO - [2025-03-01T14:17:53.197+0000] {dag.py:4180} INFO - Setting next_dagrun for dataset_alias_example_alias_producer_with_no_taskflow to None, run_after=None
[2025-03-01T14:17:53.198+0000] {logging_mixin.py:190} INFO - [2025-03-01T14:17:53.198+0000] {dag.py:4180} INFO - Setting next_dagrun for dataset_s3_bucket_consumer_with_no_taskflow to None, run_after=None
[2025-03-01T14:17:53.199+0000] {logging_mixin.py:190} INFO - [2025-03-01T14:17:53.199+0000] {dag.py:4180} INFO - Setting next_dagrun for dataset_s3_bucket_producer_with_no_taskflow to None, run_after=None
[2025-03-01T14:17:53.253+0000] {processor.py:208} INFO - Processing /home/airflow/.local/lib/python3.12/site-packages/airflow/example_dags/example_dataset_alias_with_no_taskflow.py took 2.747 seconds
[2025-03-01T14:18:23.395+0000] {processor.py:186} INFO - Started process (PID=165) to work on /home/airflow/.local/lib/python3.12/site-packages/airflow/example_dags/example_dataset_alias_with_no_taskflow.py
[2025-03-01T14:18:23.396+0000] {processor.py:914} INFO - Processing file /home/airflow/.local/lib/python3.12/site-packages/airflow/example_dags/example_dataset_alias_with_no_taskflow.py for tasks to queue
[2025-03-01T14:18:23.397+0000] {logging_mixin.py:190} INFO - [2025-03-01T14:18:23.397+0000] {dagbag.py:588} INFO - Filling up the DagBag from /home/airflow/.local/lib/python3.12/site-packages/airflow/example_dags/example_dataset_alias_with_no_taskflow.py
[2025-03-01T14:18:23.858+0000] {processor.py:925} INFO - DAG(s) 'dataset_s3_bucket_producer_with_no_taskflow', 'dataset_s3_bucket_consumer_with_no_taskflow', 'dataset_alias_example_alias_producer_with_no_taskflow', 'dataset_alias_example_alias_consumer_with_no_taskflow' retrieved from /home/airflow/.local/lib/python3.12/site-packages/airflow/example_dags/example_dataset_alias_with_no_taskflow.py
[2025-03-01T14:18:23.874+0000] {logging_mixin.py:190} INFO - [2025-03-01T14:18:23.873+0000] {dag.py:3239} INFO - Sync 4 DAGs
[2025-03-01T14:18:23.891+0000] {logging_mixin.py:190} INFO - [2025-03-01T14:18:23.891+0000] {dag.py:4180} INFO - Setting next_dagrun for dataset_alias_example_alias_consumer_with_no_taskflow to None, run_after=None
[2025-03-01T14:18:23.893+0000] {logging_mixin.py:190} INFO - [2025-03-01T14:18:23.892+0000] {dag.py:4180} INFO - Setting next_dagrun for dataset_alias_example_alias_producer_with_no_taskflow to None, run_after=None
[2025-03-01T14:18:23.894+0000] {logging_mixin.py:190} INFO - [2025-03-01T14:18:23.894+0000] {dag.py:4180} INFO - Setting next_dagrun for dataset_s3_bucket_consumer_with_no_taskflow to None, run_after=None
[2025-03-01T14:18:23.895+0000] {logging_mixin.py:190} INFO - [2025-03-01T14:18:23.895+0000] {dag.py:4180} INFO - Setting next_dagrun for dataset_s3_bucket_producer_with_no_taskflow to None, run_after=None
[2025-03-01T14:18:23.910+0000] {processor.py:208} INFO - Processing /home/airflow/.local/lib/python3.12/site-packages/airflow/example_dags/example_dataset_alias_with_no_taskflow.py took 0.519 seconds
[2025-03-01T14:18:54.175+0000] {processor.py:186} INFO - Started process (PID=228) to work on /home/airflow/.local/lib/python3.12/site-packages/airflow/example_dags/example_dataset_alias_with_no_taskflow.py
[2025-03-01T14:18:54.176+0000] {processor.py:914} INFO - Processing file /home/airflow/.local/lib/python3.12/site-packages/airflow/example_dags/example_dataset_alias_with_no_taskflow.py for tasks to queue
[2025-03-01T14:18:54.178+0000] {logging_mixin.py:190} INFO - [2025-03-01T14:18:54.178+0000] {dagbag.py:588} INFO - Filling up the DagBag from /home/airflow/.local/lib/python3.12/site-packages/airflow/example_dags/example_dataset_alias_with_no_taskflow.py
[2025-03-01T14:18:54.673+0000] {processor.py:925} INFO - DAG(s) 'dataset_alias_example_alias_consumer_with_no_taskflow', 'dataset_alias_example_alias_producer_with_no_taskflow', 'dataset_s3_bucket_consumer_with_no_taskflow', 'dataset_s3_bucket_producer_with_no_taskflow' retrieved from /home/airflow/.local/lib/python3.12/site-packages/airflow/example_dags/example_dataset_alias_with_no_taskflow.py
[2025-03-01T14:18:54.695+0000] {logging_mixin.py:190} INFO - [2025-03-01T14:18:54.695+0000] {dag.py:3239} INFO - Sync 4 DAGs
[2025-03-01T14:18:54.735+0000] {logging_mixin.py:190} INFO - [2025-03-01T14:18:54.734+0000] {dag.py:4180} INFO - Setting next_dagrun for dataset_alias_example_alias_consumer_with_no_taskflow to None, run_after=None
[2025-03-01T14:18:54.741+0000] {logging_mixin.py:190} INFO - [2025-03-01T14:18:54.741+0000] {dag.py:4180} INFO - Setting next_dagrun for dataset_alias_example_alias_producer_with_no_taskflow to None, run_after=None
[2025-03-01T14:18:54.748+0000] {logging_mixin.py:190} INFO - [2025-03-01T14:18:54.748+0000] {dag.py:4180} INFO - Setting next_dagrun for dataset_s3_bucket_consumer_with_no_taskflow to None, run_after=None
[2025-03-01T14:18:54.755+0000] {logging_mixin.py:190} INFO - [2025-03-01T14:18:54.750+0000] {dag.py:4180} INFO - Setting next_dagrun for dataset_s3_bucket_producer_with_no_taskflow to None, run_after=None
[2025-03-01T14:18:54.776+0000] {processor.py:208} INFO - Processing /home/airflow/.local/lib/python3.12/site-packages/airflow/example_dags/example_dataset_alias_with_no_taskflow.py took 0.606 seconds
[2025-03-01T14:19:25.147+0000] {processor.py:186} INFO - Started process (PID=291) to work on /home/airflow/.local/lib/python3.12/site-packages/airflow/example_dags/example_dataset_alias_with_no_taskflow.py
[2025-03-01T14:19:25.148+0000] {processor.py:914} INFO - Processing file /home/airflow/.local/lib/python3.12/site-packages/airflow/example_dags/example_dataset_alias_with_no_taskflow.py for tasks to queue
[2025-03-01T14:19:25.150+0000] {logging_mixin.py:190} INFO - [2025-03-01T14:19:25.150+0000] {dagbag.py:588} INFO - Filling up the DagBag from /home/airflow/.local/lib/python3.12/site-packages/airflow/example_dags/example_dataset_alias_with_no_taskflow.py
[2025-03-01T14:19:25.659+0000] {processor.py:925} INFO - DAG(s) 'dataset_s3_bucket_consumer_with_no_taskflow', 'dataset_s3_bucket_producer_with_no_taskflow', 'dataset_alias_example_alias_producer_with_no_taskflow', 'dataset_alias_example_alias_consumer_with_no_taskflow' retrieved from /home/airflow/.local/lib/python3.12/site-packages/airflow/example_dags/example_dataset_alias_with_no_taskflow.py
[2025-03-01T14:19:25.674+0000] {logging_mixin.py:190} INFO - [2025-03-01T14:19:25.674+0000] {dag.py:3239} INFO - Sync 4 DAGs
[2025-03-01T14:19:25.693+0000] {logging_mixin.py:190} INFO - [2025-03-01T14:19:25.693+0000] {dag.py:4180} INFO - Setting next_dagrun for dataset_alias_example_alias_consumer_with_no_taskflow to None, run_after=None
[2025-03-01T14:19:25.695+0000] {logging_mixin.py:190} INFO - [2025-03-01T14:19:25.695+0000] {dag.py:4180} INFO - Setting next_dagrun for dataset_alias_example_alias_producer_with_no_taskflow to None, run_after=None
[2025-03-01T14:19:25.696+0000] {logging_mixin.py:190} INFO - [2025-03-01T14:19:25.696+0000] {dag.py:4180} INFO - Setting next_dagrun for dataset_s3_bucket_consumer_with_no_taskflow to None, run_after=None
[2025-03-01T14:19:25.697+0000] {logging_mixin.py:190} INFO - [2025-03-01T14:19:25.697+0000] {dag.py:4180} INFO - Setting next_dagrun for dataset_s3_bucket_producer_with_no_taskflow to None, run_after=None
[2025-03-01T14:19:25.711+0000] {processor.py:208} INFO - Processing /home/airflow/.local/lib/python3.12/site-packages/airflow/example_dags/example_dataset_alias_with_no_taskflow.py took 0.569 seconds
[2025-03-01T14:19:55.768+0000] {processor.py:186} INFO - Started process (PID=355) to work on /home/airflow/.local/lib/python3.12/site-packages/airflow/example_dags/example_dataset_alias_with_no_taskflow.py
[2025-03-01T14:19:55.769+0000] {processor.py:914} INFO - Processing file /home/airflow/.local/lib/python3.12/site-packages/airflow/example_dags/example_dataset_alias_with_no_taskflow.py for tasks to queue
[2025-03-01T14:19:55.771+0000] {logging_mixin.py:190} INFO - [2025-03-01T14:19:55.771+0000] {dagbag.py:588} INFO - Filling up the DagBag from /home/airflow/.local/lib/python3.12/site-packages/airflow/example_dags/example_dataset_alias_with_no_taskflow.py
[2025-03-01T14:19:56.494+0000] {processor.py:925} INFO - DAG(s) 'dataset_s3_bucket_producer_with_no_taskflow', 'dataset_alias_example_alias_consumer_with_no_taskflow', 'dataset_alias_example_alias_producer_with_no_taskflow', 'dataset_s3_bucket_consumer_with_no_taskflow' retrieved from /home/airflow/.local/lib/python3.12/site-packages/airflow/example_dags/example_dataset_alias_with_no_taskflow.py
[2025-03-01T14:19:56.530+0000] {logging_mixin.py:190} INFO - [2025-03-01T14:19:56.529+0000] {dag.py:3239} INFO - Sync 4 DAGs
[2025-03-01T14:19:56.556+0000] {logging_mixin.py:190} INFO - [2025-03-01T14:19:56.556+0000] {dag.py:4180} INFO - Setting next_dagrun for dataset_alias_example_alias_consumer_with_no_taskflow to None, run_after=None
[2025-03-01T14:19:56.559+0000] {logging_mixin.py:190} INFO - [2025-03-01T14:19:56.559+0000] {dag.py:4180} INFO - Setting next_dagrun for dataset_alias_example_alias_producer_with_no_taskflow to None, run_after=None
[2025-03-01T14:19:56.562+0000] {logging_mixin.py:190} INFO - [2025-03-01T14:19:56.562+0000] {dag.py:4180} INFO - Setting next_dagrun for dataset_s3_bucket_consumer_with_no_taskflow to None, run_after=None
[2025-03-01T14:19:56.564+0000] {logging_mixin.py:190} INFO - [2025-03-01T14:19:56.563+0000] {dag.py:4180} INFO - Setting next_dagrun for dataset_s3_bucket_producer_with_no_taskflow to None, run_after=None
[2025-03-01T14:19:56.584+0000] {processor.py:208} INFO - Processing /home/airflow/.local/lib/python3.12/site-packages/airflow/example_dags/example_dataset_alias_with_no_taskflow.py took 0.822 seconds
[2025-03-01T14:20:26.713+0000] {processor.py:186} INFO - Started process (PID=418) to work on /home/airflow/.local/lib/python3.12/site-packages/airflow/example_dags/example_dataset_alias_with_no_taskflow.py
[2025-03-01T14:20:26.715+0000] {processor.py:914} INFO - Processing file /home/airflow/.local/lib/python3.12/site-packages/airflow/example_dags/example_dataset_alias_with_no_taskflow.py for tasks to queue
[2025-03-01T14:20:26.718+0000] {logging_mixin.py:190} INFO - [2025-03-01T14:20:26.718+0000] {dagbag.py:588} INFO - Filling up the DagBag from /home/airflow/.local/lib/python3.12/site-packages/airflow/example_dags/example_dataset_alias_with_no_taskflow.py
[2025-03-01T14:20:28.759+0000] {processor.py:925} INFO - DAG(s) 'dataset_s3_bucket_consumer_with_no_taskflow', 'dataset_alias_example_alias_consumer_with_no_taskflow', 'dataset_s3_bucket_producer_with_no_taskflow', 'dataset_alias_example_alias_producer_with_no_taskflow' retrieved from /home/airflow/.local/lib/python3.12/site-packages/airflow/example_dags/example_dataset_alias_with_no_taskflow.py
[2025-03-01T14:20:28.848+0000] {logging_mixin.py:190} INFO - [2025-03-01T14:20:28.847+0000] {dag.py:3239} INFO - Sync 4 DAGs
[2025-03-01T14:20:28.934+0000] {logging_mixin.py:190} INFO - [2025-03-01T14:20:28.934+0000] {dag.py:4180} INFO - Setting next_dagrun for dataset_alias_example_alias_consumer_with_no_taskflow to None, run_after=None
[2025-03-01T14:20:28.942+0000] {logging_mixin.py:190} INFO - [2025-03-01T14:20:28.942+0000] {dag.py:4180} INFO - Setting next_dagrun for dataset_alias_example_alias_producer_with_no_taskflow to None, run_after=None
[2025-03-01T14:20:28.959+0000] {logging_mixin.py:190} INFO - [2025-03-01T14:20:28.959+0000] {dag.py:4180} INFO - Setting next_dagrun for dataset_s3_bucket_consumer_with_no_taskflow to None, run_after=None
[2025-03-01T14:20:28.970+0000] {logging_mixin.py:190} INFO - [2025-03-01T14:20:28.970+0000] {dag.py:4180} INFO - Setting next_dagrun for dataset_s3_bucket_producer_with_no_taskflow to None, run_after=None
[2025-03-01T14:20:29.039+0000] {processor.py:208} INFO - Processing /home/airflow/.local/lib/python3.12/site-packages/airflow/example_dags/example_dataset_alias_with_no_taskflow.py took 2.348 seconds
[2025-03-01T14:20:59.754+0000] {processor.py:186} INFO - Started process (PID=487) to work on /home/airflow/.local/lib/python3.12/site-packages/airflow/example_dags/example_dataset_alias_with_no_taskflow.py
[2025-03-01T14:20:59.761+0000] {processor.py:914} INFO - Processing file /home/airflow/.local/lib/python3.12/site-packages/airflow/example_dags/example_dataset_alias_with_no_taskflow.py for tasks to queue
[2025-03-01T14:20:59.763+0000] {logging_mixin.py:190} INFO - [2025-03-01T14:20:59.763+0000] {dagbag.py:588} INFO - Filling up the DagBag from /home/airflow/.local/lib/python3.12/site-packages/airflow/example_dags/example_dataset_alias_with_no_taskflow.py
[2025-03-01T14:21:01.132+0000] {processor.py:925} INFO - DAG(s) 'dataset_alias_example_alias_consumer_with_no_taskflow', 'dataset_s3_bucket_producer_with_no_taskflow', 'dataset_s3_bucket_consumer_with_no_taskflow', 'dataset_alias_example_alias_producer_with_no_taskflow' retrieved from /home/airflow/.local/lib/python3.12/site-packages/airflow/example_dags/example_dataset_alias_with_no_taskflow.py
[2025-03-01T14:21:01.173+0000] {logging_mixin.py:190} INFO - [2025-03-01T14:21:01.172+0000] {dag.py:3239} INFO - Sync 4 DAGs
[2025-03-01T14:21:01.215+0000] {logging_mixin.py:190} INFO - [2025-03-01T14:21:01.215+0000] {dag.py:4180} INFO - Setting next_dagrun for dataset_alias_example_alias_consumer_with_no_taskflow to None, run_after=None
[2025-03-01T14:21:01.218+0000] {logging_mixin.py:190} INFO - [2025-03-01T14:21:01.218+0000] {dag.py:4180} INFO - Setting next_dagrun for dataset_alias_example_alias_producer_with_no_taskflow to None, run_after=None
[2025-03-01T14:21:01.221+0000] {logging_mixin.py:190} INFO - [2025-03-01T14:21:01.220+0000] {dag.py:4180} INFO - Setting next_dagrun for dataset_s3_bucket_consumer_with_no_taskflow to None, run_after=None
[2025-03-01T14:21:01.230+0000] {logging_mixin.py:190} INFO - [2025-03-01T14:21:01.230+0000] {dag.py:4180} INFO - Setting next_dagrun for dataset_s3_bucket_producer_with_no_taskflow to None, run_after=None
[2025-03-01T14:21:01.295+0000] {processor.py:208} INFO - Processing /home/airflow/.local/lib/python3.12/site-packages/airflow/example_dags/example_dataset_alias_with_no_taskflow.py took 1.546 seconds
[2025-03-01T14:21:31.364+0000] {processor.py:186} INFO - Started process (PID=556) to work on /home/airflow/.local/lib/python3.12/site-packages/airflow/example_dags/example_dataset_alias_with_no_taskflow.py
[2025-03-01T14:21:31.365+0000] {processor.py:914} INFO - Processing file /home/airflow/.local/lib/python3.12/site-packages/airflow/example_dags/example_dataset_alias_with_no_taskflow.py for tasks to queue
[2025-03-01T14:21:31.367+0000] {logging_mixin.py:190} INFO - [2025-03-01T14:21:31.367+0000] {dagbag.py:588} INFO - Filling up the DagBag from /home/airflow/.local/lib/python3.12/site-packages/airflow/example_dags/example_dataset_alias_with_no_taskflow.py
[2025-03-01T14:21:31.837+0000] {processor.py:925} INFO - DAG(s) 'dataset_s3_bucket_consumer_with_no_taskflow', 'dataset_s3_bucket_producer_with_no_taskflow', 'dataset_alias_example_alias_producer_with_no_taskflow', 'dataset_alias_example_alias_consumer_with_no_taskflow' retrieved from /home/airflow/.local/lib/python3.12/site-packages/airflow/example_dags/example_dataset_alias_with_no_taskflow.py
[2025-03-01T14:21:31.853+0000] {logging_mixin.py:190} INFO - [2025-03-01T14:21:31.852+0000] {dag.py:3239} INFO - Sync 4 DAGs
[2025-03-01T14:21:31.868+0000] {logging_mixin.py:190} INFO - [2025-03-01T14:21:31.868+0000] {dag.py:4180} INFO - Setting next_dagrun for dataset_alias_example_alias_consumer_with_no_taskflow to None, run_after=None
[2025-03-01T14:21:31.870+0000] {logging_mixin.py:190} INFO - [2025-03-01T14:21:31.870+0000] {dag.py:4180} INFO - Setting next_dagrun for dataset_alias_example_alias_producer_with_no_taskflow to None, run_after=None
[2025-03-01T14:21:31.871+0000] {logging_mixin.py:190} INFO - [2025-03-01T14:21:31.871+0000] {dag.py:4180} INFO - Setting next_dagrun for dataset_s3_bucket_consumer_with_no_taskflow to None, run_after=None
[2025-03-01T14:21:31.872+0000] {logging_mixin.py:190} INFO - [2025-03-01T14:21:31.872+0000] {dag.py:4180} INFO - Setting next_dagrun for dataset_s3_bucket_producer_with_no_taskflow to None, run_after=None
[2025-03-01T14:21:31.885+0000] {processor.py:208} INFO - Processing /home/airflow/.local/lib/python3.12/site-packages/airflow/example_dags/example_dataset_alias_with_no_taskflow.py took 0.525 seconds
[2025-03-01T14:22:01.975+0000] {processor.py:186} INFO - Started process (PID=616) to work on /home/airflow/.local/lib/python3.12/site-packages/airflow/example_dags/example_dataset_alias_with_no_taskflow.py
[2025-03-01T14:22:01.976+0000] {processor.py:914} INFO - Processing file /home/airflow/.local/lib/python3.12/site-packages/airflow/example_dags/example_dataset_alias_with_no_taskflow.py for tasks to queue
[2025-03-01T14:22:01.978+0000] {logging_mixin.py:190} INFO - [2025-03-01T14:22:01.977+0000] {dagbag.py:588} INFO - Filling up the DagBag from /home/airflow/.local/lib/python3.12/site-packages/airflow/example_dags/example_dataset_alias_with_no_taskflow.py
[2025-03-01T14:22:02.676+0000] {processor.py:925} INFO - DAG(s) 'dataset_alias_example_alias_producer_with_no_taskflow', 'dataset_alias_example_alias_consumer_with_no_taskflow', 'dataset_s3_bucket_producer_with_no_taskflow', 'dataset_s3_bucket_consumer_with_no_taskflow' retrieved from /home/airflow/.local/lib/python3.12/site-packages/airflow/example_dags/example_dataset_alias_with_no_taskflow.py
[2025-03-01T14:22:02.700+0000] {logging_mixin.py:190} INFO - [2025-03-01T14:22:02.700+0000] {dag.py:3239} INFO - Sync 4 DAGs
[2025-03-01T14:22:02.726+0000] {logging_mixin.py:190} INFO - [2025-03-01T14:22:02.725+0000] {dag.py:4180} INFO - Setting next_dagrun for dataset_alias_example_alias_consumer_with_no_taskflow to None, run_after=None
[2025-03-01T14:22:02.728+0000] {logging_mixin.py:190} INFO - [2025-03-01T14:22:02.728+0000] {dag.py:4180} INFO - Setting next_dagrun for dataset_alias_example_alias_producer_with_no_taskflow to None, run_after=None
[2025-03-01T14:22:02.730+0000] {logging_mixin.py:190} INFO - [2025-03-01T14:22:02.730+0000] {dag.py:4180} INFO - Setting next_dagrun for dataset_s3_bucket_consumer_with_no_taskflow to None, run_after=None
[2025-03-01T14:22:02.731+0000] {logging_mixin.py:190} INFO - [2025-03-01T14:22:02.731+0000] {dag.py:4180} INFO - Setting next_dagrun for dataset_s3_bucket_producer_with_no_taskflow to None, run_after=None
[2025-03-01T14:22:02.752+0000] {processor.py:208} INFO - Processing /home/airflow/.local/lib/python3.12/site-packages/airflow/example_dags/example_dataset_alias_with_no_taskflow.py took 0.783 seconds
[2025-03-01T14:22:33.431+0000] {processor.py:186} INFO - Started process (PID=680) to work on /home/airflow/.local/lib/python3.12/site-packages/airflow/example_dags/example_dataset_alias_with_no_taskflow.py
[2025-03-01T14:22:33.432+0000] {processor.py:914} INFO - Processing file /home/airflow/.local/lib/python3.12/site-packages/airflow/example_dags/example_dataset_alias_with_no_taskflow.py for tasks to queue
[2025-03-01T14:22:33.434+0000] {logging_mixin.py:190} INFO - [2025-03-01T14:22:33.433+0000] {dagbag.py:588} INFO - Filling up the DagBag from /home/airflow/.local/lib/python3.12/site-packages/airflow/example_dags/example_dataset_alias_with_no_taskflow.py
[2025-03-01T14:22:34.143+0000] {processor.py:925} INFO - DAG(s) 'dataset_s3_bucket_producer_with_no_taskflow', 'dataset_alias_example_alias_consumer_with_no_taskflow', 'dataset_s3_bucket_consumer_with_no_taskflow', 'dataset_alias_example_alias_producer_with_no_taskflow' retrieved from /home/airflow/.local/lib/python3.12/site-packages/airflow/example_dags/example_dataset_alias_with_no_taskflow.py
[2025-03-01T14:22:34.166+0000] {logging_mixin.py:190} INFO - [2025-03-01T14:22:34.165+0000] {dag.py:3239} INFO - Sync 4 DAGs
[2025-03-01T14:22:34.203+0000] {logging_mixin.py:190} INFO - [2025-03-01T14:22:34.203+0000] {dag.py:4180} INFO - Setting next_dagrun for dataset_alias_example_alias_consumer_with_no_taskflow to None, run_after=None
[2025-03-01T14:22:34.206+0000] {logging_mixin.py:190} INFO - [2025-03-01T14:22:34.206+0000] {dag.py:4180} INFO - Setting next_dagrun for dataset_alias_example_alias_producer_with_no_taskflow to None, run_after=None
[2025-03-01T14:22:34.208+0000] {logging_mixin.py:190} INFO - [2025-03-01T14:22:34.208+0000] {dag.py:4180} INFO - Setting next_dagrun for dataset_s3_bucket_consumer_with_no_taskflow to None, run_after=None
[2025-03-01T14:22:34.209+0000] {logging_mixin.py:190} INFO - [2025-03-01T14:22:34.209+0000] {dag.py:4180} INFO - Setting next_dagrun for dataset_s3_bucket_producer_with_no_taskflow to None, run_after=None
[2025-03-01T14:22:34.229+0000] {processor.py:208} INFO - Processing /home/airflow/.local/lib/python3.12/site-packages/airflow/example_dags/example_dataset_alias_with_no_taskflow.py took 0.804 seconds
[2025-03-01T14:23:04.645+0000] {processor.py:186} INFO - Started process (PID=744) to work on /home/airflow/.local/lib/python3.12/site-packages/airflow/example_dags/example_dataset_alias_with_no_taskflow.py
[2025-03-01T14:23:04.646+0000] {processor.py:914} INFO - Processing file /home/airflow/.local/lib/python3.12/site-packages/airflow/example_dags/example_dataset_alias_with_no_taskflow.py for tasks to queue
[2025-03-01T14:23:04.648+0000] {logging_mixin.py:190} INFO - [2025-03-01T14:23:04.648+0000] {dagbag.py:588} INFO - Filling up the DagBag from /home/airflow/.local/lib/python3.12/site-packages/airflow/example_dags/example_dataset_alias_with_no_taskflow.py
[2025-03-01T14:23:05.305+0000] {processor.py:925} INFO - DAG(s) 'dataset_alias_example_alias_consumer_with_no_taskflow', 'dataset_s3_bucket_producer_with_no_taskflow', 'dataset_alias_example_alias_producer_with_no_taskflow', 'dataset_s3_bucket_consumer_with_no_taskflow' retrieved from /home/airflow/.local/lib/python3.12/site-packages/airflow/example_dags/example_dataset_alias_with_no_taskflow.py
[2025-03-01T14:23:05.326+0000] {logging_mixin.py:190} INFO - [2025-03-01T14:23:05.325+0000] {dag.py:3239} INFO - Sync 4 DAGs
[2025-03-01T14:23:05.355+0000] {logging_mixin.py:190} INFO - [2025-03-01T14:23:05.354+0000] {dag.py:4180} INFO - Setting next_dagrun for dataset_alias_example_alias_consumer_with_no_taskflow to None, run_after=None
[2025-03-01T14:23:05.357+0000] {logging_mixin.py:190} INFO - [2025-03-01T14:23:05.357+0000] {dag.py:4180} INFO - Setting next_dagrun for dataset_alias_example_alias_producer_with_no_taskflow to None, run_after=None
[2025-03-01T14:23:05.359+0000] {logging_mixin.py:190} INFO - [2025-03-01T14:23:05.359+0000] {dag.py:4180} INFO - Setting next_dagrun for dataset_s3_bucket_consumer_with_no_taskflow to None, run_after=None
[2025-03-01T14:23:05.360+0000] {logging_mixin.py:190} INFO - [2025-03-01T14:23:05.360+0000] {dag.py:4180} INFO - Setting next_dagrun for dataset_s3_bucket_producer_with_no_taskflow to None, run_after=None
[2025-03-01T14:23:05.381+0000] {processor.py:208} INFO - Processing /home/airflow/.local/lib/python3.12/site-packages/airflow/example_dags/example_dataset_alias_with_no_taskflow.py took 0.742 seconds
[2025-03-01T14:23:35.817+0000] {processor.py:186} INFO - Started process (PID=808) to work on /home/airflow/.local/lib/python3.12/site-packages/airflow/example_dags/example_dataset_alias_with_no_taskflow.py
[2025-03-01T14:23:35.818+0000] {processor.py:914} INFO - Processing file /home/airflow/.local/lib/python3.12/site-packages/airflow/example_dags/example_dataset_alias_with_no_taskflow.py for tasks to queue
[2025-03-01T14:23:35.820+0000] {logging_mixin.py:190} INFO - [2025-03-01T14:23:35.820+0000] {dagbag.py:588} INFO - Filling up the DagBag from /home/airflow/.local/lib/python3.12/site-packages/airflow/example_dags/example_dataset_alias_with_no_taskflow.py
[2025-03-01T14:23:36.643+0000] {processor.py:925} INFO - DAG(s) 'dataset_alias_example_alias_consumer_with_no_taskflow', 'dataset_s3_bucket_consumer_with_no_taskflow', 'dataset_s3_bucket_producer_with_no_taskflow', 'dataset_alias_example_alias_producer_with_no_taskflow' retrieved from /home/airflow/.local/lib/python3.12/site-packages/airflow/example_dags/example_dataset_alias_with_no_taskflow.py
[2025-03-01T14:23:36.677+0000] {logging_mixin.py:190} INFO - [2025-03-01T14:23:36.677+0000] {dag.py:3239} INFO - Sync 4 DAGs
[2025-03-01T14:23:36.718+0000] {logging_mixin.py:190} INFO - [2025-03-01T14:23:36.718+0000] {dag.py:4180} INFO - Setting next_dagrun for dataset_alias_example_alias_consumer_with_no_taskflow to None, run_after=None
[2025-03-01T14:23:36.723+0000] {logging_mixin.py:190} INFO - [2025-03-01T14:23:36.721+0000] {dag.py:4180} INFO - Setting next_dagrun for dataset_alias_example_alias_producer_with_no_taskflow to None, run_after=None
[2025-03-01T14:23:36.725+0000] {logging_mixin.py:190} INFO - [2025-03-01T14:23:36.725+0000] {dag.py:4180} INFO - Setting next_dagrun for dataset_s3_bucket_consumer_with_no_taskflow to None, run_after=None
[2025-03-01T14:23:36.729+0000] {logging_mixin.py:190} INFO - [2025-03-01T14:23:36.729+0000] {dag.py:4180} INFO - Setting next_dagrun for dataset_s3_bucket_producer_with_no_taskflow to None, run_after=None
[2025-03-01T14:23:36.749+0000] {processor.py:208} INFO - Processing /home/airflow/.local/lib/python3.12/site-packages/airflow/example_dags/example_dataset_alias_with_no_taskflow.py took 0.938 seconds
[2025-03-01T14:24:07.474+0000] {processor.py:186} INFO - Started process (PID=874) to work on /home/airflow/.local/lib/python3.12/site-packages/airflow/example_dags/example_dataset_alias_with_no_taskflow.py
[2025-03-01T14:24:07.475+0000] {processor.py:914} INFO - Processing file /home/airflow/.local/lib/python3.12/site-packages/airflow/example_dags/example_dataset_alias_with_no_taskflow.py for tasks to queue
[2025-03-01T14:24:07.477+0000] {logging_mixin.py:190} INFO - [2025-03-01T14:24:07.477+0000] {dagbag.py:588} INFO - Filling up the DagBag from /home/airflow/.local/lib/python3.12/site-packages/airflow/example_dags/example_dataset_alias_with_no_taskflow.py
[2025-03-01T14:24:08.178+0000] {processor.py:925} INFO - DAG(s) 'dataset_s3_bucket_producer_with_no_taskflow', 'dataset_alias_example_alias_consumer_with_no_taskflow', 'dataset_s3_bucket_consumer_with_no_taskflow', 'dataset_alias_example_alias_producer_with_no_taskflow' retrieved from /home/airflow/.local/lib/python3.12/site-packages/airflow/example_dags/example_dataset_alias_with_no_taskflow.py
[2025-03-01T14:24:08.202+0000] {logging_mixin.py:190} INFO - [2025-03-01T14:24:08.201+0000] {dag.py:3239} INFO - Sync 4 DAGs
[2025-03-01T14:24:08.228+0000] {logging_mixin.py:190} INFO - [2025-03-01T14:24:08.228+0000] {dag.py:4180} INFO - Setting next_dagrun for dataset_alias_example_alias_consumer_with_no_taskflow to None, run_after=None
[2025-03-01T14:24:08.232+0000] {logging_mixin.py:190} INFO - [2025-03-01T14:24:08.231+0000] {dag.py:4180} INFO - Setting next_dagrun for dataset_alias_example_alias_producer_with_no_taskflow to None, run_after=None
[2025-03-01T14:24:08.234+0000] {logging_mixin.py:190} INFO - [2025-03-01T14:24:08.234+0000] {dag.py:4180} INFO - Setting next_dagrun for dataset_s3_bucket_consumer_with_no_taskflow to None, run_after=None
[2025-03-01T14:24:08.236+0000] {logging_mixin.py:190} INFO - [2025-03-01T14:24:08.235+0000] {dag.py:4180} INFO - Setting next_dagrun for dataset_s3_bucket_producer_with_no_taskflow to None, run_after=None
[2025-03-01T14:24:08.255+0000] {processor.py:208} INFO - Processing /home/airflow/.local/lib/python3.12/site-packages/airflow/example_dags/example_dataset_alias_with_no_taskflow.py took 0.786 seconds
[2025-03-01T14:24:39.115+0000] {processor.py:186} INFO - Started process (PID=940) to work on /home/airflow/.local/lib/python3.12/site-packages/airflow/example_dags/example_dataset_alias_with_no_taskflow.py
[2025-03-01T14:24:39.116+0000] {processor.py:914} INFO - Processing file /home/airflow/.local/lib/python3.12/site-packages/airflow/example_dags/example_dataset_alias_with_no_taskflow.py for tasks to queue
[2025-03-01T14:24:39.118+0000] {logging_mixin.py:190} INFO - [2025-03-01T14:24:39.118+0000] {dagbag.py:588} INFO - Filling up the DagBag from /home/airflow/.local/lib/python3.12/site-packages/airflow/example_dags/example_dataset_alias_with_no_taskflow.py
[2025-03-01T14:24:39.800+0000] {processor.py:925} INFO - DAG(s) 'dataset_alias_example_alias_producer_with_no_taskflow', 'dataset_s3_bucket_producer_with_no_taskflow', 'dataset_alias_example_alias_consumer_with_no_taskflow', 'dataset_s3_bucket_consumer_with_no_taskflow' retrieved from /home/airflow/.local/lib/python3.12/site-packages/airflow/example_dags/example_dataset_alias_with_no_taskflow.py
[2025-03-01T14:24:39.822+0000] {logging_mixin.py:190} INFO - [2025-03-01T14:24:39.822+0000] {dag.py:3239} INFO - Sync 4 DAGs
[2025-03-01T14:24:39.849+0000] {logging_mixin.py:190} INFO - [2025-03-01T14:24:39.849+0000] {dag.py:4180} INFO - Setting next_dagrun for dataset_alias_example_alias_consumer_with_no_taskflow to None, run_after=None
[2025-03-01T14:24:39.852+0000] {logging_mixin.py:190} INFO - [2025-03-01T14:24:39.852+0000] {dag.py:4180} INFO - Setting next_dagrun for dataset_alias_example_alias_producer_with_no_taskflow to None, run_after=None
[2025-03-01T14:24:39.854+0000] {logging_mixin.py:190} INFO - [2025-03-01T14:24:39.854+0000] {dag.py:4180} INFO - Setting next_dagrun for dataset_s3_bucket_consumer_with_no_taskflow to None, run_after=None
[2025-03-01T14:24:39.855+0000] {logging_mixin.py:190} INFO - [2025-03-01T14:24:39.855+0000] {dag.py:4180} INFO - Setting next_dagrun for dataset_s3_bucket_producer_with_no_taskflow to None, run_after=None
[2025-03-01T14:24:39.880+0000] {processor.py:208} INFO - Processing /home/airflow/.local/lib/python3.12/site-packages/airflow/example_dags/example_dataset_alias_with_no_taskflow.py took 0.772 seconds
[2025-03-01T14:25:10.398+0000] {processor.py:186} INFO - Started process (PID=1004) to work on /home/airflow/.local/lib/python3.12/site-packages/airflow/example_dags/example_dataset_alias_with_no_taskflow.py
[2025-03-01T14:25:10.399+0000] {processor.py:914} INFO - Processing file /home/airflow/.local/lib/python3.12/site-packages/airflow/example_dags/example_dataset_alias_with_no_taskflow.py for tasks to queue
[2025-03-01T14:25:10.401+0000] {logging_mixin.py:190} INFO - [2025-03-01T14:25:10.400+0000] {dagbag.py:588} INFO - Filling up the DagBag from /home/airflow/.local/lib/python3.12/site-packages/airflow/example_dags/example_dataset_alias_with_no_taskflow.py
[2025-03-01T14:25:11.068+0000] {processor.py:925} INFO - DAG(s) 'dataset_s3_bucket_consumer_with_no_taskflow', 'dataset_s3_bucket_producer_with_no_taskflow', 'dataset_alias_example_alias_producer_with_no_taskflow', 'dataset_alias_example_alias_consumer_with_no_taskflow' retrieved from /home/airflow/.local/lib/python3.12/site-packages/airflow/example_dags/example_dataset_alias_with_no_taskflow.py
[2025-03-01T14:25:11.091+0000] {logging_mixin.py:190} INFO - [2025-03-01T14:25:11.090+0000] {dag.py:3239} INFO - Sync 4 DAGs
[2025-03-01T14:25:11.117+0000] {logging_mixin.py:190} INFO - [2025-03-01T14:25:11.117+0000] {dag.py:4180} INFO - Setting next_dagrun for dataset_alias_example_alias_consumer_with_no_taskflow to None, run_after=None
[2025-03-01T14:25:11.119+0000] {logging_mixin.py:190} INFO - [2025-03-01T14:25:11.119+0000] {dag.py:4180} INFO - Setting next_dagrun for dataset_alias_example_alias_producer_with_no_taskflow to None, run_after=None
[2025-03-01T14:25:11.121+0000] {logging_mixin.py:190} INFO - [2025-03-01T14:25:11.121+0000] {dag.py:4180} INFO - Setting next_dagrun for dataset_s3_bucket_consumer_with_no_taskflow to None, run_after=None
[2025-03-01T14:25:11.122+0000] {logging_mixin.py:190} INFO - [2025-03-01T14:25:11.122+0000] {dag.py:4180} INFO - Setting next_dagrun for dataset_s3_bucket_producer_with_no_taskflow to None, run_after=None
[2025-03-01T14:25:11.141+0000] {processor.py:208} INFO - Processing /home/airflow/.local/lib/python3.12/site-packages/airflow/example_dags/example_dataset_alias_with_no_taskflow.py took 0.749 seconds
[2025-03-01T14:25:41.583+0000] {processor.py:186} INFO - Started process (PID=1067) to work on /home/airflow/.local/lib/python3.12/site-packages/airflow/example_dags/example_dataset_alias_with_no_taskflow.py
[2025-03-01T14:25:41.584+0000] {processor.py:914} INFO - Processing file /home/airflow/.local/lib/python3.12/site-packages/airflow/example_dags/example_dataset_alias_with_no_taskflow.py for tasks to queue
[2025-03-01T14:25:41.586+0000] {logging_mixin.py:190} INFO - [2025-03-01T14:25:41.585+0000] {dagbag.py:588} INFO - Filling up the DagBag from /home/airflow/.local/lib/python3.12/site-packages/airflow/example_dags/example_dataset_alias_with_no_taskflow.py
[2025-03-01T14:25:42.272+0000] {processor.py:925} INFO - DAG(s) 'dataset_s3_bucket_consumer_with_no_taskflow', 'dataset_alias_example_alias_producer_with_no_taskflow', 'dataset_alias_example_alias_consumer_with_no_taskflow', 'dataset_s3_bucket_producer_with_no_taskflow' retrieved from /home/airflow/.local/lib/python3.12/site-packages/airflow/example_dags/example_dataset_alias_with_no_taskflow.py
[2025-03-01T14:25:42.309+0000] {logging_mixin.py:190} INFO - [2025-03-01T14:25:42.309+0000] {dag.py:3239} INFO - Sync 4 DAGs
[2025-03-01T14:25:42.364+0000] {logging_mixin.py:190} INFO - [2025-03-01T14:25:42.364+0000] {dag.py:4180} INFO - Setting next_dagrun for dataset_alias_example_alias_consumer_with_no_taskflow to None, run_after=None
[2025-03-01T14:25:42.371+0000] {logging_mixin.py:190} INFO - [2025-03-01T14:25:42.370+0000] {dag.py:4180} INFO - Setting next_dagrun for dataset_alias_example_alias_producer_with_no_taskflow to None, run_after=None
[2025-03-01T14:25:42.374+0000] {logging_mixin.py:190} INFO - [2025-03-01T14:25:42.374+0000] {dag.py:4180} INFO - Setting next_dagrun for dataset_s3_bucket_consumer_with_no_taskflow to None, run_after=None
[2025-03-01T14:25:42.377+0000] {logging_mixin.py:190} INFO - [2025-03-01T14:25:42.377+0000] {dag.py:4180} INFO - Setting next_dagrun for dataset_s3_bucket_producer_with_no_taskflow to None, run_after=None
[2025-03-01T14:25:42.436+0000] {processor.py:208} INFO - Processing /home/airflow/.local/lib/python3.12/site-packages/airflow/example_dags/example_dataset_alias_with_no_taskflow.py took 0.859 seconds
[2025-03-01T14:26:13.540+0000] {processor.py:186} INFO - Started process (PID=1131) to work on /home/airflow/.local/lib/python3.12/site-packages/airflow/example_dags/example_dataset_alias_with_no_taskflow.py
[2025-03-01T14:26:13.541+0000] {processor.py:914} INFO - Processing file /home/airflow/.local/lib/python3.12/site-packages/airflow/example_dags/example_dataset_alias_with_no_taskflow.py for tasks to queue
[2025-03-01T14:26:13.543+0000] {logging_mixin.py:190} INFO - [2025-03-01T14:26:13.543+0000] {dagbag.py:588} INFO - Filling up the DagBag from /home/airflow/.local/lib/python3.12/site-packages/airflow/example_dags/example_dataset_alias_with_no_taskflow.py
[2025-03-01T14:26:14.210+0000] {processor.py:925} INFO - DAG(s) 'dataset_alias_example_alias_consumer_with_no_taskflow', 'dataset_s3_bucket_producer_with_no_taskflow', 'dataset_s3_bucket_consumer_with_no_taskflow', 'dataset_alias_example_alias_producer_with_no_taskflow' retrieved from /home/airflow/.local/lib/python3.12/site-packages/airflow/example_dags/example_dataset_alias_with_no_taskflow.py
[2025-03-01T14:26:14.232+0000] {logging_mixin.py:190} INFO - [2025-03-01T14:26:14.231+0000] {dag.py:3239} INFO - Sync 4 DAGs
[2025-03-01T14:26:14.257+0000] {logging_mixin.py:190} INFO - [2025-03-01T14:26:14.257+0000] {dag.py:4180} INFO - Setting next_dagrun for dataset_alias_example_alias_consumer_with_no_taskflow to None, run_after=None
[2025-03-01T14:26:14.260+0000] {logging_mixin.py:190} INFO - [2025-03-01T14:26:14.260+0000] {dag.py:4180} INFO - Setting next_dagrun for dataset_alias_example_alias_producer_with_no_taskflow to None, run_after=None
[2025-03-01T14:26:14.262+0000] {logging_mixin.py:190} INFO - [2025-03-01T14:26:14.261+0000] {dag.py:4180} INFO - Setting next_dagrun for dataset_s3_bucket_consumer_with_no_taskflow to None, run_after=None
[2025-03-01T14:26:14.263+0000] {logging_mixin.py:190} INFO - [2025-03-01T14:26:14.263+0000] {dag.py:4180} INFO - Setting next_dagrun for dataset_s3_bucket_producer_with_no_taskflow to None, run_after=None
[2025-03-01T14:26:14.283+0000] {processor.py:208} INFO - Processing /home/airflow/.local/lib/python3.12/site-packages/airflow/example_dags/example_dataset_alias_with_no_taskflow.py took 0.749 seconds
[2025-03-01T14:26:45.368+0000] {processor.py:186} INFO - Started process (PID=1200) to work on /home/airflow/.local/lib/python3.12/site-packages/airflow/example_dags/example_dataset_alias_with_no_taskflow.py
[2025-03-01T14:26:45.369+0000] {processor.py:914} INFO - Processing file /home/airflow/.local/lib/python3.12/site-packages/airflow/example_dags/example_dataset_alias_with_no_taskflow.py for tasks to queue
[2025-03-01T14:26:45.371+0000] {logging_mixin.py:190} INFO - [2025-03-01T14:26:45.371+0000] {dagbag.py:588} INFO - Filling up the DagBag from /home/airflow/.local/lib/python3.12/site-packages/airflow/example_dags/example_dataset_alias_with_no_taskflow.py
[2025-03-01T14:26:46.096+0000] {processor.py:925} INFO - DAG(s) 'dataset_alias_example_alias_consumer_with_no_taskflow', 'dataset_alias_example_alias_producer_with_no_taskflow', 'dataset_s3_bucket_producer_with_no_taskflow', 'dataset_s3_bucket_consumer_with_no_taskflow' retrieved from /home/airflow/.local/lib/python3.12/site-packages/airflow/example_dags/example_dataset_alias_with_no_taskflow.py
[2025-03-01T14:26:46.118+0000] {logging_mixin.py:190} INFO - [2025-03-01T14:26:46.117+0000] {dag.py:3239} INFO - Sync 4 DAGs
[2025-03-01T14:26:46.145+0000] {logging_mixin.py:190} INFO - [2025-03-01T14:26:46.145+0000] {dag.py:4180} INFO - Setting next_dagrun for dataset_alias_example_alias_consumer_with_no_taskflow to None, run_after=None
[2025-03-01T14:26:46.148+0000] {logging_mixin.py:190} INFO - [2025-03-01T14:26:46.148+0000] {dag.py:4180} INFO - Setting next_dagrun for dataset_alias_example_alias_producer_with_no_taskflow to None, run_after=None
[2025-03-01T14:26:46.150+0000] {logging_mixin.py:190} INFO - [2025-03-01T14:26:46.149+0000] {dag.py:4180} INFO - Setting next_dagrun for dataset_s3_bucket_consumer_with_no_taskflow to None, run_after=None
[2025-03-01T14:26:46.151+0000] {logging_mixin.py:190} INFO - [2025-03-01T14:26:46.151+0000] {dag.py:4180} INFO - Setting next_dagrun for dataset_s3_bucket_producer_with_no_taskflow to None, run_after=None
[2025-03-01T14:26:46.171+0000] {processor.py:208} INFO - Processing /home/airflow/.local/lib/python3.12/site-packages/airflow/example_dags/example_dataset_alias_with_no_taskflow.py took 0.808 seconds
[2025-03-01T14:27:17.047+0000] {processor.py:186} INFO - Started process (PID=1263) to work on /home/airflow/.local/lib/python3.12/site-packages/airflow/example_dags/example_dataset_alias_with_no_taskflow.py
[2025-03-01T14:27:17.048+0000] {processor.py:914} INFO - Processing file /home/airflow/.local/lib/python3.12/site-packages/airflow/example_dags/example_dataset_alias_with_no_taskflow.py for tasks to queue
[2025-03-01T14:27:17.050+0000] {logging_mixin.py:190} INFO - [2025-03-01T14:27:17.050+0000] {dagbag.py:588} INFO - Filling up the DagBag from /home/airflow/.local/lib/python3.12/site-packages/airflow/example_dags/example_dataset_alias_with_no_taskflow.py
[2025-03-01T14:27:17.805+0000] {processor.py:925} INFO - DAG(s) 'dataset_alias_example_alias_consumer_with_no_taskflow', 'dataset_s3_bucket_consumer_with_no_taskflow', 'dataset_s3_bucket_producer_with_no_taskflow', 'dataset_alias_example_alias_producer_with_no_taskflow' retrieved from /home/airflow/.local/lib/python3.12/site-packages/airflow/example_dags/example_dataset_alias_with_no_taskflow.py
[2025-03-01T14:27:17.827+0000] {logging_mixin.py:190} INFO - [2025-03-01T14:27:17.827+0000] {dag.py:3239} INFO - Sync 4 DAGs
[2025-03-01T14:27:17.853+0000] {logging_mixin.py:190} INFO - [2025-03-01T14:27:17.853+0000] {dag.py:4180} INFO - Setting next_dagrun for dataset_alias_example_alias_consumer_with_no_taskflow to None, run_after=None
[2025-03-01T14:27:17.856+0000] {logging_mixin.py:190} INFO - [2025-03-01T14:27:17.856+0000] {dag.py:4180} INFO - Setting next_dagrun for dataset_alias_example_alias_producer_with_no_taskflow to None, run_after=None
[2025-03-01T14:27:17.859+0000] {logging_mixin.py:190} INFO - [2025-03-01T14:27:17.859+0000] {dag.py:4180} INFO - Setting next_dagrun for dataset_s3_bucket_consumer_with_no_taskflow to None, run_after=None
[2025-03-01T14:27:17.861+0000] {logging_mixin.py:190} INFO - [2025-03-01T14:27:17.861+0000] {dag.py:4180} INFO - Setting next_dagrun for dataset_s3_bucket_producer_with_no_taskflow to None, run_after=None
[2025-03-01T14:27:17.888+0000] {processor.py:208} INFO - Processing /home/airflow/.local/lib/python3.12/site-packages/airflow/example_dags/example_dataset_alias_with_no_taskflow.py took 0.846 seconds
[2025-03-01T14:27:48.586+0000] {processor.py:186} INFO - Started process (PID=1326) to work on /home/airflow/.local/lib/python3.12/site-packages/airflow/example_dags/example_dataset_alias_with_no_taskflow.py
[2025-03-01T14:27:48.587+0000] {processor.py:914} INFO - Processing file /home/airflow/.local/lib/python3.12/site-packages/airflow/example_dags/example_dataset_alias_with_no_taskflow.py for tasks to queue
[2025-03-01T14:27:48.589+0000] {logging_mixin.py:190} INFO - [2025-03-01T14:27:48.589+0000] {dagbag.py:588} INFO - Filling up the DagBag from /home/airflow/.local/lib/python3.12/site-packages/airflow/example_dags/example_dataset_alias_with_no_taskflow.py
[2025-03-01T14:27:49.335+0000] {processor.py:925} INFO - DAG(s) 'dataset_s3_bucket_consumer_with_no_taskflow', 'dataset_s3_bucket_producer_with_no_taskflow', 'dataset_alias_example_alias_producer_with_no_taskflow', 'dataset_alias_example_alias_consumer_with_no_taskflow' retrieved from /home/airflow/.local/lib/python3.12/site-packages/airflow/example_dags/example_dataset_alias_with_no_taskflow.py
[2025-03-01T14:27:49.356+0000] {logging_mixin.py:190} INFO - [2025-03-01T14:27:49.355+0000] {dag.py:3239} INFO - Sync 4 DAGs
[2025-03-01T14:27:49.381+0000] {logging_mixin.py:190} INFO - [2025-03-01T14:27:49.381+0000] {dag.py:4180} INFO - Setting next_dagrun for dataset_alias_example_alias_consumer_with_no_taskflow to None, run_after=None
[2025-03-01T14:27:49.384+0000] {logging_mixin.py:190} INFO - [2025-03-01T14:27:49.383+0000] {dag.py:4180} INFO - Setting next_dagrun for dataset_alias_example_alias_producer_with_no_taskflow to None, run_after=None
[2025-03-01T14:27:49.385+0000] {logging_mixin.py:190} INFO - [2025-03-01T14:27:49.385+0000] {dag.py:4180} INFO - Setting next_dagrun for dataset_s3_bucket_consumer_with_no_taskflow to None, run_after=None
[2025-03-01T14:27:49.386+0000] {logging_mixin.py:190} INFO - [2025-03-01T14:27:49.386+0000] {dag.py:4180} INFO - Setting next_dagrun for dataset_s3_bucket_producer_with_no_taskflow to None, run_after=None
[2025-03-01T14:27:49.407+0000] {processor.py:208} INFO - Processing /home/airflow/.local/lib/python3.12/site-packages/airflow/example_dags/example_dataset_alias_with_no_taskflow.py took 0.826 seconds
[2025-03-01T14:28:19.843+0000] {processor.py:186} INFO - Started process (PID=1389) to work on /home/airflow/.local/lib/python3.12/site-packages/airflow/example_dags/example_dataset_alias_with_no_taskflow.py
[2025-03-01T14:28:19.844+0000] {processor.py:914} INFO - Processing file /home/airflow/.local/lib/python3.12/site-packages/airflow/example_dags/example_dataset_alias_with_no_taskflow.py for tasks to queue
[2025-03-01T14:28:19.846+0000] {logging_mixin.py:190} INFO - [2025-03-01T14:28:19.845+0000] {dagbag.py:588} INFO - Filling up the DagBag from /home/airflow/.local/lib/python3.12/site-packages/airflow/example_dags/example_dataset_alias_with_no_taskflow.py
[2025-03-01T14:28:20.625+0000] {processor.py:925} INFO - DAG(s) 'dataset_s3_bucket_producer_with_no_taskflow', 'dataset_alias_example_alias_producer_with_no_taskflow', 'dataset_alias_example_alias_consumer_with_no_taskflow', 'dataset_s3_bucket_consumer_with_no_taskflow' retrieved from /home/airflow/.local/lib/python3.12/site-packages/airflow/example_dags/example_dataset_alias_with_no_taskflow.py
[2025-03-01T14:28:20.646+0000] {logging_mixin.py:190} INFO - [2025-03-01T14:28:20.646+0000] {dag.py:3239} INFO - Sync 4 DAGs
[2025-03-01T14:28:20.673+0000] {logging_mixin.py:190} INFO - [2025-03-01T14:28:20.673+0000] {dag.py:4180} INFO - Setting next_dagrun for dataset_alias_example_alias_consumer_with_no_taskflow to None, run_after=None
[2025-03-01T14:28:20.676+0000] {logging_mixin.py:190} INFO - [2025-03-01T14:28:20.676+0000] {dag.py:4180} INFO - Setting next_dagrun for dataset_alias_example_alias_producer_with_no_taskflow to None, run_after=None
[2025-03-01T14:28:20.677+0000] {logging_mixin.py:190} INFO - [2025-03-01T14:28:20.677+0000] {dag.py:4180} INFO - Setting next_dagrun for dataset_s3_bucket_consumer_with_no_taskflow to None, run_after=None
[2025-03-01T14:28:20.679+0000] {logging_mixin.py:190} INFO - [2025-03-01T14:28:20.679+0000] {dag.py:4180} INFO - Setting next_dagrun for dataset_s3_bucket_producer_with_no_taskflow to None, run_after=None
[2025-03-01T14:28:20.700+0000] {processor.py:208} INFO - Processing /home/airflow/.local/lib/python3.12/site-packages/airflow/example_dags/example_dataset_alias_with_no_taskflow.py took 0.862 seconds
[2025-03-01T14:28:52.386+0000] {processor.py:186} INFO - Started process (PID=1457) to work on /home/airflow/.local/lib/python3.12/site-packages/airflow/example_dags/example_dataset_alias_with_no_taskflow.py
[2025-03-01T14:28:52.387+0000] {processor.py:914} INFO - Processing file /home/airflow/.local/lib/python3.12/site-packages/airflow/example_dags/example_dataset_alias_with_no_taskflow.py for tasks to queue
[2025-03-01T14:28:52.389+0000] {logging_mixin.py:190} INFO - [2025-03-01T14:28:52.388+0000] {dagbag.py:588} INFO - Filling up the DagBag from /home/airflow/.local/lib/python3.12/site-packages/airflow/example_dags/example_dataset_alias_with_no_taskflow.py
[2025-03-01T14:28:53.099+0000] {processor.py:925} INFO - DAG(s) 'dataset_s3_bucket_producer_with_no_taskflow', 'dataset_s3_bucket_consumer_with_no_taskflow', 'dataset_alias_example_alias_producer_with_no_taskflow', 'dataset_alias_example_alias_consumer_with_no_taskflow' retrieved from /home/airflow/.local/lib/python3.12/site-packages/airflow/example_dags/example_dataset_alias_with_no_taskflow.py
[2025-03-01T14:28:53.124+0000] {logging_mixin.py:190} INFO - [2025-03-01T14:28:53.124+0000] {dag.py:3239} INFO - Sync 4 DAGs
[2025-03-01T14:28:53.152+0000] {logging_mixin.py:190} INFO - [2025-03-01T14:28:53.152+0000] {dag.py:4180} INFO - Setting next_dagrun for dataset_alias_example_alias_consumer_with_no_taskflow to None, run_after=None
[2025-03-01T14:28:53.155+0000] {logging_mixin.py:190} INFO - [2025-03-01T14:28:53.155+0000] {dag.py:4180} INFO - Setting next_dagrun for dataset_alias_example_alias_producer_with_no_taskflow to None, run_after=None
[2025-03-01T14:28:53.157+0000] {logging_mixin.py:190} INFO - [2025-03-01T14:28:53.157+0000] {dag.py:4180} INFO - Setting next_dagrun for dataset_s3_bucket_consumer_with_no_taskflow to None, run_after=None
[2025-03-01T14:28:53.159+0000] {logging_mixin.py:190} INFO - [2025-03-01T14:28:53.159+0000] {dag.py:4180} INFO - Setting next_dagrun for dataset_s3_bucket_producer_with_no_taskflow to None, run_after=None
[2025-03-01T14:28:53.189+0000] {processor.py:208} INFO - Processing /home/airflow/.local/lib/python3.12/site-packages/airflow/example_dags/example_dataset_alias_with_no_taskflow.py took 0.808 seconds
[2025-03-01T14:29:24.170+0000] {processor.py:186} INFO - Started process (PID=1529) to work on /home/airflow/.local/lib/python3.12/site-packages/airflow/example_dags/example_dataset_alias_with_no_taskflow.py
[2025-03-01T14:29:24.171+0000] {processor.py:914} INFO - Processing file /home/airflow/.local/lib/python3.12/site-packages/airflow/example_dags/example_dataset_alias_with_no_taskflow.py for tasks to queue
[2025-03-01T14:29:24.173+0000] {logging_mixin.py:190} INFO - [2025-03-01T14:29:24.173+0000] {dagbag.py:588} INFO - Filling up the DagBag from /home/airflow/.local/lib/python3.12/site-packages/airflow/example_dags/example_dataset_alias_with_no_taskflow.py
[2025-03-01T14:29:24.950+0000] {processor.py:925} INFO - DAG(s) 'dataset_s3_bucket_producer_with_no_taskflow', 'dataset_alias_example_alias_consumer_with_no_taskflow', 'dataset_s3_bucket_consumer_with_no_taskflow', 'dataset_alias_example_alias_producer_with_no_taskflow' retrieved from /home/airflow/.local/lib/python3.12/site-packages/airflow/example_dags/example_dataset_alias_with_no_taskflow.py
[2025-03-01T14:29:24.974+0000] {logging_mixin.py:190} INFO - [2025-03-01T14:29:24.974+0000] {dag.py:3239} INFO - Sync 4 DAGs
[2025-03-01T14:29:25.000+0000] {logging_mixin.py:190} INFO - [2025-03-01T14:29:25.000+0000] {dag.py:4180} INFO - Setting next_dagrun for dataset_alias_example_alias_consumer_with_no_taskflow to None, run_after=None
[2025-03-01T14:29:25.003+0000] {logging_mixin.py:190} INFO - [2025-03-01T14:29:25.003+0000] {dag.py:4180} INFO - Setting next_dagrun for dataset_alias_example_alias_producer_with_no_taskflow to None, run_after=None
[2025-03-01T14:29:25.004+0000] {logging_mixin.py:190} INFO - [2025-03-01T14:29:25.004+0000] {dag.py:4180} INFO - Setting next_dagrun for dataset_s3_bucket_consumer_with_no_taskflow to None, run_after=None
[2025-03-01T14:29:25.006+0000] {logging_mixin.py:190} INFO - [2025-03-01T14:29:25.006+0000] {dag.py:4180} INFO - Setting next_dagrun for dataset_s3_bucket_producer_with_no_taskflow to None, run_after=None
[2025-03-01T14:29:25.039+0000] {processor.py:208} INFO - Processing /home/airflow/.local/lib/python3.12/site-packages/airflow/example_dags/example_dataset_alias_with_no_taskflow.py took 0.875 seconds
[2025-03-01T14:29:56.316+0000] {processor.py:186} INFO - Started process (PID=1599) to work on /home/airflow/.local/lib/python3.12/site-packages/airflow/example_dags/example_dataset_alias_with_no_taskflow.py
[2025-03-01T14:29:56.316+0000] {processor.py:914} INFO - Processing file /home/airflow/.local/lib/python3.12/site-packages/airflow/example_dags/example_dataset_alias_with_no_taskflow.py for tasks to queue
[2025-03-01T14:29:56.319+0000] {logging_mixin.py:190} INFO - [2025-03-01T14:29:56.318+0000] {dagbag.py:588} INFO - Filling up the DagBag from /home/airflow/.local/lib/python3.12/site-packages/airflow/example_dags/example_dataset_alias_with_no_taskflow.py
[2025-03-01T14:29:56.966+0000] {processor.py:925} INFO - DAG(s) 'dataset_s3_bucket_consumer_with_no_taskflow', 'dataset_s3_bucket_producer_with_no_taskflow', 'dataset_alias_example_alias_producer_with_no_taskflow', 'dataset_alias_example_alias_consumer_with_no_taskflow' retrieved from /home/airflow/.local/lib/python3.12/site-packages/airflow/example_dags/example_dataset_alias_with_no_taskflow.py
[2025-03-01T14:29:56.987+0000] {logging_mixin.py:190} INFO - [2025-03-01T14:29:56.987+0000] {dag.py:3239} INFO - Sync 4 DAGs
[2025-03-01T14:29:57.014+0000] {logging_mixin.py:190} INFO - [2025-03-01T14:29:57.014+0000] {dag.py:4180} INFO - Setting next_dagrun for dataset_alias_example_alias_consumer_with_no_taskflow to None, run_after=None
[2025-03-01T14:29:57.017+0000] {logging_mixin.py:190} INFO - [2025-03-01T14:29:57.016+0000] {dag.py:4180} INFO - Setting next_dagrun for dataset_alias_example_alias_producer_with_no_taskflow to None, run_after=None
[2025-03-01T14:29:57.018+0000] {logging_mixin.py:190} INFO - [2025-03-01T14:29:57.018+0000] {dag.py:4180} INFO - Setting next_dagrun for dataset_s3_bucket_consumer_with_no_taskflow to None, run_after=None
[2025-03-01T14:29:57.019+0000] {logging_mixin.py:190} INFO - [2025-03-01T14:29:57.019+0000] {dag.py:4180} INFO - Setting next_dagrun for dataset_s3_bucket_producer_with_no_taskflow to None, run_after=None
[2025-03-01T14:29:57.040+0000] {processor.py:208} INFO - Processing /home/airflow/.local/lib/python3.12/site-packages/airflow/example_dags/example_dataset_alias_with_no_taskflow.py took 0.729 seconds
[2025-03-01T14:30:27.575+0000] {processor.py:186} INFO - Started process (PID=1664) to work on /home/airflow/.local/lib/python3.12/site-packages/airflow/example_dags/example_dataset_alias_with_no_taskflow.py
[2025-03-01T14:30:27.576+0000] {processor.py:914} INFO - Processing file /home/airflow/.local/lib/python3.12/site-packages/airflow/example_dags/example_dataset_alias_with_no_taskflow.py for tasks to queue
[2025-03-01T14:30:27.579+0000] {logging_mixin.py:190} INFO - [2025-03-01T14:30:27.578+0000] {dagbag.py:588} INFO - Filling up the DagBag from /home/airflow/.local/lib/python3.12/site-packages/airflow/example_dags/example_dataset_alias_with_no_taskflow.py
[2025-03-01T14:30:28.314+0000] {processor.py:925} INFO - DAG(s) 'dataset_s3_bucket_consumer_with_no_taskflow', 'dataset_s3_bucket_producer_with_no_taskflow', 'dataset_alias_example_alias_producer_with_no_taskflow', 'dataset_alias_example_alias_consumer_with_no_taskflow' retrieved from /home/airflow/.local/lib/python3.12/site-packages/airflow/example_dags/example_dataset_alias_with_no_taskflow.py
[2025-03-01T14:30:28.337+0000] {logging_mixin.py:190} INFO - [2025-03-01T14:30:28.337+0000] {dag.py:3239} INFO - Sync 4 DAGs
[2025-03-01T14:30:28.363+0000] {logging_mixin.py:190} INFO - [2025-03-01T14:30:28.363+0000] {dag.py:4180} INFO - Setting next_dagrun for dataset_alias_example_alias_consumer_with_no_taskflow to None, run_after=None
[2025-03-01T14:30:28.366+0000] {logging_mixin.py:190} INFO - [2025-03-01T14:30:28.365+0000] {dag.py:4180} INFO - Setting next_dagrun for dataset_alias_example_alias_producer_with_no_taskflow to None, run_after=None
[2025-03-01T14:30:28.367+0000] {logging_mixin.py:190} INFO - [2025-03-01T14:30:28.367+0000] {dag.py:4180} INFO - Setting next_dagrun for dataset_s3_bucket_consumer_with_no_taskflow to None, run_after=None
[2025-03-01T14:30:28.368+0000] {logging_mixin.py:190} INFO - [2025-03-01T14:30:28.368+0000] {dag.py:4180} INFO - Setting next_dagrun for dataset_s3_bucket_producer_with_no_taskflow to None, run_after=None
[2025-03-01T14:30:28.386+0000] {processor.py:208} INFO - Processing /home/airflow/.local/lib/python3.12/site-packages/airflow/example_dags/example_dataset_alias_with_no_taskflow.py took 0.817 seconds
[2025-03-01T14:30:58.649+0000] {processor.py:186} INFO - Started process (PID=1727) to work on /home/airflow/.local/lib/python3.12/site-packages/airflow/example_dags/example_dataset_alias_with_no_taskflow.py
[2025-03-01T14:30:58.650+0000] {processor.py:914} INFO - Processing file /home/airflow/.local/lib/python3.12/site-packages/airflow/example_dags/example_dataset_alias_with_no_taskflow.py for tasks to queue
[2025-03-01T14:30:58.658+0000] {logging_mixin.py:190} INFO - [2025-03-01T14:30:58.658+0000] {dagbag.py:588} INFO - Filling up the DagBag from /home/airflow/.local/lib/python3.12/site-packages/airflow/example_dags/example_dataset_alias_with_no_taskflow.py
[2025-03-01T14:30:59.503+0000] {processor.py:925} INFO - DAG(s) 'dataset_s3_bucket_producer_with_no_taskflow', 'dataset_s3_bucket_consumer_with_no_taskflow', 'dataset_alias_example_alias_consumer_with_no_taskflow', 'dataset_alias_example_alias_producer_with_no_taskflow' retrieved from /home/airflow/.local/lib/python3.12/site-packages/airflow/example_dags/example_dataset_alias_with_no_taskflow.py
[2025-03-01T14:30:59.526+0000] {logging_mixin.py:190} INFO - [2025-03-01T14:30:59.525+0000] {dag.py:3239} INFO - Sync 4 DAGs
[2025-03-01T14:30:59.551+0000] {logging_mixin.py:190} INFO - [2025-03-01T14:30:59.551+0000] {dag.py:4180} INFO - Setting next_dagrun for dataset_alias_example_alias_consumer_with_no_taskflow to None, run_after=None
[2025-03-01T14:30:59.554+0000] {logging_mixin.py:190} INFO - [2025-03-01T14:30:59.554+0000] {dag.py:4180} INFO - Setting next_dagrun for dataset_alias_example_alias_producer_with_no_taskflow to None, run_after=None
[2025-03-01T14:30:59.555+0000] {logging_mixin.py:190} INFO - [2025-03-01T14:30:59.555+0000] {dag.py:4180} INFO - Setting next_dagrun for dataset_s3_bucket_consumer_with_no_taskflow to None, run_after=None
[2025-03-01T14:30:59.556+0000] {logging_mixin.py:190} INFO - [2025-03-01T14:30:59.556+0000] {dag.py:4180} INFO - Setting next_dagrun for dataset_s3_bucket_producer_with_no_taskflow to None, run_after=None
[2025-03-01T14:30:59.578+0000] {processor.py:208} INFO - Processing /home/airflow/.local/lib/python3.12/site-packages/airflow/example_dags/example_dataset_alias_with_no_taskflow.py took 0.944 seconds
[2025-03-01T14:31:30.517+0000] {processor.py:186} INFO - Started process (PID=1797) to work on /home/airflow/.local/lib/python3.12/site-packages/airflow/example_dags/example_dataset_alias_with_no_taskflow.py
[2025-03-01T14:31:30.518+0000] {processor.py:914} INFO - Processing file /home/airflow/.local/lib/python3.12/site-packages/airflow/example_dags/example_dataset_alias_with_no_taskflow.py for tasks to queue
[2025-03-01T14:31:30.521+0000] {logging_mixin.py:190} INFO - [2025-03-01T14:31:30.521+0000] {dagbag.py:588} INFO - Filling up the DagBag from /home/airflow/.local/lib/python3.12/site-packages/airflow/example_dags/example_dataset_alias_with_no_taskflow.py
[2025-03-01T14:31:31.825+0000] {processor.py:925} INFO - DAG(s) 'dataset_s3_bucket_consumer_with_no_taskflow', 'dataset_alias_example_alias_consumer_with_no_taskflow', 'dataset_s3_bucket_producer_with_no_taskflow', 'dataset_alias_example_alias_producer_with_no_taskflow' retrieved from /home/airflow/.local/lib/python3.12/site-packages/airflow/example_dags/example_dataset_alias_with_no_taskflow.py
[2025-03-01T14:31:31.880+0000] {logging_mixin.py:190} INFO - [2025-03-01T14:31:31.880+0000] {dag.py:3239} INFO - Sync 4 DAGs
[2025-03-01T14:31:31.908+0000] {logging_mixin.py:190} INFO - [2025-03-01T14:31:31.908+0000] {dag.py:4180} INFO - Setting next_dagrun for dataset_alias_example_alias_consumer_with_no_taskflow to None, run_after=None
[2025-03-01T14:31:31.911+0000] {logging_mixin.py:190} INFO - [2025-03-01T14:31:31.911+0000] {dag.py:4180} INFO - Setting next_dagrun for dataset_alias_example_alias_producer_with_no_taskflow to None, run_after=None
[2025-03-01T14:31:31.913+0000] {logging_mixin.py:190} INFO - [2025-03-01T14:31:31.913+0000] {dag.py:4180} INFO - Setting next_dagrun for dataset_s3_bucket_consumer_with_no_taskflow to None, run_after=None
[2025-03-01T14:31:31.914+0000] {logging_mixin.py:190} INFO - [2025-03-01T14:31:31.914+0000] {dag.py:4180} INFO - Setting next_dagrun for dataset_s3_bucket_producer_with_no_taskflow to None, run_after=None
[2025-03-01T14:31:31.941+0000] {processor.py:208} INFO - Processing /home/airflow/.local/lib/python3.12/site-packages/airflow/example_dags/example_dataset_alias_with_no_taskflow.py took 1.496 seconds
[2025-03-01T14:32:02.310+0000] {processor.py:186} INFO - Started process (PID=1860) to work on /home/airflow/.local/lib/python3.12/site-packages/airflow/example_dags/example_dataset_alias_with_no_taskflow.py
[2025-03-01T14:32:02.311+0000] {processor.py:914} INFO - Processing file /home/airflow/.local/lib/python3.12/site-packages/airflow/example_dags/example_dataset_alias_with_no_taskflow.py for tasks to queue
[2025-03-01T14:32:02.313+0000] {logging_mixin.py:190} INFO - [2025-03-01T14:32:02.313+0000] {dagbag.py:588} INFO - Filling up the DagBag from /home/airflow/.local/lib/python3.12/site-packages/airflow/example_dags/example_dataset_alias_with_no_taskflow.py
[2025-03-01T14:32:03.108+0000] {processor.py:925} INFO - DAG(s) 'dataset_s3_bucket_consumer_with_no_taskflow', 'dataset_alias_example_alias_consumer_with_no_taskflow', 'dataset_alias_example_alias_producer_with_no_taskflow', 'dataset_s3_bucket_producer_with_no_taskflow' retrieved from /home/airflow/.local/lib/python3.12/site-packages/airflow/example_dags/example_dataset_alias_with_no_taskflow.py
[2025-03-01T14:32:03.129+0000] {logging_mixin.py:190} INFO - [2025-03-01T14:32:03.129+0000] {dag.py:3239} INFO - Sync 4 DAGs
[2025-03-01T14:32:03.156+0000] {logging_mixin.py:190} INFO - [2025-03-01T14:32:03.156+0000] {dag.py:4180} INFO - Setting next_dagrun for dataset_alias_example_alias_consumer_with_no_taskflow to None, run_after=None
[2025-03-01T14:32:03.160+0000] {logging_mixin.py:190} INFO - [2025-03-01T14:32:03.160+0000] {dag.py:4180} INFO - Setting next_dagrun for dataset_alias_example_alias_producer_with_no_taskflow to None, run_after=None
[2025-03-01T14:32:03.165+0000] {logging_mixin.py:190} INFO - [2025-03-01T14:32:03.165+0000] {dag.py:4180} INFO - Setting next_dagrun for dataset_s3_bucket_consumer_with_no_taskflow to None, run_after=None
[2025-03-01T14:32:03.167+0000] {logging_mixin.py:190} INFO - [2025-03-01T14:32:03.167+0000] {dag.py:4180} INFO - Setting next_dagrun for dataset_s3_bucket_producer_with_no_taskflow to None, run_after=None
[2025-03-01T14:32:03.197+0000] {processor.py:208} INFO - Processing /home/airflow/.local/lib/python3.12/site-packages/airflow/example_dags/example_dataset_alias_with_no_taskflow.py took 0.892 seconds
[2025-03-01T14:32:33.779+0000] {processor.py:186} INFO - Started process (PID=1923) to work on /home/airflow/.local/lib/python3.12/site-packages/airflow/example_dags/example_dataset_alias_with_no_taskflow.py
[2025-03-01T14:32:33.780+0000] {processor.py:914} INFO - Processing file /home/airflow/.local/lib/python3.12/site-packages/airflow/example_dags/example_dataset_alias_with_no_taskflow.py for tasks to queue
[2025-03-01T14:32:33.782+0000] {logging_mixin.py:190} INFO - [2025-03-01T14:32:33.781+0000] {dagbag.py:588} INFO - Filling up the DagBag from /home/airflow/.local/lib/python3.12/site-packages/airflow/example_dags/example_dataset_alias_with_no_taskflow.py
[2025-03-01T14:32:34.481+0000] {processor.py:925} INFO - DAG(s) 'dataset_s3_bucket_producer_with_no_taskflow', 'dataset_alias_example_alias_consumer_with_no_taskflow', 'dataset_alias_example_alias_producer_with_no_taskflow', 'dataset_s3_bucket_consumer_with_no_taskflow' retrieved from /home/airflow/.local/lib/python3.12/site-packages/airflow/example_dags/example_dataset_alias_with_no_taskflow.py
[2025-03-01T14:32:34.502+0000] {logging_mixin.py:190} INFO - [2025-03-01T14:32:34.502+0000] {dag.py:3239} INFO - Sync 4 DAGs
[2025-03-01T14:32:34.527+0000] {logging_mixin.py:190} INFO - [2025-03-01T14:32:34.527+0000] {dag.py:4180} INFO - Setting next_dagrun for dataset_alias_example_alias_consumer_with_no_taskflow to None, run_after=None
[2025-03-01T14:32:34.530+0000] {logging_mixin.py:190} INFO - [2025-03-01T14:32:34.530+0000] {dag.py:4180} INFO - Setting next_dagrun for dataset_alias_example_alias_producer_with_no_taskflow to None, run_after=None
[2025-03-01T14:32:34.533+0000] {logging_mixin.py:190} INFO - [2025-03-01T14:32:34.533+0000] {dag.py:4180} INFO - Setting next_dagrun for dataset_s3_bucket_consumer_with_no_taskflow to None, run_after=None
[2025-03-01T14:32:34.535+0000] {logging_mixin.py:190} INFO - [2025-03-01T14:32:34.535+0000] {dag.py:4180} INFO - Setting next_dagrun for dataset_s3_bucket_producer_with_no_taskflow to None, run_after=None
[2025-03-01T14:32:34.555+0000] {processor.py:208} INFO - Processing /home/airflow/.local/lib/python3.12/site-packages/airflow/example_dags/example_dataset_alias_with_no_taskflow.py took 0.782 seconds
[2025-03-01T14:33:04.827+0000] {processor.py:186} INFO - Started process (PID=1987) to work on /home/airflow/.local/lib/python3.12/site-packages/airflow/example_dags/example_dataset_alias_with_no_taskflow.py
[2025-03-01T14:33:04.828+0000] {processor.py:914} INFO - Processing file /home/airflow/.local/lib/python3.12/site-packages/airflow/example_dags/example_dataset_alias_with_no_taskflow.py for tasks to queue
[2025-03-01T14:33:04.830+0000] {logging_mixin.py:190} INFO - [2025-03-01T14:33:04.830+0000] {dagbag.py:588} INFO - Filling up the DagBag from /home/airflow/.local/lib/python3.12/site-packages/airflow/example_dags/example_dataset_alias_with_no_taskflow.py
[2025-03-01T14:33:05.553+0000] {processor.py:925} INFO - DAG(s) 'dataset_alias_example_alias_consumer_with_no_taskflow', 'dataset_s3_bucket_producer_with_no_taskflow', 'dataset_s3_bucket_consumer_with_no_taskflow', 'dataset_alias_example_alias_producer_with_no_taskflow' retrieved from /home/airflow/.local/lib/python3.12/site-packages/airflow/example_dags/example_dataset_alias_with_no_taskflow.py
[2025-03-01T14:33:05.577+0000] {logging_mixin.py:190} INFO - [2025-03-01T14:33:05.577+0000] {dag.py:3239} INFO - Sync 4 DAGs
[2025-03-01T14:33:05.604+0000] {logging_mixin.py:190} INFO - [2025-03-01T14:33:05.604+0000] {dag.py:4180} INFO - Setting next_dagrun for dataset_alias_example_alias_consumer_with_no_taskflow to None, run_after=None
[2025-03-01T14:33:05.607+0000] {logging_mixin.py:190} INFO - [2025-03-01T14:33:05.607+0000] {dag.py:4180} INFO - Setting next_dagrun for dataset_alias_example_alias_producer_with_no_taskflow to None, run_after=None
[2025-03-01T14:33:05.608+0000] {logging_mixin.py:190} INFO - [2025-03-01T14:33:05.608+0000] {dag.py:4180} INFO - Setting next_dagrun for dataset_s3_bucket_consumer_with_no_taskflow to None, run_after=None
[2025-03-01T14:33:05.610+0000] {logging_mixin.py:190} INFO - [2025-03-01T14:33:05.609+0000] {dag.py:4180} INFO - Setting next_dagrun for dataset_s3_bucket_producer_with_no_taskflow to None, run_after=None
[2025-03-01T14:33:05.630+0000] {processor.py:208} INFO - Processing /home/airflow/.local/lib/python3.12/site-packages/airflow/example_dags/example_dataset_alias_with_no_taskflow.py took 0.809 seconds
