[2025-03-01T14:17:32.759+0000] {processor.py:186} INFO - Started process (PID=77) to work on /home/airflow/.local/lib/python3.12/site-packages/airflow/example_dags/example_external_task_marker_dag.py
[2025-03-01T14:17:32.760+0000] {processor.py:914} INFO - Processing file /home/airflow/.local/lib/python3.12/site-packages/airflow/example_dags/example_external_task_marker_dag.py for tasks to queue
[2025-03-01T14:17:32.762+0000] {logging_mixin.py:190} INFO - [2025-03-01T14:17:32.762+0000] {dagbag.py:588} INFO - Filling up the DagBag from /home/airflow/.local/lib/python3.12/site-packages/airflow/example_dags/example_external_task_marker_dag.py
[2025-03-01T14:17:32.787+0000] {processor.py:925} INFO - DAG(s) 'example_external_task_marker_parent', 'example_external_task_marker_child' retrieved from /home/airflow/.local/lib/python3.12/site-packages/airflow/example_dags/example_external_task_marker_dag.py
[2025-03-01T14:17:33.260+0000] {logging_mixin.py:190} INFO - [2025-03-01T14:17:33.260+0000] {override.py:1912} INFO - Created Permission View: can edit on DAG:example_external_task_marker_parent
[2025-03-01T14:17:33.289+0000] {logging_mixin.py:190} INFO - [2025-03-01T14:17:33.289+0000] {override.py:1912} INFO - Created Permission View: can read on DAG:example_external_task_marker_parent
[2025-03-01T14:17:33.322+0000] {logging_mixin.py:190} INFO - [2025-03-01T14:17:33.322+0000] {override.py:1912} INFO - Created Permission View: can delete on DAG:example_external_task_marker_parent
[2025-03-01T14:17:33.342+0000] {logging_mixin.py:190} INFO - [2025-03-01T14:17:33.342+0000] {override.py:1912} INFO - Created Permission View: menu access on DAG Run:example_external_task_marker_parent
[2025-03-01T14:17:33.359+0000] {logging_mixin.py:190} INFO - [2025-03-01T14:17:33.359+0000] {override.py:1912} INFO - Created Permission View: can read on DAG Run:example_external_task_marker_parent
[2025-03-01T14:17:33.383+0000] {logging_mixin.py:190} INFO - [2025-03-01T14:17:33.383+0000] {override.py:1912} INFO - Created Permission View: can create on DAG Run:example_external_task_marker_parent
[2025-03-01T14:17:33.398+0000] {logging_mixin.py:190} INFO - [2025-03-01T14:17:33.396+0000] {override.py:1912} INFO - Created Permission View: can delete on DAG Run:example_external_task_marker_parent
[2025-03-01T14:17:33.519+0000] {logging_mixin.py:190} INFO - [2025-03-01T14:17:33.519+0000] {override.py:1912} INFO - Created Permission View: can edit on DAG:example_external_task_marker_child
[2025-03-01T14:17:33.596+0000] {logging_mixin.py:190} INFO - [2025-03-01T14:17:33.595+0000] {override.py:1912} INFO - Created Permission View: can read on DAG:example_external_task_marker_child
[2025-03-01T14:17:33.638+0000] {logging_mixin.py:190} INFO - [2025-03-01T14:17:33.637+0000] {override.py:1912} INFO - Created Permission View: can delete on DAG:example_external_task_marker_child
[2025-03-01T14:17:33.703+0000] {logging_mixin.py:190} INFO - [2025-03-01T14:17:33.703+0000] {override.py:1912} INFO - Created Permission View: menu access on DAG Run:example_external_task_marker_child
[2025-03-01T14:17:33.722+0000] {logging_mixin.py:190} INFO - [2025-03-01T14:17:33.722+0000] {override.py:1912} INFO - Created Permission View: can read on DAG Run:example_external_task_marker_child
[2025-03-01T14:17:33.740+0000] {logging_mixin.py:190} INFO - [2025-03-01T14:17:33.740+0000] {override.py:1912} INFO - Created Permission View: can create on DAG Run:example_external_task_marker_child
[2025-03-01T14:17:33.752+0000] {logging_mixin.py:190} INFO - [2025-03-01T14:17:33.752+0000] {override.py:1912} INFO - Created Permission View: can delete on DAG Run:example_external_task_marker_child
[2025-03-01T14:17:33.757+0000] {logging_mixin.py:190} INFO - [2025-03-01T14:17:33.757+0000] {dag.py:3239} INFO - Sync 2 DAGs
[2025-03-01T14:17:33.828+0000] {logging_mixin.py:190} INFO - [2025-03-01T14:17:33.819+0000] {dag.py:3262} INFO - Creating ORM DAG for example_external_task_marker_parent
[2025-03-01T14:17:33.830+0000] {logging_mixin.py:190} INFO - [2025-03-01T14:17:33.829+0000] {dag.py:3262} INFO - Creating ORM DAG for example_external_task_marker_child
[2025-03-01T14:17:33.830+0000] {logging_mixin.py:190} INFO - [2025-03-01T14:17:33.830+0000] {dag.py:4180} INFO - Setting next_dagrun for example_external_task_marker_child to None, run_after=None
[2025-03-01T14:17:33.838+0000] {logging_mixin.py:190} INFO - [2025-03-01T14:17:33.837+0000] {dag.py:4180} INFO - Setting next_dagrun for example_external_task_marker_parent to None, run_after=None
[2025-03-01T14:17:33.912+0000] {processor.py:208} INFO - Processing /home/airflow/.local/lib/python3.12/site-packages/airflow/example_dags/example_external_task_marker_dag.py took 1.165 seconds
[2025-03-01T14:18:04.779+0000] {processor.py:186} INFO - Started process (PID=140) to work on /home/airflow/.local/lib/python3.12/site-packages/airflow/example_dags/example_external_task_marker_dag.py
[2025-03-01T14:18:04.780+0000] {processor.py:914} INFO - Processing file /home/airflow/.local/lib/python3.12/site-packages/airflow/example_dags/example_external_task_marker_dag.py for tasks to queue
[2025-03-01T14:18:04.783+0000] {logging_mixin.py:190} INFO - [2025-03-01T14:18:04.783+0000] {dagbag.py:588} INFO - Filling up the DagBag from /home/airflow/.local/lib/python3.12/site-packages/airflow/example_dags/example_external_task_marker_dag.py
[2025-03-01T14:18:04.792+0000] {processor.py:925} INFO - DAG(s) 'example_external_task_marker_child', 'example_external_task_marker_parent' retrieved from /home/airflow/.local/lib/python3.12/site-packages/airflow/example_dags/example_external_task_marker_dag.py
[2025-03-01T14:18:04.817+0000] {logging_mixin.py:190} INFO - [2025-03-01T14:18:04.817+0000] {dag.py:3239} INFO - Sync 2 DAGs
[2025-03-01T14:18:04.833+0000] {logging_mixin.py:190} INFO - [2025-03-01T14:18:04.833+0000] {dag.py:4180} INFO - Setting next_dagrun for example_external_task_marker_child to None, run_after=None
[2025-03-01T14:18:04.837+0000] {logging_mixin.py:190} INFO - [2025-03-01T14:18:04.837+0000] {dag.py:4180} INFO - Setting next_dagrun for example_external_task_marker_parent to None, run_after=None
[2025-03-01T14:18:04.852+0000] {processor.py:208} INFO - Processing /home/airflow/.local/lib/python3.12/site-packages/airflow/example_dags/example_external_task_marker_dag.py took 0.078 seconds
[2025-03-01T14:18:35.261+0000] {processor.py:186} INFO - Started process (PID=203) to work on /home/airflow/.local/lib/python3.12/site-packages/airflow/example_dags/example_external_task_marker_dag.py
[2025-03-01T14:18:35.262+0000] {processor.py:914} INFO - Processing file /home/airflow/.local/lib/python3.12/site-packages/airflow/example_dags/example_external_task_marker_dag.py for tasks to queue
[2025-03-01T14:18:35.264+0000] {logging_mixin.py:190} INFO - [2025-03-01T14:18:35.264+0000] {dagbag.py:588} INFO - Filling up the DagBag from /home/airflow/.local/lib/python3.12/site-packages/airflow/example_dags/example_external_task_marker_dag.py
[2025-03-01T14:18:35.273+0000] {processor.py:925} INFO - DAG(s) 'example_external_task_marker_child', 'example_external_task_marker_parent' retrieved from /home/airflow/.local/lib/python3.12/site-packages/airflow/example_dags/example_external_task_marker_dag.py
[2025-03-01T14:18:35.295+0000] {logging_mixin.py:190} INFO - [2025-03-01T14:18:35.295+0000] {dag.py:3239} INFO - Sync 2 DAGs
[2025-03-01T14:18:35.311+0000] {logging_mixin.py:190} INFO - [2025-03-01T14:18:35.311+0000] {dag.py:4180} INFO - Setting next_dagrun for example_external_task_marker_child to None, run_after=None
[2025-03-01T14:18:35.316+0000] {logging_mixin.py:190} INFO - [2025-03-01T14:18:35.316+0000] {dag.py:4180} INFO - Setting next_dagrun for example_external_task_marker_parent to None, run_after=None
[2025-03-01T14:18:35.330+0000] {processor.py:208} INFO - Processing /home/airflow/.local/lib/python3.12/site-packages/airflow/example_dags/example_external_task_marker_dag.py took 0.074 seconds
[2025-03-01T14:19:05.621+0000] {processor.py:186} INFO - Started process (PID=266) to work on /home/airflow/.local/lib/python3.12/site-packages/airflow/example_dags/example_external_task_marker_dag.py
[2025-03-01T14:19:05.621+0000] {processor.py:914} INFO - Processing file /home/airflow/.local/lib/python3.12/site-packages/airflow/example_dags/example_external_task_marker_dag.py for tasks to queue
[2025-03-01T14:19:05.624+0000] {logging_mixin.py:190} INFO - [2025-03-01T14:19:05.623+0000] {dagbag.py:588} INFO - Filling up the DagBag from /home/airflow/.local/lib/python3.12/site-packages/airflow/example_dags/example_external_task_marker_dag.py
[2025-03-01T14:19:05.632+0000] {processor.py:925} INFO - DAG(s) 'example_external_task_marker_parent', 'example_external_task_marker_child' retrieved from /home/airflow/.local/lib/python3.12/site-packages/airflow/example_dags/example_external_task_marker_dag.py
[2025-03-01T14:19:05.654+0000] {logging_mixin.py:190} INFO - [2025-03-01T14:19:05.654+0000] {dag.py:3239} INFO - Sync 2 DAGs
[2025-03-01T14:19:05.692+0000] {logging_mixin.py:190} INFO - [2025-03-01T14:19:05.692+0000] {dag.py:4180} INFO - Setting next_dagrun for example_external_task_marker_child to None, run_after=None
[2025-03-01T14:19:05.703+0000] {logging_mixin.py:190} INFO - [2025-03-01T14:19:05.703+0000] {dag.py:4180} INFO - Setting next_dagrun for example_external_task_marker_parent to None, run_after=None
[2025-03-01T14:19:05.732+0000] {processor.py:208} INFO - Processing /home/airflow/.local/lib/python3.12/site-packages/airflow/example_dags/example_external_task_marker_dag.py took 0.117 seconds
[2025-03-01T14:19:35.817+0000] {processor.py:186} INFO - Started process (PID=329) to work on /home/airflow/.local/lib/python3.12/site-packages/airflow/example_dags/example_external_task_marker_dag.py
[2025-03-01T14:19:35.818+0000] {processor.py:914} INFO - Processing file /home/airflow/.local/lib/python3.12/site-packages/airflow/example_dags/example_external_task_marker_dag.py for tasks to queue
[2025-03-01T14:19:35.821+0000] {logging_mixin.py:190} INFO - [2025-03-01T14:19:35.820+0000] {dagbag.py:588} INFO - Filling up the DagBag from /home/airflow/.local/lib/python3.12/site-packages/airflow/example_dags/example_external_task_marker_dag.py
[2025-03-01T14:19:35.829+0000] {processor.py:925} INFO - DAG(s) 'example_external_task_marker_parent', 'example_external_task_marker_child' retrieved from /home/airflow/.local/lib/python3.12/site-packages/airflow/example_dags/example_external_task_marker_dag.py
[2025-03-01T14:19:35.851+0000] {logging_mixin.py:190} INFO - [2025-03-01T14:19:35.851+0000] {dag.py:3239} INFO - Sync 2 DAGs
[2025-03-01T14:19:35.892+0000] {logging_mixin.py:190} INFO - [2025-03-01T14:19:35.892+0000] {dag.py:4180} INFO - Setting next_dagrun for example_external_task_marker_child to None, run_after=None
[2025-03-01T14:19:35.897+0000] {logging_mixin.py:190} INFO - [2025-03-01T14:19:35.897+0000] {dag.py:4180} INFO - Setting next_dagrun for example_external_task_marker_parent to None, run_after=None
[2025-03-01T14:19:35.909+0000] {processor.py:208} INFO - Processing /home/airflow/.local/lib/python3.12/site-packages/airflow/example_dags/example_external_task_marker_dag.py took 0.097 seconds
[2025-03-01T14:20:06.388+0000] {processor.py:186} INFO - Started process (PID=392) to work on /home/airflow/.local/lib/python3.12/site-packages/airflow/example_dags/example_external_task_marker_dag.py
[2025-03-01T14:20:06.389+0000] {processor.py:914} INFO - Processing file /home/airflow/.local/lib/python3.12/site-packages/airflow/example_dags/example_external_task_marker_dag.py for tasks to queue
[2025-03-01T14:20:06.392+0000] {logging_mixin.py:190} INFO - [2025-03-01T14:20:06.392+0000] {dagbag.py:588} INFO - Filling up the DagBag from /home/airflow/.local/lib/python3.12/site-packages/airflow/example_dags/example_external_task_marker_dag.py
[2025-03-01T14:20:06.400+0000] {processor.py:925} INFO - DAG(s) 'example_external_task_marker_parent', 'example_external_task_marker_child' retrieved from /home/airflow/.local/lib/python3.12/site-packages/airflow/example_dags/example_external_task_marker_dag.py
[2025-03-01T14:20:06.423+0000] {logging_mixin.py:190} INFO - [2025-03-01T14:20:06.423+0000] {dag.py:3239} INFO - Sync 2 DAGs
[2025-03-01T14:20:06.439+0000] {logging_mixin.py:190} INFO - [2025-03-01T14:20:06.439+0000] {dag.py:4180} INFO - Setting next_dagrun for example_external_task_marker_child to None, run_after=None
[2025-03-01T14:20:06.443+0000] {logging_mixin.py:190} INFO - [2025-03-01T14:20:06.443+0000] {dag.py:4180} INFO - Setting next_dagrun for example_external_task_marker_parent to None, run_after=None
[2025-03-01T14:20:06.459+0000] {processor.py:208} INFO - Processing /home/airflow/.local/lib/python3.12/site-packages/airflow/example_dags/example_external_task_marker_dag.py took 0.076 seconds
[2025-03-01T14:20:36.736+0000] {processor.py:186} INFO - Started process (PID=455) to work on /home/airflow/.local/lib/python3.12/site-packages/airflow/example_dags/example_external_task_marker_dag.py
[2025-03-01T14:20:36.737+0000] {processor.py:914} INFO - Processing file /home/airflow/.local/lib/python3.12/site-packages/airflow/example_dags/example_external_task_marker_dag.py for tasks to queue
[2025-03-01T14:20:36.740+0000] {logging_mixin.py:190} INFO - [2025-03-01T14:20:36.739+0000] {dagbag.py:588} INFO - Filling up the DagBag from /home/airflow/.local/lib/python3.12/site-packages/airflow/example_dags/example_external_task_marker_dag.py
[2025-03-01T14:20:36.748+0000] {processor.py:925} INFO - DAG(s) 'example_external_task_marker_child', 'example_external_task_marker_parent' retrieved from /home/airflow/.local/lib/python3.12/site-packages/airflow/example_dags/example_external_task_marker_dag.py
[2025-03-01T14:20:36.770+0000] {logging_mixin.py:190} INFO - [2025-03-01T14:20:36.770+0000] {dag.py:3239} INFO - Sync 2 DAGs
[2025-03-01T14:20:36.786+0000] {logging_mixin.py:190} INFO - [2025-03-01T14:20:36.786+0000] {dag.py:4180} INFO - Setting next_dagrun for example_external_task_marker_child to None, run_after=None
[2025-03-01T14:20:36.789+0000] {logging_mixin.py:190} INFO - [2025-03-01T14:20:36.789+0000] {dag.py:4180} INFO - Setting next_dagrun for example_external_task_marker_parent to None, run_after=None
[2025-03-01T14:20:36.803+0000] {processor.py:208} INFO - Processing /home/airflow/.local/lib/python3.12/site-packages/airflow/example_dags/example_external_task_marker_dag.py took 0.072 seconds
[2025-03-01T14:21:07.263+0000] {processor.py:186} INFO - Started process (PID=518) to work on /home/airflow/.local/lib/python3.12/site-packages/airflow/example_dags/example_external_task_marker_dag.py
[2025-03-01T14:21:07.264+0000] {processor.py:914} INFO - Processing file /home/airflow/.local/lib/python3.12/site-packages/airflow/example_dags/example_external_task_marker_dag.py for tasks to queue
[2025-03-01T14:21:07.267+0000] {logging_mixin.py:190} INFO - [2025-03-01T14:21:07.267+0000] {dagbag.py:588} INFO - Filling up the DagBag from /home/airflow/.local/lib/python3.12/site-packages/airflow/example_dags/example_external_task_marker_dag.py
[2025-03-01T14:21:07.275+0000] {processor.py:925} INFO - DAG(s) 'example_external_task_marker_child', 'example_external_task_marker_parent' retrieved from /home/airflow/.local/lib/python3.12/site-packages/airflow/example_dags/example_external_task_marker_dag.py
[2025-03-01T14:21:07.298+0000] {logging_mixin.py:190} INFO - [2025-03-01T14:21:07.298+0000] {dag.py:3239} INFO - Sync 2 DAGs
[2025-03-01T14:21:07.314+0000] {logging_mixin.py:190} INFO - [2025-03-01T14:21:07.314+0000] {dag.py:4180} INFO - Setting next_dagrun for example_external_task_marker_child to None, run_after=None
[2025-03-01T14:21:07.318+0000] {logging_mixin.py:190} INFO - [2025-03-01T14:21:07.318+0000] {dag.py:4180} INFO - Setting next_dagrun for example_external_task_marker_parent to None, run_after=None
[2025-03-01T14:21:07.332+0000] {processor.py:208} INFO - Processing /home/airflow/.local/lib/python3.12/site-packages/airflow/example_dags/example_external_task_marker_dag.py took 0.074 seconds
[2025-03-01T14:21:37.912+0000] {processor.py:186} INFO - Started process (PID=581) to work on /home/airflow/.local/lib/python3.12/site-packages/airflow/example_dags/example_external_task_marker_dag.py
[2025-03-01T14:21:37.918+0000] {processor.py:914} INFO - Processing file /home/airflow/.local/lib/python3.12/site-packages/airflow/example_dags/example_external_task_marker_dag.py for tasks to queue
[2025-03-01T14:21:37.926+0000] {logging_mixin.py:190} INFO - [2025-03-01T14:21:37.926+0000] {dagbag.py:588} INFO - Filling up the DagBag from /home/airflow/.local/lib/python3.12/site-packages/airflow/example_dags/example_external_task_marker_dag.py
[2025-03-01T14:21:37.951+0000] {processor.py:925} INFO - DAG(s) 'example_external_task_marker_parent', 'example_external_task_marker_child' retrieved from /home/airflow/.local/lib/python3.12/site-packages/airflow/example_dags/example_external_task_marker_dag.py
[2025-03-01T14:21:38.017+0000] {logging_mixin.py:190} INFO - [2025-03-01T14:21:38.017+0000] {dag.py:3239} INFO - Sync 2 DAGs
[2025-03-01T14:21:38.068+0000] {logging_mixin.py:190} INFO - [2025-03-01T14:21:38.068+0000] {dag.py:4180} INFO - Setting next_dagrun for example_external_task_marker_child to None, run_after=None
[2025-03-01T14:21:38.090+0000] {logging_mixin.py:190} INFO - [2025-03-01T14:21:38.090+0000] {dag.py:4180} INFO - Setting next_dagrun for example_external_task_marker_parent to None, run_after=None
[2025-03-01T14:21:38.143+0000] {processor.py:208} INFO - Processing /home/airflow/.local/lib/python3.12/site-packages/airflow/example_dags/example_external_task_marker_dag.py took 0.267 seconds
[2025-03-01T14:22:08.376+0000] {processor.py:186} INFO - Started process (PID=643) to work on /home/airflow/.local/lib/python3.12/site-packages/airflow/example_dags/example_external_task_marker_dag.py
[2025-03-01T14:22:08.377+0000] {processor.py:914} INFO - Processing file /home/airflow/.local/lib/python3.12/site-packages/airflow/example_dags/example_external_task_marker_dag.py for tasks to queue
[2025-03-01T14:22:08.381+0000] {logging_mixin.py:190} INFO - [2025-03-01T14:22:08.380+0000] {dagbag.py:588} INFO - Filling up the DagBag from /home/airflow/.local/lib/python3.12/site-packages/airflow/example_dags/example_external_task_marker_dag.py
[2025-03-01T14:22:08.392+0000] {processor.py:925} INFO - DAG(s) 'example_external_task_marker_child', 'example_external_task_marker_parent' retrieved from /home/airflow/.local/lib/python3.12/site-packages/airflow/example_dags/example_external_task_marker_dag.py
[2025-03-01T14:22:08.415+0000] {logging_mixin.py:190} INFO - [2025-03-01T14:22:08.415+0000] {dag.py:3239} INFO - Sync 2 DAGs
[2025-03-01T14:22:08.430+0000] {logging_mixin.py:190} INFO - [2025-03-01T14:22:08.430+0000] {dag.py:4180} INFO - Setting next_dagrun for example_external_task_marker_child to None, run_after=None
[2025-03-01T14:22:08.433+0000] {logging_mixin.py:190} INFO - [2025-03-01T14:22:08.433+0000] {dag.py:4180} INFO - Setting next_dagrun for example_external_task_marker_parent to None, run_after=None
[2025-03-01T14:22:08.447+0000] {processor.py:208} INFO - Processing /home/airflow/.local/lib/python3.12/site-packages/airflow/example_dags/example_external_task_marker_dag.py took 0.077 seconds
[2025-03-01T14:22:38.993+0000] {processor.py:186} INFO - Started process (PID=707) to work on /home/airflow/.local/lib/python3.12/site-packages/airflow/example_dags/example_external_task_marker_dag.py
[2025-03-01T14:22:38.993+0000] {processor.py:914} INFO - Processing file /home/airflow/.local/lib/python3.12/site-packages/airflow/example_dags/example_external_task_marker_dag.py for tasks to queue
[2025-03-01T14:22:38.996+0000] {logging_mixin.py:190} INFO - [2025-03-01T14:22:38.996+0000] {dagbag.py:588} INFO - Filling up the DagBag from /home/airflow/.local/lib/python3.12/site-packages/airflow/example_dags/example_external_task_marker_dag.py
[2025-03-01T14:22:39.005+0000] {processor.py:925} INFO - DAG(s) 'example_external_task_marker_parent', 'example_external_task_marker_child' retrieved from /home/airflow/.local/lib/python3.12/site-packages/airflow/example_dags/example_external_task_marker_dag.py
[2025-03-01T14:22:39.028+0000] {logging_mixin.py:190} INFO - [2025-03-01T14:22:39.028+0000] {dag.py:3239} INFO - Sync 2 DAGs
[2025-03-01T14:22:39.044+0000] {logging_mixin.py:190} INFO - [2025-03-01T14:22:39.044+0000] {dag.py:4180} INFO - Setting next_dagrun for example_external_task_marker_child to None, run_after=None
[2025-03-01T14:22:39.049+0000] {logging_mixin.py:190} INFO - [2025-03-01T14:22:39.049+0000] {dag.py:4180} INFO - Setting next_dagrun for example_external_task_marker_parent to None, run_after=None
[2025-03-01T14:22:39.067+0000] {processor.py:208} INFO - Processing /home/airflow/.local/lib/python3.12/site-packages/airflow/example_dags/example_external_task_marker_dag.py took 0.080 seconds
[2025-03-01T14:23:09.524+0000] {processor.py:186} INFO - Started process (PID=771) to work on /home/airflow/.local/lib/python3.12/site-packages/airflow/example_dags/example_external_task_marker_dag.py
[2025-03-01T14:23:09.524+0000] {processor.py:914} INFO - Processing file /home/airflow/.local/lib/python3.12/site-packages/airflow/example_dags/example_external_task_marker_dag.py for tasks to queue
[2025-03-01T14:23:09.527+0000] {logging_mixin.py:190} INFO - [2025-03-01T14:23:09.527+0000] {dagbag.py:588} INFO - Filling up the DagBag from /home/airflow/.local/lib/python3.12/site-packages/airflow/example_dags/example_external_task_marker_dag.py
[2025-03-01T14:23:09.535+0000] {processor.py:925} INFO - DAG(s) 'example_external_task_marker_child', 'example_external_task_marker_parent' retrieved from /home/airflow/.local/lib/python3.12/site-packages/airflow/example_dags/example_external_task_marker_dag.py
[2025-03-01T14:23:09.558+0000] {logging_mixin.py:190} INFO - [2025-03-01T14:23:09.558+0000] {dag.py:3239} INFO - Sync 2 DAGs
[2025-03-01T14:23:09.573+0000] {logging_mixin.py:190} INFO - [2025-03-01T14:23:09.573+0000] {dag.py:4180} INFO - Setting next_dagrun for example_external_task_marker_child to None, run_after=None
[2025-03-01T14:23:09.577+0000] {logging_mixin.py:190} INFO - [2025-03-01T14:23:09.577+0000] {dag.py:4180} INFO - Setting next_dagrun for example_external_task_marker_parent to None, run_after=None
[2025-03-01T14:23:09.591+0000] {processor.py:208} INFO - Processing /home/airflow/.local/lib/python3.12/site-packages/airflow/example_dags/example_external_task_marker_dag.py took 0.072 seconds
[2025-03-01T14:23:40.285+0000] {processor.py:186} INFO - Started process (PID=835) to work on /home/airflow/.local/lib/python3.12/site-packages/airflow/example_dags/example_external_task_marker_dag.py
[2025-03-01T14:23:40.286+0000] {processor.py:914} INFO - Processing file /home/airflow/.local/lib/python3.12/site-packages/airflow/example_dags/example_external_task_marker_dag.py for tasks to queue
[2025-03-01T14:23:40.288+0000] {logging_mixin.py:190} INFO - [2025-03-01T14:23:40.288+0000] {dagbag.py:588} INFO - Filling up the DagBag from /home/airflow/.local/lib/python3.12/site-packages/airflow/example_dags/example_external_task_marker_dag.py
[2025-03-01T14:23:40.296+0000] {processor.py:925} INFO - DAG(s) 'example_external_task_marker_parent', 'example_external_task_marker_child' retrieved from /home/airflow/.local/lib/python3.12/site-packages/airflow/example_dags/example_external_task_marker_dag.py
[2025-03-01T14:23:40.320+0000] {logging_mixin.py:190} INFO - [2025-03-01T14:23:40.320+0000] {dag.py:3239} INFO - Sync 2 DAGs
[2025-03-01T14:23:40.336+0000] {logging_mixin.py:190} INFO - [2025-03-01T14:23:40.336+0000] {dag.py:4180} INFO - Setting next_dagrun for example_external_task_marker_child to None, run_after=None
[2025-03-01T14:23:40.340+0000] {logging_mixin.py:190} INFO - [2025-03-01T14:23:40.339+0000] {dag.py:4180} INFO - Setting next_dagrun for example_external_task_marker_parent to None, run_after=None
[2025-03-01T14:23:40.354+0000] {processor.py:208} INFO - Processing /home/airflow/.local/lib/python3.12/site-packages/airflow/example_dags/example_external_task_marker_dag.py took 0.074 seconds
[2025-03-01T14:24:10.927+0000] {processor.py:186} INFO - Started process (PID=898) to work on /home/airflow/.local/lib/python3.12/site-packages/airflow/example_dags/example_external_task_marker_dag.py
[2025-03-01T14:24:10.928+0000] {processor.py:914} INFO - Processing file /home/airflow/.local/lib/python3.12/site-packages/airflow/example_dags/example_external_task_marker_dag.py for tasks to queue
[2025-03-01T14:24:10.930+0000] {logging_mixin.py:190} INFO - [2025-03-01T14:24:10.930+0000] {dagbag.py:588} INFO - Filling up the DagBag from /home/airflow/.local/lib/python3.12/site-packages/airflow/example_dags/example_external_task_marker_dag.py
[2025-03-01T14:24:10.939+0000] {processor.py:925} INFO - DAG(s) 'example_external_task_marker_parent', 'example_external_task_marker_child' retrieved from /home/airflow/.local/lib/python3.12/site-packages/airflow/example_dags/example_external_task_marker_dag.py
[2025-03-01T14:24:10.963+0000] {logging_mixin.py:190} INFO - [2025-03-01T14:24:10.963+0000] {dag.py:3239} INFO - Sync 2 DAGs
[2025-03-01T14:24:10.979+0000] {logging_mixin.py:190} INFO - [2025-03-01T14:24:10.978+0000] {dag.py:4180} INFO - Setting next_dagrun for example_external_task_marker_child to None, run_after=None
[2025-03-01T14:24:10.982+0000] {logging_mixin.py:190} INFO - [2025-03-01T14:24:10.982+0000] {dag.py:4180} INFO - Setting next_dagrun for example_external_task_marker_parent to None, run_after=None
[2025-03-01T14:24:10.996+0000] {processor.py:208} INFO - Processing /home/airflow/.local/lib/python3.12/site-packages/airflow/example_dags/example_external_task_marker_dag.py took 0.075 seconds
[2025-03-01T14:24:41.403+0000] {processor.py:186} INFO - Started process (PID=961) to work on /home/airflow/.local/lib/python3.12/site-packages/airflow/example_dags/example_external_task_marker_dag.py
[2025-03-01T14:24:41.404+0000] {processor.py:914} INFO - Processing file /home/airflow/.local/lib/python3.12/site-packages/airflow/example_dags/example_external_task_marker_dag.py for tasks to queue
[2025-03-01T14:24:41.405+0000] {logging_mixin.py:190} INFO - [2025-03-01T14:24:41.405+0000] {dagbag.py:588} INFO - Filling up the DagBag from /home/airflow/.local/lib/python3.12/site-packages/airflow/example_dags/example_external_task_marker_dag.py
[2025-03-01T14:24:41.413+0000] {processor.py:925} INFO - DAG(s) 'example_external_task_marker_child', 'example_external_task_marker_parent' retrieved from /home/airflow/.local/lib/python3.12/site-packages/airflow/example_dags/example_external_task_marker_dag.py
[2025-03-01T14:24:41.440+0000] {logging_mixin.py:190} INFO - [2025-03-01T14:24:41.439+0000] {dag.py:3239} INFO - Sync 2 DAGs
[2025-03-01T14:24:41.456+0000] {logging_mixin.py:190} INFO - [2025-03-01T14:24:41.456+0000] {dag.py:4180} INFO - Setting next_dagrun for example_external_task_marker_child to None, run_after=None
[2025-03-01T14:24:41.460+0000] {logging_mixin.py:190} INFO - [2025-03-01T14:24:41.460+0000] {dag.py:4180} INFO - Setting next_dagrun for example_external_task_marker_parent to None, run_after=None
[2025-03-01T14:24:41.474+0000] {processor.py:208} INFO - Processing /home/airflow/.local/lib/python3.12/site-packages/airflow/example_dags/example_external_task_marker_dag.py took 0.077 seconds
[2025-03-01T14:25:12.707+0000] {processor.py:186} INFO - Started process (PID=1024) to work on /home/airflow/.local/lib/python3.12/site-packages/airflow/example_dags/example_external_task_marker_dag.py
[2025-03-01T14:25:12.708+0000] {processor.py:914} INFO - Processing file /home/airflow/.local/lib/python3.12/site-packages/airflow/example_dags/example_external_task_marker_dag.py for tasks to queue
[2025-03-01T14:25:12.710+0000] {logging_mixin.py:190} INFO - [2025-03-01T14:25:12.710+0000] {dagbag.py:588} INFO - Filling up the DagBag from /home/airflow/.local/lib/python3.12/site-packages/airflow/example_dags/example_external_task_marker_dag.py
[2025-03-01T14:25:12.717+0000] {processor.py:925} INFO - DAG(s) 'example_external_task_marker_parent', 'example_external_task_marker_child' retrieved from /home/airflow/.local/lib/python3.12/site-packages/airflow/example_dags/example_external_task_marker_dag.py
[2025-03-01T14:25:12.740+0000] {logging_mixin.py:190} INFO - [2025-03-01T14:25:12.739+0000] {dag.py:3239} INFO - Sync 2 DAGs
[2025-03-01T14:25:12.756+0000] {logging_mixin.py:190} INFO - [2025-03-01T14:25:12.756+0000] {dag.py:4180} INFO - Setting next_dagrun for example_external_task_marker_child to None, run_after=None
[2025-03-01T14:25:12.760+0000] {logging_mixin.py:190} INFO - [2025-03-01T14:25:12.760+0000] {dag.py:4180} INFO - Setting next_dagrun for example_external_task_marker_parent to None, run_after=None
[2025-03-01T14:25:12.775+0000] {processor.py:208} INFO - Processing /home/airflow/.local/lib/python3.12/site-packages/airflow/example_dags/example_external_task_marker_dag.py took 0.073 seconds
[2025-03-01T14:25:43.636+0000] {processor.py:186} INFO - Started process (PID=1084) to work on /home/airflow/.local/lib/python3.12/site-packages/airflow/example_dags/example_external_task_marker_dag.py
[2025-03-01T14:25:43.637+0000] {processor.py:914} INFO - Processing file /home/airflow/.local/lib/python3.12/site-packages/airflow/example_dags/example_external_task_marker_dag.py for tasks to queue
[2025-03-01T14:25:43.639+0000] {logging_mixin.py:190} INFO - [2025-03-01T14:25:43.639+0000] {dagbag.py:588} INFO - Filling up the DagBag from /home/airflow/.local/lib/python3.12/site-packages/airflow/example_dags/example_external_task_marker_dag.py
[2025-03-01T14:25:43.647+0000] {processor.py:925} INFO - DAG(s) 'example_external_task_marker_child', 'example_external_task_marker_parent' retrieved from /home/airflow/.local/lib/python3.12/site-packages/airflow/example_dags/example_external_task_marker_dag.py
[2025-03-01T14:25:43.670+0000] {logging_mixin.py:190} INFO - [2025-03-01T14:25:43.669+0000] {dag.py:3239} INFO - Sync 2 DAGs
[2025-03-01T14:25:43.685+0000] {logging_mixin.py:190} INFO - [2025-03-01T14:25:43.685+0000] {dag.py:4180} INFO - Setting next_dagrun for example_external_task_marker_child to None, run_after=None
[2025-03-01T14:25:43.688+0000] {logging_mixin.py:190} INFO - [2025-03-01T14:25:43.688+0000] {dag.py:4180} INFO - Setting next_dagrun for example_external_task_marker_parent to None, run_after=None
[2025-03-01T14:25:43.702+0000] {processor.py:208} INFO - Processing /home/airflow/.local/lib/python3.12/site-packages/airflow/example_dags/example_external_task_marker_dag.py took 0.073 seconds
[2025-03-01T14:26:14.769+0000] {processor.py:186} INFO - Started process (PID=1140) to work on /home/airflow/.local/lib/python3.12/site-packages/airflow/example_dags/example_external_task_marker_dag.py
[2025-03-01T14:26:14.770+0000] {processor.py:914} INFO - Processing file /home/airflow/.local/lib/python3.12/site-packages/airflow/example_dags/example_external_task_marker_dag.py for tasks to queue
[2025-03-01T14:26:14.772+0000] {logging_mixin.py:190} INFO - [2025-03-01T14:26:14.772+0000] {dagbag.py:588} INFO - Filling up the DagBag from /home/airflow/.local/lib/python3.12/site-packages/airflow/example_dags/example_external_task_marker_dag.py
[2025-03-01T14:26:14.780+0000] {processor.py:925} INFO - DAG(s) 'example_external_task_marker_child', 'example_external_task_marker_parent' retrieved from /home/airflow/.local/lib/python3.12/site-packages/airflow/example_dags/example_external_task_marker_dag.py
[2025-03-01T14:26:14.801+0000] {logging_mixin.py:190} INFO - [2025-03-01T14:26:14.801+0000] {dag.py:3239} INFO - Sync 2 DAGs
[2025-03-01T14:26:14.819+0000] {logging_mixin.py:190} INFO - [2025-03-01T14:26:14.819+0000] {dag.py:4180} INFO - Setting next_dagrun for example_external_task_marker_child to None, run_after=None
[2025-03-01T14:26:14.823+0000] {logging_mixin.py:190} INFO - [2025-03-01T14:26:14.823+0000] {dag.py:4180} INFO - Setting next_dagrun for example_external_task_marker_parent to None, run_after=None
[2025-03-01T14:26:14.837+0000] {processor.py:208} INFO - Processing /home/airflow/.local/lib/python3.12/site-packages/airflow/example_dags/example_external_task_marker_dag.py took 0.075 seconds
[2025-03-01T14:26:45.083+0000] {processor.py:186} INFO - Started process (PID=1194) to work on /home/airflow/.local/lib/python3.12/site-packages/airflow/example_dags/example_external_task_marker_dag.py
[2025-03-01T14:26:45.086+0000] {processor.py:914} INFO - Processing file /home/airflow/.local/lib/python3.12/site-packages/airflow/example_dags/example_external_task_marker_dag.py for tasks to queue
[2025-03-01T14:26:45.089+0000] {logging_mixin.py:190} INFO - [2025-03-01T14:26:45.088+0000] {dagbag.py:588} INFO - Filling up the DagBag from /home/airflow/.local/lib/python3.12/site-packages/airflow/example_dags/example_external_task_marker_dag.py
[2025-03-01T14:26:45.099+0000] {processor.py:925} INFO - DAG(s) 'example_external_task_marker_child', 'example_external_task_marker_parent' retrieved from /home/airflow/.local/lib/python3.12/site-packages/airflow/example_dags/example_external_task_marker_dag.py
[2025-03-01T14:26:45.122+0000] {logging_mixin.py:190} INFO - [2025-03-01T14:26:45.121+0000] {dag.py:3239} INFO - Sync 2 DAGs
[2025-03-01T14:26:45.137+0000] {logging_mixin.py:190} INFO - [2025-03-01T14:26:45.137+0000] {dag.py:4180} INFO - Setting next_dagrun for example_external_task_marker_child to None, run_after=None
[2025-03-01T14:26:45.141+0000] {logging_mixin.py:190} INFO - [2025-03-01T14:26:45.141+0000] {dag.py:4180} INFO - Setting next_dagrun for example_external_task_marker_parent to None, run_after=None
[2025-03-01T14:26:45.155+0000] {processor.py:208} INFO - Processing /home/airflow/.local/lib/python3.12/site-packages/airflow/example_dags/example_external_task_marker_dag.py took 0.077 seconds
[2025-03-01T14:27:15.755+0000] {processor.py:186} INFO - Started process (PID=1257) to work on /home/airflow/.local/lib/python3.12/site-packages/airflow/example_dags/example_external_task_marker_dag.py
[2025-03-01T14:27:15.756+0000] {processor.py:914} INFO - Processing file /home/airflow/.local/lib/python3.12/site-packages/airflow/example_dags/example_external_task_marker_dag.py for tasks to queue
[2025-03-01T14:27:15.759+0000] {logging_mixin.py:190} INFO - [2025-03-01T14:27:15.758+0000] {dagbag.py:588} INFO - Filling up the DagBag from /home/airflow/.local/lib/python3.12/site-packages/airflow/example_dags/example_external_task_marker_dag.py
[2025-03-01T14:27:15.767+0000] {processor.py:925} INFO - DAG(s) 'example_external_task_marker_parent', 'example_external_task_marker_child' retrieved from /home/airflow/.local/lib/python3.12/site-packages/airflow/example_dags/example_external_task_marker_dag.py
[2025-03-01T14:27:15.789+0000] {logging_mixin.py:190} INFO - [2025-03-01T14:27:15.789+0000] {dag.py:3239} INFO - Sync 2 DAGs
[2025-03-01T14:27:15.805+0000] {logging_mixin.py:190} INFO - [2025-03-01T14:27:15.805+0000] {dag.py:4180} INFO - Setting next_dagrun for example_external_task_marker_child to None, run_after=None
[2025-03-01T14:27:15.810+0000] {logging_mixin.py:190} INFO - [2025-03-01T14:27:15.810+0000] {dag.py:4180} INFO - Setting next_dagrun for example_external_task_marker_parent to None, run_after=None
[2025-03-01T14:27:15.824+0000] {processor.py:208} INFO - Processing /home/airflow/.local/lib/python3.12/site-packages/airflow/example_dags/example_external_task_marker_dag.py took 0.074 seconds
[2025-03-01T14:27:46.301+0000] {processor.py:186} INFO - Started process (PID=1320) to work on /home/airflow/.local/lib/python3.12/site-packages/airflow/example_dags/example_external_task_marker_dag.py
[2025-03-01T14:27:46.302+0000] {processor.py:914} INFO - Processing file /home/airflow/.local/lib/python3.12/site-packages/airflow/example_dags/example_external_task_marker_dag.py for tasks to queue
[2025-03-01T14:27:46.305+0000] {logging_mixin.py:190} INFO - [2025-03-01T14:27:46.305+0000] {dagbag.py:588} INFO - Filling up the DagBag from /home/airflow/.local/lib/python3.12/site-packages/airflow/example_dags/example_external_task_marker_dag.py
[2025-03-01T14:27:46.313+0000] {processor.py:925} INFO - DAG(s) 'example_external_task_marker_parent', 'example_external_task_marker_child' retrieved from /home/airflow/.local/lib/python3.12/site-packages/airflow/example_dags/example_external_task_marker_dag.py
[2025-03-01T14:27:46.335+0000] {logging_mixin.py:190} INFO - [2025-03-01T14:27:46.335+0000] {dag.py:3239} INFO - Sync 2 DAGs
[2025-03-01T14:27:46.351+0000] {logging_mixin.py:190} INFO - [2025-03-01T14:27:46.350+0000] {dag.py:4180} INFO - Setting next_dagrun for example_external_task_marker_child to None, run_after=None
[2025-03-01T14:27:46.354+0000] {logging_mixin.py:190} INFO - [2025-03-01T14:27:46.354+0000] {dag.py:4180} INFO - Setting next_dagrun for example_external_task_marker_parent to None, run_after=None
[2025-03-01T14:27:46.368+0000] {processor.py:208} INFO - Processing /home/airflow/.local/lib/python3.12/site-packages/airflow/example_dags/example_external_task_marker_dag.py took 0.073 seconds
[2025-03-01T14:28:16.557+0000] {processor.py:186} INFO - Started process (PID=1383) to work on /home/airflow/.local/lib/python3.12/site-packages/airflow/example_dags/example_external_task_marker_dag.py
[2025-03-01T14:28:16.558+0000] {processor.py:914} INFO - Processing file /home/airflow/.local/lib/python3.12/site-packages/airflow/example_dags/example_external_task_marker_dag.py for tasks to queue
[2025-03-01T14:28:16.561+0000] {logging_mixin.py:190} INFO - [2025-03-01T14:28:16.561+0000] {dagbag.py:588} INFO - Filling up the DagBag from /home/airflow/.local/lib/python3.12/site-packages/airflow/example_dags/example_external_task_marker_dag.py
[2025-03-01T14:28:16.571+0000] {processor.py:925} INFO - DAG(s) 'example_external_task_marker_child', 'example_external_task_marker_parent' retrieved from /home/airflow/.local/lib/python3.12/site-packages/airflow/example_dags/example_external_task_marker_dag.py
[2025-03-01T14:28:16.593+0000] {logging_mixin.py:190} INFO - [2025-03-01T14:28:16.593+0000] {dag.py:3239} INFO - Sync 2 DAGs
[2025-03-01T14:28:16.609+0000] {logging_mixin.py:190} INFO - [2025-03-01T14:28:16.609+0000] {dag.py:4180} INFO - Setting next_dagrun for example_external_task_marker_child to None, run_after=None
[2025-03-01T14:28:16.613+0000] {logging_mixin.py:190} INFO - [2025-03-01T14:28:16.613+0000] {dag.py:4180} INFO - Setting next_dagrun for example_external_task_marker_parent to None, run_after=None
[2025-03-01T14:28:16.627+0000] {processor.py:208} INFO - Processing /home/airflow/.local/lib/python3.12/site-packages/airflow/example_dags/example_external_task_marker_dag.py took 0.075 seconds
[2025-03-01T14:28:47.246+0000] {processor.py:186} INFO - Started process (PID=1446) to work on /home/airflow/.local/lib/python3.12/site-packages/airflow/example_dags/example_external_task_marker_dag.py
[2025-03-01T14:28:47.247+0000] {processor.py:914} INFO - Processing file /home/airflow/.local/lib/python3.12/site-packages/airflow/example_dags/example_external_task_marker_dag.py for tasks to queue
[2025-03-01T14:28:47.250+0000] {logging_mixin.py:190} INFO - [2025-03-01T14:28:47.250+0000] {dagbag.py:588} INFO - Filling up the DagBag from /home/airflow/.local/lib/python3.12/site-packages/airflow/example_dags/example_external_task_marker_dag.py
[2025-03-01T14:28:47.258+0000] {processor.py:925} INFO - DAG(s) 'example_external_task_marker_parent', 'example_external_task_marker_child' retrieved from /home/airflow/.local/lib/python3.12/site-packages/airflow/example_dags/example_external_task_marker_dag.py
[2025-03-01T14:28:47.281+0000] {logging_mixin.py:190} INFO - [2025-03-01T14:28:47.280+0000] {dag.py:3239} INFO - Sync 2 DAGs
[2025-03-01T14:28:47.297+0000] {logging_mixin.py:190} INFO - [2025-03-01T14:28:47.296+0000] {dag.py:4180} INFO - Setting next_dagrun for example_external_task_marker_child to None, run_after=None
[2025-03-01T14:28:47.300+0000] {logging_mixin.py:190} INFO - [2025-03-01T14:28:47.300+0000] {dag.py:4180} INFO - Setting next_dagrun for example_external_task_marker_parent to None, run_after=None
[2025-03-01T14:28:47.313+0000] {processor.py:208} INFO - Processing /home/airflow/.local/lib/python3.12/site-packages/airflow/example_dags/example_external_task_marker_dag.py took 0.080 seconds
[2025-03-01T14:29:17.512+0000] {processor.py:186} INFO - Started process (PID=1510) to work on /home/airflow/.local/lib/python3.12/site-packages/airflow/example_dags/example_external_task_marker_dag.py
[2025-03-01T14:29:17.513+0000] {processor.py:914} INFO - Processing file /home/airflow/.local/lib/python3.12/site-packages/airflow/example_dags/example_external_task_marker_dag.py for tasks to queue
[2025-03-01T14:29:17.516+0000] {logging_mixin.py:190} INFO - [2025-03-01T14:29:17.516+0000] {dagbag.py:588} INFO - Filling up the DagBag from /home/airflow/.local/lib/python3.12/site-packages/airflow/example_dags/example_external_task_marker_dag.py
[2025-03-01T14:29:17.524+0000] {processor.py:925} INFO - DAG(s) 'example_external_task_marker_child', 'example_external_task_marker_parent' retrieved from /home/airflow/.local/lib/python3.12/site-packages/airflow/example_dags/example_external_task_marker_dag.py
[2025-03-01T14:29:17.559+0000] {logging_mixin.py:190} INFO - [2025-03-01T14:29:17.559+0000] {dag.py:3239} INFO - Sync 2 DAGs
[2025-03-01T14:29:17.587+0000] {logging_mixin.py:190} INFO - [2025-03-01T14:29:17.586+0000] {dag.py:4180} INFO - Setting next_dagrun for example_external_task_marker_child to None, run_after=None
[2025-03-01T14:29:17.598+0000] {logging_mixin.py:190} INFO - [2025-03-01T14:29:17.598+0000] {dag.py:4180} INFO - Setting next_dagrun for example_external_task_marker_parent to None, run_after=None
[2025-03-01T14:29:17.617+0000] {processor.py:208} INFO - Processing /home/airflow/.local/lib/python3.12/site-packages/airflow/example_dags/example_external_task_marker_dag.py took 0.117 seconds
[2025-03-01T14:29:47.915+0000] {processor.py:186} INFO - Started process (PID=1573) to work on /home/airflow/.local/lib/python3.12/site-packages/airflow/example_dags/example_external_task_marker_dag.py
[2025-03-01T14:29:47.920+0000] {processor.py:914} INFO - Processing file /home/airflow/.local/lib/python3.12/site-packages/airflow/example_dags/example_external_task_marker_dag.py for tasks to queue
[2025-03-01T14:29:47.923+0000] {logging_mixin.py:190} INFO - [2025-03-01T14:29:47.923+0000] {dagbag.py:588} INFO - Filling up the DagBag from /home/airflow/.local/lib/python3.12/site-packages/airflow/example_dags/example_external_task_marker_dag.py
[2025-03-01T14:29:47.942+0000] {processor.py:925} INFO - DAG(s) 'example_external_task_marker_parent', 'example_external_task_marker_child' retrieved from /home/airflow/.local/lib/python3.12/site-packages/airflow/example_dags/example_external_task_marker_dag.py
[2025-03-01T14:29:47.974+0000] {logging_mixin.py:190} INFO - [2025-03-01T14:29:47.974+0000] {dag.py:3239} INFO - Sync 2 DAGs
[2025-03-01T14:29:48.004+0000] {logging_mixin.py:190} INFO - [2025-03-01T14:29:48.004+0000] {dag.py:4180} INFO - Setting next_dagrun for example_external_task_marker_child to None, run_after=None
[2025-03-01T14:29:48.008+0000] {logging_mixin.py:190} INFO - [2025-03-01T14:29:48.008+0000] {dag.py:4180} INFO - Setting next_dagrun for example_external_task_marker_parent to None, run_after=None
[2025-03-01T14:29:48.036+0000] {processor.py:208} INFO - Processing /home/airflow/.local/lib/python3.12/site-packages/airflow/example_dags/example_external_task_marker_dag.py took 0.137 seconds
[2025-03-01T14:30:18.296+0000] {processor.py:186} INFO - Started process (PID=1636) to work on /home/airflow/.local/lib/python3.12/site-packages/airflow/example_dags/example_external_task_marker_dag.py
[2025-03-01T14:30:18.315+0000] {processor.py:914} INFO - Processing file /home/airflow/.local/lib/python3.12/site-packages/airflow/example_dags/example_external_task_marker_dag.py for tasks to queue
[2025-03-01T14:30:18.323+0000] {logging_mixin.py:190} INFO - [2025-03-01T14:30:18.317+0000] {dagbag.py:588} INFO - Filling up the DagBag from /home/airflow/.local/lib/python3.12/site-packages/airflow/example_dags/example_external_task_marker_dag.py
[2025-03-01T14:30:18.345+0000] {processor.py:925} INFO - DAG(s) 'example_external_task_marker_parent', 'example_external_task_marker_child' retrieved from /home/airflow/.local/lib/python3.12/site-packages/airflow/example_dags/example_external_task_marker_dag.py
[2025-03-01T14:30:18.413+0000] {logging_mixin.py:190} INFO - [2025-03-01T14:30:18.412+0000] {dag.py:3239} INFO - Sync 2 DAGs
[2025-03-01T14:30:18.443+0000] {logging_mixin.py:190} INFO - [2025-03-01T14:30:18.443+0000] {dag.py:4180} INFO - Setting next_dagrun for example_external_task_marker_child to None, run_after=None
[2025-03-01T14:30:18.451+0000] {logging_mixin.py:190} INFO - [2025-03-01T14:30:18.451+0000] {dag.py:4180} INFO - Setting next_dagrun for example_external_task_marker_parent to None, run_after=None
[2025-03-01T14:30:18.485+0000] {processor.py:208} INFO - Processing /home/airflow/.local/lib/python3.12/site-packages/airflow/example_dags/example_external_task_marker_dag.py took 0.209 seconds
[2025-03-01T14:30:48.575+0000] {processor.py:186} INFO - Started process (PID=1699) to work on /home/airflow/.local/lib/python3.12/site-packages/airflow/example_dags/example_external_task_marker_dag.py
[2025-03-01T14:30:48.578+0000] {processor.py:914} INFO - Processing file /home/airflow/.local/lib/python3.12/site-packages/airflow/example_dags/example_external_task_marker_dag.py for tasks to queue
[2025-03-01T14:30:48.581+0000] {logging_mixin.py:190} INFO - [2025-03-01T14:30:48.581+0000] {dagbag.py:588} INFO - Filling up the DagBag from /home/airflow/.local/lib/python3.12/site-packages/airflow/example_dags/example_external_task_marker_dag.py
[2025-03-01T14:30:48.593+0000] {processor.py:925} INFO - DAG(s) 'example_external_task_marker_child', 'example_external_task_marker_parent' retrieved from /home/airflow/.local/lib/python3.12/site-packages/airflow/example_dags/example_external_task_marker_dag.py
[2025-03-01T14:30:48.618+0000] {logging_mixin.py:190} INFO - [2025-03-01T14:30:48.618+0000] {dag.py:3239} INFO - Sync 2 DAGs
[2025-03-01T14:30:48.633+0000] {logging_mixin.py:190} INFO - [2025-03-01T14:30:48.633+0000] {dag.py:4180} INFO - Setting next_dagrun for example_external_task_marker_child to None, run_after=None
[2025-03-01T14:30:48.637+0000] {logging_mixin.py:190} INFO - [2025-03-01T14:30:48.636+0000] {dag.py:4180} INFO - Setting next_dagrun for example_external_task_marker_parent to None, run_after=None
[2025-03-01T14:30:48.656+0000] {processor.py:208} INFO - Processing /home/airflow/.local/lib/python3.12/site-packages/airflow/example_dags/example_external_task_marker_dag.py took 0.086 seconds
[2025-03-01T14:31:18.959+0000] {processor.py:186} INFO - Started process (PID=1763) to work on /home/airflow/.local/lib/python3.12/site-packages/airflow/example_dags/example_external_task_marker_dag.py
[2025-03-01T14:31:18.960+0000] {processor.py:914} INFO - Processing file /home/airflow/.local/lib/python3.12/site-packages/airflow/example_dags/example_external_task_marker_dag.py for tasks to queue
[2025-03-01T14:31:18.963+0000] {logging_mixin.py:190} INFO - [2025-03-01T14:31:18.962+0000] {dagbag.py:588} INFO - Filling up the DagBag from /home/airflow/.local/lib/python3.12/site-packages/airflow/example_dags/example_external_task_marker_dag.py
[2025-03-01T14:31:18.971+0000] {processor.py:925} INFO - DAG(s) 'example_external_task_marker_parent', 'example_external_task_marker_child' retrieved from /home/airflow/.local/lib/python3.12/site-packages/airflow/example_dags/example_external_task_marker_dag.py
[2025-03-01T14:31:18.993+0000] {logging_mixin.py:190} INFO - [2025-03-01T14:31:18.993+0000] {dag.py:3239} INFO - Sync 2 DAGs
[2025-03-01T14:31:19.009+0000] {logging_mixin.py:190} INFO - [2025-03-01T14:31:19.009+0000] {dag.py:4180} INFO - Setting next_dagrun for example_external_task_marker_child to None, run_after=None
[2025-03-01T14:31:19.013+0000] {logging_mixin.py:190} INFO - [2025-03-01T14:31:19.013+0000] {dag.py:4180} INFO - Setting next_dagrun for example_external_task_marker_parent to None, run_after=None
[2025-03-01T14:31:19.027+0000] {processor.py:208} INFO - Processing /home/airflow/.local/lib/python3.12/site-packages/airflow/example_dags/example_external_task_marker_dag.py took 0.073 seconds
[2025-03-01T14:31:49.324+0000] {processor.py:186} INFO - Started process (PID=1826) to work on /home/airflow/.local/lib/python3.12/site-packages/airflow/example_dags/example_external_task_marker_dag.py
[2025-03-01T14:31:49.326+0000] {processor.py:914} INFO - Processing file /home/airflow/.local/lib/python3.12/site-packages/airflow/example_dags/example_external_task_marker_dag.py for tasks to queue
[2025-03-01T14:31:49.330+0000] {logging_mixin.py:190} INFO - [2025-03-01T14:31:49.330+0000] {dagbag.py:588} INFO - Filling up the DagBag from /home/airflow/.local/lib/python3.12/site-packages/airflow/example_dags/example_external_task_marker_dag.py
[2025-03-01T14:31:49.341+0000] {processor.py:925} INFO - DAG(s) 'example_external_task_marker_parent', 'example_external_task_marker_child' retrieved from /home/airflow/.local/lib/python3.12/site-packages/airflow/example_dags/example_external_task_marker_dag.py
[2025-03-01T14:31:49.364+0000] {logging_mixin.py:190} INFO - [2025-03-01T14:31:49.363+0000] {dag.py:3239} INFO - Sync 2 DAGs
[2025-03-01T14:31:49.379+0000] {logging_mixin.py:190} INFO - [2025-03-01T14:31:49.379+0000] {dag.py:4180} INFO - Setting next_dagrun for example_external_task_marker_child to None, run_after=None
[2025-03-01T14:31:49.383+0000] {logging_mixin.py:190} INFO - [2025-03-01T14:31:49.383+0000] {dag.py:4180} INFO - Setting next_dagrun for example_external_task_marker_parent to None, run_after=None
[2025-03-01T14:31:49.396+0000] {processor.py:208} INFO - Processing /home/airflow/.local/lib/python3.12/site-packages/airflow/example_dags/example_external_task_marker_dag.py took 0.077 seconds
[2025-03-01T14:32:19.830+0000] {processor.py:186} INFO - Started process (PID=1889) to work on /home/airflow/.local/lib/python3.12/site-packages/airflow/example_dags/example_external_task_marker_dag.py
[2025-03-01T14:32:19.831+0000] {processor.py:914} INFO - Processing file /home/airflow/.local/lib/python3.12/site-packages/airflow/example_dags/example_external_task_marker_dag.py for tasks to queue
[2025-03-01T14:32:19.834+0000] {logging_mixin.py:190} INFO - [2025-03-01T14:32:19.834+0000] {dagbag.py:588} INFO - Filling up the DagBag from /home/airflow/.local/lib/python3.12/site-packages/airflow/example_dags/example_external_task_marker_dag.py
[2025-03-01T14:32:19.847+0000] {processor.py:925} INFO - DAG(s) 'example_external_task_marker_parent', 'example_external_task_marker_child' retrieved from /home/airflow/.local/lib/python3.12/site-packages/airflow/example_dags/example_external_task_marker_dag.py
[2025-03-01T14:32:19.873+0000] {logging_mixin.py:190} INFO - [2025-03-01T14:32:19.872+0000] {dag.py:3239} INFO - Sync 2 DAGs
[2025-03-01T14:32:19.899+0000] {logging_mixin.py:190} INFO - [2025-03-01T14:32:19.897+0000] {dag.py:4180} INFO - Setting next_dagrun for example_external_task_marker_child to None, run_after=None
[2025-03-01T14:32:19.910+0000] {logging_mixin.py:190} INFO - [2025-03-01T14:32:19.909+0000] {dag.py:4180} INFO - Setting next_dagrun for example_external_task_marker_parent to None, run_after=None
[2025-03-01T14:32:19.932+0000] {processor.py:208} INFO - Processing /home/airflow/.local/lib/python3.12/site-packages/airflow/example_dags/example_external_task_marker_dag.py took 0.108 seconds
[2025-03-01T14:32:50.248+0000] {processor.py:186} INFO - Started process (PID=1952) to work on /home/airflow/.local/lib/python3.12/site-packages/airflow/example_dags/example_external_task_marker_dag.py
[2025-03-01T14:32:50.249+0000] {processor.py:914} INFO - Processing file /home/airflow/.local/lib/python3.12/site-packages/airflow/example_dags/example_external_task_marker_dag.py for tasks to queue
[2025-03-01T14:32:50.253+0000] {logging_mixin.py:190} INFO - [2025-03-01T14:32:50.253+0000] {dagbag.py:588} INFO - Filling up the DagBag from /home/airflow/.local/lib/python3.12/site-packages/airflow/example_dags/example_external_task_marker_dag.py
[2025-03-01T14:32:50.264+0000] {processor.py:925} INFO - DAG(s) 'example_external_task_marker_parent', 'example_external_task_marker_child' retrieved from /home/airflow/.local/lib/python3.12/site-packages/airflow/example_dags/example_external_task_marker_dag.py
[2025-03-01T14:32:50.289+0000] {logging_mixin.py:190} INFO - [2025-03-01T14:32:50.289+0000] {dag.py:3239} INFO - Sync 2 DAGs
[2025-03-01T14:32:50.305+0000] {logging_mixin.py:190} INFO - [2025-03-01T14:32:50.305+0000] {dag.py:4180} INFO - Setting next_dagrun for example_external_task_marker_child to None, run_after=None
[2025-03-01T14:32:50.309+0000] {logging_mixin.py:190} INFO - [2025-03-01T14:32:50.308+0000] {dag.py:4180} INFO - Setting next_dagrun for example_external_task_marker_parent to None, run_after=None
[2025-03-01T14:32:50.322+0000] {processor.py:208} INFO - Processing /home/airflow/.local/lib/python3.12/site-packages/airflow/example_dags/example_external_task_marker_dag.py took 0.080 seconds
[2025-03-01T14:33:20.466+0000] {processor.py:186} INFO - Started process (PID=2015) to work on /home/airflow/.local/lib/python3.12/site-packages/airflow/example_dags/example_external_task_marker_dag.py
[2025-03-01T14:33:20.467+0000] {processor.py:914} INFO - Processing file /home/airflow/.local/lib/python3.12/site-packages/airflow/example_dags/example_external_task_marker_dag.py for tasks to queue
[2025-03-01T14:33:20.469+0000] {logging_mixin.py:190} INFO - [2025-03-01T14:33:20.469+0000] {dagbag.py:588} INFO - Filling up the DagBag from /home/airflow/.local/lib/python3.12/site-packages/airflow/example_dags/example_external_task_marker_dag.py
[2025-03-01T14:33:20.477+0000] {processor.py:925} INFO - DAG(s) 'example_external_task_marker_child', 'example_external_task_marker_parent' retrieved from /home/airflow/.local/lib/python3.12/site-packages/airflow/example_dags/example_external_task_marker_dag.py
[2025-03-01T14:33:20.500+0000] {logging_mixin.py:190} INFO - [2025-03-01T14:33:20.500+0000] {dag.py:3239} INFO - Sync 2 DAGs
[2025-03-01T14:33:20.515+0000] {logging_mixin.py:190} INFO - [2025-03-01T14:33:20.515+0000] {dag.py:4180} INFO - Setting next_dagrun for example_external_task_marker_child to None, run_after=None
[2025-03-01T14:33:20.519+0000] {logging_mixin.py:190} INFO - [2025-03-01T14:33:20.519+0000] {dag.py:4180} INFO - Setting next_dagrun for example_external_task_marker_parent to None, run_after=None
[2025-03-01T14:33:20.534+0000] {processor.py:208} INFO - Processing /home/airflow/.local/lib/python3.12/site-packages/airflow/example_dags/example_external_task_marker_dag.py took 0.073 seconds
