[2025-03-01T14:17:43.500+0000] {processor.py:186} INFO - Started process (PID=91) to work on /home/airflow/.local/lib/python3.12/site-packages/airflow/example_dags/example_nested_branch_dag.py
[2025-03-01T14:17:43.515+0000] {processor.py:914} INFO - Processing file /home/airflow/.local/lib/python3.12/site-packages/airflow/example_dags/example_nested_branch_dag.py for tasks to queue
[2025-03-01T14:17:43.526+0000] {logging_mixin.py:190} INFO - [2025-03-01T14:17:43.525+0000] {dagbag.py:588} INFO - Filling up the DagBag from /home/airflow/.local/lib/python3.12/site-packages/airflow/example_dags/example_nested_branch_dag.py
[2025-03-01T14:17:43.596+0000] {processor.py:925} INFO - DAG(s) 'example_nested_branch_dag' retrieved from /home/airflow/.local/lib/python3.12/site-packages/airflow/example_dags/example_nested_branch_dag.py
[2025-03-01T14:17:43.980+0000] {logging_mixin.py:190} INFO - [2025-03-01T14:17:43.980+0000] {override.py:1912} INFO - Created Permission View: can edit on DAG:example_nested_branch_dag
[2025-03-01T14:17:44.011+0000] {logging_mixin.py:190} INFO - [2025-03-01T14:17:44.011+0000] {override.py:1912} INFO - Created Permission View: can read on DAG:example_nested_branch_dag
[2025-03-01T14:17:44.023+0000] {logging_mixin.py:190} INFO - [2025-03-01T14:17:44.023+0000] {override.py:1912} INFO - Created Permission View: can delete on DAG:example_nested_branch_dag
[2025-03-01T14:17:44.036+0000] {logging_mixin.py:190} INFO - [2025-03-01T14:17:44.035+0000] {override.py:1912} INFO - Created Permission View: menu access on DAG Run:example_nested_branch_dag
[2025-03-01T14:17:44.046+0000] {logging_mixin.py:190} INFO - [2025-03-01T14:17:44.046+0000] {override.py:1912} INFO - Created Permission View: can read on DAG Run:example_nested_branch_dag
[2025-03-01T14:17:44.063+0000] {logging_mixin.py:190} INFO - [2025-03-01T14:17:44.063+0000] {override.py:1912} INFO - Created Permission View: can create on DAG Run:example_nested_branch_dag
[2025-03-01T14:17:44.076+0000] {logging_mixin.py:190} INFO - [2025-03-01T14:17:44.076+0000] {override.py:1912} INFO - Created Permission View: can delete on DAG Run:example_nested_branch_dag
[2025-03-01T14:17:44.077+0000] {logging_mixin.py:190} INFO - [2025-03-01T14:17:44.077+0000] {dag.py:3239} INFO - Sync 1 DAGs
[2025-03-01T14:17:44.110+0000] {logging_mixin.py:190} INFO - [2025-03-01T14:17:44.110+0000] {dag.py:3262} INFO - Creating ORM DAG for example_nested_branch_dag
[2025-03-01T14:17:44.138+0000] {logging_mixin.py:190} INFO - [2025-03-01T14:17:44.138+0000] {dag.py:4180} INFO - Setting next_dagrun for example_nested_branch_dag to 2025-02-28 00:00:00+00:00, run_after=2025-03-01 00:00:00+00:00
[2025-03-01T14:17:44.191+0000] {processor.py:208} INFO - Processing /home/airflow/.local/lib/python3.12/site-packages/airflow/example_dags/example_nested_branch_dag.py took 0.713 seconds
[2025-03-01T14:18:14.692+0000] {processor.py:186} INFO - Started process (PID=154) to work on /home/airflow/.local/lib/python3.12/site-packages/airflow/example_dags/example_nested_branch_dag.py
[2025-03-01T14:18:14.693+0000] {processor.py:914} INFO - Processing file /home/airflow/.local/lib/python3.12/site-packages/airflow/example_dags/example_nested_branch_dag.py for tasks to queue
[2025-03-01T14:18:14.695+0000] {logging_mixin.py:190} INFO - [2025-03-01T14:18:14.695+0000] {dagbag.py:588} INFO - Filling up the DagBag from /home/airflow/.local/lib/python3.12/site-packages/airflow/example_dags/example_nested_branch_dag.py
[2025-03-01T14:18:14.707+0000] {processor.py:925} INFO - DAG(s) 'example_nested_branch_dag' retrieved from /home/airflow/.local/lib/python3.12/site-packages/airflow/example_dags/example_nested_branch_dag.py
[2025-03-01T14:18:14.727+0000] {logging_mixin.py:190} INFO - [2025-03-01T14:18:14.727+0000] {dag.py:3239} INFO - Sync 1 DAGs
[2025-03-01T14:18:14.753+0000] {logging_mixin.py:190} INFO - [2025-03-01T14:18:14.752+0000] {dag.py:4180} INFO - Setting next_dagrun for example_nested_branch_dag to 2025-02-28 00:00:00+00:00, run_after=2025-03-01 00:00:00+00:00
[2025-03-01T14:18:14.768+0000] {processor.py:208} INFO - Processing /home/airflow/.local/lib/python3.12/site-packages/airflow/example_dags/example_nested_branch_dag.py took 0.089 seconds
[2025-03-01T14:18:45.653+0000] {processor.py:186} INFO - Started process (PID=217) to work on /home/airflow/.local/lib/python3.12/site-packages/airflow/example_dags/example_nested_branch_dag.py
[2025-03-01T14:18:45.675+0000] {processor.py:914} INFO - Processing file /home/airflow/.local/lib/python3.12/site-packages/airflow/example_dags/example_nested_branch_dag.py for tasks to queue
[2025-03-01T14:18:45.691+0000] {logging_mixin.py:190} INFO - [2025-03-01T14:18:45.691+0000] {dagbag.py:588} INFO - Filling up the DagBag from /home/airflow/.local/lib/python3.12/site-packages/airflow/example_dags/example_nested_branch_dag.py
[2025-03-01T14:18:45.736+0000] {processor.py:925} INFO - DAG(s) 'example_nested_branch_dag' retrieved from /home/airflow/.local/lib/python3.12/site-packages/airflow/example_dags/example_nested_branch_dag.py
[2025-03-01T14:18:45.870+0000] {logging_mixin.py:190} INFO - [2025-03-01T14:18:45.865+0000] {dag.py:3239} INFO - Sync 1 DAGs
[2025-03-01T14:18:45.978+0000] {logging_mixin.py:190} INFO - [2025-03-01T14:18:45.978+0000] {dag.py:4180} INFO - Setting next_dagrun for example_nested_branch_dag to 2025-02-28 00:00:00+00:00, run_after=2025-03-01 00:00:00+00:00
[2025-03-01T14:18:46.054+0000] {processor.py:208} INFO - Processing /home/airflow/.local/lib/python3.12/site-packages/airflow/example_dags/example_nested_branch_dag.py took 0.411 seconds
[2025-03-01T14:19:16.298+0000] {processor.py:186} INFO - Started process (PID=280) to work on /home/airflow/.local/lib/python3.12/site-packages/airflow/example_dags/example_nested_branch_dag.py
[2025-03-01T14:19:16.299+0000] {processor.py:914} INFO - Processing file /home/airflow/.local/lib/python3.12/site-packages/airflow/example_dags/example_nested_branch_dag.py for tasks to queue
[2025-03-01T14:19:16.301+0000] {logging_mixin.py:190} INFO - [2025-03-01T14:19:16.301+0000] {dagbag.py:588} INFO - Filling up the DagBag from /home/airflow/.local/lib/python3.12/site-packages/airflow/example_dags/example_nested_branch_dag.py
[2025-03-01T14:19:16.313+0000] {processor.py:925} INFO - DAG(s) 'example_nested_branch_dag' retrieved from /home/airflow/.local/lib/python3.12/site-packages/airflow/example_dags/example_nested_branch_dag.py
[2025-03-01T14:19:16.334+0000] {logging_mixin.py:190} INFO - [2025-03-01T14:19:16.334+0000] {dag.py:3239} INFO - Sync 1 DAGs
[2025-03-01T14:19:16.359+0000] {logging_mixin.py:190} INFO - [2025-03-01T14:19:16.359+0000] {dag.py:4180} INFO - Setting next_dagrun for example_nested_branch_dag to 2025-02-28 00:00:00+00:00, run_after=2025-03-01 00:00:00+00:00
[2025-03-01T14:19:16.376+0000] {processor.py:208} INFO - Processing /home/airflow/.local/lib/python3.12/site-packages/airflow/example_dags/example_nested_branch_dag.py took 0.083 seconds
[2025-03-01T14:19:46.460+0000] {processor.py:186} INFO - Started process (PID=342) to work on /home/airflow/.local/lib/python3.12/site-packages/airflow/example_dags/example_nested_branch_dag.py
[2025-03-01T14:19:46.460+0000] {processor.py:914} INFO - Processing file /home/airflow/.local/lib/python3.12/site-packages/airflow/example_dags/example_nested_branch_dag.py for tasks to queue
[2025-03-01T14:19:46.463+0000] {logging_mixin.py:190} INFO - [2025-03-01T14:19:46.463+0000] {dagbag.py:588} INFO - Filling up the DagBag from /home/airflow/.local/lib/python3.12/site-packages/airflow/example_dags/example_nested_branch_dag.py
[2025-03-01T14:19:46.474+0000] {processor.py:925} INFO - DAG(s) 'example_nested_branch_dag' retrieved from /home/airflow/.local/lib/python3.12/site-packages/airflow/example_dags/example_nested_branch_dag.py
[2025-03-01T14:19:46.495+0000] {logging_mixin.py:190} INFO - [2025-03-01T14:19:46.494+0000] {dag.py:3239} INFO - Sync 1 DAGs
[2025-03-01T14:19:46.519+0000] {logging_mixin.py:190} INFO - [2025-03-01T14:19:46.519+0000] {dag.py:4180} INFO - Setting next_dagrun for example_nested_branch_dag to 2025-02-28 00:00:00+00:00, run_after=2025-03-01 00:00:00+00:00
[2025-03-01T14:19:46.535+0000] {processor.py:208} INFO - Processing /home/airflow/.local/lib/python3.12/site-packages/airflow/example_dags/example_nested_branch_dag.py took 0.081 seconds
[2025-03-01T14:20:16.928+0000] {processor.py:186} INFO - Started process (PID=405) to work on /home/airflow/.local/lib/python3.12/site-packages/airflow/example_dags/example_nested_branch_dag.py
[2025-03-01T14:20:16.929+0000] {processor.py:914} INFO - Processing file /home/airflow/.local/lib/python3.12/site-packages/airflow/example_dags/example_nested_branch_dag.py for tasks to queue
[2025-03-01T14:20:16.931+0000] {logging_mixin.py:190} INFO - [2025-03-01T14:20:16.931+0000] {dagbag.py:588} INFO - Filling up the DagBag from /home/airflow/.local/lib/python3.12/site-packages/airflow/example_dags/example_nested_branch_dag.py
[2025-03-01T14:20:16.942+0000] {processor.py:925} INFO - DAG(s) 'example_nested_branch_dag' retrieved from /home/airflow/.local/lib/python3.12/site-packages/airflow/example_dags/example_nested_branch_dag.py
[2025-03-01T14:20:16.963+0000] {logging_mixin.py:190} INFO - [2025-03-01T14:20:16.963+0000] {dag.py:3239} INFO - Sync 1 DAGs
[2025-03-01T14:20:16.988+0000] {logging_mixin.py:190} INFO - [2025-03-01T14:20:16.987+0000] {dag.py:4180} INFO - Setting next_dagrun for example_nested_branch_dag to 2025-02-28 00:00:00+00:00, run_after=2025-03-01 00:00:00+00:00
[2025-03-01T14:20:17.006+0000] {processor.py:208} INFO - Processing /home/airflow/.local/lib/python3.12/site-packages/airflow/example_dags/example_nested_branch_dag.py took 0.084 seconds
[2025-03-01T14:20:47.339+0000] {processor.py:186} INFO - Started process (PID=468) to work on /home/airflow/.local/lib/python3.12/site-packages/airflow/example_dags/example_nested_branch_dag.py
[2025-03-01T14:20:47.340+0000] {processor.py:914} INFO - Processing file /home/airflow/.local/lib/python3.12/site-packages/airflow/example_dags/example_nested_branch_dag.py for tasks to queue
[2025-03-01T14:20:47.342+0000] {logging_mixin.py:190} INFO - [2025-03-01T14:20:47.342+0000] {dagbag.py:588} INFO - Filling up the DagBag from /home/airflow/.local/lib/python3.12/site-packages/airflow/example_dags/example_nested_branch_dag.py
[2025-03-01T14:20:47.354+0000] {processor.py:925} INFO - DAG(s) 'example_nested_branch_dag' retrieved from /home/airflow/.local/lib/python3.12/site-packages/airflow/example_dags/example_nested_branch_dag.py
[2025-03-01T14:20:47.375+0000] {logging_mixin.py:190} INFO - [2025-03-01T14:20:47.375+0000] {dag.py:3239} INFO - Sync 1 DAGs
[2025-03-01T14:20:47.399+0000] {logging_mixin.py:190} INFO - [2025-03-01T14:20:47.399+0000] {dag.py:4180} INFO - Setting next_dagrun for example_nested_branch_dag to 2025-02-28 00:00:00+00:00, run_after=2025-03-01 00:00:00+00:00
[2025-03-01T14:20:47.422+0000] {processor.py:208} INFO - Processing /home/airflow/.local/lib/python3.12/site-packages/airflow/example_dags/example_nested_branch_dag.py took 0.089 seconds
[2025-03-01T14:21:17.716+0000] {processor.py:186} INFO - Started process (PID=531) to work on /home/airflow/.local/lib/python3.12/site-packages/airflow/example_dags/example_nested_branch_dag.py
[2025-03-01T14:21:17.719+0000] {processor.py:914} INFO - Processing file /home/airflow/.local/lib/python3.12/site-packages/airflow/example_dags/example_nested_branch_dag.py for tasks to queue
[2025-03-01T14:21:17.723+0000] {logging_mixin.py:190} INFO - [2025-03-01T14:21:17.722+0000] {dagbag.py:588} INFO - Filling up the DagBag from /home/airflow/.local/lib/python3.12/site-packages/airflow/example_dags/example_nested_branch_dag.py
[2025-03-01T14:21:17.739+0000] {processor.py:925} INFO - DAG(s) 'example_nested_branch_dag' retrieved from /home/airflow/.local/lib/python3.12/site-packages/airflow/example_dags/example_nested_branch_dag.py
[2025-03-01T14:21:17.761+0000] {logging_mixin.py:190} INFO - [2025-03-01T14:21:17.761+0000] {dag.py:3239} INFO - Sync 1 DAGs
[2025-03-01T14:21:17.802+0000] {logging_mixin.py:190} INFO - [2025-03-01T14:21:17.801+0000] {dag.py:4180} INFO - Setting next_dagrun for example_nested_branch_dag to 2025-02-28 00:00:00+00:00, run_after=2025-03-01 00:00:00+00:00
[2025-03-01T14:21:17.820+0000] {processor.py:208} INFO - Processing /home/airflow/.local/lib/python3.12/site-packages/airflow/example_dags/example_nested_branch_dag.py took 0.118 seconds
[2025-03-01T14:21:48.604+0000] {processor.py:186} INFO - Started process (PID=594) to work on /home/airflow/.local/lib/python3.12/site-packages/airflow/example_dags/example_nested_branch_dag.py
[2025-03-01T14:21:48.605+0000] {processor.py:914} INFO - Processing file /home/airflow/.local/lib/python3.12/site-packages/airflow/example_dags/example_nested_branch_dag.py for tasks to queue
[2025-03-01T14:21:48.608+0000] {logging_mixin.py:190} INFO - [2025-03-01T14:21:48.607+0000] {dagbag.py:588} INFO - Filling up the DagBag from /home/airflow/.local/lib/python3.12/site-packages/airflow/example_dags/example_nested_branch_dag.py
[2025-03-01T14:21:48.619+0000] {processor.py:925} INFO - DAG(s) 'example_nested_branch_dag' retrieved from /home/airflow/.local/lib/python3.12/site-packages/airflow/example_dags/example_nested_branch_dag.py
[2025-03-01T14:21:48.639+0000] {logging_mixin.py:190} INFO - [2025-03-01T14:21:48.639+0000] {dag.py:3239} INFO - Sync 1 DAGs
[2025-03-01T14:21:48.664+0000] {logging_mixin.py:190} INFO - [2025-03-01T14:21:48.663+0000] {dag.py:4180} INFO - Setting next_dagrun for example_nested_branch_dag to 2025-02-28 00:00:00+00:00, run_after=2025-03-01 00:00:00+00:00
[2025-03-01T14:21:48.678+0000] {processor.py:208} INFO - Processing /home/airflow/.local/lib/python3.12/site-packages/airflow/example_dags/example_nested_branch_dag.py took 0.079 seconds
[2025-03-01T14:22:18.991+0000] {processor.py:186} INFO - Started process (PID=657) to work on /home/airflow/.local/lib/python3.12/site-packages/airflow/example_dags/example_nested_branch_dag.py
[2025-03-01T14:22:18.991+0000] {processor.py:914} INFO - Processing file /home/airflow/.local/lib/python3.12/site-packages/airflow/example_dags/example_nested_branch_dag.py for tasks to queue
[2025-03-01T14:22:18.999+0000] {logging_mixin.py:190} INFO - [2025-03-01T14:22:18.999+0000] {dagbag.py:588} INFO - Filling up the DagBag from /home/airflow/.local/lib/python3.12/site-packages/airflow/example_dags/example_nested_branch_dag.py
[2025-03-01T14:22:19.011+0000] {processor.py:925} INFO - DAG(s) 'example_nested_branch_dag' retrieved from /home/airflow/.local/lib/python3.12/site-packages/airflow/example_dags/example_nested_branch_dag.py
[2025-03-01T14:22:19.032+0000] {logging_mixin.py:190} INFO - [2025-03-01T14:22:19.032+0000] {dag.py:3239} INFO - Sync 1 DAGs
[2025-03-01T14:22:19.066+0000] {logging_mixin.py:190} INFO - [2025-03-01T14:22:19.065+0000] {dag.py:4180} INFO - Setting next_dagrun for example_nested_branch_dag to 2025-02-28 00:00:00+00:00, run_after=2025-03-01 00:00:00+00:00
[2025-03-01T14:22:19.084+0000] {processor.py:208} INFO - Processing /home/airflow/.local/lib/python3.12/site-packages/airflow/example_dags/example_nested_branch_dag.py took 0.102 seconds
[2025-03-01T14:22:49.336+0000] {processor.py:186} INFO - Started process (PID=721) to work on /home/airflow/.local/lib/python3.12/site-packages/airflow/example_dags/example_nested_branch_dag.py
[2025-03-01T14:22:49.336+0000] {processor.py:914} INFO - Processing file /home/airflow/.local/lib/python3.12/site-packages/airflow/example_dags/example_nested_branch_dag.py for tasks to queue
[2025-03-01T14:22:49.338+0000] {logging_mixin.py:190} INFO - [2025-03-01T14:22:49.338+0000] {dagbag.py:588} INFO - Filling up the DagBag from /home/airflow/.local/lib/python3.12/site-packages/airflow/example_dags/example_nested_branch_dag.py
[2025-03-01T14:22:49.350+0000] {processor.py:925} INFO - DAG(s) 'example_nested_branch_dag' retrieved from /home/airflow/.local/lib/python3.12/site-packages/airflow/example_dags/example_nested_branch_dag.py
[2025-03-01T14:22:49.371+0000] {logging_mixin.py:190} INFO - [2025-03-01T14:22:49.371+0000] {dag.py:3239} INFO - Sync 1 DAGs
[2025-03-01T14:22:49.397+0000] {logging_mixin.py:190} INFO - [2025-03-01T14:22:49.397+0000] {dag.py:4180} INFO - Setting next_dagrun for example_nested_branch_dag to 2025-02-28 00:00:00+00:00, run_after=2025-03-01 00:00:00+00:00
[2025-03-01T14:22:49.413+0000] {processor.py:208} INFO - Processing /home/airflow/.local/lib/python3.12/site-packages/airflow/example_dags/example_nested_branch_dag.py took 0.084 seconds
[2025-03-01T14:23:19.748+0000] {processor.py:186} INFO - Started process (PID=785) to work on /home/airflow/.local/lib/python3.12/site-packages/airflow/example_dags/example_nested_branch_dag.py
[2025-03-01T14:23:19.749+0000] {processor.py:914} INFO - Processing file /home/airflow/.local/lib/python3.12/site-packages/airflow/example_dags/example_nested_branch_dag.py for tasks to queue
[2025-03-01T14:23:19.753+0000] {logging_mixin.py:190} INFO - [2025-03-01T14:23:19.750+0000] {dagbag.py:588} INFO - Filling up the DagBag from /home/airflow/.local/lib/python3.12/site-packages/airflow/example_dags/example_nested_branch_dag.py
[2025-03-01T14:23:19.777+0000] {processor.py:925} INFO - DAG(s) 'example_nested_branch_dag' retrieved from /home/airflow/.local/lib/python3.12/site-packages/airflow/example_dags/example_nested_branch_dag.py
[2025-03-01T14:23:19.827+0000] {logging_mixin.py:190} INFO - [2025-03-01T14:23:19.827+0000] {dag.py:3239} INFO - Sync 1 DAGs
[2025-03-01T14:23:19.875+0000] {logging_mixin.py:190} INFO - [2025-03-01T14:23:19.875+0000] {dag.py:4180} INFO - Setting next_dagrun for example_nested_branch_dag to 2025-02-28 00:00:00+00:00, run_after=2025-03-01 00:00:00+00:00
[2025-03-01T14:23:19.933+0000] {processor.py:208} INFO - Processing /home/airflow/.local/lib/python3.12/site-packages/airflow/example_dags/example_nested_branch_dag.py took 0.199 seconds
[2025-03-01T14:23:50.091+0000] {processor.py:186} INFO - Started process (PID=849) to work on /home/airflow/.local/lib/python3.12/site-packages/airflow/example_dags/example_nested_branch_dag.py
[2025-03-01T14:23:50.092+0000] {processor.py:914} INFO - Processing file /home/airflow/.local/lib/python3.12/site-packages/airflow/example_dags/example_nested_branch_dag.py for tasks to queue
[2025-03-01T14:23:50.095+0000] {logging_mixin.py:190} INFO - [2025-03-01T14:23:50.094+0000] {dagbag.py:588} INFO - Filling up the DagBag from /home/airflow/.local/lib/python3.12/site-packages/airflow/example_dags/example_nested_branch_dag.py
[2025-03-01T14:23:50.131+0000] {processor.py:925} INFO - DAG(s) 'example_nested_branch_dag' retrieved from /home/airflow/.local/lib/python3.12/site-packages/airflow/example_dags/example_nested_branch_dag.py
[2025-03-01T14:23:50.237+0000] {logging_mixin.py:190} INFO - [2025-03-01T14:23:50.236+0000] {dag.py:3239} INFO - Sync 1 DAGs
[2025-03-01T14:23:50.285+0000] {logging_mixin.py:190} INFO - [2025-03-01T14:23:50.285+0000] {dag.py:4180} INFO - Setting next_dagrun for example_nested_branch_dag to 2025-02-28 00:00:00+00:00, run_after=2025-03-01 00:00:00+00:00
[2025-03-01T14:23:50.325+0000] {processor.py:208} INFO - Processing /home/airflow/.local/lib/python3.12/site-packages/airflow/example_dags/example_nested_branch_dag.py took 0.249 seconds
[2025-03-01T14:24:21.131+0000] {processor.py:186} INFO - Started process (PID=912) to work on /home/airflow/.local/lib/python3.12/site-packages/airflow/example_dags/example_nested_branch_dag.py
[2025-03-01T14:24:21.141+0000] {processor.py:914} INFO - Processing file /home/airflow/.local/lib/python3.12/site-packages/airflow/example_dags/example_nested_branch_dag.py for tasks to queue
[2025-03-01T14:24:21.151+0000] {logging_mixin.py:190} INFO - [2025-03-01T14:24:21.151+0000] {dagbag.py:588} INFO - Filling up the DagBag from /home/airflow/.local/lib/python3.12/site-packages/airflow/example_dags/example_nested_branch_dag.py
[2025-03-01T14:24:21.209+0000] {processor.py:925} INFO - DAG(s) 'example_nested_branch_dag' retrieved from /home/airflow/.local/lib/python3.12/site-packages/airflow/example_dags/example_nested_branch_dag.py
[2025-03-01T14:24:21.270+0000] {logging_mixin.py:190} INFO - [2025-03-01T14:24:21.270+0000] {dag.py:3239} INFO - Sync 1 DAGs
[2025-03-01T14:24:21.324+0000] {logging_mixin.py:190} INFO - [2025-03-01T14:24:21.323+0000] {dag.py:4180} INFO - Setting next_dagrun for example_nested_branch_dag to 2025-02-28 00:00:00+00:00, run_after=2025-03-01 00:00:00+00:00
[2025-03-01T14:24:21.349+0000] {processor.py:208} INFO - Processing /home/airflow/.local/lib/python3.12/site-packages/airflow/example_dags/example_nested_branch_dag.py took 0.235 seconds
[2025-03-01T14:24:51.395+0000] {processor.py:186} INFO - Started process (PID=975) to work on /home/airflow/.local/lib/python3.12/site-packages/airflow/example_dags/example_nested_branch_dag.py
[2025-03-01T14:24:51.396+0000] {processor.py:914} INFO - Processing file /home/airflow/.local/lib/python3.12/site-packages/airflow/example_dags/example_nested_branch_dag.py for tasks to queue
[2025-03-01T14:24:51.399+0000] {logging_mixin.py:190} INFO - [2025-03-01T14:24:51.398+0000] {dagbag.py:588} INFO - Filling up the DagBag from /home/airflow/.local/lib/python3.12/site-packages/airflow/example_dags/example_nested_branch_dag.py
[2025-03-01T14:24:51.410+0000] {processor.py:925} INFO - DAG(s) 'example_nested_branch_dag' retrieved from /home/airflow/.local/lib/python3.12/site-packages/airflow/example_dags/example_nested_branch_dag.py
[2025-03-01T14:24:51.433+0000] {logging_mixin.py:190} INFO - [2025-03-01T14:24:51.432+0000] {dag.py:3239} INFO - Sync 1 DAGs
[2025-03-01T14:24:51.461+0000] {logging_mixin.py:190} INFO - [2025-03-01T14:24:51.461+0000] {dag.py:4180} INFO - Setting next_dagrun for example_nested_branch_dag to 2025-02-28 00:00:00+00:00, run_after=2025-03-01 00:00:00+00:00
[2025-03-01T14:24:51.477+0000] {processor.py:208} INFO - Processing /home/airflow/.local/lib/python3.12/site-packages/airflow/example_dags/example_nested_branch_dag.py took 0.087 seconds
[2025-03-01T14:25:21.717+0000] {processor.py:186} INFO - Started process (PID=1038) to work on /home/airflow/.local/lib/python3.12/site-packages/airflow/example_dags/example_nested_branch_dag.py
[2025-03-01T14:25:21.718+0000] {processor.py:914} INFO - Processing file /home/airflow/.local/lib/python3.12/site-packages/airflow/example_dags/example_nested_branch_dag.py for tasks to queue
[2025-03-01T14:25:21.720+0000] {logging_mixin.py:190} INFO - [2025-03-01T14:25:21.720+0000] {dagbag.py:588} INFO - Filling up the DagBag from /home/airflow/.local/lib/python3.12/site-packages/airflow/example_dags/example_nested_branch_dag.py
[2025-03-01T14:25:21.731+0000] {processor.py:925} INFO - DAG(s) 'example_nested_branch_dag' retrieved from /home/airflow/.local/lib/python3.12/site-packages/airflow/example_dags/example_nested_branch_dag.py
[2025-03-01T14:25:21.754+0000] {logging_mixin.py:190} INFO - [2025-03-01T14:25:21.753+0000] {dag.py:3239} INFO - Sync 1 DAGs
[2025-03-01T14:25:21.784+0000] {logging_mixin.py:190} INFO - [2025-03-01T14:25:21.783+0000] {dag.py:4180} INFO - Setting next_dagrun for example_nested_branch_dag to 2025-02-28 00:00:00+00:00, run_after=2025-03-01 00:00:00+00:00
[2025-03-01T14:25:21.799+0000] {processor.py:208} INFO - Processing /home/airflow/.local/lib/python3.12/site-packages/airflow/example_dags/example_nested_branch_dag.py took 0.088 seconds
[2025-03-01T14:25:51.972+0000] {processor.py:186} INFO - Started process (PID=1101) to work on /home/airflow/.local/lib/python3.12/site-packages/airflow/example_dags/example_nested_branch_dag.py
[2025-03-01T14:25:51.972+0000] {processor.py:914} INFO - Processing file /home/airflow/.local/lib/python3.12/site-packages/airflow/example_dags/example_nested_branch_dag.py for tasks to queue
[2025-03-01T14:25:51.975+0000] {logging_mixin.py:190} INFO - [2025-03-01T14:25:51.974+0000] {dagbag.py:588} INFO - Filling up the DagBag from /home/airflow/.local/lib/python3.12/site-packages/airflow/example_dags/example_nested_branch_dag.py
[2025-03-01T14:25:51.987+0000] {processor.py:925} INFO - DAG(s) 'example_nested_branch_dag' retrieved from /home/airflow/.local/lib/python3.12/site-packages/airflow/example_dags/example_nested_branch_dag.py
[2025-03-01T14:25:52.011+0000] {logging_mixin.py:190} INFO - [2025-03-01T14:25:52.011+0000] {dag.py:3239} INFO - Sync 1 DAGs
[2025-03-01T14:25:52.036+0000] {logging_mixin.py:190} INFO - [2025-03-01T14:25:52.036+0000] {dag.py:4180} INFO - Setting next_dagrun for example_nested_branch_dag to 2025-02-28 00:00:00+00:00, run_after=2025-03-01 00:00:00+00:00
[2025-03-01T14:25:52.053+0000] {processor.py:208} INFO - Processing /home/airflow/.local/lib/python3.12/site-packages/airflow/example_dags/example_nested_branch_dag.py took 0.087 seconds
[2025-03-01T14:26:22.262+0000] {processor.py:186} INFO - Started process (PID=1163) to work on /home/airflow/.local/lib/python3.12/site-packages/airflow/example_dags/example_nested_branch_dag.py
[2025-03-01T14:26:22.263+0000] {processor.py:914} INFO - Processing file /home/airflow/.local/lib/python3.12/site-packages/airflow/example_dags/example_nested_branch_dag.py for tasks to queue
[2025-03-01T14:26:22.265+0000] {logging_mixin.py:190} INFO - [2025-03-01T14:26:22.265+0000] {dagbag.py:588} INFO - Filling up the DagBag from /home/airflow/.local/lib/python3.12/site-packages/airflow/example_dags/example_nested_branch_dag.py
[2025-03-01T14:26:22.284+0000] {processor.py:925} INFO - DAG(s) 'example_nested_branch_dag' retrieved from /home/airflow/.local/lib/python3.12/site-packages/airflow/example_dags/example_nested_branch_dag.py
[2025-03-01T14:26:22.308+0000] {logging_mixin.py:190} INFO - [2025-03-01T14:26:22.308+0000] {dag.py:3239} INFO - Sync 1 DAGs
[2025-03-01T14:26:22.333+0000] {logging_mixin.py:190} INFO - [2025-03-01T14:26:22.333+0000] {dag.py:4180} INFO - Setting next_dagrun for example_nested_branch_dag to 2025-02-28 00:00:00+00:00, run_after=2025-03-01 00:00:00+00:00
[2025-03-01T14:26:22.350+0000] {processor.py:208} INFO - Processing /home/airflow/.local/lib/python3.12/site-packages/airflow/example_dags/example_nested_branch_dag.py took 0.095 seconds
[2025-03-01T14:26:52.423+0000] {processor.py:186} INFO - Started process (PID=1227) to work on /home/airflow/.local/lib/python3.12/site-packages/airflow/example_dags/example_nested_branch_dag.py
[2025-03-01T14:26:52.424+0000] {processor.py:914} INFO - Processing file /home/airflow/.local/lib/python3.12/site-packages/airflow/example_dags/example_nested_branch_dag.py for tasks to queue
[2025-03-01T14:26:52.426+0000] {logging_mixin.py:190} INFO - [2025-03-01T14:26:52.426+0000] {dagbag.py:588} INFO - Filling up the DagBag from /home/airflow/.local/lib/python3.12/site-packages/airflow/example_dags/example_nested_branch_dag.py
[2025-03-01T14:26:52.438+0000] {processor.py:925} INFO - DAG(s) 'example_nested_branch_dag' retrieved from /home/airflow/.local/lib/python3.12/site-packages/airflow/example_dags/example_nested_branch_dag.py
[2025-03-01T14:26:52.461+0000] {logging_mixin.py:190} INFO - [2025-03-01T14:26:52.460+0000] {dag.py:3239} INFO - Sync 1 DAGs
[2025-03-01T14:26:52.488+0000] {logging_mixin.py:190} INFO - [2025-03-01T14:26:52.488+0000] {dag.py:4180} INFO - Setting next_dagrun for example_nested_branch_dag to 2025-02-28 00:00:00+00:00, run_after=2025-03-01 00:00:00+00:00
[2025-03-01T14:26:52.504+0000] {processor.py:208} INFO - Processing /home/airflow/.local/lib/python3.12/site-packages/airflow/example_dags/example_nested_branch_dag.py took 0.086 seconds
[2025-03-01T14:27:22.717+0000] {processor.py:186} INFO - Started process (PID=1290) to work on /home/airflow/.local/lib/python3.12/site-packages/airflow/example_dags/example_nested_branch_dag.py
[2025-03-01T14:27:22.718+0000] {processor.py:914} INFO - Processing file /home/airflow/.local/lib/python3.12/site-packages/airflow/example_dags/example_nested_branch_dag.py for tasks to queue
[2025-03-01T14:27:22.720+0000] {logging_mixin.py:190} INFO - [2025-03-01T14:27:22.720+0000] {dagbag.py:588} INFO - Filling up the DagBag from /home/airflow/.local/lib/python3.12/site-packages/airflow/example_dags/example_nested_branch_dag.py
[2025-03-01T14:27:22.733+0000] {processor.py:925} INFO - DAG(s) 'example_nested_branch_dag' retrieved from /home/airflow/.local/lib/python3.12/site-packages/airflow/example_dags/example_nested_branch_dag.py
[2025-03-01T14:27:22.755+0000] {logging_mixin.py:190} INFO - [2025-03-01T14:27:22.755+0000] {dag.py:3239} INFO - Sync 1 DAGs
[2025-03-01T14:27:22.781+0000] {logging_mixin.py:190} INFO - [2025-03-01T14:27:22.780+0000] {dag.py:4180} INFO - Setting next_dagrun for example_nested_branch_dag to 2025-02-28 00:00:00+00:00, run_after=2025-03-01 00:00:00+00:00
[2025-03-01T14:27:22.796+0000] {processor.py:208} INFO - Processing /home/airflow/.local/lib/python3.12/site-packages/airflow/example_dags/example_nested_branch_dag.py took 0.084 seconds
[2025-03-01T14:27:53.685+0000] {processor.py:186} INFO - Started process (PID=1353) to work on /home/airflow/.local/lib/python3.12/site-packages/airflow/example_dags/example_nested_branch_dag.py
[2025-03-01T14:27:53.686+0000] {processor.py:914} INFO - Processing file /home/airflow/.local/lib/python3.12/site-packages/airflow/example_dags/example_nested_branch_dag.py for tasks to queue
[2025-03-01T14:27:53.688+0000] {logging_mixin.py:190} INFO - [2025-03-01T14:27:53.687+0000] {dagbag.py:588} INFO - Filling up the DagBag from /home/airflow/.local/lib/python3.12/site-packages/airflow/example_dags/example_nested_branch_dag.py
[2025-03-01T14:27:53.699+0000] {processor.py:925} INFO - DAG(s) 'example_nested_branch_dag' retrieved from /home/airflow/.local/lib/python3.12/site-packages/airflow/example_dags/example_nested_branch_dag.py
[2025-03-01T14:27:53.722+0000] {logging_mixin.py:190} INFO - [2025-03-01T14:27:53.722+0000] {dag.py:3239} INFO - Sync 1 DAGs
[2025-03-01T14:27:53.751+0000] {logging_mixin.py:190} INFO - [2025-03-01T14:27:53.751+0000] {dag.py:4180} INFO - Setting next_dagrun for example_nested_branch_dag to 2025-02-28 00:00:00+00:00, run_after=2025-03-01 00:00:00+00:00
[2025-03-01T14:27:53.767+0000] {processor.py:208} INFO - Processing /home/airflow/.local/lib/python3.12/site-packages/airflow/example_dags/example_nested_branch_dag.py took 0.087 seconds
[2025-03-01T14:28:24.048+0000] {processor.py:186} INFO - Started process (PID=1416) to work on /home/airflow/.local/lib/python3.12/site-packages/airflow/example_dags/example_nested_branch_dag.py
[2025-03-01T14:28:24.049+0000] {processor.py:914} INFO - Processing file /home/airflow/.local/lib/python3.12/site-packages/airflow/example_dags/example_nested_branch_dag.py for tasks to queue
[2025-03-01T14:28:24.051+0000] {logging_mixin.py:190} INFO - [2025-03-01T14:28:24.050+0000] {dagbag.py:588} INFO - Filling up the DagBag from /home/airflow/.local/lib/python3.12/site-packages/airflow/example_dags/example_nested_branch_dag.py
[2025-03-01T14:28:24.073+0000] {processor.py:925} INFO - DAG(s) 'example_nested_branch_dag' retrieved from /home/airflow/.local/lib/python3.12/site-packages/airflow/example_dags/example_nested_branch_dag.py
[2025-03-01T14:28:24.097+0000] {logging_mixin.py:190} INFO - [2025-03-01T14:28:24.097+0000] {dag.py:3239} INFO - Sync 1 DAGs
[2025-03-01T14:28:24.122+0000] {logging_mixin.py:190} INFO - [2025-03-01T14:28:24.121+0000] {dag.py:4180} INFO - Setting next_dagrun for example_nested_branch_dag to 2025-02-28 00:00:00+00:00, run_after=2025-03-01 00:00:00+00:00
[2025-03-01T14:28:24.138+0000] {processor.py:208} INFO - Processing /home/airflow/.local/lib/python3.12/site-packages/airflow/example_dags/example_nested_branch_dag.py took 0.096 seconds
[2025-03-01T14:28:54.728+0000] {processor.py:186} INFO - Started process (PID=1479) to work on /home/airflow/.local/lib/python3.12/site-packages/airflow/example_dags/example_nested_branch_dag.py
[2025-03-01T14:28:54.728+0000] {processor.py:914} INFO - Processing file /home/airflow/.local/lib/python3.12/site-packages/airflow/example_dags/example_nested_branch_dag.py for tasks to queue
[2025-03-01T14:28:54.730+0000] {logging_mixin.py:190} INFO - [2025-03-01T14:28:54.730+0000] {dagbag.py:588} INFO - Filling up the DagBag from /home/airflow/.local/lib/python3.12/site-packages/airflow/example_dags/example_nested_branch_dag.py
[2025-03-01T14:28:54.742+0000] {processor.py:925} INFO - DAG(s) 'example_nested_branch_dag' retrieved from /home/airflow/.local/lib/python3.12/site-packages/airflow/example_dags/example_nested_branch_dag.py
[2025-03-01T14:28:54.763+0000] {logging_mixin.py:190} INFO - [2025-03-01T14:28:54.763+0000] {dag.py:3239} INFO - Sync 1 DAGs
[2025-03-01T14:28:54.789+0000] {logging_mixin.py:190} INFO - [2025-03-01T14:28:54.789+0000] {dag.py:4180} INFO - Setting next_dagrun for example_nested_branch_dag to 2025-02-28 00:00:00+00:00, run_after=2025-03-01 00:00:00+00:00
[2025-03-01T14:28:54.804+0000] {processor.py:208} INFO - Processing /home/airflow/.local/lib/python3.12/site-packages/airflow/example_dags/example_nested_branch_dag.py took 0.082 seconds
[2025-03-01T14:29:24.942+0000] {processor.py:186} INFO - Started process (PID=1535) to work on /home/airflow/.local/lib/python3.12/site-packages/airflow/example_dags/example_nested_branch_dag.py
[2025-03-01T14:29:24.943+0000] {processor.py:914} INFO - Processing file /home/airflow/.local/lib/python3.12/site-packages/airflow/example_dags/example_nested_branch_dag.py for tasks to queue
[2025-03-01T14:29:24.945+0000] {logging_mixin.py:190} INFO - [2025-03-01T14:29:24.944+0000] {dagbag.py:588} INFO - Filling up the DagBag from /home/airflow/.local/lib/python3.12/site-packages/airflow/example_dags/example_nested_branch_dag.py
[2025-03-01T14:29:24.957+0000] {processor.py:925} INFO - DAG(s) 'example_nested_branch_dag' retrieved from /home/airflow/.local/lib/python3.12/site-packages/airflow/example_dags/example_nested_branch_dag.py
[2025-03-01T14:29:24.979+0000] {logging_mixin.py:190} INFO - [2025-03-01T14:29:24.978+0000] {dag.py:3239} INFO - Sync 1 DAGs
[2025-03-01T14:29:25.004+0000] {logging_mixin.py:190} INFO - [2025-03-01T14:29:25.004+0000] {dag.py:4180} INFO - Setting next_dagrun for example_nested_branch_dag to 2025-02-28 00:00:00+00:00, run_after=2025-03-01 00:00:00+00:00
[2025-03-01T14:29:25.020+0000] {processor.py:208} INFO - Processing /home/airflow/.local/lib/python3.12/site-packages/airflow/example_dags/example_nested_branch_dag.py took 0.085 seconds
[2025-03-01T14:29:55.914+0000] {processor.py:186} INFO - Started process (PID=1597) to work on /home/airflow/.local/lib/python3.12/site-packages/airflow/example_dags/example_nested_branch_dag.py
[2025-03-01T14:29:55.921+0000] {processor.py:914} INFO - Processing file /home/airflow/.local/lib/python3.12/site-packages/airflow/example_dags/example_nested_branch_dag.py for tasks to queue
[2025-03-01T14:29:55.923+0000] {logging_mixin.py:190} INFO - [2025-03-01T14:29:55.923+0000] {dagbag.py:588} INFO - Filling up the DagBag from /home/airflow/.local/lib/python3.12/site-packages/airflow/example_dags/example_nested_branch_dag.py
[2025-03-01T14:29:55.942+0000] {processor.py:925} INFO - DAG(s) 'example_nested_branch_dag' retrieved from /home/airflow/.local/lib/python3.12/site-packages/airflow/example_dags/example_nested_branch_dag.py
[2025-03-01T14:29:55.977+0000] {logging_mixin.py:190} INFO - [2025-03-01T14:29:55.976+0000] {dag.py:3239} INFO - Sync 1 DAGs
[2025-03-01T14:29:56.011+0000] {logging_mixin.py:190} INFO - [2025-03-01T14:29:56.011+0000] {dag.py:4180} INFO - Setting next_dagrun for example_nested_branch_dag to 2025-02-28 00:00:00+00:00, run_after=2025-03-01 00:00:00+00:00
[2025-03-01T14:29:56.048+0000] {processor.py:208} INFO - Processing /home/airflow/.local/lib/python3.12/site-packages/airflow/example_dags/example_nested_branch_dag.py took 0.148 seconds
[2025-03-01T14:30:26.111+0000] {processor.py:186} INFO - Started process (PID=1657) to work on /home/airflow/.local/lib/python3.12/site-packages/airflow/example_dags/example_nested_branch_dag.py
[2025-03-01T14:30:26.111+0000] {processor.py:914} INFO - Processing file /home/airflow/.local/lib/python3.12/site-packages/airflow/example_dags/example_nested_branch_dag.py for tasks to queue
[2025-03-01T14:30:26.113+0000] {logging_mixin.py:190} INFO - [2025-03-01T14:30:26.113+0000] {dagbag.py:588} INFO - Filling up the DagBag from /home/airflow/.local/lib/python3.12/site-packages/airflow/example_dags/example_nested_branch_dag.py
[2025-03-01T14:30:26.125+0000] {processor.py:925} INFO - DAG(s) 'example_nested_branch_dag' retrieved from /home/airflow/.local/lib/python3.12/site-packages/airflow/example_dags/example_nested_branch_dag.py
[2025-03-01T14:30:26.146+0000] {logging_mixin.py:190} INFO - [2025-03-01T14:30:26.146+0000] {dag.py:3239} INFO - Sync 1 DAGs
[2025-03-01T14:30:26.172+0000] {logging_mixin.py:190} INFO - [2025-03-01T14:30:26.172+0000] {dag.py:4180} INFO - Setting next_dagrun for example_nested_branch_dag to 2025-02-28 00:00:00+00:00, run_after=2025-03-01 00:00:00+00:00
[2025-03-01T14:30:26.188+0000] {processor.py:208} INFO - Processing /home/airflow/.local/lib/python3.12/site-packages/airflow/example_dags/example_nested_branch_dag.py took 0.083 seconds
[2025-03-01T14:30:56.626+0000] {processor.py:186} INFO - Started process (PID=1717) to work on /home/airflow/.local/lib/python3.12/site-packages/airflow/example_dags/example_nested_branch_dag.py
[2025-03-01T14:30:56.629+0000] {processor.py:914} INFO - Processing file /home/airflow/.local/lib/python3.12/site-packages/airflow/example_dags/example_nested_branch_dag.py for tasks to queue
[2025-03-01T14:30:56.641+0000] {logging_mixin.py:190} INFO - [2025-03-01T14:30:56.636+0000] {dagbag.py:588} INFO - Filling up the DagBag from /home/airflow/.local/lib/python3.12/site-packages/airflow/example_dags/example_nested_branch_dag.py
[2025-03-01T14:30:56.686+0000] {processor.py:925} INFO - DAG(s) 'example_nested_branch_dag' retrieved from /home/airflow/.local/lib/python3.12/site-packages/airflow/example_dags/example_nested_branch_dag.py
[2025-03-01T14:30:56.730+0000] {logging_mixin.py:190} INFO - [2025-03-01T14:30:56.729+0000] {dag.py:3239} INFO - Sync 1 DAGs
[2025-03-01T14:30:56.787+0000] {logging_mixin.py:190} INFO - [2025-03-01T14:30:56.787+0000] {dag.py:4180} INFO - Setting next_dagrun for example_nested_branch_dag to 2025-02-28 00:00:00+00:00, run_after=2025-03-01 00:00:00+00:00
[2025-03-01T14:30:56.820+0000] {processor.py:208} INFO - Processing /home/airflow/.local/lib/python3.12/site-packages/airflow/example_dags/example_nested_branch_dag.py took 0.216 seconds
[2025-03-01T14:31:26.936+0000] {processor.py:186} INFO - Started process (PID=1781) to work on /home/airflow/.local/lib/python3.12/site-packages/airflow/example_dags/example_nested_branch_dag.py
[2025-03-01T14:31:26.937+0000] {processor.py:914} INFO - Processing file /home/airflow/.local/lib/python3.12/site-packages/airflow/example_dags/example_nested_branch_dag.py for tasks to queue
[2025-03-01T14:31:26.939+0000] {logging_mixin.py:190} INFO - [2025-03-01T14:31:26.939+0000] {dagbag.py:588} INFO - Filling up the DagBag from /home/airflow/.local/lib/python3.12/site-packages/airflow/example_dags/example_nested_branch_dag.py
[2025-03-01T14:31:26.951+0000] {processor.py:925} INFO - DAG(s) 'example_nested_branch_dag' retrieved from /home/airflow/.local/lib/python3.12/site-packages/airflow/example_dags/example_nested_branch_dag.py
[2025-03-01T14:31:26.973+0000] {logging_mixin.py:190} INFO - [2025-03-01T14:31:26.973+0000] {dag.py:3239} INFO - Sync 1 DAGs
[2025-03-01T14:31:26.998+0000] {logging_mixin.py:190} INFO - [2025-03-01T14:31:26.998+0000] {dag.py:4180} INFO - Setting next_dagrun for example_nested_branch_dag to 2025-02-28 00:00:00+00:00, run_after=2025-03-01 00:00:00+00:00
[2025-03-01T14:31:27.014+0000] {processor.py:208} INFO - Processing /home/airflow/.local/lib/python3.12/site-packages/airflow/example_dags/example_nested_branch_dag.py took 0.083 seconds
[2025-03-01T14:31:57.706+0000] {processor.py:186} INFO - Started process (PID=1844) to work on /home/airflow/.local/lib/python3.12/site-packages/airflow/example_dags/example_nested_branch_dag.py
[2025-03-01T14:31:57.707+0000] {processor.py:914} INFO - Processing file /home/airflow/.local/lib/python3.12/site-packages/airflow/example_dags/example_nested_branch_dag.py for tasks to queue
[2025-03-01T14:31:57.713+0000] {logging_mixin.py:190} INFO - [2025-03-01T14:31:57.713+0000] {dagbag.py:588} INFO - Filling up the DagBag from /home/airflow/.local/lib/python3.12/site-packages/airflow/example_dags/example_nested_branch_dag.py
[2025-03-01T14:31:57.732+0000] {processor.py:925} INFO - DAG(s) 'example_nested_branch_dag' retrieved from /home/airflow/.local/lib/python3.12/site-packages/airflow/example_dags/example_nested_branch_dag.py
[2025-03-01T14:31:57.788+0000] {logging_mixin.py:190} INFO - [2025-03-01T14:31:57.787+0000] {dag.py:3239} INFO - Sync 1 DAGs
[2025-03-01T14:31:57.812+0000] {logging_mixin.py:190} INFO - [2025-03-01T14:31:57.812+0000] {dag.py:4180} INFO - Setting next_dagrun for example_nested_branch_dag to 2025-02-28 00:00:00+00:00, run_after=2025-03-01 00:00:00+00:00
[2025-03-01T14:31:57.830+0000] {processor.py:208} INFO - Processing /home/airflow/.local/lib/python3.12/site-packages/airflow/example_dags/example_nested_branch_dag.py took 0.138 seconds
[2025-03-01T14:32:27.948+0000] {processor.py:186} INFO - Started process (PID=1907) to work on /home/airflow/.local/lib/python3.12/site-packages/airflow/example_dags/example_nested_branch_dag.py
[2025-03-01T14:32:27.949+0000] {processor.py:914} INFO - Processing file /home/airflow/.local/lib/python3.12/site-packages/airflow/example_dags/example_nested_branch_dag.py for tasks to queue
[2025-03-01T14:32:27.951+0000] {logging_mixin.py:190} INFO - [2025-03-01T14:32:27.950+0000] {dagbag.py:588} INFO - Filling up the DagBag from /home/airflow/.local/lib/python3.12/site-packages/airflow/example_dags/example_nested_branch_dag.py
[2025-03-01T14:32:27.974+0000] {processor.py:925} INFO - DAG(s) 'example_nested_branch_dag' retrieved from /home/airflow/.local/lib/python3.12/site-packages/airflow/example_dags/example_nested_branch_dag.py
[2025-03-01T14:32:28.001+0000] {logging_mixin.py:190} INFO - [2025-03-01T14:32:28.001+0000] {dag.py:3239} INFO - Sync 1 DAGs
[2025-03-01T14:32:28.024+0000] {logging_mixin.py:190} INFO - [2025-03-01T14:32:28.024+0000] {dag.py:4180} INFO - Setting next_dagrun for example_nested_branch_dag to 2025-02-28 00:00:00+00:00, run_after=2025-03-01 00:00:00+00:00
[2025-03-01T14:32:28.037+0000] {processor.py:208} INFO - Processing /home/airflow/.local/lib/python3.12/site-packages/airflow/example_dags/example_nested_branch_dag.py took 0.094 seconds
[2025-03-01T14:32:58.091+0000] {processor.py:186} INFO - Started process (PID=1970) to work on /home/airflow/.local/lib/python3.12/site-packages/airflow/example_dags/example_nested_branch_dag.py
[2025-03-01T14:32:58.092+0000] {processor.py:914} INFO - Processing file /home/airflow/.local/lib/python3.12/site-packages/airflow/example_dags/example_nested_branch_dag.py for tasks to queue
[2025-03-01T14:32:58.094+0000] {logging_mixin.py:190} INFO - [2025-03-01T14:32:58.094+0000] {dagbag.py:588} INFO - Filling up the DagBag from /home/airflow/.local/lib/python3.12/site-packages/airflow/example_dags/example_nested_branch_dag.py
[2025-03-01T14:32:58.106+0000] {processor.py:925} INFO - DAG(s) 'example_nested_branch_dag' retrieved from /home/airflow/.local/lib/python3.12/site-packages/airflow/example_dags/example_nested_branch_dag.py
[2025-03-01T14:32:58.129+0000] {logging_mixin.py:190} INFO - [2025-03-01T14:32:58.129+0000] {dag.py:3239} INFO - Sync 1 DAGs
[2025-03-01T14:32:58.153+0000] {logging_mixin.py:190} INFO - [2025-03-01T14:32:58.153+0000] {dag.py:4180} INFO - Setting next_dagrun for example_nested_branch_dag to 2025-02-28 00:00:00+00:00, run_after=2025-03-01 00:00:00+00:00
[2025-03-01T14:32:58.172+0000] {processor.py:208} INFO - Processing /home/airflow/.local/lib/python3.12/site-packages/airflow/example_dags/example_nested_branch_dag.py took 0.087 seconds
[2025-03-01T14:33:28.420+0000] {processor.py:186} INFO - Started process (PID=2033) to work on /home/airflow/.local/lib/python3.12/site-packages/airflow/example_dags/example_nested_branch_dag.py
[2025-03-01T14:33:28.422+0000] {processor.py:914} INFO - Processing file /home/airflow/.local/lib/python3.12/site-packages/airflow/example_dags/example_nested_branch_dag.py for tasks to queue
[2025-03-01T14:33:28.427+0000] {logging_mixin.py:190} INFO - [2025-03-01T14:33:28.427+0000] {dagbag.py:588} INFO - Filling up the DagBag from /home/airflow/.local/lib/python3.12/site-packages/airflow/example_dags/example_nested_branch_dag.py
[2025-03-01T14:33:28.459+0000] {processor.py:925} INFO - DAG(s) 'example_nested_branch_dag' retrieved from /home/airflow/.local/lib/python3.12/site-packages/airflow/example_dags/example_nested_branch_dag.py
[2025-03-01T14:33:28.541+0000] {logging_mixin.py:190} INFO - [2025-03-01T14:33:28.540+0000] {dag.py:3239} INFO - Sync 1 DAGs
[2025-03-01T14:33:28.593+0000] {logging_mixin.py:190} INFO - [2025-03-01T14:33:28.593+0000] {dag.py:4180} INFO - Setting next_dagrun for example_nested_branch_dag to 2025-02-28 00:00:00+00:00, run_after=2025-03-01 00:00:00+00:00
[2025-03-01T14:33:28.645+0000] {processor.py:208} INFO - Processing /home/airflow/.local/lib/python3.12/site-packages/airflow/example_dags/example_nested_branch_dag.py took 0.250 seconds
[2025-03-01T14:33:58.822+0000] {processor.py:186} INFO - Started process (PID=2096) to work on /home/airflow/.local/lib/python3.12/site-packages/airflow/example_dags/example_nested_branch_dag.py
[2025-03-01T14:33:58.822+0000] {processor.py:914} INFO - Processing file /home/airflow/.local/lib/python3.12/site-packages/airflow/example_dags/example_nested_branch_dag.py for tasks to queue
[2025-03-01T14:33:58.825+0000] {logging_mixin.py:190} INFO - [2025-03-01T14:33:58.824+0000] {dagbag.py:588} INFO - Filling up the DagBag from /home/airflow/.local/lib/python3.12/site-packages/airflow/example_dags/example_nested_branch_dag.py
[2025-03-01T14:33:58.836+0000] {processor.py:925} INFO - DAG(s) 'example_nested_branch_dag' retrieved from /home/airflow/.local/lib/python3.12/site-packages/airflow/example_dags/example_nested_branch_dag.py
[2025-03-01T14:33:58.857+0000] {logging_mixin.py:190} INFO - [2025-03-01T14:33:58.857+0000] {dag.py:3239} INFO - Sync 1 DAGs
[2025-03-01T14:33:58.880+0000] {logging_mixin.py:190} INFO - [2025-03-01T14:33:58.880+0000] {dag.py:4180} INFO - Setting next_dagrun for example_nested_branch_dag to 2025-02-28 00:00:00+00:00, run_after=2025-03-01 00:00:00+00:00
[2025-03-01T14:33:58.895+0000] {processor.py:208} INFO - Processing /home/airflow/.local/lib/python3.12/site-packages/airflow/example_dags/example_nested_branch_dag.py took 0.079 seconds
[2025-03-01T14:34:29.140+0000] {processor.py:186} INFO - Started process (PID=2158) to work on /home/airflow/.local/lib/python3.12/site-packages/airflow/example_dags/example_nested_branch_dag.py
[2025-03-01T14:34:29.140+0000] {processor.py:914} INFO - Processing file /home/airflow/.local/lib/python3.12/site-packages/airflow/example_dags/example_nested_branch_dag.py for tasks to queue
[2025-03-01T14:34:29.142+0000] {logging_mixin.py:190} INFO - [2025-03-01T14:34:29.142+0000] {dagbag.py:588} INFO - Filling up the DagBag from /home/airflow/.local/lib/python3.12/site-packages/airflow/example_dags/example_nested_branch_dag.py
[2025-03-01T14:34:29.150+0000] {processor.py:925} INFO - DAG(s) 'example_nested_branch_dag' retrieved from /home/airflow/.local/lib/python3.12/site-packages/airflow/example_dags/example_nested_branch_dag.py
[2025-03-01T14:34:29.165+0000] {logging_mixin.py:190} INFO - [2025-03-01T14:34:29.165+0000] {dag.py:3239} INFO - Sync 1 DAGs
[2025-03-01T14:34:29.182+0000] {logging_mixin.py:190} INFO - [2025-03-01T14:34:29.181+0000] {dag.py:4180} INFO - Setting next_dagrun for example_nested_branch_dag to 2025-02-28 00:00:00+00:00, run_after=2025-03-01 00:00:00+00:00
[2025-03-01T14:34:29.193+0000] {processor.py:208} INFO - Processing /home/airflow/.local/lib/python3.12/site-packages/airflow/example_dags/example_nested_branch_dag.py took 0.058 seconds
[2025-03-01T14:34:59.468+0000] {processor.py:186} INFO - Started process (PID=2221) to work on /home/airflow/.local/lib/python3.12/site-packages/airflow/example_dags/example_nested_branch_dag.py
[2025-03-01T14:34:59.469+0000] {processor.py:914} INFO - Processing file /home/airflow/.local/lib/python3.12/site-packages/airflow/example_dags/example_nested_branch_dag.py for tasks to queue
[2025-03-01T14:34:59.471+0000] {logging_mixin.py:190} INFO - [2025-03-01T14:34:59.471+0000] {dagbag.py:588} INFO - Filling up the DagBag from /home/airflow/.local/lib/python3.12/site-packages/airflow/example_dags/example_nested_branch_dag.py
[2025-03-01T14:34:59.483+0000] {processor.py:925} INFO - DAG(s) 'example_nested_branch_dag' retrieved from /home/airflow/.local/lib/python3.12/site-packages/airflow/example_dags/example_nested_branch_dag.py
[2025-03-01T14:34:59.504+0000] {logging_mixin.py:190} INFO - [2025-03-01T14:34:59.504+0000] {dag.py:3239} INFO - Sync 1 DAGs
[2025-03-01T14:34:59.528+0000] {logging_mixin.py:190} INFO - [2025-03-01T14:34:59.528+0000] {dag.py:4180} INFO - Setting next_dagrun for example_nested_branch_dag to 2025-02-28 00:00:00+00:00, run_after=2025-03-01 00:00:00+00:00
[2025-03-01T14:34:59.543+0000] {processor.py:208} INFO - Processing /home/airflow/.local/lib/python3.12/site-packages/airflow/example_dags/example_nested_branch_dag.py took 0.080 seconds
[2025-03-01T14:35:29.750+0000] {processor.py:186} INFO - Started process (PID=2284) to work on /home/airflow/.local/lib/python3.12/site-packages/airflow/example_dags/example_nested_branch_dag.py
[2025-03-01T14:35:29.751+0000] {processor.py:914} INFO - Processing file /home/airflow/.local/lib/python3.12/site-packages/airflow/example_dags/example_nested_branch_dag.py for tasks to queue
[2025-03-01T14:35:29.753+0000] {logging_mixin.py:190} INFO - [2025-03-01T14:35:29.753+0000] {dagbag.py:588} INFO - Filling up the DagBag from /home/airflow/.local/lib/python3.12/site-packages/airflow/example_dags/example_nested_branch_dag.py
[2025-03-01T14:35:29.766+0000] {processor.py:925} INFO - DAG(s) 'example_nested_branch_dag' retrieved from /home/airflow/.local/lib/python3.12/site-packages/airflow/example_dags/example_nested_branch_dag.py
[2025-03-01T14:35:29.799+0000] {logging_mixin.py:190} INFO - [2025-03-01T14:35:29.799+0000] {dag.py:3239} INFO - Sync 1 DAGs
[2025-03-01T14:35:29.824+0000] {logging_mixin.py:190} INFO - [2025-03-01T14:35:29.823+0000] {dag.py:4180} INFO - Setting next_dagrun for example_nested_branch_dag to 2025-02-28 00:00:00+00:00, run_after=2025-03-01 00:00:00+00:00
[2025-03-01T14:35:29.839+0000] {processor.py:208} INFO - Processing /home/airflow/.local/lib/python3.12/site-packages/airflow/example_dags/example_nested_branch_dag.py took 0.094 seconds
[2025-03-01T14:36:00.584+0000] {processor.py:186} INFO - Started process (PID=2347) to work on /home/airflow/.local/lib/python3.12/site-packages/airflow/example_dags/example_nested_branch_dag.py
[2025-03-01T14:36:00.585+0000] {processor.py:914} INFO - Processing file /home/airflow/.local/lib/python3.12/site-packages/airflow/example_dags/example_nested_branch_dag.py for tasks to queue
[2025-03-01T14:36:00.587+0000] {logging_mixin.py:190} INFO - [2025-03-01T14:36:00.587+0000] {dagbag.py:588} INFO - Filling up the DagBag from /home/airflow/.local/lib/python3.12/site-packages/airflow/example_dags/example_nested_branch_dag.py
[2025-03-01T14:36:00.599+0000] {processor.py:925} INFO - DAG(s) 'example_nested_branch_dag' retrieved from /home/airflow/.local/lib/python3.12/site-packages/airflow/example_dags/example_nested_branch_dag.py
[2025-03-01T14:36:00.620+0000] {logging_mixin.py:190} INFO - [2025-03-01T14:36:00.619+0000] {dag.py:3239} INFO - Sync 1 DAGs
[2025-03-01T14:36:00.644+0000] {logging_mixin.py:190} INFO - [2025-03-01T14:36:00.644+0000] {dag.py:4180} INFO - Setting next_dagrun for example_nested_branch_dag to 2025-02-28 00:00:00+00:00, run_after=2025-03-01 00:00:00+00:00
[2025-03-01T14:36:00.662+0000] {processor.py:208} INFO - Processing /home/airflow/.local/lib/python3.12/site-packages/airflow/example_dags/example_nested_branch_dag.py took 0.083 seconds
[2025-03-01T14:36:31.198+0000] {processor.py:186} INFO - Started process (PID=2410) to work on /home/airflow/.local/lib/python3.12/site-packages/airflow/example_dags/example_nested_branch_dag.py
[2025-03-01T14:36:31.199+0000] {processor.py:914} INFO - Processing file /home/airflow/.local/lib/python3.12/site-packages/airflow/example_dags/example_nested_branch_dag.py for tasks to queue
[2025-03-01T14:36:31.201+0000] {logging_mixin.py:190} INFO - [2025-03-01T14:36:31.201+0000] {dagbag.py:588} INFO - Filling up the DagBag from /home/airflow/.local/lib/python3.12/site-packages/airflow/example_dags/example_nested_branch_dag.py
[2025-03-01T14:36:31.217+0000] {processor.py:925} INFO - DAG(s) 'example_nested_branch_dag' retrieved from /home/airflow/.local/lib/python3.12/site-packages/airflow/example_dags/example_nested_branch_dag.py
[2025-03-01T14:36:31.238+0000] {logging_mixin.py:190} INFO - [2025-03-01T14:36:31.238+0000] {dag.py:3239} INFO - Sync 1 DAGs
[2025-03-01T14:36:31.262+0000] {logging_mixin.py:190} INFO - [2025-03-01T14:36:31.262+0000] {dag.py:4180} INFO - Setting next_dagrun for example_nested_branch_dag to 2025-02-28 00:00:00+00:00, run_after=2025-03-01 00:00:00+00:00
[2025-03-01T14:36:31.277+0000] {processor.py:208} INFO - Processing /home/airflow/.local/lib/python3.12/site-packages/airflow/example_dags/example_nested_branch_dag.py took 0.084 seconds
[2025-03-01T14:37:01.434+0000] {processor.py:186} INFO - Started process (PID=2474) to work on /home/airflow/.local/lib/python3.12/site-packages/airflow/example_dags/example_nested_branch_dag.py
[2025-03-01T14:37:01.435+0000] {processor.py:914} INFO - Processing file /home/airflow/.local/lib/python3.12/site-packages/airflow/example_dags/example_nested_branch_dag.py for tasks to queue
[2025-03-01T14:37:01.437+0000] {logging_mixin.py:190} INFO - [2025-03-01T14:37:01.437+0000] {dagbag.py:588} INFO - Filling up the DagBag from /home/airflow/.local/lib/python3.12/site-packages/airflow/example_dags/example_nested_branch_dag.py
[2025-03-01T14:37:01.454+0000] {processor.py:925} INFO - DAG(s) 'example_nested_branch_dag' retrieved from /home/airflow/.local/lib/python3.12/site-packages/airflow/example_dags/example_nested_branch_dag.py
[2025-03-01T14:37:01.515+0000] {logging_mixin.py:190} INFO - [2025-03-01T14:37:01.514+0000] {dag.py:3239} INFO - Sync 1 DAGs
[2025-03-01T14:37:01.637+0000] {logging_mixin.py:190} INFO - [2025-03-01T14:37:01.636+0000] {dag.py:4180} INFO - Setting next_dagrun for example_nested_branch_dag to 2025-02-28 00:00:00+00:00, run_after=2025-03-01 00:00:00+00:00
[2025-03-01T14:37:01.686+0000] {processor.py:208} INFO - Processing /home/airflow/.local/lib/python3.12/site-packages/airflow/example_dags/example_nested_branch_dag.py took 0.266 seconds
[2025-03-01T14:37:32.437+0000] {processor.py:186} INFO - Started process (PID=2543) to work on /home/airflow/.local/lib/python3.12/site-packages/airflow/example_dags/example_nested_branch_dag.py
[2025-03-01T14:37:32.438+0000] {processor.py:914} INFO - Processing file /home/airflow/.local/lib/python3.12/site-packages/airflow/example_dags/example_nested_branch_dag.py for tasks to queue
[2025-03-01T14:37:32.440+0000] {logging_mixin.py:190} INFO - [2025-03-01T14:37:32.440+0000] {dagbag.py:588} INFO - Filling up the DagBag from /home/airflow/.local/lib/python3.12/site-packages/airflow/example_dags/example_nested_branch_dag.py
[2025-03-01T14:37:32.452+0000] {processor.py:925} INFO - DAG(s) 'example_nested_branch_dag' retrieved from /home/airflow/.local/lib/python3.12/site-packages/airflow/example_dags/example_nested_branch_dag.py
[2025-03-01T14:37:32.474+0000] {logging_mixin.py:190} INFO - [2025-03-01T14:37:32.474+0000] {dag.py:3239} INFO - Sync 1 DAGs
[2025-03-01T14:37:32.500+0000] {logging_mixin.py:190} INFO - [2025-03-01T14:37:32.500+0000] {dag.py:4180} INFO - Setting next_dagrun for example_nested_branch_dag to 2025-02-28 00:00:00+00:00, run_after=2025-03-01 00:00:00+00:00
[2025-03-01T14:37:32.517+0000] {processor.py:208} INFO - Processing /home/airflow/.local/lib/python3.12/site-packages/airflow/example_dags/example_nested_branch_dag.py took 0.085 seconds
[2025-03-01T14:38:02.783+0000] {processor.py:186} INFO - Started process (PID=2606) to work on /home/airflow/.local/lib/python3.12/site-packages/airflow/example_dags/example_nested_branch_dag.py
[2025-03-01T14:38:02.784+0000] {processor.py:914} INFO - Processing file /home/airflow/.local/lib/python3.12/site-packages/airflow/example_dags/example_nested_branch_dag.py for tasks to queue
[2025-03-01T14:38:02.786+0000] {logging_mixin.py:190} INFO - [2025-03-01T14:38:02.785+0000] {dagbag.py:588} INFO - Filling up the DagBag from /home/airflow/.local/lib/python3.12/site-packages/airflow/example_dags/example_nested_branch_dag.py
[2025-03-01T14:38:02.799+0000] {processor.py:925} INFO - DAG(s) 'example_nested_branch_dag' retrieved from /home/airflow/.local/lib/python3.12/site-packages/airflow/example_dags/example_nested_branch_dag.py
[2025-03-01T14:38:02.821+0000] {logging_mixin.py:190} INFO - [2025-03-01T14:38:02.821+0000] {dag.py:3239} INFO - Sync 1 DAGs
[2025-03-01T14:38:02.846+0000] {logging_mixin.py:190} INFO - [2025-03-01T14:38:02.846+0000] {dag.py:4180} INFO - Setting next_dagrun for example_nested_branch_dag to 2025-02-28 00:00:00+00:00, run_after=2025-03-01 00:00:00+00:00
[2025-03-01T14:38:02.861+0000] {processor.py:208} INFO - Processing /home/airflow/.local/lib/python3.12/site-packages/airflow/example_dags/example_nested_branch_dag.py took 0.084 seconds
[2025-03-01T14:38:32.891+0000] {processor.py:186} INFO - Started process (PID=2669) to work on /home/airflow/.local/lib/python3.12/site-packages/airflow/example_dags/example_nested_branch_dag.py
[2025-03-01T14:38:32.892+0000] {processor.py:914} INFO - Processing file /home/airflow/.local/lib/python3.12/site-packages/airflow/example_dags/example_nested_branch_dag.py for tasks to queue
[2025-03-01T14:38:32.894+0000] {logging_mixin.py:190} INFO - [2025-03-01T14:38:32.893+0000] {dagbag.py:588} INFO - Filling up the DagBag from /home/airflow/.local/lib/python3.12/site-packages/airflow/example_dags/example_nested_branch_dag.py
[2025-03-01T14:38:32.905+0000] {processor.py:925} INFO - DAG(s) 'example_nested_branch_dag' retrieved from /home/airflow/.local/lib/python3.12/site-packages/airflow/example_dags/example_nested_branch_dag.py
[2025-03-01T14:38:32.927+0000] {logging_mixin.py:190} INFO - [2025-03-01T14:38:32.927+0000] {dag.py:3239} INFO - Sync 1 DAGs
[2025-03-01T14:38:32.954+0000] {logging_mixin.py:190} INFO - [2025-03-01T14:38:32.954+0000] {dag.py:4180} INFO - Setting next_dagrun for example_nested_branch_dag to 2025-02-28 00:00:00+00:00, run_after=2025-03-01 00:00:00+00:00
[2025-03-01T14:38:32.970+0000] {processor.py:208} INFO - Processing /home/airflow/.local/lib/python3.12/site-packages/airflow/example_dags/example_nested_branch_dag.py took 0.085 seconds
[2025-03-01T14:39:03.627+0000] {processor.py:186} INFO - Started process (PID=2733) to work on /home/airflow/.local/lib/python3.12/site-packages/airflow/example_dags/example_nested_branch_dag.py
[2025-03-01T14:39:03.634+0000] {processor.py:914} INFO - Processing file /home/airflow/.local/lib/python3.12/site-packages/airflow/example_dags/example_nested_branch_dag.py for tasks to queue
[2025-03-01T14:39:03.646+0000] {logging_mixin.py:190} INFO - [2025-03-01T14:39:03.646+0000] {dagbag.py:588} INFO - Filling up the DagBag from /home/airflow/.local/lib/python3.12/site-packages/airflow/example_dags/example_nested_branch_dag.py
[2025-03-01T14:39:03.675+0000] {processor.py:925} INFO - DAG(s) 'example_nested_branch_dag' retrieved from /home/airflow/.local/lib/python3.12/site-packages/airflow/example_dags/example_nested_branch_dag.py
[2025-03-01T14:39:03.742+0000] {logging_mixin.py:190} INFO - [2025-03-01T14:39:03.742+0000] {dag.py:3239} INFO - Sync 1 DAGs
[2025-03-01T14:39:03.782+0000] {logging_mixin.py:190} INFO - [2025-03-01T14:39:03.782+0000] {dag.py:4180} INFO - Setting next_dagrun for example_nested_branch_dag to 2025-02-28 00:00:00+00:00, run_after=2025-03-01 00:00:00+00:00
[2025-03-01T14:39:03.816+0000] {processor.py:208} INFO - Processing /home/airflow/.local/lib/python3.12/site-packages/airflow/example_dags/example_nested_branch_dag.py took 0.211 seconds
[2025-03-01T14:39:34.724+0000] {processor.py:186} INFO - Started process (PID=2796) to work on /home/airflow/.local/lib/python3.12/site-packages/airflow/example_dags/example_nested_branch_dag.py
[2025-03-01T14:39:34.725+0000] {processor.py:914} INFO - Processing file /home/airflow/.local/lib/python3.12/site-packages/airflow/example_dags/example_nested_branch_dag.py for tasks to queue
[2025-03-01T14:39:34.727+0000] {logging_mixin.py:190} INFO - [2025-03-01T14:39:34.726+0000] {dagbag.py:588} INFO - Filling up the DagBag from /home/airflow/.local/lib/python3.12/site-packages/airflow/example_dags/example_nested_branch_dag.py
[2025-03-01T14:39:34.741+0000] {processor.py:925} INFO - DAG(s) 'example_nested_branch_dag' retrieved from /home/airflow/.local/lib/python3.12/site-packages/airflow/example_dags/example_nested_branch_dag.py
[2025-03-01T14:39:34.767+0000] {logging_mixin.py:190} INFO - [2025-03-01T14:39:34.767+0000] {dag.py:3239} INFO - Sync 1 DAGs
[2025-03-01T14:39:34.792+0000] {logging_mixin.py:190} INFO - [2025-03-01T14:39:34.792+0000] {dag.py:4180} INFO - Setting next_dagrun for example_nested_branch_dag to 2025-02-28 00:00:00+00:00, run_after=2025-03-01 00:00:00+00:00
[2025-03-01T14:39:34.809+0000] {processor.py:208} INFO - Processing /home/airflow/.local/lib/python3.12/site-packages/airflow/example_dags/example_nested_branch_dag.py took 0.091 seconds
[2025-03-01T14:40:05.527+0000] {processor.py:186} INFO - Started process (PID=2860) to work on /home/airflow/.local/lib/python3.12/site-packages/airflow/example_dags/example_nested_branch_dag.py
[2025-03-01T14:40:05.528+0000] {processor.py:914} INFO - Processing file /home/airflow/.local/lib/python3.12/site-packages/airflow/example_dags/example_nested_branch_dag.py for tasks to queue
[2025-03-01T14:40:05.530+0000] {logging_mixin.py:190} INFO - [2025-03-01T14:40:05.530+0000] {dagbag.py:588} INFO - Filling up the DagBag from /home/airflow/.local/lib/python3.12/site-packages/airflow/example_dags/example_nested_branch_dag.py
[2025-03-01T14:40:05.542+0000] {processor.py:925} INFO - DAG(s) 'example_nested_branch_dag' retrieved from /home/airflow/.local/lib/python3.12/site-packages/airflow/example_dags/example_nested_branch_dag.py
[2025-03-01T14:40:05.563+0000] {logging_mixin.py:190} INFO - [2025-03-01T14:40:05.563+0000] {dag.py:3239} INFO - Sync 1 DAGs
[2025-03-01T14:40:05.589+0000] {logging_mixin.py:190} INFO - [2025-03-01T14:40:05.589+0000] {dag.py:4180} INFO - Setting next_dagrun for example_nested_branch_dag to 2025-02-28 00:00:00+00:00, run_after=2025-03-01 00:00:00+00:00
[2025-03-01T14:40:05.605+0000] {processor.py:208} INFO - Processing /home/airflow/.local/lib/python3.12/site-packages/airflow/example_dags/example_nested_branch_dag.py took 0.084 seconds
[2025-03-01T14:40:35.912+0000] {processor.py:186} INFO - Started process (PID=2922) to work on /home/airflow/.local/lib/python3.12/site-packages/airflow/example_dags/example_nested_branch_dag.py
[2025-03-01T14:40:35.913+0000] {processor.py:914} INFO - Processing file /home/airflow/.local/lib/python3.12/site-packages/airflow/example_dags/example_nested_branch_dag.py for tasks to queue
[2025-03-01T14:40:35.915+0000] {logging_mixin.py:190} INFO - [2025-03-01T14:40:35.914+0000] {dagbag.py:588} INFO - Filling up the DagBag from /home/airflow/.local/lib/python3.12/site-packages/airflow/example_dags/example_nested_branch_dag.py
[2025-03-01T14:40:35.927+0000] {processor.py:925} INFO - DAG(s) 'example_nested_branch_dag' retrieved from /home/airflow/.local/lib/python3.12/site-packages/airflow/example_dags/example_nested_branch_dag.py
[2025-03-01T14:40:35.949+0000] {logging_mixin.py:190} INFO - [2025-03-01T14:40:35.948+0000] {dag.py:3239} INFO - Sync 1 DAGs
[2025-03-01T14:40:35.986+0000] {logging_mixin.py:190} INFO - [2025-03-01T14:40:35.986+0000] {dag.py:4180} INFO - Setting next_dagrun for example_nested_branch_dag to 2025-02-28 00:00:00+00:00, run_after=2025-03-01 00:00:00+00:00
[2025-03-01T14:40:36.001+0000] {processor.py:208} INFO - Processing /home/airflow/.local/lib/python3.12/site-packages/airflow/example_dags/example_nested_branch_dag.py took 0.094 seconds
[2025-03-01T14:41:06.051+0000] {processor.py:186} INFO - Started process (PID=2985) to work on /home/airflow/.local/lib/python3.12/site-packages/airflow/example_dags/example_nested_branch_dag.py
[2025-03-01T14:41:06.052+0000] {processor.py:914} INFO - Processing file /home/airflow/.local/lib/python3.12/site-packages/airflow/example_dags/example_nested_branch_dag.py for tasks to queue
[2025-03-01T14:41:06.054+0000] {logging_mixin.py:190} INFO - [2025-03-01T14:41:06.054+0000] {dagbag.py:588} INFO - Filling up the DagBag from /home/airflow/.local/lib/python3.12/site-packages/airflow/example_dags/example_nested_branch_dag.py
[2025-03-01T14:41:06.066+0000] {processor.py:925} INFO - DAG(s) 'example_nested_branch_dag' retrieved from /home/airflow/.local/lib/python3.12/site-packages/airflow/example_dags/example_nested_branch_dag.py
[2025-03-01T14:41:06.088+0000] {logging_mixin.py:190} INFO - [2025-03-01T14:41:06.088+0000] {dag.py:3239} INFO - Sync 1 DAGs
[2025-03-01T14:41:06.113+0000] {logging_mixin.py:190} INFO - [2025-03-01T14:41:06.112+0000] {dag.py:4180} INFO - Setting next_dagrun for example_nested_branch_dag to 2025-02-28 00:00:00+00:00, run_after=2025-03-01 00:00:00+00:00
[2025-03-01T14:41:06.129+0000] {processor.py:208} INFO - Processing /home/airflow/.local/lib/python3.12/site-packages/airflow/example_dags/example_nested_branch_dag.py took 0.083 seconds
[2025-03-01T14:41:36.779+0000] {processor.py:186} INFO - Started process (PID=3048) to work on /home/airflow/.local/lib/python3.12/site-packages/airflow/example_dags/example_nested_branch_dag.py
[2025-03-01T14:41:36.780+0000] {processor.py:914} INFO - Processing file /home/airflow/.local/lib/python3.12/site-packages/airflow/example_dags/example_nested_branch_dag.py for tasks to queue
[2025-03-01T14:41:36.782+0000] {logging_mixin.py:190} INFO - [2025-03-01T14:41:36.782+0000] {dagbag.py:588} INFO - Filling up the DagBag from /home/airflow/.local/lib/python3.12/site-packages/airflow/example_dags/example_nested_branch_dag.py
[2025-03-01T14:41:36.798+0000] {processor.py:925} INFO - DAG(s) 'example_nested_branch_dag' retrieved from /home/airflow/.local/lib/python3.12/site-packages/airflow/example_dags/example_nested_branch_dag.py
[2025-03-01T14:41:36.837+0000] {logging_mixin.py:190} INFO - [2025-03-01T14:41:36.837+0000] {dag.py:3239} INFO - Sync 1 DAGs
[2025-03-01T14:41:36.862+0000] {logging_mixin.py:190} INFO - [2025-03-01T14:41:36.862+0000] {dag.py:4180} INFO - Setting next_dagrun for example_nested_branch_dag to 2025-02-28 00:00:00+00:00, run_after=2025-03-01 00:00:00+00:00
[2025-03-01T14:41:36.878+0000] {processor.py:208} INFO - Processing /home/airflow/.local/lib/python3.12/site-packages/airflow/example_dags/example_nested_branch_dag.py took 0.110 seconds
[2025-03-01T14:42:06.934+0000] {processor.py:186} INFO - Started process (PID=3110) to work on /home/airflow/.local/lib/python3.12/site-packages/airflow/example_dags/example_nested_branch_dag.py
[2025-03-01T14:42:06.934+0000] {processor.py:914} INFO - Processing file /home/airflow/.local/lib/python3.12/site-packages/airflow/example_dags/example_nested_branch_dag.py for tasks to queue
[2025-03-01T14:42:06.936+0000] {logging_mixin.py:190} INFO - [2025-03-01T14:42:06.936+0000] {dagbag.py:588} INFO - Filling up the DagBag from /home/airflow/.local/lib/python3.12/site-packages/airflow/example_dags/example_nested_branch_dag.py
[2025-03-01T14:42:06.948+0000] {processor.py:925} INFO - DAG(s) 'example_nested_branch_dag' retrieved from /home/airflow/.local/lib/python3.12/site-packages/airflow/example_dags/example_nested_branch_dag.py
[2025-03-01T14:42:06.970+0000] {logging_mixin.py:190} INFO - [2025-03-01T14:42:06.970+0000] {dag.py:3239} INFO - Sync 1 DAGs
[2025-03-01T14:42:07.005+0000] {logging_mixin.py:190} INFO - [2025-03-01T14:42:07.005+0000] {dag.py:4180} INFO - Setting next_dagrun for example_nested_branch_dag to 2025-02-28 00:00:00+00:00, run_after=2025-03-01 00:00:00+00:00
[2025-03-01T14:42:07.021+0000] {processor.py:208} INFO - Processing /home/airflow/.local/lib/python3.12/site-packages/airflow/example_dags/example_nested_branch_dag.py took 0.093 seconds
[2025-03-01T14:42:37.355+0000] {processor.py:186} INFO - Started process (PID=3173) to work on /home/airflow/.local/lib/python3.12/site-packages/airflow/example_dags/example_nested_branch_dag.py
[2025-03-01T14:42:37.356+0000] {processor.py:914} INFO - Processing file /home/airflow/.local/lib/python3.12/site-packages/airflow/example_dags/example_nested_branch_dag.py for tasks to queue
[2025-03-01T14:42:37.358+0000] {logging_mixin.py:190} INFO - [2025-03-01T14:42:37.358+0000] {dagbag.py:588} INFO - Filling up the DagBag from /home/airflow/.local/lib/python3.12/site-packages/airflow/example_dags/example_nested_branch_dag.py
[2025-03-01T14:42:37.371+0000] {processor.py:925} INFO - DAG(s) 'example_nested_branch_dag' retrieved from /home/airflow/.local/lib/python3.12/site-packages/airflow/example_dags/example_nested_branch_dag.py
[2025-03-01T14:42:37.393+0000] {logging_mixin.py:190} INFO - [2025-03-01T14:42:37.393+0000] {dag.py:3239} INFO - Sync 1 DAGs
[2025-03-01T14:42:37.419+0000] {logging_mixin.py:190} INFO - [2025-03-01T14:42:37.419+0000] {dag.py:4180} INFO - Setting next_dagrun for example_nested_branch_dag to 2025-02-28 00:00:00+00:00, run_after=2025-03-01 00:00:00+00:00
[2025-03-01T14:42:37.442+0000] {processor.py:208} INFO - Processing /home/airflow/.local/lib/python3.12/site-packages/airflow/example_dags/example_nested_branch_dag.py took 0.092 seconds
[2025-03-01T14:43:07.550+0000] {processor.py:186} INFO - Started process (PID=3236) to work on /home/airflow/.local/lib/python3.12/site-packages/airflow/example_dags/example_nested_branch_dag.py
[2025-03-01T14:43:07.551+0000] {processor.py:914} INFO - Processing file /home/airflow/.local/lib/python3.12/site-packages/airflow/example_dags/example_nested_branch_dag.py for tasks to queue
[2025-03-01T14:43:07.553+0000] {logging_mixin.py:190} INFO - [2025-03-01T14:43:07.553+0000] {dagbag.py:588} INFO - Filling up the DagBag from /home/airflow/.local/lib/python3.12/site-packages/airflow/example_dags/example_nested_branch_dag.py
[2025-03-01T14:43:07.564+0000] {processor.py:925} INFO - DAG(s) 'example_nested_branch_dag' retrieved from /home/airflow/.local/lib/python3.12/site-packages/airflow/example_dags/example_nested_branch_dag.py
[2025-03-01T14:43:07.585+0000] {logging_mixin.py:190} INFO - [2025-03-01T14:43:07.585+0000] {dag.py:3239} INFO - Sync 1 DAGs
[2025-03-01T14:43:07.609+0000] {logging_mixin.py:190} INFO - [2025-03-01T14:43:07.608+0000] {dag.py:4180} INFO - Setting next_dagrun for example_nested_branch_dag to 2025-02-28 00:00:00+00:00, run_after=2025-03-01 00:00:00+00:00
[2025-03-01T14:43:07.623+0000] {processor.py:208} INFO - Processing /home/airflow/.local/lib/python3.12/site-packages/airflow/example_dags/example_nested_branch_dag.py took 0.079 seconds
[2025-03-01T14:43:38.528+0000] {processor.py:186} INFO - Started process (PID=3295) to work on /home/airflow/.local/lib/python3.12/site-packages/airflow/example_dags/example_nested_branch_dag.py
[2025-03-01T14:43:38.529+0000] {processor.py:914} INFO - Processing file /home/airflow/.local/lib/python3.12/site-packages/airflow/example_dags/example_nested_branch_dag.py for tasks to queue
[2025-03-01T14:43:38.531+0000] {logging_mixin.py:190} INFO - [2025-03-01T14:43:38.531+0000] {dagbag.py:588} INFO - Filling up the DagBag from /home/airflow/.local/lib/python3.12/site-packages/airflow/example_dags/example_nested_branch_dag.py
[2025-03-01T14:43:38.542+0000] {processor.py:925} INFO - DAG(s) 'example_nested_branch_dag' retrieved from /home/airflow/.local/lib/python3.12/site-packages/airflow/example_dags/example_nested_branch_dag.py
[2025-03-01T14:43:38.563+0000] {logging_mixin.py:190} INFO - [2025-03-01T14:43:38.563+0000] {dag.py:3239} INFO - Sync 1 DAGs
[2025-03-01T14:43:38.595+0000] {logging_mixin.py:190} INFO - [2025-03-01T14:43:38.595+0000] {dag.py:4180} INFO - Setting next_dagrun for example_nested_branch_dag to 2025-02-28 00:00:00+00:00, run_after=2025-03-01 00:00:00+00:00
[2025-03-01T14:43:38.609+0000] {processor.py:208} INFO - Processing /home/airflow/.local/lib/python3.12/site-packages/airflow/example_dags/example_nested_branch_dag.py took 0.087 seconds
[2025-03-01T14:44:11.011+0000] {processor.py:186} INFO - Started process (PID=3359) to work on /home/airflow/.local/lib/python3.12/site-packages/airflow/example_dags/example_nested_branch_dag.py
[2025-03-01T14:44:11.011+0000] {processor.py:914} INFO - Processing file /home/airflow/.local/lib/python3.12/site-packages/airflow/example_dags/example_nested_branch_dag.py for tasks to queue
[2025-03-01T14:44:11.013+0000] {logging_mixin.py:190} INFO - [2025-03-01T14:44:11.013+0000] {dagbag.py:588} INFO - Filling up the DagBag from /home/airflow/.local/lib/python3.12/site-packages/airflow/example_dags/example_nested_branch_dag.py
[2025-03-01T14:44:11.027+0000] {processor.py:925} INFO - DAG(s) 'example_nested_branch_dag' retrieved from /home/airflow/.local/lib/python3.12/site-packages/airflow/example_dags/example_nested_branch_dag.py
[2025-03-01T14:44:11.048+0000] {logging_mixin.py:190} INFO - [2025-03-01T14:44:11.048+0000] {dag.py:3239} INFO - Sync 1 DAGs
[2025-03-01T14:44:11.075+0000] {logging_mixin.py:190} INFO - [2025-03-01T14:44:11.075+0000] {dag.py:4180} INFO - Setting next_dagrun for example_nested_branch_dag to 2025-02-28 00:00:00+00:00, run_after=2025-03-01 00:00:00+00:00
[2025-03-01T14:44:11.092+0000] {processor.py:208} INFO - Processing /home/airflow/.local/lib/python3.12/site-packages/airflow/example_dags/example_nested_branch_dag.py took 0.087 seconds
[2025-03-01T14:44:41.971+0000] {processor.py:186} INFO - Started process (PID=3420) to work on /home/airflow/.local/lib/python3.12/site-packages/airflow/example_dags/example_nested_branch_dag.py
[2025-03-01T14:44:41.972+0000] {processor.py:914} INFO - Processing file /home/airflow/.local/lib/python3.12/site-packages/airflow/example_dags/example_nested_branch_dag.py for tasks to queue
[2025-03-01T14:44:41.974+0000] {logging_mixin.py:190} INFO - [2025-03-01T14:44:41.974+0000] {dagbag.py:588} INFO - Filling up the DagBag from /home/airflow/.local/lib/python3.12/site-packages/airflow/example_dags/example_nested_branch_dag.py
[2025-03-01T14:44:41.995+0000] {processor.py:925} INFO - DAG(s) 'example_nested_branch_dag' retrieved from /home/airflow/.local/lib/python3.12/site-packages/airflow/example_dags/example_nested_branch_dag.py
[2025-03-01T14:44:42.031+0000] {logging_mixin.py:190} INFO - [2025-03-01T14:44:42.031+0000] {dag.py:3239} INFO - Sync 1 DAGs
[2025-03-01T14:44:42.072+0000] {logging_mixin.py:190} INFO - [2025-03-01T14:44:42.072+0000] {dag.py:4180} INFO - Setting next_dagrun for example_nested_branch_dag to 2025-02-28 00:00:00+00:00, run_after=2025-03-01 00:00:00+00:00
[2025-03-01T14:44:42.103+0000] {processor.py:208} INFO - Processing /home/airflow/.local/lib/python3.12/site-packages/airflow/example_dags/example_nested_branch_dag.py took 0.137 seconds
[2025-03-01T14:45:12.576+0000] {processor.py:186} INFO - Started process (PID=3476) to work on /home/airflow/.local/lib/python3.12/site-packages/airflow/example_dags/example_nested_branch_dag.py
[2025-03-01T14:45:12.580+0000] {processor.py:914} INFO - Processing file /home/airflow/.local/lib/python3.12/site-packages/airflow/example_dags/example_nested_branch_dag.py for tasks to queue
[2025-03-01T14:45:12.583+0000] {logging_mixin.py:190} INFO - [2025-03-01T14:45:12.582+0000] {dagbag.py:588} INFO - Filling up the DagBag from /home/airflow/.local/lib/python3.12/site-packages/airflow/example_dags/example_nested_branch_dag.py
[2025-03-01T14:45:12.598+0000] {processor.py:925} INFO - DAG(s) 'example_nested_branch_dag' retrieved from /home/airflow/.local/lib/python3.12/site-packages/airflow/example_dags/example_nested_branch_dag.py
[2025-03-01T14:45:12.625+0000] {logging_mixin.py:190} INFO - [2025-03-01T14:45:12.624+0000] {dag.py:3239} INFO - Sync 1 DAGs
[2025-03-01T14:45:12.656+0000] {logging_mixin.py:190} INFO - [2025-03-01T14:45:12.655+0000] {dag.py:4180} INFO - Setting next_dagrun for example_nested_branch_dag to 2025-02-28 00:00:00+00:00, run_after=2025-03-01 00:00:00+00:00
[2025-03-01T14:45:12.730+0000] {processor.py:208} INFO - Processing /home/airflow/.local/lib/python3.12/site-packages/airflow/example_dags/example_nested_branch_dag.py took 0.182 seconds
[2025-03-01T14:45:46.577+0000] {processor.py:186} INFO - Started process (PID=3539) to work on /home/airflow/.local/lib/python3.12/site-packages/airflow/example_dags/example_nested_branch_dag.py
[2025-03-01T14:45:46.577+0000] {processor.py:914} INFO - Processing file /home/airflow/.local/lib/python3.12/site-packages/airflow/example_dags/example_nested_branch_dag.py for tasks to queue
[2025-03-01T14:45:46.590+0000] {logging_mixin.py:190} INFO - [2025-03-01T14:45:46.590+0000] {dagbag.py:588} INFO - Filling up the DagBag from /home/airflow/.local/lib/python3.12/site-packages/airflow/example_dags/example_nested_branch_dag.py
[2025-03-01T14:45:46.633+0000] {processor.py:925} INFO - DAG(s) 'example_nested_branch_dag' retrieved from /home/airflow/.local/lib/python3.12/site-packages/airflow/example_dags/example_nested_branch_dag.py
[2025-03-01T14:45:46.739+0000] {logging_mixin.py:190} INFO - [2025-03-01T14:45:46.739+0000] {dag.py:3239} INFO - Sync 1 DAGs
[2025-03-01T14:45:46.913+0000] {logging_mixin.py:190} INFO - [2025-03-01T14:45:46.913+0000] {dag.py:4180} INFO - Setting next_dagrun for example_nested_branch_dag to 2025-02-28 00:00:00+00:00, run_after=2025-03-01 00:00:00+00:00
[2025-03-01T14:45:47.016+0000] {processor.py:208} INFO - Processing /home/airflow/.local/lib/python3.12/site-packages/airflow/example_dags/example_nested_branch_dag.py took 0.454 seconds
[2025-03-01T14:46:17.306+0000] {processor.py:186} INFO - Started process (PID=3600) to work on /home/airflow/.local/lib/python3.12/site-packages/airflow/example_dags/example_nested_branch_dag.py
[2025-03-01T14:46:17.327+0000] {processor.py:914} INFO - Processing file /home/airflow/.local/lib/python3.12/site-packages/airflow/example_dags/example_nested_branch_dag.py for tasks to queue
[2025-03-01T14:46:17.353+0000] {logging_mixin.py:190} INFO - [2025-03-01T14:46:17.351+0000] {dagbag.py:588} INFO - Filling up the DagBag from /home/airflow/.local/lib/python3.12/site-packages/airflow/example_dags/example_nested_branch_dag.py
[2025-03-01T14:46:17.451+0000] {processor.py:925} INFO - DAG(s) 'example_nested_branch_dag' retrieved from /home/airflow/.local/lib/python3.12/site-packages/airflow/example_dags/example_nested_branch_dag.py
[2025-03-01T14:46:17.650+0000] {logging_mixin.py:190} INFO - [2025-03-01T14:46:17.650+0000] {dag.py:3239} INFO - Sync 1 DAGs
[2025-03-01T14:46:17.728+0000] {logging_mixin.py:190} INFO - [2025-03-01T14:46:17.727+0000] {dag.py:4180} INFO - Setting next_dagrun for example_nested_branch_dag to 2025-02-28 00:00:00+00:00, run_after=2025-03-01 00:00:00+00:00
[2025-03-01T14:46:17.814+0000] {processor.py:208} INFO - Processing /home/airflow/.local/lib/python3.12/site-packages/airflow/example_dags/example_nested_branch_dag.py took 0.596 seconds
[2025-03-01T14:47:03.740+0000] {processor.py:186} INFO - Started process (PID=3658) to work on /home/airflow/.local/lib/python3.12/site-packages/airflow/example_dags/example_nested_branch_dag.py
[2025-03-01T14:47:03.745+0000] {processor.py:914} INFO - Processing file /home/airflow/.local/lib/python3.12/site-packages/airflow/example_dags/example_nested_branch_dag.py for tasks to queue
[2025-03-01T14:47:03.753+0000] {logging_mixin.py:190} INFO - [2025-03-01T14:47:03.750+0000] {dagbag.py:588} INFO - Filling up the DagBag from /home/airflow/.local/lib/python3.12/site-packages/airflow/example_dags/example_nested_branch_dag.py
[2025-03-01T14:47:03.792+0000] {processor.py:925} INFO - DAG(s) 'example_nested_branch_dag' retrieved from /home/airflow/.local/lib/python3.12/site-packages/airflow/example_dags/example_nested_branch_dag.py
[2025-03-01T14:47:03.866+0000] {logging_mixin.py:190} INFO - [2025-03-01T14:47:03.866+0000] {dag.py:3239} INFO - Sync 1 DAGs
[2025-03-01T14:47:04.002+0000] {logging_mixin.py:190} INFO - [2025-03-01T14:47:04.001+0000] {dag.py:4180} INFO - Setting next_dagrun for example_nested_branch_dag to 2025-02-28 00:00:00+00:00, run_after=2025-03-01 00:00:00+00:00
[2025-03-01T14:47:04.076+0000] {processor.py:208} INFO - Processing /home/airflow/.local/lib/python3.12/site-packages/airflow/example_dags/example_nested_branch_dag.py took 0.381 seconds
[2025-03-01T14:47:43.480+0000] {processor.py:186} INFO - Started process (PID=3726) to work on /home/airflow/.local/lib/python3.12/site-packages/airflow/example_dags/example_nested_branch_dag.py
[2025-03-01T14:47:43.507+0000] {processor.py:914} INFO - Processing file /home/airflow/.local/lib/python3.12/site-packages/airflow/example_dags/example_nested_branch_dag.py for tasks to queue
[2025-03-01T14:47:43.520+0000] {logging_mixin.py:190} INFO - [2025-03-01T14:47:43.519+0000] {dagbag.py:588} INFO - Filling up the DagBag from /home/airflow/.local/lib/python3.12/site-packages/airflow/example_dags/example_nested_branch_dag.py
[2025-03-01T14:47:43.615+0000] {processor.py:925} INFO - DAG(s) 'example_nested_branch_dag' retrieved from /home/airflow/.local/lib/python3.12/site-packages/airflow/example_dags/example_nested_branch_dag.py
[2025-03-01T14:47:43.786+0000] {logging_mixin.py:190} INFO - [2025-03-01T14:47:43.786+0000] {dag.py:3239} INFO - Sync 1 DAGs
[2025-03-01T14:47:43.961+0000] {logging_mixin.py:190} INFO - [2025-03-01T14:47:43.958+0000] {dag.py:4180} INFO - Setting next_dagrun for example_nested_branch_dag to 2025-02-28 00:00:00+00:00, run_after=2025-03-01 00:00:00+00:00
[2025-03-01T14:47:44.077+0000] {processor.py:208} INFO - Processing /home/airflow/.local/lib/python3.12/site-packages/airflow/example_dags/example_nested_branch_dag.py took 0.634 seconds
