[2025-03-01T14:17:57.352+0000] {processor.py:186} INFO - Started process (PID=117) to work on /home/airflow/.local/lib/python3.12/site-packages/airflow/example_dags/example_xcom.py
[2025-03-01T14:17:57.361+0000] {processor.py:914} INFO - Processing file /home/airflow/.local/lib/python3.12/site-packages/airflow/example_dags/example_xcom.py for tasks to queue
[2025-03-01T14:17:57.364+0000] {logging_mixin.py:190} INFO - [2025-03-01T14:17:57.363+0000] {dagbag.py:588} INFO - Filling up the DagBag from /home/airflow/.local/lib/python3.12/site-packages/airflow/example_dags/example_xcom.py
[2025-03-01T14:17:57.387+0000] {processor.py:925} INFO - DAG(s) 'example_xcom' retrieved from /home/airflow/.local/lib/python3.12/site-packages/airflow/example_dags/example_xcom.py
[2025-03-01T14:17:57.552+0000] {logging_mixin.py:190} INFO - [2025-03-01T14:17:57.552+0000] {override.py:1912} INFO - Created Permission View: can edit on DAG:example_xcom
[2025-03-01T14:17:57.571+0000] {logging_mixin.py:190} INFO - [2025-03-01T14:17:57.571+0000] {override.py:1912} INFO - Created Permission View: can read on DAG:example_xcom
[2025-03-01T14:17:57.582+0000] {logging_mixin.py:190} INFO - [2025-03-01T14:17:57.582+0000] {override.py:1912} INFO - Created Permission View: can delete on DAG:example_xcom
[2025-03-01T14:17:57.592+0000] {logging_mixin.py:190} INFO - [2025-03-01T14:17:57.592+0000] {override.py:1912} INFO - Created Permission View: menu access on DAG Run:example_xcom
[2025-03-01T14:17:57.598+0000] {logging_mixin.py:190} INFO - [2025-03-01T14:17:57.598+0000] {override.py:1912} INFO - Created Permission View: can read on DAG Run:example_xcom
[2025-03-01T14:17:57.611+0000] {logging_mixin.py:190} INFO - [2025-03-01T14:17:57.610+0000] {override.py:1912} INFO - Created Permission View: can create on DAG Run:example_xcom
[2025-03-01T14:17:57.622+0000] {logging_mixin.py:190} INFO - [2025-03-01T14:17:57.621+0000] {override.py:1912} INFO - Created Permission View: can delete on DAG Run:example_xcom
[2025-03-01T14:17:57.623+0000] {logging_mixin.py:190} INFO - [2025-03-01T14:17:57.622+0000] {dag.py:3239} INFO - Sync 1 DAGs
[2025-03-01T14:17:57.644+0000] {logging_mixin.py:190} INFO - [2025-03-01T14:17:57.644+0000] {dag.py:3262} INFO - Creating ORM DAG for example_xcom
[2025-03-01T14:17:57.655+0000] {logging_mixin.py:190} INFO - [2025-03-01T14:17:57.655+0000] {dag.py:4180} INFO - Setting next_dagrun for example_xcom to 2021-01-01 00:00:00+00:00, run_after=2021-01-01 00:00:00+00:00
[2025-03-01T14:17:57.671+0000] {processor.py:208} INFO - Processing /home/airflow/.local/lib/python3.12/site-packages/airflow/example_dags/example_xcom.py took 0.325 seconds
[2025-03-01T14:18:28.606+0000] {processor.py:186} INFO - Started process (PID=186) to work on /home/airflow/.local/lib/python3.12/site-packages/airflow/example_dags/example_xcom.py
[2025-03-01T14:18:28.607+0000] {processor.py:914} INFO - Processing file /home/airflow/.local/lib/python3.12/site-packages/airflow/example_dags/example_xcom.py for tasks to queue
[2025-03-01T14:18:28.609+0000] {logging_mixin.py:190} INFO - [2025-03-01T14:18:28.608+0000] {dagbag.py:588} INFO - Filling up the DagBag from /home/airflow/.local/lib/python3.12/site-packages/airflow/example_dags/example_xcom.py
[2025-03-01T14:18:28.618+0000] {processor.py:925} INFO - DAG(s) 'example_xcom' retrieved from /home/airflow/.local/lib/python3.12/site-packages/airflow/example_dags/example_xcom.py
[2025-03-01T14:18:28.639+0000] {logging_mixin.py:190} INFO - [2025-03-01T14:18:28.639+0000] {dag.py:3239} INFO - Sync 1 DAGs
[2025-03-01T14:18:28.663+0000] {logging_mixin.py:190} INFO - [2025-03-01T14:18:28.663+0000] {dag.py:4180} INFO - Setting next_dagrun for example_xcom to 2021-01-01 00:00:00+00:00, run_after=2021-01-01 00:00:00+00:00
[2025-03-01T14:18:28.679+0000] {processor.py:208} INFO - Processing /home/airflow/.local/lib/python3.12/site-packages/airflow/example_dags/example_xcom.py took 0.079 seconds
[2025-03-01T14:18:58.828+0000] {processor.py:186} INFO - Started process (PID=249) to work on /home/airflow/.local/lib/python3.12/site-packages/airflow/example_dags/example_xcom.py
[2025-03-01T14:18:58.829+0000] {processor.py:914} INFO - Processing file /home/airflow/.local/lib/python3.12/site-packages/airflow/example_dags/example_xcom.py for tasks to queue
[2025-03-01T14:18:58.831+0000] {logging_mixin.py:190} INFO - [2025-03-01T14:18:58.830+0000] {dagbag.py:588} INFO - Filling up the DagBag from /home/airflow/.local/lib/python3.12/site-packages/airflow/example_dags/example_xcom.py
[2025-03-01T14:18:58.844+0000] {processor.py:925} INFO - DAG(s) 'example_xcom' retrieved from /home/airflow/.local/lib/python3.12/site-packages/airflow/example_dags/example_xcom.py
[2025-03-01T14:18:58.864+0000] {logging_mixin.py:190} INFO - [2025-03-01T14:18:58.864+0000] {dag.py:3239} INFO - Sync 1 DAGs
[2025-03-01T14:18:58.889+0000] {logging_mixin.py:190} INFO - [2025-03-01T14:18:58.888+0000] {dag.py:4180} INFO - Setting next_dagrun for example_xcom to 2021-01-01 00:00:00+00:00, run_after=2021-01-01 00:00:00+00:00
[2025-03-01T14:18:58.905+0000] {processor.py:208} INFO - Processing /home/airflow/.local/lib/python3.12/site-packages/airflow/example_dags/example_xcom.py took 0.084 seconds
[2025-03-01T14:19:29.563+0000] {processor.py:186} INFO - Started process (PID=312) to work on /home/airflow/.local/lib/python3.12/site-packages/airflow/example_dags/example_xcom.py
[2025-03-01T14:19:29.573+0000] {processor.py:914} INFO - Processing file /home/airflow/.local/lib/python3.12/site-packages/airflow/example_dags/example_xcom.py for tasks to queue
[2025-03-01T14:19:29.575+0000] {logging_mixin.py:190} INFO - [2025-03-01T14:19:29.575+0000] {dagbag.py:588} INFO - Filling up the DagBag from /home/airflow/.local/lib/python3.12/site-packages/airflow/example_dags/example_xcom.py
[2025-03-01T14:19:29.596+0000] {processor.py:925} INFO - DAG(s) 'example_xcom' retrieved from /home/airflow/.local/lib/python3.12/site-packages/airflow/example_dags/example_xcom.py
[2025-03-01T14:19:29.632+0000] {logging_mixin.py:190} INFO - [2025-03-01T14:19:29.632+0000] {dag.py:3239} INFO - Sync 1 DAGs
[2025-03-01T14:19:29.656+0000] {logging_mixin.py:190} INFO - [2025-03-01T14:19:29.655+0000] {dag.py:4180} INFO - Setting next_dagrun for example_xcom to 2021-01-01 00:00:00+00:00, run_after=2021-01-01 00:00:00+00:00
[2025-03-01T14:19:29.673+0000] {processor.py:208} INFO - Processing /home/airflow/.local/lib/python3.12/site-packages/airflow/example_dags/example_xcom.py took 0.130 seconds
[2025-03-01T14:20:00.043+0000] {processor.py:186} INFO - Started process (PID=375) to work on /home/airflow/.local/lib/python3.12/site-packages/airflow/example_dags/example_xcom.py
[2025-03-01T14:20:00.044+0000] {processor.py:914} INFO - Processing file /home/airflow/.local/lib/python3.12/site-packages/airflow/example_dags/example_xcom.py for tasks to queue
[2025-03-01T14:20:00.046+0000] {logging_mixin.py:190} INFO - [2025-03-01T14:20:00.046+0000] {dagbag.py:588} INFO - Filling up the DagBag from /home/airflow/.local/lib/python3.12/site-packages/airflow/example_dags/example_xcom.py
[2025-03-01T14:20:00.060+0000] {processor.py:925} INFO - DAG(s) 'example_xcom' retrieved from /home/airflow/.local/lib/python3.12/site-packages/airflow/example_dags/example_xcom.py
[2025-03-01T14:20:00.121+0000] {logging_mixin.py:190} INFO - [2025-03-01T14:20:00.121+0000] {dag.py:3239} INFO - Sync 1 DAGs
[2025-03-01T14:20:00.149+0000] {logging_mixin.py:190} INFO - [2025-03-01T14:20:00.149+0000] {dag.py:4180} INFO - Setting next_dagrun for example_xcom to 2021-01-01 00:00:00+00:00, run_after=2021-01-01 00:00:00+00:00
[2025-03-01T14:20:00.169+0000] {processor.py:208} INFO - Processing /home/airflow/.local/lib/python3.12/site-packages/airflow/example_dags/example_xcom.py took 0.133 seconds
[2025-03-01T14:20:31.221+0000] {processor.py:186} INFO - Started process (PID=438) to work on /home/airflow/.local/lib/python3.12/site-packages/airflow/example_dags/example_xcom.py
[2025-03-01T14:20:31.222+0000] {processor.py:914} INFO - Processing file /home/airflow/.local/lib/python3.12/site-packages/airflow/example_dags/example_xcom.py for tasks to queue
[2025-03-01T14:20:31.224+0000] {logging_mixin.py:190} INFO - [2025-03-01T14:20:31.224+0000] {dagbag.py:588} INFO - Filling up the DagBag from /home/airflow/.local/lib/python3.12/site-packages/airflow/example_dags/example_xcom.py
[2025-03-01T14:20:31.233+0000] {processor.py:925} INFO - DAG(s) 'example_xcom' retrieved from /home/airflow/.local/lib/python3.12/site-packages/airflow/example_dags/example_xcom.py
[2025-03-01T14:20:31.261+0000] {logging_mixin.py:190} INFO - [2025-03-01T14:20:31.261+0000] {dag.py:3239} INFO - Sync 1 DAGs
[2025-03-01T14:20:31.298+0000] {logging_mixin.py:190} INFO - [2025-03-01T14:20:31.298+0000] {dag.py:4180} INFO - Setting next_dagrun for example_xcom to 2021-01-01 00:00:00+00:00, run_after=2021-01-01 00:00:00+00:00
[2025-03-01T14:20:31.317+0000] {processor.py:208} INFO - Processing /home/airflow/.local/lib/python3.12/site-packages/airflow/example_dags/example_xcom.py took 0.109 seconds
[2025-03-01T14:21:02.208+0000] {processor.py:186} INFO - Started process (PID=501) to work on /home/airflow/.local/lib/python3.12/site-packages/airflow/example_dags/example_xcom.py
[2025-03-01T14:21:02.209+0000] {processor.py:914} INFO - Processing file /home/airflow/.local/lib/python3.12/site-packages/airflow/example_dags/example_xcom.py for tasks to queue
[2025-03-01T14:21:02.211+0000] {logging_mixin.py:190} INFO - [2025-03-01T14:21:02.210+0000] {dagbag.py:588} INFO - Filling up the DagBag from /home/airflow/.local/lib/python3.12/site-packages/airflow/example_dags/example_xcom.py
[2025-03-01T14:21:02.220+0000] {processor.py:925} INFO - DAG(s) 'example_xcom' retrieved from /home/airflow/.local/lib/python3.12/site-packages/airflow/example_dags/example_xcom.py
[2025-03-01T14:21:02.241+0000] {logging_mixin.py:190} INFO - [2025-03-01T14:21:02.241+0000] {dag.py:3239} INFO - Sync 1 DAGs
[2025-03-01T14:21:02.266+0000] {logging_mixin.py:190} INFO - [2025-03-01T14:21:02.265+0000] {dag.py:4180} INFO - Setting next_dagrun for example_xcom to 2021-01-01 00:00:00+00:00, run_after=2021-01-01 00:00:00+00:00
[2025-03-01T14:21:02.282+0000] {processor.py:208} INFO - Processing /home/airflow/.local/lib/python3.12/site-packages/airflow/example_dags/example_xcom.py took 0.080 seconds
[2025-03-01T14:21:33.214+0000] {processor.py:186} INFO - Started process (PID=563) to work on /home/airflow/.local/lib/python3.12/site-packages/airflow/example_dags/example_xcom.py
[2025-03-01T14:21:33.215+0000] {processor.py:914} INFO - Processing file /home/airflow/.local/lib/python3.12/site-packages/airflow/example_dags/example_xcom.py for tasks to queue
[2025-03-01T14:21:33.217+0000] {logging_mixin.py:190} INFO - [2025-03-01T14:21:33.217+0000] {dagbag.py:588} INFO - Filling up the DagBag from /home/airflow/.local/lib/python3.12/site-packages/airflow/example_dags/example_xcom.py
[2025-03-01T14:21:33.227+0000] {processor.py:925} INFO - DAG(s) 'example_xcom' retrieved from /home/airflow/.local/lib/python3.12/site-packages/airflow/example_dags/example_xcom.py
[2025-03-01T14:21:33.248+0000] {logging_mixin.py:190} INFO - [2025-03-01T14:21:33.248+0000] {dag.py:3239} INFO - Sync 1 DAGs
[2025-03-01T14:21:33.295+0000] {logging_mixin.py:190} INFO - [2025-03-01T14:21:33.295+0000] {dag.py:4180} INFO - Setting next_dagrun for example_xcom to 2021-01-01 00:00:00+00:00, run_after=2021-01-01 00:00:00+00:00
[2025-03-01T14:21:33.312+0000] {processor.py:208} INFO - Processing /home/airflow/.local/lib/python3.12/site-packages/airflow/example_dags/example_xcom.py took 0.103 seconds
[2025-03-01T14:22:04.574+0000] {processor.py:186} INFO - Started process (PID=630) to work on /home/airflow/.local/lib/python3.12/site-packages/airflow/example_dags/example_xcom.py
[2025-03-01T14:22:04.575+0000] {processor.py:914} INFO - Processing file /home/airflow/.local/lib/python3.12/site-packages/airflow/example_dags/example_xcom.py for tasks to queue
[2025-03-01T14:22:04.577+0000] {logging_mixin.py:190} INFO - [2025-03-01T14:22:04.577+0000] {dagbag.py:588} INFO - Filling up the DagBag from /home/airflow/.local/lib/python3.12/site-packages/airflow/example_dags/example_xcom.py
[2025-03-01T14:22:04.587+0000] {processor.py:925} INFO - DAG(s) 'example_xcom' retrieved from /home/airflow/.local/lib/python3.12/site-packages/airflow/example_dags/example_xcom.py
[2025-03-01T14:22:04.609+0000] {logging_mixin.py:190} INFO - [2025-03-01T14:22:04.608+0000] {dag.py:3239} INFO - Sync 1 DAGs
[2025-03-01T14:22:04.633+0000] {logging_mixin.py:190} INFO - [2025-03-01T14:22:04.633+0000] {dag.py:4180} INFO - Setting next_dagrun for example_xcom to 2021-01-01 00:00:00+00:00, run_after=2021-01-01 00:00:00+00:00
[2025-03-01T14:22:04.651+0000] {processor.py:208} INFO - Processing /home/airflow/.local/lib/python3.12/site-packages/airflow/example_dags/example_xcom.py took 0.083 seconds
[2025-03-01T14:22:35.219+0000] {processor.py:186} INFO - Started process (PID=693) to work on /home/airflow/.local/lib/python3.12/site-packages/airflow/example_dags/example_xcom.py
[2025-03-01T14:22:35.220+0000] {processor.py:914} INFO - Processing file /home/airflow/.local/lib/python3.12/site-packages/airflow/example_dags/example_xcom.py for tasks to queue
[2025-03-01T14:22:35.223+0000] {logging_mixin.py:190} INFO - [2025-03-01T14:22:35.222+0000] {dagbag.py:588} INFO - Filling up the DagBag from /home/airflow/.local/lib/python3.12/site-packages/airflow/example_dags/example_xcom.py
[2025-03-01T14:22:35.232+0000] {processor.py:925} INFO - DAG(s) 'example_xcom' retrieved from /home/airflow/.local/lib/python3.12/site-packages/airflow/example_dags/example_xcom.py
[2025-03-01T14:22:35.253+0000] {logging_mixin.py:190} INFO - [2025-03-01T14:22:35.253+0000] {dag.py:3239} INFO - Sync 1 DAGs
[2025-03-01T14:22:35.276+0000] {logging_mixin.py:190} INFO - [2025-03-01T14:22:35.276+0000] {dag.py:4180} INFO - Setting next_dagrun for example_xcom to 2021-01-01 00:00:00+00:00, run_after=2021-01-01 00:00:00+00:00
[2025-03-01T14:22:35.304+0000] {processor.py:208} INFO - Processing /home/airflow/.local/lib/python3.12/site-packages/airflow/example_dags/example_xcom.py took 0.092 seconds
[2025-03-01T14:23:06.448+0000] {processor.py:186} INFO - Started process (PID=757) to work on /home/airflow/.local/lib/python3.12/site-packages/airflow/example_dags/example_xcom.py
[2025-03-01T14:23:06.449+0000] {processor.py:914} INFO - Processing file /home/airflow/.local/lib/python3.12/site-packages/airflow/example_dags/example_xcom.py for tasks to queue
[2025-03-01T14:23:06.451+0000] {logging_mixin.py:190} INFO - [2025-03-01T14:23:06.450+0000] {dagbag.py:588} INFO - Filling up the DagBag from /home/airflow/.local/lib/python3.12/site-packages/airflow/example_dags/example_xcom.py
[2025-03-01T14:23:06.460+0000] {processor.py:925} INFO - DAG(s) 'example_xcom' retrieved from /home/airflow/.local/lib/python3.12/site-packages/airflow/example_dags/example_xcom.py
[2025-03-01T14:23:06.481+0000] {logging_mixin.py:190} INFO - [2025-03-01T14:23:06.481+0000] {dag.py:3239} INFO - Sync 1 DAGs
[2025-03-01T14:23:06.505+0000] {logging_mixin.py:190} INFO - [2025-03-01T14:23:06.505+0000] {dag.py:4180} INFO - Setting next_dagrun for example_xcom to 2021-01-01 00:00:00+00:00, run_after=2021-01-01 00:00:00+00:00
[2025-03-01T14:23:06.521+0000] {processor.py:208} INFO - Processing /home/airflow/.local/lib/python3.12/site-packages/airflow/example_dags/example_xcom.py took 0.080 seconds
[2025-03-01T14:23:37.551+0000] {processor.py:186} INFO - Started process (PID=821) to work on /home/airflow/.local/lib/python3.12/site-packages/airflow/example_dags/example_xcom.py
[2025-03-01T14:23:37.551+0000] {processor.py:914} INFO - Processing file /home/airflow/.local/lib/python3.12/site-packages/airflow/example_dags/example_xcom.py for tasks to queue
[2025-03-01T14:23:37.556+0000] {logging_mixin.py:190} INFO - [2025-03-01T14:23:37.555+0000] {dagbag.py:588} INFO - Filling up the DagBag from /home/airflow/.local/lib/python3.12/site-packages/airflow/example_dags/example_xcom.py
[2025-03-01T14:23:37.565+0000] {processor.py:925} INFO - DAG(s) 'example_xcom' retrieved from /home/airflow/.local/lib/python3.12/site-packages/airflow/example_dags/example_xcom.py
[2025-03-01T14:23:37.585+0000] {logging_mixin.py:190} INFO - [2025-03-01T14:23:37.585+0000] {dag.py:3239} INFO - Sync 1 DAGs
[2025-03-01T14:23:37.607+0000] {logging_mixin.py:190} INFO - [2025-03-01T14:23:37.607+0000] {dag.py:4180} INFO - Setting next_dagrun for example_xcom to 2021-01-01 00:00:00+00:00, run_after=2021-01-01 00:00:00+00:00
[2025-03-01T14:23:37.625+0000] {processor.py:208} INFO - Processing /home/airflow/.local/lib/python3.12/site-packages/airflow/example_dags/example_xcom.py took 0.079 seconds
[2025-03-01T14:24:09.511+0000] {processor.py:186} INFO - Started process (PID=889) to work on /home/airflow/.local/lib/python3.12/site-packages/airflow/example_dags/example_xcom.py
[2025-03-01T14:24:09.512+0000] {processor.py:914} INFO - Processing file /home/airflow/.local/lib/python3.12/site-packages/airflow/example_dags/example_xcom.py for tasks to queue
[2025-03-01T14:24:09.514+0000] {logging_mixin.py:190} INFO - [2025-03-01T14:24:09.514+0000] {dagbag.py:588} INFO - Filling up the DagBag from /home/airflow/.local/lib/python3.12/site-packages/airflow/example_dags/example_xcom.py
[2025-03-01T14:24:09.524+0000] {processor.py:925} INFO - DAG(s) 'example_xcom' retrieved from /home/airflow/.local/lib/python3.12/site-packages/airflow/example_dags/example_xcom.py
[2025-03-01T14:24:09.543+0000] {logging_mixin.py:190} INFO - [2025-03-01T14:24:09.543+0000] {dag.py:3239} INFO - Sync 1 DAGs
[2025-03-01T14:24:09.566+0000] {logging_mixin.py:190} INFO - [2025-03-01T14:24:09.566+0000] {dag.py:4180} INFO - Setting next_dagrun for example_xcom to 2021-01-01 00:00:00+00:00, run_after=2021-01-01 00:00:00+00:00
[2025-03-01T14:24:09.581+0000] {processor.py:208} INFO - Processing /home/airflow/.local/lib/python3.12/site-packages/airflow/example_dags/example_xcom.py took 0.076 seconds
[2025-03-01T14:24:41.151+0000] {processor.py:186} INFO - Started process (PID=954) to work on /home/airflow/.local/lib/python3.12/site-packages/airflow/example_dags/example_xcom.py
[2025-03-01T14:24:41.152+0000] {processor.py:914} INFO - Processing file /home/airflow/.local/lib/python3.12/site-packages/airflow/example_dags/example_xcom.py for tasks to queue
[2025-03-01T14:24:41.154+0000] {logging_mixin.py:190} INFO - [2025-03-01T14:24:41.154+0000] {dagbag.py:588} INFO - Filling up the DagBag from /home/airflow/.local/lib/python3.12/site-packages/airflow/example_dags/example_xcom.py
[2025-03-01T14:24:41.163+0000] {processor.py:925} INFO - DAG(s) 'example_xcom' retrieved from /home/airflow/.local/lib/python3.12/site-packages/airflow/example_dags/example_xcom.py
[2025-03-01T14:24:41.183+0000] {logging_mixin.py:190} INFO - [2025-03-01T14:24:41.182+0000] {dag.py:3239} INFO - Sync 1 DAGs
[2025-03-01T14:24:41.207+0000] {logging_mixin.py:190} INFO - [2025-03-01T14:24:41.207+0000] {dag.py:4180} INFO - Setting next_dagrun for example_xcom to 2021-01-01 00:00:00+00:00, run_after=2021-01-01 00:00:00+00:00
[2025-03-01T14:24:41.223+0000] {processor.py:208} INFO - Processing /home/airflow/.local/lib/python3.12/site-packages/airflow/example_dags/example_xcom.py took 0.078 seconds
[2025-03-01T14:25:12.450+0000] {processor.py:186} INFO - Started process (PID=1017) to work on /home/airflow/.local/lib/python3.12/site-packages/airflow/example_dags/example_xcom.py
[2025-03-01T14:25:12.451+0000] {processor.py:914} INFO - Processing file /home/airflow/.local/lib/python3.12/site-packages/airflow/example_dags/example_xcom.py for tasks to queue
[2025-03-01T14:25:12.453+0000] {logging_mixin.py:190} INFO - [2025-03-01T14:25:12.453+0000] {dagbag.py:588} INFO - Filling up the DagBag from /home/airflow/.local/lib/python3.12/site-packages/airflow/example_dags/example_xcom.py
[2025-03-01T14:25:12.462+0000] {processor.py:925} INFO - DAG(s) 'example_xcom' retrieved from /home/airflow/.local/lib/python3.12/site-packages/airflow/example_dags/example_xcom.py
[2025-03-01T14:25:12.482+0000] {logging_mixin.py:190} INFO - [2025-03-01T14:25:12.482+0000] {dag.py:3239} INFO - Sync 1 DAGs
[2025-03-01T14:25:12.507+0000] {logging_mixin.py:190} INFO - [2025-03-01T14:25:12.506+0000] {dag.py:4180} INFO - Setting next_dagrun for example_xcom to 2021-01-01 00:00:00+00:00, run_after=2021-01-01 00:00:00+00:00
[2025-03-01T14:25:12.522+0000] {processor.py:208} INFO - Processing /home/airflow/.local/lib/python3.12/site-packages/airflow/example_dags/example_xcom.py took 0.078 seconds
[2025-03-01T14:25:43.426+0000] {processor.py:186} INFO - Started process (PID=1080) to work on /home/airflow/.local/lib/python3.12/site-packages/airflow/example_dags/example_xcom.py
[2025-03-01T14:25:43.427+0000] {processor.py:914} INFO - Processing file /home/airflow/.local/lib/python3.12/site-packages/airflow/example_dags/example_xcom.py for tasks to queue
[2025-03-01T14:25:43.429+0000] {logging_mixin.py:190} INFO - [2025-03-01T14:25:43.429+0000] {dagbag.py:588} INFO - Filling up the DagBag from /home/airflow/.local/lib/python3.12/site-packages/airflow/example_dags/example_xcom.py
[2025-03-01T14:25:43.438+0000] {processor.py:925} INFO - DAG(s) 'example_xcom' retrieved from /home/airflow/.local/lib/python3.12/site-packages/airflow/example_dags/example_xcom.py
[2025-03-01T14:25:43.464+0000] {logging_mixin.py:190} INFO - [2025-03-01T14:25:43.464+0000] {dag.py:3239} INFO - Sync 1 DAGs
[2025-03-01T14:25:43.487+0000] {logging_mixin.py:190} INFO - [2025-03-01T14:25:43.487+0000] {dag.py:4180} INFO - Setting next_dagrun for example_xcom to 2021-01-01 00:00:00+00:00, run_after=2021-01-01 00:00:00+00:00
[2025-03-01T14:25:43.503+0000] {processor.py:208} INFO - Processing /home/airflow/.local/lib/python3.12/site-packages/airflow/example_dags/example_xcom.py took 0.083 seconds
[2025-03-01T14:26:15.232+0000] {processor.py:186} INFO - Started process (PID=1147) to work on /home/airflow/.local/lib/python3.12/site-packages/airflow/example_dags/example_xcom.py
[2025-03-01T14:26:15.235+0000] {processor.py:914} INFO - Processing file /home/airflow/.local/lib/python3.12/site-packages/airflow/example_dags/example_xcom.py for tasks to queue
[2025-03-01T14:26:15.239+0000] {logging_mixin.py:190} INFO - [2025-03-01T14:26:15.239+0000] {dagbag.py:588} INFO - Filling up the DagBag from /home/airflow/.local/lib/python3.12/site-packages/airflow/example_dags/example_xcom.py
[2025-03-01T14:26:15.266+0000] {processor.py:925} INFO - DAG(s) 'example_xcom' retrieved from /home/airflow/.local/lib/python3.12/site-packages/airflow/example_dags/example_xcom.py
[2025-03-01T14:26:15.294+0000] {logging_mixin.py:190} INFO - [2025-03-01T14:26:15.294+0000] {dag.py:3239} INFO - Sync 1 DAGs
[2025-03-01T14:26:15.317+0000] {logging_mixin.py:190} INFO - [2025-03-01T14:26:15.317+0000] {dag.py:4180} INFO - Setting next_dagrun for example_xcom to 2021-01-01 00:00:00+00:00, run_after=2021-01-01 00:00:00+00:00
[2025-03-01T14:26:15.333+0000] {processor.py:208} INFO - Processing /home/airflow/.local/lib/python3.12/site-packages/airflow/example_dags/example_xcom.py took 0.110 seconds
[2025-03-01T14:26:46.860+0000] {processor.py:186} INFO - Started process (PID=1211) to work on /home/airflow/.local/lib/python3.12/site-packages/airflow/example_dags/example_xcom.py
[2025-03-01T14:26:46.861+0000] {processor.py:914} INFO - Processing file /home/airflow/.local/lib/python3.12/site-packages/airflow/example_dags/example_xcom.py for tasks to queue
[2025-03-01T14:26:46.863+0000] {logging_mixin.py:190} INFO - [2025-03-01T14:26:46.862+0000] {dagbag.py:588} INFO - Filling up the DagBag from /home/airflow/.local/lib/python3.12/site-packages/airflow/example_dags/example_xcom.py
[2025-03-01T14:26:46.873+0000] {processor.py:925} INFO - DAG(s) 'example_xcom' retrieved from /home/airflow/.local/lib/python3.12/site-packages/airflow/example_dags/example_xcom.py
[2025-03-01T14:26:46.894+0000] {logging_mixin.py:190} INFO - [2025-03-01T14:26:46.894+0000] {dag.py:3239} INFO - Sync 1 DAGs
[2025-03-01T14:26:46.951+0000] {logging_mixin.py:190} INFO - [2025-03-01T14:26:46.951+0000] {dag.py:4180} INFO - Setting next_dagrun for example_xcom to 2021-01-01 00:00:00+00:00, run_after=2021-01-01 00:00:00+00:00
[2025-03-01T14:26:46.975+0000] {processor.py:208} INFO - Processing /home/airflow/.local/lib/python3.12/site-packages/airflow/example_dags/example_xcom.py took 0.120 seconds
[2025-03-01T14:27:18.497+0000] {processor.py:186} INFO - Started process (PID=1273) to work on /home/airflow/.local/lib/python3.12/site-packages/airflow/example_dags/example_xcom.py
[2025-03-01T14:27:18.497+0000] {processor.py:914} INFO - Processing file /home/airflow/.local/lib/python3.12/site-packages/airflow/example_dags/example_xcom.py for tasks to queue
[2025-03-01T14:27:18.499+0000] {logging_mixin.py:190} INFO - [2025-03-01T14:27:18.499+0000] {dagbag.py:588} INFO - Filling up the DagBag from /home/airflow/.local/lib/python3.12/site-packages/airflow/example_dags/example_xcom.py
[2025-03-01T14:27:18.509+0000] {processor.py:925} INFO - DAG(s) 'example_xcom' retrieved from /home/airflow/.local/lib/python3.12/site-packages/airflow/example_dags/example_xcom.py
[2025-03-01T14:27:18.529+0000] {logging_mixin.py:190} INFO - [2025-03-01T14:27:18.529+0000] {dag.py:3239} INFO - Sync 1 DAGs
[2025-03-01T14:27:18.550+0000] {logging_mixin.py:190} INFO - [2025-03-01T14:27:18.550+0000] {dag.py:4180} INFO - Setting next_dagrun for example_xcom to 2021-01-01 00:00:00+00:00, run_after=2021-01-01 00:00:00+00:00
[2025-03-01T14:27:18.567+0000] {processor.py:208} INFO - Processing /home/airflow/.local/lib/python3.12/site-packages/airflow/example_dags/example_xcom.py took 0.076 seconds
[2025-03-01T14:27:50.409+0000] {processor.py:186} INFO - Started process (PID=1342) to work on /home/airflow/.local/lib/python3.12/site-packages/airflow/example_dags/example_xcom.py
[2025-03-01T14:27:50.410+0000] {processor.py:914} INFO - Processing file /home/airflow/.local/lib/python3.12/site-packages/airflow/example_dags/example_xcom.py for tasks to queue
[2025-03-01T14:27:50.412+0000] {logging_mixin.py:190} INFO - [2025-03-01T14:27:50.411+0000] {dagbag.py:588} INFO - Filling up the DagBag from /home/airflow/.local/lib/python3.12/site-packages/airflow/example_dags/example_xcom.py
[2025-03-01T14:27:50.421+0000] {processor.py:925} INFO - DAG(s) 'example_xcom' retrieved from /home/airflow/.local/lib/python3.12/site-packages/airflow/example_dags/example_xcom.py
[2025-03-01T14:27:50.444+0000] {logging_mixin.py:190} INFO - [2025-03-01T14:27:50.444+0000] {dag.py:3239} INFO - Sync 1 DAGs
[2025-03-01T14:27:50.468+0000] {logging_mixin.py:190} INFO - [2025-03-01T14:27:50.468+0000] {dag.py:4180} INFO - Setting next_dagrun for example_xcom to 2021-01-01 00:00:00+00:00, run_after=2021-01-01 00:00:00+00:00
[2025-03-01T14:27:50.488+0000] {processor.py:208} INFO - Processing /home/airflow/.local/lib/python3.12/site-packages/airflow/example_dags/example_xcom.py took 0.085 seconds
[2025-03-01T14:28:21.521+0000] {processor.py:186} INFO - Started process (PID=1404) to work on /home/airflow/.local/lib/python3.12/site-packages/airflow/example_dags/example_xcom.py
[2025-03-01T14:28:21.522+0000] {processor.py:914} INFO - Processing file /home/airflow/.local/lib/python3.12/site-packages/airflow/example_dags/example_xcom.py for tasks to queue
[2025-03-01T14:28:21.533+0000] {logging_mixin.py:190} INFO - [2025-03-01T14:28:21.533+0000] {dagbag.py:588} INFO - Filling up the DagBag from /home/airflow/.local/lib/python3.12/site-packages/airflow/example_dags/example_xcom.py
[2025-03-01T14:28:21.549+0000] {processor.py:925} INFO - DAG(s) 'example_xcom' retrieved from /home/airflow/.local/lib/python3.12/site-packages/airflow/example_dags/example_xcom.py
[2025-03-01T14:28:21.570+0000] {logging_mixin.py:190} INFO - [2025-03-01T14:28:21.570+0000] {dag.py:3239} INFO - Sync 1 DAGs
[2025-03-01T14:28:21.596+0000] {logging_mixin.py:190} INFO - [2025-03-01T14:28:21.595+0000] {dag.py:4180} INFO - Setting next_dagrun for example_xcom to 2021-01-01 00:00:00+00:00, run_after=2021-01-01 00:00:00+00:00
[2025-03-01T14:28:21.611+0000] {processor.py:208} INFO - Processing /home/airflow/.local/lib/python3.12/site-packages/airflow/example_dags/example_xcom.py took 0.096 seconds
[2025-03-01T14:28:53.729+0000] {processor.py:186} INFO - Started process (PID=1471) to work on /home/airflow/.local/lib/python3.12/site-packages/airflow/example_dags/example_xcom.py
[2025-03-01T14:28:53.730+0000] {processor.py:914} INFO - Processing file /home/airflow/.local/lib/python3.12/site-packages/airflow/example_dags/example_xcom.py for tasks to queue
[2025-03-01T14:28:53.732+0000] {logging_mixin.py:190} INFO - [2025-03-01T14:28:53.732+0000] {dagbag.py:588} INFO - Filling up the DagBag from /home/airflow/.local/lib/python3.12/site-packages/airflow/example_dags/example_xcom.py
[2025-03-01T14:28:53.741+0000] {processor.py:925} INFO - DAG(s) 'example_xcom' retrieved from /home/airflow/.local/lib/python3.12/site-packages/airflow/example_dags/example_xcom.py
[2025-03-01T14:28:53.762+0000] {logging_mixin.py:190} INFO - [2025-03-01T14:28:53.762+0000] {dag.py:3239} INFO - Sync 1 DAGs
[2025-03-01T14:28:53.786+0000] {logging_mixin.py:190} INFO - [2025-03-01T14:28:53.786+0000] {dag.py:4180} INFO - Setting next_dagrun for example_xcom to 2021-01-01 00:00:00+00:00, run_after=2021-01-01 00:00:00+00:00
[2025-03-01T14:28:53.803+0000] {processor.py:208} INFO - Processing /home/airflow/.local/lib/python3.12/site-packages/airflow/example_dags/example_xcom.py took 0.079 seconds
[2025-03-01T14:29:24.812+0000] {processor.py:186} INFO - Started process (PID=1534) to work on /home/airflow/.local/lib/python3.12/site-packages/airflow/example_dags/example_xcom.py
[2025-03-01T14:29:24.822+0000] {processor.py:914} INFO - Processing file /home/airflow/.local/lib/python3.12/site-packages/airflow/example_dags/example_xcom.py for tasks to queue
[2025-03-01T14:29:24.824+0000] {logging_mixin.py:190} INFO - [2025-03-01T14:29:24.823+0000] {dagbag.py:588} INFO - Filling up the DagBag from /home/airflow/.local/lib/python3.12/site-packages/airflow/example_dags/example_xcom.py
[2025-03-01T14:29:24.848+0000] {processor.py:925} INFO - DAG(s) 'example_xcom' retrieved from /home/airflow/.local/lib/python3.12/site-packages/airflow/example_dags/example_xcom.py
[2025-03-01T14:29:24.869+0000] {logging_mixin.py:190} INFO - [2025-03-01T14:29:24.869+0000] {dag.py:3239} INFO - Sync 1 DAGs
[2025-03-01T14:29:24.893+0000] {logging_mixin.py:190} INFO - [2025-03-01T14:29:24.893+0000] {dag.py:4180} INFO - Setting next_dagrun for example_xcom to 2021-01-01 00:00:00+00:00, run_after=2021-01-01 00:00:00+00:00
[2025-03-01T14:29:24.910+0000] {processor.py:208} INFO - Processing /home/airflow/.local/lib/python3.12/site-packages/airflow/example_dags/example_xcom.py took 0.121 seconds
[2025-03-01T14:29:55.770+0000] {processor.py:186} INFO - Started process (PID=1596) to work on /home/airflow/.local/lib/python3.12/site-packages/airflow/example_dags/example_xcom.py
[2025-03-01T14:29:55.771+0000] {processor.py:914} INFO - Processing file /home/airflow/.local/lib/python3.12/site-packages/airflow/example_dags/example_xcom.py for tasks to queue
[2025-03-01T14:29:55.773+0000] {logging_mixin.py:190} INFO - [2025-03-01T14:29:55.773+0000] {dagbag.py:588} INFO - Filling up the DagBag from /home/airflow/.local/lib/python3.12/site-packages/airflow/example_dags/example_xcom.py
[2025-03-01T14:29:55.783+0000] {processor.py:925} INFO - DAG(s) 'example_xcom' retrieved from /home/airflow/.local/lib/python3.12/site-packages/airflow/example_dags/example_xcom.py
[2025-03-01T14:29:55.814+0000] {logging_mixin.py:190} INFO - [2025-03-01T14:29:55.814+0000] {dag.py:3239} INFO - Sync 1 DAGs
[2025-03-01T14:29:55.838+0000] {logging_mixin.py:190} INFO - [2025-03-01T14:29:55.838+0000] {dag.py:4180} INFO - Setting next_dagrun for example_xcom to 2021-01-01 00:00:00+00:00, run_after=2021-01-01 00:00:00+00:00
[2025-03-01T14:29:55.854+0000] {processor.py:208} INFO - Processing /home/airflow/.local/lib/python3.12/site-packages/airflow/example_dags/example_xcom.py took 0.089 seconds
[2025-03-01T14:30:26.222+0000] {processor.py:186} INFO - Started process (PID=1659) to work on /home/airflow/.local/lib/python3.12/site-packages/airflow/example_dags/example_xcom.py
[2025-03-01T14:30:26.223+0000] {processor.py:914} INFO - Processing file /home/airflow/.local/lib/python3.12/site-packages/airflow/example_dags/example_xcom.py for tasks to queue
[2025-03-01T14:30:26.225+0000] {logging_mixin.py:190} INFO - [2025-03-01T14:30:26.224+0000] {dagbag.py:588} INFO - Filling up the DagBag from /home/airflow/.local/lib/python3.12/site-packages/airflow/example_dags/example_xcom.py
[2025-03-01T14:30:26.234+0000] {processor.py:925} INFO - DAG(s) 'example_xcom' retrieved from /home/airflow/.local/lib/python3.12/site-packages/airflow/example_dags/example_xcom.py
[2025-03-01T14:30:26.247+0000] {logging_mixin.py:190} INFO - [2025-03-01T14:30:26.247+0000] {dag.py:3239} INFO - Sync 1 DAGs
[2025-03-01T14:30:26.264+0000] {logging_mixin.py:190} INFO - [2025-03-01T14:30:26.264+0000] {dag.py:4180} INFO - Setting next_dagrun for example_xcom to 2021-01-01 00:00:00+00:00, run_after=2021-01-01 00:00:00+00:00
[2025-03-01T14:30:26.276+0000] {processor.py:208} INFO - Processing /home/airflow/.local/lib/python3.12/site-packages/airflow/example_dags/example_xcom.py took 0.060 seconds
[2025-03-01T14:30:57.153+0000] {processor.py:186} INFO - Started process (PID=1722) to work on /home/airflow/.local/lib/python3.12/site-packages/airflow/example_dags/example_xcom.py
[2025-03-01T14:30:57.159+0000] {processor.py:914} INFO - Processing file /home/airflow/.local/lib/python3.12/site-packages/airflow/example_dags/example_xcom.py for tasks to queue
[2025-03-01T14:30:57.164+0000] {logging_mixin.py:190} INFO - [2025-03-01T14:30:57.164+0000] {dagbag.py:588} INFO - Filling up the DagBag from /home/airflow/.local/lib/python3.12/site-packages/airflow/example_dags/example_xcom.py
[2025-03-01T14:30:57.184+0000] {processor.py:925} INFO - DAG(s) 'example_xcom' retrieved from /home/airflow/.local/lib/python3.12/site-packages/airflow/example_dags/example_xcom.py
[2025-03-01T14:30:57.222+0000] {logging_mixin.py:190} INFO - [2025-03-01T14:30:57.221+0000] {dag.py:3239} INFO - Sync 1 DAGs
[2025-03-01T14:30:57.246+0000] {logging_mixin.py:190} INFO - [2025-03-01T14:30:57.246+0000] {dag.py:4180} INFO - Setting next_dagrun for example_xcom to 2021-01-01 00:00:00+00:00, run_after=2021-01-01 00:00:00+00:00
[2025-03-01T14:30:57.262+0000] {processor.py:208} INFO - Processing /home/airflow/.local/lib/python3.12/site-packages/airflow/example_dags/example_xcom.py took 0.119 seconds
[2025-03-01T14:31:28.169+0000] {processor.py:186} INFO - Started process (PID=1786) to work on /home/airflow/.local/lib/python3.12/site-packages/airflow/example_dags/example_xcom.py
[2025-03-01T14:31:28.170+0000] {processor.py:914} INFO - Processing file /home/airflow/.local/lib/python3.12/site-packages/airflow/example_dags/example_xcom.py for tasks to queue
[2025-03-01T14:31:28.173+0000] {logging_mixin.py:190} INFO - [2025-03-01T14:31:28.172+0000] {dagbag.py:588} INFO - Filling up the DagBag from /home/airflow/.local/lib/python3.12/site-packages/airflow/example_dags/example_xcom.py
[2025-03-01T14:31:28.183+0000] {processor.py:925} INFO - DAG(s) 'example_xcom' retrieved from /home/airflow/.local/lib/python3.12/site-packages/airflow/example_dags/example_xcom.py
[2025-03-01T14:31:28.201+0000] {logging_mixin.py:190} INFO - [2025-03-01T14:31:28.201+0000] {dag.py:3239} INFO - Sync 1 DAGs
[2025-03-01T14:31:28.216+0000] {logging_mixin.py:190} INFO - [2025-03-01T14:31:28.216+0000] {dag.py:4180} INFO - Setting next_dagrun for example_xcom to 2021-01-01 00:00:00+00:00, run_after=2021-01-01 00:00:00+00:00
[2025-03-01T14:31:28.227+0000] {processor.py:208} INFO - Processing /home/airflow/.local/lib/python3.12/site-packages/airflow/example_dags/example_xcom.py took 0.065 seconds
[2025-03-01T14:31:59.144+0000] {processor.py:186} INFO - Started process (PID=1849) to work on /home/airflow/.local/lib/python3.12/site-packages/airflow/example_dags/example_xcom.py
[2025-03-01T14:31:59.145+0000] {processor.py:914} INFO - Processing file /home/airflow/.local/lib/python3.12/site-packages/airflow/example_dags/example_xcom.py for tasks to queue
[2025-03-01T14:31:59.147+0000] {logging_mixin.py:190} INFO - [2025-03-01T14:31:59.147+0000] {dagbag.py:588} INFO - Filling up the DagBag from /home/airflow/.local/lib/python3.12/site-packages/airflow/example_dags/example_xcom.py
[2025-03-01T14:31:59.157+0000] {processor.py:925} INFO - DAG(s) 'example_xcom' retrieved from /home/airflow/.local/lib/python3.12/site-packages/airflow/example_dags/example_xcom.py
[2025-03-01T14:31:59.174+0000] {logging_mixin.py:190} INFO - [2025-03-01T14:31:59.174+0000] {dag.py:3239} INFO - Sync 1 DAGs
[2025-03-01T14:31:59.189+0000] {logging_mixin.py:190} INFO - [2025-03-01T14:31:59.189+0000] {dag.py:4180} INFO - Setting next_dagrun for example_xcom to 2021-01-01 00:00:00+00:00, run_after=2021-01-01 00:00:00+00:00
[2025-03-01T14:31:59.204+0000] {processor.py:208} INFO - Processing /home/airflow/.local/lib/python3.12/site-packages/airflow/example_dags/example_xcom.py took 0.066 seconds
[2025-03-01T14:32:29.372+0000] {processor.py:186} INFO - Started process (PID=1912) to work on /home/airflow/.local/lib/python3.12/site-packages/airflow/example_dags/example_xcom.py
[2025-03-01T14:32:29.380+0000] {processor.py:914} INFO - Processing file /home/airflow/.local/lib/python3.12/site-packages/airflow/example_dags/example_xcom.py for tasks to queue
[2025-03-01T14:32:29.382+0000] {logging_mixin.py:190} INFO - [2025-03-01T14:32:29.382+0000] {dagbag.py:588} INFO - Filling up the DagBag from /home/airflow/.local/lib/python3.12/site-packages/airflow/example_dags/example_xcom.py
[2025-03-01T14:32:29.400+0000] {processor.py:925} INFO - DAG(s) 'example_xcom' retrieved from /home/airflow/.local/lib/python3.12/site-packages/airflow/example_dags/example_xcom.py
[2025-03-01T14:32:29.451+0000] {logging_mixin.py:190} INFO - [2025-03-01T14:32:29.451+0000] {dag.py:3239} INFO - Sync 1 DAGs
[2025-03-01T14:32:29.475+0000] {logging_mixin.py:190} INFO - [2025-03-01T14:32:29.474+0000] {dag.py:4180} INFO - Setting next_dagrun for example_xcom to 2021-01-01 00:00:00+00:00, run_after=2021-01-01 00:00:00+00:00
[2025-03-01T14:32:29.491+0000] {processor.py:208} INFO - Processing /home/airflow/.local/lib/python3.12/site-packages/airflow/example_dags/example_xcom.py took 0.125 seconds
[2025-03-01T14:33:00.413+0000] {processor.py:186} INFO - Started process (PID=1975) to work on /home/airflow/.local/lib/python3.12/site-packages/airflow/example_dags/example_xcom.py
[2025-03-01T14:33:00.414+0000] {processor.py:914} INFO - Processing file /home/airflow/.local/lib/python3.12/site-packages/airflow/example_dags/example_xcom.py for tasks to queue
[2025-03-01T14:33:00.416+0000] {logging_mixin.py:190} INFO - [2025-03-01T14:33:00.416+0000] {dagbag.py:588} INFO - Filling up the DagBag from /home/airflow/.local/lib/python3.12/site-packages/airflow/example_dags/example_xcom.py
[2025-03-01T14:33:00.423+0000] {processor.py:925} INFO - DAG(s) 'example_xcom' retrieved from /home/airflow/.local/lib/python3.12/site-packages/airflow/example_dags/example_xcom.py
[2025-03-01T14:33:00.437+0000] {logging_mixin.py:190} INFO - [2025-03-01T14:33:00.437+0000] {dag.py:3239} INFO - Sync 1 DAGs
[2025-03-01T14:33:00.453+0000] {logging_mixin.py:190} INFO - [2025-03-01T14:33:00.452+0000] {dag.py:4180} INFO - Setting next_dagrun for example_xcom to 2021-01-01 00:00:00+00:00, run_after=2021-01-01 00:00:00+00:00
[2025-03-01T14:33:00.464+0000] {processor.py:208} INFO - Processing /home/airflow/.local/lib/python3.12/site-packages/airflow/example_dags/example_xcom.py took 0.056 seconds
[2025-03-01T14:33:30.861+0000] {processor.py:186} INFO - Started process (PID=2038) to work on /home/airflow/.local/lib/python3.12/site-packages/airflow/example_dags/example_xcom.py
[2025-03-01T14:33:30.862+0000] {processor.py:914} INFO - Processing file /home/airflow/.local/lib/python3.12/site-packages/airflow/example_dags/example_xcom.py for tasks to queue
[2025-03-01T14:33:30.864+0000] {logging_mixin.py:190} INFO - [2025-03-01T14:33:30.864+0000] {dagbag.py:588} INFO - Filling up the DagBag from /home/airflow/.local/lib/python3.12/site-packages/airflow/example_dags/example_xcom.py
[2025-03-01T14:33:30.899+0000] {processor.py:925} INFO - DAG(s) 'example_xcom' retrieved from /home/airflow/.local/lib/python3.12/site-packages/airflow/example_dags/example_xcom.py
[2025-03-01T14:33:30.924+0000] {logging_mixin.py:190} INFO - [2025-03-01T14:33:30.924+0000] {dag.py:3239} INFO - Sync 1 DAGs
[2025-03-01T14:33:30.978+0000] {logging_mixin.py:190} INFO - [2025-03-01T14:33:30.977+0000] {dag.py:4180} INFO - Setting next_dagrun for example_xcom to 2021-01-01 00:00:00+00:00, run_after=2021-01-01 00:00:00+00:00
[2025-03-01T14:33:30.995+0000] {processor.py:208} INFO - Processing /home/airflow/.local/lib/python3.12/site-packages/airflow/example_dags/example_xcom.py took 0.140 seconds
[2025-03-01T14:34:01.156+0000] {processor.py:186} INFO - Started process (PID=2106) to work on /home/airflow/.local/lib/python3.12/site-packages/airflow/example_dags/example_xcom.py
[2025-03-01T14:34:01.157+0000] {processor.py:914} INFO - Processing file /home/airflow/.local/lib/python3.12/site-packages/airflow/example_dags/example_xcom.py for tasks to queue
[2025-03-01T14:34:01.161+0000] {logging_mixin.py:190} INFO - [2025-03-01T14:34:01.160+0000] {dagbag.py:588} INFO - Filling up the DagBag from /home/airflow/.local/lib/python3.12/site-packages/airflow/example_dags/example_xcom.py
[2025-03-01T14:34:01.171+0000] {processor.py:925} INFO - DAG(s) 'example_xcom' retrieved from /home/airflow/.local/lib/python3.12/site-packages/airflow/example_dags/example_xcom.py
[2025-03-01T14:34:01.193+0000] {logging_mixin.py:190} INFO - [2025-03-01T14:34:01.192+0000] {dag.py:3239} INFO - Sync 1 DAGs
[2025-03-01T14:34:01.215+0000] {logging_mixin.py:190} INFO - [2025-03-01T14:34:01.214+0000] {dag.py:4180} INFO - Setting next_dagrun for example_xcom to 2021-01-01 00:00:00+00:00, run_after=2021-01-01 00:00:00+00:00
[2025-03-01T14:34:01.231+0000] {processor.py:208} INFO - Processing /home/airflow/.local/lib/python3.12/site-packages/airflow/example_dags/example_xcom.py took 0.081 seconds
[2025-03-01T14:34:31.439+0000] {processor.py:186} INFO - Started process (PID=2169) to work on /home/airflow/.local/lib/python3.12/site-packages/airflow/example_dags/example_xcom.py
[2025-03-01T14:34:31.440+0000] {processor.py:914} INFO - Processing file /home/airflow/.local/lib/python3.12/site-packages/airflow/example_dags/example_xcom.py for tasks to queue
[2025-03-01T14:34:31.442+0000] {logging_mixin.py:190} INFO - [2025-03-01T14:34:31.442+0000] {dagbag.py:588} INFO - Filling up the DagBag from /home/airflow/.local/lib/python3.12/site-packages/airflow/example_dags/example_xcom.py
[2025-03-01T14:34:31.451+0000] {processor.py:925} INFO - DAG(s) 'example_xcom' retrieved from /home/airflow/.local/lib/python3.12/site-packages/airflow/example_dags/example_xcom.py
[2025-03-01T14:34:31.467+0000] {logging_mixin.py:190} INFO - [2025-03-01T14:34:31.467+0000] {dag.py:3239} INFO - Sync 1 DAGs
[2025-03-01T14:34:31.482+0000] {logging_mixin.py:190} INFO - [2025-03-01T14:34:31.482+0000] {dag.py:4180} INFO - Setting next_dagrun for example_xcom to 2021-01-01 00:00:00+00:00, run_after=2021-01-01 00:00:00+00:00
[2025-03-01T14:34:31.493+0000] {processor.py:208} INFO - Processing /home/airflow/.local/lib/python3.12/site-packages/airflow/example_dags/example_xcom.py took 0.060 seconds
[2025-03-01T14:35:01.781+0000] {processor.py:186} INFO - Started process (PID=2232) to work on /home/airflow/.local/lib/python3.12/site-packages/airflow/example_dags/example_xcom.py
[2025-03-01T14:35:01.782+0000] {processor.py:914} INFO - Processing file /home/airflow/.local/lib/python3.12/site-packages/airflow/example_dags/example_xcom.py for tasks to queue
[2025-03-01T14:35:01.784+0000] {logging_mixin.py:190} INFO - [2025-03-01T14:35:01.783+0000] {dagbag.py:588} INFO - Filling up the DagBag from /home/airflow/.local/lib/python3.12/site-packages/airflow/example_dags/example_xcom.py
[2025-03-01T14:35:01.793+0000] {processor.py:925} INFO - DAG(s) 'example_xcom' retrieved from /home/airflow/.local/lib/python3.12/site-packages/airflow/example_dags/example_xcom.py
[2025-03-01T14:35:01.807+0000] {logging_mixin.py:190} INFO - [2025-03-01T14:35:01.807+0000] {dag.py:3239} INFO - Sync 1 DAGs
[2025-03-01T14:35:01.823+0000] {logging_mixin.py:190} INFO - [2025-03-01T14:35:01.823+0000] {dag.py:4180} INFO - Setting next_dagrun for example_xcom to 2021-01-01 00:00:00+00:00, run_after=2021-01-01 00:00:00+00:00
[2025-03-01T14:35:01.834+0000] {processor.py:208} INFO - Processing /home/airflow/.local/lib/python3.12/site-packages/airflow/example_dags/example_xcom.py took 0.059 seconds
[2025-03-01T14:35:32.075+0000] {processor.py:186} INFO - Started process (PID=2295) to work on /home/airflow/.local/lib/python3.12/site-packages/airflow/example_dags/example_xcom.py
[2025-03-01T14:35:32.076+0000] {processor.py:914} INFO - Processing file /home/airflow/.local/lib/python3.12/site-packages/airflow/example_dags/example_xcom.py for tasks to queue
[2025-03-01T14:35:32.078+0000] {logging_mixin.py:190} INFO - [2025-03-01T14:35:32.077+0000] {dagbag.py:588} INFO - Filling up the DagBag from /home/airflow/.local/lib/python3.12/site-packages/airflow/example_dags/example_xcom.py
[2025-03-01T14:35:32.087+0000] {processor.py:925} INFO - DAG(s) 'example_xcom' retrieved from /home/airflow/.local/lib/python3.12/site-packages/airflow/example_dags/example_xcom.py
[2025-03-01T14:35:32.107+0000] {logging_mixin.py:190} INFO - [2025-03-01T14:35:32.107+0000] {dag.py:3239} INFO - Sync 1 DAGs
[2025-03-01T14:35:32.123+0000] {logging_mixin.py:190} INFO - [2025-03-01T14:35:32.123+0000] {dag.py:4180} INFO - Setting next_dagrun for example_xcom to 2021-01-01 00:00:00+00:00, run_after=2021-01-01 00:00:00+00:00
[2025-03-01T14:35:32.134+0000] {processor.py:208} INFO - Processing /home/airflow/.local/lib/python3.12/site-packages/airflow/example_dags/example_xcom.py took 0.065 seconds
[2025-03-01T14:36:02.927+0000] {processor.py:186} INFO - Started process (PID=2358) to work on /home/airflow/.local/lib/python3.12/site-packages/airflow/example_dags/example_xcom.py
[2025-03-01T14:36:02.928+0000] {processor.py:914} INFO - Processing file /home/airflow/.local/lib/python3.12/site-packages/airflow/example_dags/example_xcom.py for tasks to queue
[2025-03-01T14:36:02.930+0000] {logging_mixin.py:190} INFO - [2025-03-01T14:36:02.930+0000] {dagbag.py:588} INFO - Filling up the DagBag from /home/airflow/.local/lib/python3.12/site-packages/airflow/example_dags/example_xcom.py
[2025-03-01T14:36:02.939+0000] {processor.py:925} INFO - DAG(s) 'example_xcom' retrieved from /home/airflow/.local/lib/python3.12/site-packages/airflow/example_dags/example_xcom.py
[2025-03-01T14:36:02.954+0000] {logging_mixin.py:190} INFO - [2025-03-01T14:36:02.954+0000] {dag.py:3239} INFO - Sync 1 DAGs
[2025-03-01T14:36:02.969+0000] {logging_mixin.py:190} INFO - [2025-03-01T14:36:02.969+0000] {dag.py:4180} INFO - Setting next_dagrun for example_xcom to 2021-01-01 00:00:00+00:00, run_after=2021-01-01 00:00:00+00:00
[2025-03-01T14:36:02.981+0000] {processor.py:208} INFO - Processing /home/airflow/.local/lib/python3.12/site-packages/airflow/example_dags/example_xcom.py took 0.059 seconds
[2025-03-01T14:36:33.531+0000] {processor.py:186} INFO - Started process (PID=2422) to work on /home/airflow/.local/lib/python3.12/site-packages/airflow/example_dags/example_xcom.py
[2025-03-01T14:36:33.532+0000] {processor.py:914} INFO - Processing file /home/airflow/.local/lib/python3.12/site-packages/airflow/example_dags/example_xcom.py for tasks to queue
[2025-03-01T14:36:33.533+0000] {logging_mixin.py:190} INFO - [2025-03-01T14:36:33.533+0000] {dagbag.py:588} INFO - Filling up the DagBag from /home/airflow/.local/lib/python3.12/site-packages/airflow/example_dags/example_xcom.py
[2025-03-01T14:36:33.541+0000] {processor.py:925} INFO - DAG(s) 'example_xcom' retrieved from /home/airflow/.local/lib/python3.12/site-packages/airflow/example_dags/example_xcom.py
[2025-03-01T14:36:33.556+0000] {logging_mixin.py:190} INFO - [2025-03-01T14:36:33.555+0000] {dag.py:3239} INFO - Sync 1 DAGs
[2025-03-01T14:36:33.571+0000] {logging_mixin.py:190} INFO - [2025-03-01T14:36:33.571+0000] {dag.py:4180} INFO - Setting next_dagrun for example_xcom to 2021-01-01 00:00:00+00:00, run_after=2021-01-01 00:00:00+00:00
[2025-03-01T14:36:33.583+0000] {processor.py:208} INFO - Processing /home/airflow/.local/lib/python3.12/site-packages/airflow/example_dags/example_xcom.py took 0.058 seconds
[2025-03-01T14:37:03.965+0000] {processor.py:186} INFO - Started process (PID=2484) to work on /home/airflow/.local/lib/python3.12/site-packages/airflow/example_dags/example_xcom.py
[2025-03-01T14:37:03.966+0000] {processor.py:914} INFO - Processing file /home/airflow/.local/lib/python3.12/site-packages/airflow/example_dags/example_xcom.py for tasks to queue
[2025-03-01T14:37:03.969+0000] {logging_mixin.py:190} INFO - [2025-03-01T14:37:03.969+0000] {dagbag.py:588} INFO - Filling up the DagBag from /home/airflow/.local/lib/python3.12/site-packages/airflow/example_dags/example_xcom.py
[2025-03-01T14:37:03.978+0000] {processor.py:925} INFO - DAG(s) 'example_xcom' retrieved from /home/airflow/.local/lib/python3.12/site-packages/airflow/example_dags/example_xcom.py
[2025-03-01T14:37:04.014+0000] {logging_mixin.py:190} INFO - [2025-03-01T14:37:04.013+0000] {dag.py:3239} INFO - Sync 1 DAGs
[2025-03-01T14:37:04.090+0000] {logging_mixin.py:190} INFO - [2025-03-01T14:37:04.090+0000] {dag.py:4180} INFO - Setting next_dagrun for example_xcom to 2021-01-01 00:00:00+00:00, run_after=2021-01-01 00:00:00+00:00
[2025-03-01T14:37:04.131+0000] {processor.py:208} INFO - Processing /home/airflow/.local/lib/python3.12/site-packages/airflow/example_dags/example_xcom.py took 0.173 seconds
[2025-03-01T14:37:34.708+0000] {processor.py:186} INFO - Started process (PID=2548) to work on /home/airflow/.local/lib/python3.12/site-packages/airflow/example_dags/example_xcom.py
[2025-03-01T14:37:34.709+0000] {processor.py:914} INFO - Processing file /home/airflow/.local/lib/python3.12/site-packages/airflow/example_dags/example_xcom.py for tasks to queue
[2025-03-01T14:37:34.711+0000] {logging_mixin.py:190} INFO - [2025-03-01T14:37:34.710+0000] {dagbag.py:588} INFO - Filling up the DagBag from /home/airflow/.local/lib/python3.12/site-packages/airflow/example_dags/example_xcom.py
[2025-03-01T14:37:34.720+0000] {processor.py:925} INFO - DAG(s) 'example_xcom' retrieved from /home/airflow/.local/lib/python3.12/site-packages/airflow/example_dags/example_xcom.py
[2025-03-01T14:37:34.743+0000] {logging_mixin.py:190} INFO - [2025-03-01T14:37:34.742+0000] {dag.py:3239} INFO - Sync 1 DAGs
[2025-03-01T14:37:34.766+0000] {logging_mixin.py:190} INFO - [2025-03-01T14:37:34.766+0000] {dag.py:4180} INFO - Setting next_dagrun for example_xcom to 2021-01-01 00:00:00+00:00, run_after=2021-01-01 00:00:00+00:00
[2025-03-01T14:37:34.791+0000] {processor.py:208} INFO - Processing /home/airflow/.local/lib/python3.12/site-packages/airflow/example_dags/example_xcom.py took 0.089 seconds
[2025-03-01T14:38:05.022+0000] {processor.py:186} INFO - Started process (PID=2611) to work on /home/airflow/.local/lib/python3.12/site-packages/airflow/example_dags/example_xcom.py
[2025-03-01T14:38:05.022+0000] {processor.py:914} INFO - Processing file /home/airflow/.local/lib/python3.12/site-packages/airflow/example_dags/example_xcom.py for tasks to queue
[2025-03-01T14:38:05.025+0000] {logging_mixin.py:190} INFO - [2025-03-01T14:38:05.024+0000] {dagbag.py:588} INFO - Filling up the DagBag from /home/airflow/.local/lib/python3.12/site-packages/airflow/example_dags/example_xcom.py
[2025-03-01T14:38:05.031+0000] {processor.py:925} INFO - DAG(s) 'example_xcom' retrieved from /home/airflow/.local/lib/python3.12/site-packages/airflow/example_dags/example_xcom.py
[2025-03-01T14:38:05.045+0000] {logging_mixin.py:190} INFO - [2025-03-01T14:38:05.044+0000] {dag.py:3239} INFO - Sync 1 DAGs
[2025-03-01T14:38:05.060+0000] {logging_mixin.py:190} INFO - [2025-03-01T14:38:05.060+0000] {dag.py:4180} INFO - Setting next_dagrun for example_xcom to 2021-01-01 00:00:00+00:00, run_after=2021-01-01 00:00:00+00:00
[2025-03-01T14:38:05.074+0000] {processor.py:208} INFO - Processing /home/airflow/.local/lib/python3.12/site-packages/airflow/example_dags/example_xcom.py took 0.058 seconds
[2025-03-01T14:38:35.200+0000] {processor.py:186} INFO - Started process (PID=2674) to work on /home/airflow/.local/lib/python3.12/site-packages/airflow/example_dags/example_xcom.py
[2025-03-01T14:38:35.201+0000] {processor.py:914} INFO - Processing file /home/airflow/.local/lib/python3.12/site-packages/airflow/example_dags/example_xcom.py for tasks to queue
[2025-03-01T14:38:35.203+0000] {logging_mixin.py:190} INFO - [2025-03-01T14:38:35.202+0000] {dagbag.py:588} INFO - Filling up the DagBag from /home/airflow/.local/lib/python3.12/site-packages/airflow/example_dags/example_xcom.py
[2025-03-01T14:38:35.212+0000] {processor.py:925} INFO - DAG(s) 'example_xcom' retrieved from /home/airflow/.local/lib/python3.12/site-packages/airflow/example_dags/example_xcom.py
[2025-03-01T14:38:35.230+0000] {logging_mixin.py:190} INFO - [2025-03-01T14:38:35.229+0000] {dag.py:3239} INFO - Sync 1 DAGs
[2025-03-01T14:38:35.245+0000] {logging_mixin.py:190} INFO - [2025-03-01T14:38:35.245+0000] {dag.py:4180} INFO - Setting next_dagrun for example_xcom to 2021-01-01 00:00:00+00:00, run_after=2021-01-01 00:00:00+00:00
[2025-03-01T14:38:35.257+0000] {processor.py:208} INFO - Processing /home/airflow/.local/lib/python3.12/site-packages/airflow/example_dags/example_xcom.py took 0.063 seconds
[2025-03-01T14:39:05.500+0000] {processor.py:186} INFO - Started process (PID=2738) to work on /home/airflow/.local/lib/python3.12/site-packages/airflow/example_dags/example_xcom.py
[2025-03-01T14:39:05.503+0000] {processor.py:914} INFO - Processing file /home/airflow/.local/lib/python3.12/site-packages/airflow/example_dags/example_xcom.py for tasks to queue
[2025-03-01T14:39:05.513+0000] {logging_mixin.py:190} INFO - [2025-03-01T14:39:05.513+0000] {dagbag.py:588} INFO - Filling up the DagBag from /home/airflow/.local/lib/python3.12/site-packages/airflow/example_dags/example_xcom.py
[2025-03-01T14:39:05.523+0000] {processor.py:925} INFO - DAG(s) 'example_xcom' retrieved from /home/airflow/.local/lib/python3.12/site-packages/airflow/example_dags/example_xcom.py
[2025-03-01T14:39:05.564+0000] {logging_mixin.py:190} INFO - [2025-03-01T14:39:05.564+0000] {dag.py:3239} INFO - Sync 1 DAGs
[2025-03-01T14:39:05.606+0000] {logging_mixin.py:190} INFO - [2025-03-01T14:39:05.606+0000] {dag.py:4180} INFO - Setting next_dagrun for example_xcom to 2021-01-01 00:00:00+00:00, run_after=2021-01-01 00:00:00+00:00
[2025-03-01T14:39:05.622+0000] {processor.py:208} INFO - Processing /home/airflow/.local/lib/python3.12/site-packages/airflow/example_dags/example_xcom.py took 0.137 seconds
[2025-03-01T14:39:36.236+0000] {processor.py:186} INFO - Started process (PID=2801) to work on /home/airflow/.local/lib/python3.12/site-packages/airflow/example_dags/example_xcom.py
[2025-03-01T14:39:36.247+0000] {processor.py:914} INFO - Processing file /home/airflow/.local/lib/python3.12/site-packages/airflow/example_dags/example_xcom.py for tasks to queue
[2025-03-01T14:39:36.249+0000] {logging_mixin.py:190} INFO - [2025-03-01T14:39:36.249+0000] {dagbag.py:588} INFO - Filling up the DagBag from /home/airflow/.local/lib/python3.12/site-packages/airflow/example_dags/example_xcom.py
[2025-03-01T14:39:36.266+0000] {processor.py:925} INFO - DAG(s) 'example_xcom' retrieved from /home/airflow/.local/lib/python3.12/site-packages/airflow/example_dags/example_xcom.py
[2025-03-01T14:39:36.304+0000] {logging_mixin.py:190} INFO - [2025-03-01T14:39:36.304+0000] {dag.py:3239} INFO - Sync 1 DAGs
[2025-03-01T14:39:36.348+0000] {logging_mixin.py:190} INFO - [2025-03-01T14:39:36.348+0000] {dag.py:4180} INFO - Setting next_dagrun for example_xcom to 2021-01-01 00:00:00+00:00, run_after=2021-01-01 00:00:00+00:00
[2025-03-01T14:39:36.365+0000] {processor.py:208} INFO - Processing /home/airflow/.local/lib/python3.12/site-packages/airflow/example_dags/example_xcom.py took 0.141 seconds
[2025-03-01T14:40:06.582+0000] {processor.py:186} INFO - Started process (PID=2865) to work on /home/airflow/.local/lib/python3.12/site-packages/airflow/example_dags/example_xcom.py
[2025-03-01T14:40:06.583+0000] {processor.py:914} INFO - Processing file /home/airflow/.local/lib/python3.12/site-packages/airflow/example_dags/example_xcom.py for tasks to queue
[2025-03-01T14:40:06.584+0000] {logging_mixin.py:190} INFO - [2025-03-01T14:40:06.584+0000] {dagbag.py:588} INFO - Filling up the DagBag from /home/airflow/.local/lib/python3.12/site-packages/airflow/example_dags/example_xcom.py
[2025-03-01T14:40:06.591+0000] {processor.py:925} INFO - DAG(s) 'example_xcom' retrieved from /home/airflow/.local/lib/python3.12/site-packages/airflow/example_dags/example_xcom.py
[2025-03-01T14:40:06.605+0000] {logging_mixin.py:190} INFO - [2025-03-01T14:40:06.605+0000] {dag.py:3239} INFO - Sync 1 DAGs
[2025-03-01T14:40:06.621+0000] {logging_mixin.py:190} INFO - [2025-03-01T14:40:06.621+0000] {dag.py:4180} INFO - Setting next_dagrun for example_xcom to 2021-01-01 00:00:00+00:00, run_after=2021-01-01 00:00:00+00:00
[2025-03-01T14:40:06.633+0000] {processor.py:208} INFO - Processing /home/airflow/.local/lib/python3.12/site-packages/airflow/example_dags/example_xcom.py took 0.055 seconds
[2025-03-01T14:40:37.581+0000] {processor.py:186} INFO - Started process (PID=2928) to work on /home/airflow/.local/lib/python3.12/site-packages/airflow/example_dags/example_xcom.py
[2025-03-01T14:40:37.582+0000] {processor.py:914} INFO - Processing file /home/airflow/.local/lib/python3.12/site-packages/airflow/example_dags/example_xcom.py for tasks to queue
[2025-03-01T14:40:37.585+0000] {logging_mixin.py:190} INFO - [2025-03-01T14:40:37.585+0000] {dagbag.py:588} INFO - Filling up the DagBag from /home/airflow/.local/lib/python3.12/site-packages/airflow/example_dags/example_xcom.py
[2025-03-01T14:40:37.595+0000] {processor.py:925} INFO - DAG(s) 'example_xcom' retrieved from /home/airflow/.local/lib/python3.12/site-packages/airflow/example_dags/example_xcom.py
[2025-03-01T14:40:37.615+0000] {logging_mixin.py:190} INFO - [2025-03-01T14:40:37.615+0000] {dag.py:3239} INFO - Sync 1 DAGs
[2025-03-01T14:40:37.639+0000] {logging_mixin.py:190} INFO - [2025-03-01T14:40:37.638+0000] {dag.py:4180} INFO - Setting next_dagrun for example_xcom to 2021-01-01 00:00:00+00:00, run_after=2021-01-01 00:00:00+00:00
[2025-03-01T14:40:37.654+0000] {processor.py:208} INFO - Processing /home/airflow/.local/lib/python3.12/site-packages/airflow/example_dags/example_xcom.py took 0.082 seconds
[2025-03-01T14:41:08.620+0000] {processor.py:186} INFO - Started process (PID=2993) to work on /home/airflow/.local/lib/python3.12/site-packages/airflow/example_dags/example_xcom.py
[2025-03-01T14:41:08.621+0000] {processor.py:914} INFO - Processing file /home/airflow/.local/lib/python3.12/site-packages/airflow/example_dags/example_xcom.py for tasks to queue
[2025-03-01T14:41:08.623+0000] {logging_mixin.py:190} INFO - [2025-03-01T14:41:08.623+0000] {dagbag.py:588} INFO - Filling up the DagBag from /home/airflow/.local/lib/python3.12/site-packages/airflow/example_dags/example_xcom.py
[2025-03-01T14:41:08.634+0000] {processor.py:925} INFO - DAG(s) 'example_xcom' retrieved from /home/airflow/.local/lib/python3.12/site-packages/airflow/example_dags/example_xcom.py
[2025-03-01T14:41:08.663+0000] {logging_mixin.py:190} INFO - [2025-03-01T14:41:08.663+0000] {dag.py:3239} INFO - Sync 1 DAGs
[2025-03-01T14:41:08.692+0000] {logging_mixin.py:190} INFO - [2025-03-01T14:41:08.692+0000] {dag.py:4180} INFO - Setting next_dagrun for example_xcom to 2021-01-01 00:00:00+00:00, run_after=2021-01-01 00:00:00+00:00
[2025-03-01T14:41:08.722+0000] {processor.py:208} INFO - Processing /home/airflow/.local/lib/python3.12/site-packages/airflow/example_dags/example_xcom.py took 0.107 seconds
[2025-03-01T14:41:39.331+0000] {processor.py:186} INFO - Started process (PID=3056) to work on /home/airflow/.local/lib/python3.12/site-packages/airflow/example_dags/example_xcom.py
[2025-03-01T14:41:39.332+0000] {processor.py:914} INFO - Processing file /home/airflow/.local/lib/python3.12/site-packages/airflow/example_dags/example_xcom.py for tasks to queue
[2025-03-01T14:41:39.334+0000] {logging_mixin.py:190} INFO - [2025-03-01T14:41:39.334+0000] {dagbag.py:588} INFO - Filling up the DagBag from /home/airflow/.local/lib/python3.12/site-packages/airflow/example_dags/example_xcom.py
[2025-03-01T14:41:39.345+0000] {processor.py:925} INFO - DAG(s) 'example_xcom' retrieved from /home/airflow/.local/lib/python3.12/site-packages/airflow/example_dags/example_xcom.py
[2025-03-01T14:41:39.367+0000] {logging_mixin.py:190} INFO - [2025-03-01T14:41:39.367+0000] {dag.py:3239} INFO - Sync 1 DAGs
[2025-03-01T14:41:39.391+0000] {logging_mixin.py:190} INFO - [2025-03-01T14:41:39.391+0000] {dag.py:4180} INFO - Setting next_dagrun for example_xcom to 2021-01-01 00:00:00+00:00, run_after=2021-01-01 00:00:00+00:00
[2025-03-01T14:41:39.407+0000] {processor.py:208} INFO - Processing /home/airflow/.local/lib/python3.12/site-packages/airflow/example_dags/example_xcom.py took 0.083 seconds
[2025-03-01T14:42:10.345+0000] {processor.py:186} INFO - Started process (PID=3118) to work on /home/airflow/.local/lib/python3.12/site-packages/airflow/example_dags/example_xcom.py
[2025-03-01T14:42:10.346+0000] {processor.py:914} INFO - Processing file /home/airflow/.local/lib/python3.12/site-packages/airflow/example_dags/example_xcom.py for tasks to queue
[2025-03-01T14:42:10.348+0000] {logging_mixin.py:190} INFO - [2025-03-01T14:42:10.347+0000] {dagbag.py:588} INFO - Filling up the DagBag from /home/airflow/.local/lib/python3.12/site-packages/airflow/example_dags/example_xcom.py
[2025-03-01T14:42:10.357+0000] {processor.py:925} INFO - DAG(s) 'example_xcom' retrieved from /home/airflow/.local/lib/python3.12/site-packages/airflow/example_dags/example_xcom.py
[2025-03-01T14:42:10.377+0000] {logging_mixin.py:190} INFO - [2025-03-01T14:42:10.377+0000] {dag.py:3239} INFO - Sync 1 DAGs
[2025-03-01T14:42:10.403+0000] {logging_mixin.py:190} INFO - [2025-03-01T14:42:10.403+0000] {dag.py:4180} INFO - Setting next_dagrun for example_xcom to 2021-01-01 00:00:00+00:00, run_after=2021-01-01 00:00:00+00:00
[2025-03-01T14:42:10.419+0000] {processor.py:208} INFO - Processing /home/airflow/.local/lib/python3.12/site-packages/airflow/example_dags/example_xcom.py took 0.080 seconds
[2025-03-01T14:42:40.674+0000] {processor.py:186} INFO - Started process (PID=3180) to work on /home/airflow/.local/lib/python3.12/site-packages/airflow/example_dags/example_xcom.py
[2025-03-01T14:42:40.675+0000] {processor.py:914} INFO - Processing file /home/airflow/.local/lib/python3.12/site-packages/airflow/example_dags/example_xcom.py for tasks to queue
[2025-03-01T14:42:40.676+0000] {logging_mixin.py:190} INFO - [2025-03-01T14:42:40.676+0000] {dagbag.py:588} INFO - Filling up the DagBag from /home/airflow/.local/lib/python3.12/site-packages/airflow/example_dags/example_xcom.py
[2025-03-01T14:42:40.683+0000] {processor.py:925} INFO - DAG(s) 'example_xcom' retrieved from /home/airflow/.local/lib/python3.12/site-packages/airflow/example_dags/example_xcom.py
[2025-03-01T14:42:40.697+0000] {logging_mixin.py:190} INFO - [2025-03-01T14:42:40.697+0000] {dag.py:3239} INFO - Sync 1 DAGs
[2025-03-01T14:42:40.715+0000] {logging_mixin.py:190} INFO - [2025-03-01T14:42:40.715+0000] {dag.py:4180} INFO - Setting next_dagrun for example_xcom to 2021-01-01 00:00:00+00:00, run_after=2021-01-01 00:00:00+00:00
[2025-03-01T14:42:40.726+0000] {processor.py:208} INFO - Processing /home/airflow/.local/lib/python3.12/site-packages/airflow/example_dags/example_xcom.py took 0.058 seconds
[2025-03-01T14:43:10.918+0000] {processor.py:186} INFO - Started process (PID=3243) to work on /home/airflow/.local/lib/python3.12/site-packages/airflow/example_dags/example_xcom.py
[2025-03-01T14:43:10.918+0000] {processor.py:914} INFO - Processing file /home/airflow/.local/lib/python3.12/site-packages/airflow/example_dags/example_xcom.py for tasks to queue
[2025-03-01T14:43:10.920+0000] {logging_mixin.py:190} INFO - [2025-03-01T14:43:10.920+0000] {dagbag.py:588} INFO - Filling up the DagBag from /home/airflow/.local/lib/python3.12/site-packages/airflow/example_dags/example_xcom.py
[2025-03-01T14:43:10.926+0000] {processor.py:925} INFO - DAG(s) 'example_xcom' retrieved from /home/airflow/.local/lib/python3.12/site-packages/airflow/example_dags/example_xcom.py
[2025-03-01T14:43:10.941+0000] {logging_mixin.py:190} INFO - [2025-03-01T14:43:10.941+0000] {dag.py:3239} INFO - Sync 1 DAGs
[2025-03-01T14:43:10.957+0000] {logging_mixin.py:190} INFO - [2025-03-01T14:43:10.957+0000] {dag.py:4180} INFO - Setting next_dagrun for example_xcom to 2021-01-01 00:00:00+00:00, run_after=2021-01-01 00:00:00+00:00
[2025-03-01T14:43:10.969+0000] {processor.py:208} INFO - Processing /home/airflow/.local/lib/python3.12/site-packages/airflow/example_dags/example_xcom.py took 0.055 seconds
[2025-03-01T14:43:41.140+0000] {processor.py:186} INFO - Started process (PID=3306) to work on /home/airflow/.local/lib/python3.12/site-packages/airflow/example_dags/example_xcom.py
[2025-03-01T14:43:41.141+0000] {processor.py:914} INFO - Processing file /home/airflow/.local/lib/python3.12/site-packages/airflow/example_dags/example_xcom.py for tasks to queue
[2025-03-01T14:43:41.142+0000] {logging_mixin.py:190} INFO - [2025-03-01T14:43:41.142+0000] {dagbag.py:588} INFO - Filling up the DagBag from /home/airflow/.local/lib/python3.12/site-packages/airflow/example_dags/example_xcom.py
[2025-03-01T14:43:41.149+0000] {processor.py:925} INFO - DAG(s) 'example_xcom' retrieved from /home/airflow/.local/lib/python3.12/site-packages/airflow/example_dags/example_xcom.py
[2025-03-01T14:43:41.163+0000] {logging_mixin.py:190} INFO - [2025-03-01T14:43:41.163+0000] {dag.py:3239} INFO - Sync 1 DAGs
[2025-03-01T14:43:41.185+0000] {logging_mixin.py:190} INFO - [2025-03-01T14:43:41.185+0000] {dag.py:4180} INFO - Setting next_dagrun for example_xcom to 2021-01-01 00:00:00+00:00, run_after=2021-01-01 00:00:00+00:00
[2025-03-01T14:43:41.203+0000] {processor.py:208} INFO - Processing /home/airflow/.local/lib/python3.12/site-packages/airflow/example_dags/example_xcom.py took 0.067 seconds
[2025-03-01T14:44:12.440+0000] {processor.py:186} INFO - Started process (PID=3371) to work on /home/airflow/.local/lib/python3.12/site-packages/airflow/example_dags/example_xcom.py
[2025-03-01T14:44:12.449+0000] {processor.py:914} INFO - Processing file /home/airflow/.local/lib/python3.12/site-packages/airflow/example_dags/example_xcom.py for tasks to queue
[2025-03-01T14:44:12.451+0000] {logging_mixin.py:190} INFO - [2025-03-01T14:44:12.450+0000] {dagbag.py:588} INFO - Filling up the DagBag from /home/airflow/.local/lib/python3.12/site-packages/airflow/example_dags/example_xcom.py
[2025-03-01T14:44:12.462+0000] {processor.py:925} INFO - DAG(s) 'example_xcom' retrieved from /home/airflow/.local/lib/python3.12/site-packages/airflow/example_dags/example_xcom.py
[2025-03-01T14:44:12.504+0000] {logging_mixin.py:190} INFO - [2025-03-01T14:44:12.504+0000] {dag.py:3239} INFO - Sync 1 DAGs
[2025-03-01T14:44:12.540+0000] {logging_mixin.py:190} INFO - [2025-03-01T14:44:12.539+0000] {dag.py:4180} INFO - Setting next_dagrun for example_xcom to 2021-01-01 00:00:00+00:00, run_after=2021-01-01 00:00:00+00:00
[2025-03-01T14:44:12.583+0000] {processor.py:208} INFO - Processing /home/airflow/.local/lib/python3.12/site-packages/airflow/example_dags/example_xcom.py took 0.181 seconds
[2025-03-01T14:44:42.794+0000] {processor.py:186} INFO - Started process (PID=3434) to work on /home/airflow/.local/lib/python3.12/site-packages/airflow/example_dags/example_xcom.py
[2025-03-01T14:44:42.795+0000] {processor.py:914} INFO - Processing file /home/airflow/.local/lib/python3.12/site-packages/airflow/example_dags/example_xcom.py for tasks to queue
[2025-03-01T14:44:42.798+0000] {logging_mixin.py:190} INFO - [2025-03-01T14:44:42.797+0000] {dagbag.py:588} INFO - Filling up the DagBag from /home/airflow/.local/lib/python3.12/site-packages/airflow/example_dags/example_xcom.py
[2025-03-01T14:44:42.807+0000] {processor.py:925} INFO - DAG(s) 'example_xcom' retrieved from /home/airflow/.local/lib/python3.12/site-packages/airflow/example_dags/example_xcom.py
[2025-03-01T14:44:42.836+0000] {logging_mixin.py:190} INFO - [2025-03-01T14:44:42.836+0000] {dag.py:3239} INFO - Sync 1 DAGs
[2025-03-01T14:44:42.864+0000] {logging_mixin.py:190} INFO - [2025-03-01T14:44:42.864+0000] {dag.py:4180} INFO - Setting next_dagrun for example_xcom to 2021-01-01 00:00:00+00:00, run_after=2021-01-01 00:00:00+00:00
[2025-03-01T14:44:42.880+0000] {processor.py:208} INFO - Processing /home/airflow/.local/lib/python3.12/site-packages/airflow/example_dags/example_xcom.py took 0.093 seconds
[2025-03-01T14:45:16.835+0000] {processor.py:186} INFO - Started process (PID=3497) to work on /home/airflow/.local/lib/python3.12/site-packages/airflow/example_dags/example_xcom.py
[2025-03-01T14:45:16.843+0000] {processor.py:914} INFO - Processing file /home/airflow/.local/lib/python3.12/site-packages/airflow/example_dags/example_xcom.py for tasks to queue
[2025-03-01T14:45:16.845+0000] {logging_mixin.py:190} INFO - [2025-03-01T14:45:16.845+0000] {dagbag.py:588} INFO - Filling up the DagBag from /home/airflow/.local/lib/python3.12/site-packages/airflow/example_dags/example_xcom.py
[2025-03-01T14:45:16.864+0000] {processor.py:925} INFO - DAG(s) 'example_xcom' retrieved from /home/airflow/.local/lib/python3.12/site-packages/airflow/example_dags/example_xcom.py
[2025-03-01T14:45:16.918+0000] {logging_mixin.py:190} INFO - [2025-03-01T14:45:16.918+0000] {dag.py:3239} INFO - Sync 1 DAGs
[2025-03-01T14:45:16.965+0000] {logging_mixin.py:190} INFO - [2025-03-01T14:45:16.965+0000] {dag.py:4180} INFO - Setting next_dagrun for example_xcom to 2021-01-01 00:00:00+00:00, run_after=2021-01-01 00:00:00+00:00
[2025-03-01T14:45:17.008+0000] {processor.py:208} INFO - Processing /home/airflow/.local/lib/python3.12/site-packages/airflow/example_dags/example_xcom.py took 0.189 seconds
[2025-03-01T14:45:52.823+0000] {processor.py:186} INFO - Started process (PID=3554) to work on /home/airflow/.local/lib/python3.12/site-packages/airflow/example_dags/example_xcom.py
[2025-03-01T14:45:52.836+0000] {processor.py:914} INFO - Processing file /home/airflow/.local/lib/python3.12/site-packages/airflow/example_dags/example_xcom.py for tasks to queue
[2025-03-01T14:45:52.850+0000] {logging_mixin.py:190} INFO - [2025-03-01T14:45:52.850+0000] {dagbag.py:588} INFO - Filling up the DagBag from /home/airflow/.local/lib/python3.12/site-packages/airflow/example_dags/example_xcom.py
[2025-03-01T14:45:52.901+0000] {processor.py:925} INFO - DAG(s) 'example_xcom' retrieved from /home/airflow/.local/lib/python3.12/site-packages/airflow/example_dags/example_xcom.py
[2025-03-01T14:45:53.011+0000] {logging_mixin.py:190} INFO - [2025-03-01T14:45:53.011+0000] {dag.py:3239} INFO - Sync 1 DAGs
[2025-03-01T14:45:53.151+0000] {logging_mixin.py:190} INFO - [2025-03-01T14:45:53.151+0000] {dag.py:4180} INFO - Setting next_dagrun for example_xcom to 2021-01-01 00:00:00+00:00, run_after=2021-01-01 00:00:00+00:00
[2025-03-01T14:45:53.545+0000] {processor.py:208} INFO - Processing /home/airflow/.local/lib/python3.12/site-packages/airflow/example_dags/example_xcom.py took 0.751 seconds
[2025-03-01T14:46:38.647+0000] {processor.py:186} INFO - Started process (PID=3624) to work on /home/airflow/.local/lib/python3.12/site-packages/airflow/example_dags/example_xcom.py
[2025-03-01T14:46:38.669+0000] {processor.py:914} INFO - Processing file /home/airflow/.local/lib/python3.12/site-packages/airflow/example_dags/example_xcom.py for tasks to queue
[2025-03-01T14:46:38.689+0000] {logging_mixin.py:190} INFO - [2025-03-01T14:46:38.686+0000] {dagbag.py:588} INFO - Filling up the DagBag from /home/airflow/.local/lib/python3.12/site-packages/airflow/example_dags/example_xcom.py
[2025-03-01T14:46:38.807+0000] {processor.py:925} INFO - DAG(s) 'example_xcom' retrieved from /home/airflow/.local/lib/python3.12/site-packages/airflow/example_dags/example_xcom.py
[2025-03-01T14:46:38.918+0000] {logging_mixin.py:190} INFO - [2025-03-01T14:46:38.918+0000] {dag.py:3239} INFO - Sync 1 DAGs
[2025-03-01T14:46:39.018+0000] {logging_mixin.py:190} INFO - [2025-03-01T14:46:39.018+0000] {dag.py:4180} INFO - Setting next_dagrun for example_xcom to 2021-01-01 00:00:00+00:00, run_after=2021-01-01 00:00:00+00:00
[2025-03-01T14:46:39.198+0000] {processor.py:208} INFO - Processing /home/airflow/.local/lib/python3.12/site-packages/airflow/example_dags/example_xcom.py took 0.598 seconds
[2025-03-01T14:47:29.550+0000] {processor.py:186} INFO - Started process (PID=3697) to work on /home/airflow/.local/lib/python3.12/site-packages/airflow/example_dags/example_xcom.py
[2025-03-01T14:47:29.556+0000] {processor.py:914} INFO - Processing file /home/airflow/.local/lib/python3.12/site-packages/airflow/example_dags/example_xcom.py for tasks to queue
[2025-03-01T14:47:29.575+0000] {logging_mixin.py:190} INFO - [2025-03-01T14:47:29.560+0000] {dagbag.py:588} INFO - Filling up the DagBag from /home/airflow/.local/lib/python3.12/site-packages/airflow/example_dags/example_xcom.py
[2025-03-01T14:47:29.694+0000] {processor.py:925} INFO - DAG(s) 'example_xcom' retrieved from /home/airflow/.local/lib/python3.12/site-packages/airflow/example_dags/example_xcom.py
[2025-03-01T14:47:29.906+0000] {logging_mixin.py:190} INFO - [2025-03-01T14:47:29.905+0000] {dag.py:3239} INFO - Sync 1 DAGs
[2025-03-01T14:47:30.074+0000] {logging_mixin.py:190} INFO - [2025-03-01T14:47:30.074+0000] {dag.py:4180} INFO - Setting next_dagrun for example_xcom to 2021-01-01 00:00:00+00:00, run_after=2021-01-01 00:00:00+00:00
[2025-03-01T14:47:30.210+0000] {processor.py:208} INFO - Processing /home/airflow/.local/lib/python3.12/site-packages/airflow/example_dags/example_xcom.py took 0.707 seconds
[2025-03-01T14:48:00.680+0000] {processor.py:186} INFO - Started process (PID=3760) to work on /home/airflow/.local/lib/python3.12/site-packages/airflow/example_dags/example_xcom.py
[2025-03-01T14:48:00.681+0000] {processor.py:914} INFO - Processing file /home/airflow/.local/lib/python3.12/site-packages/airflow/example_dags/example_xcom.py for tasks to queue
[2025-03-01T14:48:00.683+0000] {logging_mixin.py:190} INFO - [2025-03-01T14:48:00.683+0000] {dagbag.py:588} INFO - Filling up the DagBag from /home/airflow/.local/lib/python3.12/site-packages/airflow/example_dags/example_xcom.py
[2025-03-01T14:48:00.693+0000] {processor.py:925} INFO - DAG(s) 'example_xcom' retrieved from /home/airflow/.local/lib/python3.12/site-packages/airflow/example_dags/example_xcom.py
[2025-03-01T14:48:00.714+0000] {logging_mixin.py:190} INFO - [2025-03-01T14:48:00.714+0000] {dag.py:3239} INFO - Sync 1 DAGs
[2025-03-01T14:48:00.745+0000] {logging_mixin.py:190} INFO - [2025-03-01T14:48:00.745+0000] {dag.py:4180} INFO - Setting next_dagrun for example_xcom to 2021-01-01 00:00:00+00:00, run_after=2021-01-01 00:00:00+00:00
[2025-03-01T14:48:00.762+0000] {processor.py:208} INFO - Processing /home/airflow/.local/lib/python3.12/site-packages/airflow/example_dags/example_xcom.py took 0.090 seconds
