[2025-03-01T14:17:58.102+0000] {processor.py:186} INFO - Started process (PID=125) to work on /home/airflow/.local/lib/python3.12/site-packages/airflow/example_dags/example_task_group_decorator.py
[2025-03-01T14:17:58.103+0000] {processor.py:914} INFO - Processing file /home/airflow/.local/lib/python3.12/site-packages/airflow/example_dags/example_task_group_decorator.py for tasks to queue
[2025-03-01T14:17:58.105+0000] {logging_mixin.py:190} INFO - [2025-03-01T14:17:58.105+0000] {dagbag.py:588} INFO - Filling up the DagBag from /home/airflow/.local/lib/python3.12/site-packages/airflow/example_dags/example_task_group_decorator.py
[2025-03-01T14:17:58.123+0000] {processor.py:925} INFO - DAG(s) 'example_task_group_decorator' retrieved from /home/airflow/.local/lib/python3.12/site-packages/airflow/example_dags/example_task_group_decorator.py
[2025-03-01T14:17:58.263+0000] {logging_mixin.py:190} INFO - [2025-03-01T14:17:58.262+0000] {override.py:1912} INFO - Created Permission View: can edit on DAG:example_task_group_decorator
[2025-03-01T14:17:58.273+0000] {logging_mixin.py:190} INFO - [2025-03-01T14:17:58.272+0000] {override.py:1912} INFO - Created Permission View: can read on DAG:example_task_group_decorator
[2025-03-01T14:17:58.278+0000] {logging_mixin.py:190} INFO - [2025-03-01T14:17:58.277+0000] {override.py:1912} INFO - Created Permission View: can delete on DAG:example_task_group_decorator
[2025-03-01T14:17:58.283+0000] {logging_mixin.py:190} INFO - [2025-03-01T14:17:58.282+0000] {override.py:1912} INFO - Created Permission View: menu access on DAG Run:example_task_group_decorator
[2025-03-01T14:17:58.288+0000] {logging_mixin.py:190} INFO - [2025-03-01T14:17:58.288+0000] {override.py:1912} INFO - Created Permission View: can read on DAG Run:example_task_group_decorator
[2025-03-01T14:17:58.293+0000] {logging_mixin.py:190} INFO - [2025-03-01T14:17:58.293+0000] {override.py:1912} INFO - Created Permission View: can create on DAG Run:example_task_group_decorator
[2025-03-01T14:17:58.298+0000] {logging_mixin.py:190} INFO - [2025-03-01T14:17:58.298+0000] {override.py:1912} INFO - Created Permission View: can delete on DAG Run:example_task_group_decorator
[2025-03-01T14:17:58.299+0000] {logging_mixin.py:190} INFO - [2025-03-01T14:17:58.298+0000] {dag.py:3239} INFO - Sync 1 DAGs
[2025-03-01T14:17:58.312+0000] {logging_mixin.py:190} INFO - [2025-03-01T14:17:58.312+0000] {dag.py:3262} INFO - Creating ORM DAG for example_task_group_decorator
[2025-03-01T14:17:58.312+0000] {logging_mixin.py:190} INFO - [2025-03-01T14:17:58.312+0000] {dag.py:4180} INFO - Setting next_dagrun for example_task_group_decorator to None, run_after=None
[2025-03-01T14:17:58.336+0000] {processor.py:208} INFO - Processing /home/airflow/.local/lib/python3.12/site-packages/airflow/example_dags/example_task_group_decorator.py took 0.247 seconds
[2025-03-01T14:18:28.710+0000] {processor.py:186} INFO - Started process (PID=187) to work on /home/airflow/.local/lib/python3.12/site-packages/airflow/example_dags/example_task_group_decorator.py
[2025-03-01T14:18:28.711+0000] {processor.py:914} INFO - Processing file /home/airflow/.local/lib/python3.12/site-packages/airflow/example_dags/example_task_group_decorator.py for tasks to queue
[2025-03-01T14:18:28.713+0000] {logging_mixin.py:190} INFO - [2025-03-01T14:18:28.712+0000] {dagbag.py:588} INFO - Filling up the DagBag from /home/airflow/.local/lib/python3.12/site-packages/airflow/example_dags/example_task_group_decorator.py
[2025-03-01T14:18:28.730+0000] {processor.py:925} INFO - DAG(s) 'example_task_group_decorator' retrieved from /home/airflow/.local/lib/python3.12/site-packages/airflow/example_dags/example_task_group_decorator.py
[2025-03-01T14:18:28.755+0000] {logging_mixin.py:190} INFO - [2025-03-01T14:18:28.755+0000] {dag.py:3239} INFO - Sync 1 DAGs
[2025-03-01T14:18:28.768+0000] {logging_mixin.py:190} INFO - [2025-03-01T14:18:28.768+0000] {dag.py:4180} INFO - Setting next_dagrun for example_task_group_decorator to None, run_after=None
[2025-03-01T14:18:28.784+0000] {processor.py:208} INFO - Processing /home/airflow/.local/lib/python3.12/site-packages/airflow/example_dags/example_task_group_decorator.py took 0.080 seconds
[2025-03-01T14:18:58.932+0000] {processor.py:186} INFO - Started process (PID=250) to work on /home/airflow/.local/lib/python3.12/site-packages/airflow/example_dags/example_task_group_decorator.py
[2025-03-01T14:18:58.932+0000] {processor.py:914} INFO - Processing file /home/airflow/.local/lib/python3.12/site-packages/airflow/example_dags/example_task_group_decorator.py for tasks to queue
[2025-03-01T14:18:58.934+0000] {logging_mixin.py:190} INFO - [2025-03-01T14:18:58.934+0000] {dagbag.py:588} INFO - Filling up the DagBag from /home/airflow/.local/lib/python3.12/site-packages/airflow/example_dags/example_task_group_decorator.py
[2025-03-01T14:18:58.945+0000] {processor.py:925} INFO - DAG(s) 'example_task_group_decorator' retrieved from /home/airflow/.local/lib/python3.12/site-packages/airflow/example_dags/example_task_group_decorator.py
[2025-03-01T14:18:58.963+0000] {logging_mixin.py:190} INFO - [2025-03-01T14:18:58.963+0000] {dag.py:3239} INFO - Sync 1 DAGs
[2025-03-01T14:18:58.973+0000] {logging_mixin.py:190} INFO - [2025-03-01T14:18:58.972+0000] {dag.py:4180} INFO - Setting next_dagrun for example_task_group_decorator to None, run_after=None
[2025-03-01T14:18:58.984+0000] {processor.py:208} INFO - Processing /home/airflow/.local/lib/python3.12/site-packages/airflow/example_dags/example_task_group_decorator.py took 0.057 seconds
[2025-03-01T14:19:29.702+0000] {processor.py:186} INFO - Started process (PID=313) to work on /home/airflow/.local/lib/python3.12/site-packages/airflow/example_dags/example_task_group_decorator.py
[2025-03-01T14:19:29.703+0000] {processor.py:914} INFO - Processing file /home/airflow/.local/lib/python3.12/site-packages/airflow/example_dags/example_task_group_decorator.py for tasks to queue
[2025-03-01T14:19:29.705+0000] {logging_mixin.py:190} INFO - [2025-03-01T14:19:29.705+0000] {dagbag.py:588} INFO - Filling up the DagBag from /home/airflow/.local/lib/python3.12/site-packages/airflow/example_dags/example_task_group_decorator.py
[2025-03-01T14:19:29.721+0000] {processor.py:925} INFO - DAG(s) 'example_task_group_decorator' retrieved from /home/airflow/.local/lib/python3.12/site-packages/airflow/example_dags/example_task_group_decorator.py
[2025-03-01T14:19:29.746+0000] {logging_mixin.py:190} INFO - [2025-03-01T14:19:29.746+0000] {dag.py:3239} INFO - Sync 1 DAGs
[2025-03-01T14:19:29.761+0000] {logging_mixin.py:190} INFO - [2025-03-01T14:19:29.761+0000] {dag.py:4180} INFO - Setting next_dagrun for example_task_group_decorator to None, run_after=None
[2025-03-01T14:19:29.777+0000] {processor.py:208} INFO - Processing /home/airflow/.local/lib/python3.12/site-packages/airflow/example_dags/example_task_group_decorator.py took 0.081 seconds
[2025-03-01T14:20:00.193+0000] {processor.py:186} INFO - Started process (PID=376) to work on /home/airflow/.local/lib/python3.12/site-packages/airflow/example_dags/example_task_group_decorator.py
[2025-03-01T14:20:00.194+0000] {processor.py:914} INFO - Processing file /home/airflow/.local/lib/python3.12/site-packages/airflow/example_dags/example_task_group_decorator.py for tasks to queue
[2025-03-01T14:20:00.195+0000] {logging_mixin.py:190} INFO - [2025-03-01T14:20:00.195+0000] {dagbag.py:588} INFO - Filling up the DagBag from /home/airflow/.local/lib/python3.12/site-packages/airflow/example_dags/example_task_group_decorator.py
[2025-03-01T14:20:00.207+0000] {processor.py:925} INFO - DAG(s) 'example_task_group_decorator' retrieved from /home/airflow/.local/lib/python3.12/site-packages/airflow/example_dags/example_task_group_decorator.py
[2025-03-01T14:20:00.225+0000] {logging_mixin.py:190} INFO - [2025-03-01T14:20:00.225+0000] {dag.py:3239} INFO - Sync 1 DAGs
[2025-03-01T14:20:00.235+0000] {logging_mixin.py:190} INFO - [2025-03-01T14:20:00.235+0000] {dag.py:4180} INFO - Setting next_dagrun for example_task_group_decorator to None, run_after=None
[2025-03-01T14:20:00.247+0000] {processor.py:208} INFO - Processing /home/airflow/.local/lib/python3.12/site-packages/airflow/example_dags/example_task_group_decorator.py took 0.059 seconds
[2025-03-01T14:20:31.360+0000] {processor.py:186} INFO - Started process (PID=439) to work on /home/airflow/.local/lib/python3.12/site-packages/airflow/example_dags/example_task_group_decorator.py
[2025-03-01T14:20:31.361+0000] {processor.py:914} INFO - Processing file /home/airflow/.local/lib/python3.12/site-packages/airflow/example_dags/example_task_group_decorator.py for tasks to queue
[2025-03-01T14:20:31.364+0000] {logging_mixin.py:190} INFO - [2025-03-01T14:20:31.363+0000] {dagbag.py:588} INFO - Filling up the DagBag from /home/airflow/.local/lib/python3.12/site-packages/airflow/example_dags/example_task_group_decorator.py
[2025-03-01T14:20:31.384+0000] {processor.py:925} INFO - DAG(s) 'example_task_group_decorator' retrieved from /home/airflow/.local/lib/python3.12/site-packages/airflow/example_dags/example_task_group_decorator.py
[2025-03-01T14:20:31.409+0000] {logging_mixin.py:190} INFO - [2025-03-01T14:20:31.409+0000] {dag.py:3239} INFO - Sync 1 DAGs
[2025-03-01T14:20:31.433+0000] {logging_mixin.py:190} INFO - [2025-03-01T14:20:31.433+0000] {dag.py:4180} INFO - Setting next_dagrun for example_task_group_decorator to None, run_after=None
[2025-03-01T14:20:31.462+0000] {processor.py:208} INFO - Processing /home/airflow/.local/lib/python3.12/site-packages/airflow/example_dags/example_task_group_decorator.py took 0.108 seconds
[2025-03-01T14:21:02.347+0000] {processor.py:186} INFO - Started process (PID=502) to work on /home/airflow/.local/lib/python3.12/site-packages/airflow/example_dags/example_task_group_decorator.py
[2025-03-01T14:21:02.348+0000] {processor.py:914} INFO - Processing file /home/airflow/.local/lib/python3.12/site-packages/airflow/example_dags/example_task_group_decorator.py for tasks to queue
[2025-03-01T14:21:02.351+0000] {logging_mixin.py:190} INFO - [2025-03-01T14:21:02.350+0000] {dagbag.py:588} INFO - Filling up the DagBag from /home/airflow/.local/lib/python3.12/site-packages/airflow/example_dags/example_task_group_decorator.py
[2025-03-01T14:21:02.387+0000] {processor.py:925} INFO - DAG(s) 'example_task_group_decorator' retrieved from /home/airflow/.local/lib/python3.12/site-packages/airflow/example_dags/example_task_group_decorator.py
[2025-03-01T14:21:02.438+0000] {logging_mixin.py:190} INFO - [2025-03-01T14:21:02.437+0000] {dag.py:3239} INFO - Sync 1 DAGs
[2025-03-01T14:21:02.475+0000] {logging_mixin.py:190} INFO - [2025-03-01T14:21:02.475+0000] {dag.py:4180} INFO - Setting next_dagrun for example_task_group_decorator to None, run_after=None
[2025-03-01T14:21:02.541+0000] {processor.py:208} INFO - Processing /home/airflow/.local/lib/python3.12/site-packages/airflow/example_dags/example_task_group_decorator.py took 0.199 seconds
[2025-03-01T14:21:33.223+0000] {processor.py:186} INFO - Started process (PID=564) to work on /home/airflow/.local/lib/python3.12/site-packages/airflow/example_dags/example_task_group_decorator.py
[2025-03-01T14:21:33.224+0000] {processor.py:914} INFO - Processing file /home/airflow/.local/lib/python3.12/site-packages/airflow/example_dags/example_task_group_decorator.py for tasks to queue
[2025-03-01T14:21:33.226+0000] {logging_mixin.py:190} INFO - [2025-03-01T14:21:33.226+0000] {dagbag.py:588} INFO - Filling up the DagBag from /home/airflow/.local/lib/python3.12/site-packages/airflow/example_dags/example_task_group_decorator.py
[2025-03-01T14:21:33.244+0000] {processor.py:925} INFO - DAG(s) 'example_task_group_decorator' retrieved from /home/airflow/.local/lib/python3.12/site-packages/airflow/example_dags/example_task_group_decorator.py
[2025-03-01T14:21:33.297+0000] {logging_mixin.py:190} INFO - [2025-03-01T14:21:33.297+0000] {dag.py:3239} INFO - Sync 1 DAGs
[2025-03-01T14:21:33.315+0000] {logging_mixin.py:190} INFO - [2025-03-01T14:21:33.315+0000] {dag.py:4180} INFO - Setting next_dagrun for example_task_group_decorator to None, run_after=None
[2025-03-01T14:21:33.330+0000] {processor.py:208} INFO - Processing /home/airflow/.local/lib/python3.12/site-packages/airflow/example_dags/example_task_group_decorator.py took 0.112 seconds
[2025-03-01T14:22:04.683+0000] {processor.py:186} INFO - Started process (PID=631) to work on /home/airflow/.local/lib/python3.12/site-packages/airflow/example_dags/example_task_group_decorator.py
[2025-03-01T14:22:04.684+0000] {processor.py:914} INFO - Processing file /home/airflow/.local/lib/python3.12/site-packages/airflow/example_dags/example_task_group_decorator.py for tasks to queue
[2025-03-01T14:22:04.686+0000] {logging_mixin.py:190} INFO - [2025-03-01T14:22:04.686+0000] {dagbag.py:588} INFO - Filling up the DagBag from /home/airflow/.local/lib/python3.12/site-packages/airflow/example_dags/example_task_group_decorator.py
[2025-03-01T14:22:04.703+0000] {processor.py:925} INFO - DAG(s) 'example_task_group_decorator' retrieved from /home/airflow/.local/lib/python3.12/site-packages/airflow/example_dags/example_task_group_decorator.py
[2025-03-01T14:22:04.732+0000] {logging_mixin.py:190} INFO - [2025-03-01T14:22:04.731+0000] {dag.py:3239} INFO - Sync 1 DAGs
[2025-03-01T14:22:04.747+0000] {logging_mixin.py:190} INFO - [2025-03-01T14:22:04.746+0000] {dag.py:4180} INFO - Setting next_dagrun for example_task_group_decorator to None, run_after=None
[2025-03-01T14:22:04.763+0000] {processor.py:208} INFO - Processing /home/airflow/.local/lib/python3.12/site-packages/airflow/example_dags/example_task_group_decorator.py took 0.087 seconds
[2025-03-01T14:22:35.301+0000] {processor.py:186} INFO - Started process (PID=694) to work on /home/airflow/.local/lib/python3.12/site-packages/airflow/example_dags/example_task_group_decorator.py
[2025-03-01T14:22:35.302+0000] {processor.py:914} INFO - Processing file /home/airflow/.local/lib/python3.12/site-packages/airflow/example_dags/example_task_group_decorator.py for tasks to queue
[2025-03-01T14:22:35.304+0000] {logging_mixin.py:190} INFO - [2025-03-01T14:22:35.304+0000] {dagbag.py:588} INFO - Filling up the DagBag from /home/airflow/.local/lib/python3.12/site-packages/airflow/example_dags/example_task_group_decorator.py
[2025-03-01T14:22:35.327+0000] {processor.py:925} INFO - DAG(s) 'example_task_group_decorator' retrieved from /home/airflow/.local/lib/python3.12/site-packages/airflow/example_dags/example_task_group_decorator.py
[2025-03-01T14:22:35.386+0000] {logging_mixin.py:190} INFO - [2025-03-01T14:22:35.385+0000] {dag.py:3239} INFO - Sync 1 DAGs
[2025-03-01T14:22:35.402+0000] {logging_mixin.py:190} INFO - [2025-03-01T14:22:35.402+0000] {dag.py:4180} INFO - Setting next_dagrun for example_task_group_decorator to None, run_after=None
[2025-03-01T14:22:35.418+0000] {processor.py:208} INFO - Processing /home/airflow/.local/lib/python3.12/site-packages/airflow/example_dags/example_task_group_decorator.py took 0.123 seconds
[2025-03-01T14:23:06.453+0000] {processor.py:186} INFO - Started process (PID=758) to work on /home/airflow/.local/lib/python3.12/site-packages/airflow/example_dags/example_task_group_decorator.py
[2025-03-01T14:23:06.454+0000] {processor.py:914} INFO - Processing file /home/airflow/.local/lib/python3.12/site-packages/airflow/example_dags/example_task_group_decorator.py for tasks to queue
[2025-03-01T14:23:06.456+0000] {logging_mixin.py:190} INFO - [2025-03-01T14:23:06.455+0000] {dagbag.py:588} INFO - Filling up the DagBag from /home/airflow/.local/lib/python3.12/site-packages/airflow/example_dags/example_task_group_decorator.py
[2025-03-01T14:23:06.472+0000] {processor.py:925} INFO - DAG(s) 'example_task_group_decorator' retrieved from /home/airflow/.local/lib/python3.12/site-packages/airflow/example_dags/example_task_group_decorator.py
[2025-03-01T14:23:06.498+0000] {logging_mixin.py:190} INFO - [2025-03-01T14:23:06.498+0000] {dag.py:3239} INFO - Sync 1 DAGs
[2025-03-01T14:23:06.513+0000] {logging_mixin.py:190} INFO - [2025-03-01T14:23:06.513+0000] {dag.py:4180} INFO - Setting next_dagrun for example_task_group_decorator to None, run_after=None
[2025-03-01T14:23:06.529+0000] {processor.py:208} INFO - Processing /home/airflow/.local/lib/python3.12/site-packages/airflow/example_dags/example_task_group_decorator.py took 0.082 seconds
[2025-03-01T14:23:37.648+0000] {processor.py:186} INFO - Started process (PID=822) to work on /home/airflow/.local/lib/python3.12/site-packages/airflow/example_dags/example_task_group_decorator.py
[2025-03-01T14:23:37.649+0000] {processor.py:914} INFO - Processing file /home/airflow/.local/lib/python3.12/site-packages/airflow/example_dags/example_task_group_decorator.py for tasks to queue
[2025-03-01T14:23:37.652+0000] {logging_mixin.py:190} INFO - [2025-03-01T14:23:37.652+0000] {dagbag.py:588} INFO - Filling up the DagBag from /home/airflow/.local/lib/python3.12/site-packages/airflow/example_dags/example_task_group_decorator.py
[2025-03-01T14:23:37.670+0000] {processor.py:925} INFO - DAG(s) 'example_task_group_decorator' retrieved from /home/airflow/.local/lib/python3.12/site-packages/airflow/example_dags/example_task_group_decorator.py
[2025-03-01T14:23:37.695+0000] {logging_mixin.py:190} INFO - [2025-03-01T14:23:37.695+0000] {dag.py:3239} INFO - Sync 1 DAGs
[2025-03-01T14:23:37.712+0000] {logging_mixin.py:190} INFO - [2025-03-01T14:23:37.712+0000] {dag.py:4180} INFO - Setting next_dagrun for example_task_group_decorator to None, run_after=None
[2025-03-01T14:23:37.728+0000] {processor.py:208} INFO - Processing /home/airflow/.local/lib/python3.12/site-packages/airflow/example_dags/example_task_group_decorator.py took 0.086 seconds
[2025-03-01T14:24:09.607+0000] {processor.py:186} INFO - Started process (PID=890) to work on /home/airflow/.local/lib/python3.12/site-packages/airflow/example_dags/example_task_group_decorator.py
[2025-03-01T14:24:09.607+0000] {processor.py:914} INFO - Processing file /home/airflow/.local/lib/python3.12/site-packages/airflow/example_dags/example_task_group_decorator.py for tasks to queue
[2025-03-01T14:24:09.609+0000] {logging_mixin.py:190} INFO - [2025-03-01T14:24:09.609+0000] {dagbag.py:588} INFO - Filling up the DagBag from /home/airflow/.local/lib/python3.12/site-packages/airflow/example_dags/example_task_group_decorator.py
[2025-03-01T14:24:09.620+0000] {processor.py:925} INFO - DAG(s) 'example_task_group_decorator' retrieved from /home/airflow/.local/lib/python3.12/site-packages/airflow/example_dags/example_task_group_decorator.py
[2025-03-01T14:24:09.637+0000] {logging_mixin.py:190} INFO - [2025-03-01T14:24:09.637+0000] {dag.py:3239} INFO - Sync 1 DAGs
[2025-03-01T14:24:09.647+0000] {logging_mixin.py:190} INFO - [2025-03-01T14:24:09.647+0000] {dag.py:4180} INFO - Setting next_dagrun for example_task_group_decorator to None, run_after=None
[2025-03-01T14:24:09.660+0000] {processor.py:208} INFO - Processing /home/airflow/.local/lib/python3.12/site-packages/airflow/example_dags/example_task_group_decorator.py took 0.058 seconds
[2025-03-01T14:24:41.180+0000] {processor.py:186} INFO - Started process (PID=955) to work on /home/airflow/.local/lib/python3.12/site-packages/airflow/example_dags/example_task_group_decorator.py
[2025-03-01T14:24:41.181+0000] {processor.py:914} INFO - Processing file /home/airflow/.local/lib/python3.12/site-packages/airflow/example_dags/example_task_group_decorator.py for tasks to queue
[2025-03-01T14:24:41.183+0000] {logging_mixin.py:190} INFO - [2025-03-01T14:24:41.183+0000] {dagbag.py:588} INFO - Filling up the DagBag from /home/airflow/.local/lib/python3.12/site-packages/airflow/example_dags/example_task_group_decorator.py
[2025-03-01T14:24:41.200+0000] {processor.py:925} INFO - DAG(s) 'example_task_group_decorator' retrieved from /home/airflow/.local/lib/python3.12/site-packages/airflow/example_dags/example_task_group_decorator.py
[2025-03-01T14:24:41.227+0000] {logging_mixin.py:190} INFO - [2025-03-01T14:24:41.227+0000] {dag.py:3239} INFO - Sync 1 DAGs
[2025-03-01T14:24:41.241+0000] {logging_mixin.py:190} INFO - [2025-03-01T14:24:41.240+0000] {dag.py:4180} INFO - Setting next_dagrun for example_task_group_decorator to None, run_after=None
[2025-03-01T14:24:41.256+0000] {processor.py:208} INFO - Processing /home/airflow/.local/lib/python3.12/site-packages/airflow/example_dags/example_task_group_decorator.py took 0.082 seconds
[2025-03-01T14:25:12.474+0000] {processor.py:186} INFO - Started process (PID=1018) to work on /home/airflow/.local/lib/python3.12/site-packages/airflow/example_dags/example_task_group_decorator.py
[2025-03-01T14:25:12.474+0000] {processor.py:914} INFO - Processing file /home/airflow/.local/lib/python3.12/site-packages/airflow/example_dags/example_task_group_decorator.py for tasks to queue
[2025-03-01T14:25:12.476+0000] {logging_mixin.py:190} INFO - [2025-03-01T14:25:12.476+0000] {dagbag.py:588} INFO - Filling up the DagBag from /home/airflow/.local/lib/python3.12/site-packages/airflow/example_dags/example_task_group_decorator.py
[2025-03-01T14:25:12.493+0000] {processor.py:925} INFO - DAG(s) 'example_task_group_decorator' retrieved from /home/airflow/.local/lib/python3.12/site-packages/airflow/example_dags/example_task_group_decorator.py
[2025-03-01T14:25:12.520+0000] {logging_mixin.py:190} INFO - [2025-03-01T14:25:12.520+0000] {dag.py:3239} INFO - Sync 1 DAGs
[2025-03-01T14:25:12.533+0000] {logging_mixin.py:190} INFO - [2025-03-01T14:25:12.533+0000] {dag.py:4180} INFO - Setting next_dagrun for example_task_group_decorator to None, run_after=None
[2025-03-01T14:25:12.549+0000] {processor.py:208} INFO - Processing /home/airflow/.local/lib/python3.12/site-packages/airflow/example_dags/example_task_group_decorator.py took 0.081 seconds
[2025-03-01T14:25:43.534+0000] {processor.py:186} INFO - Started process (PID=1081) to work on /home/airflow/.local/lib/python3.12/site-packages/airflow/example_dags/example_task_group_decorator.py
[2025-03-01T14:25:43.535+0000] {processor.py:914} INFO - Processing file /home/airflow/.local/lib/python3.12/site-packages/airflow/example_dags/example_task_group_decorator.py for tasks to queue
[2025-03-01T14:25:43.537+0000] {logging_mixin.py:190} INFO - [2025-03-01T14:25:43.537+0000] {dagbag.py:588} INFO - Filling up the DagBag from /home/airflow/.local/lib/python3.12/site-packages/airflow/example_dags/example_task_group_decorator.py
[2025-03-01T14:25:43.554+0000] {processor.py:925} INFO - DAG(s) 'example_task_group_decorator' retrieved from /home/airflow/.local/lib/python3.12/site-packages/airflow/example_dags/example_task_group_decorator.py
[2025-03-01T14:25:43.580+0000] {logging_mixin.py:190} INFO - [2025-03-01T14:25:43.580+0000] {dag.py:3239} INFO - Sync 1 DAGs
[2025-03-01T14:25:43.593+0000] {logging_mixin.py:190} INFO - [2025-03-01T14:25:43.593+0000] {dag.py:4180} INFO - Setting next_dagrun for example_task_group_decorator to None, run_after=None
[2025-03-01T14:25:43.609+0000] {processor.py:208} INFO - Processing /home/airflow/.local/lib/python3.12/site-packages/airflow/example_dags/example_task_group_decorator.py took 0.080 seconds
[2025-03-01T14:26:15.366+0000] {processor.py:186} INFO - Started process (PID=1148) to work on /home/airflow/.local/lib/python3.12/site-packages/airflow/example_dags/example_task_group_decorator.py
[2025-03-01T14:26:15.367+0000] {processor.py:914} INFO - Processing file /home/airflow/.local/lib/python3.12/site-packages/airflow/example_dags/example_task_group_decorator.py for tasks to queue
[2025-03-01T14:26:15.370+0000] {logging_mixin.py:190} INFO - [2025-03-01T14:26:15.369+0000] {dagbag.py:588} INFO - Filling up the DagBag from /home/airflow/.local/lib/python3.12/site-packages/airflow/example_dags/example_task_group_decorator.py
[2025-03-01T14:26:15.387+0000] {processor.py:925} INFO - DAG(s) 'example_task_group_decorator' retrieved from /home/airflow/.local/lib/python3.12/site-packages/airflow/example_dags/example_task_group_decorator.py
[2025-03-01T14:26:15.414+0000] {logging_mixin.py:190} INFO - [2025-03-01T14:26:15.414+0000] {dag.py:3239} INFO - Sync 1 DAGs
[2025-03-01T14:26:15.429+0000] {logging_mixin.py:190} INFO - [2025-03-01T14:26:15.429+0000] {dag.py:4180} INFO - Setting next_dagrun for example_task_group_decorator to None, run_after=None
[2025-03-01T14:26:15.453+0000] {processor.py:208} INFO - Processing /home/airflow/.local/lib/python3.12/site-packages/airflow/example_dags/example_task_group_decorator.py took 0.093 seconds
[2025-03-01T14:26:47.043+0000] {processor.py:186} INFO - Started process (PID=1212) to work on /home/airflow/.local/lib/python3.12/site-packages/airflow/example_dags/example_task_group_decorator.py
[2025-03-01T14:26:47.044+0000] {processor.py:914} INFO - Processing file /home/airflow/.local/lib/python3.12/site-packages/airflow/example_dags/example_task_group_decorator.py for tasks to queue
[2025-03-01T14:26:47.047+0000] {logging_mixin.py:190} INFO - [2025-03-01T14:26:47.046+0000] {dagbag.py:588} INFO - Filling up the DagBag from /home/airflow/.local/lib/python3.12/site-packages/airflow/example_dags/example_task_group_decorator.py
[2025-03-01T14:26:47.065+0000] {processor.py:925} INFO - DAG(s) 'example_task_group_decorator' retrieved from /home/airflow/.local/lib/python3.12/site-packages/airflow/example_dags/example_task_group_decorator.py
[2025-03-01T14:26:47.109+0000] {logging_mixin.py:190} INFO - [2025-03-01T14:26:47.108+0000] {dag.py:3239} INFO - Sync 1 DAGs
[2025-03-01T14:26:47.123+0000] {logging_mixin.py:190} INFO - [2025-03-01T14:26:47.123+0000] {dag.py:4180} INFO - Setting next_dagrun for example_task_group_decorator to None, run_after=None
[2025-03-01T14:26:47.139+0000] {processor.py:208} INFO - Processing /home/airflow/.local/lib/python3.12/site-packages/airflow/example_dags/example_task_group_decorator.py took 0.102 seconds
[2025-03-01T14:27:18.837+0000] {processor.py:186} INFO - Started process (PID=1279) to work on /home/airflow/.local/lib/python3.12/site-packages/airflow/example_dags/example_task_group_decorator.py
[2025-03-01T14:27:18.838+0000] {processor.py:914} INFO - Processing file /home/airflow/.local/lib/python3.12/site-packages/airflow/example_dags/example_task_group_decorator.py for tasks to queue
[2025-03-01T14:27:18.840+0000] {logging_mixin.py:190} INFO - [2025-03-01T14:27:18.840+0000] {dagbag.py:588} INFO - Filling up the DagBag from /home/airflow/.local/lib/python3.12/site-packages/airflow/example_dags/example_task_group_decorator.py
[2025-03-01T14:27:18.857+0000] {processor.py:925} INFO - DAG(s) 'example_task_group_decorator' retrieved from /home/airflow/.local/lib/python3.12/site-packages/airflow/example_dags/example_task_group_decorator.py
[2025-03-01T14:27:18.891+0000] {logging_mixin.py:190} INFO - [2025-03-01T14:27:18.890+0000] {dag.py:3239} INFO - Sync 1 DAGs
[2025-03-01T14:27:18.906+0000] {logging_mixin.py:190} INFO - [2025-03-01T14:27:18.906+0000] {dag.py:4180} INFO - Setting next_dagrun for example_task_group_decorator to None, run_after=None
[2025-03-01T14:27:18.923+0000] {processor.py:208} INFO - Processing /home/airflow/.local/lib/python3.12/site-packages/airflow/example_dags/example_task_group_decorator.py took 0.094 seconds
[2025-03-01T14:27:51.165+0000] {processor.py:186} INFO - Started process (PID=1344) to work on /home/airflow/.local/lib/python3.12/site-packages/airflow/example_dags/example_task_group_decorator.py
[2025-03-01T14:27:51.166+0000] {processor.py:914} INFO - Processing file /home/airflow/.local/lib/python3.12/site-packages/airflow/example_dags/example_task_group_decorator.py for tasks to queue
[2025-03-01T14:27:51.168+0000] {logging_mixin.py:190} INFO - [2025-03-01T14:27:51.168+0000] {dagbag.py:588} INFO - Filling up the DagBag from /home/airflow/.local/lib/python3.12/site-packages/airflow/example_dags/example_task_group_decorator.py
[2025-03-01T14:27:51.186+0000] {processor.py:925} INFO - DAG(s) 'example_task_group_decorator' retrieved from /home/airflow/.local/lib/python3.12/site-packages/airflow/example_dags/example_task_group_decorator.py
[2025-03-01T14:27:51.215+0000] {logging_mixin.py:190} INFO - [2025-03-01T14:27:51.215+0000] {dag.py:3239} INFO - Sync 1 DAGs
[2025-03-01T14:27:51.239+0000] {logging_mixin.py:190} INFO - [2025-03-01T14:27:51.239+0000] {dag.py:4180} INFO - Setting next_dagrun for example_task_group_decorator to None, run_after=None
[2025-03-01T14:27:51.284+0000] {processor.py:208} INFO - Processing /home/airflow/.local/lib/python3.12/site-packages/airflow/example_dags/example_task_group_decorator.py took 0.124 seconds
[2025-03-01T14:28:22.477+0000] {processor.py:186} INFO - Started process (PID=1407) to work on /home/airflow/.local/lib/python3.12/site-packages/airflow/example_dags/example_task_group_decorator.py
[2025-03-01T14:28:22.478+0000] {processor.py:914} INFO - Processing file /home/airflow/.local/lib/python3.12/site-packages/airflow/example_dags/example_task_group_decorator.py for tasks to queue
[2025-03-01T14:28:22.488+0000] {logging_mixin.py:190} INFO - [2025-03-01T14:28:22.487+0000] {dagbag.py:588} INFO - Filling up the DagBag from /home/airflow/.local/lib/python3.12/site-packages/airflow/example_dags/example_task_group_decorator.py
[2025-03-01T14:28:22.554+0000] {processor.py:925} INFO - DAG(s) 'example_task_group_decorator' retrieved from /home/airflow/.local/lib/python3.12/site-packages/airflow/example_dags/example_task_group_decorator.py
[2025-03-01T14:28:22.631+0000] {logging_mixin.py:190} INFO - [2025-03-01T14:28:22.630+0000] {dag.py:3239} INFO - Sync 1 DAGs
[2025-03-01T14:28:22.651+0000] {logging_mixin.py:190} INFO - [2025-03-01T14:28:22.650+0000] {dag.py:4180} INFO - Setting next_dagrun for example_task_group_decorator to None, run_after=None
[2025-03-01T14:28:22.678+0000] {processor.py:208} INFO - Processing /home/airflow/.local/lib/python3.12/site-packages/airflow/example_dags/example_task_group_decorator.py took 0.208 seconds
[2025-03-01T14:28:54.527+0000] {processor.py:186} INFO - Started process (PID=1473) to work on /home/airflow/.local/lib/python3.12/site-packages/airflow/example_dags/example_task_group_decorator.py
[2025-03-01T14:28:54.527+0000] {processor.py:914} INFO - Processing file /home/airflow/.local/lib/python3.12/site-packages/airflow/example_dags/example_task_group_decorator.py for tasks to queue
[2025-03-01T14:28:54.530+0000] {logging_mixin.py:190} INFO - [2025-03-01T14:28:54.529+0000] {dagbag.py:588} INFO - Filling up the DagBag from /home/airflow/.local/lib/python3.12/site-packages/airflow/example_dags/example_task_group_decorator.py
[2025-03-01T14:28:54.547+0000] {processor.py:925} INFO - DAG(s) 'example_task_group_decorator' retrieved from /home/airflow/.local/lib/python3.12/site-packages/airflow/example_dags/example_task_group_decorator.py
[2025-03-01T14:28:54.573+0000] {logging_mixin.py:190} INFO - [2025-03-01T14:28:54.573+0000] {dag.py:3239} INFO - Sync 1 DAGs
[2025-03-01T14:28:54.587+0000] {logging_mixin.py:190} INFO - [2025-03-01T14:28:54.586+0000] {dag.py:4180} INFO - Setting next_dagrun for example_task_group_decorator to None, run_after=None
[2025-03-01T14:28:54.602+0000] {processor.py:208} INFO - Processing /home/airflow/.local/lib/python3.12/site-packages/airflow/example_dags/example_task_group_decorator.py took 0.082 seconds
[2025-03-01T14:29:25.860+0000] {processor.py:186} INFO - Started process (PID=1539) to work on /home/airflow/.local/lib/python3.12/site-packages/airflow/example_dags/example_task_group_decorator.py
[2025-03-01T14:29:25.861+0000] {processor.py:914} INFO - Processing file /home/airflow/.local/lib/python3.12/site-packages/airflow/example_dags/example_task_group_decorator.py for tasks to queue
[2025-03-01T14:29:25.863+0000] {logging_mixin.py:190} INFO - [2025-03-01T14:29:25.863+0000] {dagbag.py:588} INFO - Filling up the DagBag from /home/airflow/.local/lib/python3.12/site-packages/airflow/example_dags/example_task_group_decorator.py
[2025-03-01T14:29:25.883+0000] {processor.py:925} INFO - DAG(s) 'example_task_group_decorator' retrieved from /home/airflow/.local/lib/python3.12/site-packages/airflow/example_dags/example_task_group_decorator.py
[2025-03-01T14:29:25.907+0000] {logging_mixin.py:190} INFO - [2025-03-01T14:29:25.907+0000] {dag.py:3239} INFO - Sync 1 DAGs
[2025-03-01T14:29:25.921+0000] {logging_mixin.py:190} INFO - [2025-03-01T14:29:25.921+0000] {dag.py:4180} INFO - Setting next_dagrun for example_task_group_decorator to None, run_after=None
[2025-03-01T14:29:25.938+0000] {processor.py:208} INFO - Processing /home/airflow/.local/lib/python3.12/site-packages/airflow/example_dags/example_task_group_decorator.py took 0.084 seconds
[2025-03-01T14:29:57.221+0000] {processor.py:186} INFO - Started process (PID=1604) to work on /home/airflow/.local/lib/python3.12/site-packages/airflow/example_dags/example_task_group_decorator.py
[2025-03-01T14:29:57.222+0000] {processor.py:914} INFO - Processing file /home/airflow/.local/lib/python3.12/site-packages/airflow/example_dags/example_task_group_decorator.py for tasks to queue
[2025-03-01T14:29:57.224+0000] {logging_mixin.py:190} INFO - [2025-03-01T14:29:57.224+0000] {dagbag.py:588} INFO - Filling up the DagBag from /home/airflow/.local/lib/python3.12/site-packages/airflow/example_dags/example_task_group_decorator.py
[2025-03-01T14:29:57.241+0000] {processor.py:925} INFO - DAG(s) 'example_task_group_decorator' retrieved from /home/airflow/.local/lib/python3.12/site-packages/airflow/example_dags/example_task_group_decorator.py
[2025-03-01T14:29:57.269+0000] {logging_mixin.py:190} INFO - [2025-03-01T14:29:57.268+0000] {dag.py:3239} INFO - Sync 1 DAGs
[2025-03-01T14:29:57.284+0000] {logging_mixin.py:190} INFO - [2025-03-01T14:29:57.284+0000] {dag.py:4180} INFO - Setting next_dagrun for example_task_group_decorator to None, run_after=None
[2025-03-01T14:29:57.300+0000] {processor.py:208} INFO - Processing /home/airflow/.local/lib/python3.12/site-packages/airflow/example_dags/example_task_group_decorator.py took 0.084 seconds
[2025-03-01T14:30:29.199+0000] {processor.py:186} INFO - Started process (PID=1667) to work on /home/airflow/.local/lib/python3.12/site-packages/airflow/example_dags/example_task_group_decorator.py
[2025-03-01T14:30:29.200+0000] {processor.py:914} INFO - Processing file /home/airflow/.local/lib/python3.12/site-packages/airflow/example_dags/example_task_group_decorator.py for tasks to queue
[2025-03-01T14:30:29.202+0000] {logging_mixin.py:190} INFO - [2025-03-01T14:30:29.202+0000] {dagbag.py:588} INFO - Filling up the DagBag from /home/airflow/.local/lib/python3.12/site-packages/airflow/example_dags/example_task_group_decorator.py
[2025-03-01T14:30:29.219+0000] {processor.py:925} INFO - DAG(s) 'example_task_group_decorator' retrieved from /home/airflow/.local/lib/python3.12/site-packages/airflow/example_dags/example_task_group_decorator.py
[2025-03-01T14:30:29.246+0000] {logging_mixin.py:190} INFO - [2025-03-01T14:30:29.245+0000] {dag.py:3239} INFO - Sync 1 DAGs
[2025-03-01T14:30:29.262+0000] {logging_mixin.py:190} INFO - [2025-03-01T14:30:29.262+0000] {dag.py:4180} INFO - Setting next_dagrun for example_task_group_decorator to None, run_after=None
[2025-03-01T14:30:29.294+0000] {processor.py:208} INFO - Processing /home/airflow/.local/lib/python3.12/site-packages/airflow/example_dags/example_task_group_decorator.py took 0.100 seconds
[2025-03-01T14:31:00.583+0000] {processor.py:186} INFO - Started process (PID=1737) to work on /home/airflow/.local/lib/python3.12/site-packages/airflow/example_dags/example_task_group_decorator.py
[2025-03-01T14:31:00.588+0000] {processor.py:914} INFO - Processing file /home/airflow/.local/lib/python3.12/site-packages/airflow/example_dags/example_task_group_decorator.py for tasks to queue
[2025-03-01T14:31:00.595+0000] {logging_mixin.py:190} INFO - [2025-03-01T14:31:00.594+0000] {dagbag.py:588} INFO - Filling up the DagBag from /home/airflow/.local/lib/python3.12/site-packages/airflow/example_dags/example_task_group_decorator.py
[2025-03-01T14:31:00.633+0000] {processor.py:925} INFO - DAG(s) 'example_task_group_decorator' retrieved from /home/airflow/.local/lib/python3.12/site-packages/airflow/example_dags/example_task_group_decorator.py
[2025-03-01T14:31:00.684+0000] {logging_mixin.py:190} INFO - [2025-03-01T14:31:00.683+0000] {dag.py:3239} INFO - Sync 1 DAGs
[2025-03-01T14:31:00.719+0000] {logging_mixin.py:190} INFO - [2025-03-01T14:31:00.719+0000] {dag.py:4180} INFO - Setting next_dagrun for example_task_group_decorator to None, run_after=None
[2025-03-01T14:31:00.753+0000] {processor.py:208} INFO - Processing /home/airflow/.local/lib/python3.12/site-packages/airflow/example_dags/example_task_group_decorator.py took 0.177 seconds
[2025-03-01T14:31:33.480+0000] {processor.py:186} INFO - Started process (PID=1800) to work on /home/airflow/.local/lib/python3.12/site-packages/airflow/example_dags/example_task_group_decorator.py
[2025-03-01T14:31:33.481+0000] {processor.py:914} INFO - Processing file /home/airflow/.local/lib/python3.12/site-packages/airflow/example_dags/example_task_group_decorator.py for tasks to queue
[2025-03-01T14:31:33.483+0000] {logging_mixin.py:190} INFO - [2025-03-01T14:31:33.482+0000] {dagbag.py:588} INFO - Filling up the DagBag from /home/airflow/.local/lib/python3.12/site-packages/airflow/example_dags/example_task_group_decorator.py
[2025-03-01T14:31:33.500+0000] {processor.py:925} INFO - DAG(s) 'example_task_group_decorator' retrieved from /home/airflow/.local/lib/python3.12/site-packages/airflow/example_dags/example_task_group_decorator.py
[2025-03-01T14:31:33.527+0000] {logging_mixin.py:190} INFO - [2025-03-01T14:31:33.527+0000] {dag.py:3239} INFO - Sync 1 DAGs
[2025-03-01T14:31:33.544+0000] {logging_mixin.py:190} INFO - [2025-03-01T14:31:33.543+0000] {dag.py:4180} INFO - Setting next_dagrun for example_task_group_decorator to None, run_after=None
[2025-03-01T14:31:33.559+0000] {processor.py:208} INFO - Processing /home/airflow/.local/lib/python3.12/site-packages/airflow/example_dags/example_task_group_decorator.py took 0.085 seconds
[2025-03-01T14:32:05.993+0000] {processor.py:186} INFO - Started process (PID=1866) to work on /home/airflow/.local/lib/python3.12/site-packages/airflow/example_dags/example_task_group_decorator.py
[2025-03-01T14:32:05.998+0000] {processor.py:914} INFO - Processing file /home/airflow/.local/lib/python3.12/site-packages/airflow/example_dags/example_task_group_decorator.py for tasks to queue
[2025-03-01T14:32:06.000+0000] {logging_mixin.py:190} INFO - [2025-03-01T14:32:05.999+0000] {dagbag.py:588} INFO - Filling up the DagBag from /home/airflow/.local/lib/python3.12/site-packages/airflow/example_dags/example_task_group_decorator.py
[2025-03-01T14:32:06.033+0000] {processor.py:925} INFO - DAG(s) 'example_task_group_decorator' retrieved from /home/airflow/.local/lib/python3.12/site-packages/airflow/example_dags/example_task_group_decorator.py
[2025-03-01T14:32:06.069+0000] {logging_mixin.py:190} INFO - [2025-03-01T14:32:06.069+0000] {dag.py:3239} INFO - Sync 1 DAGs
[2025-03-01T14:32:06.088+0000] {logging_mixin.py:190} INFO - [2025-03-01T14:32:06.087+0000] {dag.py:4180} INFO - Setting next_dagrun for example_task_group_decorator to None, run_after=None
[2025-03-01T14:32:06.109+0000] {processor.py:208} INFO - Processing /home/airflow/.local/lib/python3.12/site-packages/airflow/example_dags/example_task_group_decorator.py took 0.135 seconds
[2025-03-01T14:32:38.091+0000] {processor.py:186} INFO - Started process (PID=1929) to work on /home/airflow/.local/lib/python3.12/site-packages/airflow/example_dags/example_task_group_decorator.py
[2025-03-01T14:32:38.091+0000] {processor.py:914} INFO - Processing file /home/airflow/.local/lib/python3.12/site-packages/airflow/example_dags/example_task_group_decorator.py for tasks to queue
[2025-03-01T14:32:38.099+0000] {logging_mixin.py:190} INFO - [2025-03-01T14:32:38.099+0000] {dagbag.py:588} INFO - Filling up the DagBag from /home/airflow/.local/lib/python3.12/site-packages/airflow/example_dags/example_task_group_decorator.py
[2025-03-01T14:32:38.140+0000] {processor.py:925} INFO - DAG(s) 'example_task_group_decorator' retrieved from /home/airflow/.local/lib/python3.12/site-packages/airflow/example_dags/example_task_group_decorator.py
[2025-03-01T14:32:38.215+0000] {logging_mixin.py:190} INFO - [2025-03-01T14:32:38.215+0000] {dag.py:3239} INFO - Sync 1 DAGs
[2025-03-01T14:32:38.255+0000] {logging_mixin.py:190} INFO - [2025-03-01T14:32:38.255+0000] {dag.py:4180} INFO - Setting next_dagrun for example_task_group_decorator to None, run_after=None
[2025-03-01T14:32:38.316+0000] {processor.py:208} INFO - Processing /home/airflow/.local/lib/python3.12/site-packages/airflow/example_dags/example_task_group_decorator.py took 0.245 seconds
[2025-03-01T14:33:09.551+0000] {processor.py:186} INFO - Started process (PID=1992) to work on /home/airflow/.local/lib/python3.12/site-packages/airflow/example_dags/example_task_group_decorator.py
[2025-03-01T14:33:09.552+0000] {processor.py:914} INFO - Processing file /home/airflow/.local/lib/python3.12/site-packages/airflow/example_dags/example_task_group_decorator.py for tasks to queue
[2025-03-01T14:33:09.554+0000] {logging_mixin.py:190} INFO - [2025-03-01T14:33:09.554+0000] {dagbag.py:588} INFO - Filling up the DagBag from /home/airflow/.local/lib/python3.12/site-packages/airflow/example_dags/example_task_group_decorator.py
[2025-03-01T14:33:09.570+0000] {processor.py:925} INFO - DAG(s) 'example_task_group_decorator' retrieved from /home/airflow/.local/lib/python3.12/site-packages/airflow/example_dags/example_task_group_decorator.py
[2025-03-01T14:33:09.596+0000] {logging_mixin.py:190} INFO - [2025-03-01T14:33:09.596+0000] {dag.py:3239} INFO - Sync 1 DAGs
[2025-03-01T14:33:09.612+0000] {logging_mixin.py:190} INFO - [2025-03-01T14:33:09.612+0000] {dag.py:4180} INFO - Setting next_dagrun for example_task_group_decorator to None, run_after=None
[2025-03-01T14:33:09.653+0000] {processor.py:208} INFO - Processing /home/airflow/.local/lib/python3.12/site-packages/airflow/example_dags/example_task_group_decorator.py took 0.108 seconds
