[2025-03-01T14:17:57.875+0000] {processor.py:186} INFO - Started process (PID=118) to work on /home/airflow/.local/lib/python3.12/site-packages/airflow/example_dags/example_outlet_event_extra.py
[2025-03-01T14:17:57.877+0000] {processor.py:914} INFO - Processing file /home/airflow/.local/lib/python3.12/site-packages/airflow/example_dags/example_outlet_event_extra.py for tasks to queue
[2025-03-01T14:17:57.882+0000] {logging_mixin.py:190} INFO - [2025-03-01T14:17:57.881+0000] {dagbag.py:588} INFO - Filling up the DagBag from /home/airflow/.local/lib/python3.12/site-packages/airflow/example_dags/example_outlet_event_extra.py
[2025-03-01T14:17:59.384+0000] {processor.py:925} INFO - DAG(s) 'dataset_with_extra_from_classic_operator', 'dataset_with_extra_by_context', 'dataset_with_extra_by_yield' retrieved from /home/airflow/.local/lib/python3.12/site-packages/airflow/example_dags/example_outlet_event_extra.py
[2025-03-01T14:17:59.576+0000] {logging_mixin.py:190} INFO - [2025-03-01T14:17:59.575+0000] {override.py:1912} INFO - Created Permission View: can edit on DAG:dataset_with_extra_from_classic_operator
[2025-03-01T14:17:59.590+0000] {logging_mixin.py:190} INFO - [2025-03-01T14:17:59.589+0000] {override.py:1912} INFO - Created Permission View: can read on DAG:dataset_with_extra_from_classic_operator
[2025-03-01T14:17:59.598+0000] {logging_mixin.py:190} INFO - [2025-03-01T14:17:59.598+0000] {override.py:1912} INFO - Created Permission View: can delete on DAG:dataset_with_extra_from_classic_operator
[2025-03-01T14:17:59.609+0000] {logging_mixin.py:190} INFO - [2025-03-01T14:17:59.608+0000] {override.py:1912} INFO - Created Permission View: menu access on DAG Run:dataset_with_extra_from_classic_operator
[2025-03-01T14:17:59.616+0000] {logging_mixin.py:190} INFO - [2025-03-01T14:17:59.616+0000] {override.py:1912} INFO - Created Permission View: can read on DAG Run:dataset_with_extra_from_classic_operator
[2025-03-01T14:17:59.624+0000] {logging_mixin.py:190} INFO - [2025-03-01T14:17:59.623+0000] {override.py:1912} INFO - Created Permission View: can create on DAG Run:dataset_with_extra_from_classic_operator
[2025-03-01T14:17:59.632+0000] {logging_mixin.py:190} INFO - [2025-03-01T14:17:59.631+0000] {override.py:1912} INFO - Created Permission View: can delete on DAG Run:dataset_with_extra_from_classic_operator
[2025-03-01T14:17:59.647+0000] {logging_mixin.py:190} INFO - [2025-03-01T14:17:59.646+0000] {override.py:1912} INFO - Created Permission View: can edit on DAG:dataset_with_extra_by_context
[2025-03-01T14:17:59.654+0000] {logging_mixin.py:190} INFO - [2025-03-01T14:17:59.654+0000] {override.py:1912} INFO - Created Permission View: can read on DAG:dataset_with_extra_by_context
[2025-03-01T14:17:59.662+0000] {logging_mixin.py:190} INFO - [2025-03-01T14:17:59.662+0000] {override.py:1912} INFO - Created Permission View: can delete on DAG:dataset_with_extra_by_context
[2025-03-01T14:17:59.669+0000] {logging_mixin.py:190} INFO - [2025-03-01T14:17:59.669+0000] {override.py:1912} INFO - Created Permission View: menu access on DAG Run:dataset_with_extra_by_context
[2025-03-01T14:17:59.677+0000] {logging_mixin.py:190} INFO - [2025-03-01T14:17:59.677+0000] {override.py:1912} INFO - Created Permission View: can read on DAG Run:dataset_with_extra_by_context
[2025-03-01T14:17:59.685+0000] {logging_mixin.py:190} INFO - [2025-03-01T14:17:59.685+0000] {override.py:1912} INFO - Created Permission View: can create on DAG Run:dataset_with_extra_by_context
[2025-03-01T14:17:59.692+0000] {logging_mixin.py:190} INFO - [2025-03-01T14:17:59.692+0000] {override.py:1912} INFO - Created Permission View: can delete on DAG Run:dataset_with_extra_by_context
[2025-03-01T14:17:59.706+0000] {logging_mixin.py:190} INFO - [2025-03-01T14:17:59.706+0000] {override.py:1912} INFO - Created Permission View: can edit on DAG:dataset_with_extra_by_yield
[2025-03-01T14:17:59.717+0000] {logging_mixin.py:190} INFO - [2025-03-01T14:17:59.717+0000] {override.py:1912} INFO - Created Permission View: can read on DAG:dataset_with_extra_by_yield
[2025-03-01T14:17:59.734+0000] {logging_mixin.py:190} INFO - [2025-03-01T14:17:59.734+0000] {override.py:1912} INFO - Created Permission View: can delete on DAG:dataset_with_extra_by_yield
[2025-03-01T14:17:59.742+0000] {logging_mixin.py:190} INFO - [2025-03-01T14:17:59.742+0000] {override.py:1912} INFO - Created Permission View: menu access on DAG Run:dataset_with_extra_by_yield
[2025-03-01T14:17:59.749+0000] {logging_mixin.py:190} INFO - [2025-03-01T14:17:59.749+0000] {override.py:1912} INFO - Created Permission View: can read on DAG Run:dataset_with_extra_by_yield
[2025-03-01T14:17:59.756+0000] {logging_mixin.py:190} INFO - [2025-03-01T14:17:59.756+0000] {override.py:1912} INFO - Created Permission View: can create on DAG Run:dataset_with_extra_by_yield
[2025-03-01T14:17:59.766+0000] {logging_mixin.py:190} INFO - [2025-03-01T14:17:59.765+0000] {override.py:1912} INFO - Created Permission View: can delete on DAG Run:dataset_with_extra_by_yield
[2025-03-01T14:17:59.766+0000] {logging_mixin.py:190} INFO - [2025-03-01T14:17:59.766+0000] {dag.py:3239} INFO - Sync 3 DAGs
[2025-03-01T14:17:59.820+0000] {logging_mixin.py:190} INFO - [2025-03-01T14:17:59.820+0000] {dag.py:3262} INFO - Creating ORM DAG for dataset_with_extra_by_yield
[2025-03-01T14:17:59.822+0000] {logging_mixin.py:190} INFO - [2025-03-01T14:17:59.821+0000] {dag.py:3262} INFO - Creating ORM DAG for dataset_with_extra_by_context
[2025-03-01T14:17:59.822+0000] {logging_mixin.py:190} INFO - [2025-03-01T14:17:59.822+0000] {dag.py:3262} INFO - Creating ORM DAG for dataset_with_extra_from_classic_operator
[2025-03-01T14:17:59.836+0000] {logging_mixin.py:190} INFO - [2025-03-01T14:17:59.836+0000] {dag.py:4180} INFO - Setting next_dagrun for dataset_with_extra_by_context to 2025-02-28 00:00:00+00:00, run_after=2025-03-01 00:00:00+00:00
[2025-03-01T14:17:59.839+0000] {logging_mixin.py:190} INFO - [2025-03-01T14:17:59.839+0000] {dag.py:4180} INFO - Setting next_dagrun for dataset_with_extra_by_yield to 2025-02-28 00:00:00+00:00, run_after=2025-03-01 00:00:00+00:00
[2025-03-01T14:17:59.841+0000] {logging_mixin.py:190} INFO - [2025-03-01T14:17:59.841+0000] {dag.py:4180} INFO - Setting next_dagrun for dataset_with_extra_from_classic_operator to 2025-02-28 00:00:00+00:00, run_after=2025-03-01 00:00:00+00:00
[2025-03-01T14:17:59.869+0000] {processor.py:208} INFO - Processing /home/airflow/.local/lib/python3.12/site-packages/airflow/example_dags/example_outlet_event_extra.py took 2.035 seconds
[2025-03-01T14:18:29.989+0000] {processor.py:186} INFO - Started process (PID=195) to work on /home/airflow/.local/lib/python3.12/site-packages/airflow/example_dags/example_outlet_event_extra.py
[2025-03-01T14:18:29.990+0000] {processor.py:914} INFO - Processing file /home/airflow/.local/lib/python3.12/site-packages/airflow/example_dags/example_outlet_event_extra.py for tasks to queue
[2025-03-01T14:18:29.991+0000] {logging_mixin.py:190} INFO - [2025-03-01T14:18:29.991+0000] {dagbag.py:588} INFO - Filling up the DagBag from /home/airflow/.local/lib/python3.12/site-packages/airflow/example_dags/example_outlet_event_extra.py
[2025-03-01T14:18:30.428+0000] {processor.py:925} INFO - DAG(s) 'dataset_with_extra_by_yield', 'dataset_with_extra_by_context', 'dataset_with_extra_from_classic_operator' retrieved from /home/airflow/.local/lib/python3.12/site-packages/airflow/example_dags/example_outlet_event_extra.py
[2025-03-01T14:18:30.451+0000] {logging_mixin.py:190} INFO - [2025-03-01T14:18:30.450+0000] {dag.py:3239} INFO - Sync 3 DAGs
[2025-03-01T14:18:30.467+0000] {logging_mixin.py:190} INFO - [2025-03-01T14:18:30.467+0000] {dag.py:4180} INFO - Setting next_dagrun for dataset_with_extra_by_context to 2025-02-28 00:00:00+00:00, run_after=2025-03-01 00:00:00+00:00
[2025-03-01T14:18:30.471+0000] {logging_mixin.py:190} INFO - [2025-03-01T14:18:30.471+0000] {dag.py:4180} INFO - Setting next_dagrun for dataset_with_extra_by_yield to 2025-02-28 00:00:00+00:00, run_after=2025-03-01 00:00:00+00:00
[2025-03-01T14:18:30.473+0000] {logging_mixin.py:190} INFO - [2025-03-01T14:18:30.473+0000] {dag.py:4180} INFO - Setting next_dagrun for dataset_with_extra_from_classic_operator to 2025-02-28 00:00:00+00:00, run_after=2025-03-01 00:00:00+00:00
[2025-03-01T14:18:30.486+0000] {processor.py:208} INFO - Processing /home/airflow/.local/lib/python3.12/site-packages/airflow/example_dags/example_outlet_event_extra.py took 0.502 seconds
[2025-03-01T14:19:01.468+0000] {processor.py:186} INFO - Started process (PID=261) to work on /home/airflow/.local/lib/python3.12/site-packages/airflow/example_dags/example_outlet_event_extra.py
[2025-03-01T14:19:01.469+0000] {processor.py:914} INFO - Processing file /home/airflow/.local/lib/python3.12/site-packages/airflow/example_dags/example_outlet_event_extra.py for tasks to queue
[2025-03-01T14:19:01.471+0000] {logging_mixin.py:190} INFO - [2025-03-01T14:19:01.471+0000] {dagbag.py:588} INFO - Filling up the DagBag from /home/airflow/.local/lib/python3.12/site-packages/airflow/example_dags/example_outlet_event_extra.py
[2025-03-01T14:19:01.913+0000] {processor.py:925} INFO - DAG(s) 'dataset_with_extra_by_context', 'dataset_with_extra_from_classic_operator', 'dataset_with_extra_by_yield' retrieved from /home/airflow/.local/lib/python3.12/site-packages/airflow/example_dags/example_outlet_event_extra.py
[2025-03-01T14:19:01.931+0000] {logging_mixin.py:190} INFO - [2025-03-01T14:19:01.931+0000] {dag.py:3239} INFO - Sync 3 DAGs
[2025-03-01T14:19:01.948+0000] {logging_mixin.py:190} INFO - [2025-03-01T14:19:01.948+0000] {dag.py:4180} INFO - Setting next_dagrun for dataset_with_extra_by_context to 2025-02-28 00:00:00+00:00, run_after=2025-03-01 00:00:00+00:00
[2025-03-01T14:19:01.952+0000] {logging_mixin.py:190} INFO - [2025-03-01T14:19:01.952+0000] {dag.py:4180} INFO - Setting next_dagrun for dataset_with_extra_by_yield to 2025-02-28 00:00:00+00:00, run_after=2025-03-01 00:00:00+00:00
[2025-03-01T14:19:01.954+0000] {logging_mixin.py:190} INFO - [2025-03-01T14:19:01.954+0000] {dag.py:4180} INFO - Setting next_dagrun for dataset_with_extra_from_classic_operator to 2025-02-28 00:00:00+00:00, run_after=2025-03-01 00:00:00+00:00
[2025-03-01T14:19:01.969+0000] {processor.py:208} INFO - Processing /home/airflow/.local/lib/python3.12/site-packages/airflow/example_dags/example_outlet_event_extra.py took 0.505 seconds
[2025-03-01T14:19:32.140+0000] {processor.py:186} INFO - Started process (PID=324) to work on /home/airflow/.local/lib/python3.12/site-packages/airflow/example_dags/example_outlet_event_extra.py
[2025-03-01T14:19:32.140+0000] {processor.py:914} INFO - Processing file /home/airflow/.local/lib/python3.12/site-packages/airflow/example_dags/example_outlet_event_extra.py for tasks to queue
[2025-03-01T14:19:32.142+0000] {logging_mixin.py:190} INFO - [2025-03-01T14:19:32.142+0000] {dagbag.py:588} INFO - Filling up the DagBag from /home/airflow/.local/lib/python3.12/site-packages/airflow/example_dags/example_outlet_event_extra.py
[2025-03-01T14:19:32.596+0000] {processor.py:925} INFO - DAG(s) 'dataset_with_extra_by_yield', 'dataset_with_extra_by_context', 'dataset_with_extra_from_classic_operator' retrieved from /home/airflow/.local/lib/python3.12/site-packages/airflow/example_dags/example_outlet_event_extra.py
[2025-03-01T14:19:32.613+0000] {logging_mixin.py:190} INFO - [2025-03-01T14:19:32.613+0000] {dag.py:3239} INFO - Sync 3 DAGs
[2025-03-01T14:19:32.631+0000] {logging_mixin.py:190} INFO - [2025-03-01T14:19:32.631+0000] {dag.py:4180} INFO - Setting next_dagrun for dataset_with_extra_by_context to 2025-02-28 00:00:00+00:00, run_after=2025-03-01 00:00:00+00:00
[2025-03-01T14:19:32.635+0000] {logging_mixin.py:190} INFO - [2025-03-01T14:19:32.635+0000] {dag.py:4180} INFO - Setting next_dagrun for dataset_with_extra_by_yield to 2025-02-28 00:00:00+00:00, run_after=2025-03-01 00:00:00+00:00
[2025-03-01T14:19:32.638+0000] {logging_mixin.py:190} INFO - [2025-03-01T14:19:32.638+0000] {dag.py:4180} INFO - Setting next_dagrun for dataset_with_extra_from_classic_operator to 2025-02-28 00:00:00+00:00, run_after=2025-03-01 00:00:00+00:00
[2025-03-01T14:19:32.651+0000] {processor.py:208} INFO - Processing /home/airflow/.local/lib/python3.12/site-packages/airflow/example_dags/example_outlet_event_extra.py took 0.517 seconds
[2025-03-01T14:20:02.700+0000] {processor.py:186} INFO - Started process (PID=387) to work on /home/airflow/.local/lib/python3.12/site-packages/airflow/example_dags/example_outlet_event_extra.py
[2025-03-01T14:20:02.701+0000] {processor.py:914} INFO - Processing file /home/airflow/.local/lib/python3.12/site-packages/airflow/example_dags/example_outlet_event_extra.py for tasks to queue
[2025-03-01T14:20:02.703+0000] {logging_mixin.py:190} INFO - [2025-03-01T14:20:02.702+0000] {dagbag.py:588} INFO - Filling up the DagBag from /home/airflow/.local/lib/python3.12/site-packages/airflow/example_dags/example_outlet_event_extra.py
[2025-03-01T14:20:03.180+0000] {processor.py:925} INFO - DAG(s) 'dataset_with_extra_from_classic_operator', 'dataset_with_extra_by_context', 'dataset_with_extra_by_yield' retrieved from /home/airflow/.local/lib/python3.12/site-packages/airflow/example_dags/example_outlet_event_extra.py
[2025-03-01T14:20:03.197+0000] {logging_mixin.py:190} INFO - [2025-03-01T14:20:03.197+0000] {dag.py:3239} INFO - Sync 3 DAGs
[2025-03-01T14:20:03.215+0000] {logging_mixin.py:190} INFO - [2025-03-01T14:20:03.215+0000] {dag.py:4180} INFO - Setting next_dagrun for dataset_with_extra_by_context to 2025-02-28 00:00:00+00:00, run_after=2025-03-01 00:00:00+00:00
[2025-03-01T14:20:03.219+0000] {logging_mixin.py:190} INFO - [2025-03-01T14:20:03.219+0000] {dag.py:4180} INFO - Setting next_dagrun for dataset_with_extra_by_yield to 2025-02-28 00:00:00+00:00, run_after=2025-03-01 00:00:00+00:00
[2025-03-01T14:20:03.221+0000] {logging_mixin.py:190} INFO - [2025-03-01T14:20:03.220+0000] {dag.py:4180} INFO - Setting next_dagrun for dataset_with_extra_from_classic_operator to 2025-02-28 00:00:00+00:00, run_after=2025-03-01 00:00:00+00:00
[2025-03-01T14:20:03.234+0000] {processor.py:208} INFO - Processing /home/airflow/.local/lib/python3.12/site-packages/airflow/example_dags/example_outlet_event_extra.py took 0.538 seconds
[2025-03-01T14:20:34.122+0000] {processor.py:186} INFO - Started process (PID=452) to work on /home/airflow/.local/lib/python3.12/site-packages/airflow/example_dags/example_outlet_event_extra.py
[2025-03-01T14:20:34.122+0000] {processor.py:914} INFO - Processing file /home/airflow/.local/lib/python3.12/site-packages/airflow/example_dags/example_outlet_event_extra.py for tasks to queue
[2025-03-01T14:20:34.124+0000] {logging_mixin.py:190} INFO - [2025-03-01T14:20:34.124+0000] {dagbag.py:588} INFO - Filling up the DagBag from /home/airflow/.local/lib/python3.12/site-packages/airflow/example_dags/example_outlet_event_extra.py
[2025-03-01T14:20:34.629+0000] {processor.py:925} INFO - DAG(s) 'dataset_with_extra_from_classic_operator', 'dataset_with_extra_by_context', 'dataset_with_extra_by_yield' retrieved from /home/airflow/.local/lib/python3.12/site-packages/airflow/example_dags/example_outlet_event_extra.py
[2025-03-01T14:20:34.652+0000] {logging_mixin.py:190} INFO - [2025-03-01T14:20:34.652+0000] {dag.py:3239} INFO - Sync 3 DAGs
[2025-03-01T14:20:34.671+0000] {logging_mixin.py:190} INFO - [2025-03-01T14:20:34.670+0000] {dag.py:4180} INFO - Setting next_dagrun for dataset_with_extra_by_context to 2025-02-28 00:00:00+00:00, run_after=2025-03-01 00:00:00+00:00
[2025-03-01T14:20:34.674+0000] {logging_mixin.py:190} INFO - [2025-03-01T14:20:34.674+0000] {dag.py:4180} INFO - Setting next_dagrun for dataset_with_extra_by_yield to 2025-02-28 00:00:00+00:00, run_after=2025-03-01 00:00:00+00:00
[2025-03-01T14:20:34.676+0000] {logging_mixin.py:190} INFO - [2025-03-01T14:20:34.676+0000] {dag.py:4180} INFO - Setting next_dagrun for dataset_with_extra_from_classic_operator to 2025-02-28 00:00:00+00:00, run_after=2025-03-01 00:00:00+00:00
[2025-03-01T14:20:34.690+0000] {processor.py:208} INFO - Processing /home/airflow/.local/lib/python3.12/site-packages/airflow/example_dags/example_outlet_event_extra.py took 0.572 seconds
[2025-03-01T14:21:05.683+0000] {processor.py:186} INFO - Started process (PID=516) to work on /home/airflow/.local/lib/python3.12/site-packages/airflow/example_dags/example_outlet_event_extra.py
[2025-03-01T14:21:05.691+0000] {processor.py:914} INFO - Processing file /home/airflow/.local/lib/python3.12/site-packages/airflow/example_dags/example_outlet_event_extra.py for tasks to queue
[2025-03-01T14:21:05.696+0000] {logging_mixin.py:190} INFO - [2025-03-01T14:21:05.696+0000] {dagbag.py:588} INFO - Filling up the DagBag from /home/airflow/.local/lib/python3.12/site-packages/airflow/example_dags/example_outlet_event_extra.py
[2025-03-01T14:21:06.658+0000] {processor.py:925} INFO - DAG(s) 'dataset_with_extra_by_context', 'dataset_with_extra_by_yield', 'dataset_with_extra_from_classic_operator' retrieved from /home/airflow/.local/lib/python3.12/site-packages/airflow/example_dags/example_outlet_event_extra.py
[2025-03-01T14:21:06.682+0000] {logging_mixin.py:190} INFO - [2025-03-01T14:21:06.682+0000] {dag.py:3239} INFO - Sync 3 DAGs
[2025-03-01T14:21:06.722+0000] {logging_mixin.py:190} INFO - [2025-03-01T14:21:06.722+0000] {dag.py:4180} INFO - Setting next_dagrun for dataset_with_extra_by_context to 2025-02-28 00:00:00+00:00, run_after=2025-03-01 00:00:00+00:00
[2025-03-01T14:21:06.733+0000] {logging_mixin.py:190} INFO - [2025-03-01T14:21:06.733+0000] {dag.py:4180} INFO - Setting next_dagrun for dataset_with_extra_by_yield to 2025-02-28 00:00:00+00:00, run_after=2025-03-01 00:00:00+00:00
[2025-03-01T14:21:06.737+0000] {logging_mixin.py:190} INFO - [2025-03-01T14:21:06.736+0000] {dag.py:4180} INFO - Setting next_dagrun for dataset_with_extra_from_classic_operator to 2025-02-28 00:00:00+00:00, run_after=2025-03-01 00:00:00+00:00
[2025-03-01T14:21:06.758+0000] {processor.py:208} INFO - Processing /home/airflow/.local/lib/python3.12/site-packages/airflow/example_dags/example_outlet_event_extra.py took 1.126 seconds
[2025-03-01T14:21:36.841+0000] {processor.py:186} INFO - Started process (PID=580) to work on /home/airflow/.local/lib/python3.12/site-packages/airflow/example_dags/example_outlet_event_extra.py
[2025-03-01T14:21:36.847+0000] {processor.py:914} INFO - Processing file /home/airflow/.local/lib/python3.12/site-packages/airflow/example_dags/example_outlet_event_extra.py for tasks to queue
[2025-03-01T14:21:36.859+0000] {logging_mixin.py:190} INFO - [2025-03-01T14:21:36.859+0000] {dagbag.py:588} INFO - Filling up the DagBag from /home/airflow/.local/lib/python3.12/site-packages/airflow/example_dags/example_outlet_event_extra.py
[2025-03-01T14:21:37.748+0000] {processor.py:925} INFO - DAG(s) 'dataset_with_extra_by_context', 'dataset_with_extra_from_classic_operator', 'dataset_with_extra_by_yield' retrieved from /home/airflow/.local/lib/python3.12/site-packages/airflow/example_dags/example_outlet_event_extra.py
[2025-03-01T14:21:37.781+0000] {logging_mixin.py:190} INFO - [2025-03-01T14:21:37.781+0000] {dag.py:3239} INFO - Sync 3 DAGs
[2025-03-01T14:21:37.808+0000] {logging_mixin.py:190} INFO - [2025-03-01T14:21:37.808+0000] {dag.py:4180} INFO - Setting next_dagrun for dataset_with_extra_by_context to 2025-02-28 00:00:00+00:00, run_after=2025-03-01 00:00:00+00:00
[2025-03-01T14:21:37.814+0000] {logging_mixin.py:190} INFO - [2025-03-01T14:21:37.814+0000] {dag.py:4180} INFO - Setting next_dagrun for dataset_with_extra_by_yield to 2025-02-28 00:00:00+00:00, run_after=2025-03-01 00:00:00+00:00
[2025-03-01T14:21:37.817+0000] {logging_mixin.py:190} INFO - [2025-03-01T14:21:37.817+0000] {dag.py:4180} INFO - Setting next_dagrun for dataset_with_extra_from_classic_operator to 2025-02-28 00:00:00+00:00, run_after=2025-03-01 00:00:00+00:00
[2025-03-01T14:21:37.878+0000] {processor.py:208} INFO - Processing /home/airflow/.local/lib/python3.12/site-packages/airflow/example_dags/example_outlet_event_extra.py took 1.057 seconds
[2025-03-01T14:22:08.483+0000] {processor.py:186} INFO - Started process (PID=645) to work on /home/airflow/.local/lib/python3.12/site-packages/airflow/example_dags/example_outlet_event_extra.py
[2025-03-01T14:22:08.485+0000] {processor.py:914} INFO - Processing file /home/airflow/.local/lib/python3.12/site-packages/airflow/example_dags/example_outlet_event_extra.py for tasks to queue
[2025-03-01T14:22:08.487+0000] {logging_mixin.py:190} INFO - [2025-03-01T14:22:08.487+0000] {dagbag.py:588} INFO - Filling up the DagBag from /home/airflow/.local/lib/python3.12/site-packages/airflow/example_dags/example_outlet_event_extra.py
[2025-03-01T14:22:09.149+0000] {processor.py:925} INFO - DAG(s) 'dataset_with_extra_by_context', 'dataset_with_extra_by_yield', 'dataset_with_extra_from_classic_operator' retrieved from /home/airflow/.local/lib/python3.12/site-packages/airflow/example_dags/example_outlet_event_extra.py
[2025-03-01T14:22:09.178+0000] {logging_mixin.py:190} INFO - [2025-03-01T14:22:09.178+0000] {dag.py:3239} INFO - Sync 3 DAGs
[2025-03-01T14:22:09.218+0000] {logging_mixin.py:190} INFO - [2025-03-01T14:22:09.217+0000] {dag.py:4180} INFO - Setting next_dagrun for dataset_with_extra_by_context to 2025-02-28 00:00:00+00:00, run_after=2025-03-01 00:00:00+00:00
[2025-03-01T14:22:09.236+0000] {logging_mixin.py:190} INFO - [2025-03-01T14:22:09.236+0000] {dag.py:4180} INFO - Setting next_dagrun for dataset_with_extra_by_yield to 2025-02-28 00:00:00+00:00, run_after=2025-03-01 00:00:00+00:00
[2025-03-01T14:22:09.246+0000] {logging_mixin.py:190} INFO - [2025-03-01T14:22:09.246+0000] {dag.py:4180} INFO - Setting next_dagrun for dataset_with_extra_from_classic_operator to 2025-02-28 00:00:00+00:00, run_after=2025-03-01 00:00:00+00:00
[2025-03-01T14:22:09.275+0000] {processor.py:208} INFO - Processing /home/airflow/.local/lib/python3.12/site-packages/airflow/example_dags/example_outlet_event_extra.py took 0.799 seconds
[2025-03-01T14:22:40.206+0000] {processor.py:186} INFO - Started process (PID=711) to work on /home/airflow/.local/lib/python3.12/site-packages/airflow/example_dags/example_outlet_event_extra.py
[2025-03-01T14:22:40.206+0000] {processor.py:914} INFO - Processing file /home/airflow/.local/lib/python3.12/site-packages/airflow/example_dags/example_outlet_event_extra.py for tasks to queue
[2025-03-01T14:22:40.208+0000] {logging_mixin.py:190} INFO - [2025-03-01T14:22:40.208+0000] {dagbag.py:588} INFO - Filling up the DagBag from /home/airflow/.local/lib/python3.12/site-packages/airflow/example_dags/example_outlet_event_extra.py
[2025-03-01T14:22:40.657+0000] {processor.py:925} INFO - DAG(s) 'dataset_with_extra_from_classic_operator', 'dataset_with_extra_by_yield', 'dataset_with_extra_by_context' retrieved from /home/airflow/.local/lib/python3.12/site-packages/airflow/example_dags/example_outlet_event_extra.py
[2025-03-01T14:22:40.674+0000] {logging_mixin.py:190} INFO - [2025-03-01T14:22:40.674+0000] {dag.py:3239} INFO - Sync 3 DAGs
[2025-03-01T14:22:40.691+0000] {logging_mixin.py:190} INFO - [2025-03-01T14:22:40.690+0000] {dag.py:4180} INFO - Setting next_dagrun for dataset_with_extra_by_context to 2025-02-28 00:00:00+00:00, run_after=2025-03-01 00:00:00+00:00
[2025-03-01T14:22:40.694+0000] {logging_mixin.py:190} INFO - [2025-03-01T14:22:40.694+0000] {dag.py:4180} INFO - Setting next_dagrun for dataset_with_extra_by_yield to 2025-02-28 00:00:00+00:00, run_after=2025-03-01 00:00:00+00:00
[2025-03-01T14:22:40.696+0000] {logging_mixin.py:190} INFO - [2025-03-01T14:22:40.696+0000] {dag.py:4180} INFO - Setting next_dagrun for dataset_with_extra_from_classic_operator to 2025-02-28 00:00:00+00:00, run_after=2025-03-01 00:00:00+00:00
[2025-03-01T14:22:40.711+0000] {processor.py:208} INFO - Processing /home/airflow/.local/lib/python3.12/site-packages/airflow/example_dags/example_outlet_event_extra.py took 0.510 seconds
[2025-03-01T14:23:10.736+0000] {processor.py:186} INFO - Started process (PID=775) to work on /home/airflow/.local/lib/python3.12/site-packages/airflow/example_dags/example_outlet_event_extra.py
[2025-03-01T14:23:10.737+0000] {processor.py:914} INFO - Processing file /home/airflow/.local/lib/python3.12/site-packages/airflow/example_dags/example_outlet_event_extra.py for tasks to queue
[2025-03-01T14:23:10.738+0000] {logging_mixin.py:190} INFO - [2025-03-01T14:23:10.738+0000] {dagbag.py:588} INFO - Filling up the DagBag from /home/airflow/.local/lib/python3.12/site-packages/airflow/example_dags/example_outlet_event_extra.py
[2025-03-01T14:23:11.163+0000] {processor.py:925} INFO - DAG(s) 'dataset_with_extra_from_classic_operator', 'dataset_with_extra_by_yield', 'dataset_with_extra_by_context' retrieved from /home/airflow/.local/lib/python3.12/site-packages/airflow/example_dags/example_outlet_event_extra.py
[2025-03-01T14:23:11.180+0000] {logging_mixin.py:190} INFO - [2025-03-01T14:23:11.180+0000] {dag.py:3239} INFO - Sync 3 DAGs
[2025-03-01T14:23:11.198+0000] {logging_mixin.py:190} INFO - [2025-03-01T14:23:11.198+0000] {dag.py:4180} INFO - Setting next_dagrun for dataset_with_extra_by_context to 2025-02-28 00:00:00+00:00, run_after=2025-03-01 00:00:00+00:00
[2025-03-01T14:23:11.202+0000] {logging_mixin.py:190} INFO - [2025-03-01T14:23:11.201+0000] {dag.py:4180} INFO - Setting next_dagrun for dataset_with_extra_by_yield to 2025-02-28 00:00:00+00:00, run_after=2025-03-01 00:00:00+00:00
[2025-03-01T14:23:11.204+0000] {logging_mixin.py:190} INFO - [2025-03-01T14:23:11.203+0000] {dag.py:4180} INFO - Setting next_dagrun for dataset_with_extra_from_classic_operator to 2025-02-28 00:00:00+00:00, run_after=2025-03-01 00:00:00+00:00
[2025-03-01T14:23:11.217+0000] {processor.py:208} INFO - Processing /home/airflow/.local/lib/python3.12/site-packages/airflow/example_dags/example_outlet_event_extra.py took 0.485 seconds
[2025-03-01T14:23:41.487+0000] {processor.py:186} INFO - Started process (PID=840) to work on /home/airflow/.local/lib/python3.12/site-packages/airflow/example_dags/example_outlet_event_extra.py
[2025-03-01T14:23:41.488+0000] {processor.py:914} INFO - Processing file /home/airflow/.local/lib/python3.12/site-packages/airflow/example_dags/example_outlet_event_extra.py for tasks to queue
[2025-03-01T14:23:41.490+0000] {logging_mixin.py:190} INFO - [2025-03-01T14:23:41.490+0000] {dagbag.py:588} INFO - Filling up the DagBag from /home/airflow/.local/lib/python3.12/site-packages/airflow/example_dags/example_outlet_event_extra.py
[2025-03-01T14:23:42.012+0000] {processor.py:925} INFO - DAG(s) 'dataset_with_extra_by_yield', 'dataset_with_extra_by_context', 'dataset_with_extra_from_classic_operator' retrieved from /home/airflow/.local/lib/python3.12/site-packages/airflow/example_dags/example_outlet_event_extra.py
[2025-03-01T14:23:42.029+0000] {logging_mixin.py:190} INFO - [2025-03-01T14:23:42.029+0000] {dag.py:3239} INFO - Sync 3 DAGs
[2025-03-01T14:23:42.047+0000] {logging_mixin.py:190} INFO - [2025-03-01T14:23:42.047+0000] {dag.py:4180} INFO - Setting next_dagrun for dataset_with_extra_by_context to 2025-02-28 00:00:00+00:00, run_after=2025-03-01 00:00:00+00:00
[2025-03-01T14:23:42.051+0000] {logging_mixin.py:190} INFO - [2025-03-01T14:23:42.050+0000] {dag.py:4180} INFO - Setting next_dagrun for dataset_with_extra_by_yield to 2025-02-28 00:00:00+00:00, run_after=2025-03-01 00:00:00+00:00
[2025-03-01T14:23:42.052+0000] {logging_mixin.py:190} INFO - [2025-03-01T14:23:42.052+0000] {dag.py:4180} INFO - Setting next_dagrun for dataset_with_extra_from_classic_operator to 2025-02-28 00:00:00+00:00, run_after=2025-03-01 00:00:00+00:00
[2025-03-01T14:23:42.066+0000] {processor.py:208} INFO - Processing /home/airflow/.local/lib/python3.12/site-packages/airflow/example_dags/example_outlet_event_extra.py took 0.585 seconds
[2025-03-01T14:24:12.195+0000] {processor.py:186} INFO - Started process (PID=903) to work on /home/airflow/.local/lib/python3.12/site-packages/airflow/example_dags/example_outlet_event_extra.py
[2025-03-01T14:24:12.196+0000] {processor.py:914} INFO - Processing file /home/airflow/.local/lib/python3.12/site-packages/airflow/example_dags/example_outlet_event_extra.py for tasks to queue
[2025-03-01T14:24:12.198+0000] {logging_mixin.py:190} INFO - [2025-03-01T14:24:12.198+0000] {dagbag.py:588} INFO - Filling up the DagBag from /home/airflow/.local/lib/python3.12/site-packages/airflow/example_dags/example_outlet_event_extra.py
[2025-03-01T14:24:12.647+0000] {processor.py:925} INFO - DAG(s) 'dataset_with_extra_by_yield', 'dataset_with_extra_by_context', 'dataset_with_extra_from_classic_operator' retrieved from /home/airflow/.local/lib/python3.12/site-packages/airflow/example_dags/example_outlet_event_extra.py
[2025-03-01T14:24:12.664+0000] {logging_mixin.py:190} INFO - [2025-03-01T14:24:12.664+0000] {dag.py:3239} INFO - Sync 3 DAGs
[2025-03-01T14:24:12.683+0000] {logging_mixin.py:190} INFO - [2025-03-01T14:24:12.682+0000] {dag.py:4180} INFO - Setting next_dagrun for dataset_with_extra_by_context to 2025-02-28 00:00:00+00:00, run_after=2025-03-01 00:00:00+00:00
[2025-03-01T14:24:12.686+0000] {logging_mixin.py:190} INFO - [2025-03-01T14:24:12.686+0000] {dag.py:4180} INFO - Setting next_dagrun for dataset_with_extra_by_yield to 2025-02-28 00:00:00+00:00, run_after=2025-03-01 00:00:00+00:00
[2025-03-01T14:24:12.688+0000] {logging_mixin.py:190} INFO - [2025-03-01T14:24:12.688+0000] {dag.py:4180} INFO - Setting next_dagrun for dataset_with_extra_from_classic_operator to 2025-02-28 00:00:00+00:00, run_after=2025-03-01 00:00:00+00:00
[2025-03-01T14:24:12.702+0000] {processor.py:208} INFO - Processing /home/airflow/.local/lib/python3.12/site-packages/airflow/example_dags/example_outlet_event_extra.py took 0.513 seconds
[2025-03-01T14:24:43.537+0000] {processor.py:186} INFO - Started process (PID=966) to work on /home/airflow/.local/lib/python3.12/site-packages/airflow/example_dags/example_outlet_event_extra.py
[2025-03-01T14:24:43.538+0000] {processor.py:914} INFO - Processing file /home/airflow/.local/lib/python3.12/site-packages/airflow/example_dags/example_outlet_event_extra.py for tasks to queue
[2025-03-01T14:24:43.540+0000] {logging_mixin.py:190} INFO - [2025-03-01T14:24:43.539+0000] {dagbag.py:588} INFO - Filling up the DagBag from /home/airflow/.local/lib/python3.12/site-packages/airflow/example_dags/example_outlet_event_extra.py
[2025-03-01T14:24:44.011+0000] {processor.py:925} INFO - DAG(s) 'dataset_with_extra_from_classic_operator', 'dataset_with_extra_by_yield', 'dataset_with_extra_by_context' retrieved from /home/airflow/.local/lib/python3.12/site-packages/airflow/example_dags/example_outlet_event_extra.py
[2025-03-01T14:24:44.029+0000] {logging_mixin.py:190} INFO - [2025-03-01T14:24:44.029+0000] {dag.py:3239} INFO - Sync 3 DAGs
[2025-03-01T14:24:44.048+0000] {logging_mixin.py:190} INFO - [2025-03-01T14:24:44.047+0000] {dag.py:4180} INFO - Setting next_dagrun for dataset_with_extra_by_context to 2025-02-28 00:00:00+00:00, run_after=2025-03-01 00:00:00+00:00
[2025-03-01T14:24:44.051+0000] {logging_mixin.py:190} INFO - [2025-03-01T14:24:44.051+0000] {dag.py:4180} INFO - Setting next_dagrun for dataset_with_extra_by_yield to 2025-02-28 00:00:00+00:00, run_after=2025-03-01 00:00:00+00:00
[2025-03-01T14:24:44.053+0000] {logging_mixin.py:190} INFO - [2025-03-01T14:24:44.053+0000] {dag.py:4180} INFO - Setting next_dagrun for dataset_with_extra_from_classic_operator to 2025-02-28 00:00:00+00:00, run_after=2025-03-01 00:00:00+00:00
[2025-03-01T14:24:44.067+0000] {processor.py:208} INFO - Processing /home/airflow/.local/lib/python3.12/site-packages/airflow/example_dags/example_outlet_event_extra.py took 0.534 seconds
[2025-03-01T14:25:14.949+0000] {processor.py:186} INFO - Started process (PID=1030) to work on /home/airflow/.local/lib/python3.12/site-packages/airflow/example_dags/example_outlet_event_extra.py
[2025-03-01T14:25:14.950+0000] {processor.py:914} INFO - Processing file /home/airflow/.local/lib/python3.12/site-packages/airflow/example_dags/example_outlet_event_extra.py for tasks to queue
[2025-03-01T14:25:14.952+0000] {logging_mixin.py:190} INFO - [2025-03-01T14:25:14.952+0000] {dagbag.py:588} INFO - Filling up the DagBag from /home/airflow/.local/lib/python3.12/site-packages/airflow/example_dags/example_outlet_event_extra.py
[2025-03-01T14:25:15.450+0000] {processor.py:925} INFO - DAG(s) 'dataset_with_extra_by_context', 'dataset_with_extra_by_yield', 'dataset_with_extra_from_classic_operator' retrieved from /home/airflow/.local/lib/python3.12/site-packages/airflow/example_dags/example_outlet_event_extra.py
[2025-03-01T14:25:15.475+0000] {logging_mixin.py:190} INFO - [2025-03-01T14:25:15.474+0000] {dag.py:3239} INFO - Sync 3 DAGs
[2025-03-01T14:25:15.492+0000] {logging_mixin.py:190} INFO - [2025-03-01T14:25:15.491+0000] {dag.py:4180} INFO - Setting next_dagrun for dataset_with_extra_by_context to 2025-02-28 00:00:00+00:00, run_after=2025-03-01 00:00:00+00:00
[2025-03-01T14:25:15.495+0000] {logging_mixin.py:190} INFO - [2025-03-01T14:25:15.495+0000] {dag.py:4180} INFO - Setting next_dagrun for dataset_with_extra_by_yield to 2025-02-28 00:00:00+00:00, run_after=2025-03-01 00:00:00+00:00
[2025-03-01T14:25:15.497+0000] {logging_mixin.py:190} INFO - [2025-03-01T14:25:15.497+0000] {dag.py:4180} INFO - Setting next_dagrun for dataset_with_extra_from_classic_operator to 2025-02-28 00:00:00+00:00, run_after=2025-03-01 00:00:00+00:00
[2025-03-01T14:25:15.511+0000] {processor.py:208} INFO - Processing /home/airflow/.local/lib/python3.12/site-packages/airflow/example_dags/example_outlet_event_extra.py took 0.567 seconds
[2025-03-01T14:25:46.137+0000] {processor.py:186} INFO - Started process (PID=1095) to work on /home/airflow/.local/lib/python3.12/site-packages/airflow/example_dags/example_outlet_event_extra.py
[2025-03-01T14:25:46.138+0000] {processor.py:914} INFO - Processing file /home/airflow/.local/lib/python3.12/site-packages/airflow/example_dags/example_outlet_event_extra.py for tasks to queue
[2025-03-01T14:25:46.140+0000] {logging_mixin.py:190} INFO - [2025-03-01T14:25:46.139+0000] {dagbag.py:588} INFO - Filling up the DagBag from /home/airflow/.local/lib/python3.12/site-packages/airflow/example_dags/example_outlet_event_extra.py
[2025-03-01T14:25:46.605+0000] {processor.py:925} INFO - DAG(s) 'dataset_with_extra_from_classic_operator', 'dataset_with_extra_by_yield', 'dataset_with_extra_by_context' retrieved from /home/airflow/.local/lib/python3.12/site-packages/airflow/example_dags/example_outlet_event_extra.py
[2025-03-01T14:25:46.629+0000] {logging_mixin.py:190} INFO - [2025-03-01T14:25:46.629+0000] {dag.py:3239} INFO - Sync 3 DAGs
[2025-03-01T14:25:46.649+0000] {logging_mixin.py:190} INFO - [2025-03-01T14:25:46.649+0000] {dag.py:4180} INFO - Setting next_dagrun for dataset_with_extra_by_context to 2025-02-28 00:00:00+00:00, run_after=2025-03-01 00:00:00+00:00
[2025-03-01T14:25:46.653+0000] {logging_mixin.py:190} INFO - [2025-03-01T14:25:46.653+0000] {dag.py:4180} INFO - Setting next_dagrun for dataset_with_extra_by_yield to 2025-02-28 00:00:00+00:00, run_after=2025-03-01 00:00:00+00:00
[2025-03-01T14:25:46.656+0000] {logging_mixin.py:190} INFO - [2025-03-01T14:25:46.656+0000] {dag.py:4180} INFO - Setting next_dagrun for dataset_with_extra_from_classic_operator to 2025-02-28 00:00:00+00:00, run_after=2025-03-01 00:00:00+00:00
[2025-03-01T14:25:46.677+0000] {processor.py:208} INFO - Processing /home/airflow/.local/lib/python3.12/site-packages/airflow/example_dags/example_outlet_event_extra.py took 0.544 seconds
[2025-03-01T14:26:17.082+0000] {processor.py:186} INFO - Started process (PID=1158) to work on /home/airflow/.local/lib/python3.12/site-packages/airflow/example_dags/example_outlet_event_extra.py
[2025-03-01T14:26:17.085+0000] {processor.py:914} INFO - Processing file /home/airflow/.local/lib/python3.12/site-packages/airflow/example_dags/example_outlet_event_extra.py for tasks to queue
[2025-03-01T14:26:17.089+0000] {logging_mixin.py:190} INFO - [2025-03-01T14:26:17.088+0000] {dagbag.py:588} INFO - Filling up the DagBag from /home/airflow/.local/lib/python3.12/site-packages/airflow/example_dags/example_outlet_event_extra.py
[2025-03-01T14:26:17.583+0000] {processor.py:925} INFO - DAG(s) 'dataset_with_extra_by_yield', 'dataset_with_extra_by_context', 'dataset_with_extra_from_classic_operator' retrieved from /home/airflow/.local/lib/python3.12/site-packages/airflow/example_dags/example_outlet_event_extra.py
[2025-03-01T14:26:17.607+0000] {logging_mixin.py:190} INFO - [2025-03-01T14:26:17.606+0000] {dag.py:3239} INFO - Sync 3 DAGs
[2025-03-01T14:26:17.626+0000] {logging_mixin.py:190} INFO - [2025-03-01T14:26:17.626+0000] {dag.py:4180} INFO - Setting next_dagrun for dataset_with_extra_by_context to 2025-02-28 00:00:00+00:00, run_after=2025-03-01 00:00:00+00:00
[2025-03-01T14:26:17.630+0000] {logging_mixin.py:190} INFO - [2025-03-01T14:26:17.630+0000] {dag.py:4180} INFO - Setting next_dagrun for dataset_with_extra_by_yield to 2025-02-28 00:00:00+00:00, run_after=2025-03-01 00:00:00+00:00
[2025-03-01T14:26:17.632+0000] {logging_mixin.py:190} INFO - [2025-03-01T14:26:17.632+0000] {dag.py:4180} INFO - Setting next_dagrun for dataset_with_extra_from_classic_operator to 2025-02-28 00:00:00+00:00, run_after=2025-03-01 00:00:00+00:00
[2025-03-01T14:26:17.647+0000] {processor.py:208} INFO - Processing /home/airflow/.local/lib/python3.12/site-packages/airflow/example_dags/example_outlet_event_extra.py took 0.572 seconds
[2025-03-01T14:26:48.660+0000] {processor.py:186} INFO - Started process (PID=1223) to work on /home/airflow/.local/lib/python3.12/site-packages/airflow/example_dags/example_outlet_event_extra.py
[2025-03-01T14:26:48.661+0000] {processor.py:914} INFO - Processing file /home/airflow/.local/lib/python3.12/site-packages/airflow/example_dags/example_outlet_event_extra.py for tasks to queue
[2025-03-01T14:26:48.663+0000] {logging_mixin.py:190} INFO - [2025-03-01T14:26:48.663+0000] {dagbag.py:588} INFO - Filling up the DagBag from /home/airflow/.local/lib/python3.12/site-packages/airflow/example_dags/example_outlet_event_extra.py
[2025-03-01T14:26:49.150+0000] {processor.py:925} INFO - DAG(s) 'dataset_with_extra_by_context', 'dataset_with_extra_by_yield', 'dataset_with_extra_from_classic_operator' retrieved from /home/airflow/.local/lib/python3.12/site-packages/airflow/example_dags/example_outlet_event_extra.py
[2025-03-01T14:26:49.167+0000] {logging_mixin.py:190} INFO - [2025-03-01T14:26:49.166+0000] {dag.py:3239} INFO - Sync 3 DAGs
[2025-03-01T14:26:49.184+0000] {logging_mixin.py:190} INFO - [2025-03-01T14:26:49.184+0000] {dag.py:4180} INFO - Setting next_dagrun for dataset_with_extra_by_context to 2025-02-28 00:00:00+00:00, run_after=2025-03-01 00:00:00+00:00
[2025-03-01T14:26:49.188+0000] {logging_mixin.py:190} INFO - [2025-03-01T14:26:49.188+0000] {dag.py:4180} INFO - Setting next_dagrun for dataset_with_extra_by_yield to 2025-02-28 00:00:00+00:00, run_after=2025-03-01 00:00:00+00:00
[2025-03-01T14:26:49.190+0000] {logging_mixin.py:190} INFO - [2025-03-01T14:26:49.190+0000] {dag.py:4180} INFO - Setting next_dagrun for dataset_with_extra_from_classic_operator to 2025-02-28 00:00:00+00:00, run_after=2025-03-01 00:00:00+00:00
[2025-03-01T14:26:49.204+0000] {processor.py:208} INFO - Processing /home/airflow/.local/lib/python3.12/site-packages/airflow/example_dags/example_outlet_event_extra.py took 0.549 seconds
[2025-03-01T14:27:19.298+0000] {processor.py:186} INFO - Started process (PID=1286) to work on /home/airflow/.local/lib/python3.12/site-packages/airflow/example_dags/example_outlet_event_extra.py
[2025-03-01T14:27:19.299+0000] {processor.py:914} INFO - Processing file /home/airflow/.local/lib/python3.12/site-packages/airflow/example_dags/example_outlet_event_extra.py for tasks to queue
[2025-03-01T14:27:19.301+0000] {logging_mixin.py:190} INFO - [2025-03-01T14:27:19.301+0000] {dagbag.py:588} INFO - Filling up the DagBag from /home/airflow/.local/lib/python3.12/site-packages/airflow/example_dags/example_outlet_event_extra.py
[2025-03-01T14:27:19.863+0000] {processor.py:925} INFO - DAG(s) 'dataset_with_extra_from_classic_operator', 'dataset_with_extra_by_yield', 'dataset_with_extra_by_context' retrieved from /home/airflow/.local/lib/python3.12/site-packages/airflow/example_dags/example_outlet_event_extra.py
[2025-03-01T14:27:19.882+0000] {logging_mixin.py:190} INFO - [2025-03-01T14:27:19.882+0000] {dag.py:3239} INFO - Sync 3 DAGs
[2025-03-01T14:27:19.901+0000] {logging_mixin.py:190} INFO - [2025-03-01T14:27:19.901+0000] {dag.py:4180} INFO - Setting next_dagrun for dataset_with_extra_by_context to 2025-02-28 00:00:00+00:00, run_after=2025-03-01 00:00:00+00:00
[2025-03-01T14:27:19.905+0000] {logging_mixin.py:190} INFO - [2025-03-01T14:27:19.905+0000] {dag.py:4180} INFO - Setting next_dagrun for dataset_with_extra_by_yield to 2025-02-28 00:00:00+00:00, run_after=2025-03-01 00:00:00+00:00
[2025-03-01T14:27:19.907+0000] {logging_mixin.py:190} INFO - [2025-03-01T14:27:19.907+0000] {dag.py:4180} INFO - Setting next_dagrun for dataset_with_extra_from_classic_operator to 2025-02-28 00:00:00+00:00, run_after=2025-03-01 00:00:00+00:00
[2025-03-01T14:27:19.922+0000] {processor.py:208} INFO - Processing /home/airflow/.local/lib/python3.12/site-packages/airflow/example_dags/example_outlet_event_extra.py took 0.630 seconds
[2025-03-01T14:27:50.520+0000] {processor.py:186} INFO - Started process (PID=1343) to work on /home/airflow/.local/lib/python3.12/site-packages/airflow/example_dags/example_outlet_event_extra.py
[2025-03-01T14:27:50.521+0000] {processor.py:914} INFO - Processing file /home/airflow/.local/lib/python3.12/site-packages/airflow/example_dags/example_outlet_event_extra.py for tasks to queue
[2025-03-01T14:27:50.523+0000] {logging_mixin.py:190} INFO - [2025-03-01T14:27:50.523+0000] {dagbag.py:588} INFO - Filling up the DagBag from /home/airflow/.local/lib/python3.12/site-packages/airflow/example_dags/example_outlet_event_extra.py
[2025-03-01T14:27:51.154+0000] {processor.py:925} INFO - DAG(s) 'dataset_with_extra_by_yield', 'dataset_with_extra_from_classic_operator', 'dataset_with_extra_by_context' retrieved from /home/airflow/.local/lib/python3.12/site-packages/airflow/example_dags/example_outlet_event_extra.py
[2025-03-01T14:27:51.196+0000] {logging_mixin.py:190} INFO - [2025-03-01T14:27:51.196+0000] {dag.py:3239} INFO - Sync 3 DAGs
[2025-03-01T14:27:51.225+0000] {logging_mixin.py:190} INFO - [2025-03-01T14:27:51.225+0000] {dag.py:4180} INFO - Setting next_dagrun for dataset_with_extra_by_context to 2025-02-28 00:00:00+00:00, run_after=2025-03-01 00:00:00+00:00
[2025-03-01T14:27:51.234+0000] {logging_mixin.py:190} INFO - [2025-03-01T14:27:51.234+0000] {dag.py:4180} INFO - Setting next_dagrun for dataset_with_extra_by_yield to 2025-02-28 00:00:00+00:00, run_after=2025-03-01 00:00:00+00:00
[2025-03-01T14:27:51.241+0000] {logging_mixin.py:190} INFO - [2025-03-01T14:27:51.241+0000] {dag.py:4180} INFO - Setting next_dagrun for dataset_with_extra_from_classic_operator to 2025-02-28 00:00:00+00:00, run_after=2025-03-01 00:00:00+00:00
[2025-03-01T14:27:51.269+0000] {processor.py:208} INFO - Processing /home/airflow/.local/lib/python3.12/site-packages/airflow/example_dags/example_outlet_event_extra.py took 0.754 seconds
[2025-03-01T14:28:21.644+0000] {processor.py:186} INFO - Started process (PID=1406) to work on /home/airflow/.local/lib/python3.12/site-packages/airflow/example_dags/example_outlet_event_extra.py
[2025-03-01T14:28:21.645+0000] {processor.py:914} INFO - Processing file /home/airflow/.local/lib/python3.12/site-packages/airflow/example_dags/example_outlet_event_extra.py for tasks to queue
[2025-03-01T14:28:21.647+0000] {logging_mixin.py:190} INFO - [2025-03-01T14:28:21.647+0000] {dagbag.py:588} INFO - Filling up the DagBag from /home/airflow/.local/lib/python3.12/site-packages/airflow/example_dags/example_outlet_event_extra.py
[2025-03-01T14:28:22.603+0000] {processor.py:925} INFO - DAG(s) 'dataset_with_extra_by_context', 'dataset_with_extra_from_classic_operator', 'dataset_with_extra_by_yield' retrieved from /home/airflow/.local/lib/python3.12/site-packages/airflow/example_dags/example_outlet_event_extra.py
[2025-03-01T14:28:22.645+0000] {logging_mixin.py:190} INFO - [2025-03-01T14:28:22.644+0000] {dag.py:3239} INFO - Sync 3 DAGs
[2025-03-01T14:28:22.699+0000] {logging_mixin.py:190} INFO - [2025-03-01T14:28:22.699+0000] {dag.py:4180} INFO - Setting next_dagrun for dataset_with_extra_by_context to 2025-02-28 00:00:00+00:00, run_after=2025-03-01 00:00:00+00:00
[2025-03-01T14:28:22.705+0000] {logging_mixin.py:190} INFO - [2025-03-01T14:28:22.705+0000] {dag.py:4180} INFO - Setting next_dagrun for dataset_with_extra_by_yield to 2025-02-28 00:00:00+00:00, run_after=2025-03-01 00:00:00+00:00
[2025-03-01T14:28:22.708+0000] {logging_mixin.py:190} INFO - [2025-03-01T14:28:22.708+0000] {dag.py:4180} INFO - Setting next_dagrun for dataset_with_extra_from_classic_operator to 2025-02-28 00:00:00+00:00, run_after=2025-03-01 00:00:00+00:00
[2025-03-01T14:28:22.737+0000] {processor.py:208} INFO - Processing /home/airflow/.local/lib/python3.12/site-packages/airflow/example_dags/example_outlet_event_extra.py took 1.098 seconds
[2025-03-01T14:28:53.836+0000] {processor.py:186} INFO - Started process (PID=1472) to work on /home/airflow/.local/lib/python3.12/site-packages/airflow/example_dags/example_outlet_event_extra.py
[2025-03-01T14:28:53.837+0000] {processor.py:914} INFO - Processing file /home/airflow/.local/lib/python3.12/site-packages/airflow/example_dags/example_outlet_event_extra.py for tasks to queue
[2025-03-01T14:28:53.839+0000] {logging_mixin.py:190} INFO - [2025-03-01T14:28:53.839+0000] {dagbag.py:588} INFO - Filling up the DagBag from /home/airflow/.local/lib/python3.12/site-packages/airflow/example_dags/example_outlet_event_extra.py
[2025-03-01T14:28:54.487+0000] {processor.py:925} INFO - DAG(s) 'dataset_with_extra_by_context', 'dataset_with_extra_from_classic_operator', 'dataset_with_extra_by_yield' retrieved from /home/airflow/.local/lib/python3.12/site-packages/airflow/example_dags/example_outlet_event_extra.py
[2025-03-01T14:28:54.509+0000] {logging_mixin.py:190} INFO - [2025-03-01T14:28:54.509+0000] {dag.py:3239} INFO - Sync 3 DAGs
[2025-03-01T14:28:54.538+0000] {logging_mixin.py:190} INFO - [2025-03-01T14:28:54.538+0000] {dag.py:4180} INFO - Setting next_dagrun for dataset_with_extra_by_context to 2025-02-28 00:00:00+00:00, run_after=2025-03-01 00:00:00+00:00
[2025-03-01T14:28:54.544+0000] {logging_mixin.py:190} INFO - [2025-03-01T14:28:54.544+0000] {dag.py:4180} INFO - Setting next_dagrun for dataset_with_extra_by_yield to 2025-02-28 00:00:00+00:00, run_after=2025-03-01 00:00:00+00:00
[2025-03-01T14:28:54.547+0000] {logging_mixin.py:190} INFO - [2025-03-01T14:28:54.547+0000] {dag.py:4180} INFO - Setting next_dagrun for dataset_with_extra_from_classic_operator to 2025-02-28 00:00:00+00:00, run_after=2025-03-01 00:00:00+00:00
[2025-03-01T14:28:54.567+0000] {processor.py:208} INFO - Processing /home/airflow/.local/lib/python3.12/site-packages/airflow/example_dags/example_outlet_event_extra.py took 0.737 seconds
[2025-03-01T14:29:25.147+0000] {processor.py:186} INFO - Started process (PID=1538) to work on /home/airflow/.local/lib/python3.12/site-packages/airflow/example_dags/example_outlet_event_extra.py
[2025-03-01T14:29:25.147+0000] {processor.py:914} INFO - Processing file /home/airflow/.local/lib/python3.12/site-packages/airflow/example_dags/example_outlet_event_extra.py for tasks to queue
[2025-03-01T14:29:25.150+0000] {logging_mixin.py:190} INFO - [2025-03-01T14:29:25.149+0000] {dagbag.py:588} INFO - Filling up the DagBag from /home/airflow/.local/lib/python3.12/site-packages/airflow/example_dags/example_outlet_event_extra.py
[2025-03-01T14:29:25.809+0000] {processor.py:925} INFO - DAG(s) 'dataset_with_extra_by_context', 'dataset_with_extra_by_yield', 'dataset_with_extra_from_classic_operator' retrieved from /home/airflow/.local/lib/python3.12/site-packages/airflow/example_dags/example_outlet_event_extra.py
[2025-03-01T14:29:25.834+0000] {logging_mixin.py:190} INFO - [2025-03-01T14:29:25.833+0000] {dag.py:3239} INFO - Sync 3 DAGs
[2025-03-01T14:29:25.860+0000] {logging_mixin.py:190} INFO - [2025-03-01T14:29:25.860+0000] {dag.py:4180} INFO - Setting next_dagrun for dataset_with_extra_by_context to 2025-02-28 00:00:00+00:00, run_after=2025-03-01 00:00:00+00:00
[2025-03-01T14:29:25.866+0000] {logging_mixin.py:190} INFO - [2025-03-01T14:29:25.866+0000] {dag.py:4180} INFO - Setting next_dagrun for dataset_with_extra_by_yield to 2025-02-28 00:00:00+00:00, run_after=2025-03-01 00:00:00+00:00
[2025-03-01T14:29:25.870+0000] {logging_mixin.py:190} INFO - [2025-03-01T14:29:25.870+0000] {dag.py:4180} INFO - Setting next_dagrun for dataset_with_extra_from_classic_operator to 2025-02-28 00:00:00+00:00, run_after=2025-03-01 00:00:00+00:00
[2025-03-01T14:29:25.890+0000] {processor.py:208} INFO - Processing /home/airflow/.local/lib/python3.12/site-packages/airflow/example_dags/example_outlet_event_extra.py took 0.749 seconds
[2025-03-01T14:29:57.185+0000] {processor.py:186} INFO - Started process (PID=1603) to work on /home/airflow/.local/lib/python3.12/site-packages/airflow/example_dags/example_outlet_event_extra.py
[2025-03-01T14:29:57.186+0000] {processor.py:914} INFO - Processing file /home/airflow/.local/lib/python3.12/site-packages/airflow/example_dags/example_outlet_event_extra.py for tasks to queue
[2025-03-01T14:29:57.188+0000] {logging_mixin.py:190} INFO - [2025-03-01T14:29:57.188+0000] {dagbag.py:588} INFO - Filling up the DagBag from /home/airflow/.local/lib/python3.12/site-packages/airflow/example_dags/example_outlet_event_extra.py
[2025-03-01T14:29:57.744+0000] {processor.py:925} INFO - DAG(s) 'dataset_with_extra_from_classic_operator', 'dataset_with_extra_by_yield', 'dataset_with_extra_by_context' retrieved from /home/airflow/.local/lib/python3.12/site-packages/airflow/example_dags/example_outlet_event_extra.py
[2025-03-01T14:29:57.760+0000] {logging_mixin.py:190} INFO - [2025-03-01T14:29:57.760+0000] {dag.py:3239} INFO - Sync 3 DAGs
[2025-03-01T14:29:57.778+0000] {logging_mixin.py:190} INFO - [2025-03-01T14:29:57.778+0000] {dag.py:4180} INFO - Setting next_dagrun for dataset_with_extra_by_context to 2025-02-28 00:00:00+00:00, run_after=2025-03-01 00:00:00+00:00
[2025-03-01T14:29:57.782+0000] {logging_mixin.py:190} INFO - [2025-03-01T14:29:57.782+0000] {dag.py:4180} INFO - Setting next_dagrun for dataset_with_extra_by_yield to 2025-02-28 00:00:00+00:00, run_after=2025-03-01 00:00:00+00:00
[2025-03-01T14:29:57.784+0000] {logging_mixin.py:190} INFO - [2025-03-01T14:29:57.784+0000] {dag.py:4180} INFO - Setting next_dagrun for dataset_with_extra_from_classic_operator to 2025-02-28 00:00:00+00:00, run_after=2025-03-01 00:00:00+00:00
[2025-03-01T14:29:57.797+0000] {processor.py:208} INFO - Processing /home/airflow/.local/lib/python3.12/site-packages/airflow/example_dags/example_outlet_event_extra.py took 0.618 seconds
[2025-03-01T14:30:28.431+0000] {processor.py:186} INFO - Started process (PID=1666) to work on /home/airflow/.local/lib/python3.12/site-packages/airflow/example_dags/example_outlet_event_extra.py
[2025-03-01T14:30:28.431+0000] {processor.py:914} INFO - Processing file /home/airflow/.local/lib/python3.12/site-packages/airflow/example_dags/example_outlet_event_extra.py for tasks to queue
[2025-03-01T14:30:28.433+0000] {logging_mixin.py:190} INFO - [2025-03-01T14:30:28.433+0000] {dagbag.py:588} INFO - Filling up the DagBag from /home/airflow/.local/lib/python3.12/site-packages/airflow/example_dags/example_outlet_event_extra.py
[2025-03-01T14:30:29.112+0000] {processor.py:925} INFO - DAG(s) 'dataset_with_extra_from_classic_operator', 'dataset_with_extra_by_context', 'dataset_with_extra_by_yield' retrieved from /home/airflow/.local/lib/python3.12/site-packages/airflow/example_dags/example_outlet_event_extra.py
[2025-03-01T14:30:29.138+0000] {logging_mixin.py:190} INFO - [2025-03-01T14:30:29.138+0000] {dag.py:3239} INFO - Sync 3 DAGs
[2025-03-01T14:30:29.166+0000] {logging_mixin.py:190} INFO - [2025-03-01T14:30:29.166+0000] {dag.py:4180} INFO - Setting next_dagrun for dataset_with_extra_by_context to 2025-02-28 00:00:00+00:00, run_after=2025-03-01 00:00:00+00:00
[2025-03-01T14:30:29.174+0000] {logging_mixin.py:190} INFO - [2025-03-01T14:30:29.174+0000] {dag.py:4180} INFO - Setting next_dagrun for dataset_with_extra_by_yield to 2025-02-28 00:00:00+00:00, run_after=2025-03-01 00:00:00+00:00
[2025-03-01T14:30:29.176+0000] {logging_mixin.py:190} INFO - [2025-03-01T14:30:29.176+0000] {dag.py:4180} INFO - Setting next_dagrun for dataset_with_extra_from_classic_operator to 2025-02-28 00:00:00+00:00, run_after=2025-03-01 00:00:00+00:00
[2025-03-01T14:30:29.195+0000] {processor.py:208} INFO - Processing /home/airflow/.local/lib/python3.12/site-packages/airflow/example_dags/example_outlet_event_extra.py took 0.770 seconds
[2025-03-01T14:30:59.821+0000] {processor.py:186} INFO - Started process (PID=1729) to work on /home/airflow/.local/lib/python3.12/site-packages/airflow/example_dags/example_outlet_event_extra.py
[2025-03-01T14:30:59.822+0000] {processor.py:914} INFO - Processing file /home/airflow/.local/lib/python3.12/site-packages/airflow/example_dags/example_outlet_event_extra.py for tasks to queue
[2025-03-01T14:30:59.824+0000] {logging_mixin.py:190} INFO - [2025-03-01T14:30:59.823+0000] {dagbag.py:588} INFO - Filling up the DagBag from /home/airflow/.local/lib/python3.12/site-packages/airflow/example_dags/example_outlet_event_extra.py
[2025-03-01T14:31:00.680+0000] {processor.py:925} INFO - DAG(s) 'dataset_with_extra_by_yield', 'dataset_with_extra_from_classic_operator', 'dataset_with_extra_by_context' retrieved from /home/airflow/.local/lib/python3.12/site-packages/airflow/example_dags/example_outlet_event_extra.py
[2025-03-01T14:31:00.729+0000] {logging_mixin.py:190} INFO - [2025-03-01T14:31:00.728+0000] {dag.py:3239} INFO - Sync 3 DAGs
[2025-03-01T14:31:00.798+0000] {logging_mixin.py:190} INFO - [2025-03-01T14:31:00.798+0000] {dag.py:4180} INFO - Setting next_dagrun for dataset_with_extra_by_context to 2025-02-28 00:00:00+00:00, run_after=2025-03-01 00:00:00+00:00
[2025-03-01T14:31:00.808+0000] {logging_mixin.py:190} INFO - [2025-03-01T14:31:00.807+0000] {dag.py:4180} INFO - Setting next_dagrun for dataset_with_extra_by_yield to 2025-02-28 00:00:00+00:00, run_after=2025-03-01 00:00:00+00:00
[2025-03-01T14:31:00.811+0000] {logging_mixin.py:190} INFO - [2025-03-01T14:31:00.811+0000] {dag.py:4180} INFO - Setting next_dagrun for dataset_with_extra_from_classic_operator to 2025-02-28 00:00:00+00:00, run_after=2025-03-01 00:00:00+00:00
[2025-03-01T14:31:00.834+0000] {processor.py:208} INFO - Processing /home/airflow/.local/lib/python3.12/site-packages/airflow/example_dags/example_outlet_event_extra.py took 1.022 seconds
[2025-03-01T14:31:32.317+0000] {processor.py:186} INFO - Started process (PID=1799) to work on /home/airflow/.local/lib/python3.12/site-packages/airflow/example_dags/example_outlet_event_extra.py
[2025-03-01T14:31:32.323+0000] {processor.py:914} INFO - Processing file /home/airflow/.local/lib/python3.12/site-packages/airflow/example_dags/example_outlet_event_extra.py for tasks to queue
[2025-03-01T14:31:32.330+0000] {logging_mixin.py:190} INFO - [2025-03-01T14:31:32.330+0000] {dagbag.py:588} INFO - Filling up the DagBag from /home/airflow/.local/lib/python3.12/site-packages/airflow/example_dags/example_outlet_event_extra.py
[2025-03-01T14:31:33.460+0000] {processor.py:925} INFO - DAG(s) 'dataset_with_extra_by_context', 'dataset_with_extra_from_classic_operator', 'dataset_with_extra_by_yield' retrieved from /home/airflow/.local/lib/python3.12/site-packages/airflow/example_dags/example_outlet_event_extra.py
[2025-03-01T14:31:33.484+0000] {logging_mixin.py:190} INFO - [2025-03-01T14:31:33.484+0000] {dag.py:3239} INFO - Sync 3 DAGs
[2025-03-01T14:31:33.512+0000] {logging_mixin.py:190} INFO - [2025-03-01T14:31:33.512+0000] {dag.py:4180} INFO - Setting next_dagrun for dataset_with_extra_by_context to 2025-02-28 00:00:00+00:00, run_after=2025-03-01 00:00:00+00:00
[2025-03-01T14:31:33.518+0000] {logging_mixin.py:190} INFO - [2025-03-01T14:31:33.518+0000] {dag.py:4180} INFO - Setting next_dagrun for dataset_with_extra_by_yield to 2025-02-28 00:00:00+00:00, run_after=2025-03-01 00:00:00+00:00
[2025-03-01T14:31:33.521+0000] {logging_mixin.py:190} INFO - [2025-03-01T14:31:33.521+0000] {dag.py:4180} INFO - Setting next_dagrun for dataset_with_extra_from_classic_operator to 2025-02-28 00:00:00+00:00, run_after=2025-03-01 00:00:00+00:00
[2025-03-01T14:31:33.540+0000] {processor.py:208} INFO - Processing /home/airflow/.local/lib/python3.12/site-packages/airflow/example_dags/example_outlet_event_extra.py took 1.234 seconds
[2025-03-01T14:32:04.648+0000] {processor.py:186} INFO - Started process (PID=1865) to work on /home/airflow/.local/lib/python3.12/site-packages/airflow/example_dags/example_outlet_event_extra.py
[2025-03-01T14:32:04.649+0000] {processor.py:914} INFO - Processing file /home/airflow/.local/lib/python3.12/site-packages/airflow/example_dags/example_outlet_event_extra.py for tasks to queue
[2025-03-01T14:32:04.658+0000] {logging_mixin.py:190} INFO - [2025-03-01T14:32:04.658+0000] {dagbag.py:588} INFO - Filling up the DagBag from /home/airflow/.local/lib/python3.12/site-packages/airflow/example_dags/example_outlet_event_extra.py
[2025-03-01T14:32:06.068+0000] {processor.py:925} INFO - DAG(s) 'dataset_with_extra_by_context', 'dataset_with_extra_from_classic_operator', 'dataset_with_extra_by_yield' retrieved from /home/airflow/.local/lib/python3.12/site-packages/airflow/example_dags/example_outlet_event_extra.py
[2025-03-01T14:32:06.155+0000] {logging_mixin.py:190} INFO - [2025-03-01T14:32:06.155+0000] {dag.py:3239} INFO - Sync 3 DAGs
[2025-03-01T14:32:06.288+0000] {logging_mixin.py:190} INFO - [2025-03-01T14:32:06.288+0000] {dag.py:4180} INFO - Setting next_dagrun for dataset_with_extra_by_context to 2025-02-28 00:00:00+00:00, run_after=2025-03-01 00:00:00+00:00
[2025-03-01T14:32:06.308+0000] {logging_mixin.py:190} INFO - [2025-03-01T14:32:06.308+0000] {dag.py:4180} INFO - Setting next_dagrun for dataset_with_extra_by_yield to 2025-02-28 00:00:00+00:00, run_after=2025-03-01 00:00:00+00:00
[2025-03-01T14:32:06.316+0000] {logging_mixin.py:190} INFO - [2025-03-01T14:32:06.316+0000] {dag.py:4180} INFO - Setting next_dagrun for dataset_with_extra_from_classic_operator to 2025-02-28 00:00:00+00:00, run_after=2025-03-01 00:00:00+00:00
[2025-03-01T14:32:06.429+0000] {processor.py:208} INFO - Processing /home/airflow/.local/lib/python3.12/site-packages/airflow/example_dags/example_outlet_event_extra.py took 1.797 seconds
[2025-03-01T14:32:36.762+0000] {processor.py:186} INFO - Started process (PID=1928) to work on /home/airflow/.local/lib/python3.12/site-packages/airflow/example_dags/example_outlet_event_extra.py
[2025-03-01T14:32:36.762+0000] {processor.py:914} INFO - Processing file /home/airflow/.local/lib/python3.12/site-packages/airflow/example_dags/example_outlet_event_extra.py for tasks to queue
[2025-03-01T14:32:36.765+0000] {logging_mixin.py:190} INFO - [2025-03-01T14:32:36.764+0000] {dagbag.py:588} INFO - Filling up the DagBag from /home/airflow/.local/lib/python3.12/site-packages/airflow/example_dags/example_outlet_event_extra.py
[2025-03-01T14:32:37.912+0000] {processor.py:925} INFO - DAG(s) 'dataset_with_extra_by_yield', 'dataset_with_extra_by_context', 'dataset_with_extra_from_classic_operator' retrieved from /home/airflow/.local/lib/python3.12/site-packages/airflow/example_dags/example_outlet_event_extra.py
[2025-03-01T14:32:37.954+0000] {logging_mixin.py:190} INFO - [2025-03-01T14:32:37.954+0000] {dag.py:3239} INFO - Sync 3 DAGs
[2025-03-01T14:32:37.982+0000] {logging_mixin.py:190} INFO - [2025-03-01T14:32:37.982+0000] {dag.py:4180} INFO - Setting next_dagrun for dataset_with_extra_by_context to 2025-02-28 00:00:00+00:00, run_after=2025-03-01 00:00:00+00:00
[2025-03-01T14:32:37.991+0000] {logging_mixin.py:190} INFO - [2025-03-01T14:32:37.991+0000] {dag.py:4180} INFO - Setting next_dagrun for dataset_with_extra_by_yield to 2025-02-28 00:00:00+00:00, run_after=2025-03-01 00:00:00+00:00
[2025-03-01T14:32:37.994+0000] {logging_mixin.py:190} INFO - [2025-03-01T14:32:37.994+0000] {dag.py:4180} INFO - Setting next_dagrun for dataset_with_extra_from_classic_operator to 2025-02-28 00:00:00+00:00, run_after=2025-03-01 00:00:00+00:00
[2025-03-01T14:32:38.026+0000] {processor.py:208} INFO - Processing /home/airflow/.local/lib/python3.12/site-packages/airflow/example_dags/example_outlet_event_extra.py took 1.270 seconds
[2025-03-01T14:33:08.768+0000] {processor.py:186} INFO - Started process (PID=1991) to work on /home/airflow/.local/lib/python3.12/site-packages/airflow/example_dags/example_outlet_event_extra.py
[2025-03-01T14:33:08.769+0000] {processor.py:914} INFO - Processing file /home/airflow/.local/lib/python3.12/site-packages/airflow/example_dags/example_outlet_event_extra.py for tasks to queue
[2025-03-01T14:33:08.771+0000] {logging_mixin.py:190} INFO - [2025-03-01T14:33:08.771+0000] {dagbag.py:588} INFO - Filling up the DagBag from /home/airflow/.local/lib/python3.12/site-packages/airflow/example_dags/example_outlet_event_extra.py
[2025-03-01T14:33:09.409+0000] {processor.py:925} INFO - DAG(s) 'dataset_with_extra_by_yield', 'dataset_with_extra_by_context', 'dataset_with_extra_from_classic_operator' retrieved from /home/airflow/.local/lib/python3.12/site-packages/airflow/example_dags/example_outlet_event_extra.py
[2025-03-01T14:33:09.437+0000] {logging_mixin.py:190} INFO - [2025-03-01T14:33:09.437+0000] {dag.py:3239} INFO - Sync 3 DAGs
[2025-03-01T14:33:09.466+0000] {logging_mixin.py:190} INFO - [2025-03-01T14:33:09.466+0000] {dag.py:4180} INFO - Setting next_dagrun for dataset_with_extra_by_context to 2025-02-28 00:00:00+00:00, run_after=2025-03-01 00:00:00+00:00
[2025-03-01T14:33:09.472+0000] {logging_mixin.py:190} INFO - [2025-03-01T14:33:09.471+0000] {dag.py:4180} INFO - Setting next_dagrun for dataset_with_extra_by_yield to 2025-02-28 00:00:00+00:00, run_after=2025-03-01 00:00:00+00:00
[2025-03-01T14:33:09.482+0000] {logging_mixin.py:190} INFO - [2025-03-01T14:33:09.482+0000] {dag.py:4180} INFO - Setting next_dagrun for dataset_with_extra_from_classic_operator to 2025-02-28 00:00:00+00:00, run_after=2025-03-01 00:00:00+00:00
[2025-03-01T14:33:09.507+0000] {processor.py:208} INFO - Processing /home/airflow/.local/lib/python3.12/site-packages/airflow/example_dags/example_outlet_event_extra.py took 0.745 seconds
