[2025-03-01T14:17:37.036+0000] {processor.py:186} INFO - Started process (PID=83) to work on /home/airflow/.local/lib/python3.12/site-packages/airflow/example_dags/example_skip_dag.py
[2025-03-01T14:17:37.036+0000] {processor.py:914} INFO - Processing file /home/airflow/.local/lib/python3.12/site-packages/airflow/example_dags/example_skip_dag.py for tasks to queue
[2025-03-01T14:17:37.058+0000] {logging_mixin.py:190} INFO - [2025-03-01T14:17:37.057+0000] {dagbag.py:588} INFO - Filling up the DagBag from /home/airflow/.local/lib/python3.12/site-packages/airflow/example_dags/example_skip_dag.py
[2025-03-01T14:17:37.102+0000] {processor.py:925} INFO - DAG(s) 'example_skip_dag' retrieved from /home/airflow/.local/lib/python3.12/site-packages/airflow/example_dags/example_skip_dag.py
[2025-03-01T14:17:38.021+0000] {logging_mixin.py:190} INFO - [2025-03-01T14:17:38.014+0000] {override.py:1912} INFO - Created Permission View: can edit on DAG:example_skip_dag
[2025-03-01T14:17:38.063+0000] {logging_mixin.py:190} INFO - [2025-03-01T14:17:38.062+0000] {override.py:1912} INFO - Created Permission View: can read on DAG:example_skip_dag
[2025-03-01T14:17:38.095+0000] {logging_mixin.py:190} INFO - [2025-03-01T14:17:38.095+0000] {override.py:1912} INFO - Created Permission View: can delete on DAG:example_skip_dag
[2025-03-01T14:17:38.109+0000] {logging_mixin.py:190} INFO - [2025-03-01T14:17:38.109+0000] {override.py:1912} INFO - Created Permission View: menu access on DAG Run:example_skip_dag
[2025-03-01T14:17:38.134+0000] {logging_mixin.py:190} INFO - [2025-03-01T14:17:38.134+0000] {override.py:1912} INFO - Created Permission View: can read on DAG Run:example_skip_dag
[2025-03-01T14:17:38.158+0000] {logging_mixin.py:190} INFO - [2025-03-01T14:17:38.158+0000] {override.py:1912} INFO - Created Permission View: can create on DAG Run:example_skip_dag
[2025-03-01T14:17:38.175+0000] {logging_mixin.py:190} INFO - [2025-03-01T14:17:38.175+0000] {override.py:1912} INFO - Created Permission View: can delete on DAG Run:example_skip_dag
[2025-03-01T14:17:38.176+0000] {logging_mixin.py:190} INFO - [2025-03-01T14:17:38.175+0000] {dag.py:3239} INFO - Sync 1 DAGs
[2025-03-01T14:17:38.225+0000] {logging_mixin.py:190} INFO - [2025-03-01T14:17:38.224+0000] {dag.py:3262} INFO - Creating ORM DAG for example_skip_dag
[2025-03-01T14:17:38.291+0000] {logging_mixin.py:190} INFO - [2025-03-01T14:17:38.291+0000] {dag.py:4180} INFO - Setting next_dagrun for example_skip_dag to 2025-02-28 00:00:00+00:00, run_after=2025-03-01 00:00:00+00:00
[2025-03-01T14:17:38.368+0000] {processor.py:208} INFO - Processing /home/airflow/.local/lib/python3.12/site-packages/airflow/example_dags/example_skip_dag.py took 1.359 seconds
[2025-03-01T14:18:09.063+0000] {processor.py:186} INFO - Started process (PID=145) to work on /home/airflow/.local/lib/python3.12/site-packages/airflow/example_dags/example_skip_dag.py
[2025-03-01T14:18:09.070+0000] {processor.py:914} INFO - Processing file /home/airflow/.local/lib/python3.12/site-packages/airflow/example_dags/example_skip_dag.py for tasks to queue
[2025-03-01T14:18:09.079+0000] {logging_mixin.py:190} INFO - [2025-03-01T14:18:09.078+0000] {dagbag.py:588} INFO - Filling up the DagBag from /home/airflow/.local/lib/python3.12/site-packages/airflow/example_dags/example_skip_dag.py
[2025-03-01T14:18:09.092+0000] {processor.py:925} INFO - DAG(s) 'example_skip_dag' retrieved from /home/airflow/.local/lib/python3.12/site-packages/airflow/example_dags/example_skip_dag.py
[2025-03-01T14:18:09.121+0000] {logging_mixin.py:190} INFO - [2025-03-01T14:18:09.121+0000] {dag.py:3239} INFO - Sync 1 DAGs
[2025-03-01T14:18:09.157+0000] {logging_mixin.py:190} INFO - [2025-03-01T14:18:09.157+0000] {dag.py:4180} INFO - Setting next_dagrun for example_skip_dag to 2025-02-28 00:00:00+00:00, run_after=2025-03-01 00:00:00+00:00
[2025-03-01T14:18:09.177+0000] {processor.py:208} INFO - Processing /home/airflow/.local/lib/python3.12/site-packages/airflow/example_dags/example_skip_dag.py took 0.121 seconds
[2025-03-01T14:18:39.528+0000] {processor.py:186} INFO - Started process (PID=208) to work on /home/airflow/.local/lib/python3.12/site-packages/airflow/example_dags/example_skip_dag.py
[2025-03-01T14:18:39.528+0000] {processor.py:914} INFO - Processing file /home/airflow/.local/lib/python3.12/site-packages/airflow/example_dags/example_skip_dag.py for tasks to queue
[2025-03-01T14:18:39.532+0000] {logging_mixin.py:190} INFO - [2025-03-01T14:18:39.531+0000] {dagbag.py:588} INFO - Filling up the DagBag from /home/airflow/.local/lib/python3.12/site-packages/airflow/example_dags/example_skip_dag.py
[2025-03-01T14:18:39.555+0000] {processor.py:925} INFO - DAG(s) 'example_skip_dag' retrieved from /home/airflow/.local/lib/python3.12/site-packages/airflow/example_dags/example_skip_dag.py
[2025-03-01T14:18:39.580+0000] {logging_mixin.py:190} INFO - [2025-03-01T14:18:39.580+0000] {dag.py:3239} INFO - Sync 1 DAGs
[2025-03-01T14:18:39.608+0000] {logging_mixin.py:190} INFO - [2025-03-01T14:18:39.608+0000] {dag.py:4180} INFO - Setting next_dagrun for example_skip_dag to 2025-02-28 00:00:00+00:00, run_after=2025-03-01 00:00:00+00:00
[2025-03-01T14:18:39.629+0000] {processor.py:208} INFO - Processing /home/airflow/.local/lib/python3.12/site-packages/airflow/example_dags/example_skip_dag.py took 0.108 seconds
[2025-03-01T14:19:09.890+0000] {processor.py:186} INFO - Started process (PID=271) to work on /home/airflow/.local/lib/python3.12/site-packages/airflow/example_dags/example_skip_dag.py
[2025-03-01T14:19:09.890+0000] {processor.py:914} INFO - Processing file /home/airflow/.local/lib/python3.12/site-packages/airflow/example_dags/example_skip_dag.py for tasks to queue
[2025-03-01T14:19:09.892+0000] {logging_mixin.py:190} INFO - [2025-03-01T14:19:09.892+0000] {dagbag.py:588} INFO - Filling up the DagBag from /home/airflow/.local/lib/python3.12/site-packages/airflow/example_dags/example_skip_dag.py
[2025-03-01T14:19:09.899+0000] {processor.py:925} INFO - DAG(s) 'example_skip_dag' retrieved from /home/airflow/.local/lib/python3.12/site-packages/airflow/example_dags/example_skip_dag.py
[2025-03-01T14:19:09.914+0000] {logging_mixin.py:190} INFO - [2025-03-01T14:19:09.914+0000] {dag.py:3239} INFO - Sync 1 DAGs
[2025-03-01T14:19:09.930+0000] {logging_mixin.py:190} INFO - [2025-03-01T14:19:09.930+0000] {dag.py:4180} INFO - Setting next_dagrun for example_skip_dag to 2025-02-28 00:00:00+00:00, run_after=2025-03-01 00:00:00+00:00
[2025-03-01T14:19:09.943+0000] {processor.py:208} INFO - Processing /home/airflow/.local/lib/python3.12/site-packages/airflow/example_dags/example_skip_dag.py took 0.058 seconds
[2025-03-01T14:19:40.055+0000] {processor.py:186} INFO - Started process (PID=334) to work on /home/airflow/.local/lib/python3.12/site-packages/airflow/example_dags/example_skip_dag.py
[2025-03-01T14:19:40.056+0000] {processor.py:914} INFO - Processing file /home/airflow/.local/lib/python3.12/site-packages/airflow/example_dags/example_skip_dag.py for tasks to queue
[2025-03-01T14:19:40.058+0000] {logging_mixin.py:190} INFO - [2025-03-01T14:19:40.057+0000] {dagbag.py:588} INFO - Filling up the DagBag from /home/airflow/.local/lib/python3.12/site-packages/airflow/example_dags/example_skip_dag.py
[2025-03-01T14:19:40.063+0000] {processor.py:925} INFO - DAG(s) 'example_skip_dag' retrieved from /home/airflow/.local/lib/python3.12/site-packages/airflow/example_dags/example_skip_dag.py
[2025-03-01T14:19:40.078+0000] {logging_mixin.py:190} INFO - [2025-03-01T14:19:40.078+0000] {dag.py:3239} INFO - Sync 1 DAGs
[2025-03-01T14:19:40.094+0000] {logging_mixin.py:190} INFO - [2025-03-01T14:19:40.094+0000] {dag.py:4180} INFO - Setting next_dagrun for example_skip_dag to 2025-02-28 00:00:00+00:00, run_after=2025-03-01 00:00:00+00:00
[2025-03-01T14:19:40.107+0000] {processor.py:208} INFO - Processing /home/airflow/.local/lib/python3.12/site-packages/airflow/example_dags/example_skip_dag.py took 0.056 seconds
[2025-03-01T14:20:10.623+0000] {processor.py:186} INFO - Started process (PID=397) to work on /home/airflow/.local/lib/python3.12/site-packages/airflow/example_dags/example_skip_dag.py
[2025-03-01T14:20:10.624+0000] {processor.py:914} INFO - Processing file /home/airflow/.local/lib/python3.12/site-packages/airflow/example_dags/example_skip_dag.py for tasks to queue
[2025-03-01T14:20:10.626+0000] {logging_mixin.py:190} INFO - [2025-03-01T14:20:10.626+0000] {dagbag.py:588} INFO - Filling up the DagBag from /home/airflow/.local/lib/python3.12/site-packages/airflow/example_dags/example_skip_dag.py
[2025-03-01T14:20:10.632+0000] {processor.py:925} INFO - DAG(s) 'example_skip_dag' retrieved from /home/airflow/.local/lib/python3.12/site-packages/airflow/example_dags/example_skip_dag.py
[2025-03-01T14:20:10.647+0000] {logging_mixin.py:190} INFO - [2025-03-01T14:20:10.647+0000] {dag.py:3239} INFO - Sync 1 DAGs
[2025-03-01T14:20:10.663+0000] {logging_mixin.py:190} INFO - [2025-03-01T14:20:10.662+0000] {dag.py:4180} INFO - Setting next_dagrun for example_skip_dag to 2025-02-28 00:00:00+00:00, run_after=2025-03-01 00:00:00+00:00
[2025-03-01T14:20:10.675+0000] {processor.py:208} INFO - Processing /home/airflow/.local/lib/python3.12/site-packages/airflow/example_dags/example_skip_dag.py took 0.056 seconds
[2025-03-01T14:20:40.966+0000] {processor.py:186} INFO - Started process (PID=460) to work on /home/airflow/.local/lib/python3.12/site-packages/airflow/example_dags/example_skip_dag.py
[2025-03-01T14:20:40.967+0000] {processor.py:914} INFO - Processing file /home/airflow/.local/lib/python3.12/site-packages/airflow/example_dags/example_skip_dag.py for tasks to queue
[2025-03-01T14:20:40.968+0000] {logging_mixin.py:190} INFO - [2025-03-01T14:20:40.968+0000] {dagbag.py:588} INFO - Filling up the DagBag from /home/airflow/.local/lib/python3.12/site-packages/airflow/example_dags/example_skip_dag.py
[2025-03-01T14:20:40.974+0000] {processor.py:925} INFO - DAG(s) 'example_skip_dag' retrieved from /home/airflow/.local/lib/python3.12/site-packages/airflow/example_dags/example_skip_dag.py
[2025-03-01T14:20:40.989+0000] {logging_mixin.py:190} INFO - [2025-03-01T14:20:40.989+0000] {dag.py:3239} INFO - Sync 1 DAGs
[2025-03-01T14:20:41.006+0000] {logging_mixin.py:190} INFO - [2025-03-01T14:20:41.006+0000] {dag.py:4180} INFO - Setting next_dagrun for example_skip_dag to 2025-02-28 00:00:00+00:00, run_after=2025-03-01 00:00:00+00:00
[2025-03-01T14:20:41.018+0000] {processor.py:208} INFO - Processing /home/airflow/.local/lib/python3.12/site-packages/airflow/example_dags/example_skip_dag.py took 0.056 seconds
[2025-03-01T14:21:11.406+0000] {processor.py:186} INFO - Started process (PID=523) to work on /home/airflow/.local/lib/python3.12/site-packages/airflow/example_dags/example_skip_dag.py
[2025-03-01T14:21:11.407+0000] {processor.py:914} INFO - Processing file /home/airflow/.local/lib/python3.12/site-packages/airflow/example_dags/example_skip_dag.py for tasks to queue
[2025-03-01T14:21:11.409+0000] {logging_mixin.py:190} INFO - [2025-03-01T14:21:11.408+0000] {dagbag.py:588} INFO - Filling up the DagBag from /home/airflow/.local/lib/python3.12/site-packages/airflow/example_dags/example_skip_dag.py
[2025-03-01T14:21:11.414+0000] {processor.py:925} INFO - DAG(s) 'example_skip_dag' retrieved from /home/airflow/.local/lib/python3.12/site-packages/airflow/example_dags/example_skip_dag.py
[2025-03-01T14:21:11.429+0000] {logging_mixin.py:190} INFO - [2025-03-01T14:21:11.429+0000] {dag.py:3239} INFO - Sync 1 DAGs
[2025-03-01T14:21:11.445+0000] {logging_mixin.py:190} INFO - [2025-03-01T14:21:11.445+0000] {dag.py:4180} INFO - Setting next_dagrun for example_skip_dag to 2025-02-28 00:00:00+00:00, run_after=2025-03-01 00:00:00+00:00
[2025-03-01T14:21:11.467+0000] {processor.py:208} INFO - Processing /home/airflow/.local/lib/python3.12/site-packages/airflow/example_dags/example_skip_dag.py took 0.066 seconds
[2025-03-01T14:21:42.290+0000] {processor.py:186} INFO - Started process (PID=586) to work on /home/airflow/.local/lib/python3.12/site-packages/airflow/example_dags/example_skip_dag.py
[2025-03-01T14:21:42.291+0000] {processor.py:914} INFO - Processing file /home/airflow/.local/lib/python3.12/site-packages/airflow/example_dags/example_skip_dag.py for tasks to queue
[2025-03-01T14:21:42.292+0000] {logging_mixin.py:190} INFO - [2025-03-01T14:21:42.292+0000] {dagbag.py:588} INFO - Filling up the DagBag from /home/airflow/.local/lib/python3.12/site-packages/airflow/example_dags/example_skip_dag.py
[2025-03-01T14:21:42.298+0000] {processor.py:925} INFO - DAG(s) 'example_skip_dag' retrieved from /home/airflow/.local/lib/python3.12/site-packages/airflow/example_dags/example_skip_dag.py
[2025-03-01T14:21:42.313+0000] {logging_mixin.py:190} INFO - [2025-03-01T14:21:42.313+0000] {dag.py:3239} INFO - Sync 1 DAGs
[2025-03-01T14:21:42.331+0000] {logging_mixin.py:190} INFO - [2025-03-01T14:21:42.331+0000] {dag.py:4180} INFO - Setting next_dagrun for example_skip_dag to 2025-02-28 00:00:00+00:00, run_after=2025-03-01 00:00:00+00:00
[2025-03-01T14:21:42.343+0000] {processor.py:208} INFO - Processing /home/airflow/.local/lib/python3.12/site-packages/airflow/example_dags/example_skip_dag.py took 0.057 seconds
[2025-03-01T14:22:12.545+0000] {processor.py:186} INFO - Started process (PID=649) to work on /home/airflow/.local/lib/python3.12/site-packages/airflow/example_dags/example_skip_dag.py
[2025-03-01T14:22:12.546+0000] {processor.py:914} INFO - Processing file /home/airflow/.local/lib/python3.12/site-packages/airflow/example_dags/example_skip_dag.py for tasks to queue
[2025-03-01T14:22:12.548+0000] {logging_mixin.py:190} INFO - [2025-03-01T14:22:12.548+0000] {dagbag.py:588} INFO - Filling up the DagBag from /home/airflow/.local/lib/python3.12/site-packages/airflow/example_dags/example_skip_dag.py
[2025-03-01T14:22:12.556+0000] {processor.py:925} INFO - DAG(s) 'example_skip_dag' retrieved from /home/airflow/.local/lib/python3.12/site-packages/airflow/example_dags/example_skip_dag.py
[2025-03-01T14:22:12.578+0000] {logging_mixin.py:190} INFO - [2025-03-01T14:22:12.578+0000] {dag.py:3239} INFO - Sync 1 DAGs
[2025-03-01T14:22:12.602+0000] {logging_mixin.py:190} INFO - [2025-03-01T14:22:12.602+0000] {dag.py:4180} INFO - Setting next_dagrun for example_skip_dag to 2025-02-28 00:00:00+00:00, run_after=2025-03-01 00:00:00+00:00
[2025-03-01T14:22:12.618+0000] {processor.py:208} INFO - Processing /home/airflow/.local/lib/python3.12/site-packages/airflow/example_dags/example_skip_dag.py took 0.079 seconds
[2025-03-01T14:22:42.757+0000] {processor.py:186} INFO - Started process (PID=713) to work on /home/airflow/.local/lib/python3.12/site-packages/airflow/example_dags/example_skip_dag.py
[2025-03-01T14:22:42.758+0000] {processor.py:914} INFO - Processing file /home/airflow/.local/lib/python3.12/site-packages/airflow/example_dags/example_skip_dag.py for tasks to queue
[2025-03-01T14:22:42.760+0000] {logging_mixin.py:190} INFO - [2025-03-01T14:22:42.760+0000] {dagbag.py:588} INFO - Filling up the DagBag from /home/airflow/.local/lib/python3.12/site-packages/airflow/example_dags/example_skip_dag.py
[2025-03-01T14:22:42.768+0000] {processor.py:925} INFO - DAG(s) 'example_skip_dag' retrieved from /home/airflow/.local/lib/python3.12/site-packages/airflow/example_dags/example_skip_dag.py
[2025-03-01T14:22:42.790+0000] {logging_mixin.py:190} INFO - [2025-03-01T14:22:42.790+0000] {dag.py:3239} INFO - Sync 1 DAGs
[2025-03-01T14:22:42.818+0000] {logging_mixin.py:190} INFO - [2025-03-01T14:22:42.818+0000] {dag.py:4180} INFO - Setting next_dagrun for example_skip_dag to 2025-02-28 00:00:00+00:00, run_after=2025-03-01 00:00:00+00:00
[2025-03-01T14:22:42.835+0000] {processor.py:208} INFO - Processing /home/airflow/.local/lib/python3.12/site-packages/airflow/example_dags/example_skip_dag.py took 0.084 seconds
[2025-03-01T14:23:13.257+0000] {processor.py:186} INFO - Started process (PID=777) to work on /home/airflow/.local/lib/python3.12/site-packages/airflow/example_dags/example_skip_dag.py
[2025-03-01T14:23:13.257+0000] {processor.py:914} INFO - Processing file /home/airflow/.local/lib/python3.12/site-packages/airflow/example_dags/example_skip_dag.py for tasks to queue
[2025-03-01T14:23:13.259+0000] {logging_mixin.py:190} INFO - [2025-03-01T14:23:13.259+0000] {dagbag.py:588} INFO - Filling up the DagBag from /home/airflow/.local/lib/python3.12/site-packages/airflow/example_dags/example_skip_dag.py
[2025-03-01T14:23:13.265+0000] {processor.py:925} INFO - DAG(s) 'example_skip_dag' retrieved from /home/airflow/.local/lib/python3.12/site-packages/airflow/example_dags/example_skip_dag.py
[2025-03-01T14:23:13.281+0000] {logging_mixin.py:190} INFO - [2025-03-01T14:23:13.280+0000] {dag.py:3239} INFO - Sync 1 DAGs
[2025-03-01T14:23:13.296+0000] {logging_mixin.py:190} INFO - [2025-03-01T14:23:13.296+0000] {dag.py:4180} INFO - Setting next_dagrun for example_skip_dag to 2025-02-28 00:00:00+00:00, run_after=2025-03-01 00:00:00+00:00
[2025-03-01T14:23:13.310+0000] {processor.py:208} INFO - Processing /home/airflow/.local/lib/python3.12/site-packages/airflow/example_dags/example_skip_dag.py took 0.057 seconds
[2025-03-01T14:23:43.499+0000] {processor.py:186} INFO - Started process (PID=841) to work on /home/airflow/.local/lib/python3.12/site-packages/airflow/example_dags/example_skip_dag.py
[2025-03-01T14:23:43.500+0000] {processor.py:914} INFO - Processing file /home/airflow/.local/lib/python3.12/site-packages/airflow/example_dags/example_skip_dag.py for tasks to queue
[2025-03-01T14:23:43.501+0000] {logging_mixin.py:190} INFO - [2025-03-01T14:23:43.501+0000] {dagbag.py:588} INFO - Filling up the DagBag from /home/airflow/.local/lib/python3.12/site-packages/airflow/example_dags/example_skip_dag.py
[2025-03-01T14:23:43.507+0000] {processor.py:925} INFO - DAG(s) 'example_skip_dag' retrieved from /home/airflow/.local/lib/python3.12/site-packages/airflow/example_dags/example_skip_dag.py
[2025-03-01T14:23:43.522+0000] {logging_mixin.py:190} INFO - [2025-03-01T14:23:43.522+0000] {dag.py:3239} INFO - Sync 1 DAGs
[2025-03-01T14:23:43.538+0000] {logging_mixin.py:190} INFO - [2025-03-01T14:23:43.538+0000] {dag.py:4180} INFO - Setting next_dagrun for example_skip_dag to 2025-02-28 00:00:00+00:00, run_after=2025-03-01 00:00:00+00:00
[2025-03-01T14:23:43.551+0000] {processor.py:208} INFO - Processing /home/airflow/.local/lib/python3.12/site-packages/airflow/example_dags/example_skip_dag.py took 0.056 seconds
[2025-03-01T14:24:13.731+0000] {processor.py:186} INFO - Started process (PID=904) to work on /home/airflow/.local/lib/python3.12/site-packages/airflow/example_dags/example_skip_dag.py
[2025-03-01T14:24:13.731+0000] {processor.py:914} INFO - Processing file /home/airflow/.local/lib/python3.12/site-packages/airflow/example_dags/example_skip_dag.py for tasks to queue
[2025-03-01T14:24:13.733+0000] {logging_mixin.py:190} INFO - [2025-03-01T14:24:13.733+0000] {dagbag.py:588} INFO - Filling up the DagBag from /home/airflow/.local/lib/python3.12/site-packages/airflow/example_dags/example_skip_dag.py
[2025-03-01T14:24:13.739+0000] {processor.py:925} INFO - DAG(s) 'example_skip_dag' retrieved from /home/airflow/.local/lib/python3.12/site-packages/airflow/example_dags/example_skip_dag.py
[2025-03-01T14:24:13.754+0000] {logging_mixin.py:190} INFO - [2025-03-01T14:24:13.754+0000] {dag.py:3239} INFO - Sync 1 DAGs
[2025-03-01T14:24:13.770+0000] {logging_mixin.py:190} INFO - [2025-03-01T14:24:13.770+0000] {dag.py:4180} INFO - Setting next_dagrun for example_skip_dag to 2025-02-28 00:00:00+00:00, run_after=2025-03-01 00:00:00+00:00
[2025-03-01T14:24:13.782+0000] {processor.py:208} INFO - Processing /home/airflow/.local/lib/python3.12/site-packages/airflow/example_dags/example_skip_dag.py took 0.056 seconds
[2025-03-01T14:24:44.099+0000] {processor.py:186} INFO - Started process (PID=967) to work on /home/airflow/.local/lib/python3.12/site-packages/airflow/example_dags/example_skip_dag.py
[2025-03-01T14:24:44.100+0000] {processor.py:914} INFO - Processing file /home/airflow/.local/lib/python3.12/site-packages/airflow/example_dags/example_skip_dag.py for tasks to queue
[2025-03-01T14:24:44.102+0000] {logging_mixin.py:190} INFO - [2025-03-01T14:24:44.102+0000] {dagbag.py:588} INFO - Filling up the DagBag from /home/airflow/.local/lib/python3.12/site-packages/airflow/example_dags/example_skip_dag.py
[2025-03-01T14:24:44.111+0000] {processor.py:925} INFO - DAG(s) 'example_skip_dag' retrieved from /home/airflow/.local/lib/python3.12/site-packages/airflow/example_dags/example_skip_dag.py
[2025-03-01T14:24:44.134+0000] {logging_mixin.py:190} INFO - [2025-03-01T14:24:44.133+0000] {dag.py:3239} INFO - Sync 1 DAGs
[2025-03-01T14:24:44.158+0000] {logging_mixin.py:190} INFO - [2025-03-01T14:24:44.157+0000] {dag.py:4180} INFO - Setting next_dagrun for example_skip_dag to 2025-02-28 00:00:00+00:00, run_after=2025-03-01 00:00:00+00:00
[2025-03-01T14:24:44.173+0000] {processor.py:208} INFO - Processing /home/airflow/.local/lib/python3.12/site-packages/airflow/example_dags/example_skip_dag.py took 0.079 seconds
[2025-03-01T14:25:14.940+0000] {processor.py:186} INFO - Started process (PID=1029) to work on /home/airflow/.local/lib/python3.12/site-packages/airflow/example_dags/example_skip_dag.py
[2025-03-01T14:25:14.940+0000] {processor.py:914} INFO - Processing file /home/airflow/.local/lib/python3.12/site-packages/airflow/example_dags/example_skip_dag.py for tasks to queue
[2025-03-01T14:25:14.943+0000] {logging_mixin.py:190} INFO - [2025-03-01T14:25:14.942+0000] {dagbag.py:588} INFO - Filling up the DagBag from /home/airflow/.local/lib/python3.12/site-packages/airflow/example_dags/example_skip_dag.py
[2025-03-01T14:25:14.950+0000] {processor.py:925} INFO - DAG(s) 'example_skip_dag' retrieved from /home/airflow/.local/lib/python3.12/site-packages/airflow/example_dags/example_skip_dag.py
[2025-03-01T14:25:14.977+0000] {logging_mixin.py:190} INFO - [2025-03-01T14:25:14.977+0000] {dag.py:3239} INFO - Sync 1 DAGs
[2025-03-01T14:25:15.002+0000] {logging_mixin.py:190} INFO - [2025-03-01T14:25:15.002+0000] {dag.py:4180} INFO - Setting next_dagrun for example_skip_dag to 2025-02-28 00:00:00+00:00, run_after=2025-03-01 00:00:00+00:00
[2025-03-01T14:25:15.019+0000] {processor.py:208} INFO - Processing /home/airflow/.local/lib/python3.12/site-packages/airflow/example_dags/example_skip_dag.py took 0.085 seconds
[2025-03-01T14:25:45.967+0000] {processor.py:186} INFO - Started process (PID=1092) to work on /home/airflow/.local/lib/python3.12/site-packages/airflow/example_dags/example_skip_dag.py
[2025-03-01T14:25:45.968+0000] {processor.py:914} INFO - Processing file /home/airflow/.local/lib/python3.12/site-packages/airflow/example_dags/example_skip_dag.py for tasks to queue
[2025-03-01T14:25:45.975+0000] {logging_mixin.py:190} INFO - [2025-03-01T14:25:45.975+0000] {dagbag.py:588} INFO - Filling up the DagBag from /home/airflow/.local/lib/python3.12/site-packages/airflow/example_dags/example_skip_dag.py
[2025-03-01T14:25:45.983+0000] {processor.py:925} INFO - DAG(s) 'example_skip_dag' retrieved from /home/airflow/.local/lib/python3.12/site-packages/airflow/example_dags/example_skip_dag.py
[2025-03-01T14:25:46.007+0000] {logging_mixin.py:190} INFO - [2025-03-01T14:25:46.007+0000] {dag.py:3239} INFO - Sync 1 DAGs
[2025-03-01T14:25:46.031+0000] {logging_mixin.py:190} INFO - [2025-03-01T14:25:46.031+0000] {dag.py:4180} INFO - Setting next_dagrun for example_skip_dag to 2025-02-28 00:00:00+00:00, run_after=2025-03-01 00:00:00+00:00
[2025-03-01T14:25:46.050+0000] {processor.py:208} INFO - Processing /home/airflow/.local/lib/python3.12/site-packages/airflow/example_dags/example_skip_dag.py took 0.088 seconds
[2025-03-01T14:26:16.839+0000] {processor.py:186} INFO - Started process (PID=1154) to work on /home/airflow/.local/lib/python3.12/site-packages/airflow/example_dags/example_skip_dag.py
[2025-03-01T14:26:16.841+0000] {processor.py:914} INFO - Processing file /home/airflow/.local/lib/python3.12/site-packages/airflow/example_dags/example_skip_dag.py for tasks to queue
[2025-03-01T14:26:16.843+0000] {logging_mixin.py:190} INFO - [2025-03-01T14:26:16.843+0000] {dagbag.py:588} INFO - Filling up the DagBag from /home/airflow/.local/lib/python3.12/site-packages/airflow/example_dags/example_skip_dag.py
[2025-03-01T14:26:16.851+0000] {processor.py:925} INFO - DAG(s) 'example_skip_dag' retrieved from /home/airflow/.local/lib/python3.12/site-packages/airflow/example_dags/example_skip_dag.py
[2025-03-01T14:26:16.874+0000] {logging_mixin.py:190} INFO - [2025-03-01T14:26:16.874+0000] {dag.py:3239} INFO - Sync 1 DAGs
[2025-03-01T14:26:16.902+0000] {logging_mixin.py:190} INFO - [2025-03-01T14:26:16.902+0000] {dag.py:4180} INFO - Setting next_dagrun for example_skip_dag to 2025-02-28 00:00:00+00:00, run_after=2025-03-01 00:00:00+00:00
[2025-03-01T14:26:16.919+0000] {processor.py:208} INFO - Processing /home/airflow/.local/lib/python3.12/site-packages/airflow/example_dags/example_skip_dag.py took 0.087 seconds
[2025-03-01T14:26:47.440+0000] {processor.py:186} INFO - Started process (PID=1218) to work on /home/airflow/.local/lib/python3.12/site-packages/airflow/example_dags/example_skip_dag.py
[2025-03-01T14:26:47.441+0000] {processor.py:914} INFO - Processing file /home/airflow/.local/lib/python3.12/site-packages/airflow/example_dags/example_skip_dag.py for tasks to queue
[2025-03-01T14:26:47.443+0000] {logging_mixin.py:190} INFO - [2025-03-01T14:26:47.443+0000] {dagbag.py:588} INFO - Filling up the DagBag from /home/airflow/.local/lib/python3.12/site-packages/airflow/example_dags/example_skip_dag.py
[2025-03-01T14:26:47.452+0000] {processor.py:925} INFO - DAG(s) 'example_skip_dag' retrieved from /home/airflow/.local/lib/python3.12/site-packages/airflow/example_dags/example_skip_dag.py
[2025-03-01T14:26:47.476+0000] {logging_mixin.py:190} INFO - [2025-03-01T14:26:47.476+0000] {dag.py:3239} INFO - Sync 1 DAGs
[2025-03-01T14:26:47.502+0000] {logging_mixin.py:190} INFO - [2025-03-01T14:26:47.502+0000] {dag.py:4180} INFO - Setting next_dagrun for example_skip_dag to 2025-02-28 00:00:00+00:00, run_after=2025-03-01 00:00:00+00:00
[2025-03-01T14:26:47.517+0000] {processor.py:208} INFO - Processing /home/airflow/.local/lib/python3.12/site-packages/airflow/example_dags/example_skip_dag.py took 0.084 seconds
[2025-03-01T14:27:18.558+0000] {processor.py:186} INFO - Started process (PID=1274) to work on /home/airflow/.local/lib/python3.12/site-packages/airflow/example_dags/example_skip_dag.py
[2025-03-01T14:27:18.558+0000] {processor.py:914} INFO - Processing file /home/airflow/.local/lib/python3.12/site-packages/airflow/example_dags/example_skip_dag.py for tasks to queue
[2025-03-01T14:27:18.561+0000] {logging_mixin.py:190} INFO - [2025-03-01T14:27:18.560+0000] {dagbag.py:588} INFO - Filling up the DagBag from /home/airflow/.local/lib/python3.12/site-packages/airflow/example_dags/example_skip_dag.py
[2025-03-01T14:27:18.569+0000] {processor.py:925} INFO - DAG(s) 'example_skip_dag' retrieved from /home/airflow/.local/lib/python3.12/site-packages/airflow/example_dags/example_skip_dag.py
[2025-03-01T14:27:18.589+0000] {logging_mixin.py:190} INFO - [2025-03-01T14:27:18.589+0000] {dag.py:3239} INFO - Sync 1 DAGs
[2025-03-01T14:27:18.612+0000] {logging_mixin.py:190} INFO - [2025-03-01T14:27:18.612+0000] {dag.py:4180} INFO - Setting next_dagrun for example_skip_dag to 2025-02-28 00:00:00+00:00, run_after=2025-03-01 00:00:00+00:00
[2025-03-01T14:27:18.628+0000] {processor.py:208} INFO - Processing /home/airflow/.local/lib/python3.12/site-packages/airflow/example_dags/example_skip_dag.py took 0.077 seconds
[2025-03-01T14:27:50.023+0000] {processor.py:186} INFO - Started process (PID=1336) to work on /home/airflow/.local/lib/python3.12/site-packages/airflow/example_dags/example_skip_dag.py
[2025-03-01T14:27:50.029+0000] {processor.py:914} INFO - Processing file /home/airflow/.local/lib/python3.12/site-packages/airflow/example_dags/example_skip_dag.py for tasks to queue
[2025-03-01T14:27:50.031+0000] {logging_mixin.py:190} INFO - [2025-03-01T14:27:50.031+0000] {dagbag.py:588} INFO - Filling up the DagBag from /home/airflow/.local/lib/python3.12/site-packages/airflow/example_dags/example_skip_dag.py
[2025-03-01T14:27:50.068+0000] {processor.py:925} INFO - DAG(s) 'example_skip_dag' retrieved from /home/airflow/.local/lib/python3.12/site-packages/airflow/example_dags/example_skip_dag.py
[2025-03-01T14:27:50.111+0000] {logging_mixin.py:190} INFO - [2025-03-01T14:27:50.111+0000] {dag.py:3239} INFO - Sync 1 DAGs
[2025-03-01T14:27:50.137+0000] {logging_mixin.py:190} INFO - [2025-03-01T14:27:50.137+0000] {dag.py:4180} INFO - Setting next_dagrun for example_skip_dag to 2025-02-28 00:00:00+00:00, run_after=2025-03-01 00:00:00+00:00
[2025-03-01T14:27:50.153+0000] {processor.py:208} INFO - Processing /home/airflow/.local/lib/python3.12/site-packages/airflow/example_dags/example_skip_dag.py took 0.142 seconds
[2025-03-01T14:28:21.011+0000] {processor.py:186} INFO - Started process (PID=1395) to work on /home/airflow/.local/lib/python3.12/site-packages/airflow/example_dags/example_skip_dag.py
[2025-03-01T14:28:21.012+0000] {processor.py:914} INFO - Processing file /home/airflow/.local/lib/python3.12/site-packages/airflow/example_dags/example_skip_dag.py for tasks to queue
[2025-03-01T14:28:21.014+0000] {logging_mixin.py:190} INFO - [2025-03-01T14:28:21.014+0000] {dagbag.py:588} INFO - Filling up the DagBag from /home/airflow/.local/lib/python3.12/site-packages/airflow/example_dags/example_skip_dag.py
[2025-03-01T14:28:21.032+0000] {processor.py:925} INFO - DAG(s) 'example_skip_dag' retrieved from /home/airflow/.local/lib/python3.12/site-packages/airflow/example_dags/example_skip_dag.py
[2025-03-01T14:28:21.053+0000] {logging_mixin.py:190} INFO - [2025-03-01T14:28:21.053+0000] {dag.py:3239} INFO - Sync 1 DAGs
[2025-03-01T14:28:21.076+0000] {logging_mixin.py:190} INFO - [2025-03-01T14:28:21.076+0000] {dag.py:4180} INFO - Setting next_dagrun for example_skip_dag to 2025-02-28 00:00:00+00:00, run_after=2025-03-01 00:00:00+00:00
[2025-03-01T14:28:21.093+0000] {processor.py:208} INFO - Processing /home/airflow/.local/lib/python3.12/site-packages/airflow/example_dags/example_skip_dag.py took 0.088 seconds
[2025-03-01T14:28:51.571+0000] {processor.py:186} INFO - Started process (PID=1451) to work on /home/airflow/.local/lib/python3.12/site-packages/airflow/example_dags/example_skip_dag.py
[2025-03-01T14:28:51.572+0000] {processor.py:914} INFO - Processing file /home/airflow/.local/lib/python3.12/site-packages/airflow/example_dags/example_skip_dag.py for tasks to queue
[2025-03-01T14:28:51.574+0000] {logging_mixin.py:190} INFO - [2025-03-01T14:28:51.573+0000] {dagbag.py:588} INFO - Filling up the DagBag from /home/airflow/.local/lib/python3.12/site-packages/airflow/example_dags/example_skip_dag.py
[2025-03-01T14:28:51.582+0000] {processor.py:925} INFO - DAG(s) 'example_skip_dag' retrieved from /home/airflow/.local/lib/python3.12/site-packages/airflow/example_dags/example_skip_dag.py
[2025-03-01T14:28:51.603+0000] {logging_mixin.py:190} INFO - [2025-03-01T14:28:51.603+0000] {dag.py:3239} INFO - Sync 1 DAGs
[2025-03-01T14:28:51.627+0000] {logging_mixin.py:190} INFO - [2025-03-01T14:28:51.627+0000] {dag.py:4180} INFO - Setting next_dagrun for example_skip_dag to 2025-02-28 00:00:00+00:00, run_after=2025-03-01 00:00:00+00:00
[2025-03-01T14:28:51.643+0000] {processor.py:208} INFO - Processing /home/airflow/.local/lib/python3.12/site-packages/airflow/example_dags/example_skip_dag.py took 0.081 seconds
[2025-03-01T14:29:21.933+0000] {processor.py:186} INFO - Started process (PID=1515) to work on /home/airflow/.local/lib/python3.12/site-packages/airflow/example_dags/example_skip_dag.py
[2025-03-01T14:29:21.934+0000] {processor.py:914} INFO - Processing file /home/airflow/.local/lib/python3.12/site-packages/airflow/example_dags/example_skip_dag.py for tasks to queue
[2025-03-01T14:29:21.936+0000] {logging_mixin.py:190} INFO - [2025-03-01T14:29:21.935+0000] {dagbag.py:588} INFO - Filling up the DagBag from /home/airflow/.local/lib/python3.12/site-packages/airflow/example_dags/example_skip_dag.py
[2025-03-01T14:29:21.944+0000] {processor.py:925} INFO - DAG(s) 'example_skip_dag' retrieved from /home/airflow/.local/lib/python3.12/site-packages/airflow/example_dags/example_skip_dag.py
[2025-03-01T14:29:21.969+0000] {logging_mixin.py:190} INFO - [2025-03-01T14:29:21.969+0000] {dag.py:3239} INFO - Sync 1 DAGs
[2025-03-01T14:29:21.993+0000] {logging_mixin.py:190} INFO - [2025-03-01T14:29:21.993+0000] {dag.py:4180} INFO - Setting next_dagrun for example_skip_dag to 2025-02-28 00:00:00+00:00, run_after=2025-03-01 00:00:00+00:00
[2025-03-01T14:29:22.008+0000] {processor.py:208} INFO - Processing /home/airflow/.local/lib/python3.12/site-packages/airflow/example_dags/example_skip_dag.py took 0.081 seconds
[2025-03-01T14:29:52.281+0000] {processor.py:186} INFO - Started process (PID=1578) to work on /home/airflow/.local/lib/python3.12/site-packages/airflow/example_dags/example_skip_dag.py
[2025-03-01T14:29:52.282+0000] {processor.py:914} INFO - Processing file /home/airflow/.local/lib/python3.12/site-packages/airflow/example_dags/example_skip_dag.py for tasks to queue
[2025-03-01T14:29:52.289+0000] {logging_mixin.py:190} INFO - [2025-03-01T14:29:52.289+0000] {dagbag.py:588} INFO - Filling up the DagBag from /home/airflow/.local/lib/python3.12/site-packages/airflow/example_dags/example_skip_dag.py
[2025-03-01T14:29:52.312+0000] {processor.py:925} INFO - DAG(s) 'example_skip_dag' retrieved from /home/airflow/.local/lib/python3.12/site-packages/airflow/example_dags/example_skip_dag.py
[2025-03-01T14:29:52.338+0000] {logging_mixin.py:190} INFO - [2025-03-01T14:29:52.338+0000] {dag.py:3239} INFO - Sync 1 DAGs
[2025-03-01T14:29:52.393+0000] {logging_mixin.py:190} INFO - [2025-03-01T14:29:52.393+0000] {dag.py:4180} INFO - Setting next_dagrun for example_skip_dag to 2025-02-28 00:00:00+00:00, run_after=2025-03-01 00:00:00+00:00
[2025-03-01T14:29:52.430+0000] {processor.py:208} INFO - Processing /home/airflow/.local/lib/python3.12/site-packages/airflow/example_dags/example_skip_dag.py took 0.162 seconds
[2025-03-01T14:30:22.792+0000] {processor.py:186} INFO - Started process (PID=1641) to work on /home/airflow/.local/lib/python3.12/site-packages/airflow/example_dags/example_skip_dag.py
[2025-03-01T14:30:22.793+0000] {processor.py:914} INFO - Processing file /home/airflow/.local/lib/python3.12/site-packages/airflow/example_dags/example_skip_dag.py for tasks to queue
[2025-03-01T14:30:22.795+0000] {logging_mixin.py:190} INFO - [2025-03-01T14:30:22.795+0000] {dagbag.py:588} INFO - Filling up the DagBag from /home/airflow/.local/lib/python3.12/site-packages/airflow/example_dags/example_skip_dag.py
[2025-03-01T14:30:22.810+0000] {processor.py:925} INFO - DAG(s) 'example_skip_dag' retrieved from /home/airflow/.local/lib/python3.12/site-packages/airflow/example_dags/example_skip_dag.py
[2025-03-01T14:30:22.854+0000] {logging_mixin.py:190} INFO - [2025-03-01T14:30:22.853+0000] {dag.py:3239} INFO - Sync 1 DAGs
[2025-03-01T14:30:22.899+0000] {logging_mixin.py:190} INFO - [2025-03-01T14:30:22.898+0000] {dag.py:4180} INFO - Setting next_dagrun for example_skip_dag to 2025-02-28 00:00:00+00:00, run_after=2025-03-01 00:00:00+00:00
[2025-03-01T14:30:22.936+0000] {processor.py:208} INFO - Processing /home/airflow/.local/lib/python3.12/site-packages/airflow/example_dags/example_skip_dag.py took 0.163 seconds
[2025-03-01T14:30:53.782+0000] {processor.py:186} INFO - Started process (PID=1704) to work on /home/airflow/.local/lib/python3.12/site-packages/airflow/example_dags/example_skip_dag.py
[2025-03-01T14:30:53.783+0000] {processor.py:914} INFO - Processing file /home/airflow/.local/lib/python3.12/site-packages/airflow/example_dags/example_skip_dag.py for tasks to queue
[2025-03-01T14:30:53.785+0000] {logging_mixin.py:190} INFO - [2025-03-01T14:30:53.785+0000] {dagbag.py:588} INFO - Filling up the DagBag from /home/airflow/.local/lib/python3.12/site-packages/airflow/example_dags/example_skip_dag.py
[2025-03-01T14:30:53.793+0000] {processor.py:925} INFO - DAG(s) 'example_skip_dag' retrieved from /home/airflow/.local/lib/python3.12/site-packages/airflow/example_dags/example_skip_dag.py
[2025-03-01T14:30:53.817+0000] {logging_mixin.py:190} INFO - [2025-03-01T14:30:53.817+0000] {dag.py:3239} INFO - Sync 1 DAGs
[2025-03-01T14:30:53.843+0000] {logging_mixin.py:190} INFO - [2025-03-01T14:30:53.842+0000] {dag.py:4180} INFO - Setting next_dagrun for example_skip_dag to 2025-02-28 00:00:00+00:00, run_after=2025-03-01 00:00:00+00:00
[2025-03-01T14:30:53.858+0000] {processor.py:208} INFO - Processing /home/airflow/.local/lib/python3.12/site-packages/airflow/example_dags/example_skip_dag.py took 0.081 seconds
[2025-03-01T14:31:24.169+0000] {processor.py:186} INFO - Started process (PID=1768) to work on /home/airflow/.local/lib/python3.12/site-packages/airflow/example_dags/example_skip_dag.py
[2025-03-01T14:31:24.169+0000] {processor.py:914} INFO - Processing file /home/airflow/.local/lib/python3.12/site-packages/airflow/example_dags/example_skip_dag.py for tasks to queue
[2025-03-01T14:31:24.178+0000] {logging_mixin.py:190} INFO - [2025-03-01T14:31:24.177+0000] {dagbag.py:588} INFO - Filling up the DagBag from /home/airflow/.local/lib/python3.12/site-packages/airflow/example_dags/example_skip_dag.py
[2025-03-01T14:31:24.189+0000] {processor.py:925} INFO - DAG(s) 'example_skip_dag' retrieved from /home/airflow/.local/lib/python3.12/site-packages/airflow/example_dags/example_skip_dag.py
[2025-03-01T14:31:24.230+0000] {logging_mixin.py:190} INFO - [2025-03-01T14:31:24.229+0000] {dag.py:3239} INFO - Sync 1 DAGs
[2025-03-01T14:31:24.255+0000] {logging_mixin.py:190} INFO - [2025-03-01T14:31:24.254+0000] {dag.py:4180} INFO - Setting next_dagrun for example_skip_dag to 2025-02-28 00:00:00+00:00, run_after=2025-03-01 00:00:00+00:00
[2025-03-01T14:31:24.279+0000] {processor.py:208} INFO - Processing /home/airflow/.local/lib/python3.12/site-packages/airflow/example_dags/example_skip_dag.py took 0.118 seconds
[2025-03-01T14:31:54.565+0000] {processor.py:186} INFO - Started process (PID=1831) to work on /home/airflow/.local/lib/python3.12/site-packages/airflow/example_dags/example_skip_dag.py
[2025-03-01T14:31:54.569+0000] {processor.py:914} INFO - Processing file /home/airflow/.local/lib/python3.12/site-packages/airflow/example_dags/example_skip_dag.py for tasks to queue
[2025-03-01T14:31:54.571+0000] {logging_mixin.py:190} INFO - [2025-03-01T14:31:54.571+0000] {dagbag.py:588} INFO - Filling up the DagBag from /home/airflow/.local/lib/python3.12/site-packages/airflow/example_dags/example_skip_dag.py
[2025-03-01T14:31:54.595+0000] {processor.py:925} INFO - DAG(s) 'example_skip_dag' retrieved from /home/airflow/.local/lib/python3.12/site-packages/airflow/example_dags/example_skip_dag.py
[2025-03-01T14:31:54.643+0000] {logging_mixin.py:190} INFO - [2025-03-01T14:31:54.642+0000] {dag.py:3239} INFO - Sync 1 DAGs
[2025-03-01T14:31:54.668+0000] {logging_mixin.py:190} INFO - [2025-03-01T14:31:54.668+0000] {dag.py:4180} INFO - Setting next_dagrun for example_skip_dag to 2025-02-28 00:00:00+00:00, run_after=2025-03-01 00:00:00+00:00
[2025-03-01T14:31:54.691+0000] {processor.py:208} INFO - Processing /home/airflow/.local/lib/python3.12/site-packages/airflow/example_dags/example_skip_dag.py took 0.136 seconds
[2025-03-01T14:32:25.059+0000] {processor.py:186} INFO - Started process (PID=1894) to work on /home/airflow/.local/lib/python3.12/site-packages/airflow/example_dags/example_skip_dag.py
[2025-03-01T14:32:25.060+0000] {processor.py:914} INFO - Processing file /home/airflow/.local/lib/python3.12/site-packages/airflow/example_dags/example_skip_dag.py for tasks to queue
[2025-03-01T14:32:25.062+0000] {logging_mixin.py:190} INFO - [2025-03-01T14:32:25.062+0000] {dagbag.py:588} INFO - Filling up the DagBag from /home/airflow/.local/lib/python3.12/site-packages/airflow/example_dags/example_skip_dag.py
[2025-03-01T14:32:25.070+0000] {processor.py:925} INFO - DAG(s) 'example_skip_dag' retrieved from /home/airflow/.local/lib/python3.12/site-packages/airflow/example_dags/example_skip_dag.py
[2025-03-01T14:32:25.092+0000] {logging_mixin.py:190} INFO - [2025-03-01T14:32:25.091+0000] {dag.py:3239} INFO - Sync 1 DAGs
[2025-03-01T14:32:25.119+0000] {logging_mixin.py:190} INFO - [2025-03-01T14:32:25.119+0000] {dag.py:4180} INFO - Setting next_dagrun for example_skip_dag to 2025-02-28 00:00:00+00:00, run_after=2025-03-01 00:00:00+00:00
[2025-03-01T14:32:25.134+0000] {processor.py:208} INFO - Processing /home/airflow/.local/lib/python3.12/site-packages/airflow/example_dags/example_skip_dag.py took 0.081 seconds
[2025-03-01T14:32:55.453+0000] {processor.py:186} INFO - Started process (PID=1957) to work on /home/airflow/.local/lib/python3.12/site-packages/airflow/example_dags/example_skip_dag.py
[2025-03-01T14:32:55.454+0000] {processor.py:914} INFO - Processing file /home/airflow/.local/lib/python3.12/site-packages/airflow/example_dags/example_skip_dag.py for tasks to queue
[2025-03-01T14:32:55.456+0000] {logging_mixin.py:190} INFO - [2025-03-01T14:32:55.456+0000] {dagbag.py:588} INFO - Filling up the DagBag from /home/airflow/.local/lib/python3.12/site-packages/airflow/example_dags/example_skip_dag.py
[2025-03-01T14:32:55.464+0000] {processor.py:925} INFO - DAG(s) 'example_skip_dag' retrieved from /home/airflow/.local/lib/python3.12/site-packages/airflow/example_dags/example_skip_dag.py
[2025-03-01T14:32:55.486+0000] {logging_mixin.py:190} INFO - [2025-03-01T14:32:55.486+0000] {dag.py:3239} INFO - Sync 1 DAGs
[2025-03-01T14:32:55.510+0000] {logging_mixin.py:190} INFO - [2025-03-01T14:32:55.510+0000] {dag.py:4180} INFO - Setting next_dagrun for example_skip_dag to 2025-02-28 00:00:00+00:00, run_after=2025-03-01 00:00:00+00:00
[2025-03-01T14:32:55.525+0000] {processor.py:208} INFO - Processing /home/airflow/.local/lib/python3.12/site-packages/airflow/example_dags/example_skip_dag.py took 0.078 seconds
[2025-03-01T14:33:25.670+0000] {processor.py:186} INFO - Started process (PID=2020) to work on /home/airflow/.local/lib/python3.12/site-packages/airflow/example_dags/example_skip_dag.py
[2025-03-01T14:33:25.671+0000] {processor.py:914} INFO - Processing file /home/airflow/.local/lib/python3.12/site-packages/airflow/example_dags/example_skip_dag.py for tasks to queue
[2025-03-01T14:33:25.673+0000] {logging_mixin.py:190} INFO - [2025-03-01T14:33:25.673+0000] {dagbag.py:588} INFO - Filling up the DagBag from /home/airflow/.local/lib/python3.12/site-packages/airflow/example_dags/example_skip_dag.py
[2025-03-01T14:33:25.681+0000] {processor.py:925} INFO - DAG(s) 'example_skip_dag' retrieved from /home/airflow/.local/lib/python3.12/site-packages/airflow/example_dags/example_skip_dag.py
[2025-03-01T14:33:25.703+0000] {logging_mixin.py:190} INFO - [2025-03-01T14:33:25.703+0000] {dag.py:3239} INFO - Sync 1 DAGs
[2025-03-01T14:33:25.738+0000] {logging_mixin.py:190} INFO - [2025-03-01T14:33:25.738+0000] {dag.py:4180} INFO - Setting next_dagrun for example_skip_dag to 2025-02-28 00:00:00+00:00, run_after=2025-03-01 00:00:00+00:00
[2025-03-01T14:33:25.758+0000] {processor.py:208} INFO - Processing /home/airflow/.local/lib/python3.12/site-packages/airflow/example_dags/example_skip_dag.py took 0.093 seconds
[2025-03-01T14:33:56.169+0000] {processor.py:186} INFO - Started process (PID=2083) to work on /home/airflow/.local/lib/python3.12/site-packages/airflow/example_dags/example_skip_dag.py
[2025-03-01T14:33:56.170+0000] {processor.py:914} INFO - Processing file /home/airflow/.local/lib/python3.12/site-packages/airflow/example_dags/example_skip_dag.py for tasks to queue
[2025-03-01T14:33:56.173+0000] {logging_mixin.py:190} INFO - [2025-03-01T14:33:56.172+0000] {dagbag.py:588} INFO - Filling up the DagBag from /home/airflow/.local/lib/python3.12/site-packages/airflow/example_dags/example_skip_dag.py
[2025-03-01T14:33:56.181+0000] {processor.py:925} INFO - DAG(s) 'example_skip_dag' retrieved from /home/airflow/.local/lib/python3.12/site-packages/airflow/example_dags/example_skip_dag.py
[2025-03-01T14:33:56.202+0000] {logging_mixin.py:190} INFO - [2025-03-01T14:33:56.202+0000] {dag.py:3239} INFO - Sync 1 DAGs
[2025-03-01T14:33:56.228+0000] {logging_mixin.py:190} INFO - [2025-03-01T14:33:56.228+0000] {dag.py:4180} INFO - Setting next_dagrun for example_skip_dag to 2025-02-28 00:00:00+00:00, run_after=2025-03-01 00:00:00+00:00
[2025-03-01T14:33:56.244+0000] {processor.py:208} INFO - Processing /home/airflow/.local/lib/python3.12/site-packages/airflow/example_dags/example_skip_dag.py took 0.079 seconds
[2025-03-01T14:34:26.305+0000] {processor.py:186} INFO - Started process (PID=2145) to work on /home/airflow/.local/lib/python3.12/site-packages/airflow/example_dags/example_skip_dag.py
[2025-03-01T14:34:26.306+0000] {processor.py:914} INFO - Processing file /home/airflow/.local/lib/python3.12/site-packages/airflow/example_dags/example_skip_dag.py for tasks to queue
[2025-03-01T14:34:26.308+0000] {logging_mixin.py:190} INFO - [2025-03-01T14:34:26.307+0000] {dagbag.py:588} INFO - Filling up the DagBag from /home/airflow/.local/lib/python3.12/site-packages/airflow/example_dags/example_skip_dag.py
[2025-03-01T14:34:26.316+0000] {processor.py:925} INFO - DAG(s) 'example_skip_dag' retrieved from /home/airflow/.local/lib/python3.12/site-packages/airflow/example_dags/example_skip_dag.py
[2025-03-01T14:34:26.339+0000] {logging_mixin.py:190} INFO - [2025-03-01T14:34:26.339+0000] {dag.py:3239} INFO - Sync 1 DAGs
[2025-03-01T14:34:26.364+0000] {logging_mixin.py:190} INFO - [2025-03-01T14:34:26.363+0000] {dag.py:4180} INFO - Setting next_dagrun for example_skip_dag to 2025-02-28 00:00:00+00:00, run_after=2025-03-01 00:00:00+00:00
[2025-03-01T14:34:26.379+0000] {processor.py:208} INFO - Processing /home/airflow/.local/lib/python3.12/site-packages/airflow/example_dags/example_skip_dag.py took 0.079 seconds
[2025-03-01T14:34:56.835+0000] {processor.py:186} INFO - Started process (PID=2208) to work on /home/airflow/.local/lib/python3.12/site-packages/airflow/example_dags/example_skip_dag.py
[2025-03-01T14:34:56.836+0000] {processor.py:914} INFO - Processing file /home/airflow/.local/lib/python3.12/site-packages/airflow/example_dags/example_skip_dag.py for tasks to queue
[2025-03-01T14:34:56.838+0000] {logging_mixin.py:190} INFO - [2025-03-01T14:34:56.838+0000] {dagbag.py:588} INFO - Filling up the DagBag from /home/airflow/.local/lib/python3.12/site-packages/airflow/example_dags/example_skip_dag.py
[2025-03-01T14:34:56.846+0000] {processor.py:925} INFO - DAG(s) 'example_skip_dag' retrieved from /home/airflow/.local/lib/python3.12/site-packages/airflow/example_dags/example_skip_dag.py
[2025-03-01T14:34:56.868+0000] {logging_mixin.py:190} INFO - [2025-03-01T14:34:56.868+0000] {dag.py:3239} INFO - Sync 1 DAGs
[2025-03-01T14:34:56.894+0000] {logging_mixin.py:190} INFO - [2025-03-01T14:34:56.893+0000] {dag.py:4180} INFO - Setting next_dagrun for example_skip_dag to 2025-02-28 00:00:00+00:00, run_after=2025-03-01 00:00:00+00:00
[2025-03-01T14:34:56.909+0000] {processor.py:208} INFO - Processing /home/airflow/.local/lib/python3.12/site-packages/airflow/example_dags/example_skip_dag.py took 0.080 seconds
[2025-03-01T14:35:27.115+0000] {processor.py:186} INFO - Started process (PID=2271) to work on /home/airflow/.local/lib/python3.12/site-packages/airflow/example_dags/example_skip_dag.py
[2025-03-01T14:35:27.116+0000] {processor.py:914} INFO - Processing file /home/airflow/.local/lib/python3.12/site-packages/airflow/example_dags/example_skip_dag.py for tasks to queue
[2025-03-01T14:35:27.118+0000] {logging_mixin.py:190} INFO - [2025-03-01T14:35:27.118+0000] {dagbag.py:588} INFO - Filling up the DagBag from /home/airflow/.local/lib/python3.12/site-packages/airflow/example_dags/example_skip_dag.py
[2025-03-01T14:35:27.126+0000] {processor.py:925} INFO - DAG(s) 'example_skip_dag' retrieved from /home/airflow/.local/lib/python3.12/site-packages/airflow/example_dags/example_skip_dag.py
[2025-03-01T14:35:27.149+0000] {logging_mixin.py:190} INFO - [2025-03-01T14:35:27.148+0000] {dag.py:3239} INFO - Sync 1 DAGs
[2025-03-01T14:35:27.173+0000] {logging_mixin.py:190} INFO - [2025-03-01T14:35:27.172+0000] {dag.py:4180} INFO - Setting next_dagrun for example_skip_dag to 2025-02-28 00:00:00+00:00, run_after=2025-03-01 00:00:00+00:00
[2025-03-01T14:35:27.188+0000] {processor.py:208} INFO - Processing /home/airflow/.local/lib/python3.12/site-packages/airflow/example_dags/example_skip_dag.py took 0.078 seconds
[2025-03-01T14:35:57.672+0000] {processor.py:186} INFO - Started process (PID=2334) to work on /home/airflow/.local/lib/python3.12/site-packages/airflow/example_dags/example_skip_dag.py
[2025-03-01T14:35:57.673+0000] {processor.py:914} INFO - Processing file /home/airflow/.local/lib/python3.12/site-packages/airflow/example_dags/example_skip_dag.py for tasks to queue
[2025-03-01T14:35:57.675+0000] {logging_mixin.py:190} INFO - [2025-03-01T14:35:57.675+0000] {dagbag.py:588} INFO - Filling up the DagBag from /home/airflow/.local/lib/python3.12/site-packages/airflow/example_dags/example_skip_dag.py
[2025-03-01T14:35:57.684+0000] {processor.py:925} INFO - DAG(s) 'example_skip_dag' retrieved from /home/airflow/.local/lib/python3.12/site-packages/airflow/example_dags/example_skip_dag.py
[2025-03-01T14:35:57.706+0000] {logging_mixin.py:190} INFO - [2025-03-01T14:35:57.706+0000] {dag.py:3239} INFO - Sync 1 DAGs
[2025-03-01T14:35:57.729+0000] {logging_mixin.py:190} INFO - [2025-03-01T14:35:57.729+0000] {dag.py:4180} INFO - Setting next_dagrun for example_skip_dag to 2025-02-28 00:00:00+00:00, run_after=2025-03-01 00:00:00+00:00
[2025-03-01T14:35:57.781+0000] {processor.py:208} INFO - Processing /home/airflow/.local/lib/python3.12/site-packages/airflow/example_dags/example_skip_dag.py took 0.117 seconds
[2025-03-01T14:36:28.046+0000] {processor.py:186} INFO - Started process (PID=2397) to work on /home/airflow/.local/lib/python3.12/site-packages/airflow/example_dags/example_skip_dag.py
[2025-03-01T14:36:28.047+0000] {processor.py:914} INFO - Processing file /home/airflow/.local/lib/python3.12/site-packages/airflow/example_dags/example_skip_dag.py for tasks to queue
[2025-03-01T14:36:28.049+0000] {logging_mixin.py:190} INFO - [2025-03-01T14:36:28.049+0000] {dagbag.py:588} INFO - Filling up the DagBag from /home/airflow/.local/lib/python3.12/site-packages/airflow/example_dags/example_skip_dag.py
[2025-03-01T14:36:28.058+0000] {processor.py:925} INFO - DAG(s) 'example_skip_dag' retrieved from /home/airflow/.local/lib/python3.12/site-packages/airflow/example_dags/example_skip_dag.py
[2025-03-01T14:36:28.081+0000] {logging_mixin.py:190} INFO - [2025-03-01T14:36:28.080+0000] {dag.py:3239} INFO - Sync 1 DAGs
[2025-03-01T14:36:28.105+0000] {logging_mixin.py:190} INFO - [2025-03-01T14:36:28.105+0000] {dag.py:4180} INFO - Setting next_dagrun for example_skip_dag to 2025-02-28 00:00:00+00:00, run_after=2025-03-01 00:00:00+00:00
[2025-03-01T14:36:28.121+0000] {processor.py:208} INFO - Processing /home/airflow/.local/lib/python3.12/site-packages/airflow/example_dags/example_skip_dag.py took 0.080 seconds
[2025-03-01T14:36:58.546+0000] {processor.py:186} INFO - Started process (PID=2461) to work on /home/airflow/.local/lib/python3.12/site-packages/airflow/example_dags/example_skip_dag.py
[2025-03-01T14:36:58.547+0000] {processor.py:914} INFO - Processing file /home/airflow/.local/lib/python3.12/site-packages/airflow/example_dags/example_skip_dag.py for tasks to queue
[2025-03-01T14:36:58.552+0000] {logging_mixin.py:190} INFO - [2025-03-01T14:36:58.551+0000] {dagbag.py:588} INFO - Filling up the DagBag from /home/airflow/.local/lib/python3.12/site-packages/airflow/example_dags/example_skip_dag.py
[2025-03-01T14:36:58.560+0000] {processor.py:925} INFO - DAG(s) 'example_skip_dag' retrieved from /home/airflow/.local/lib/python3.12/site-packages/airflow/example_dags/example_skip_dag.py
[2025-03-01T14:36:58.581+0000] {logging_mixin.py:190} INFO - [2025-03-01T14:36:58.581+0000] {dag.py:3239} INFO - Sync 1 DAGs
[2025-03-01T14:36:58.605+0000] {logging_mixin.py:190} INFO - [2025-03-01T14:36:58.605+0000] {dag.py:4180} INFO - Setting next_dagrun for example_skip_dag to 2025-02-28 00:00:00+00:00, run_after=2025-03-01 00:00:00+00:00
[2025-03-01T14:36:58.620+0000] {processor.py:208} INFO - Processing /home/airflow/.local/lib/python3.12/site-packages/airflow/example_dags/example_skip_dag.py took 0.081 seconds
[2025-03-01T14:37:29.260+0000] {processor.py:186} INFO - Started process (PID=2523) to work on /home/airflow/.local/lib/python3.12/site-packages/airflow/example_dags/example_skip_dag.py
[2025-03-01T14:37:29.261+0000] {processor.py:914} INFO - Processing file /home/airflow/.local/lib/python3.12/site-packages/airflow/example_dags/example_skip_dag.py for tasks to queue
[2025-03-01T14:37:29.263+0000] {logging_mixin.py:190} INFO - [2025-03-01T14:37:29.263+0000] {dagbag.py:588} INFO - Filling up the DagBag from /home/airflow/.local/lib/python3.12/site-packages/airflow/example_dags/example_skip_dag.py
[2025-03-01T14:37:29.270+0000] {processor.py:925} INFO - DAG(s) 'example_skip_dag' retrieved from /home/airflow/.local/lib/python3.12/site-packages/airflow/example_dags/example_skip_dag.py
[2025-03-01T14:37:29.294+0000] {logging_mixin.py:190} INFO - [2025-03-01T14:37:29.293+0000] {dag.py:3239} INFO - Sync 1 DAGs
[2025-03-01T14:37:29.316+0000] {logging_mixin.py:190} INFO - [2025-03-01T14:37:29.316+0000] {dag.py:4180} INFO - Setting next_dagrun for example_skip_dag to 2025-02-28 00:00:00+00:00, run_after=2025-03-01 00:00:00+00:00
[2025-03-01T14:37:29.332+0000] {processor.py:208} INFO - Processing /home/airflow/.local/lib/python3.12/site-packages/airflow/example_dags/example_skip_dag.py took 0.077 seconds
[2025-03-01T14:37:59.497+0000] {processor.py:186} INFO - Started process (PID=2586) to work on /home/airflow/.local/lib/python3.12/site-packages/airflow/example_dags/example_skip_dag.py
[2025-03-01T14:37:59.498+0000] {processor.py:914} INFO - Processing file /home/airflow/.local/lib/python3.12/site-packages/airflow/example_dags/example_skip_dag.py for tasks to queue
[2025-03-01T14:37:59.500+0000] {logging_mixin.py:190} INFO - [2025-03-01T14:37:59.500+0000] {dagbag.py:588} INFO - Filling up the DagBag from /home/airflow/.local/lib/python3.12/site-packages/airflow/example_dags/example_skip_dag.py
[2025-03-01T14:37:59.508+0000] {processor.py:925} INFO - DAG(s) 'example_skip_dag' retrieved from /home/airflow/.local/lib/python3.12/site-packages/airflow/example_dags/example_skip_dag.py
[2025-03-01T14:37:59.531+0000] {logging_mixin.py:190} INFO - [2025-03-01T14:37:59.531+0000] {dag.py:3239} INFO - Sync 1 DAGs
[2025-03-01T14:37:59.555+0000] {logging_mixin.py:190} INFO - [2025-03-01T14:37:59.555+0000] {dag.py:4180} INFO - Setting next_dagrun for example_skip_dag to 2025-02-28 00:00:00+00:00, run_after=2025-03-01 00:00:00+00:00
[2025-03-01T14:37:59.571+0000] {processor.py:208} INFO - Processing /home/airflow/.local/lib/python3.12/site-packages/airflow/example_dags/example_skip_dag.py took 0.079 seconds
[2025-03-01T14:38:29.900+0000] {processor.py:186} INFO - Started process (PID=2649) to work on /home/airflow/.local/lib/python3.12/site-packages/airflow/example_dags/example_skip_dag.py
[2025-03-01T14:38:29.913+0000] {processor.py:914} INFO - Processing file /home/airflow/.local/lib/python3.12/site-packages/airflow/example_dags/example_skip_dag.py for tasks to queue
[2025-03-01T14:38:29.916+0000] {logging_mixin.py:190} INFO - [2025-03-01T14:38:29.916+0000] {dagbag.py:588} INFO - Filling up the DagBag from /home/airflow/.local/lib/python3.12/site-packages/airflow/example_dags/example_skip_dag.py
[2025-03-01T14:38:29.939+0000] {processor.py:925} INFO - DAG(s) 'example_skip_dag' retrieved from /home/airflow/.local/lib/python3.12/site-packages/airflow/example_dags/example_skip_dag.py
[2025-03-01T14:38:29.975+0000] {logging_mixin.py:190} INFO - [2025-03-01T14:38:29.975+0000] {dag.py:3239} INFO - Sync 1 DAGs
[2025-03-01T14:38:30.054+0000] {logging_mixin.py:190} INFO - [2025-03-01T14:38:30.054+0000] {dag.py:4180} INFO - Setting next_dagrun for example_skip_dag to 2025-02-28 00:00:00+00:00, run_after=2025-03-01 00:00:00+00:00
[2025-03-01T14:38:30.082+0000] {processor.py:208} INFO - Processing /home/airflow/.local/lib/python3.12/site-packages/airflow/example_dags/example_skip_dag.py took 0.188 seconds
[2025-03-01T14:39:00.480+0000] {processor.py:186} INFO - Started process (PID=2712) to work on /home/airflow/.local/lib/python3.12/site-packages/airflow/example_dags/example_skip_dag.py
[2025-03-01T14:39:00.480+0000] {processor.py:914} INFO - Processing file /home/airflow/.local/lib/python3.12/site-packages/airflow/example_dags/example_skip_dag.py for tasks to queue
[2025-03-01T14:39:00.482+0000] {logging_mixin.py:190} INFO - [2025-03-01T14:39:00.482+0000] {dagbag.py:588} INFO - Filling up the DagBag from /home/airflow/.local/lib/python3.12/site-packages/airflow/example_dags/example_skip_dag.py
[2025-03-01T14:39:00.490+0000] {processor.py:925} INFO - DAG(s) 'example_skip_dag' retrieved from /home/airflow/.local/lib/python3.12/site-packages/airflow/example_dags/example_skip_dag.py
[2025-03-01T14:39:00.519+0000] {logging_mixin.py:190} INFO - [2025-03-01T14:39:00.519+0000] {dag.py:3239} INFO - Sync 1 DAGs
[2025-03-01T14:39:00.559+0000] {logging_mixin.py:190} INFO - [2025-03-01T14:39:00.559+0000] {dag.py:4180} INFO - Setting next_dagrun for example_skip_dag to 2025-02-28 00:00:00+00:00, run_after=2025-03-01 00:00:00+00:00
[2025-03-01T14:39:00.576+0000] {processor.py:208} INFO - Processing /home/airflow/.local/lib/python3.12/site-packages/airflow/example_dags/example_skip_dag.py took 0.101 seconds
[2025-03-01T14:39:30.904+0000] {processor.py:186} INFO - Started process (PID=2776) to work on /home/airflow/.local/lib/python3.12/site-packages/airflow/example_dags/example_skip_dag.py
[2025-03-01T14:39:30.907+0000] {processor.py:914} INFO - Processing file /home/airflow/.local/lib/python3.12/site-packages/airflow/example_dags/example_skip_dag.py for tasks to queue
[2025-03-01T14:39:30.911+0000] {logging_mixin.py:190} INFO - [2025-03-01T14:39:30.910+0000] {dagbag.py:588} INFO - Filling up the DagBag from /home/airflow/.local/lib/python3.12/site-packages/airflow/example_dags/example_skip_dag.py
[2025-03-01T14:39:30.921+0000] {processor.py:925} INFO - DAG(s) 'example_skip_dag' retrieved from /home/airflow/.local/lib/python3.12/site-packages/airflow/example_dags/example_skip_dag.py
[2025-03-01T14:39:30.943+0000] {logging_mixin.py:190} INFO - [2025-03-01T14:39:30.943+0000] {dag.py:3239} INFO - Sync 1 DAGs
[2025-03-01T14:39:30.966+0000] {logging_mixin.py:190} INFO - [2025-03-01T14:39:30.966+0000] {dag.py:4180} INFO - Setting next_dagrun for example_skip_dag to 2025-02-28 00:00:00+00:00, run_after=2025-03-01 00:00:00+00:00
[2025-03-01T14:39:30.983+0000] {processor.py:208} INFO - Processing /home/airflow/.local/lib/python3.12/site-packages/airflow/example_dags/example_skip_dag.py took 0.084 seconds
[2025-03-01T14:40:01.876+0000] {processor.py:186} INFO - Started process (PID=2839) to work on /home/airflow/.local/lib/python3.12/site-packages/airflow/example_dags/example_skip_dag.py
[2025-03-01T14:40:01.877+0000] {processor.py:914} INFO - Processing file /home/airflow/.local/lib/python3.12/site-packages/airflow/example_dags/example_skip_dag.py for tasks to queue
[2025-03-01T14:40:01.879+0000] {logging_mixin.py:190} INFO - [2025-03-01T14:40:01.879+0000] {dagbag.py:588} INFO - Filling up the DagBag from /home/airflow/.local/lib/python3.12/site-packages/airflow/example_dags/example_skip_dag.py
[2025-03-01T14:40:01.897+0000] {processor.py:925} INFO - DAG(s) 'example_skip_dag' retrieved from /home/airflow/.local/lib/python3.12/site-packages/airflow/example_dags/example_skip_dag.py
[2025-03-01T14:40:01.919+0000] {logging_mixin.py:190} INFO - [2025-03-01T14:40:01.919+0000] {dag.py:3239} INFO - Sync 1 DAGs
[2025-03-01T14:40:01.942+0000] {logging_mixin.py:190} INFO - [2025-03-01T14:40:01.941+0000] {dag.py:4180} INFO - Setting next_dagrun for example_skip_dag to 2025-02-28 00:00:00+00:00, run_after=2025-03-01 00:00:00+00:00
[2025-03-01T14:40:01.958+0000] {processor.py:208} INFO - Processing /home/airflow/.local/lib/python3.12/site-packages/airflow/example_dags/example_skip_dag.py took 0.087 seconds
[2025-03-01T14:40:32.178+0000] {processor.py:186} INFO - Started process (PID=2903) to work on /home/airflow/.local/lib/python3.12/site-packages/airflow/example_dags/example_skip_dag.py
[2025-03-01T14:40:32.179+0000] {processor.py:914} INFO - Processing file /home/airflow/.local/lib/python3.12/site-packages/airflow/example_dags/example_skip_dag.py for tasks to queue
[2025-03-01T14:40:32.181+0000] {logging_mixin.py:190} INFO - [2025-03-01T14:40:32.181+0000] {dagbag.py:588} INFO - Filling up the DagBag from /home/airflow/.local/lib/python3.12/site-packages/airflow/example_dags/example_skip_dag.py
[2025-03-01T14:40:32.189+0000] {processor.py:925} INFO - DAG(s) 'example_skip_dag' retrieved from /home/airflow/.local/lib/python3.12/site-packages/airflow/example_dags/example_skip_dag.py
[2025-03-01T14:40:32.214+0000] {logging_mixin.py:190} INFO - [2025-03-01T14:40:32.214+0000] {dag.py:3239} INFO - Sync 1 DAGs
[2025-03-01T14:40:32.239+0000] {logging_mixin.py:190} INFO - [2025-03-01T14:40:32.238+0000] {dag.py:4180} INFO - Setting next_dagrun for example_skip_dag to 2025-02-28 00:00:00+00:00, run_after=2025-03-01 00:00:00+00:00
[2025-03-01T14:40:32.254+0000] {processor.py:208} INFO - Processing /home/airflow/.local/lib/python3.12/site-packages/airflow/example_dags/example_skip_dag.py took 0.081 seconds
[2025-03-01T14:41:02.323+0000] {processor.py:186} INFO - Started process (PID=2967) to work on /home/airflow/.local/lib/python3.12/site-packages/airflow/example_dags/example_skip_dag.py
[2025-03-01T14:41:02.324+0000] {processor.py:914} INFO - Processing file /home/airflow/.local/lib/python3.12/site-packages/airflow/example_dags/example_skip_dag.py for tasks to queue
[2025-03-01T14:41:02.326+0000] {logging_mixin.py:190} INFO - [2025-03-01T14:41:02.325+0000] {dagbag.py:588} INFO - Filling up the DagBag from /home/airflow/.local/lib/python3.12/site-packages/airflow/example_dags/example_skip_dag.py
[2025-03-01T14:41:02.334+0000] {processor.py:925} INFO - DAG(s) 'example_skip_dag' retrieved from /home/airflow/.local/lib/python3.12/site-packages/airflow/example_dags/example_skip_dag.py
[2025-03-01T14:41:02.353+0000] {logging_mixin.py:190} INFO - [2025-03-01T14:41:02.353+0000] {dag.py:3239} INFO - Sync 1 DAGs
[2025-03-01T14:41:02.370+0000] {logging_mixin.py:190} INFO - [2025-03-01T14:41:02.370+0000] {dag.py:4180} INFO - Setting next_dagrun for example_skip_dag to 2025-02-28 00:00:00+00:00, run_after=2025-03-01 00:00:00+00:00
[2025-03-01T14:41:02.382+0000] {processor.py:208} INFO - Processing /home/airflow/.local/lib/python3.12/site-packages/airflow/example_dags/example_skip_dag.py took 0.065 seconds
[2025-03-01T14:41:32.976+0000] {processor.py:186} INFO - Started process (PID=3035) to work on /home/airflow/.local/lib/python3.12/site-packages/airflow/example_dags/example_skip_dag.py
[2025-03-01T14:41:32.981+0000] {processor.py:914} INFO - Processing file /home/airflow/.local/lib/python3.12/site-packages/airflow/example_dags/example_skip_dag.py for tasks to queue
[2025-03-01T14:41:32.986+0000] {logging_mixin.py:190} INFO - [2025-03-01T14:41:32.985+0000] {dagbag.py:588} INFO - Filling up the DagBag from /home/airflow/.local/lib/python3.12/site-packages/airflow/example_dags/example_skip_dag.py
[2025-03-01T14:41:32.993+0000] {processor.py:925} INFO - DAG(s) 'example_skip_dag' retrieved from /home/airflow/.local/lib/python3.12/site-packages/airflow/example_dags/example_skip_dag.py
[2025-03-01T14:41:33.029+0000] {logging_mixin.py:190} INFO - [2025-03-01T14:41:33.028+0000] {dag.py:3239} INFO - Sync 1 DAGs
[2025-03-01T14:41:33.079+0000] {logging_mixin.py:190} INFO - [2025-03-01T14:41:33.079+0000] {dag.py:4180} INFO - Setting next_dagrun for example_skip_dag to 2025-02-28 00:00:00+00:00, run_after=2025-03-01 00:00:00+00:00
[2025-03-01T14:41:33.114+0000] {processor.py:208} INFO - Processing /home/airflow/.local/lib/python3.12/site-packages/airflow/example_dags/example_skip_dag.py took 0.145 seconds
[2025-03-01T14:42:03.204+0000] {processor.py:186} INFO - Started process (PID=3098) to work on /home/airflow/.local/lib/python3.12/site-packages/airflow/example_dags/example_skip_dag.py
[2025-03-01T14:42:03.205+0000] {processor.py:914} INFO - Processing file /home/airflow/.local/lib/python3.12/site-packages/airflow/example_dags/example_skip_dag.py for tasks to queue
[2025-03-01T14:42:03.208+0000] {logging_mixin.py:190} INFO - [2025-03-01T14:42:03.207+0000] {dagbag.py:588} INFO - Filling up the DagBag from /home/airflow/.local/lib/python3.12/site-packages/airflow/example_dags/example_skip_dag.py
[2025-03-01T14:42:03.216+0000] {processor.py:925} INFO - DAG(s) 'example_skip_dag' retrieved from /home/airflow/.local/lib/python3.12/site-packages/airflow/example_dags/example_skip_dag.py
[2025-03-01T14:42:03.238+0000] {logging_mixin.py:190} INFO - [2025-03-01T14:42:03.237+0000] {dag.py:3239} INFO - Sync 1 DAGs
[2025-03-01T14:42:03.264+0000] {logging_mixin.py:190} INFO - [2025-03-01T14:42:03.264+0000] {dag.py:4180} INFO - Setting next_dagrun for example_skip_dag to 2025-02-28 00:00:00+00:00, run_after=2025-03-01 00:00:00+00:00
[2025-03-01T14:42:03.280+0000] {processor.py:208} INFO - Processing /home/airflow/.local/lib/python3.12/site-packages/airflow/example_dags/example_skip_dag.py took 0.081 seconds
[2025-03-01T14:42:33.588+0000] {processor.py:186} INFO - Started process (PID=3152) to work on /home/airflow/.local/lib/python3.12/site-packages/airflow/example_dags/example_skip_dag.py
[2025-03-01T14:42:33.589+0000] {processor.py:914} INFO - Processing file /home/airflow/.local/lib/python3.12/site-packages/airflow/example_dags/example_skip_dag.py for tasks to queue
[2025-03-01T14:42:33.591+0000] {logging_mixin.py:190} INFO - [2025-03-01T14:42:33.590+0000] {dagbag.py:588} INFO - Filling up the DagBag from /home/airflow/.local/lib/python3.12/site-packages/airflow/example_dags/example_skip_dag.py
[2025-03-01T14:42:33.599+0000] {processor.py:925} INFO - DAG(s) 'example_skip_dag' retrieved from /home/airflow/.local/lib/python3.12/site-packages/airflow/example_dags/example_skip_dag.py
[2025-03-01T14:42:33.619+0000] {logging_mixin.py:190} INFO - [2025-03-01T14:42:33.619+0000] {dag.py:3239} INFO - Sync 1 DAGs
[2025-03-01T14:42:33.641+0000] {logging_mixin.py:190} INFO - [2025-03-01T14:42:33.641+0000] {dag.py:4180} INFO - Setting next_dagrun for example_skip_dag to 2025-02-28 00:00:00+00:00, run_after=2025-03-01 00:00:00+00:00
[2025-03-01T14:42:33.656+0000] {processor.py:208} INFO - Processing /home/airflow/.local/lib/python3.12/site-packages/airflow/example_dags/example_skip_dag.py took 0.074 seconds
[2025-03-01T14:43:03.742+0000] {processor.py:186} INFO - Started process (PID=3209) to work on /home/airflow/.local/lib/python3.12/site-packages/airflow/example_dags/example_skip_dag.py
[2025-03-01T14:43:03.743+0000] {processor.py:914} INFO - Processing file /home/airflow/.local/lib/python3.12/site-packages/airflow/example_dags/example_skip_dag.py for tasks to queue
[2025-03-01T14:43:03.745+0000] {logging_mixin.py:190} INFO - [2025-03-01T14:43:03.744+0000] {dagbag.py:588} INFO - Filling up the DagBag from /home/airflow/.local/lib/python3.12/site-packages/airflow/example_dags/example_skip_dag.py
[2025-03-01T14:43:03.752+0000] {processor.py:925} INFO - DAG(s) 'example_skip_dag' retrieved from /home/airflow/.local/lib/python3.12/site-packages/airflow/example_dags/example_skip_dag.py
[2025-03-01T14:43:03.774+0000] {logging_mixin.py:190} INFO - [2025-03-01T14:43:03.774+0000] {dag.py:3239} INFO - Sync 1 DAGs
[2025-03-01T14:43:03.799+0000] {logging_mixin.py:190} INFO - [2025-03-01T14:43:03.799+0000] {dag.py:4180} INFO - Setting next_dagrun for example_skip_dag to 2025-02-28 00:00:00+00:00, run_after=2025-03-01 00:00:00+00:00
[2025-03-01T14:43:03.815+0000] {processor.py:208} INFO - Processing /home/airflow/.local/lib/python3.12/site-packages/airflow/example_dags/example_skip_dag.py took 0.078 seconds
[2025-03-01T14:43:34.569+0000] {processor.py:186} INFO - Started process (PID=3272) to work on /home/airflow/.local/lib/python3.12/site-packages/airflow/example_dags/example_skip_dag.py
[2025-03-01T14:43:34.569+0000] {processor.py:914} INFO - Processing file /home/airflow/.local/lib/python3.12/site-packages/airflow/example_dags/example_skip_dag.py for tasks to queue
[2025-03-01T14:43:34.571+0000] {logging_mixin.py:190} INFO - [2025-03-01T14:43:34.571+0000] {dagbag.py:588} INFO - Filling up the DagBag from /home/airflow/.local/lib/python3.12/site-packages/airflow/example_dags/example_skip_dag.py
[2025-03-01T14:43:34.580+0000] {processor.py:925} INFO - DAG(s) 'example_skip_dag' retrieved from /home/airflow/.local/lib/python3.12/site-packages/airflow/example_dags/example_skip_dag.py
[2025-03-01T14:43:34.611+0000] {logging_mixin.py:190} INFO - [2025-03-01T14:43:34.611+0000] {dag.py:3239} INFO - Sync 1 DAGs
[2025-03-01T14:43:34.641+0000] {logging_mixin.py:190} INFO - [2025-03-01T14:43:34.641+0000] {dag.py:4180} INFO - Setting next_dagrun for example_skip_dag to 2025-02-28 00:00:00+00:00, run_after=2025-03-01 00:00:00+00:00
[2025-03-01T14:43:34.658+0000] {processor.py:208} INFO - Processing /home/airflow/.local/lib/python3.12/site-packages/airflow/example_dags/example_skip_dag.py took 0.096 seconds
[2025-03-01T14:44:04.794+0000] {processor.py:186} INFO - Started process (PID=3336) to work on /home/airflow/.local/lib/python3.12/site-packages/airflow/example_dags/example_skip_dag.py
[2025-03-01T14:44:04.795+0000] {processor.py:914} INFO - Processing file /home/airflow/.local/lib/python3.12/site-packages/airflow/example_dags/example_skip_dag.py for tasks to queue
[2025-03-01T14:44:04.797+0000] {logging_mixin.py:190} INFO - [2025-03-01T14:44:04.797+0000] {dagbag.py:588} INFO - Filling up the DagBag from /home/airflow/.local/lib/python3.12/site-packages/airflow/example_dags/example_skip_dag.py
[2025-03-01T14:44:04.805+0000] {processor.py:925} INFO - DAG(s) 'example_skip_dag' retrieved from /home/airflow/.local/lib/python3.12/site-packages/airflow/example_dags/example_skip_dag.py
[2025-03-01T14:44:04.820+0000] {logging_mixin.py:190} INFO - [2025-03-01T14:44:04.820+0000] {dag.py:3239} INFO - Sync 1 DAGs
[2025-03-01T14:44:04.838+0000] {logging_mixin.py:190} INFO - [2025-03-01T14:44:04.837+0000] {dag.py:4180} INFO - Setting next_dagrun for example_skip_dag to 2025-02-28 00:00:00+00:00, run_after=2025-03-01 00:00:00+00:00
[2025-03-01T14:44:04.849+0000] {processor.py:208} INFO - Processing /home/airflow/.local/lib/python3.12/site-packages/airflow/example_dags/example_skip_dag.py took 0.060 seconds
[2025-03-01T14:44:35.580+0000] {processor.py:186} INFO - Started process (PID=3399) to work on /home/airflow/.local/lib/python3.12/site-packages/airflow/example_dags/example_skip_dag.py
[2025-03-01T14:44:35.581+0000] {processor.py:914} INFO - Processing file /home/airflow/.local/lib/python3.12/site-packages/airflow/example_dags/example_skip_dag.py for tasks to queue
[2025-03-01T14:44:35.583+0000] {logging_mixin.py:190} INFO - [2025-03-01T14:44:35.582+0000] {dagbag.py:588} INFO - Filling up the DagBag from /home/airflow/.local/lib/python3.12/site-packages/airflow/example_dags/example_skip_dag.py
[2025-03-01T14:44:35.589+0000] {processor.py:925} INFO - DAG(s) 'example_skip_dag' retrieved from /home/airflow/.local/lib/python3.12/site-packages/airflow/example_dags/example_skip_dag.py
[2025-03-01T14:44:35.604+0000] {logging_mixin.py:190} INFO - [2025-03-01T14:44:35.604+0000] {dag.py:3239} INFO - Sync 1 DAGs
[2025-03-01T14:44:35.621+0000] {logging_mixin.py:190} INFO - [2025-03-01T14:44:35.621+0000] {dag.py:4180} INFO - Setting next_dagrun for example_skip_dag to 2025-02-28 00:00:00+00:00, run_after=2025-03-01 00:00:00+00:00
[2025-03-01T14:44:35.635+0000] {processor.py:208} INFO - Processing /home/airflow/.local/lib/python3.12/site-packages/airflow/example_dags/example_skip_dag.py took 0.059 seconds
[2025-03-01T14:45:05.869+0000] {processor.py:186} INFO - Started process (PID=3461) to work on /home/airflow/.local/lib/python3.12/site-packages/airflow/example_dags/example_skip_dag.py
[2025-03-01T14:45:05.870+0000] {processor.py:914} INFO - Processing file /home/airflow/.local/lib/python3.12/site-packages/airflow/example_dags/example_skip_dag.py for tasks to queue
[2025-03-01T14:45:05.873+0000] {logging_mixin.py:190} INFO - [2025-03-01T14:45:05.872+0000] {dagbag.py:588} INFO - Filling up the DagBag from /home/airflow/.local/lib/python3.12/site-packages/airflow/example_dags/example_skip_dag.py
[2025-03-01T14:45:05.881+0000] {processor.py:925} INFO - DAG(s) 'example_skip_dag' retrieved from /home/airflow/.local/lib/python3.12/site-packages/airflow/example_dags/example_skip_dag.py
[2025-03-01T14:45:05.903+0000] {logging_mixin.py:190} INFO - [2025-03-01T14:45:05.903+0000] {dag.py:3239} INFO - Sync 1 DAGs
[2025-03-01T14:45:05.927+0000] {logging_mixin.py:190} INFO - [2025-03-01T14:45:05.927+0000] {dag.py:4180} INFO - Setting next_dagrun for example_skip_dag to 2025-02-28 00:00:00+00:00, run_after=2025-03-01 00:00:00+00:00
[2025-03-01T14:45:05.943+0000] {processor.py:208} INFO - Processing /home/airflow/.local/lib/python3.12/site-packages/airflow/example_dags/example_skip_dag.py took 0.080 seconds
[2025-03-01T14:45:36.395+0000] {processor.py:186} INFO - Started process (PID=3524) to work on /home/airflow/.local/lib/python3.12/site-packages/airflow/example_dags/example_skip_dag.py
[2025-03-01T14:45:36.401+0000] {processor.py:914} INFO - Processing file /home/airflow/.local/lib/python3.12/site-packages/airflow/example_dags/example_skip_dag.py for tasks to queue
[2025-03-01T14:45:36.404+0000] {logging_mixin.py:190} INFO - [2025-03-01T14:45:36.403+0000] {dagbag.py:588} INFO - Filling up the DagBag from /home/airflow/.local/lib/python3.12/site-packages/airflow/example_dags/example_skip_dag.py
[2025-03-01T14:45:36.419+0000] {processor.py:925} INFO - DAG(s) 'example_skip_dag' retrieved from /home/airflow/.local/lib/python3.12/site-packages/airflow/example_dags/example_skip_dag.py
[2025-03-01T14:45:36.465+0000] {logging_mixin.py:190} INFO - [2025-03-01T14:45:36.465+0000] {dag.py:3239} INFO - Sync 1 DAGs
[2025-03-01T14:45:36.513+0000] {logging_mixin.py:190} INFO - [2025-03-01T14:45:36.513+0000] {dag.py:4180} INFO - Setting next_dagrun for example_skip_dag to 2025-02-28 00:00:00+00:00, run_after=2025-03-01 00:00:00+00:00
[2025-03-01T14:45:36.552+0000] {processor.py:208} INFO - Processing /home/airflow/.local/lib/python3.12/site-packages/airflow/example_dags/example_skip_dag.py took 0.163 seconds
[2025-03-01T14:46:10.256+0000] {processor.py:186} INFO - Started process (PID=3587) to work on /home/airflow/.local/lib/python3.12/site-packages/airflow/example_dags/example_skip_dag.py
[2025-03-01T14:46:10.271+0000] {processor.py:914} INFO - Processing file /home/airflow/.local/lib/python3.12/site-packages/airflow/example_dags/example_skip_dag.py for tasks to queue
[2025-03-01T14:46:10.301+0000] {logging_mixin.py:190} INFO - [2025-03-01T14:46:10.300+0000] {dagbag.py:588} INFO - Filling up the DagBag from /home/airflow/.local/lib/python3.12/site-packages/airflow/example_dags/example_skip_dag.py
[2025-03-01T14:46:10.351+0000] {processor.py:925} INFO - DAG(s) 'example_skip_dag' retrieved from /home/airflow/.local/lib/python3.12/site-packages/airflow/example_dags/example_skip_dag.py
[2025-03-01T14:46:10.422+0000] {logging_mixin.py:190} INFO - [2025-03-01T14:46:10.422+0000] {dag.py:3239} INFO - Sync 1 DAGs
[2025-03-01T14:46:10.491+0000] {logging_mixin.py:190} INFO - [2025-03-01T14:46:10.491+0000] {dag.py:4180} INFO - Setting next_dagrun for example_skip_dag to 2025-02-28 00:00:00+00:00, run_after=2025-03-01 00:00:00+00:00
[2025-03-01T14:46:10.546+0000] {processor.py:208} INFO - Processing /home/airflow/.local/lib/python3.12/site-packages/airflow/example_dags/example_skip_dag.py took 0.338 seconds
[2025-03-01T14:46:51.945+0000] {processor.py:186} INFO - Started process (PID=3647) to work on /home/airflow/.local/lib/python3.12/site-packages/airflow/example_dags/example_skip_dag.py
[2025-03-01T14:46:51.981+0000] {processor.py:914} INFO - Processing file /home/airflow/.local/lib/python3.12/site-packages/airflow/example_dags/example_skip_dag.py for tasks to queue
[2025-03-01T14:46:51.991+0000] {logging_mixin.py:190} INFO - [2025-03-01T14:46:51.991+0000] {dagbag.py:588} INFO - Filling up the DagBag from /home/airflow/.local/lib/python3.12/site-packages/airflow/example_dags/example_skip_dag.py
[2025-03-01T14:46:52.097+0000] {processor.py:925} INFO - DAG(s) 'example_skip_dag' retrieved from /home/airflow/.local/lib/python3.12/site-packages/airflow/example_dags/example_skip_dag.py
[2025-03-01T14:46:52.243+0000] {logging_mixin.py:190} INFO - [2025-03-01T14:46:52.242+0000] {dag.py:3239} INFO - Sync 1 DAGs
[2025-03-01T14:46:52.387+0000] {logging_mixin.py:190} INFO - [2025-03-01T14:46:52.386+0000] {dag.py:4180} INFO - Setting next_dagrun for example_skip_dag to 2025-02-28 00:00:00+00:00, run_after=2025-03-01 00:00:00+00:00
[2025-03-01T14:46:52.578+0000] {processor.py:208} INFO - Processing /home/airflow/.local/lib/python3.12/site-packages/airflow/example_dags/example_skip_dag.py took 0.720 seconds
[2025-03-01T14:47:36.584+0000] {processor.py:186} INFO - Started process (PID=3716) to work on /home/airflow/.local/lib/python3.12/site-packages/airflow/example_dags/example_skip_dag.py
[2025-03-01T14:47:36.590+0000] {processor.py:914} INFO - Processing file /home/airflow/.local/lib/python3.12/site-packages/airflow/example_dags/example_skip_dag.py for tasks to queue
[2025-03-01T14:47:36.615+0000] {logging_mixin.py:190} INFO - [2025-03-01T14:47:36.603+0000] {dagbag.py:588} INFO - Filling up the DagBag from /home/airflow/.local/lib/python3.12/site-packages/airflow/example_dags/example_skip_dag.py
[2025-03-01T14:47:36.669+0000] {processor.py:925} INFO - DAG(s) 'example_skip_dag' retrieved from /home/airflow/.local/lib/python3.12/site-packages/airflow/example_dags/example_skip_dag.py
[2025-03-01T14:47:36.829+0000] {logging_mixin.py:190} INFO - [2025-03-01T14:47:36.829+0000] {dag.py:3239} INFO - Sync 1 DAGs
[2025-03-01T14:47:37.034+0000] {logging_mixin.py:190} INFO - [2025-03-01T14:47:37.034+0000] {dag.py:4180} INFO - Setting next_dagrun for example_skip_dag to 2025-02-28 00:00:00+00:00, run_after=2025-03-01 00:00:00+00:00
[2025-03-01T14:47:37.167+0000] {processor.py:208} INFO - Processing /home/airflow/.local/lib/python3.12/site-packages/airflow/example_dags/example_skip_dag.py took 0.622 seconds
