[2025-03-01T14:17:49.624+0000] {processor.py:186} INFO - Started process (PID=99) to work on /home/airflow/.local/lib/python3.12/site-packages/airflow/example_dags/example_latest_only.py
[2025-03-01T14:17:49.628+0000] {processor.py:914} INFO - Processing file /home/airflow/.local/lib/python3.12/site-packages/airflow/example_dags/example_latest_only.py for tasks to queue
[2025-03-01T14:17:49.641+0000] {logging_mixin.py:190} INFO - [2025-03-01T14:17:49.641+0000] {dagbag.py:588} INFO - Filling up the DagBag from /home/airflow/.local/lib/python3.12/site-packages/airflow/example_dags/example_latest_only.py
[2025-03-01T14:17:49.656+0000] {processor.py:925} INFO - DAG(s) 'latest_only' retrieved from /home/airflow/.local/lib/python3.12/site-packages/airflow/example_dags/example_latest_only.py
[2025-03-01T14:17:50.170+0000] {logging_mixin.py:190} INFO - [2025-03-01T14:17:50.169+0000] {override.py:1912} INFO - Created Permission View: can edit on DAG:latest_only
[2025-03-01T14:17:50.202+0000] {logging_mixin.py:190} INFO - [2025-03-01T14:17:50.201+0000] {override.py:1912} INFO - Created Permission View: can read on DAG:latest_only
[2025-03-01T14:17:50.227+0000] {logging_mixin.py:190} INFO - [2025-03-01T14:17:50.226+0000] {override.py:1912} INFO - Created Permission View: can delete on DAG:latest_only
[2025-03-01T14:17:50.237+0000] {logging_mixin.py:190} INFO - [2025-03-01T14:17:50.237+0000] {override.py:1912} INFO - Created Permission View: menu access on DAG Run:latest_only
[2025-03-01T14:17:50.251+0000] {logging_mixin.py:190} INFO - [2025-03-01T14:17:50.251+0000] {override.py:1912} INFO - Created Permission View: can read on DAG Run:latest_only
[2025-03-01T14:17:50.285+0000] {logging_mixin.py:190} INFO - [2025-03-01T14:17:50.285+0000] {override.py:1912} INFO - Created Permission View: can create on DAG Run:latest_only
[2025-03-01T14:17:50.319+0000] {logging_mixin.py:190} INFO - [2025-03-01T14:17:50.319+0000] {override.py:1912} INFO - Created Permission View: can delete on DAG Run:latest_only
[2025-03-01T14:17:50.320+0000] {logging_mixin.py:190} INFO - [2025-03-01T14:17:50.319+0000] {dag.py:3239} INFO - Sync 1 DAGs
[2025-03-01T14:17:50.351+0000] {logging_mixin.py:190} INFO - [2025-03-01T14:17:50.351+0000] {dag.py:3262} INFO - Creating ORM DAG for latest_only
[2025-03-01T14:17:50.374+0000] {logging_mixin.py:190} INFO - [2025-03-01T14:17:50.374+0000] {dag.py:4180} INFO - Setting next_dagrun for latest_only to 2025-03-01 08:00:00+00:00, run_after=2025-03-01 12:00:00+00:00
[2025-03-01T14:17:50.433+0000] {processor.py:208} INFO - Processing /home/airflow/.local/lib/python3.12/site-packages/airflow/example_dags/example_latest_only.py took 0.833 seconds
[2025-03-01T14:18:21.102+0000] {processor.py:186} INFO - Started process (PID=162) to work on /home/airflow/.local/lib/python3.12/site-packages/airflow/example_dags/example_latest_only.py
[2025-03-01T14:18:21.102+0000] {processor.py:914} INFO - Processing file /home/airflow/.local/lib/python3.12/site-packages/airflow/example_dags/example_latest_only.py for tasks to queue
[2025-03-01T14:18:21.105+0000] {logging_mixin.py:190} INFO - [2025-03-01T14:18:21.104+0000] {dagbag.py:588} INFO - Filling up the DagBag from /home/airflow/.local/lib/python3.12/site-packages/airflow/example_dags/example_latest_only.py
[2025-03-01T14:18:21.111+0000] {processor.py:925} INFO - DAG(s) 'latest_only' retrieved from /home/airflow/.local/lib/python3.12/site-packages/airflow/example_dags/example_latest_only.py
[2025-03-01T14:18:21.130+0000] {logging_mixin.py:190} INFO - [2025-03-01T14:18:21.130+0000] {dag.py:3239} INFO - Sync 1 DAGs
[2025-03-01T14:18:21.159+0000] {logging_mixin.py:190} INFO - [2025-03-01T14:18:21.159+0000] {dag.py:4180} INFO - Setting next_dagrun for latest_only to 2025-03-01 08:00:00+00:00, run_after=2025-03-01 12:00:00+00:00
[2025-03-01T14:18:21.175+0000] {processor.py:208} INFO - Processing /home/airflow/.local/lib/python3.12/site-packages/airflow/example_dags/example_latest_only.py took 0.080 seconds
[2025-03-01T14:18:51.471+0000] {processor.py:186} INFO - Started process (PID=224) to work on /home/airflow/.local/lib/python3.12/site-packages/airflow/example_dags/example_latest_only.py
[2025-03-01T14:18:51.472+0000] {processor.py:914} INFO - Processing file /home/airflow/.local/lib/python3.12/site-packages/airflow/example_dags/example_latest_only.py for tasks to queue
[2025-03-01T14:18:51.474+0000] {logging_mixin.py:190} INFO - [2025-03-01T14:18:51.474+0000] {dagbag.py:588} INFO - Filling up the DagBag from /home/airflow/.local/lib/python3.12/site-packages/airflow/example_dags/example_latest_only.py
[2025-03-01T14:18:51.491+0000] {processor.py:925} INFO - DAG(s) 'latest_only' retrieved from /home/airflow/.local/lib/python3.12/site-packages/airflow/example_dags/example_latest_only.py
[2025-03-01T14:18:51.508+0000] {logging_mixin.py:190} INFO - [2025-03-01T14:18:51.508+0000] {dag.py:3239} INFO - Sync 1 DAGs
[2025-03-01T14:18:51.537+0000] {logging_mixin.py:190} INFO - [2025-03-01T14:18:51.537+0000] {dag.py:4180} INFO - Setting next_dagrun for latest_only to 2025-03-01 08:00:00+00:00, run_after=2025-03-01 12:00:00+00:00
[2025-03-01T14:18:51.552+0000] {processor.py:208} INFO - Processing /home/airflow/.local/lib/python3.12/site-packages/airflow/example_dags/example_latest_only.py took 0.086 seconds
[2025-03-01T14:19:22.476+0000] {processor.py:186} INFO - Started process (PID=287) to work on /home/airflow/.local/lib/python3.12/site-packages/airflow/example_dags/example_latest_only.py
[2025-03-01T14:19:22.477+0000] {processor.py:914} INFO - Processing file /home/airflow/.local/lib/python3.12/site-packages/airflow/example_dags/example_latest_only.py for tasks to queue
[2025-03-01T14:19:22.479+0000] {logging_mixin.py:190} INFO - [2025-03-01T14:19:22.478+0000] {dagbag.py:588} INFO - Filling up the DagBag from /home/airflow/.local/lib/python3.12/site-packages/airflow/example_dags/example_latest_only.py
[2025-03-01T14:19:22.485+0000] {processor.py:925} INFO - DAG(s) 'latest_only' retrieved from /home/airflow/.local/lib/python3.12/site-packages/airflow/example_dags/example_latest_only.py
[2025-03-01T14:19:22.504+0000] {logging_mixin.py:190} INFO - [2025-03-01T14:19:22.504+0000] {dag.py:3239} INFO - Sync 1 DAGs
[2025-03-01T14:19:22.529+0000] {logging_mixin.py:190} INFO - [2025-03-01T14:19:22.529+0000] {dag.py:4180} INFO - Setting next_dagrun for latest_only to 2025-03-01 08:00:00+00:00, run_after=2025-03-01 12:00:00+00:00
[2025-03-01T14:19:22.546+0000] {processor.py:208} INFO - Processing /home/airflow/.local/lib/python3.12/site-packages/airflow/example_dags/example_latest_only.py took 0.077 seconds
[2025-03-01T14:19:52.725+0000] {processor.py:186} INFO - Started process (PID=350) to work on /home/airflow/.local/lib/python3.12/site-packages/airflow/example_dags/example_latest_only.py
[2025-03-01T14:19:52.733+0000] {processor.py:914} INFO - Processing file /home/airflow/.local/lib/python3.12/site-packages/airflow/example_dags/example_latest_only.py for tasks to queue
[2025-03-01T14:19:52.736+0000] {logging_mixin.py:190} INFO - [2025-03-01T14:19:52.736+0000] {dagbag.py:588} INFO - Filling up the DagBag from /home/airflow/.local/lib/python3.12/site-packages/airflow/example_dags/example_latest_only.py
[2025-03-01T14:19:52.754+0000] {processor.py:925} INFO - DAG(s) 'latest_only' retrieved from /home/airflow/.local/lib/python3.12/site-packages/airflow/example_dags/example_latest_only.py
[2025-03-01T14:19:52.831+0000] {logging_mixin.py:190} INFO - [2025-03-01T14:19:52.830+0000] {dag.py:3239} INFO - Sync 1 DAGs
[2025-03-01T14:19:52.898+0000] {logging_mixin.py:190} INFO - [2025-03-01T14:19:52.898+0000] {dag.py:4180} INFO - Setting next_dagrun for latest_only to 2025-03-01 08:00:00+00:00, run_after=2025-03-01 12:00:00+00:00
[2025-03-01T14:19:52.946+0000] {processor.py:208} INFO - Processing /home/airflow/.local/lib/python3.12/site-packages/airflow/example_dags/example_latest_only.py took 0.234 seconds
[2025-03-01T14:20:23.336+0000] {processor.py:186} INFO - Started process (PID=413) to work on /home/airflow/.local/lib/python3.12/site-packages/airflow/example_dags/example_latest_only.py
[2025-03-01T14:20:23.336+0000] {processor.py:914} INFO - Processing file /home/airflow/.local/lib/python3.12/site-packages/airflow/example_dags/example_latest_only.py for tasks to queue
[2025-03-01T14:20:23.339+0000] {logging_mixin.py:190} INFO - [2025-03-01T14:20:23.338+0000] {dagbag.py:588} INFO - Filling up the DagBag from /home/airflow/.local/lib/python3.12/site-packages/airflow/example_dags/example_latest_only.py
[2025-03-01T14:20:23.345+0000] {processor.py:925} INFO - DAG(s) 'latest_only' retrieved from /home/airflow/.local/lib/python3.12/site-packages/airflow/example_dags/example_latest_only.py
[2025-03-01T14:20:23.368+0000] {logging_mixin.py:190} INFO - [2025-03-01T14:20:23.368+0000] {dag.py:3239} INFO - Sync 1 DAGs
[2025-03-01T14:20:23.392+0000] {logging_mixin.py:190} INFO - [2025-03-01T14:20:23.392+0000] {dag.py:4180} INFO - Setting next_dagrun for latest_only to 2025-03-01 08:00:00+00:00, run_after=2025-03-01 12:00:00+00:00
[2025-03-01T14:20:23.409+0000] {processor.py:208} INFO - Processing /home/airflow/.local/lib/python3.12/site-packages/airflow/example_dags/example_latest_only.py took 0.079 seconds
[2025-03-01T14:20:53.726+0000] {processor.py:186} INFO - Started process (PID=476) to work on /home/airflow/.local/lib/python3.12/site-packages/airflow/example_dags/example_latest_only.py
[2025-03-01T14:20:53.727+0000] {processor.py:914} INFO - Processing file /home/airflow/.local/lib/python3.12/site-packages/airflow/example_dags/example_latest_only.py for tasks to queue
[2025-03-01T14:20:53.729+0000] {logging_mixin.py:190} INFO - [2025-03-01T14:20:53.729+0000] {dagbag.py:588} INFO - Filling up the DagBag from /home/airflow/.local/lib/python3.12/site-packages/airflow/example_dags/example_latest_only.py
[2025-03-01T14:20:53.739+0000] {processor.py:925} INFO - DAG(s) 'latest_only' retrieved from /home/airflow/.local/lib/python3.12/site-packages/airflow/example_dags/example_latest_only.py
[2025-03-01T14:20:53.757+0000] {logging_mixin.py:190} INFO - [2025-03-01T14:20:53.757+0000] {dag.py:3239} INFO - Sync 1 DAGs
[2025-03-01T14:20:53.781+0000] {logging_mixin.py:190} INFO - [2025-03-01T14:20:53.781+0000] {dag.py:4180} INFO - Setting next_dagrun for latest_only to 2025-03-01 08:00:00+00:00, run_after=2025-03-01 12:00:00+00:00
[2025-03-01T14:20:53.797+0000] {processor.py:208} INFO - Processing /home/airflow/.local/lib/python3.12/site-packages/airflow/example_dags/example_latest_only.py took 0.078 seconds
[2025-03-01T14:21:24.108+0000] {processor.py:186} INFO - Started process (PID=539) to work on /home/airflow/.local/lib/python3.12/site-packages/airflow/example_dags/example_latest_only.py
[2025-03-01T14:21:24.110+0000] {processor.py:914} INFO - Processing file /home/airflow/.local/lib/python3.12/site-packages/airflow/example_dags/example_latest_only.py for tasks to queue
[2025-03-01T14:21:24.112+0000] {logging_mixin.py:190} INFO - [2025-03-01T14:21:24.112+0000] {dagbag.py:588} INFO - Filling up the DagBag from /home/airflow/.local/lib/python3.12/site-packages/airflow/example_dags/example_latest_only.py
[2025-03-01T14:21:24.119+0000] {processor.py:925} INFO - DAG(s) 'latest_only' retrieved from /home/airflow/.local/lib/python3.12/site-packages/airflow/example_dags/example_latest_only.py
[2025-03-01T14:21:24.138+0000] {logging_mixin.py:190} INFO - [2025-03-01T14:21:24.138+0000] {dag.py:3239} INFO - Sync 1 DAGs
[2025-03-01T14:21:24.162+0000] {logging_mixin.py:190} INFO - [2025-03-01T14:21:24.161+0000] {dag.py:4180} INFO - Setting next_dagrun for latest_only to 2025-03-01 08:00:00+00:00, run_after=2025-03-01 12:00:00+00:00
[2025-03-01T14:21:24.178+0000] {processor.py:208} INFO - Processing /home/airflow/.local/lib/python3.12/site-packages/airflow/example_dags/example_latest_only.py took 0.075 seconds
[2025-03-01T14:21:54.530+0000] {processor.py:186} INFO - Started process (PID=602) to work on /home/airflow/.local/lib/python3.12/site-packages/airflow/example_dags/example_latest_only.py
[2025-03-01T14:21:54.531+0000] {processor.py:914} INFO - Processing file /home/airflow/.local/lib/python3.12/site-packages/airflow/example_dags/example_latest_only.py for tasks to queue
[2025-03-01T14:21:54.533+0000] {logging_mixin.py:190} INFO - [2025-03-01T14:21:54.533+0000] {dagbag.py:588} INFO - Filling up the DagBag from /home/airflow/.local/lib/python3.12/site-packages/airflow/example_dags/example_latest_only.py
[2025-03-01T14:21:54.541+0000] {processor.py:925} INFO - DAG(s) 'latest_only' retrieved from /home/airflow/.local/lib/python3.12/site-packages/airflow/example_dags/example_latest_only.py
[2025-03-01T14:21:54.559+0000] {logging_mixin.py:190} INFO - [2025-03-01T14:21:54.559+0000] {dag.py:3239} INFO - Sync 1 DAGs
[2025-03-01T14:21:54.582+0000] {logging_mixin.py:190} INFO - [2025-03-01T14:21:54.582+0000] {dag.py:4180} INFO - Setting next_dagrun for latest_only to 2025-03-01 08:00:00+00:00, run_after=2025-03-01 12:00:00+00:00
[2025-03-01T14:21:54.598+0000] {processor.py:208} INFO - Processing /home/airflow/.local/lib/python3.12/site-packages/airflow/example_dags/example_latest_only.py took 0.074 seconds
[2025-03-01T14:22:24.995+0000] {processor.py:186} INFO - Started process (PID=665) to work on /home/airflow/.local/lib/python3.12/site-packages/airflow/example_dags/example_latest_only.py
[2025-03-01T14:22:24.996+0000] {processor.py:914} INFO - Processing file /home/airflow/.local/lib/python3.12/site-packages/airflow/example_dags/example_latest_only.py for tasks to queue
[2025-03-01T14:22:24.998+0000] {logging_mixin.py:190} INFO - [2025-03-01T14:22:24.998+0000] {dagbag.py:588} INFO - Filling up the DagBag from /home/airflow/.local/lib/python3.12/site-packages/airflow/example_dags/example_latest_only.py
[2025-03-01T14:22:25.006+0000] {processor.py:925} INFO - DAG(s) 'latest_only' retrieved from /home/airflow/.local/lib/python3.12/site-packages/airflow/example_dags/example_latest_only.py
[2025-03-01T14:22:25.024+0000] {logging_mixin.py:190} INFO - [2025-03-01T14:22:25.024+0000] {dag.py:3239} INFO - Sync 1 DAGs
[2025-03-01T14:22:25.048+0000] {logging_mixin.py:190} INFO - [2025-03-01T14:22:25.048+0000] {dag.py:4180} INFO - Setting next_dagrun for latest_only to 2025-03-01 08:00:00+00:00, run_after=2025-03-01 12:00:00+00:00
[2025-03-01T14:22:25.064+0000] {processor.py:208} INFO - Processing /home/airflow/.local/lib/python3.12/site-packages/airflow/example_dags/example_latest_only.py took 0.076 seconds
[2025-03-01T14:22:56.117+0000] {processor.py:186} INFO - Started process (PID=729) to work on /home/airflow/.local/lib/python3.12/site-packages/airflow/example_dags/example_latest_only.py
[2025-03-01T14:22:56.118+0000] {processor.py:914} INFO - Processing file /home/airflow/.local/lib/python3.12/site-packages/airflow/example_dags/example_latest_only.py for tasks to queue
[2025-03-01T14:22:56.120+0000] {logging_mixin.py:190} INFO - [2025-03-01T14:22:56.119+0000] {dagbag.py:588} INFO - Filling up the DagBag from /home/airflow/.local/lib/python3.12/site-packages/airflow/example_dags/example_latest_only.py
[2025-03-01T14:22:56.126+0000] {processor.py:925} INFO - DAG(s) 'latest_only' retrieved from /home/airflow/.local/lib/python3.12/site-packages/airflow/example_dags/example_latest_only.py
[2025-03-01T14:22:56.145+0000] {logging_mixin.py:190} INFO - [2025-03-01T14:22:56.145+0000] {dag.py:3239} INFO - Sync 1 DAGs
[2025-03-01T14:22:56.169+0000] {logging_mixin.py:190} INFO - [2025-03-01T14:22:56.169+0000] {dag.py:4180} INFO - Setting next_dagrun for latest_only to 2025-03-01 08:00:00+00:00, run_after=2025-03-01 12:00:00+00:00
[2025-03-01T14:22:56.184+0000] {processor.py:208} INFO - Processing /home/airflow/.local/lib/python3.12/site-packages/airflow/example_dags/example_latest_only.py took 0.073 seconds
[2025-03-01T14:23:26.298+0000] {processor.py:186} INFO - Started process (PID=792) to work on /home/airflow/.local/lib/python3.12/site-packages/airflow/example_dags/example_latest_only.py
[2025-03-01T14:23:26.298+0000] {processor.py:914} INFO - Processing file /home/airflow/.local/lib/python3.12/site-packages/airflow/example_dags/example_latest_only.py for tasks to queue
[2025-03-01T14:23:26.300+0000] {logging_mixin.py:190} INFO - [2025-03-01T14:23:26.300+0000] {dagbag.py:588} INFO - Filling up the DagBag from /home/airflow/.local/lib/python3.12/site-packages/airflow/example_dags/example_latest_only.py
[2025-03-01T14:23:26.308+0000] {processor.py:925} INFO - DAG(s) 'latest_only' retrieved from /home/airflow/.local/lib/python3.12/site-packages/airflow/example_dags/example_latest_only.py
[2025-03-01T14:23:26.327+0000] {logging_mixin.py:190} INFO - [2025-03-01T14:23:26.327+0000] {dag.py:3239} INFO - Sync 1 DAGs
[2025-03-01T14:23:26.353+0000] {logging_mixin.py:190} INFO - [2025-03-01T14:23:26.352+0000] {dag.py:4180} INFO - Setting next_dagrun for latest_only to 2025-03-01 08:00:00+00:00, run_after=2025-03-01 12:00:00+00:00
[2025-03-01T14:23:26.373+0000] {processor.py:208} INFO - Processing /home/airflow/.local/lib/python3.12/site-packages/airflow/example_dags/example_latest_only.py took 0.081 seconds
[2025-03-01T14:23:56.683+0000] {processor.py:186} INFO - Started process (PID=856) to work on /home/airflow/.local/lib/python3.12/site-packages/airflow/example_dags/example_latest_only.py
[2025-03-01T14:23:56.683+0000] {processor.py:914} INFO - Processing file /home/airflow/.local/lib/python3.12/site-packages/airflow/example_dags/example_latest_only.py for tasks to queue
[2025-03-01T14:23:56.685+0000] {logging_mixin.py:190} INFO - [2025-03-01T14:23:56.685+0000] {dagbag.py:588} INFO - Filling up the DagBag from /home/airflow/.local/lib/python3.12/site-packages/airflow/example_dags/example_latest_only.py
[2025-03-01T14:23:56.692+0000] {processor.py:925} INFO - DAG(s) 'latest_only' retrieved from /home/airflow/.local/lib/python3.12/site-packages/airflow/example_dags/example_latest_only.py
[2025-03-01T14:23:56.710+0000] {logging_mixin.py:190} INFO - [2025-03-01T14:23:56.710+0000] {dag.py:3239} INFO - Sync 1 DAGs
[2025-03-01T14:23:56.735+0000] {logging_mixin.py:190} INFO - [2025-03-01T14:23:56.735+0000] {dag.py:4180} INFO - Setting next_dagrun for latest_only to 2025-03-01 08:00:00+00:00, run_after=2025-03-01 12:00:00+00:00
[2025-03-01T14:23:56.772+0000] {processor.py:208} INFO - Processing /home/airflow/.local/lib/python3.12/site-packages/airflow/example_dags/example_latest_only.py took 0.095 seconds
[2025-03-01T14:24:27.658+0000] {processor.py:186} INFO - Started process (PID=919) to work on /home/airflow/.local/lib/python3.12/site-packages/airflow/example_dags/example_latest_only.py
[2025-03-01T14:24:27.659+0000] {processor.py:914} INFO - Processing file /home/airflow/.local/lib/python3.12/site-packages/airflow/example_dags/example_latest_only.py for tasks to queue
[2025-03-01T14:24:27.661+0000] {logging_mixin.py:190} INFO - [2025-03-01T14:24:27.660+0000] {dagbag.py:588} INFO - Filling up the DagBag from /home/airflow/.local/lib/python3.12/site-packages/airflow/example_dags/example_latest_only.py
[2025-03-01T14:24:27.667+0000] {processor.py:925} INFO - DAG(s) 'latest_only' retrieved from /home/airflow/.local/lib/python3.12/site-packages/airflow/example_dags/example_latest_only.py
[2025-03-01T14:24:27.685+0000] {logging_mixin.py:190} INFO - [2025-03-01T14:24:27.685+0000] {dag.py:3239} INFO - Sync 1 DAGs
[2025-03-01T14:24:27.710+0000] {logging_mixin.py:190} INFO - [2025-03-01T14:24:27.710+0000] {dag.py:4180} INFO - Setting next_dagrun for latest_only to 2025-03-01 08:00:00+00:00, run_after=2025-03-01 12:00:00+00:00
[2025-03-01T14:24:27.727+0000] {processor.py:208} INFO - Processing /home/airflow/.local/lib/python3.12/site-packages/airflow/example_dags/example_latest_only.py took 0.075 seconds
[2025-03-01T14:24:57.769+0000] {processor.py:186} INFO - Started process (PID=981) to work on /home/airflow/.local/lib/python3.12/site-packages/airflow/example_dags/example_latest_only.py
[2025-03-01T14:24:57.770+0000] {processor.py:914} INFO - Processing file /home/airflow/.local/lib/python3.12/site-packages/airflow/example_dags/example_latest_only.py for tasks to queue
[2025-03-01T14:24:57.772+0000] {logging_mixin.py:190} INFO - [2025-03-01T14:24:57.772+0000] {dagbag.py:588} INFO - Filling up the DagBag from /home/airflow/.local/lib/python3.12/site-packages/airflow/example_dags/example_latest_only.py
[2025-03-01T14:24:57.778+0000] {processor.py:925} INFO - DAG(s) 'latest_only' retrieved from /home/airflow/.local/lib/python3.12/site-packages/airflow/example_dags/example_latest_only.py
[2025-03-01T14:24:57.796+0000] {logging_mixin.py:190} INFO - [2025-03-01T14:24:57.795+0000] {dag.py:3239} INFO - Sync 1 DAGs
[2025-03-01T14:24:57.823+0000] {logging_mixin.py:190} INFO - [2025-03-01T14:24:57.823+0000] {dag.py:4180} INFO - Setting next_dagrun for latest_only to 2025-03-01 08:00:00+00:00, run_after=2025-03-01 12:00:00+00:00
[2025-03-01T14:24:57.841+0000] {processor.py:208} INFO - Processing /home/airflow/.local/lib/python3.12/site-packages/airflow/example_dags/example_latest_only.py took 0.078 seconds
[2025-03-01T14:25:27.987+0000] {processor.py:186} INFO - Started process (PID=1044) to work on /home/airflow/.local/lib/python3.12/site-packages/airflow/example_dags/example_latest_only.py
[2025-03-01T14:25:27.990+0000] {processor.py:914} INFO - Processing file /home/airflow/.local/lib/python3.12/site-packages/airflow/example_dags/example_latest_only.py for tasks to queue
[2025-03-01T14:25:27.995+0000] {logging_mixin.py:190} INFO - [2025-03-01T14:25:27.995+0000] {dagbag.py:588} INFO - Filling up the DagBag from /home/airflow/.local/lib/python3.12/site-packages/airflow/example_dags/example_latest_only.py
[2025-03-01T14:25:28.002+0000] {processor.py:925} INFO - DAG(s) 'latest_only' retrieved from /home/airflow/.local/lib/python3.12/site-packages/airflow/example_dags/example_latest_only.py
[2025-03-01T14:25:28.062+0000] {logging_mixin.py:190} INFO - [2025-03-01T14:25:28.061+0000] {dag.py:3239} INFO - Sync 1 DAGs
[2025-03-01T14:25:28.142+0000] {logging_mixin.py:190} INFO - [2025-03-01T14:25:28.142+0000] {dag.py:4180} INFO - Setting next_dagrun for latest_only to 2025-03-01 08:00:00+00:00, run_after=2025-03-01 12:00:00+00:00
[2025-03-01T14:25:28.189+0000] {processor.py:208} INFO - Processing /home/airflow/.local/lib/python3.12/site-packages/airflow/example_dags/example_latest_only.py took 0.217 seconds
[2025-03-01T14:25:58.262+0000] {processor.py:186} INFO - Started process (PID=1107) to work on /home/airflow/.local/lib/python3.12/site-packages/airflow/example_dags/example_latest_only.py
[2025-03-01T14:25:58.263+0000] {processor.py:914} INFO - Processing file /home/airflow/.local/lib/python3.12/site-packages/airflow/example_dags/example_latest_only.py for tasks to queue
[2025-03-01T14:25:58.265+0000] {logging_mixin.py:190} INFO - [2025-03-01T14:25:58.265+0000] {dagbag.py:588} INFO - Filling up the DagBag from /home/airflow/.local/lib/python3.12/site-packages/airflow/example_dags/example_latest_only.py
[2025-03-01T14:25:58.272+0000] {processor.py:925} INFO - DAG(s) 'latest_only' retrieved from /home/airflow/.local/lib/python3.12/site-packages/airflow/example_dags/example_latest_only.py
[2025-03-01T14:25:58.290+0000] {logging_mixin.py:190} INFO - [2025-03-01T14:25:58.290+0000] {dag.py:3239} INFO - Sync 1 DAGs
[2025-03-01T14:25:58.317+0000] {logging_mixin.py:190} INFO - [2025-03-01T14:25:58.316+0000] {dag.py:4180} INFO - Setting next_dagrun for latest_only to 2025-03-01 08:00:00+00:00, run_after=2025-03-01 12:00:00+00:00
[2025-03-01T14:25:58.333+0000] {processor.py:208} INFO - Processing /home/airflow/.local/lib/python3.12/site-packages/airflow/example_dags/example_latest_only.py took 0.076 seconds
[2025-03-01T14:26:28.531+0000] {processor.py:186} INFO - Started process (PID=1169) to work on /home/airflow/.local/lib/python3.12/site-packages/airflow/example_dags/example_latest_only.py
[2025-03-01T14:26:28.532+0000] {processor.py:914} INFO - Processing file /home/airflow/.local/lib/python3.12/site-packages/airflow/example_dags/example_latest_only.py for tasks to queue
[2025-03-01T14:26:28.534+0000] {logging_mixin.py:190} INFO - [2025-03-01T14:26:28.534+0000] {dagbag.py:588} INFO - Filling up the DagBag from /home/airflow/.local/lib/python3.12/site-packages/airflow/example_dags/example_latest_only.py
[2025-03-01T14:26:28.542+0000] {processor.py:925} INFO - DAG(s) 'latest_only' retrieved from /home/airflow/.local/lib/python3.12/site-packages/airflow/example_dags/example_latest_only.py
[2025-03-01T14:26:28.562+0000] {logging_mixin.py:190} INFO - [2025-03-01T14:26:28.561+0000] {dag.py:3239} INFO - Sync 1 DAGs
[2025-03-01T14:26:28.585+0000] {logging_mixin.py:190} INFO - [2025-03-01T14:26:28.585+0000] {dag.py:4180} INFO - Setting next_dagrun for latest_only to 2025-03-01 08:00:00+00:00, run_after=2025-03-01 12:00:00+00:00
[2025-03-01T14:26:28.602+0000] {processor.py:208} INFO - Processing /home/airflow/.local/lib/python3.12/site-packages/airflow/example_dags/example_latest_only.py took 0.078 seconds
[2025-03-01T14:26:58.675+0000] {processor.py:186} INFO - Started process (PID=1233) to work on /home/airflow/.local/lib/python3.12/site-packages/airflow/example_dags/example_latest_only.py
[2025-03-01T14:26:58.676+0000] {processor.py:914} INFO - Processing file /home/airflow/.local/lib/python3.12/site-packages/airflow/example_dags/example_latest_only.py for tasks to queue
[2025-03-01T14:26:58.678+0000] {logging_mixin.py:190} INFO - [2025-03-01T14:26:58.677+0000] {dagbag.py:588} INFO - Filling up the DagBag from /home/airflow/.local/lib/python3.12/site-packages/airflow/example_dags/example_latest_only.py
[2025-03-01T14:26:58.684+0000] {processor.py:925} INFO - DAG(s) 'latest_only' retrieved from /home/airflow/.local/lib/python3.12/site-packages/airflow/example_dags/example_latest_only.py
[2025-03-01T14:26:58.715+0000] {logging_mixin.py:190} INFO - [2025-03-01T14:26:58.715+0000] {dag.py:3239} INFO - Sync 1 DAGs
[2025-03-01T14:26:58.738+0000] {logging_mixin.py:190} INFO - [2025-03-01T14:26:58.738+0000] {dag.py:4180} INFO - Setting next_dagrun for latest_only to 2025-03-01 08:00:00+00:00, run_after=2025-03-01 12:00:00+00:00
[2025-03-01T14:26:58.754+0000] {processor.py:208} INFO - Processing /home/airflow/.local/lib/python3.12/site-packages/airflow/example_dags/example_latest_only.py took 0.085 seconds
[2025-03-01T14:27:28.953+0000] {processor.py:186} INFO - Started process (PID=1296) to work on /home/airflow/.local/lib/python3.12/site-packages/airflow/example_dags/example_latest_only.py
[2025-03-01T14:27:28.954+0000] {processor.py:914} INFO - Processing file /home/airflow/.local/lib/python3.12/site-packages/airflow/example_dags/example_latest_only.py for tasks to queue
[2025-03-01T14:27:28.956+0000] {logging_mixin.py:190} INFO - [2025-03-01T14:27:28.956+0000] {dagbag.py:588} INFO - Filling up the DagBag from /home/airflow/.local/lib/python3.12/site-packages/airflow/example_dags/example_latest_only.py
[2025-03-01T14:27:28.963+0000] {processor.py:925} INFO - DAG(s) 'latest_only' retrieved from /home/airflow/.local/lib/python3.12/site-packages/airflow/example_dags/example_latest_only.py
[2025-03-01T14:27:28.982+0000] {logging_mixin.py:190} INFO - [2025-03-01T14:27:28.982+0000] {dag.py:3239} INFO - Sync 1 DAGs
[2025-03-01T14:27:29.013+0000] {logging_mixin.py:190} INFO - [2025-03-01T14:27:29.012+0000] {dag.py:4180} INFO - Setting next_dagrun for latest_only to 2025-03-01 08:00:00+00:00, run_after=2025-03-01 12:00:00+00:00
[2025-03-01T14:27:29.034+0000] {processor.py:208} INFO - Processing /home/airflow/.local/lib/python3.12/site-packages/airflow/example_dags/example_latest_only.py took 0.087 seconds
[2025-03-01T14:27:59.943+0000] {processor.py:186} INFO - Started process (PID=1365) to work on /home/airflow/.local/lib/python3.12/site-packages/airflow/example_dags/example_latest_only.py
[2025-03-01T14:27:59.944+0000] {processor.py:914} INFO - Processing file /home/airflow/.local/lib/python3.12/site-packages/airflow/example_dags/example_latest_only.py for tasks to queue
[2025-03-01T14:27:59.946+0000] {logging_mixin.py:190} INFO - [2025-03-01T14:27:59.946+0000] {dagbag.py:588} INFO - Filling up the DagBag from /home/airflow/.local/lib/python3.12/site-packages/airflow/example_dags/example_latest_only.py
[2025-03-01T14:27:59.953+0000] {processor.py:925} INFO - DAG(s) 'latest_only' retrieved from /home/airflow/.local/lib/python3.12/site-packages/airflow/example_dags/example_latest_only.py
[2025-03-01T14:27:59.975+0000] {logging_mixin.py:190} INFO - [2025-03-01T14:27:59.975+0000] {dag.py:3239} INFO - Sync 1 DAGs
[2025-03-01T14:27:59.999+0000] {logging_mixin.py:190} INFO - [2025-03-01T14:27:59.999+0000] {dag.py:4180} INFO - Setting next_dagrun for latest_only to 2025-03-01 08:00:00+00:00, run_after=2025-03-01 12:00:00+00:00
[2025-03-01T14:28:00.018+0000] {processor.py:208} INFO - Processing /home/airflow/.local/lib/python3.12/site-packages/airflow/example_dags/example_latest_only.py took 0.081 seconds
[2025-03-01T14:28:30.310+0000] {processor.py:186} INFO - Started process (PID=1428) to work on /home/airflow/.local/lib/python3.12/site-packages/airflow/example_dags/example_latest_only.py
[2025-03-01T14:28:30.311+0000] {processor.py:914} INFO - Processing file /home/airflow/.local/lib/python3.12/site-packages/airflow/example_dags/example_latest_only.py for tasks to queue
[2025-03-01T14:28:30.313+0000] {logging_mixin.py:190} INFO - [2025-03-01T14:28:30.312+0000] {dagbag.py:588} INFO - Filling up the DagBag from /home/airflow/.local/lib/python3.12/site-packages/airflow/example_dags/example_latest_only.py
[2025-03-01T14:28:30.320+0000] {processor.py:925} INFO - DAG(s) 'latest_only' retrieved from /home/airflow/.local/lib/python3.12/site-packages/airflow/example_dags/example_latest_only.py
[2025-03-01T14:28:30.340+0000] {logging_mixin.py:190} INFO - [2025-03-01T14:28:30.340+0000] {dag.py:3239} INFO - Sync 1 DAGs
[2025-03-01T14:28:30.365+0000] {logging_mixin.py:190} INFO - [2025-03-01T14:28:30.364+0000] {dag.py:4180} INFO - Setting next_dagrun for latest_only to 2025-03-01 08:00:00+00:00, run_after=2025-03-01 12:00:00+00:00
[2025-03-01T14:28:30.382+0000] {processor.py:208} INFO - Processing /home/airflow/.local/lib/python3.12/site-packages/airflow/example_dags/example_latest_only.py took 0.078 seconds
[2025-03-01T14:29:00.900+0000] {processor.py:186} INFO - Started process (PID=1492) to work on /home/airflow/.local/lib/python3.12/site-packages/airflow/example_dags/example_latest_only.py
[2025-03-01T14:29:00.901+0000] {processor.py:914} INFO - Processing file /home/airflow/.local/lib/python3.12/site-packages/airflow/example_dags/example_latest_only.py for tasks to queue
[2025-03-01T14:29:00.905+0000] {logging_mixin.py:190} INFO - [2025-03-01T14:29:00.904+0000] {dagbag.py:588} INFO - Filling up the DagBag from /home/airflow/.local/lib/python3.12/site-packages/airflow/example_dags/example_latest_only.py
[2025-03-01T14:29:00.917+0000] {processor.py:925} INFO - DAG(s) 'latest_only' retrieved from /home/airflow/.local/lib/python3.12/site-packages/airflow/example_dags/example_latest_only.py
[2025-03-01T14:29:00.949+0000] {logging_mixin.py:190} INFO - [2025-03-01T14:29:00.949+0000] {dag.py:3239} INFO - Sync 1 DAGs
[2025-03-01T14:29:00.976+0000] {logging_mixin.py:190} INFO - [2025-03-01T14:29:00.975+0000] {dag.py:4180} INFO - Setting next_dagrun for latest_only to 2025-03-01 08:00:00+00:00, run_after=2025-03-01 12:00:00+00:00
[2025-03-01T14:29:00.993+0000] {processor.py:208} INFO - Processing /home/airflow/.local/lib/python3.12/site-packages/airflow/example_dags/example_latest_only.py took 0.100 seconds
[2025-03-01T14:29:31.215+0000] {processor.py:186} INFO - Started process (PID=1555) to work on /home/airflow/.local/lib/python3.12/site-packages/airflow/example_dags/example_latest_only.py
[2025-03-01T14:29:31.216+0000] {processor.py:914} INFO - Processing file /home/airflow/.local/lib/python3.12/site-packages/airflow/example_dags/example_latest_only.py for tasks to queue
[2025-03-01T14:29:31.218+0000] {logging_mixin.py:190} INFO - [2025-03-01T14:29:31.218+0000] {dagbag.py:588} INFO - Filling up the DagBag from /home/airflow/.local/lib/python3.12/site-packages/airflow/example_dags/example_latest_only.py
[2025-03-01T14:29:31.225+0000] {processor.py:925} INFO - DAG(s) 'latest_only' retrieved from /home/airflow/.local/lib/python3.12/site-packages/airflow/example_dags/example_latest_only.py
[2025-03-01T14:29:31.244+0000] {logging_mixin.py:190} INFO - [2025-03-01T14:29:31.244+0000] {dag.py:3239} INFO - Sync 1 DAGs
[2025-03-01T14:29:31.270+0000] {logging_mixin.py:190} INFO - [2025-03-01T14:29:31.270+0000] {dag.py:4180} INFO - Setting next_dagrun for latest_only to 2025-03-01 08:00:00+00:00, run_after=2025-03-01 12:00:00+00:00
[2025-03-01T14:29:31.286+0000] {processor.py:208} INFO - Processing /home/airflow/.local/lib/python3.12/site-packages/airflow/example_dags/example_latest_only.py took 0.077 seconds
[2025-03-01T14:30:01.624+0000] {processor.py:186} INFO - Started process (PID=1618) to work on /home/airflow/.local/lib/python3.12/site-packages/airflow/example_dags/example_latest_only.py
[2025-03-01T14:30:01.625+0000] {processor.py:914} INFO - Processing file /home/airflow/.local/lib/python3.12/site-packages/airflow/example_dags/example_latest_only.py for tasks to queue
[2025-03-01T14:30:01.627+0000] {logging_mixin.py:190} INFO - [2025-03-01T14:30:01.627+0000] {dagbag.py:588} INFO - Filling up the DagBag from /home/airflow/.local/lib/python3.12/site-packages/airflow/example_dags/example_latest_only.py
[2025-03-01T14:30:01.634+0000] {processor.py:925} INFO - DAG(s) 'latest_only' retrieved from /home/airflow/.local/lib/python3.12/site-packages/airflow/example_dags/example_latest_only.py
[2025-03-01T14:30:01.652+0000] {logging_mixin.py:190} INFO - [2025-03-01T14:30:01.652+0000] {dag.py:3239} INFO - Sync 1 DAGs
[2025-03-01T14:30:01.676+0000] {logging_mixin.py:190} INFO - [2025-03-01T14:30:01.676+0000] {dag.py:4180} INFO - Setting next_dagrun for latest_only to 2025-03-01 08:00:00+00:00, run_after=2025-03-01 12:00:00+00:00
[2025-03-01T14:30:01.692+0000] {processor.py:208} INFO - Processing /home/airflow/.local/lib/python3.12/site-packages/airflow/example_dags/example_latest_only.py took 0.073 seconds
[2025-03-01T14:30:32.463+0000] {processor.py:186} INFO - Started process (PID=1681) to work on /home/airflow/.local/lib/python3.12/site-packages/airflow/example_dags/example_latest_only.py
[2025-03-01T14:30:32.464+0000] {processor.py:914} INFO - Processing file /home/airflow/.local/lib/python3.12/site-packages/airflow/example_dags/example_latest_only.py for tasks to queue
[2025-03-01T14:30:32.467+0000] {logging_mixin.py:190} INFO - [2025-03-01T14:30:32.466+0000] {dagbag.py:588} INFO - Filling up the DagBag from /home/airflow/.local/lib/python3.12/site-packages/airflow/example_dags/example_latest_only.py
[2025-03-01T14:30:32.473+0000] {processor.py:925} INFO - DAG(s) 'latest_only' retrieved from /home/airflow/.local/lib/python3.12/site-packages/airflow/example_dags/example_latest_only.py
[2025-03-01T14:30:32.495+0000] {logging_mixin.py:190} INFO - [2025-03-01T14:30:32.494+0000] {dag.py:3239} INFO - Sync 1 DAGs
[2025-03-01T14:30:32.518+0000] {logging_mixin.py:190} INFO - [2025-03-01T14:30:32.518+0000] {dag.py:4180} INFO - Setting next_dagrun for latest_only to 2025-03-01 08:00:00+00:00, run_after=2025-03-01 12:00:00+00:00
[2025-03-01T14:30:32.535+0000] {processor.py:208} INFO - Processing /home/airflow/.local/lib/python3.12/site-packages/airflow/example_dags/example_latest_only.py took 0.078 seconds
[2025-03-01T14:31:03.006+0000] {processor.py:186} INFO - Started process (PID=1745) to work on /home/airflow/.local/lib/python3.12/site-packages/airflow/example_dags/example_latest_only.py
[2025-03-01T14:31:03.007+0000] {processor.py:914} INFO - Processing file /home/airflow/.local/lib/python3.12/site-packages/airflow/example_dags/example_latest_only.py for tasks to queue
[2025-03-01T14:31:03.009+0000] {logging_mixin.py:190} INFO - [2025-03-01T14:31:03.008+0000] {dagbag.py:588} INFO - Filling up the DagBag from /home/airflow/.local/lib/python3.12/site-packages/airflow/example_dags/example_latest_only.py
[2025-03-01T14:31:03.015+0000] {processor.py:925} INFO - DAG(s) 'latest_only' retrieved from /home/airflow/.local/lib/python3.12/site-packages/airflow/example_dags/example_latest_only.py
[2025-03-01T14:31:03.035+0000] {logging_mixin.py:190} INFO - [2025-03-01T14:31:03.035+0000] {dag.py:3239} INFO - Sync 1 DAGs
[2025-03-01T14:31:03.058+0000] {logging_mixin.py:190} INFO - [2025-03-01T14:31:03.058+0000] {dag.py:4180} INFO - Setting next_dagrun for latest_only to 2025-03-01 08:00:00+00:00, run_after=2025-03-01 12:00:00+00:00
[2025-03-01T14:31:03.074+0000] {processor.py:208} INFO - Processing /home/airflow/.local/lib/python3.12/site-packages/airflow/example_dags/example_latest_only.py took 0.074 seconds
[2025-03-01T14:31:33.817+0000] {processor.py:186} INFO - Started process (PID=1808) to work on /home/airflow/.local/lib/python3.12/site-packages/airflow/example_dags/example_latest_only.py
[2025-03-01T14:31:33.818+0000] {processor.py:914} INFO - Processing file /home/airflow/.local/lib/python3.12/site-packages/airflow/example_dags/example_latest_only.py for tasks to queue
[2025-03-01T14:31:33.820+0000] {logging_mixin.py:190} INFO - [2025-03-01T14:31:33.820+0000] {dagbag.py:588} INFO - Filling up the DagBag from /home/airflow/.local/lib/python3.12/site-packages/airflow/example_dags/example_latest_only.py
[2025-03-01T14:31:33.825+0000] {processor.py:925} INFO - DAG(s) 'latest_only' retrieved from /home/airflow/.local/lib/python3.12/site-packages/airflow/example_dags/example_latest_only.py
[2025-03-01T14:31:33.838+0000] {logging_mixin.py:190} INFO - [2025-03-01T14:31:33.838+0000] {dag.py:3239} INFO - Sync 1 DAGs
[2025-03-01T14:31:33.858+0000] {logging_mixin.py:190} INFO - [2025-03-01T14:31:33.858+0000] {dag.py:4180} INFO - Setting next_dagrun for latest_only to 2025-03-01 08:00:00+00:00, run_after=2025-03-01 12:00:00+00:00
[2025-03-01T14:31:33.872+0000] {processor.py:208} INFO - Processing /home/airflow/.local/lib/python3.12/site-packages/airflow/example_dags/example_latest_only.py took 0.060 seconds
[2025-03-01T14:32:04.410+0000] {processor.py:186} INFO - Started process (PID=1863) to work on /home/airflow/.local/lib/python3.12/site-packages/airflow/example_dags/example_latest_only.py
[2025-03-01T14:32:04.411+0000] {processor.py:914} INFO - Processing file /home/airflow/.local/lib/python3.12/site-packages/airflow/example_dags/example_latest_only.py for tasks to queue
[2025-03-01T14:32:04.413+0000] {logging_mixin.py:190} INFO - [2025-03-01T14:32:04.412+0000] {dagbag.py:588} INFO - Filling up the DagBag from /home/airflow/.local/lib/python3.12/site-packages/airflow/example_dags/example_latest_only.py
[2025-03-01T14:32:04.420+0000] {processor.py:925} INFO - DAG(s) 'latest_only' retrieved from /home/airflow/.local/lib/python3.12/site-packages/airflow/example_dags/example_latest_only.py
[2025-03-01T14:32:04.458+0000] {logging_mixin.py:190} INFO - [2025-03-01T14:32:04.457+0000] {dag.py:3239} INFO - Sync 1 DAGs
[2025-03-01T14:32:04.510+0000] {logging_mixin.py:190} INFO - [2025-03-01T14:32:04.510+0000] {dag.py:4180} INFO - Setting next_dagrun for latest_only to 2025-03-01 08:00:00+00:00, run_after=2025-03-01 12:00:00+00:00
[2025-03-01T14:32:04.561+0000] {processor.py:208} INFO - Processing /home/airflow/.local/lib/python3.12/site-packages/airflow/example_dags/example_latest_only.py took 0.157 seconds
[2025-03-01T14:32:34.695+0000] {processor.py:186} INFO - Started process (PID=1926) to work on /home/airflow/.local/lib/python3.12/site-packages/airflow/example_dags/example_latest_only.py
[2025-03-01T14:32:34.696+0000] {processor.py:914} INFO - Processing file /home/airflow/.local/lib/python3.12/site-packages/airflow/example_dags/example_latest_only.py for tasks to queue
[2025-03-01T14:32:34.698+0000] {logging_mixin.py:190} INFO - [2025-03-01T14:32:34.698+0000] {dagbag.py:588} INFO - Filling up the DagBag from /home/airflow/.local/lib/python3.12/site-packages/airflow/example_dags/example_latest_only.py
[2025-03-01T14:32:34.705+0000] {processor.py:925} INFO - DAG(s) 'latest_only' retrieved from /home/airflow/.local/lib/python3.12/site-packages/airflow/example_dags/example_latest_only.py
[2025-03-01T14:32:34.723+0000] {logging_mixin.py:190} INFO - [2025-03-01T14:32:34.722+0000] {dag.py:3239} INFO - Sync 1 DAGs
[2025-03-01T14:32:34.741+0000] {logging_mixin.py:190} INFO - [2025-03-01T14:32:34.741+0000] {dag.py:4180} INFO - Setting next_dagrun for latest_only to 2025-03-01 08:00:00+00:00, run_after=2025-03-01 12:00:00+00:00
[2025-03-01T14:32:34.752+0000] {processor.py:208} INFO - Processing /home/airflow/.local/lib/python3.12/site-packages/airflow/example_dags/example_latest_only.py took 0.063 seconds
[2025-03-01T14:33:05.741+0000] {processor.py:186} INFO - Started process (PID=1989) to work on /home/airflow/.local/lib/python3.12/site-packages/airflow/example_dags/example_latest_only.py
[2025-03-01T14:33:05.742+0000] {processor.py:914} INFO - Processing file /home/airflow/.local/lib/python3.12/site-packages/airflow/example_dags/example_latest_only.py for tasks to queue
[2025-03-01T14:33:05.744+0000] {logging_mixin.py:190} INFO - [2025-03-01T14:33:05.744+0000] {dagbag.py:588} INFO - Filling up the DagBag from /home/airflow/.local/lib/python3.12/site-packages/airflow/example_dags/example_latest_only.py
[2025-03-01T14:33:05.750+0000] {processor.py:925} INFO - DAG(s) 'latest_only' retrieved from /home/airflow/.local/lib/python3.12/site-packages/airflow/example_dags/example_latest_only.py
[2025-03-01T14:33:05.768+0000] {logging_mixin.py:190} INFO - [2025-03-01T14:33:05.768+0000] {dag.py:3239} INFO - Sync 1 DAGs
[2025-03-01T14:33:05.791+0000] {logging_mixin.py:190} INFO - [2025-03-01T14:33:05.791+0000] {dag.py:4180} INFO - Setting next_dagrun for latest_only to 2025-03-01 08:00:00+00:00, run_after=2025-03-01 12:00:00+00:00
[2025-03-01T14:33:05.805+0000] {processor.py:208} INFO - Processing /home/airflow/.local/lib/python3.12/site-packages/airflow/example_dags/example_latest_only.py took 0.070 seconds
