[2025-03-01T14:17:55.179+0000] {processor.py:186} INFO - Started process (PID=110) to work on /home/airflow/.local/lib/python3.12/site-packages/airflow/example_dags/example_short_circuit_operator.py
[2025-03-01T14:17:55.179+0000] {processor.py:914} INFO - Processing file /home/airflow/.local/lib/python3.12/site-packages/airflow/example_dags/example_short_circuit_operator.py for tasks to queue
[2025-03-01T14:17:55.182+0000] {logging_mixin.py:190} INFO - [2025-03-01T14:17:55.181+0000] {dagbag.py:588} INFO - Filling up the DagBag from /home/airflow/.local/lib/python3.12/site-packages/airflow/example_dags/example_short_circuit_operator.py
[2025-03-01T14:17:55.191+0000] {processor.py:925} INFO - DAG(s) 'example_short_circuit_operator' retrieved from /home/airflow/.local/lib/python3.12/site-packages/airflow/example_dags/example_short_circuit_operator.py
[2025-03-01T14:17:55.440+0000] {logging_mixin.py:190} INFO - [2025-03-01T14:17:55.429+0000] {override.py:1912} INFO - Created Permission View: can edit on DAG:example_short_circuit_operator
[2025-03-01T14:17:55.473+0000] {logging_mixin.py:190} INFO - [2025-03-01T14:17:55.473+0000] {override.py:1912} INFO - Created Permission View: can read on DAG:example_short_circuit_operator
[2025-03-01T14:17:55.487+0000] {logging_mixin.py:190} INFO - [2025-03-01T14:17:55.487+0000] {override.py:1912} INFO - Created Permission View: can delete on DAG:example_short_circuit_operator
[2025-03-01T14:17:55.499+0000] {logging_mixin.py:190} INFO - [2025-03-01T14:17:55.499+0000] {override.py:1912} INFO - Created Permission View: menu access on DAG Run:example_short_circuit_operator
[2025-03-01T14:17:55.520+0000] {logging_mixin.py:190} INFO - [2025-03-01T14:17:55.519+0000] {override.py:1912} INFO - Created Permission View: can read on DAG Run:example_short_circuit_operator
[2025-03-01T14:17:55.538+0000] {logging_mixin.py:190} INFO - [2025-03-01T14:17:55.538+0000] {override.py:1912} INFO - Created Permission View: can create on DAG Run:example_short_circuit_operator
[2025-03-01T14:17:55.552+0000] {logging_mixin.py:190} INFO - [2025-03-01T14:17:55.552+0000] {override.py:1912} INFO - Created Permission View: can delete on DAG Run:example_short_circuit_operator
[2025-03-01T14:17:55.553+0000] {logging_mixin.py:190} INFO - [2025-03-01T14:17:55.553+0000] {dag.py:3239} INFO - Sync 1 DAGs
[2025-03-01T14:17:55.612+0000] {logging_mixin.py:190} INFO - [2025-03-01T14:17:55.611+0000] {dag.py:3262} INFO - Creating ORM DAG for example_short_circuit_operator
[2025-03-01T14:17:55.612+0000] {logging_mixin.py:190} INFO - [2025-03-01T14:17:55.612+0000] {dag.py:4180} INFO - Setting next_dagrun for example_short_circuit_operator to None, run_after=None
[2025-03-01T14:17:55.699+0000] {processor.py:208} INFO - Processing /home/airflow/.local/lib/python3.12/site-packages/airflow/example_dags/example_short_circuit_operator.py took 0.527 seconds
[2025-03-01T14:18:26.199+0000] {processor.py:186} INFO - Started process (PID=173) to work on /home/airflow/.local/lib/python3.12/site-packages/airflow/example_dags/example_short_circuit_operator.py
[2025-03-01T14:18:26.200+0000] {processor.py:914} INFO - Processing file /home/airflow/.local/lib/python3.12/site-packages/airflow/example_dags/example_short_circuit_operator.py for tasks to queue
[2025-03-01T14:18:26.202+0000] {logging_mixin.py:190} INFO - [2025-03-01T14:18:26.202+0000] {dagbag.py:588} INFO - Filling up the DagBag from /home/airflow/.local/lib/python3.12/site-packages/airflow/example_dags/example_short_circuit_operator.py
[2025-03-01T14:18:26.210+0000] {processor.py:925} INFO - DAG(s) 'example_short_circuit_operator' retrieved from /home/airflow/.local/lib/python3.12/site-packages/airflow/example_dags/example_short_circuit_operator.py
[2025-03-01T14:18:26.234+0000] {logging_mixin.py:190} INFO - [2025-03-01T14:18:26.233+0000] {dag.py:3239} INFO - Sync 1 DAGs
[2025-03-01T14:18:26.251+0000] {logging_mixin.py:190} INFO - [2025-03-01T14:18:26.251+0000] {dag.py:4180} INFO - Setting next_dagrun for example_short_circuit_operator to None, run_after=None
[2025-03-01T14:18:26.266+0000] {processor.py:208} INFO - Processing /home/airflow/.local/lib/python3.12/site-packages/airflow/example_dags/example_short_circuit_operator.py took 0.073 seconds
[2025-03-01T14:18:56.397+0000] {processor.py:186} INFO - Started process (PID=236) to work on /home/airflow/.local/lib/python3.12/site-packages/airflow/example_dags/example_short_circuit_operator.py
[2025-03-01T14:18:56.397+0000] {processor.py:914} INFO - Processing file /home/airflow/.local/lib/python3.12/site-packages/airflow/example_dags/example_short_circuit_operator.py for tasks to queue
[2025-03-01T14:18:56.401+0000] {logging_mixin.py:190} INFO - [2025-03-01T14:18:56.401+0000] {dagbag.py:588} INFO - Filling up the DagBag from /home/airflow/.local/lib/python3.12/site-packages/airflow/example_dags/example_short_circuit_operator.py
[2025-03-01T14:18:56.409+0000] {processor.py:925} INFO - DAG(s) 'example_short_circuit_operator' retrieved from /home/airflow/.local/lib/python3.12/site-packages/airflow/example_dags/example_short_circuit_operator.py
[2025-03-01T14:18:56.438+0000] {logging_mixin.py:190} INFO - [2025-03-01T14:18:56.438+0000] {dag.py:3239} INFO - Sync 1 DAGs
[2025-03-01T14:18:56.456+0000] {logging_mixin.py:190} INFO - [2025-03-01T14:18:56.456+0000] {dag.py:4180} INFO - Setting next_dagrun for example_short_circuit_operator to None, run_after=None
[2025-03-01T14:18:56.496+0000] {processor.py:208} INFO - Processing /home/airflow/.local/lib/python3.12/site-packages/airflow/example_dags/example_short_circuit_operator.py took 0.105 seconds
[2025-03-01T14:19:26.547+0000] {processor.py:186} INFO - Started process (PID=298) to work on /home/airflow/.local/lib/python3.12/site-packages/airflow/example_dags/example_short_circuit_operator.py
[2025-03-01T14:19:26.547+0000] {processor.py:914} INFO - Processing file /home/airflow/.local/lib/python3.12/site-packages/airflow/example_dags/example_short_circuit_operator.py for tasks to queue
[2025-03-01T14:19:26.550+0000] {logging_mixin.py:190} INFO - [2025-03-01T14:19:26.550+0000] {dagbag.py:588} INFO - Filling up the DagBag from /home/airflow/.local/lib/python3.12/site-packages/airflow/example_dags/example_short_circuit_operator.py
[2025-03-01T14:19:26.558+0000] {processor.py:925} INFO - DAG(s) 'example_short_circuit_operator' retrieved from /home/airflow/.local/lib/python3.12/site-packages/airflow/example_dags/example_short_circuit_operator.py
[2025-03-01T14:19:26.575+0000] {logging_mixin.py:190} INFO - [2025-03-01T14:19:26.575+0000] {dag.py:3239} INFO - Sync 1 DAGs
[2025-03-01T14:19:26.585+0000] {logging_mixin.py:190} INFO - [2025-03-01T14:19:26.585+0000] {dag.py:4180} INFO - Setting next_dagrun for example_short_circuit_operator to None, run_after=None
[2025-03-01T14:19:26.597+0000] {processor.py:208} INFO - Processing /home/airflow/.local/lib/python3.12/site-packages/airflow/example_dags/example_short_circuit_operator.py took 0.057 seconds
[2025-03-01T14:19:57.108+0000] {processor.py:186} INFO - Started process (PID=361) to work on /home/airflow/.local/lib/python3.12/site-packages/airflow/example_dags/example_short_circuit_operator.py
[2025-03-01T14:19:57.109+0000] {processor.py:914} INFO - Processing file /home/airflow/.local/lib/python3.12/site-packages/airflow/example_dags/example_short_circuit_operator.py for tasks to queue
[2025-03-01T14:19:57.122+0000] {logging_mixin.py:190} INFO - [2025-03-01T14:19:57.122+0000] {dagbag.py:588} INFO - Filling up the DagBag from /home/airflow/.local/lib/python3.12/site-packages/airflow/example_dags/example_short_circuit_operator.py
[2025-03-01T14:19:57.141+0000] {processor.py:925} INFO - DAG(s) 'example_short_circuit_operator' retrieved from /home/airflow/.local/lib/python3.12/site-packages/airflow/example_dags/example_short_circuit_operator.py
[2025-03-01T14:19:57.178+0000] {logging_mixin.py:190} INFO - [2025-03-01T14:19:57.178+0000] {dag.py:3239} INFO - Sync 1 DAGs
[2025-03-01T14:19:57.195+0000] {logging_mixin.py:190} INFO - [2025-03-01T14:19:57.195+0000] {dag.py:4180} INFO - Setting next_dagrun for example_short_circuit_operator to None, run_after=None
[2025-03-01T14:19:57.212+0000] {processor.py:208} INFO - Processing /home/airflow/.local/lib/python3.12/site-packages/airflow/example_dags/example_short_circuit_operator.py took 0.127 seconds
[2025-03-01T14:20:29.560+0000] {processor.py:186} INFO - Started process (PID=430) to work on /home/airflow/.local/lib/python3.12/site-packages/airflow/example_dags/example_short_circuit_operator.py
[2025-03-01T14:20:29.561+0000] {processor.py:914} INFO - Processing file /home/airflow/.local/lib/python3.12/site-packages/airflow/example_dags/example_short_circuit_operator.py for tasks to queue
[2025-03-01T14:20:29.564+0000] {logging_mixin.py:190} INFO - [2025-03-01T14:20:29.563+0000] {dagbag.py:588} INFO - Filling up the DagBag from /home/airflow/.local/lib/python3.12/site-packages/airflow/example_dags/example_short_circuit_operator.py
[2025-03-01T14:20:29.601+0000] {processor.py:925} INFO - DAG(s) 'example_short_circuit_operator' retrieved from /home/airflow/.local/lib/python3.12/site-packages/airflow/example_dags/example_short_circuit_operator.py
[2025-03-01T14:20:29.680+0000] {logging_mixin.py:190} INFO - [2025-03-01T14:20:29.680+0000] {dag.py:3239} INFO - Sync 1 DAGs
[2025-03-01T14:20:29.707+0000] {logging_mixin.py:190} INFO - [2025-03-01T14:20:29.707+0000] {dag.py:4180} INFO - Setting next_dagrun for example_short_circuit_operator to None, run_after=None
[2025-03-01T14:20:29.766+0000] {processor.py:208} INFO - Processing /home/airflow/.local/lib/python3.12/site-packages/airflow/example_dags/example_short_circuit_operator.py took 0.211 seconds
[2025-03-01T14:21:00.942+0000] {processor.py:186} INFO - Started process (PID=493) to work on /home/airflow/.local/lib/python3.12/site-packages/airflow/example_dags/example_short_circuit_operator.py
[2025-03-01T14:21:00.950+0000] {processor.py:914} INFO - Processing file /home/airflow/.local/lib/python3.12/site-packages/airflow/example_dags/example_short_circuit_operator.py for tasks to queue
[2025-03-01T14:21:00.952+0000] {logging_mixin.py:190} INFO - [2025-03-01T14:21:00.951+0000] {dagbag.py:588} INFO - Filling up the DagBag from /home/airflow/.local/lib/python3.12/site-packages/airflow/example_dags/example_short_circuit_operator.py
[2025-03-01T14:21:00.961+0000] {processor.py:925} INFO - DAG(s) 'example_short_circuit_operator' retrieved from /home/airflow/.local/lib/python3.12/site-packages/airflow/example_dags/example_short_circuit_operator.py
[2025-03-01T14:21:01.001+0000] {logging_mixin.py:190} INFO - [2025-03-01T14:21:01.001+0000] {dag.py:3239} INFO - Sync 1 DAGs
[2025-03-01T14:21:01.023+0000] {logging_mixin.py:190} INFO - [2025-03-01T14:21:01.023+0000] {dag.py:4180} INFO - Setting next_dagrun for example_short_circuit_operator to None, run_after=None
[2025-03-01T14:21:01.074+0000] {processor.py:208} INFO - Processing /home/airflow/.local/lib/python3.12/site-packages/airflow/example_dags/example_short_circuit_operator.py took 0.149 seconds
[2025-03-01T14:21:31.163+0000] {processor.py:186} INFO - Started process (PID=555) to work on /home/airflow/.local/lib/python3.12/site-packages/airflow/example_dags/example_short_circuit_operator.py
[2025-03-01T14:21:31.164+0000] {processor.py:914} INFO - Processing file /home/airflow/.local/lib/python3.12/site-packages/airflow/example_dags/example_short_circuit_operator.py for tasks to queue
[2025-03-01T14:21:31.166+0000] {logging_mixin.py:190} INFO - [2025-03-01T14:21:31.166+0000] {dagbag.py:588} INFO - Filling up the DagBag from /home/airflow/.local/lib/python3.12/site-packages/airflow/example_dags/example_short_circuit_operator.py
[2025-03-01T14:21:31.176+0000] {processor.py:925} INFO - DAG(s) 'example_short_circuit_operator' retrieved from /home/airflow/.local/lib/python3.12/site-packages/airflow/example_dags/example_short_circuit_operator.py
[2025-03-01T14:21:31.205+0000] {logging_mixin.py:190} INFO - [2025-03-01T14:21:31.204+0000] {dag.py:3239} INFO - Sync 1 DAGs
[2025-03-01T14:21:31.220+0000] {logging_mixin.py:190} INFO - [2025-03-01T14:21:31.220+0000] {dag.py:4180} INFO - Setting next_dagrun for example_short_circuit_operator to None, run_after=None
[2025-03-01T14:21:31.237+0000] {processor.py:208} INFO - Processing /home/airflow/.local/lib/python3.12/site-packages/airflow/example_dags/example_short_circuit_operator.py took 0.080 seconds
[2025-03-01T14:22:02.897+0000] {processor.py:186} INFO - Started process (PID=619) to work on /home/airflow/.local/lib/python3.12/site-packages/airflow/example_dags/example_short_circuit_operator.py
[2025-03-01T14:22:02.898+0000] {processor.py:914} INFO - Processing file /home/airflow/.local/lib/python3.12/site-packages/airflow/example_dags/example_short_circuit_operator.py for tasks to queue
[2025-03-01T14:22:02.900+0000] {logging_mixin.py:190} INFO - [2025-03-01T14:22:02.899+0000] {dagbag.py:588} INFO - Filling up the DagBag from /home/airflow/.local/lib/python3.12/site-packages/airflow/example_dags/example_short_circuit_operator.py
[2025-03-01T14:22:02.908+0000] {processor.py:925} INFO - DAG(s) 'example_short_circuit_operator' retrieved from /home/airflow/.local/lib/python3.12/site-packages/airflow/example_dags/example_short_circuit_operator.py
[2025-03-01T14:22:02.932+0000] {logging_mixin.py:190} INFO - [2025-03-01T14:22:02.932+0000] {dag.py:3239} INFO - Sync 1 DAGs
[2025-03-01T14:22:02.947+0000] {logging_mixin.py:190} INFO - [2025-03-01T14:22:02.947+0000] {dag.py:4180} INFO - Setting next_dagrun for example_short_circuit_operator to None, run_after=None
[2025-03-01T14:22:02.964+0000] {processor.py:208} INFO - Processing /home/airflow/.local/lib/python3.12/site-packages/airflow/example_dags/example_short_circuit_operator.py took 0.073 seconds
[2025-03-01T14:22:34.395+0000] {processor.py:186} INFO - Started process (PID=683) to work on /home/airflow/.local/lib/python3.12/site-packages/airflow/example_dags/example_short_circuit_operator.py
[2025-03-01T14:22:34.402+0000] {processor.py:914} INFO - Processing file /home/airflow/.local/lib/python3.12/site-packages/airflow/example_dags/example_short_circuit_operator.py for tasks to queue
[2025-03-01T14:22:34.408+0000] {logging_mixin.py:190} INFO - [2025-03-01T14:22:34.408+0000] {dagbag.py:588} INFO - Filling up the DagBag from /home/airflow/.local/lib/python3.12/site-packages/airflow/example_dags/example_short_circuit_operator.py
[2025-03-01T14:22:34.446+0000] {processor.py:925} INFO - DAG(s) 'example_short_circuit_operator' retrieved from /home/airflow/.local/lib/python3.12/site-packages/airflow/example_dags/example_short_circuit_operator.py
[2025-03-01T14:22:34.484+0000] {logging_mixin.py:190} INFO - [2025-03-01T14:22:34.484+0000] {dag.py:3239} INFO - Sync 1 DAGs
[2025-03-01T14:22:34.515+0000] {logging_mixin.py:190} INFO - [2025-03-01T14:22:34.515+0000] {dag.py:4180} INFO - Setting next_dagrun for example_short_circuit_operator to None, run_after=None
[2025-03-01T14:22:34.561+0000] {processor.py:208} INFO - Processing /home/airflow/.local/lib/python3.12/site-packages/airflow/example_dags/example_short_circuit_operator.py took 0.190 seconds
[2025-03-01T14:23:05.602+0000] {processor.py:186} INFO - Started process (PID=747) to work on /home/airflow/.local/lib/python3.12/site-packages/airflow/example_dags/example_short_circuit_operator.py
[2025-03-01T14:23:05.606+0000] {processor.py:914} INFO - Processing file /home/airflow/.local/lib/python3.12/site-packages/airflow/example_dags/example_short_circuit_operator.py for tasks to queue
[2025-03-01T14:23:05.611+0000] {logging_mixin.py:190} INFO - [2025-03-01T14:23:05.609+0000] {dagbag.py:588} INFO - Filling up the DagBag from /home/airflow/.local/lib/python3.12/site-packages/airflow/example_dags/example_short_circuit_operator.py
[2025-03-01T14:23:05.640+0000] {processor.py:925} INFO - DAG(s) 'example_short_circuit_operator' retrieved from /home/airflow/.local/lib/python3.12/site-packages/airflow/example_dags/example_short_circuit_operator.py
[2025-03-01T14:23:05.674+0000] {logging_mixin.py:190} INFO - [2025-03-01T14:23:05.674+0000] {dag.py:3239} INFO - Sync 1 DAGs
[2025-03-01T14:23:05.689+0000] {logging_mixin.py:190} INFO - [2025-03-01T14:23:05.689+0000] {dag.py:4180} INFO - Setting next_dagrun for example_short_circuit_operator to None, run_after=None
[2025-03-01T14:23:05.707+0000] {processor.py:208} INFO - Processing /home/airflow/.local/lib/python3.12/site-packages/airflow/example_dags/example_short_circuit_operator.py took 0.118 seconds
[2025-03-01T14:23:36.882+0000] {processor.py:186} INFO - Started process (PID=811) to work on /home/airflow/.local/lib/python3.12/site-packages/airflow/example_dags/example_short_circuit_operator.py
[2025-03-01T14:23:36.883+0000] {processor.py:914} INFO - Processing file /home/airflow/.local/lib/python3.12/site-packages/airflow/example_dags/example_short_circuit_operator.py for tasks to queue
[2025-03-01T14:23:36.885+0000] {logging_mixin.py:190} INFO - [2025-03-01T14:23:36.884+0000] {dagbag.py:588} INFO - Filling up the DagBag from /home/airflow/.local/lib/python3.12/site-packages/airflow/example_dags/example_short_circuit_operator.py
[2025-03-01T14:23:36.892+0000] {processor.py:925} INFO - DAG(s) 'example_short_circuit_operator' retrieved from /home/airflow/.local/lib/python3.12/site-packages/airflow/example_dags/example_short_circuit_operator.py
[2025-03-01T14:23:36.909+0000] {logging_mixin.py:190} INFO - [2025-03-01T14:23:36.909+0000] {dag.py:3239} INFO - Sync 1 DAGs
[2025-03-01T14:23:36.920+0000] {logging_mixin.py:190} INFO - [2025-03-01T14:23:36.920+0000] {dag.py:4180} INFO - Setting next_dagrun for example_short_circuit_operator to None, run_after=None
[2025-03-01T14:23:36.932+0000] {processor.py:208} INFO - Processing /home/airflow/.local/lib/python3.12/site-packages/airflow/example_dags/example_short_circuit_operator.py took 0.054 seconds
[2025-03-01T14:24:08.365+0000] {processor.py:186} INFO - Started process (PID=877) to work on /home/airflow/.local/lib/python3.12/site-packages/airflow/example_dags/example_short_circuit_operator.py
[2025-03-01T14:24:08.373+0000] {processor.py:914} INFO - Processing file /home/airflow/.local/lib/python3.12/site-packages/airflow/example_dags/example_short_circuit_operator.py for tasks to queue
[2025-03-01T14:24:08.375+0000] {logging_mixin.py:190} INFO - [2025-03-01T14:24:08.375+0000] {dagbag.py:588} INFO - Filling up the DagBag from /home/airflow/.local/lib/python3.12/site-packages/airflow/example_dags/example_short_circuit_operator.py
[2025-03-01T14:24:08.385+0000] {processor.py:925} INFO - DAG(s) 'example_short_circuit_operator' retrieved from /home/airflow/.local/lib/python3.12/site-packages/airflow/example_dags/example_short_circuit_operator.py
[2025-03-01T14:24:08.412+0000] {logging_mixin.py:190} INFO - [2025-03-01T14:24:08.412+0000] {dag.py:3239} INFO - Sync 1 DAGs
[2025-03-01T14:24:08.441+0000] {logging_mixin.py:190} INFO - [2025-03-01T14:24:08.441+0000] {dag.py:4180} INFO - Setting next_dagrun for example_short_circuit_operator to None, run_after=None
[2025-03-01T14:24:08.469+0000] {processor.py:208} INFO - Processing /home/airflow/.local/lib/python3.12/site-packages/airflow/example_dags/example_short_circuit_operator.py took 0.110 seconds
[2025-03-01T14:24:40.053+0000] {processor.py:186} INFO - Started process (PID=943) to work on /home/airflow/.local/lib/python3.12/site-packages/airflow/example_dags/example_short_circuit_operator.py
[2025-03-01T14:24:40.054+0000] {processor.py:914} INFO - Processing file /home/airflow/.local/lib/python3.12/site-packages/airflow/example_dags/example_short_circuit_operator.py for tasks to queue
[2025-03-01T14:24:40.055+0000] {logging_mixin.py:190} INFO - [2025-03-01T14:24:40.055+0000] {dagbag.py:588} INFO - Filling up the DagBag from /home/airflow/.local/lib/python3.12/site-packages/airflow/example_dags/example_short_circuit_operator.py
[2025-03-01T14:24:40.064+0000] {processor.py:925} INFO - DAG(s) 'example_short_circuit_operator' retrieved from /home/airflow/.local/lib/python3.12/site-packages/airflow/example_dags/example_short_circuit_operator.py
[2025-03-01T14:24:40.088+0000] {logging_mixin.py:190} INFO - [2025-03-01T14:24:40.088+0000] {dag.py:3239} INFO - Sync 1 DAGs
[2025-03-01T14:24:40.102+0000] {logging_mixin.py:190} INFO - [2025-03-01T14:24:40.102+0000] {dag.py:4180} INFO - Setting next_dagrun for example_short_circuit_operator to None, run_after=None
[2025-03-01T14:24:40.118+0000] {processor.py:208} INFO - Processing /home/airflow/.local/lib/python3.12/site-packages/airflow/example_dags/example_short_circuit_operator.py took 0.071 seconds
[2025-03-01T14:25:11.317+0000] {processor.py:186} INFO - Started process (PID=1007) to work on /home/airflow/.local/lib/python3.12/site-packages/airflow/example_dags/example_short_circuit_operator.py
[2025-03-01T14:25:11.318+0000] {processor.py:914} INFO - Processing file /home/airflow/.local/lib/python3.12/site-packages/airflow/example_dags/example_short_circuit_operator.py for tasks to queue
[2025-03-01T14:25:11.320+0000] {logging_mixin.py:190} INFO - [2025-03-01T14:25:11.320+0000] {dagbag.py:588} INFO - Filling up the DagBag from /home/airflow/.local/lib/python3.12/site-packages/airflow/example_dags/example_short_circuit_operator.py
[2025-03-01T14:25:11.329+0000] {processor.py:925} INFO - DAG(s) 'example_short_circuit_operator' retrieved from /home/airflow/.local/lib/python3.12/site-packages/airflow/example_dags/example_short_circuit_operator.py
[2025-03-01T14:25:11.353+0000] {logging_mixin.py:190} INFO - [2025-03-01T14:25:11.353+0000] {dag.py:3239} INFO - Sync 1 DAGs
[2025-03-01T14:25:11.368+0000] {logging_mixin.py:190} INFO - [2025-03-01T14:25:11.368+0000] {dag.py:4180} INFO - Setting next_dagrun for example_short_circuit_operator to None, run_after=None
[2025-03-01T14:25:11.385+0000] {processor.py:208} INFO - Processing /home/airflow/.local/lib/python3.12/site-packages/airflow/example_dags/example_short_circuit_operator.py took 0.073 seconds
[2025-03-01T14:25:42.541+0000] {processor.py:186} INFO - Started process (PID=1070) to work on /home/airflow/.local/lib/python3.12/site-packages/airflow/example_dags/example_short_circuit_operator.py
[2025-03-01T14:25:42.542+0000] {processor.py:914} INFO - Processing file /home/airflow/.local/lib/python3.12/site-packages/airflow/example_dags/example_short_circuit_operator.py for tasks to queue
[2025-03-01T14:25:42.544+0000] {logging_mixin.py:190} INFO - [2025-03-01T14:25:42.544+0000] {dagbag.py:588} INFO - Filling up the DagBag from /home/airflow/.local/lib/python3.12/site-packages/airflow/example_dags/example_short_circuit_operator.py
[2025-03-01T14:25:42.553+0000] {processor.py:925} INFO - DAG(s) 'example_short_circuit_operator' retrieved from /home/airflow/.local/lib/python3.12/site-packages/airflow/example_dags/example_short_circuit_operator.py
[2025-03-01T14:25:42.576+0000] {logging_mixin.py:190} INFO - [2025-03-01T14:25:42.576+0000] {dag.py:3239} INFO - Sync 1 DAGs
[2025-03-01T14:25:42.590+0000] {logging_mixin.py:190} INFO - [2025-03-01T14:25:42.590+0000] {dag.py:4180} INFO - Setting next_dagrun for example_short_circuit_operator to None, run_after=None
[2025-03-01T14:25:42.606+0000] {processor.py:208} INFO - Processing /home/airflow/.local/lib/python3.12/site-packages/airflow/example_dags/example_short_circuit_operator.py took 0.071 seconds
[2025-03-01T14:26:14.428+0000] {processor.py:186} INFO - Started process (PID=1134) to work on /home/airflow/.local/lib/python3.12/site-packages/airflow/example_dags/example_short_circuit_operator.py
[2025-03-01T14:26:14.429+0000] {processor.py:914} INFO - Processing file /home/airflow/.local/lib/python3.12/site-packages/airflow/example_dags/example_short_circuit_operator.py for tasks to queue
[2025-03-01T14:26:14.431+0000] {logging_mixin.py:190} INFO - [2025-03-01T14:26:14.431+0000] {dagbag.py:588} INFO - Filling up the DagBag from /home/airflow/.local/lib/python3.12/site-packages/airflow/example_dags/example_short_circuit_operator.py
[2025-03-01T14:26:14.440+0000] {processor.py:925} INFO - DAG(s) 'example_short_circuit_operator' retrieved from /home/airflow/.local/lib/python3.12/site-packages/airflow/example_dags/example_short_circuit_operator.py
[2025-03-01T14:26:14.464+0000] {logging_mixin.py:190} INFO - [2025-03-01T14:26:14.464+0000] {dag.py:3239} INFO - Sync 1 DAGs
[2025-03-01T14:26:14.479+0000] {logging_mixin.py:190} INFO - [2025-03-01T14:26:14.479+0000] {dag.py:4180} INFO - Setting next_dagrun for example_short_circuit_operator to None, run_after=None
[2025-03-01T14:26:14.495+0000] {processor.py:208} INFO - Processing /home/airflow/.local/lib/python3.12/site-packages/airflow/example_dags/example_short_circuit_operator.py took 0.073 seconds
[2025-03-01T14:26:46.331+0000] {processor.py:186} INFO - Started process (PID=1203) to work on /home/airflow/.local/lib/python3.12/site-packages/airflow/example_dags/example_short_circuit_operator.py
[2025-03-01T14:26:46.332+0000] {processor.py:914} INFO - Processing file /home/airflow/.local/lib/python3.12/site-packages/airflow/example_dags/example_short_circuit_operator.py for tasks to queue
[2025-03-01T14:26:46.334+0000] {logging_mixin.py:190} INFO - [2025-03-01T14:26:46.334+0000] {dagbag.py:588} INFO - Filling up the DagBag from /home/airflow/.local/lib/python3.12/site-packages/airflow/example_dags/example_short_circuit_operator.py
[2025-03-01T14:26:46.344+0000] {processor.py:925} INFO - DAG(s) 'example_short_circuit_operator' retrieved from /home/airflow/.local/lib/python3.12/site-packages/airflow/example_dags/example_short_circuit_operator.py
[2025-03-01T14:26:46.366+0000] {logging_mixin.py:190} INFO - [2025-03-01T14:26:46.365+0000] {dag.py:3239} INFO - Sync 1 DAGs
[2025-03-01T14:26:46.381+0000] {logging_mixin.py:190} INFO - [2025-03-01T14:26:46.380+0000] {dag.py:4180} INFO - Setting next_dagrun for example_short_circuit_operator to None, run_after=None
[2025-03-01T14:26:46.397+0000] {processor.py:208} INFO - Processing /home/airflow/.local/lib/python3.12/site-packages/airflow/example_dags/example_short_circuit_operator.py took 0.072 seconds
[2025-03-01T14:27:18.027+0000] {processor.py:186} INFO - Started process (PID=1266) to work on /home/airflow/.local/lib/python3.12/site-packages/airflow/example_dags/example_short_circuit_operator.py
[2025-03-01T14:27:18.028+0000] {processor.py:914} INFO - Processing file /home/airflow/.local/lib/python3.12/site-packages/airflow/example_dags/example_short_circuit_operator.py for tasks to queue
[2025-03-01T14:27:18.030+0000] {logging_mixin.py:190} INFO - [2025-03-01T14:27:18.030+0000] {dagbag.py:588} INFO - Filling up the DagBag from /home/airflow/.local/lib/python3.12/site-packages/airflow/example_dags/example_short_circuit_operator.py
[2025-03-01T14:27:18.039+0000] {processor.py:925} INFO - DAG(s) 'example_short_circuit_operator' retrieved from /home/airflow/.local/lib/python3.12/site-packages/airflow/example_dags/example_short_circuit_operator.py
[2025-03-01T14:27:18.097+0000] {logging_mixin.py:190} INFO - [2025-03-01T14:27:18.097+0000] {dag.py:3239} INFO - Sync 1 DAGs
[2025-03-01T14:27:18.125+0000] {logging_mixin.py:190} INFO - [2025-03-01T14:27:18.125+0000] {dag.py:4180} INFO - Setting next_dagrun for example_short_circuit_operator to None, run_after=None
[2025-03-01T14:27:18.161+0000] {processor.py:208} INFO - Processing /home/airflow/.local/lib/python3.12/site-packages/airflow/example_dags/example_short_circuit_operator.py took 0.141 seconds
[2025-03-01T14:27:49.568+0000] {processor.py:186} INFO - Started process (PID=1329) to work on /home/airflow/.local/lib/python3.12/site-packages/airflow/example_dags/example_short_circuit_operator.py
[2025-03-01T14:27:49.568+0000] {processor.py:914} INFO - Processing file /home/airflow/.local/lib/python3.12/site-packages/airflow/example_dags/example_short_circuit_operator.py for tasks to queue
[2025-03-01T14:27:49.571+0000] {logging_mixin.py:190} INFO - [2025-03-01T14:27:49.571+0000] {dagbag.py:588} INFO - Filling up the DagBag from /home/airflow/.local/lib/python3.12/site-packages/airflow/example_dags/example_short_circuit_operator.py
[2025-03-01T14:27:49.580+0000] {processor.py:925} INFO - DAG(s) 'example_short_circuit_operator' retrieved from /home/airflow/.local/lib/python3.12/site-packages/airflow/example_dags/example_short_circuit_operator.py
[2025-03-01T14:27:49.599+0000] {logging_mixin.py:190} INFO - [2025-03-01T14:27:49.599+0000] {dag.py:3239} INFO - Sync 1 DAGs
[2025-03-01T14:27:49.609+0000] {logging_mixin.py:190} INFO - [2025-03-01T14:27:49.609+0000] {dag.py:4180} INFO - Setting next_dagrun for example_short_circuit_operator to None, run_after=None
[2025-03-01T14:27:49.626+0000] {processor.py:208} INFO - Processing /home/airflow/.local/lib/python3.12/site-packages/airflow/example_dags/example_short_circuit_operator.py took 0.065 seconds
[2025-03-01T14:28:20.844+0000] {processor.py:186} INFO - Started process (PID=1392) to work on /home/airflow/.local/lib/python3.12/site-packages/airflow/example_dags/example_short_circuit_operator.py
[2025-03-01T14:28:20.844+0000] {processor.py:914} INFO - Processing file /home/airflow/.local/lib/python3.12/site-packages/airflow/example_dags/example_short_circuit_operator.py for tasks to queue
[2025-03-01T14:28:20.846+0000] {logging_mixin.py:190} INFO - [2025-03-01T14:28:20.846+0000] {dagbag.py:588} INFO - Filling up the DagBag from /home/airflow/.local/lib/python3.12/site-packages/airflow/example_dags/example_short_circuit_operator.py
[2025-03-01T14:28:20.855+0000] {processor.py:925} INFO - DAG(s) 'example_short_circuit_operator' retrieved from /home/airflow/.local/lib/python3.12/site-packages/airflow/example_dags/example_short_circuit_operator.py
[2025-03-01T14:28:20.878+0000] {logging_mixin.py:190} INFO - [2025-03-01T14:28:20.878+0000] {dag.py:3239} INFO - Sync 1 DAGs
[2025-03-01T14:28:20.893+0000] {logging_mixin.py:190} INFO - [2025-03-01T14:28:20.893+0000] {dag.py:4180} INFO - Setting next_dagrun for example_short_circuit_operator to None, run_after=None
[2025-03-01T14:28:20.910+0000] {processor.py:208} INFO - Processing /home/airflow/.local/lib/python3.12/site-packages/airflow/example_dags/example_short_circuit_operator.py took 0.071 seconds
[2025-03-01T14:28:52.603+0000] {processor.py:186} INFO - Started process (PID=1460) to work on /home/airflow/.local/lib/python3.12/site-packages/airflow/example_dags/example_short_circuit_operator.py
[2025-03-01T14:28:52.608+0000] {processor.py:914} INFO - Processing file /home/airflow/.local/lib/python3.12/site-packages/airflow/example_dags/example_short_circuit_operator.py for tasks to queue
[2025-03-01T14:28:52.611+0000] {logging_mixin.py:190} INFO - [2025-03-01T14:28:52.611+0000] {dagbag.py:588} INFO - Filling up the DagBag from /home/airflow/.local/lib/python3.12/site-packages/airflow/example_dags/example_short_circuit_operator.py
[2025-03-01T14:28:52.629+0000] {processor.py:925} INFO - DAG(s) 'example_short_circuit_operator' retrieved from /home/airflow/.local/lib/python3.12/site-packages/airflow/example_dags/example_short_circuit_operator.py
[2025-03-01T14:28:52.653+0000] {logging_mixin.py:190} INFO - [2025-03-01T14:28:52.653+0000] {dag.py:3239} INFO - Sync 1 DAGs
[2025-03-01T14:28:52.676+0000] {logging_mixin.py:190} INFO - [2025-03-01T14:28:52.676+0000] {dag.py:4180} INFO - Setting next_dagrun for example_short_circuit_operator to None, run_after=None
[2025-03-01T14:28:52.693+0000] {processor.py:208} INFO - Processing /home/airflow/.local/lib/python3.12/site-packages/airflow/example_dags/example_short_circuit_operator.py took 0.102 seconds
[2025-03-01T14:29:23.438+0000] {processor.py:186} INFO - Started process (PID=1523) to work on /home/airflow/.local/lib/python3.12/site-packages/airflow/example_dags/example_short_circuit_operator.py
[2025-03-01T14:29:23.439+0000] {processor.py:914} INFO - Processing file /home/airflow/.local/lib/python3.12/site-packages/airflow/example_dags/example_short_circuit_operator.py for tasks to queue
[2025-03-01T14:29:23.441+0000] {logging_mixin.py:190} INFO - [2025-03-01T14:29:23.441+0000] {dagbag.py:588} INFO - Filling up the DagBag from /home/airflow/.local/lib/python3.12/site-packages/airflow/example_dags/example_short_circuit_operator.py
[2025-03-01T14:29:23.450+0000] {processor.py:925} INFO - DAG(s) 'example_short_circuit_operator' retrieved from /home/airflow/.local/lib/python3.12/site-packages/airflow/example_dags/example_short_circuit_operator.py
[2025-03-01T14:29:23.473+0000] {logging_mixin.py:190} INFO - [2025-03-01T14:29:23.473+0000] {dag.py:3239} INFO - Sync 1 DAGs
[2025-03-01T14:29:23.489+0000] {logging_mixin.py:190} INFO - [2025-03-01T14:29:23.488+0000] {dag.py:4180} INFO - Setting next_dagrun for example_short_circuit_operator to None, run_after=None
[2025-03-01T14:29:23.505+0000] {processor.py:208} INFO - Processing /home/airflow/.local/lib/python3.12/site-packages/airflow/example_dags/example_short_circuit_operator.py took 0.073 seconds
[2025-03-01T14:29:53.838+0000] {processor.py:186} INFO - Started process (PID=1585) to work on /home/airflow/.local/lib/python3.12/site-packages/airflow/example_dags/example_short_circuit_operator.py
[2025-03-01T14:29:53.839+0000] {processor.py:914} INFO - Processing file /home/airflow/.local/lib/python3.12/site-packages/airflow/example_dags/example_short_circuit_operator.py for tasks to queue
[2025-03-01T14:29:53.843+0000] {logging_mixin.py:190} INFO - [2025-03-01T14:29:53.843+0000] {dagbag.py:588} INFO - Filling up the DagBag from /home/airflow/.local/lib/python3.12/site-packages/airflow/example_dags/example_short_circuit_operator.py
[2025-03-01T14:29:53.852+0000] {processor.py:925} INFO - DAG(s) 'example_short_circuit_operator' retrieved from /home/airflow/.local/lib/python3.12/site-packages/airflow/example_dags/example_short_circuit_operator.py
[2025-03-01T14:29:53.884+0000] {logging_mixin.py:190} INFO - [2025-03-01T14:29:53.883+0000] {dag.py:3239} INFO - Sync 1 DAGs
[2025-03-01T14:29:53.900+0000] {logging_mixin.py:190} INFO - [2025-03-01T14:29:53.900+0000] {dag.py:4180} INFO - Setting next_dagrun for example_short_circuit_operator to None, run_after=None
[2025-03-01T14:29:53.916+0000] {processor.py:208} INFO - Processing /home/airflow/.local/lib/python3.12/site-packages/airflow/example_dags/example_short_circuit_operator.py took 0.085 seconds
[2025-03-01T14:30:24.460+0000] {processor.py:186} INFO - Started process (PID=1648) to work on /home/airflow/.local/lib/python3.12/site-packages/airflow/example_dags/example_short_circuit_operator.py
[2025-03-01T14:30:24.465+0000] {processor.py:914} INFO - Processing file /home/airflow/.local/lib/python3.12/site-packages/airflow/example_dags/example_short_circuit_operator.py for tasks to queue
[2025-03-01T14:30:24.470+0000] {logging_mixin.py:190} INFO - [2025-03-01T14:30:24.470+0000] {dagbag.py:588} INFO - Filling up the DagBag from /home/airflow/.local/lib/python3.12/site-packages/airflow/example_dags/example_short_circuit_operator.py
[2025-03-01T14:30:24.488+0000] {processor.py:925} INFO - DAG(s) 'example_short_circuit_operator' retrieved from /home/airflow/.local/lib/python3.12/site-packages/airflow/example_dags/example_short_circuit_operator.py
[2025-03-01T14:30:24.563+0000] {logging_mixin.py:190} INFO - [2025-03-01T14:30:24.563+0000] {dag.py:3239} INFO - Sync 1 DAGs
[2025-03-01T14:30:24.594+0000] {logging_mixin.py:190} INFO - [2025-03-01T14:30:24.594+0000] {dag.py:4180} INFO - Setting next_dagrun for example_short_circuit_operator to None, run_after=None
[2025-03-01T14:30:24.626+0000] {processor.py:208} INFO - Processing /home/airflow/.local/lib/python3.12/site-packages/airflow/example_dags/example_short_circuit_operator.py took 0.172 seconds
[2025-03-01T14:30:55.085+0000] {processor.py:186} INFO - Started process (PID=1711) to work on /home/airflow/.local/lib/python3.12/site-packages/airflow/example_dags/example_short_circuit_operator.py
[2025-03-01T14:30:55.086+0000] {processor.py:914} INFO - Processing file /home/airflow/.local/lib/python3.12/site-packages/airflow/example_dags/example_short_circuit_operator.py for tasks to queue
[2025-03-01T14:30:55.088+0000] {logging_mixin.py:190} INFO - [2025-03-01T14:30:55.088+0000] {dagbag.py:588} INFO - Filling up the DagBag from /home/airflow/.local/lib/python3.12/site-packages/airflow/example_dags/example_short_circuit_operator.py
[2025-03-01T14:30:55.098+0000] {processor.py:925} INFO - DAG(s) 'example_short_circuit_operator' retrieved from /home/airflow/.local/lib/python3.12/site-packages/airflow/example_dags/example_short_circuit_operator.py
[2025-03-01T14:30:55.116+0000] {logging_mixin.py:190} INFO - [2025-03-01T14:30:55.116+0000] {dag.py:3239} INFO - Sync 1 DAGs
[2025-03-01T14:30:55.126+0000] {logging_mixin.py:190} INFO - [2025-03-01T14:30:55.125+0000] {dag.py:4180} INFO - Setting next_dagrun for example_short_circuit_operator to None, run_after=None
[2025-03-01T14:30:55.137+0000] {processor.py:208} INFO - Processing /home/airflow/.local/lib/python3.12/site-packages/airflow/example_dags/example_short_circuit_operator.py took 0.059 seconds
[2025-03-01T14:31:25.571+0000] {processor.py:186} INFO - Started process (PID=1775) to work on /home/airflow/.local/lib/python3.12/site-packages/airflow/example_dags/example_short_circuit_operator.py
[2025-03-01T14:31:25.577+0000] {processor.py:914} INFO - Processing file /home/airflow/.local/lib/python3.12/site-packages/airflow/example_dags/example_short_circuit_operator.py for tasks to queue
[2025-03-01T14:31:25.580+0000] {logging_mixin.py:190} INFO - [2025-03-01T14:31:25.579+0000] {dagbag.py:588} INFO - Filling up the DagBag from /home/airflow/.local/lib/python3.12/site-packages/airflow/example_dags/example_short_circuit_operator.py
[2025-03-01T14:31:25.593+0000] {processor.py:925} INFO - DAG(s) 'example_short_circuit_operator' retrieved from /home/airflow/.local/lib/python3.12/site-packages/airflow/example_dags/example_short_circuit_operator.py
[2025-03-01T14:31:25.616+0000] {logging_mixin.py:190} INFO - [2025-03-01T14:31:25.616+0000] {dag.py:3239} INFO - Sync 1 DAGs
[2025-03-01T14:31:25.631+0000] {logging_mixin.py:190} INFO - [2025-03-01T14:31:25.631+0000] {dag.py:4180} INFO - Setting next_dagrun for example_short_circuit_operator to None, run_after=None
[2025-03-01T14:31:25.647+0000] {processor.py:208} INFO - Processing /home/airflow/.local/lib/python3.12/site-packages/airflow/example_dags/example_short_circuit_operator.py took 0.088 seconds
[2025-03-01T14:31:56.079+0000] {processor.py:186} INFO - Started process (PID=1838) to work on /home/airflow/.local/lib/python3.12/site-packages/airflow/example_dags/example_short_circuit_operator.py
[2025-03-01T14:31:56.079+0000] {processor.py:914} INFO - Processing file /home/airflow/.local/lib/python3.12/site-packages/airflow/example_dags/example_short_circuit_operator.py for tasks to queue
[2025-03-01T14:31:56.082+0000] {logging_mixin.py:190} INFO - [2025-03-01T14:31:56.081+0000] {dagbag.py:588} INFO - Filling up the DagBag from /home/airflow/.local/lib/python3.12/site-packages/airflow/example_dags/example_short_circuit_operator.py
[2025-03-01T14:31:56.093+0000] {processor.py:925} INFO - DAG(s) 'example_short_circuit_operator' retrieved from /home/airflow/.local/lib/python3.12/site-packages/airflow/example_dags/example_short_circuit_operator.py
[2025-03-01T14:31:56.172+0000] {logging_mixin.py:190} INFO - [2025-03-01T14:31:56.172+0000] {dag.py:3239} INFO - Sync 1 DAGs
[2025-03-01T14:31:56.204+0000] {logging_mixin.py:190} INFO - [2025-03-01T14:31:56.204+0000] {dag.py:4180} INFO - Setting next_dagrun for example_short_circuit_operator to None, run_after=None
[2025-03-01T14:31:56.249+0000] {processor.py:208} INFO - Processing /home/airflow/.local/lib/python3.12/site-packages/airflow/example_dags/example_short_circuit_operator.py took 0.177 seconds
[2025-03-01T14:32:26.453+0000] {processor.py:186} INFO - Started process (PID=1901) to work on /home/airflow/.local/lib/python3.12/site-packages/airflow/example_dags/example_short_circuit_operator.py
[2025-03-01T14:32:26.453+0000] {processor.py:914} INFO - Processing file /home/airflow/.local/lib/python3.12/site-packages/airflow/example_dags/example_short_circuit_operator.py for tasks to queue
[2025-03-01T14:32:26.455+0000] {logging_mixin.py:190} INFO - [2025-03-01T14:32:26.455+0000] {dagbag.py:588} INFO - Filling up the DagBag from /home/airflow/.local/lib/python3.12/site-packages/airflow/example_dags/example_short_circuit_operator.py
[2025-03-01T14:32:26.461+0000] {processor.py:925} INFO - DAG(s) 'example_short_circuit_operator' retrieved from /home/airflow/.local/lib/python3.12/site-packages/airflow/example_dags/example_short_circuit_operator.py
[2025-03-01T14:32:26.477+0000] {logging_mixin.py:190} INFO - [2025-03-01T14:32:26.477+0000] {dag.py:3239} INFO - Sync 1 DAGs
[2025-03-01T14:32:26.487+0000] {logging_mixin.py:190} INFO - [2025-03-01T14:32:26.487+0000] {dag.py:4180} INFO - Setting next_dagrun for example_short_circuit_operator to None, run_after=None
[2025-03-01T14:32:26.500+0000] {processor.py:208} INFO - Processing /home/airflow/.local/lib/python3.12/site-packages/airflow/example_dags/example_short_circuit_operator.py took 0.051 seconds
[2025-03-01T14:32:56.730+0000] {processor.py:186} INFO - Started process (PID=1964) to work on /home/airflow/.local/lib/python3.12/site-packages/airflow/example_dags/example_short_circuit_operator.py
[2025-03-01T14:32:56.731+0000] {processor.py:914} INFO - Processing file /home/airflow/.local/lib/python3.12/site-packages/airflow/example_dags/example_short_circuit_operator.py for tasks to queue
[2025-03-01T14:32:56.733+0000] {logging_mixin.py:190} INFO - [2025-03-01T14:32:56.732+0000] {dagbag.py:588} INFO - Filling up the DagBag from /home/airflow/.local/lib/python3.12/site-packages/airflow/example_dags/example_short_circuit_operator.py
[2025-03-01T14:32:56.739+0000] {processor.py:925} INFO - DAG(s) 'example_short_circuit_operator' retrieved from /home/airflow/.local/lib/python3.12/site-packages/airflow/example_dags/example_short_circuit_operator.py
[2025-03-01T14:32:56.754+0000] {logging_mixin.py:190} INFO - [2025-03-01T14:32:56.754+0000] {dag.py:3239} INFO - Sync 1 DAGs
[2025-03-01T14:32:56.765+0000] {logging_mixin.py:190} INFO - [2025-03-01T14:32:56.765+0000] {dag.py:4180} INFO - Setting next_dagrun for example_short_circuit_operator to None, run_after=None
[2025-03-01T14:32:56.776+0000] {processor.py:208} INFO - Processing /home/airflow/.local/lib/python3.12/site-packages/airflow/example_dags/example_short_circuit_operator.py took 0.052 seconds
[2025-03-01T14:33:27.023+0000] {processor.py:186} INFO - Started process (PID=2027) to work on /home/airflow/.local/lib/python3.12/site-packages/airflow/example_dags/example_short_circuit_operator.py
[2025-03-01T14:33:27.023+0000] {processor.py:914} INFO - Processing file /home/airflow/.local/lib/python3.12/site-packages/airflow/example_dags/example_short_circuit_operator.py for tasks to queue
[2025-03-01T14:33:27.025+0000] {logging_mixin.py:190} INFO - [2025-03-01T14:33:27.025+0000] {dagbag.py:588} INFO - Filling up the DagBag from /home/airflow/.local/lib/python3.12/site-packages/airflow/example_dags/example_short_circuit_operator.py
[2025-03-01T14:33:27.031+0000] {processor.py:925} INFO - DAG(s) 'example_short_circuit_operator' retrieved from /home/airflow/.local/lib/python3.12/site-packages/airflow/example_dags/example_short_circuit_operator.py
[2025-03-01T14:33:27.048+0000] {logging_mixin.py:190} INFO - [2025-03-01T14:33:27.047+0000] {dag.py:3239} INFO - Sync 1 DAGs
[2025-03-01T14:33:27.058+0000] {logging_mixin.py:190} INFO - [2025-03-01T14:33:27.058+0000] {dag.py:4180} INFO - Setting next_dagrun for example_short_circuit_operator to None, run_after=None
[2025-03-01T14:33:27.070+0000] {processor.py:208} INFO - Processing /home/airflow/.local/lib/python3.12/site-packages/airflow/example_dags/example_short_circuit_operator.py took 0.051 seconds
[2025-03-01T14:33:57.509+0000] {processor.py:186} INFO - Started process (PID=2090) to work on /home/airflow/.local/lib/python3.12/site-packages/airflow/example_dags/example_short_circuit_operator.py
[2025-03-01T14:33:57.510+0000] {processor.py:914} INFO - Processing file /home/airflow/.local/lib/python3.12/site-packages/airflow/example_dags/example_short_circuit_operator.py for tasks to queue
[2025-03-01T14:33:57.513+0000] {logging_mixin.py:190} INFO - [2025-03-01T14:33:57.512+0000] {dagbag.py:588} INFO - Filling up the DagBag from /home/airflow/.local/lib/python3.12/site-packages/airflow/example_dags/example_short_circuit_operator.py
[2025-03-01T14:33:57.521+0000] {processor.py:925} INFO - DAG(s) 'example_short_circuit_operator' retrieved from /home/airflow/.local/lib/python3.12/site-packages/airflow/example_dags/example_short_circuit_operator.py
[2025-03-01T14:33:57.545+0000] {logging_mixin.py:190} INFO - [2025-03-01T14:33:57.545+0000] {dag.py:3239} INFO - Sync 1 DAGs
[2025-03-01T14:33:57.560+0000] {logging_mixin.py:190} INFO - [2025-03-01T14:33:57.560+0000] {dag.py:4180} INFO - Setting next_dagrun for example_short_circuit_operator to None, run_after=None
[2025-03-01T14:33:57.577+0000] {processor.py:208} INFO - Processing /home/airflow/.local/lib/python3.12/site-packages/airflow/example_dags/example_short_circuit_operator.py took 0.076 seconds
[2025-03-01T14:34:27.676+0000] {processor.py:186} INFO - Started process (PID=2152) to work on /home/airflow/.local/lib/python3.12/site-packages/airflow/example_dags/example_short_circuit_operator.py
[2025-03-01T14:34:27.676+0000] {processor.py:914} INFO - Processing file /home/airflow/.local/lib/python3.12/site-packages/airflow/example_dags/example_short_circuit_operator.py for tasks to queue
[2025-03-01T14:34:27.678+0000] {logging_mixin.py:190} INFO - [2025-03-01T14:34:27.678+0000] {dagbag.py:588} INFO - Filling up the DagBag from /home/airflow/.local/lib/python3.12/site-packages/airflow/example_dags/example_short_circuit_operator.py
[2025-03-01T14:34:27.685+0000] {processor.py:925} INFO - DAG(s) 'example_short_circuit_operator' retrieved from /home/airflow/.local/lib/python3.12/site-packages/airflow/example_dags/example_short_circuit_operator.py
[2025-03-01T14:34:27.703+0000] {logging_mixin.py:190} INFO - [2025-03-01T14:34:27.703+0000] {dag.py:3239} INFO - Sync 1 DAGs
[2025-03-01T14:34:27.713+0000] {logging_mixin.py:190} INFO - [2025-03-01T14:34:27.713+0000] {dag.py:4180} INFO - Setting next_dagrun for example_short_circuit_operator to None, run_after=None
[2025-03-01T14:34:27.737+0000] {processor.py:208} INFO - Processing /home/airflow/.local/lib/python3.12/site-packages/airflow/example_dags/example_short_circuit_operator.py took 0.066 seconds
[2025-03-01T14:34:58.141+0000] {processor.py:186} INFO - Started process (PID=2215) to work on /home/airflow/.local/lib/python3.12/site-packages/airflow/example_dags/example_short_circuit_operator.py
[2025-03-01T14:34:58.141+0000] {processor.py:914} INFO - Processing file /home/airflow/.local/lib/python3.12/site-packages/airflow/example_dags/example_short_circuit_operator.py for tasks to queue
[2025-03-01T14:34:58.143+0000] {logging_mixin.py:190} INFO - [2025-03-01T14:34:58.143+0000] {dagbag.py:588} INFO - Filling up the DagBag from /home/airflow/.local/lib/python3.12/site-packages/airflow/example_dags/example_short_circuit_operator.py
[2025-03-01T14:34:58.149+0000] {processor.py:925} INFO - DAG(s) 'example_short_circuit_operator' retrieved from /home/airflow/.local/lib/python3.12/site-packages/airflow/example_dags/example_short_circuit_operator.py
[2025-03-01T14:34:58.165+0000] {logging_mixin.py:190} INFO - [2025-03-01T14:34:58.164+0000] {dag.py:3239} INFO - Sync 1 DAGs
[2025-03-01T14:34:58.175+0000] {logging_mixin.py:190} INFO - [2025-03-01T14:34:58.174+0000] {dag.py:4180} INFO - Setting next_dagrun for example_short_circuit_operator to None, run_after=None
[2025-03-01T14:34:58.187+0000] {processor.py:208} INFO - Processing /home/airflow/.local/lib/python3.12/site-packages/airflow/example_dags/example_short_circuit_operator.py took 0.050 seconds
[2025-03-01T14:35:28.394+0000] {processor.py:186} INFO - Started process (PID=2278) to work on /home/airflow/.local/lib/python3.12/site-packages/airflow/example_dags/example_short_circuit_operator.py
[2025-03-01T14:35:28.394+0000] {processor.py:914} INFO - Processing file /home/airflow/.local/lib/python3.12/site-packages/airflow/example_dags/example_short_circuit_operator.py for tasks to queue
[2025-03-01T14:35:28.396+0000] {logging_mixin.py:190} INFO - [2025-03-01T14:35:28.396+0000] {dagbag.py:588} INFO - Filling up the DagBag from /home/airflow/.local/lib/python3.12/site-packages/airflow/example_dags/example_short_circuit_operator.py
[2025-03-01T14:35:28.402+0000] {processor.py:925} INFO - DAG(s) 'example_short_circuit_operator' retrieved from /home/airflow/.local/lib/python3.12/site-packages/airflow/example_dags/example_short_circuit_operator.py
[2025-03-01T14:35:28.418+0000] {logging_mixin.py:190} INFO - [2025-03-01T14:35:28.418+0000] {dag.py:3239} INFO - Sync 1 DAGs
[2025-03-01T14:35:28.428+0000] {logging_mixin.py:190} INFO - [2025-03-01T14:35:28.428+0000] {dag.py:4180} INFO - Setting next_dagrun for example_short_circuit_operator to None, run_after=None
[2025-03-01T14:35:28.440+0000] {processor.py:208} INFO - Processing /home/airflow/.local/lib/python3.12/site-packages/airflow/example_dags/example_short_circuit_operator.py took 0.050 seconds
[2025-03-01T14:35:59.206+0000] {processor.py:186} INFO - Started process (PID=2341) to work on /home/airflow/.local/lib/python3.12/site-packages/airflow/example_dags/example_short_circuit_operator.py
[2025-03-01T14:35:59.207+0000] {processor.py:914} INFO - Processing file /home/airflow/.local/lib/python3.12/site-packages/airflow/example_dags/example_short_circuit_operator.py for tasks to queue
[2025-03-01T14:35:59.210+0000] {logging_mixin.py:190} INFO - [2025-03-01T14:35:59.209+0000] {dagbag.py:588} INFO - Filling up the DagBag from /home/airflow/.local/lib/python3.12/site-packages/airflow/example_dags/example_short_circuit_operator.py
[2025-03-01T14:35:59.219+0000] {processor.py:925} INFO - DAG(s) 'example_short_circuit_operator' retrieved from /home/airflow/.local/lib/python3.12/site-packages/airflow/example_dags/example_short_circuit_operator.py
[2025-03-01T14:35:59.242+0000] {logging_mixin.py:190} INFO - [2025-03-01T14:35:59.242+0000] {dag.py:3239} INFO - Sync 1 DAGs
[2025-03-01T14:35:59.257+0000] {logging_mixin.py:190} INFO - [2025-03-01T14:35:59.257+0000] {dag.py:4180} INFO - Setting next_dagrun for example_short_circuit_operator to None, run_after=None
[2025-03-01T14:35:59.274+0000] {processor.py:208} INFO - Processing /home/airflow/.local/lib/python3.12/site-packages/airflow/example_dags/example_short_circuit_operator.py took 0.074 seconds
[2025-03-01T14:36:29.617+0000] {processor.py:186} INFO - Started process (PID=2404) to work on /home/airflow/.local/lib/python3.12/site-packages/airflow/example_dags/example_short_circuit_operator.py
[2025-03-01T14:36:29.618+0000] {processor.py:914} INFO - Processing file /home/airflow/.local/lib/python3.12/site-packages/airflow/example_dags/example_short_circuit_operator.py for tasks to queue
[2025-03-01T14:36:29.620+0000] {logging_mixin.py:190} INFO - [2025-03-01T14:36:29.620+0000] {dagbag.py:588} INFO - Filling up the DagBag from /home/airflow/.local/lib/python3.12/site-packages/airflow/example_dags/example_short_circuit_operator.py
[2025-03-01T14:36:29.629+0000] {processor.py:925} INFO - DAG(s) 'example_short_circuit_operator' retrieved from /home/airflow/.local/lib/python3.12/site-packages/airflow/example_dags/example_short_circuit_operator.py
[2025-03-01T14:36:29.652+0000] {logging_mixin.py:190} INFO - [2025-03-01T14:36:29.652+0000] {dag.py:3239} INFO - Sync 1 DAGs
[2025-03-01T14:36:29.675+0000] {logging_mixin.py:190} INFO - [2025-03-01T14:36:29.675+0000] {dag.py:4180} INFO - Setting next_dagrun for example_short_circuit_operator to None, run_after=None
[2025-03-01T14:36:29.704+0000] {processor.py:208} INFO - Processing /home/airflow/.local/lib/python3.12/site-packages/airflow/example_dags/example_short_circuit_operator.py took 0.094 seconds
[2025-03-01T14:36:59.921+0000] {processor.py:186} INFO - Started process (PID=2468) to work on /home/airflow/.local/lib/python3.12/site-packages/airflow/example_dags/example_short_circuit_operator.py
[2025-03-01T14:36:59.921+0000] {processor.py:914} INFO - Processing file /home/airflow/.local/lib/python3.12/site-packages/airflow/example_dags/example_short_circuit_operator.py for tasks to queue
[2025-03-01T14:36:59.923+0000] {logging_mixin.py:190} INFO - [2025-03-01T14:36:59.923+0000] {dagbag.py:588} INFO - Filling up the DagBag from /home/airflow/.local/lib/python3.12/site-packages/airflow/example_dags/example_short_circuit_operator.py
[2025-03-01T14:36:59.929+0000] {processor.py:925} INFO - DAG(s) 'example_short_circuit_operator' retrieved from /home/airflow/.local/lib/python3.12/site-packages/airflow/example_dags/example_short_circuit_operator.py
[2025-03-01T14:36:59.945+0000] {logging_mixin.py:190} INFO - [2025-03-01T14:36:59.945+0000] {dag.py:3239} INFO - Sync 1 DAGs
[2025-03-01T14:36:59.954+0000] {logging_mixin.py:190} INFO - [2025-03-01T14:36:59.954+0000] {dag.py:4180} INFO - Setting next_dagrun for example_short_circuit_operator to None, run_after=None
[2025-03-01T14:36:59.966+0000] {processor.py:208} INFO - Processing /home/airflow/.local/lib/python3.12/site-packages/airflow/example_dags/example_short_circuit_operator.py took 0.049 seconds
[2025-03-01T14:37:30.095+0000] {processor.py:186} INFO - Started process (PID=2530) to work on /home/airflow/.local/lib/python3.12/site-packages/airflow/example_dags/example_short_circuit_operator.py
[2025-03-01T14:37:30.096+0000] {processor.py:914} INFO - Processing file /home/airflow/.local/lib/python3.12/site-packages/airflow/example_dags/example_short_circuit_operator.py for tasks to queue
[2025-03-01T14:37:30.098+0000] {logging_mixin.py:190} INFO - [2025-03-01T14:37:30.098+0000] {dagbag.py:588} INFO - Filling up the DagBag from /home/airflow/.local/lib/python3.12/site-packages/airflow/example_dags/example_short_circuit_operator.py
[2025-03-01T14:37:30.107+0000] {processor.py:925} INFO - DAG(s) 'example_short_circuit_operator' retrieved from /home/airflow/.local/lib/python3.12/site-packages/airflow/example_dags/example_short_circuit_operator.py
[2025-03-01T14:37:30.135+0000] {logging_mixin.py:190} INFO - [2025-03-01T14:37:30.134+0000] {dag.py:3239} INFO - Sync 1 DAGs
[2025-03-01T14:37:30.151+0000] {logging_mixin.py:190} INFO - [2025-03-01T14:37:30.150+0000] {dag.py:4180} INFO - Setting next_dagrun for example_short_circuit_operator to None, run_after=None
[2025-03-01T14:37:30.164+0000] {processor.py:208} INFO - Processing /home/airflow/.local/lib/python3.12/site-packages/airflow/example_dags/example_short_circuit_operator.py took 0.075 seconds
[2025-03-01T14:38:01.055+0000] {processor.py:186} INFO - Started process (PID=2594) to work on /home/airflow/.local/lib/python3.12/site-packages/airflow/example_dags/example_short_circuit_operator.py
[2025-03-01T14:38:01.055+0000] {processor.py:914} INFO - Processing file /home/airflow/.local/lib/python3.12/site-packages/airflow/example_dags/example_short_circuit_operator.py for tasks to queue
[2025-03-01T14:38:01.057+0000] {logging_mixin.py:190} INFO - [2025-03-01T14:38:01.057+0000] {dagbag.py:588} INFO - Filling up the DagBag from /home/airflow/.local/lib/python3.12/site-packages/airflow/example_dags/example_short_circuit_operator.py
[2025-03-01T14:38:01.065+0000] {processor.py:925} INFO - DAG(s) 'example_short_circuit_operator' retrieved from /home/airflow/.local/lib/python3.12/site-packages/airflow/example_dags/example_short_circuit_operator.py
[2025-03-01T14:38:01.092+0000] {logging_mixin.py:190} INFO - [2025-03-01T14:38:01.091+0000] {dag.py:3239} INFO - Sync 1 DAGs
[2025-03-01T14:38:01.109+0000] {logging_mixin.py:190} INFO - [2025-03-01T14:38:01.109+0000] {dag.py:4180} INFO - Setting next_dagrun for example_short_circuit_operator to None, run_after=None
[2025-03-01T14:38:01.129+0000] {processor.py:208} INFO - Processing /home/airflow/.local/lib/python3.12/site-packages/airflow/example_dags/example_short_circuit_operator.py took 0.080 seconds
[2025-03-01T14:38:31.452+0000] {processor.py:186} INFO - Started process (PID=2656) to work on /home/airflow/.local/lib/python3.12/site-packages/airflow/example_dags/example_short_circuit_operator.py
[2025-03-01T14:38:31.453+0000] {processor.py:914} INFO - Processing file /home/airflow/.local/lib/python3.12/site-packages/airflow/example_dags/example_short_circuit_operator.py for tasks to queue
[2025-03-01T14:38:31.467+0000] {logging_mixin.py:190} INFO - [2025-03-01T14:38:31.466+0000] {dagbag.py:588} INFO - Filling up the DagBag from /home/airflow/.local/lib/python3.12/site-packages/airflow/example_dags/example_short_circuit_operator.py
[2025-03-01T14:38:31.488+0000] {processor.py:925} INFO - DAG(s) 'example_short_circuit_operator' retrieved from /home/airflow/.local/lib/python3.12/site-packages/airflow/example_dags/example_short_circuit_operator.py
[2025-03-01T14:38:31.528+0000] {logging_mixin.py:190} INFO - [2025-03-01T14:38:31.527+0000] {dag.py:3239} INFO - Sync 1 DAGs
[2025-03-01T14:38:31.542+0000] {logging_mixin.py:190} INFO - [2025-03-01T14:38:31.542+0000] {dag.py:4180} INFO - Setting next_dagrun for example_short_circuit_operator to None, run_after=None
[2025-03-01T14:38:31.568+0000] {processor.py:208} INFO - Processing /home/airflow/.local/lib/python3.12/site-packages/airflow/example_dags/example_short_circuit_operator.py took 0.135 seconds
[2025-03-01T14:39:01.793+0000] {processor.py:186} INFO - Started process (PID=2719) to work on /home/airflow/.local/lib/python3.12/site-packages/airflow/example_dags/example_short_circuit_operator.py
[2025-03-01T14:39:01.793+0000] {processor.py:914} INFO - Processing file /home/airflow/.local/lib/python3.12/site-packages/airflow/example_dags/example_short_circuit_operator.py for tasks to queue
[2025-03-01T14:39:01.796+0000] {logging_mixin.py:190} INFO - [2025-03-01T14:39:01.796+0000] {dagbag.py:588} INFO - Filling up the DagBag from /home/airflow/.local/lib/python3.12/site-packages/airflow/example_dags/example_short_circuit_operator.py
[2025-03-01T14:39:01.805+0000] {processor.py:925} INFO - DAG(s) 'example_short_circuit_operator' retrieved from /home/airflow/.local/lib/python3.12/site-packages/airflow/example_dags/example_short_circuit_operator.py
[2025-03-01T14:39:01.827+0000] {logging_mixin.py:190} INFO - [2025-03-01T14:39:01.827+0000] {dag.py:3239} INFO - Sync 1 DAGs
[2025-03-01T14:39:01.842+0000] {logging_mixin.py:190} INFO - [2025-03-01T14:39:01.842+0000] {dag.py:4180} INFO - Setting next_dagrun for example_short_circuit_operator to None, run_after=None
[2025-03-01T14:39:01.856+0000] {processor.py:208} INFO - Processing /home/airflow/.local/lib/python3.12/site-packages/airflow/example_dags/example_short_circuit_operator.py took 0.069 seconds
[2025-03-01T14:39:32.367+0000] {processor.py:186} INFO - Started process (PID=2789) to work on /home/airflow/.local/lib/python3.12/site-packages/airflow/example_dags/example_short_circuit_operator.py
[2025-03-01T14:39:32.368+0000] {processor.py:914} INFO - Processing file /home/airflow/.local/lib/python3.12/site-packages/airflow/example_dags/example_short_circuit_operator.py for tasks to queue
[2025-03-01T14:39:32.370+0000] {logging_mixin.py:190} INFO - [2025-03-01T14:39:32.370+0000] {dagbag.py:588} INFO - Filling up the DagBag from /home/airflow/.local/lib/python3.12/site-packages/airflow/example_dags/example_short_circuit_operator.py
[2025-03-01T14:39:32.379+0000] {processor.py:925} INFO - DAG(s) 'example_short_circuit_operator' retrieved from /home/airflow/.local/lib/python3.12/site-packages/airflow/example_dags/example_short_circuit_operator.py
[2025-03-01T14:39:32.408+0000] {logging_mixin.py:190} INFO - [2025-03-01T14:39:32.407+0000] {dag.py:3239} INFO - Sync 1 DAGs
[2025-03-01T14:39:32.423+0000] {logging_mixin.py:190} INFO - [2025-03-01T14:39:32.423+0000] {dag.py:4180} INFO - Setting next_dagrun for example_short_circuit_operator to None, run_after=None
[2025-03-01T14:39:32.439+0000] {processor.py:208} INFO - Processing /home/airflow/.local/lib/python3.12/site-packages/airflow/example_dags/example_short_circuit_operator.py took 0.077 seconds
[2025-03-01T14:40:03.171+0000] {processor.py:186} INFO - Started process (PID=2853) to work on /home/airflow/.local/lib/python3.12/site-packages/airflow/example_dags/example_short_circuit_operator.py
[2025-03-01T14:40:03.172+0000] {processor.py:914} INFO - Processing file /home/airflow/.local/lib/python3.12/site-packages/airflow/example_dags/example_short_circuit_operator.py for tasks to queue
[2025-03-01T14:40:03.175+0000] {logging_mixin.py:190} INFO - [2025-03-01T14:40:03.174+0000] {dagbag.py:588} INFO - Filling up the DagBag from /home/airflow/.local/lib/python3.12/site-packages/airflow/example_dags/example_short_circuit_operator.py
[2025-03-01T14:40:03.183+0000] {processor.py:925} INFO - DAG(s) 'example_short_circuit_operator' retrieved from /home/airflow/.local/lib/python3.12/site-packages/airflow/example_dags/example_short_circuit_operator.py
[2025-03-01T14:40:03.207+0000] {logging_mixin.py:190} INFO - [2025-03-01T14:40:03.207+0000] {dag.py:3239} INFO - Sync 1 DAGs
[2025-03-01T14:40:03.220+0000] {logging_mixin.py:190} INFO - [2025-03-01T14:40:03.220+0000] {dag.py:4180} INFO - Setting next_dagrun for example_short_circuit_operator to None, run_after=None
[2025-03-01T14:40:03.235+0000] {processor.py:208} INFO - Processing /home/airflow/.local/lib/python3.12/site-packages/airflow/example_dags/example_short_circuit_operator.py took 0.070 seconds
[2025-03-01T14:40:33.635+0000] {processor.py:186} INFO - Started process (PID=2916) to work on /home/airflow/.local/lib/python3.12/site-packages/airflow/example_dags/example_short_circuit_operator.py
[2025-03-01T14:40:33.636+0000] {processor.py:914} INFO - Processing file /home/airflow/.local/lib/python3.12/site-packages/airflow/example_dags/example_short_circuit_operator.py for tasks to queue
[2025-03-01T14:40:33.638+0000] {logging_mixin.py:190} INFO - [2025-03-01T14:40:33.638+0000] {dagbag.py:588} INFO - Filling up the DagBag from /home/airflow/.local/lib/python3.12/site-packages/airflow/example_dags/example_short_circuit_operator.py
[2025-03-01T14:40:33.647+0000] {processor.py:925} INFO - DAG(s) 'example_short_circuit_operator' retrieved from /home/airflow/.local/lib/python3.12/site-packages/airflow/example_dags/example_short_circuit_operator.py
[2025-03-01T14:40:33.670+0000] {logging_mixin.py:190} INFO - [2025-03-01T14:40:33.670+0000] {dag.py:3239} INFO - Sync 1 DAGs
[2025-03-01T14:40:33.685+0000] {logging_mixin.py:190} INFO - [2025-03-01T14:40:33.685+0000] {dag.py:4180} INFO - Setting next_dagrun for example_short_circuit_operator to None, run_after=None
[2025-03-01T14:40:33.701+0000] {processor.py:208} INFO - Processing /home/airflow/.local/lib/python3.12/site-packages/airflow/example_dags/example_short_circuit_operator.py took 0.072 seconds
[2025-03-01T14:41:04.561+0000] {processor.py:186} INFO - Started process (PID=2979) to work on /home/airflow/.local/lib/python3.12/site-packages/airflow/example_dags/example_short_circuit_operator.py
[2025-03-01T14:41:04.562+0000] {processor.py:914} INFO - Processing file /home/airflow/.local/lib/python3.12/site-packages/airflow/example_dags/example_short_circuit_operator.py for tasks to queue
[2025-03-01T14:41:04.572+0000] {logging_mixin.py:190} INFO - [2025-03-01T14:41:04.564+0000] {dagbag.py:588} INFO - Filling up the DagBag from /home/airflow/.local/lib/python3.12/site-packages/airflow/example_dags/example_short_circuit_operator.py
[2025-03-01T14:41:04.588+0000] {processor.py:925} INFO - DAG(s) 'example_short_circuit_operator' retrieved from /home/airflow/.local/lib/python3.12/site-packages/airflow/example_dags/example_short_circuit_operator.py
[2025-03-01T14:41:04.628+0000] {logging_mixin.py:190} INFO - [2025-03-01T14:41:04.628+0000] {dag.py:3239} INFO - Sync 1 DAGs
[2025-03-01T14:41:04.655+0000] {logging_mixin.py:190} INFO - [2025-03-01T14:41:04.655+0000] {dag.py:4180} INFO - Setting next_dagrun for example_short_circuit_operator to None, run_after=None
[2025-03-01T14:41:04.710+0000] {processor.py:208} INFO - Processing /home/airflow/.local/lib/python3.12/site-packages/airflow/example_dags/example_short_circuit_operator.py took 0.155 seconds
[2025-03-01T14:41:35.342+0000] {processor.py:186} INFO - Started process (PID=3042) to work on /home/airflow/.local/lib/python3.12/site-packages/airflow/example_dags/example_short_circuit_operator.py
[2025-03-01T14:41:35.343+0000] {processor.py:914} INFO - Processing file /home/airflow/.local/lib/python3.12/site-packages/airflow/example_dags/example_short_circuit_operator.py for tasks to queue
[2025-03-01T14:41:35.345+0000] {logging_mixin.py:190} INFO - [2025-03-01T14:41:35.345+0000] {dagbag.py:588} INFO - Filling up the DagBag from /home/airflow/.local/lib/python3.12/site-packages/airflow/example_dags/example_short_circuit_operator.py
[2025-03-01T14:41:35.354+0000] {processor.py:925} INFO - DAG(s) 'example_short_circuit_operator' retrieved from /home/airflow/.local/lib/python3.12/site-packages/airflow/example_dags/example_short_circuit_operator.py
[2025-03-01T14:41:35.378+0000] {logging_mixin.py:190} INFO - [2025-03-01T14:41:35.377+0000] {dag.py:3239} INFO - Sync 1 DAGs
[2025-03-01T14:41:35.392+0000] {logging_mixin.py:190} INFO - [2025-03-01T14:41:35.392+0000] {dag.py:4180} INFO - Setting next_dagrun for example_short_circuit_operator to None, run_after=None
[2025-03-01T14:41:35.407+0000] {processor.py:208} INFO - Processing /home/airflow/.local/lib/python3.12/site-packages/airflow/example_dags/example_short_circuit_operator.py took 0.072 seconds
[2025-03-01T14:42:05.577+0000] {processor.py:186} INFO - Started process (PID=3104) to work on /home/airflow/.local/lib/python3.12/site-packages/airflow/example_dags/example_short_circuit_operator.py
[2025-03-01T14:42:05.578+0000] {processor.py:914} INFO - Processing file /home/airflow/.local/lib/python3.12/site-packages/airflow/example_dags/example_short_circuit_operator.py for tasks to queue
[2025-03-01T14:42:05.581+0000] {logging_mixin.py:190} INFO - [2025-03-01T14:42:05.580+0000] {dagbag.py:588} INFO - Filling up the DagBag from /home/airflow/.local/lib/python3.12/site-packages/airflow/example_dags/example_short_circuit_operator.py
[2025-03-01T14:42:05.590+0000] {processor.py:925} INFO - DAG(s) 'example_short_circuit_operator' retrieved from /home/airflow/.local/lib/python3.12/site-packages/airflow/example_dags/example_short_circuit_operator.py
[2025-03-01T14:42:05.615+0000] {logging_mixin.py:190} INFO - [2025-03-01T14:42:05.614+0000] {dag.py:3239} INFO - Sync 1 DAGs
[2025-03-01T14:42:05.630+0000] {logging_mixin.py:190} INFO - [2025-03-01T14:42:05.630+0000] {dag.py:4180} INFO - Setting next_dagrun for example_short_circuit_operator to None, run_after=None
[2025-03-01T14:42:05.685+0000] {processor.py:208} INFO - Processing /home/airflow/.local/lib/python3.12/site-packages/airflow/example_dags/example_short_circuit_operator.py took 0.114 seconds
[2025-03-01T14:42:35.957+0000] {processor.py:186} INFO - Started process (PID=3167) to work on /home/airflow/.local/lib/python3.12/site-packages/airflow/example_dags/example_short_circuit_operator.py
[2025-03-01T14:42:35.957+0000] {processor.py:914} INFO - Processing file /home/airflow/.local/lib/python3.12/site-packages/airflow/example_dags/example_short_circuit_operator.py for tasks to queue
[2025-03-01T14:42:35.960+0000] {logging_mixin.py:190} INFO - [2025-03-01T14:42:35.959+0000] {dagbag.py:588} INFO - Filling up the DagBag from /home/airflow/.local/lib/python3.12/site-packages/airflow/example_dags/example_short_circuit_operator.py
[2025-03-01T14:42:35.969+0000] {processor.py:925} INFO - DAG(s) 'example_short_circuit_operator' retrieved from /home/airflow/.local/lib/python3.12/site-packages/airflow/example_dags/example_short_circuit_operator.py
[2025-03-01T14:42:35.993+0000] {logging_mixin.py:190} INFO - [2025-03-01T14:42:35.992+0000] {dag.py:3239} INFO - Sync 1 DAGs
[2025-03-01T14:42:36.007+0000] {logging_mixin.py:190} INFO - [2025-03-01T14:42:36.006+0000] {dag.py:4180} INFO - Setting next_dagrun for example_short_circuit_operator to None, run_after=None
[2025-03-01T14:42:36.021+0000] {processor.py:208} INFO - Processing /home/airflow/.local/lib/python3.12/site-packages/airflow/example_dags/example_short_circuit_operator.py took 0.071 seconds
[2025-03-01T14:43:06.176+0000] {processor.py:186} INFO - Started process (PID=3230) to work on /home/airflow/.local/lib/python3.12/site-packages/airflow/example_dags/example_short_circuit_operator.py
[2025-03-01T14:43:06.177+0000] {processor.py:914} INFO - Processing file /home/airflow/.local/lib/python3.12/site-packages/airflow/example_dags/example_short_circuit_operator.py for tasks to queue
[2025-03-01T14:43:06.179+0000] {logging_mixin.py:190} INFO - [2025-03-01T14:43:06.179+0000] {dagbag.py:588} INFO - Filling up the DagBag from /home/airflow/.local/lib/python3.12/site-packages/airflow/example_dags/example_short_circuit_operator.py
[2025-03-01T14:43:06.209+0000] {processor.py:925} INFO - DAG(s) 'example_short_circuit_operator' retrieved from /home/airflow/.local/lib/python3.12/site-packages/airflow/example_dags/example_short_circuit_operator.py
[2025-03-01T14:43:06.243+0000] {logging_mixin.py:190} INFO - [2025-03-01T14:43:06.243+0000] {dag.py:3239} INFO - Sync 1 DAGs
[2025-03-01T14:43:06.258+0000] {logging_mixin.py:190} INFO - [2025-03-01T14:43:06.258+0000] {dag.py:4180} INFO - Setting next_dagrun for example_short_circuit_operator to None, run_after=None
[2025-03-01T14:43:06.274+0000] {processor.py:208} INFO - Processing /home/airflow/.local/lib/python3.12/site-packages/airflow/example_dags/example_short_circuit_operator.py took 0.103 seconds
[2025-03-01T14:43:38.639+0000] {processor.py:186} INFO - Started process (PID=3297) to work on /home/airflow/.local/lib/python3.12/site-packages/airflow/example_dags/example_short_circuit_operator.py
[2025-03-01T14:43:38.639+0000] {processor.py:914} INFO - Processing file /home/airflow/.local/lib/python3.12/site-packages/airflow/example_dags/example_short_circuit_operator.py for tasks to queue
[2025-03-01T14:43:38.641+0000] {logging_mixin.py:190} INFO - [2025-03-01T14:43:38.641+0000] {dagbag.py:588} INFO - Filling up the DagBag from /home/airflow/.local/lib/python3.12/site-packages/airflow/example_dags/example_short_circuit_operator.py
[2025-03-01T14:43:38.650+0000] {processor.py:925} INFO - DAG(s) 'example_short_circuit_operator' retrieved from /home/airflow/.local/lib/python3.12/site-packages/airflow/example_dags/example_short_circuit_operator.py
[2025-03-01T14:43:38.673+0000] {logging_mixin.py:190} INFO - [2025-03-01T14:43:38.673+0000] {dag.py:3239} INFO - Sync 1 DAGs
[2025-03-01T14:43:38.687+0000] {logging_mixin.py:190} INFO - [2025-03-01T14:43:38.686+0000] {dag.py:4180} INFO - Setting next_dagrun for example_short_circuit_operator to None, run_after=None
[2025-03-01T14:43:38.703+0000] {processor.py:208} INFO - Processing /home/airflow/.local/lib/python3.12/site-packages/airflow/example_dags/example_short_circuit_operator.py took 0.070 seconds
[2025-03-01T14:44:11.568+0000] {processor.py:186} INFO - Started process (PID=3363) to work on /home/airflow/.local/lib/python3.12/site-packages/airflow/example_dags/example_short_circuit_operator.py
[2025-03-01T14:44:11.577+0000] {processor.py:914} INFO - Processing file /home/airflow/.local/lib/python3.12/site-packages/airflow/example_dags/example_short_circuit_operator.py for tasks to queue
[2025-03-01T14:44:11.582+0000] {logging_mixin.py:190} INFO - [2025-03-01T14:44:11.582+0000] {dagbag.py:588} INFO - Filling up the DagBag from /home/airflow/.local/lib/python3.12/site-packages/airflow/example_dags/example_short_circuit_operator.py
[2025-03-01T14:44:11.595+0000] {processor.py:925} INFO - DAG(s) 'example_short_circuit_operator' retrieved from /home/airflow/.local/lib/python3.12/site-packages/airflow/example_dags/example_short_circuit_operator.py
[2025-03-01T14:44:11.631+0000] {logging_mixin.py:190} INFO - [2025-03-01T14:44:11.630+0000] {dag.py:3239} INFO - Sync 1 DAGs
[2025-03-01T14:44:11.646+0000] {logging_mixin.py:190} INFO - [2025-03-01T14:44:11.646+0000] {dag.py:4180} INFO - Setting next_dagrun for example_short_circuit_operator to None, run_after=None
[2025-03-01T14:44:11.663+0000] {processor.py:208} INFO - Processing /home/airflow/.local/lib/python3.12/site-packages/airflow/example_dags/example_short_circuit_operator.py took 0.101 seconds
[2025-03-01T14:44:42.248+0000] {processor.py:186} INFO - Started process (PID=3424) to work on /home/airflow/.local/lib/python3.12/site-packages/airflow/example_dags/example_short_circuit_operator.py
[2025-03-01T14:44:42.249+0000] {processor.py:914} INFO - Processing file /home/airflow/.local/lib/python3.12/site-packages/airflow/example_dags/example_short_circuit_operator.py for tasks to queue
[2025-03-01T14:44:42.251+0000] {logging_mixin.py:190} INFO - [2025-03-01T14:44:42.251+0000] {dagbag.py:588} INFO - Filling up the DagBag from /home/airflow/.local/lib/python3.12/site-packages/airflow/example_dags/example_short_circuit_operator.py
[2025-03-01T14:44:42.260+0000] {processor.py:925} INFO - DAG(s) 'example_short_circuit_operator' retrieved from /home/airflow/.local/lib/python3.12/site-packages/airflow/example_dags/example_short_circuit_operator.py
[2025-03-01T14:44:42.284+0000] {logging_mixin.py:190} INFO - [2025-03-01T14:44:42.283+0000] {dag.py:3239} INFO - Sync 1 DAGs
[2025-03-01T14:44:42.298+0000] {logging_mixin.py:190} INFO - [2025-03-01T14:44:42.298+0000] {dag.py:4180} INFO - Setting next_dagrun for example_short_circuit_operator to None, run_after=None
[2025-03-01T14:44:42.313+0000] {processor.py:208} INFO - Processing /home/airflow/.local/lib/python3.12/site-packages/airflow/example_dags/example_short_circuit_operator.py took 0.071 seconds
[2025-03-01T14:45:13.923+0000] {processor.py:186} INFO - Started process (PID=3481) to work on /home/airflow/.local/lib/python3.12/site-packages/airflow/example_dags/example_short_circuit_operator.py
[2025-03-01T14:45:13.925+0000] {processor.py:914} INFO - Processing file /home/airflow/.local/lib/python3.12/site-packages/airflow/example_dags/example_short_circuit_operator.py for tasks to queue
[2025-03-01T14:45:13.928+0000] {logging_mixin.py:190} INFO - [2025-03-01T14:45:13.927+0000] {dagbag.py:588} INFO - Filling up the DagBag from /home/airflow/.local/lib/python3.12/site-packages/airflow/example_dags/example_short_circuit_operator.py
[2025-03-01T14:45:13.937+0000] {processor.py:925} INFO - DAG(s) 'example_short_circuit_operator' retrieved from /home/airflow/.local/lib/python3.12/site-packages/airflow/example_dags/example_short_circuit_operator.py
[2025-03-01T14:45:14.009+0000] {logging_mixin.py:190} INFO - [2025-03-01T14:45:14.009+0000] {dag.py:3239} INFO - Sync 1 DAGs
[2025-03-01T14:45:14.074+0000] {logging_mixin.py:190} INFO - [2025-03-01T14:45:14.072+0000] {dag.py:4180} INFO - Setting next_dagrun for example_short_circuit_operator to None, run_after=None
[2025-03-01T14:45:14.189+0000] {processor.py:208} INFO - Processing /home/airflow/.local/lib/python3.12/site-packages/airflow/example_dags/example_short_circuit_operator.py took 0.272 seconds
[2025-03-01T14:45:48.637+0000] {processor.py:186} INFO - Started process (PID=3547) to work on /home/airflow/.local/lib/python3.12/site-packages/airflow/example_dags/example_short_circuit_operator.py
[2025-03-01T14:45:48.642+0000] {processor.py:914} INFO - Processing file /home/airflow/.local/lib/python3.12/site-packages/airflow/example_dags/example_short_circuit_operator.py for tasks to queue
[2025-03-01T14:45:48.649+0000] {logging_mixin.py:190} INFO - [2025-03-01T14:45:48.649+0000] {dagbag.py:588} INFO - Filling up the DagBag from /home/airflow/.local/lib/python3.12/site-packages/airflow/example_dags/example_short_circuit_operator.py
[2025-03-01T14:45:48.677+0000] {processor.py:925} INFO - DAG(s) 'example_short_circuit_operator' retrieved from /home/airflow/.local/lib/python3.12/site-packages/airflow/example_dags/example_short_circuit_operator.py
[2025-03-01T14:45:48.796+0000] {logging_mixin.py:190} INFO - [2025-03-01T14:45:48.795+0000] {dag.py:3239} INFO - Sync 1 DAGs
[2025-03-01T14:45:48.888+0000] {logging_mixin.py:190} INFO - [2025-03-01T14:45:48.887+0000] {dag.py:4180} INFO - Setting next_dagrun for example_short_circuit_operator to None, run_after=None
[2025-03-01T14:45:49.005+0000] {processor.py:208} INFO - Processing /home/airflow/.local/lib/python3.12/site-packages/airflow/example_dags/example_short_circuit_operator.py took 0.405 seconds
[2025-03-01T14:46:29.014+0000] {processor.py:186} INFO - Started process (PID=3609) to work on /home/airflow/.local/lib/python3.12/site-packages/airflow/example_dags/example_short_circuit_operator.py
[2025-03-01T14:46:29.028+0000] {processor.py:914} INFO - Processing file /home/airflow/.local/lib/python3.12/site-packages/airflow/example_dags/example_short_circuit_operator.py for tasks to queue
[2025-03-01T14:46:29.030+0000] {logging_mixin.py:190} INFO - [2025-03-01T14:46:29.030+0000] {dagbag.py:588} INFO - Filling up the DagBag from /home/airflow/.local/lib/python3.12/site-packages/airflow/example_dags/example_short_circuit_operator.py
[2025-03-01T14:46:29.137+0000] {processor.py:925} INFO - DAG(s) 'example_short_circuit_operator' retrieved from /home/airflow/.local/lib/python3.12/site-packages/airflow/example_dags/example_short_circuit_operator.py
[2025-03-01T14:46:29.268+0000] {logging_mixin.py:190} INFO - [2025-03-01T14:46:29.260+0000] {dag.py:3239} INFO - Sync 1 DAGs
[2025-03-01T14:46:29.388+0000] {logging_mixin.py:190} INFO - [2025-03-01T14:46:29.388+0000] {dag.py:4180} INFO - Setting next_dagrun for example_short_circuit_operator to None, run_after=None
[2025-03-01T14:46:29.462+0000] {processor.py:208} INFO - Processing /home/airflow/.local/lib/python3.12/site-packages/airflow/example_dags/example_short_circuit_operator.py took 0.480 seconds
[2025-03-01T14:47:18.804+0000] {processor.py:186} INFO - Started process (PID=3679) to work on /home/airflow/.local/lib/python3.12/site-packages/airflow/example_dags/example_short_circuit_operator.py
[2025-03-01T14:47:18.824+0000] {processor.py:914} INFO - Processing file /home/airflow/.local/lib/python3.12/site-packages/airflow/example_dags/example_short_circuit_operator.py for tasks to queue
[2025-03-01T14:47:18.832+0000] {logging_mixin.py:190} INFO - [2025-03-01T14:47:18.831+0000] {dagbag.py:588} INFO - Filling up the DagBag from /home/airflow/.local/lib/python3.12/site-packages/airflow/example_dags/example_short_circuit_operator.py
[2025-03-01T14:47:18.909+0000] {processor.py:925} INFO - DAG(s) 'example_short_circuit_operator' retrieved from /home/airflow/.local/lib/python3.12/site-packages/airflow/example_dags/example_short_circuit_operator.py
[2025-03-01T14:47:19.154+0000] {logging_mixin.py:190} INFO - [2025-03-01T14:47:19.154+0000] {dag.py:3239} INFO - Sync 1 DAGs
[2025-03-01T14:47:19.300+0000] {logging_mixin.py:190} INFO - [2025-03-01T14:47:19.299+0000] {dag.py:4180} INFO - Setting next_dagrun for example_short_circuit_operator to None, run_after=None
[2025-03-01T14:47:19.387+0000] {processor.py:208} INFO - Processing /home/airflow/.local/lib/python3.12/site-packages/airflow/example_dags/example_short_circuit_operator.py took 0.634 seconds
[2025-03-01T14:47:57.006+0000] {processor.py:186} INFO - Started process (PID=3752) to work on /home/airflow/.local/lib/python3.12/site-packages/airflow/example_dags/example_short_circuit_operator.py
[2025-03-01T14:47:57.012+0000] {processor.py:914} INFO - Processing file /home/airflow/.local/lib/python3.12/site-packages/airflow/example_dags/example_short_circuit_operator.py for tasks to queue
[2025-03-01T14:47:57.023+0000] {logging_mixin.py:190} INFO - [2025-03-01T14:47:57.023+0000] {dagbag.py:588} INFO - Filling up the DagBag from /home/airflow/.local/lib/python3.12/site-packages/airflow/example_dags/example_short_circuit_operator.py
[2025-03-01T14:47:57.044+0000] {processor.py:925} INFO - DAG(s) 'example_short_circuit_operator' retrieved from /home/airflow/.local/lib/python3.12/site-packages/airflow/example_dags/example_short_circuit_operator.py
[2025-03-01T14:47:57.086+0000] {logging_mixin.py:190} INFO - [2025-03-01T14:47:57.086+0000] {dag.py:3239} INFO - Sync 1 DAGs
[2025-03-01T14:47:57.118+0000] {logging_mixin.py:190} INFO - [2025-03-01T14:47:57.118+0000] {dag.py:4180} INFO - Setting next_dagrun for example_short_circuit_operator to None, run_after=None
[2025-03-01T14:47:57.203+0000] {processor.py:208} INFO - Processing /home/airflow/.local/lib/python3.12/site-packages/airflow/example_dags/example_short_circuit_operator.py took 0.203 seconds
