[2025-03-01T14:17:48.768+0000] {processor.py:186} INFO - Started process (PID=98) to work on /home/airflow/.local/lib/python3.12/site-packages/airflow/example_dags/example_python_decorator.py
[2025-03-01T14:17:48.770+0000] {processor.py:914} INFO - Processing file /home/airflow/.local/lib/python3.12/site-packages/airflow/example_dags/example_python_decorator.py for tasks to queue
[2025-03-01T14:17:48.778+0000] {logging_mixin.py:190} INFO - [2025-03-01T14:17:48.777+0000] {dagbag.py:588} INFO - Filling up the DagBag from /home/airflow/.local/lib/python3.12/site-packages/airflow/example_dags/example_python_decorator.py
[2025-03-01T14:17:48.839+0000] {processor.py:925} INFO - DAG(s) 'example_python_decorator' retrieved from /home/airflow/.local/lib/python3.12/site-packages/airflow/example_dags/example_python_decorator.py
[2025-03-01T14:17:49.267+0000] {logging_mixin.py:190} INFO - [2025-03-01T14:17:49.266+0000] {override.py:1912} INFO - Created Permission View: can edit on DAG:example_python_decorator
[2025-03-01T14:17:49.291+0000] {logging_mixin.py:190} INFO - [2025-03-01T14:17:49.291+0000] {override.py:1912} INFO - Created Permission View: can read on DAG:example_python_decorator
[2025-03-01T14:17:49.306+0000] {logging_mixin.py:190} INFO - [2025-03-01T14:17:49.305+0000] {override.py:1912} INFO - Created Permission View: can delete on DAG:example_python_decorator
[2025-03-01T14:17:49.319+0000] {logging_mixin.py:190} INFO - [2025-03-01T14:17:49.319+0000] {override.py:1912} INFO - Created Permission View: menu access on DAG Run:example_python_decorator
[2025-03-01T14:17:49.347+0000] {logging_mixin.py:190} INFO - [2025-03-01T14:17:49.347+0000] {override.py:1912} INFO - Created Permission View: can read on DAG Run:example_python_decorator
[2025-03-01T14:17:49.393+0000] {logging_mixin.py:190} INFO - [2025-03-01T14:17:49.392+0000] {override.py:1912} INFO - Created Permission View: can create on DAG Run:example_python_decorator
[2025-03-01T14:17:49.418+0000] {logging_mixin.py:190} INFO - [2025-03-01T14:17:49.418+0000] {override.py:1912} INFO - Created Permission View: can delete on DAG Run:example_python_decorator
[2025-03-01T14:17:49.419+0000] {logging_mixin.py:190} INFO - [2025-03-01T14:17:49.419+0000] {dag.py:3239} INFO - Sync 1 DAGs
[2025-03-01T14:17:49.481+0000] {logging_mixin.py:190} INFO - [2025-03-01T14:17:49.481+0000] {dag.py:3262} INFO - Creating ORM DAG for example_python_decorator
[2025-03-01T14:17:49.487+0000] {logging_mixin.py:190} INFO - [2025-03-01T14:17:49.487+0000] {dag.py:4180} INFO - Setting next_dagrun for example_python_decorator to None, run_after=None
[2025-03-01T14:17:49.544+0000] {processor.py:208} INFO - Processing /home/airflow/.local/lib/python3.12/site-packages/airflow/example_dags/example_python_decorator.py took 0.781 seconds
[2025-03-01T14:18:20.080+0000] {processor.py:186} INFO - Started process (PID=160) to work on /home/airflow/.local/lib/python3.12/site-packages/airflow/example_dags/example_python_decorator.py
[2025-03-01T14:18:20.080+0000] {processor.py:914} INFO - Processing file /home/airflow/.local/lib/python3.12/site-packages/airflow/example_dags/example_python_decorator.py for tasks to queue
[2025-03-01T14:18:20.082+0000] {logging_mixin.py:190} INFO - [2025-03-01T14:18:20.082+0000] {dagbag.py:588} INFO - Filling up the DagBag from /home/airflow/.local/lib/python3.12/site-packages/airflow/example_dags/example_python_decorator.py
[2025-03-01T14:18:20.092+0000] {processor.py:925} INFO - DAG(s) 'example_python_decorator' retrieved from /home/airflow/.local/lib/python3.12/site-packages/airflow/example_dags/example_python_decorator.py
[2025-03-01T14:18:20.109+0000] {logging_mixin.py:190} INFO - [2025-03-01T14:18:20.109+0000] {dag.py:3239} INFO - Sync 1 DAGs
[2025-03-01T14:18:20.119+0000] {logging_mixin.py:190} INFO - [2025-03-01T14:18:20.119+0000] {dag.py:4180} INFO - Setting next_dagrun for example_python_decorator to None, run_after=None
[2025-03-01T14:18:20.131+0000] {processor.py:208} INFO - Processing /home/airflow/.local/lib/python3.12/site-packages/airflow/example_dags/example_python_decorator.py took 0.056 seconds
[2025-03-01T14:18:50.337+0000] {processor.py:186} INFO - Started process (PID=223) to work on /home/airflow/.local/lib/python3.12/site-packages/airflow/example_dags/example_python_decorator.py
[2025-03-01T14:18:50.338+0000] {processor.py:914} INFO - Processing file /home/airflow/.local/lib/python3.12/site-packages/airflow/example_dags/example_python_decorator.py for tasks to queue
[2025-03-01T14:18:50.340+0000] {logging_mixin.py:190} INFO - [2025-03-01T14:18:50.340+0000] {dagbag.py:588} INFO - Filling up the DagBag from /home/airflow/.local/lib/python3.12/site-packages/airflow/example_dags/example_python_decorator.py
[2025-03-01T14:18:50.363+0000] {processor.py:925} INFO - DAG(s) 'example_python_decorator' retrieved from /home/airflow/.local/lib/python3.12/site-packages/airflow/example_dags/example_python_decorator.py
[2025-03-01T14:18:50.390+0000] {logging_mixin.py:190} INFO - [2025-03-01T14:18:50.390+0000] {dag.py:3239} INFO - Sync 1 DAGs
[2025-03-01T14:18:50.417+0000] {logging_mixin.py:190} INFO - [2025-03-01T14:18:50.417+0000] {dag.py:4180} INFO - Setting next_dagrun for example_python_decorator to None, run_after=None
[2025-03-01T14:18:50.438+0000] {processor.py:208} INFO - Processing /home/airflow/.local/lib/python3.12/site-packages/airflow/example_dags/example_python_decorator.py took 0.110 seconds
[2025-03-01T14:19:21.272+0000] {processor.py:186} INFO - Started process (PID=286) to work on /home/airflow/.local/lib/python3.12/site-packages/airflow/example_dags/example_python_decorator.py
[2025-03-01T14:19:21.278+0000] {processor.py:914} INFO - Processing file /home/airflow/.local/lib/python3.12/site-packages/airflow/example_dags/example_python_decorator.py for tasks to queue
[2025-03-01T14:19:21.286+0000] {logging_mixin.py:190} INFO - [2025-03-01T14:19:21.286+0000] {dagbag.py:588} INFO - Filling up the DagBag from /home/airflow/.local/lib/python3.12/site-packages/airflow/example_dags/example_python_decorator.py
[2025-03-01T14:19:21.309+0000] {processor.py:925} INFO - DAG(s) 'example_python_decorator' retrieved from /home/airflow/.local/lib/python3.12/site-packages/airflow/example_dags/example_python_decorator.py
[2025-03-01T14:19:21.370+0000] {logging_mixin.py:190} INFO - [2025-03-01T14:19:21.369+0000] {dag.py:3239} INFO - Sync 1 DAGs
[2025-03-01T14:19:21.395+0000] {logging_mixin.py:190} INFO - [2025-03-01T14:19:21.395+0000] {dag.py:4180} INFO - Setting next_dagrun for example_python_decorator to None, run_after=None
[2025-03-01T14:19:21.435+0000] {processor.py:208} INFO - Processing /home/airflow/.local/lib/python3.12/site-packages/airflow/example_dags/example_python_decorator.py took 0.177 seconds
[2025-03-01T14:19:52.202+0000] {processor.py:186} INFO - Started process (PID=349) to work on /home/airflow/.local/lib/python3.12/site-packages/airflow/example_dags/example_python_decorator.py
[2025-03-01T14:19:52.212+0000] {processor.py:914} INFO - Processing file /home/airflow/.local/lib/python3.12/site-packages/airflow/example_dags/example_python_decorator.py for tasks to queue
[2025-03-01T14:19:52.214+0000] {logging_mixin.py:190} INFO - [2025-03-01T14:19:52.214+0000] {dagbag.py:588} INFO - Filling up the DagBag from /home/airflow/.local/lib/python3.12/site-packages/airflow/example_dags/example_python_decorator.py
[2025-03-01T14:19:52.294+0000] {processor.py:925} INFO - DAG(s) 'example_python_decorator' retrieved from /home/airflow/.local/lib/python3.12/site-packages/airflow/example_dags/example_python_decorator.py
[2025-03-01T14:19:52.418+0000] {logging_mixin.py:190} INFO - [2025-03-01T14:19:52.418+0000] {dag.py:3239} INFO - Sync 1 DAGs
[2025-03-01T14:19:52.460+0000] {logging_mixin.py:190} INFO - [2025-03-01T14:19:52.459+0000] {dag.py:4180} INFO - Setting next_dagrun for example_python_decorator to None, run_after=None
[2025-03-01T14:19:52.509+0000] {processor.py:208} INFO - Processing /home/airflow/.local/lib/python3.12/site-packages/airflow/example_dags/example_python_decorator.py took 0.325 seconds
[2025-03-01T14:20:23.213+0000] {processor.py:186} INFO - Started process (PID=412) to work on /home/airflow/.local/lib/python3.12/site-packages/airflow/example_dags/example_python_decorator.py
[2025-03-01T14:20:23.214+0000] {processor.py:914} INFO - Processing file /home/airflow/.local/lib/python3.12/site-packages/airflow/example_dags/example_python_decorator.py for tasks to queue
[2025-03-01T14:20:23.218+0000] {logging_mixin.py:190} INFO - [2025-03-01T14:20:23.217+0000] {dagbag.py:588} INFO - Filling up the DagBag from /home/airflow/.local/lib/python3.12/site-packages/airflow/example_dags/example_python_decorator.py
[2025-03-01T14:20:23.234+0000] {processor.py:925} INFO - DAG(s) 'example_python_decorator' retrieved from /home/airflow/.local/lib/python3.12/site-packages/airflow/example_dags/example_python_decorator.py
[2025-03-01T14:20:23.270+0000] {logging_mixin.py:190} INFO - [2025-03-01T14:20:23.269+0000] {dag.py:3239} INFO - Sync 1 DAGs
[2025-03-01T14:20:23.285+0000] {logging_mixin.py:190} INFO - [2025-03-01T14:20:23.285+0000] {dag.py:4180} INFO - Setting next_dagrun for example_python_decorator to None, run_after=None
[2025-03-01T14:20:23.302+0000] {processor.py:208} INFO - Processing /home/airflow/.local/lib/python3.12/site-packages/airflow/example_dags/example_python_decorator.py took 0.094 seconds
[2025-03-01T14:20:53.619+0000] {processor.py:186} INFO - Started process (PID=475) to work on /home/airflow/.local/lib/python3.12/site-packages/airflow/example_dags/example_python_decorator.py
[2025-03-01T14:20:53.620+0000] {processor.py:914} INFO - Processing file /home/airflow/.local/lib/python3.12/site-packages/airflow/example_dags/example_python_decorator.py for tasks to queue
[2025-03-01T14:20:53.622+0000] {logging_mixin.py:190} INFO - [2025-03-01T14:20:53.622+0000] {dagbag.py:588} INFO - Filling up the DagBag from /home/airflow/.local/lib/python3.12/site-packages/airflow/example_dags/example_python_decorator.py
[2025-03-01T14:20:53.636+0000] {processor.py:925} INFO - DAG(s) 'example_python_decorator' retrieved from /home/airflow/.local/lib/python3.12/site-packages/airflow/example_dags/example_python_decorator.py
[2025-03-01T14:20:53.660+0000] {logging_mixin.py:190} INFO - [2025-03-01T14:20:53.659+0000] {dag.py:3239} INFO - Sync 1 DAGs
[2025-03-01T14:20:53.674+0000] {logging_mixin.py:190} INFO - [2025-03-01T14:20:53.674+0000] {dag.py:4180} INFO - Setting next_dagrun for example_python_decorator to None, run_after=None
[2025-03-01T14:20:53.695+0000] {processor.py:208} INFO - Processing /home/airflow/.local/lib/python3.12/site-packages/airflow/example_dags/example_python_decorator.py took 0.082 seconds
[2025-03-01T14:21:24.004+0000] {processor.py:186} INFO - Started process (PID=538) to work on /home/airflow/.local/lib/python3.12/site-packages/airflow/example_dags/example_python_decorator.py
[2025-03-01T14:21:24.005+0000] {processor.py:914} INFO - Processing file /home/airflow/.local/lib/python3.12/site-packages/airflow/example_dags/example_python_decorator.py for tasks to queue
[2025-03-01T14:21:24.007+0000] {logging_mixin.py:190} INFO - [2025-03-01T14:21:24.007+0000] {dagbag.py:588} INFO - Filling up the DagBag from /home/airflow/.local/lib/python3.12/site-packages/airflow/example_dags/example_python_decorator.py
[2025-03-01T14:21:24.022+0000] {processor.py:925} INFO - DAG(s) 'example_python_decorator' retrieved from /home/airflow/.local/lib/python3.12/site-packages/airflow/example_dags/example_python_decorator.py
[2025-03-01T14:21:24.046+0000] {logging_mixin.py:190} INFO - [2025-03-01T14:21:24.045+0000] {dag.py:3239} INFO - Sync 1 DAGs
[2025-03-01T14:21:24.061+0000] {logging_mixin.py:190} INFO - [2025-03-01T14:21:24.061+0000] {dag.py:4180} INFO - Setting next_dagrun for example_python_decorator to None, run_after=None
[2025-03-01T14:21:24.079+0000] {processor.py:208} INFO - Processing /home/airflow/.local/lib/python3.12/site-packages/airflow/example_dags/example_python_decorator.py took 0.080 seconds
[2025-03-01T14:21:54.429+0000] {processor.py:186} INFO - Started process (PID=601) to work on /home/airflow/.local/lib/python3.12/site-packages/airflow/example_dags/example_python_decorator.py
[2025-03-01T14:21:54.429+0000] {processor.py:914} INFO - Processing file /home/airflow/.local/lib/python3.12/site-packages/airflow/example_dags/example_python_decorator.py for tasks to queue
[2025-03-01T14:21:54.431+0000] {logging_mixin.py:190} INFO - [2025-03-01T14:21:54.431+0000] {dagbag.py:588} INFO - Filling up the DagBag from /home/airflow/.local/lib/python3.12/site-packages/airflow/example_dags/example_python_decorator.py
[2025-03-01T14:21:54.446+0000] {processor.py:925} INFO - DAG(s) 'example_python_decorator' retrieved from /home/airflow/.local/lib/python3.12/site-packages/airflow/example_dags/example_python_decorator.py
[2025-03-01T14:21:54.468+0000] {logging_mixin.py:190} INFO - [2025-03-01T14:21:54.468+0000] {dag.py:3239} INFO - Sync 1 DAGs
[2025-03-01T14:21:54.483+0000] {logging_mixin.py:190} INFO - [2025-03-01T14:21:54.483+0000] {dag.py:4180} INFO - Setting next_dagrun for example_python_decorator to None, run_after=None
[2025-03-01T14:21:54.501+0000] {processor.py:208} INFO - Processing /home/airflow/.local/lib/python3.12/site-packages/airflow/example_dags/example_python_decorator.py took 0.078 seconds
[2025-03-01T14:22:24.889+0000] {processor.py:186} INFO - Started process (PID=664) to work on /home/airflow/.local/lib/python3.12/site-packages/airflow/example_dags/example_python_decorator.py
[2025-03-01T14:22:24.890+0000] {processor.py:914} INFO - Processing file /home/airflow/.local/lib/python3.12/site-packages/airflow/example_dags/example_python_decorator.py for tasks to queue
[2025-03-01T14:22:24.892+0000] {logging_mixin.py:190} INFO - [2025-03-01T14:22:24.892+0000] {dagbag.py:588} INFO - Filling up the DagBag from /home/airflow/.local/lib/python3.12/site-packages/airflow/example_dags/example_python_decorator.py
[2025-03-01T14:22:24.906+0000] {processor.py:925} INFO - DAG(s) 'example_python_decorator' retrieved from /home/airflow/.local/lib/python3.12/site-packages/airflow/example_dags/example_python_decorator.py
[2025-03-01T14:22:24.929+0000] {logging_mixin.py:190} INFO - [2025-03-01T14:22:24.929+0000] {dag.py:3239} INFO - Sync 1 DAGs
[2025-03-01T14:22:24.944+0000] {logging_mixin.py:190} INFO - [2025-03-01T14:22:24.944+0000] {dag.py:4180} INFO - Setting next_dagrun for example_python_decorator to None, run_after=None
[2025-03-01T14:22:24.961+0000] {processor.py:208} INFO - Processing /home/airflow/.local/lib/python3.12/site-packages/airflow/example_dags/example_python_decorator.py took 0.078 seconds
[2025-03-01T14:22:56.012+0000] {processor.py:186} INFO - Started process (PID=728) to work on /home/airflow/.local/lib/python3.12/site-packages/airflow/example_dags/example_python_decorator.py
[2025-03-01T14:22:56.013+0000] {processor.py:914} INFO - Processing file /home/airflow/.local/lib/python3.12/site-packages/airflow/example_dags/example_python_decorator.py for tasks to queue
[2025-03-01T14:22:56.015+0000] {logging_mixin.py:190} INFO - [2025-03-01T14:22:56.014+0000] {dagbag.py:588} INFO - Filling up the DagBag from /home/airflow/.local/lib/python3.12/site-packages/airflow/example_dags/example_python_decorator.py
[2025-03-01T14:22:56.029+0000] {processor.py:925} INFO - DAG(s) 'example_python_decorator' retrieved from /home/airflow/.local/lib/python3.12/site-packages/airflow/example_dags/example_python_decorator.py
[2025-03-01T14:22:56.052+0000] {logging_mixin.py:190} INFO - [2025-03-01T14:22:56.052+0000] {dag.py:3239} INFO - Sync 1 DAGs
[2025-03-01T14:22:56.068+0000] {logging_mixin.py:190} INFO - [2025-03-01T14:22:56.068+0000] {dag.py:4180} INFO - Setting next_dagrun for example_python_decorator to None, run_after=None
[2025-03-01T14:22:56.084+0000] {processor.py:208} INFO - Processing /home/airflow/.local/lib/python3.12/site-packages/airflow/example_dags/example_python_decorator.py took 0.078 seconds
[2025-03-01T14:23:26.130+0000] {processor.py:186} INFO - Started process (PID=791) to work on /home/airflow/.local/lib/python3.12/site-packages/airflow/example_dags/example_python_decorator.py
[2025-03-01T14:23:26.131+0000] {processor.py:914} INFO - Processing file /home/airflow/.local/lib/python3.12/site-packages/airflow/example_dags/example_python_decorator.py for tasks to queue
[2025-03-01T14:23:26.133+0000] {logging_mixin.py:190} INFO - [2025-03-01T14:23:26.132+0000] {dagbag.py:588} INFO - Filling up the DagBag from /home/airflow/.local/lib/python3.12/site-packages/airflow/example_dags/example_python_decorator.py
[2025-03-01T14:23:26.147+0000] {processor.py:925} INFO - DAG(s) 'example_python_decorator' retrieved from /home/airflow/.local/lib/python3.12/site-packages/airflow/example_dags/example_python_decorator.py
[2025-03-01T14:23:26.222+0000] {logging_mixin.py:190} INFO - [2025-03-01T14:23:26.222+0000] {dag.py:3239} INFO - Sync 1 DAGs
[2025-03-01T14:23:26.244+0000] {logging_mixin.py:190} INFO - [2025-03-01T14:23:26.243+0000] {dag.py:4180} INFO - Setting next_dagrun for example_python_decorator to None, run_after=None
[2025-03-01T14:23:26.266+0000] {processor.py:208} INFO - Processing /home/airflow/.local/lib/python3.12/site-packages/airflow/example_dags/example_python_decorator.py took 0.142 seconds
[2025-03-01T14:23:56.573+0000] {processor.py:186} INFO - Started process (PID=855) to work on /home/airflow/.local/lib/python3.12/site-packages/airflow/example_dags/example_python_decorator.py
[2025-03-01T14:23:56.574+0000] {processor.py:914} INFO - Processing file /home/airflow/.local/lib/python3.12/site-packages/airflow/example_dags/example_python_decorator.py for tasks to queue
[2025-03-01T14:23:56.576+0000] {logging_mixin.py:190} INFO - [2025-03-01T14:23:56.575+0000] {dagbag.py:588} INFO - Filling up the DagBag from /home/airflow/.local/lib/python3.12/site-packages/airflow/example_dags/example_python_decorator.py
[2025-03-01T14:23:56.595+0000] {processor.py:925} INFO - DAG(s) 'example_python_decorator' retrieved from /home/airflow/.local/lib/python3.12/site-packages/airflow/example_dags/example_python_decorator.py
[2025-03-01T14:23:56.618+0000] {logging_mixin.py:190} INFO - [2025-03-01T14:23:56.618+0000] {dag.py:3239} INFO - Sync 1 DAGs
[2025-03-01T14:23:56.633+0000] {logging_mixin.py:190} INFO - [2025-03-01T14:23:56.633+0000] {dag.py:4180} INFO - Setting next_dagrun for example_python_decorator to None, run_after=None
[2025-03-01T14:23:56.650+0000] {processor.py:208} INFO - Processing /home/airflow/.local/lib/python3.12/site-packages/airflow/example_dags/example_python_decorator.py took 0.084 seconds
[2025-03-01T14:24:27.551+0000] {processor.py:186} INFO - Started process (PID=918) to work on /home/airflow/.local/lib/python3.12/site-packages/airflow/example_dags/example_python_decorator.py
[2025-03-01T14:24:27.553+0000] {processor.py:914} INFO - Processing file /home/airflow/.local/lib/python3.12/site-packages/airflow/example_dags/example_python_decorator.py for tasks to queue
[2025-03-01T14:24:27.555+0000] {logging_mixin.py:190} INFO - [2025-03-01T14:24:27.554+0000] {dagbag.py:588} INFO - Filling up the DagBag from /home/airflow/.local/lib/python3.12/site-packages/airflow/example_dags/example_python_decorator.py
[2025-03-01T14:24:27.569+0000] {processor.py:925} INFO - DAG(s) 'example_python_decorator' retrieved from /home/airflow/.local/lib/python3.12/site-packages/airflow/example_dags/example_python_decorator.py
[2025-03-01T14:24:27.593+0000] {logging_mixin.py:190} INFO - [2025-03-01T14:24:27.593+0000] {dag.py:3239} INFO - Sync 1 DAGs
[2025-03-01T14:24:27.609+0000] {logging_mixin.py:190} INFO - [2025-03-01T14:24:27.608+0000] {dag.py:4180} INFO - Setting next_dagrun for example_python_decorator to None, run_after=None
[2025-03-01T14:24:27.625+0000] {processor.py:208} INFO - Processing /home/airflow/.local/lib/python3.12/site-packages/airflow/example_dags/example_python_decorator.py took 0.085 seconds
[2025-03-01T14:24:57.760+0000] {processor.py:186} INFO - Started process (PID=980) to work on /home/airflow/.local/lib/python3.12/site-packages/airflow/example_dags/example_python_decorator.py
[2025-03-01T14:24:57.760+0000] {processor.py:914} INFO - Processing file /home/airflow/.local/lib/python3.12/site-packages/airflow/example_dags/example_python_decorator.py for tasks to queue
[2025-03-01T14:24:57.762+0000] {logging_mixin.py:190} INFO - [2025-03-01T14:24:57.762+0000] {dagbag.py:588} INFO - Filling up the DagBag from /home/airflow/.local/lib/python3.12/site-packages/airflow/example_dags/example_python_decorator.py
[2025-03-01T14:24:57.777+0000] {processor.py:925} INFO - DAG(s) 'example_python_decorator' retrieved from /home/airflow/.local/lib/python3.12/site-packages/airflow/example_dags/example_python_decorator.py
[2025-03-01T14:24:57.800+0000] {logging_mixin.py:190} INFO - [2025-03-01T14:24:57.799+0000] {dag.py:3239} INFO - Sync 1 DAGs
[2025-03-01T14:24:57.814+0000] {logging_mixin.py:190} INFO - [2025-03-01T14:24:57.814+0000] {dag.py:4180} INFO - Setting next_dagrun for example_python_decorator to None, run_after=None
[2025-03-01T14:24:57.830+0000] {processor.py:208} INFO - Processing /home/airflow/.local/lib/python3.12/site-packages/airflow/example_dags/example_python_decorator.py took 0.076 seconds
[2025-03-01T14:25:27.943+0000] {processor.py:186} INFO - Started process (PID=1043) to work on /home/airflow/.local/lib/python3.12/site-packages/airflow/example_dags/example_python_decorator.py
[2025-03-01T14:25:27.944+0000] {processor.py:914} INFO - Processing file /home/airflow/.local/lib/python3.12/site-packages/airflow/example_dags/example_python_decorator.py for tasks to queue
[2025-03-01T14:25:27.947+0000] {logging_mixin.py:190} INFO - [2025-03-01T14:25:27.947+0000] {dagbag.py:588} INFO - Filling up the DagBag from /home/airflow/.local/lib/python3.12/site-packages/airflow/example_dags/example_python_decorator.py
[2025-03-01T14:25:27.990+0000] {processor.py:925} INFO - DAG(s) 'example_python_decorator' retrieved from /home/airflow/.local/lib/python3.12/site-packages/airflow/example_dags/example_python_decorator.py
[2025-03-01T14:25:28.026+0000] {logging_mixin.py:190} INFO - [2025-03-01T14:25:28.026+0000] {dag.py:3239} INFO - Sync 1 DAGs
[2025-03-01T14:25:28.042+0000] {logging_mixin.py:190} INFO - [2025-03-01T14:25:28.042+0000] {dag.py:4180} INFO - Setting next_dagrun for example_python_decorator to None, run_after=None
[2025-03-01T14:25:28.060+0000] {processor.py:208} INFO - Processing /home/airflow/.local/lib/python3.12/site-packages/airflow/example_dags/example_python_decorator.py took 0.122 seconds
[2025-03-01T14:25:58.170+0000] {processor.py:186} INFO - Started process (PID=1106) to work on /home/airflow/.local/lib/python3.12/site-packages/airflow/example_dags/example_python_decorator.py
[2025-03-01T14:25:58.171+0000] {processor.py:914} INFO - Processing file /home/airflow/.local/lib/python3.12/site-packages/airflow/example_dags/example_python_decorator.py for tasks to queue
[2025-03-01T14:25:58.173+0000] {logging_mixin.py:190} INFO - [2025-03-01T14:25:58.173+0000] {dagbag.py:588} INFO - Filling up the DagBag from /home/airflow/.local/lib/python3.12/site-packages/airflow/example_dags/example_python_decorator.py
[2025-03-01T14:25:58.188+0000] {processor.py:925} INFO - DAG(s) 'example_python_decorator' retrieved from /home/airflow/.local/lib/python3.12/site-packages/airflow/example_dags/example_python_decorator.py
[2025-03-01T14:25:58.211+0000] {logging_mixin.py:190} INFO - [2025-03-01T14:25:58.211+0000] {dag.py:3239} INFO - Sync 1 DAGs
[2025-03-01T14:25:58.227+0000] {logging_mixin.py:190} INFO - [2025-03-01T14:25:58.226+0000] {dag.py:4180} INFO - Setting next_dagrun for example_python_decorator to None, run_after=None
[2025-03-01T14:25:58.242+0000] {processor.py:208} INFO - Processing /home/airflow/.local/lib/python3.12/site-packages/airflow/example_dags/example_python_decorator.py took 0.078 seconds
[2025-03-01T14:26:28.534+0000] {processor.py:186} INFO - Started process (PID=1168) to work on /home/airflow/.local/lib/python3.12/site-packages/airflow/example_dags/example_python_decorator.py
[2025-03-01T14:26:28.535+0000] {processor.py:914} INFO - Processing file /home/airflow/.local/lib/python3.12/site-packages/airflow/example_dags/example_python_decorator.py for tasks to queue
[2025-03-01T14:26:28.537+0000] {logging_mixin.py:190} INFO - [2025-03-01T14:26:28.537+0000] {dagbag.py:588} INFO - Filling up the DagBag from /home/airflow/.local/lib/python3.12/site-packages/airflow/example_dags/example_python_decorator.py
[2025-03-01T14:26:28.557+0000] {processor.py:925} INFO - DAG(s) 'example_python_decorator' retrieved from /home/airflow/.local/lib/python3.12/site-packages/airflow/example_dags/example_python_decorator.py
[2025-03-01T14:26:28.578+0000] {logging_mixin.py:190} INFO - [2025-03-01T14:26:28.578+0000] {dag.py:3239} INFO - Sync 1 DAGs
[2025-03-01T14:26:28.592+0000] {logging_mixin.py:190} INFO - [2025-03-01T14:26:28.592+0000] {dag.py:4180} INFO - Setting next_dagrun for example_python_decorator to None, run_after=None
[2025-03-01T14:26:28.611+0000] {processor.py:208} INFO - Processing /home/airflow/.local/lib/python3.12/site-packages/airflow/example_dags/example_python_decorator.py took 0.097 seconds
[2025-03-01T14:26:58.664+0000] {processor.py:186} INFO - Started process (PID=1232) to work on /home/airflow/.local/lib/python3.12/site-packages/airflow/example_dags/example_python_decorator.py
[2025-03-01T14:26:58.664+0000] {processor.py:914} INFO - Processing file /home/airflow/.local/lib/python3.12/site-packages/airflow/example_dags/example_python_decorator.py for tasks to queue
[2025-03-01T14:26:58.670+0000] {logging_mixin.py:190} INFO - [2025-03-01T14:26:58.670+0000] {dagbag.py:588} INFO - Filling up the DagBag from /home/airflow/.local/lib/python3.12/site-packages/airflow/example_dags/example_python_decorator.py
[2025-03-01T14:26:58.684+0000] {processor.py:925} INFO - DAG(s) 'example_python_decorator' retrieved from /home/airflow/.local/lib/python3.12/site-packages/airflow/example_dags/example_python_decorator.py
[2025-03-01T14:26:58.708+0000] {logging_mixin.py:190} INFO - [2025-03-01T14:26:58.708+0000] {dag.py:3239} INFO - Sync 1 DAGs
[2025-03-01T14:26:58.723+0000] {logging_mixin.py:190} INFO - [2025-03-01T14:26:58.723+0000] {dag.py:4180} INFO - Setting next_dagrun for example_python_decorator to None, run_after=None
[2025-03-01T14:26:58.739+0000] {processor.py:208} INFO - Processing /home/airflow/.local/lib/python3.12/site-packages/airflow/example_dags/example_python_decorator.py took 0.081 seconds
[2025-03-01T14:27:28.944+0000] {processor.py:186} INFO - Started process (PID=1295) to work on /home/airflow/.local/lib/python3.12/site-packages/airflow/example_dags/example_python_decorator.py
[2025-03-01T14:27:28.945+0000] {processor.py:914} INFO - Processing file /home/airflow/.local/lib/python3.12/site-packages/airflow/example_dags/example_python_decorator.py for tasks to queue
[2025-03-01T14:27:28.947+0000] {logging_mixin.py:190} INFO - [2025-03-01T14:27:28.947+0000] {dagbag.py:588} INFO - Filling up the DagBag from /home/airflow/.local/lib/python3.12/site-packages/airflow/example_dags/example_python_decorator.py
[2025-03-01T14:27:28.970+0000] {processor.py:925} INFO - DAG(s) 'example_python_decorator' retrieved from /home/airflow/.local/lib/python3.12/site-packages/airflow/example_dags/example_python_decorator.py
[2025-03-01T14:27:28.992+0000] {logging_mixin.py:190} INFO - [2025-03-01T14:27:28.992+0000] {dag.py:3239} INFO - Sync 1 DAGs
[2025-03-01T14:27:29.006+0000] {logging_mixin.py:190} INFO - [2025-03-01T14:27:29.006+0000] {dag.py:4180} INFO - Setting next_dagrun for example_python_decorator to None, run_after=None
[2025-03-01T14:27:29.033+0000] {processor.py:208} INFO - Processing /home/airflow/.local/lib/python3.12/site-packages/airflow/example_dags/example_python_decorator.py took 0.094 seconds
[2025-03-01T14:27:59.933+0000] {processor.py:186} INFO - Started process (PID=1364) to work on /home/airflow/.local/lib/python3.12/site-packages/airflow/example_dags/example_python_decorator.py
[2025-03-01T14:27:59.934+0000] {processor.py:914} INFO - Processing file /home/airflow/.local/lib/python3.12/site-packages/airflow/example_dags/example_python_decorator.py for tasks to queue
[2025-03-01T14:27:59.936+0000] {logging_mixin.py:190} INFO - [2025-03-01T14:27:59.935+0000] {dagbag.py:588} INFO - Filling up the DagBag from /home/airflow/.local/lib/python3.12/site-packages/airflow/example_dags/example_python_decorator.py
[2025-03-01T14:27:59.951+0000] {processor.py:925} INFO - DAG(s) 'example_python_decorator' retrieved from /home/airflow/.local/lib/python3.12/site-packages/airflow/example_dags/example_python_decorator.py
[2025-03-01T14:27:59.979+0000] {logging_mixin.py:190} INFO - [2025-03-01T14:27:59.978+0000] {dag.py:3239} INFO - Sync 1 DAGs
[2025-03-01T14:27:59.993+0000] {logging_mixin.py:190} INFO - [2025-03-01T14:27:59.992+0000] {dag.py:4180} INFO - Setting next_dagrun for example_python_decorator to None, run_after=None
[2025-03-01T14:28:00.013+0000] {processor.py:208} INFO - Processing /home/airflow/.local/lib/python3.12/site-packages/airflow/example_dags/example_python_decorator.py took 0.085 seconds
[2025-03-01T14:28:30.300+0000] {processor.py:186} INFO - Started process (PID=1427) to work on /home/airflow/.local/lib/python3.12/site-packages/airflow/example_dags/example_python_decorator.py
[2025-03-01T14:28:30.301+0000] {processor.py:914} INFO - Processing file /home/airflow/.local/lib/python3.12/site-packages/airflow/example_dags/example_python_decorator.py for tasks to queue
[2025-03-01T14:28:30.303+0000] {logging_mixin.py:190} INFO - [2025-03-01T14:28:30.303+0000] {dagbag.py:588} INFO - Filling up the DagBag from /home/airflow/.local/lib/python3.12/site-packages/airflow/example_dags/example_python_decorator.py
[2025-03-01T14:28:30.317+0000] {processor.py:925} INFO - DAG(s) 'example_python_decorator' retrieved from /home/airflow/.local/lib/python3.12/site-packages/airflow/example_dags/example_python_decorator.py
[2025-03-01T14:28:30.341+0000] {logging_mixin.py:190} INFO - [2025-03-01T14:28:30.341+0000] {dag.py:3239} INFO - Sync 1 DAGs
[2025-03-01T14:28:30.356+0000] {logging_mixin.py:190} INFO - [2025-03-01T14:28:30.356+0000] {dag.py:4180} INFO - Setting next_dagrun for example_python_decorator to None, run_after=None
[2025-03-01T14:28:30.372+0000] {processor.py:208} INFO - Processing /home/airflow/.local/lib/python3.12/site-packages/airflow/example_dags/example_python_decorator.py took 0.077 seconds
[2025-03-01T14:29:00.881+0000] {processor.py:186} INFO - Started process (PID=1491) to work on /home/airflow/.local/lib/python3.12/site-packages/airflow/example_dags/example_python_decorator.py
[2025-03-01T14:29:00.894+0000] {processor.py:914} INFO - Processing file /home/airflow/.local/lib/python3.12/site-packages/airflow/example_dags/example_python_decorator.py for tasks to queue
[2025-03-01T14:29:00.896+0000] {logging_mixin.py:190} INFO - [2025-03-01T14:29:00.895+0000] {dagbag.py:588} INFO - Filling up the DagBag from /home/airflow/.local/lib/python3.12/site-packages/airflow/example_dags/example_python_decorator.py
[2025-03-01T14:29:00.932+0000] {processor.py:925} INFO - DAG(s) 'example_python_decorator' retrieved from /home/airflow/.local/lib/python3.12/site-packages/airflow/example_dags/example_python_decorator.py
[2025-03-01T14:29:00.972+0000] {logging_mixin.py:190} INFO - [2025-03-01T14:29:00.972+0000] {dag.py:3239} INFO - Sync 1 DAGs
[2025-03-01T14:29:00.988+0000] {logging_mixin.py:190} INFO - [2025-03-01T14:29:00.988+0000] {dag.py:4180} INFO - Setting next_dagrun for example_python_decorator to None, run_after=None
[2025-03-01T14:29:01.003+0000] {processor.py:208} INFO - Processing /home/airflow/.local/lib/python3.12/site-packages/airflow/example_dags/example_python_decorator.py took 0.127 seconds
[2025-03-01T14:29:31.205+0000] {processor.py:186} INFO - Started process (PID=1554) to work on /home/airflow/.local/lib/python3.12/site-packages/airflow/example_dags/example_python_decorator.py
[2025-03-01T14:29:31.206+0000] {processor.py:914} INFO - Processing file /home/airflow/.local/lib/python3.12/site-packages/airflow/example_dags/example_python_decorator.py for tasks to queue
[2025-03-01T14:29:31.208+0000] {logging_mixin.py:190} INFO - [2025-03-01T14:29:31.207+0000] {dagbag.py:588} INFO - Filling up the DagBag from /home/airflow/.local/lib/python3.12/site-packages/airflow/example_dags/example_python_decorator.py
[2025-03-01T14:29:31.222+0000] {processor.py:925} INFO - DAG(s) 'example_python_decorator' retrieved from /home/airflow/.local/lib/python3.12/site-packages/airflow/example_dags/example_python_decorator.py
[2025-03-01T14:29:31.245+0000] {logging_mixin.py:190} INFO - [2025-03-01T14:29:31.245+0000] {dag.py:3239} INFO - Sync 1 DAGs
[2025-03-01T14:29:31.260+0000] {logging_mixin.py:190} INFO - [2025-03-01T14:29:31.260+0000] {dag.py:4180} INFO - Setting next_dagrun for example_python_decorator to None, run_after=None
[2025-03-01T14:29:31.276+0000] {processor.py:208} INFO - Processing /home/airflow/.local/lib/python3.12/site-packages/airflow/example_dags/example_python_decorator.py took 0.077 seconds
[2025-03-01T14:30:01.615+0000] {processor.py:186} INFO - Started process (PID=1617) to work on /home/airflow/.local/lib/python3.12/site-packages/airflow/example_dags/example_python_decorator.py
[2025-03-01T14:30:01.616+0000] {processor.py:914} INFO - Processing file /home/airflow/.local/lib/python3.12/site-packages/airflow/example_dags/example_python_decorator.py for tasks to queue
[2025-03-01T14:30:01.618+0000] {logging_mixin.py:190} INFO - [2025-03-01T14:30:01.618+0000] {dagbag.py:588} INFO - Filling up the DagBag from /home/airflow/.local/lib/python3.12/site-packages/airflow/example_dags/example_python_decorator.py
[2025-03-01T14:30:01.634+0000] {processor.py:925} INFO - DAG(s) 'example_python_decorator' retrieved from /home/airflow/.local/lib/python3.12/site-packages/airflow/example_dags/example_python_decorator.py
[2025-03-01T14:30:01.655+0000] {logging_mixin.py:190} INFO - [2025-03-01T14:30:01.655+0000] {dag.py:3239} INFO - Sync 1 DAGs
[2025-03-01T14:30:01.675+0000] {logging_mixin.py:190} INFO - [2025-03-01T14:30:01.675+0000] {dag.py:4180} INFO - Setting next_dagrun for example_python_decorator to None, run_after=None
[2025-03-01T14:30:01.691+0000] {processor.py:208} INFO - Processing /home/airflow/.local/lib/python3.12/site-packages/airflow/example_dags/example_python_decorator.py took 0.081 seconds
[2025-03-01T14:30:32.454+0000] {processor.py:186} INFO - Started process (PID=1680) to work on /home/airflow/.local/lib/python3.12/site-packages/airflow/example_dags/example_python_decorator.py
[2025-03-01T14:30:32.455+0000] {processor.py:914} INFO - Processing file /home/airflow/.local/lib/python3.12/site-packages/airflow/example_dags/example_python_decorator.py for tasks to queue
[2025-03-01T14:30:32.458+0000] {logging_mixin.py:190} INFO - [2025-03-01T14:30:32.457+0000] {dagbag.py:588} INFO - Filling up the DagBag from /home/airflow/.local/lib/python3.12/site-packages/airflow/example_dags/example_python_decorator.py
[2025-03-01T14:30:32.478+0000] {processor.py:925} INFO - DAG(s) 'example_python_decorator' retrieved from /home/airflow/.local/lib/python3.12/site-packages/airflow/example_dags/example_python_decorator.py
[2025-03-01T14:30:32.500+0000] {logging_mixin.py:190} INFO - [2025-03-01T14:30:32.500+0000] {dag.py:3239} INFO - Sync 1 DAGs
[2025-03-01T14:30:32.523+0000] {logging_mixin.py:190} INFO - [2025-03-01T14:30:32.522+0000] {dag.py:4180} INFO - Setting next_dagrun for example_python_decorator to None, run_after=None
[2025-03-01T14:30:32.541+0000] {processor.py:208} INFO - Processing /home/airflow/.local/lib/python3.12/site-packages/airflow/example_dags/example_python_decorator.py took 0.092 seconds
[2025-03-01T14:31:02.997+0000] {processor.py:186} INFO - Started process (PID=1744) to work on /home/airflow/.local/lib/python3.12/site-packages/airflow/example_dags/example_python_decorator.py
[2025-03-01T14:31:02.998+0000] {processor.py:914} INFO - Processing file /home/airflow/.local/lib/python3.12/site-packages/airflow/example_dags/example_python_decorator.py for tasks to queue
[2025-03-01T14:31:03.000+0000] {logging_mixin.py:190} INFO - [2025-03-01T14:31:02.999+0000] {dagbag.py:588} INFO - Filling up the DagBag from /home/airflow/.local/lib/python3.12/site-packages/airflow/example_dags/example_python_decorator.py
[2025-03-01T14:31:03.015+0000] {processor.py:925} INFO - DAG(s) 'example_python_decorator' retrieved from /home/airflow/.local/lib/python3.12/site-packages/airflow/example_dags/example_python_decorator.py
[2025-03-01T14:31:03.039+0000] {logging_mixin.py:190} INFO - [2025-03-01T14:31:03.039+0000] {dag.py:3239} INFO - Sync 1 DAGs
[2025-03-01T14:31:03.054+0000] {logging_mixin.py:190} INFO - [2025-03-01T14:31:03.053+0000] {dag.py:4180} INFO - Setting next_dagrun for example_python_decorator to None, run_after=None
[2025-03-01T14:31:03.070+0000] {processor.py:208} INFO - Processing /home/airflow/.local/lib/python3.12/site-packages/airflow/example_dags/example_python_decorator.py took 0.078 seconds
[2025-03-01T14:31:33.731+0000] {processor.py:186} INFO - Started process (PID=1807) to work on /home/airflow/.local/lib/python3.12/site-packages/airflow/example_dags/example_python_decorator.py
[2025-03-01T14:31:33.732+0000] {processor.py:914} INFO - Processing file /home/airflow/.local/lib/python3.12/site-packages/airflow/example_dags/example_python_decorator.py for tasks to queue
[2025-03-01T14:31:33.734+0000] {logging_mixin.py:190} INFO - [2025-03-01T14:31:33.733+0000] {dagbag.py:588} INFO - Filling up the DagBag from /home/airflow/.local/lib/python3.12/site-packages/airflow/example_dags/example_python_decorator.py
[2025-03-01T14:31:33.750+0000] {processor.py:925} INFO - DAG(s) 'example_python_decorator' retrieved from /home/airflow/.local/lib/python3.12/site-packages/airflow/example_dags/example_python_decorator.py
[2025-03-01T14:31:33.773+0000] {logging_mixin.py:190} INFO - [2025-03-01T14:31:33.773+0000] {dag.py:3239} INFO - Sync 1 DAGs
[2025-03-01T14:31:33.788+0000] {logging_mixin.py:190} INFO - [2025-03-01T14:31:33.787+0000] {dag.py:4180} INFO - Setting next_dagrun for example_python_decorator to None, run_after=None
[2025-03-01T14:31:33.803+0000] {processor.py:208} INFO - Processing /home/airflow/.local/lib/python3.12/site-packages/airflow/example_dags/example_python_decorator.py took 0.078 seconds
[2025-03-01T14:32:04.269+0000] {processor.py:186} INFO - Started process (PID=1862) to work on /home/airflow/.local/lib/python3.12/site-packages/airflow/example_dags/example_python_decorator.py
[2025-03-01T14:32:04.270+0000] {processor.py:914} INFO - Processing file /home/airflow/.local/lib/python3.12/site-packages/airflow/example_dags/example_python_decorator.py for tasks to queue
[2025-03-01T14:32:04.272+0000] {logging_mixin.py:190} INFO - [2025-03-01T14:32:04.271+0000] {dagbag.py:588} INFO - Filling up the DagBag from /home/airflow/.local/lib/python3.12/site-packages/airflow/example_dags/example_python_decorator.py
[2025-03-01T14:32:04.310+0000] {processor.py:925} INFO - DAG(s) 'example_python_decorator' retrieved from /home/airflow/.local/lib/python3.12/site-packages/airflow/example_dags/example_python_decorator.py
[2025-03-01T14:32:04.348+0000] {logging_mixin.py:190} INFO - [2025-03-01T14:32:04.348+0000] {dag.py:3239} INFO - Sync 1 DAGs
[2025-03-01T14:32:04.377+0000] {logging_mixin.py:190} INFO - [2025-03-01T14:32:04.376+0000] {dag.py:4180} INFO - Setting next_dagrun for example_python_decorator to None, run_after=None
[2025-03-01T14:32:04.426+0000] {processor.py:208} INFO - Processing /home/airflow/.local/lib/python3.12/site-packages/airflow/example_dags/example_python_decorator.py took 0.174 seconds
[2025-03-01T14:32:34.644+0000] {processor.py:186} INFO - Started process (PID=1925) to work on /home/airflow/.local/lib/python3.12/site-packages/airflow/example_dags/example_python_decorator.py
[2025-03-01T14:32:34.645+0000] {processor.py:914} INFO - Processing file /home/airflow/.local/lib/python3.12/site-packages/airflow/example_dags/example_python_decorator.py for tasks to queue
[2025-03-01T14:32:34.647+0000] {logging_mixin.py:190} INFO - [2025-03-01T14:32:34.647+0000] {dagbag.py:588} INFO - Filling up the DagBag from /home/airflow/.local/lib/python3.12/site-packages/airflow/example_dags/example_python_decorator.py
[2025-03-01T14:32:34.662+0000] {processor.py:925} INFO - DAG(s) 'example_python_decorator' retrieved from /home/airflow/.local/lib/python3.12/site-packages/airflow/example_dags/example_python_decorator.py
[2025-03-01T14:32:34.683+0000] {logging_mixin.py:190} INFO - [2025-03-01T14:32:34.683+0000] {dag.py:3239} INFO - Sync 1 DAGs
[2025-03-01T14:32:34.698+0000] {logging_mixin.py:190} INFO - [2025-03-01T14:32:34.697+0000] {dag.py:4180} INFO - Setting next_dagrun for example_python_decorator to None, run_after=None
[2025-03-01T14:32:34.713+0000] {processor.py:208} INFO - Processing /home/airflow/.local/lib/python3.12/site-packages/airflow/example_dags/example_python_decorator.py took 0.075 seconds
[2025-03-01T14:33:05.664+0000] {processor.py:186} INFO - Started process (PID=1988) to work on /home/airflow/.local/lib/python3.12/site-packages/airflow/example_dags/example_python_decorator.py
[2025-03-01T14:33:05.665+0000] {processor.py:914} INFO - Processing file /home/airflow/.local/lib/python3.12/site-packages/airflow/example_dags/example_python_decorator.py for tasks to queue
[2025-03-01T14:33:05.667+0000] {logging_mixin.py:190} INFO - [2025-03-01T14:33:05.666+0000] {dagbag.py:588} INFO - Filling up the DagBag from /home/airflow/.local/lib/python3.12/site-packages/airflow/example_dags/example_python_decorator.py
[2025-03-01T14:33:05.677+0000] {processor.py:925} INFO - DAG(s) 'example_python_decorator' retrieved from /home/airflow/.local/lib/python3.12/site-packages/airflow/example_dags/example_python_decorator.py
[2025-03-01T14:33:05.692+0000] {logging_mixin.py:190} INFO - [2025-03-01T14:33:05.692+0000] {dag.py:3239} INFO - Sync 1 DAGs
[2025-03-01T14:33:05.703+0000] {logging_mixin.py:190} INFO - [2025-03-01T14:33:05.703+0000] {dag.py:4180} INFO - Setting next_dagrun for example_python_decorator to None, run_after=None
[2025-03-01T14:33:05.715+0000] {processor.py:208} INFO - Processing /home/airflow/.local/lib/python3.12/site-packages/airflow/example_dags/example_python_decorator.py took 0.055 seconds
[2025-03-01T14:33:36.147+0000] {processor.py:186} INFO - Started process (PID=2050) to work on /home/airflow/.local/lib/python3.12/site-packages/airflow/example_dags/example_python_decorator.py
[2025-03-01T14:33:36.149+0000] {processor.py:914} INFO - Processing file /home/airflow/.local/lib/python3.12/site-packages/airflow/example_dags/example_python_decorator.py for tasks to queue
[2025-03-01T14:33:36.151+0000] {logging_mixin.py:190} INFO - [2025-03-01T14:33:36.150+0000] {dagbag.py:588} INFO - Filling up the DagBag from /home/airflow/.local/lib/python3.12/site-packages/airflow/example_dags/example_python_decorator.py
[2025-03-01T14:33:36.165+0000] {processor.py:925} INFO - DAG(s) 'example_python_decorator' retrieved from /home/airflow/.local/lib/python3.12/site-packages/airflow/example_dags/example_python_decorator.py
[2025-03-01T14:33:36.187+0000] {logging_mixin.py:190} INFO - [2025-03-01T14:33:36.187+0000] {dag.py:3239} INFO - Sync 1 DAGs
[2025-03-01T14:33:36.202+0000] {logging_mixin.py:190} INFO - [2025-03-01T14:33:36.202+0000] {dag.py:4180} INFO - Setting next_dagrun for example_python_decorator to None, run_after=None
[2025-03-01T14:33:36.218+0000] {processor.py:208} INFO - Processing /home/airflow/.local/lib/python3.12/site-packages/airflow/example_dags/example_python_decorator.py took 0.078 seconds
[2025-03-01T14:34:06.411+0000] {processor.py:186} INFO - Started process (PID=2111) to work on /home/airflow/.local/lib/python3.12/site-packages/airflow/example_dags/example_python_decorator.py
[2025-03-01T14:34:06.411+0000] {processor.py:914} INFO - Processing file /home/airflow/.local/lib/python3.12/site-packages/airflow/example_dags/example_python_decorator.py for tasks to queue
[2025-03-01T14:34:06.421+0000] {logging_mixin.py:190} INFO - [2025-03-01T14:34:06.413+0000] {dagbag.py:588} INFO - Filling up the DagBag from /home/airflow/.local/lib/python3.12/site-packages/airflow/example_dags/example_python_decorator.py
[2025-03-01T14:34:06.456+0000] {processor.py:925} INFO - DAG(s) 'example_python_decorator' retrieved from /home/airflow/.local/lib/python3.12/site-packages/airflow/example_dags/example_python_decorator.py
[2025-03-01T14:34:06.500+0000] {logging_mixin.py:190} INFO - [2025-03-01T14:34:06.500+0000] {dag.py:3239} INFO - Sync 1 DAGs
[2025-03-01T14:34:06.535+0000] {logging_mixin.py:190} INFO - [2025-03-01T14:34:06.535+0000] {dag.py:4180} INFO - Setting next_dagrun for example_python_decorator to None, run_after=None
[2025-03-01T14:34:06.569+0000] {processor.py:208} INFO - Processing /home/airflow/.local/lib/python3.12/site-packages/airflow/example_dags/example_python_decorator.py took 0.165 seconds
[2025-03-01T14:34:36.661+0000] {processor.py:186} INFO - Started process (PID=2174) to work on /home/airflow/.local/lib/python3.12/site-packages/airflow/example_dags/example_python_decorator.py
[2025-03-01T14:34:36.662+0000] {processor.py:914} INFO - Processing file /home/airflow/.local/lib/python3.12/site-packages/airflow/example_dags/example_python_decorator.py for tasks to queue
[2025-03-01T14:34:36.664+0000] {logging_mixin.py:190} INFO - [2025-03-01T14:34:36.664+0000] {dagbag.py:588} INFO - Filling up the DagBag from /home/airflow/.local/lib/python3.12/site-packages/airflow/example_dags/example_python_decorator.py
[2025-03-01T14:34:36.679+0000] {processor.py:925} INFO - DAG(s) 'example_python_decorator' retrieved from /home/airflow/.local/lib/python3.12/site-packages/airflow/example_dags/example_python_decorator.py
[2025-03-01T14:34:36.701+0000] {logging_mixin.py:190} INFO - [2025-03-01T14:34:36.700+0000] {dag.py:3239} INFO - Sync 1 DAGs
[2025-03-01T14:34:36.715+0000] {logging_mixin.py:190} INFO - [2025-03-01T14:34:36.715+0000] {dag.py:4180} INFO - Setting next_dagrun for example_python_decorator to None, run_after=None
[2025-03-01T14:34:36.731+0000] {processor.py:208} INFO - Processing /home/airflow/.local/lib/python3.12/site-packages/airflow/example_dags/example_python_decorator.py took 0.075 seconds
[2025-03-01T14:35:06.934+0000] {processor.py:186} INFO - Started process (PID=2237) to work on /home/airflow/.local/lib/python3.12/site-packages/airflow/example_dags/example_python_decorator.py
[2025-03-01T14:35:06.935+0000] {processor.py:914} INFO - Processing file /home/airflow/.local/lib/python3.12/site-packages/airflow/example_dags/example_python_decorator.py for tasks to queue
[2025-03-01T14:35:06.937+0000] {logging_mixin.py:190} INFO - [2025-03-01T14:35:06.937+0000] {dagbag.py:588} INFO - Filling up the DagBag from /home/airflow/.local/lib/python3.12/site-packages/airflow/example_dags/example_python_decorator.py
[2025-03-01T14:35:06.952+0000] {processor.py:925} INFO - DAG(s) 'example_python_decorator' retrieved from /home/airflow/.local/lib/python3.12/site-packages/airflow/example_dags/example_python_decorator.py
[2025-03-01T14:35:06.975+0000] {logging_mixin.py:190} INFO - [2025-03-01T14:35:06.975+0000] {dag.py:3239} INFO - Sync 1 DAGs
[2025-03-01T14:35:06.990+0000] {logging_mixin.py:190} INFO - [2025-03-01T14:35:06.990+0000] {dag.py:4180} INFO - Setting next_dagrun for example_python_decorator to None, run_after=None
[2025-03-01T14:35:07.006+0000] {processor.py:208} INFO - Processing /home/airflow/.local/lib/python3.12/site-packages/airflow/example_dags/example_python_decorator.py took 0.077 seconds
[2025-03-01T14:35:37.301+0000] {processor.py:186} INFO - Started process (PID=2300) to work on /home/airflow/.local/lib/python3.12/site-packages/airflow/example_dags/example_python_decorator.py
[2025-03-01T14:35:37.302+0000] {processor.py:914} INFO - Processing file /home/airflow/.local/lib/python3.12/site-packages/airflow/example_dags/example_python_decorator.py for tasks to queue
[2025-03-01T14:35:37.304+0000] {logging_mixin.py:190} INFO - [2025-03-01T14:35:37.304+0000] {dagbag.py:588} INFO - Filling up the DagBag from /home/airflow/.local/lib/python3.12/site-packages/airflow/example_dags/example_python_decorator.py
[2025-03-01T14:35:37.320+0000] {processor.py:925} INFO - DAG(s) 'example_python_decorator' retrieved from /home/airflow/.local/lib/python3.12/site-packages/airflow/example_dags/example_python_decorator.py
[2025-03-01T14:35:37.353+0000] {logging_mixin.py:190} INFO - [2025-03-01T14:35:37.353+0000] {dag.py:3239} INFO - Sync 1 DAGs
[2025-03-01T14:35:37.368+0000] {logging_mixin.py:190} INFO - [2025-03-01T14:35:37.368+0000] {dag.py:4180} INFO - Setting next_dagrun for example_python_decorator to None, run_after=None
[2025-03-01T14:35:37.384+0000] {processor.py:208} INFO - Processing /home/airflow/.local/lib/python3.12/site-packages/airflow/example_dags/example_python_decorator.py took 0.088 seconds
[2025-03-01T14:36:08.088+0000] {processor.py:186} INFO - Started process (PID=2363) to work on /home/airflow/.local/lib/python3.12/site-packages/airflow/example_dags/example_python_decorator.py
[2025-03-01T14:36:08.089+0000] {processor.py:914} INFO - Processing file /home/airflow/.local/lib/python3.12/site-packages/airflow/example_dags/example_python_decorator.py for tasks to queue
[2025-03-01T14:36:08.092+0000] {logging_mixin.py:190} INFO - [2025-03-01T14:36:08.091+0000] {dagbag.py:588} INFO - Filling up the DagBag from /home/airflow/.local/lib/python3.12/site-packages/airflow/example_dags/example_python_decorator.py
[2025-03-01T14:36:08.106+0000] {processor.py:925} INFO - DAG(s) 'example_python_decorator' retrieved from /home/airflow/.local/lib/python3.12/site-packages/airflow/example_dags/example_python_decorator.py
[2025-03-01T14:36:08.129+0000] {logging_mixin.py:190} INFO - [2025-03-01T14:36:08.129+0000] {dag.py:3239} INFO - Sync 1 DAGs
[2025-03-01T14:36:08.148+0000] {logging_mixin.py:190} INFO - [2025-03-01T14:36:08.147+0000] {dag.py:4180} INFO - Setting next_dagrun for example_python_decorator to None, run_after=None
[2025-03-01T14:36:08.164+0000] {processor.py:208} INFO - Processing /home/airflow/.local/lib/python3.12/site-packages/airflow/example_dags/example_python_decorator.py took 0.081 seconds
[2025-03-01T14:36:38.666+0000] {processor.py:186} INFO - Started process (PID=2427) to work on /home/airflow/.local/lib/python3.12/site-packages/airflow/example_dags/example_python_decorator.py
[2025-03-01T14:36:38.667+0000] {processor.py:914} INFO - Processing file /home/airflow/.local/lib/python3.12/site-packages/airflow/example_dags/example_python_decorator.py for tasks to queue
[2025-03-01T14:36:38.669+0000] {logging_mixin.py:190} INFO - [2025-03-01T14:36:38.669+0000] {dagbag.py:588} INFO - Filling up the DagBag from /home/airflow/.local/lib/python3.12/site-packages/airflow/example_dags/example_python_decorator.py
[2025-03-01T14:36:38.684+0000] {processor.py:925} INFO - DAG(s) 'example_python_decorator' retrieved from /home/airflow/.local/lib/python3.12/site-packages/airflow/example_dags/example_python_decorator.py
[2025-03-01T14:36:38.706+0000] {logging_mixin.py:190} INFO - [2025-03-01T14:36:38.706+0000] {dag.py:3239} INFO - Sync 1 DAGs
[2025-03-01T14:36:38.724+0000] {logging_mixin.py:190} INFO - [2025-03-01T14:36:38.724+0000] {dag.py:4180} INFO - Setting next_dagrun for example_python_decorator to None, run_after=None
[2025-03-01T14:36:38.755+0000] {processor.py:208} INFO - Processing /home/airflow/.local/lib/python3.12/site-packages/airflow/example_dags/example_python_decorator.py took 0.095 seconds
[2025-03-01T14:37:09.401+0000] {processor.py:186} INFO - Started process (PID=2489) to work on /home/airflow/.local/lib/python3.12/site-packages/airflow/example_dags/example_python_decorator.py
[2025-03-01T14:37:09.402+0000] {processor.py:914} INFO - Processing file /home/airflow/.local/lib/python3.12/site-packages/airflow/example_dags/example_python_decorator.py for tasks to queue
[2025-03-01T14:37:09.404+0000] {logging_mixin.py:190} INFO - [2025-03-01T14:37:09.404+0000] {dagbag.py:588} INFO - Filling up the DagBag from /home/airflow/.local/lib/python3.12/site-packages/airflow/example_dags/example_python_decorator.py
[2025-03-01T14:37:09.428+0000] {processor.py:925} INFO - DAG(s) 'example_python_decorator' retrieved from /home/airflow/.local/lib/python3.12/site-packages/airflow/example_dags/example_python_decorator.py
[2025-03-01T14:37:09.470+0000] {logging_mixin.py:190} INFO - [2025-03-01T14:37:09.470+0000] {dag.py:3239} INFO - Sync 1 DAGs
[2025-03-01T14:37:09.501+0000] {logging_mixin.py:190} INFO - [2025-03-01T14:37:09.499+0000] {dag.py:4180} INFO - Setting next_dagrun for example_python_decorator to None, run_after=None
[2025-03-01T14:37:09.517+0000] {processor.py:208} INFO - Processing /home/airflow/.local/lib/python3.12/site-packages/airflow/example_dags/example_python_decorator.py took 0.122 seconds
[2025-03-01T14:37:40.126+0000] {processor.py:186} INFO - Started process (PID=2553) to work on /home/airflow/.local/lib/python3.12/site-packages/airflow/example_dags/example_python_decorator.py
[2025-03-01T14:37:40.128+0000] {processor.py:914} INFO - Processing file /home/airflow/.local/lib/python3.12/site-packages/airflow/example_dags/example_python_decorator.py for tasks to queue
[2025-03-01T14:37:40.131+0000] {logging_mixin.py:190} INFO - [2025-03-01T14:37:40.130+0000] {dagbag.py:588} INFO - Filling up the DagBag from /home/airflow/.local/lib/python3.12/site-packages/airflow/example_dags/example_python_decorator.py
[2025-03-01T14:37:40.150+0000] {processor.py:925} INFO - DAG(s) 'example_python_decorator' retrieved from /home/airflow/.local/lib/python3.12/site-packages/airflow/example_dags/example_python_decorator.py
[2025-03-01T14:37:40.176+0000] {logging_mixin.py:190} INFO - [2025-03-01T14:37:40.176+0000] {dag.py:3239} INFO - Sync 1 DAGs
[2025-03-01T14:37:40.190+0000] {logging_mixin.py:190} INFO - [2025-03-01T14:37:40.190+0000] {dag.py:4180} INFO - Setting next_dagrun for example_python_decorator to None, run_after=None
[2025-03-01T14:37:40.207+0000] {processor.py:208} INFO - Processing /home/airflow/.local/lib/python3.12/site-packages/airflow/example_dags/example_python_decorator.py took 0.086 seconds
[2025-03-01T14:38:10.271+0000] {processor.py:186} INFO - Started process (PID=2616) to work on /home/airflow/.local/lib/python3.12/site-packages/airflow/example_dags/example_python_decorator.py
[2025-03-01T14:38:10.272+0000] {processor.py:914} INFO - Processing file /home/airflow/.local/lib/python3.12/site-packages/airflow/example_dags/example_python_decorator.py for tasks to queue
[2025-03-01T14:38:10.274+0000] {logging_mixin.py:190} INFO - [2025-03-01T14:38:10.273+0000] {dagbag.py:588} INFO - Filling up the DagBag from /home/airflow/.local/lib/python3.12/site-packages/airflow/example_dags/example_python_decorator.py
[2025-03-01T14:38:10.288+0000] {processor.py:925} INFO - DAG(s) 'example_python_decorator' retrieved from /home/airflow/.local/lib/python3.12/site-packages/airflow/example_dags/example_python_decorator.py
[2025-03-01T14:38:10.311+0000] {logging_mixin.py:190} INFO - [2025-03-01T14:38:10.311+0000] {dag.py:3239} INFO - Sync 1 DAGs
[2025-03-01T14:38:10.326+0000] {logging_mixin.py:190} INFO - [2025-03-01T14:38:10.326+0000] {dag.py:4180} INFO - Setting next_dagrun for example_python_decorator to None, run_after=None
[2025-03-01T14:38:10.342+0000] {processor.py:208} INFO - Processing /home/airflow/.local/lib/python3.12/site-packages/airflow/example_dags/example_python_decorator.py took 0.076 seconds
[2025-03-01T14:38:40.392+0000] {processor.py:186} INFO - Started process (PID=2679) to work on /home/airflow/.local/lib/python3.12/site-packages/airflow/example_dags/example_python_decorator.py
[2025-03-01T14:38:40.393+0000] {processor.py:914} INFO - Processing file /home/airflow/.local/lib/python3.12/site-packages/airflow/example_dags/example_python_decorator.py for tasks to queue
[2025-03-01T14:38:40.395+0000] {logging_mixin.py:190} INFO - [2025-03-01T14:38:40.395+0000] {dagbag.py:588} INFO - Filling up the DagBag from /home/airflow/.local/lib/python3.12/site-packages/airflow/example_dags/example_python_decorator.py
[2025-03-01T14:38:40.437+0000] {processor.py:925} INFO - DAG(s) 'example_python_decorator' retrieved from /home/airflow/.local/lib/python3.12/site-packages/airflow/example_dags/example_python_decorator.py
[2025-03-01T14:38:40.484+0000] {logging_mixin.py:190} INFO - [2025-03-01T14:38:40.484+0000] {dag.py:3239} INFO - Sync 1 DAGs
[2025-03-01T14:38:40.523+0000] {logging_mixin.py:190} INFO - [2025-03-01T14:38:40.523+0000] {dag.py:4180} INFO - Setting next_dagrun for example_python_decorator to None, run_after=None
[2025-03-01T14:38:40.550+0000] {processor.py:208} INFO - Processing /home/airflow/.local/lib/python3.12/site-packages/airflow/example_dags/example_python_decorator.py took 0.163 seconds
[2025-03-01T14:39:10.786+0000] {processor.py:186} INFO - Started process (PID=2743) to work on /home/airflow/.local/lib/python3.12/site-packages/airflow/example_dags/example_python_decorator.py
[2025-03-01T14:39:10.787+0000] {processor.py:914} INFO - Processing file /home/airflow/.local/lib/python3.12/site-packages/airflow/example_dags/example_python_decorator.py for tasks to queue
[2025-03-01T14:39:10.790+0000] {logging_mixin.py:190} INFO - [2025-03-01T14:39:10.789+0000] {dagbag.py:588} INFO - Filling up the DagBag from /home/airflow/.local/lib/python3.12/site-packages/airflow/example_dags/example_python_decorator.py
[2025-03-01T14:39:10.804+0000] {processor.py:925} INFO - DAG(s) 'example_python_decorator' retrieved from /home/airflow/.local/lib/python3.12/site-packages/airflow/example_dags/example_python_decorator.py
[2025-03-01T14:39:10.827+0000] {logging_mixin.py:190} INFO - [2025-03-01T14:39:10.827+0000] {dag.py:3239} INFO - Sync 1 DAGs
[2025-03-01T14:39:10.842+0000] {logging_mixin.py:190} INFO - [2025-03-01T14:39:10.842+0000] {dag.py:4180} INFO - Setting next_dagrun for example_python_decorator to None, run_after=None
[2025-03-01T14:39:10.859+0000] {processor.py:208} INFO - Processing /home/airflow/.local/lib/python3.12/site-packages/airflow/example_dags/example_python_decorator.py took 0.079 seconds
[2025-03-01T14:39:41.453+0000] {processor.py:186} INFO - Started process (PID=2806) to work on /home/airflow/.local/lib/python3.12/site-packages/airflow/example_dags/example_python_decorator.py
[2025-03-01T14:39:41.454+0000] {processor.py:914} INFO - Processing file /home/airflow/.local/lib/python3.12/site-packages/airflow/example_dags/example_python_decorator.py for tasks to queue
[2025-03-01T14:39:41.456+0000] {logging_mixin.py:190} INFO - [2025-03-01T14:39:41.456+0000] {dagbag.py:588} INFO - Filling up the DagBag from /home/airflow/.local/lib/python3.12/site-packages/airflow/example_dags/example_python_decorator.py
[2025-03-01T14:39:41.470+0000] {processor.py:925} INFO - DAG(s) 'example_python_decorator' retrieved from /home/airflow/.local/lib/python3.12/site-packages/airflow/example_dags/example_python_decorator.py
[2025-03-01T14:39:41.500+0000] {logging_mixin.py:190} INFO - [2025-03-01T14:39:41.500+0000] {dag.py:3239} INFO - Sync 1 DAGs
[2025-03-01T14:39:41.514+0000] {logging_mixin.py:190} INFO - [2025-03-01T14:39:41.514+0000] {dag.py:4180} INFO - Setting next_dagrun for example_python_decorator to None, run_after=None
[2025-03-01T14:39:41.532+0000] {processor.py:208} INFO - Processing /home/airflow/.local/lib/python3.12/site-packages/airflow/example_dags/example_python_decorator.py took 0.084 seconds
[2025-03-01T14:40:11.723+0000] {processor.py:186} INFO - Started process (PID=2870) to work on /home/airflow/.local/lib/python3.12/site-packages/airflow/example_dags/example_python_decorator.py
[2025-03-01T14:40:11.724+0000] {processor.py:914} INFO - Processing file /home/airflow/.local/lib/python3.12/site-packages/airflow/example_dags/example_python_decorator.py for tasks to queue
[2025-03-01T14:40:11.726+0000] {logging_mixin.py:190} INFO - [2025-03-01T14:40:11.725+0000] {dagbag.py:588} INFO - Filling up the DagBag from /home/airflow/.local/lib/python3.12/site-packages/airflow/example_dags/example_python_decorator.py
[2025-03-01T14:40:11.749+0000] {processor.py:925} INFO - DAG(s) 'example_python_decorator' retrieved from /home/airflow/.local/lib/python3.12/site-packages/airflow/example_dags/example_python_decorator.py
[2025-03-01T14:40:11.770+0000] {logging_mixin.py:190} INFO - [2025-03-01T14:40:11.770+0000] {dag.py:3239} INFO - Sync 1 DAGs
[2025-03-01T14:40:11.785+0000] {logging_mixin.py:190} INFO - [2025-03-01T14:40:11.785+0000] {dag.py:4180} INFO - Setting next_dagrun for example_python_decorator to None, run_after=None
[2025-03-01T14:40:11.801+0000] {processor.py:208} INFO - Processing /home/airflow/.local/lib/python3.12/site-packages/airflow/example_dags/example_python_decorator.py took 0.083 seconds
[2025-03-01T14:40:42.108+0000] {processor.py:186} INFO - Started process (PID=2933) to work on /home/airflow/.local/lib/python3.12/site-packages/airflow/example_dags/example_python_decorator.py
[2025-03-01T14:40:42.116+0000] {processor.py:914} INFO - Processing file /home/airflow/.local/lib/python3.12/site-packages/airflow/example_dags/example_python_decorator.py for tasks to queue
[2025-03-01T14:40:42.119+0000] {logging_mixin.py:190} INFO - [2025-03-01T14:40:42.118+0000] {dagbag.py:588} INFO - Filling up the DagBag from /home/airflow/.local/lib/python3.12/site-packages/airflow/example_dags/example_python_decorator.py
[2025-03-01T14:40:42.149+0000] {processor.py:925} INFO - DAG(s) 'example_python_decorator' retrieved from /home/airflow/.local/lib/python3.12/site-packages/airflow/example_dags/example_python_decorator.py
[2025-03-01T14:40:42.202+0000] {logging_mixin.py:190} INFO - [2025-03-01T14:40:42.202+0000] {dag.py:3239} INFO - Sync 1 DAGs
[2025-03-01T14:40:42.231+0000] {logging_mixin.py:190} INFO - [2025-03-01T14:40:42.231+0000] {dag.py:4180} INFO - Setting next_dagrun for example_python_decorator to None, run_after=None
[2025-03-01T14:40:42.265+0000] {processor.py:208} INFO - Processing /home/airflow/.local/lib/python3.12/site-packages/airflow/example_dags/example_python_decorator.py took 0.174 seconds
[2025-03-01T14:41:12.806+0000] {processor.py:186} INFO - Started process (PID=2996) to work on /home/airflow/.local/lib/python3.12/site-packages/airflow/example_dags/example_python_decorator.py
[2025-03-01T14:41:12.806+0000] {processor.py:914} INFO - Processing file /home/airflow/.local/lib/python3.12/site-packages/airflow/example_dags/example_python_decorator.py for tasks to queue
[2025-03-01T14:41:12.809+0000] {logging_mixin.py:190} INFO - [2025-03-01T14:41:12.808+0000] {dagbag.py:588} INFO - Filling up the DagBag from /home/airflow/.local/lib/python3.12/site-packages/airflow/example_dags/example_python_decorator.py
[2025-03-01T14:41:12.826+0000] {processor.py:925} INFO - DAG(s) 'example_python_decorator' retrieved from /home/airflow/.local/lib/python3.12/site-packages/airflow/example_dags/example_python_decorator.py
[2025-03-01T14:41:12.847+0000] {logging_mixin.py:190} INFO - [2025-03-01T14:41:12.847+0000] {dag.py:3239} INFO - Sync 1 DAGs
[2025-03-01T14:41:12.866+0000] {logging_mixin.py:190} INFO - [2025-03-01T14:41:12.865+0000] {dag.py:4180} INFO - Setting next_dagrun for example_python_decorator to None, run_after=None
[2025-03-01T14:41:12.894+0000] {processor.py:208} INFO - Processing /home/airflow/.local/lib/python3.12/site-packages/airflow/example_dags/example_python_decorator.py took 0.094 seconds
[2025-03-01T14:41:43.469+0000] {processor.py:186} INFO - Started process (PID=3059) to work on /home/airflow/.local/lib/python3.12/site-packages/airflow/example_dags/example_python_decorator.py
[2025-03-01T14:41:43.470+0000] {processor.py:914} INFO - Processing file /home/airflow/.local/lib/python3.12/site-packages/airflow/example_dags/example_python_decorator.py for tasks to queue
[2025-03-01T14:41:43.472+0000] {logging_mixin.py:190} INFO - [2025-03-01T14:41:43.472+0000] {dagbag.py:588} INFO - Filling up the DagBag from /home/airflow/.local/lib/python3.12/site-packages/airflow/example_dags/example_python_decorator.py
[2025-03-01T14:41:43.487+0000] {processor.py:925} INFO - DAG(s) 'example_python_decorator' retrieved from /home/airflow/.local/lib/python3.12/site-packages/airflow/example_dags/example_python_decorator.py
[2025-03-01T14:41:43.509+0000] {logging_mixin.py:190} INFO - [2025-03-01T14:41:43.509+0000] {dag.py:3239} INFO - Sync 1 DAGs
[2025-03-01T14:41:43.535+0000] {logging_mixin.py:190} INFO - [2025-03-01T14:41:43.535+0000] {dag.py:4180} INFO - Setting next_dagrun for example_python_decorator to None, run_after=None
[2025-03-01T14:41:43.552+0000] {processor.py:208} INFO - Processing /home/airflow/.local/lib/python3.12/site-packages/airflow/example_dags/example_python_decorator.py took 0.088 seconds
[2025-03-01T14:42:13.947+0000] {processor.py:186} INFO - Started process (PID=3121) to work on /home/airflow/.local/lib/python3.12/site-packages/airflow/example_dags/example_python_decorator.py
[2025-03-01T14:42:13.948+0000] {processor.py:914} INFO - Processing file /home/airflow/.local/lib/python3.12/site-packages/airflow/example_dags/example_python_decorator.py for tasks to queue
[2025-03-01T14:42:13.950+0000] {logging_mixin.py:190} INFO - [2025-03-01T14:42:13.950+0000] {dagbag.py:588} INFO - Filling up the DagBag from /home/airflow/.local/lib/python3.12/site-packages/airflow/example_dags/example_python_decorator.py
[2025-03-01T14:42:13.965+0000] {processor.py:925} INFO - DAG(s) 'example_python_decorator' retrieved from /home/airflow/.local/lib/python3.12/site-packages/airflow/example_dags/example_python_decorator.py
[2025-03-01T14:42:13.988+0000] {logging_mixin.py:190} INFO - [2025-03-01T14:42:13.988+0000] {dag.py:3239} INFO - Sync 1 DAGs
[2025-03-01T14:42:14.003+0000] {logging_mixin.py:190} INFO - [2025-03-01T14:42:14.003+0000] {dag.py:4180} INFO - Setting next_dagrun for example_python_decorator to None, run_after=None
[2025-03-01T14:42:14.019+0000] {processor.py:208} INFO - Processing /home/airflow/.local/lib/python3.12/site-packages/airflow/example_dags/example_python_decorator.py took 0.077 seconds
[2025-03-01T14:42:44.244+0000] {processor.py:186} INFO - Started process (PID=3184) to work on /home/airflow/.local/lib/python3.12/site-packages/airflow/example_dags/example_python_decorator.py
[2025-03-01T14:42:44.246+0000] {processor.py:914} INFO - Processing file /home/airflow/.local/lib/python3.12/site-packages/airflow/example_dags/example_python_decorator.py for tasks to queue
[2025-03-01T14:42:44.248+0000] {logging_mixin.py:190} INFO - [2025-03-01T14:42:44.247+0000] {dagbag.py:588} INFO - Filling up the DagBag from /home/airflow/.local/lib/python3.12/site-packages/airflow/example_dags/example_python_decorator.py
[2025-03-01T14:42:44.263+0000] {processor.py:925} INFO - DAG(s) 'example_python_decorator' retrieved from /home/airflow/.local/lib/python3.12/site-packages/airflow/example_dags/example_python_decorator.py
[2025-03-01T14:42:44.296+0000] {logging_mixin.py:190} INFO - [2025-03-01T14:42:44.296+0000] {dag.py:3239} INFO - Sync 1 DAGs
[2025-03-01T14:42:44.313+0000] {logging_mixin.py:190} INFO - [2025-03-01T14:42:44.313+0000] {dag.py:4180} INFO - Setting next_dagrun for example_python_decorator to None, run_after=None
[2025-03-01T14:42:44.331+0000] {processor.py:208} INFO - Processing /home/airflow/.local/lib/python3.12/site-packages/airflow/example_dags/example_python_decorator.py took 0.092 seconds
[2025-03-01T14:43:14.541+0000] {processor.py:186} INFO - Started process (PID=3247) to work on /home/airflow/.local/lib/python3.12/site-packages/airflow/example_dags/example_python_decorator.py
[2025-03-01T14:43:14.543+0000] {processor.py:914} INFO - Processing file /home/airflow/.local/lib/python3.12/site-packages/airflow/example_dags/example_python_decorator.py for tasks to queue
[2025-03-01T14:43:14.547+0000] {logging_mixin.py:190} INFO - [2025-03-01T14:43:14.546+0000] {dagbag.py:588} INFO - Filling up the DagBag from /home/airflow/.local/lib/python3.12/site-packages/airflow/example_dags/example_python_decorator.py
[2025-03-01T14:43:14.562+0000] {processor.py:925} INFO - DAG(s) 'example_python_decorator' retrieved from /home/airflow/.local/lib/python3.12/site-packages/airflow/example_dags/example_python_decorator.py
[2025-03-01T14:43:14.584+0000] {logging_mixin.py:190} INFO - [2025-03-01T14:43:14.584+0000] {dag.py:3239} INFO - Sync 1 DAGs
[2025-03-01T14:43:14.599+0000] {logging_mixin.py:190} INFO - [2025-03-01T14:43:14.598+0000] {dag.py:4180} INFO - Setting next_dagrun for example_python_decorator to None, run_after=None
[2025-03-01T14:43:14.614+0000] {processor.py:208} INFO - Processing /home/airflow/.local/lib/python3.12/site-packages/airflow/example_dags/example_python_decorator.py took 0.078 seconds
[2025-03-01T14:43:44.842+0000] {processor.py:186} INFO - Started process (PID=3310) to work on /home/airflow/.local/lib/python3.12/site-packages/airflow/example_dags/example_python_decorator.py
[2025-03-01T14:43:44.843+0000] {processor.py:914} INFO - Processing file /home/airflow/.local/lib/python3.12/site-packages/airflow/example_dags/example_python_decorator.py for tasks to queue
[2025-03-01T14:43:44.844+0000] {logging_mixin.py:190} INFO - [2025-03-01T14:43:44.844+0000] {dagbag.py:588} INFO - Filling up the DagBag from /home/airflow/.local/lib/python3.12/site-packages/airflow/example_dags/example_python_decorator.py
[2025-03-01T14:43:44.859+0000] {processor.py:925} INFO - DAG(s) 'example_python_decorator' retrieved from /home/airflow/.local/lib/python3.12/site-packages/airflow/example_dags/example_python_decorator.py
[2025-03-01T14:43:44.881+0000] {logging_mixin.py:190} INFO - [2025-03-01T14:43:44.881+0000] {dag.py:3239} INFO - Sync 1 DAGs
[2025-03-01T14:43:44.897+0000] {logging_mixin.py:190} INFO - [2025-03-01T14:43:44.897+0000] {dag.py:4180} INFO - Setting next_dagrun for example_python_decorator to None, run_after=None
[2025-03-01T14:43:44.915+0000] {processor.py:208} INFO - Processing /home/airflow/.local/lib/python3.12/site-packages/airflow/example_dags/example_python_decorator.py took 0.078 seconds
[2025-03-01T14:44:15.634+0000] {processor.py:186} INFO - Started process (PID=3374) to work on /home/airflow/.local/lib/python3.12/site-packages/airflow/example_dags/example_python_decorator.py
[2025-03-01T14:44:15.635+0000] {processor.py:914} INFO - Processing file /home/airflow/.local/lib/python3.12/site-packages/airflow/example_dags/example_python_decorator.py for tasks to queue
[2025-03-01T14:44:15.637+0000] {logging_mixin.py:190} INFO - [2025-03-01T14:44:15.637+0000] {dagbag.py:588} INFO - Filling up the DagBag from /home/airflow/.local/lib/python3.12/site-packages/airflow/example_dags/example_python_decorator.py
[2025-03-01T14:44:15.651+0000] {processor.py:925} INFO - DAG(s) 'example_python_decorator' retrieved from /home/airflow/.local/lib/python3.12/site-packages/airflow/example_dags/example_python_decorator.py
[2025-03-01T14:44:15.674+0000] {logging_mixin.py:190} INFO - [2025-03-01T14:44:15.673+0000] {dag.py:3239} INFO - Sync 1 DAGs
[2025-03-01T14:44:15.688+0000] {logging_mixin.py:190} INFO - [2025-03-01T14:44:15.688+0000] {dag.py:4180} INFO - Setting next_dagrun for example_python_decorator to None, run_after=None
[2025-03-01T14:44:15.705+0000] {processor.py:208} INFO - Processing /home/airflow/.local/lib/python3.12/site-packages/airflow/example_dags/example_python_decorator.py took 0.076 seconds
[2025-03-01T14:44:45.963+0000] {processor.py:186} INFO - Started process (PID=3436) to work on /home/airflow/.local/lib/python3.12/site-packages/airflow/example_dags/example_python_decorator.py
[2025-03-01T14:44:45.964+0000] {processor.py:914} INFO - Processing file /home/airflow/.local/lib/python3.12/site-packages/airflow/example_dags/example_python_decorator.py for tasks to queue
[2025-03-01T14:44:45.966+0000] {logging_mixin.py:190} INFO - [2025-03-01T14:44:45.966+0000] {dagbag.py:588} INFO - Filling up the DagBag from /home/airflow/.local/lib/python3.12/site-packages/airflow/example_dags/example_python_decorator.py
[2025-03-01T14:44:45.982+0000] {processor.py:925} INFO - DAG(s) 'example_python_decorator' retrieved from /home/airflow/.local/lib/python3.12/site-packages/airflow/example_dags/example_python_decorator.py
[2025-03-01T14:44:46.004+0000] {logging_mixin.py:190} INFO - [2025-03-01T14:44:46.004+0000] {dag.py:3239} INFO - Sync 1 DAGs
[2025-03-01T14:44:46.023+0000] {logging_mixin.py:190} INFO - [2025-03-01T14:44:46.023+0000] {dag.py:4180} INFO - Setting next_dagrun for example_python_decorator to None, run_after=None
[2025-03-01T14:44:46.041+0000] {processor.py:208} INFO - Processing /home/airflow/.local/lib/python3.12/site-packages/airflow/example_dags/example_python_decorator.py took 0.085 seconds
[2025-03-01T14:45:17.000+0000] {processor.py:186} INFO - Started process (PID=3498) to work on /home/airflow/.local/lib/python3.12/site-packages/airflow/example_dags/example_python_decorator.py
[2025-03-01T14:45:17.004+0000] {processor.py:914} INFO - Processing file /home/airflow/.local/lib/python3.12/site-packages/airflow/example_dags/example_python_decorator.py for tasks to queue
[2025-03-01T14:45:17.019+0000] {logging_mixin.py:190} INFO - [2025-03-01T14:45:17.018+0000] {dagbag.py:588} INFO - Filling up the DagBag from /home/airflow/.local/lib/python3.12/site-packages/airflow/example_dags/example_python_decorator.py
[2025-03-01T14:45:17.063+0000] {processor.py:925} INFO - DAG(s) 'example_python_decorator' retrieved from /home/airflow/.local/lib/python3.12/site-packages/airflow/example_dags/example_python_decorator.py
[2025-03-01T14:45:17.118+0000] {logging_mixin.py:190} INFO - [2025-03-01T14:45:17.117+0000] {dag.py:3239} INFO - Sync 1 DAGs
[2025-03-01T14:45:17.155+0000] {logging_mixin.py:190} INFO - [2025-03-01T14:45:17.155+0000] {dag.py:4180} INFO - Setting next_dagrun for example_python_decorator to None, run_after=None
[2025-03-01T14:45:17.192+0000] {processor.py:208} INFO - Processing /home/airflow/.local/lib/python3.12/site-packages/airflow/example_dags/example_python_decorator.py took 0.197 seconds
[2025-03-01T14:45:47.804+0000] {processor.py:186} INFO - Started process (PID=3544) to work on /home/airflow/.local/lib/python3.12/site-packages/airflow/example_dags/example_python_decorator.py
[2025-03-01T14:45:47.810+0000] {processor.py:914} INFO - Processing file /home/airflow/.local/lib/python3.12/site-packages/airflow/example_dags/example_python_decorator.py for tasks to queue
[2025-03-01T14:45:47.813+0000] {logging_mixin.py:190} INFO - [2025-03-01T14:45:47.813+0000] {dagbag.py:588} INFO - Filling up the DagBag from /home/airflow/.local/lib/python3.12/site-packages/airflow/example_dags/example_python_decorator.py
[2025-03-01T14:45:47.836+0000] {processor.py:925} INFO - DAG(s) 'example_python_decorator' retrieved from /home/airflow/.local/lib/python3.12/site-packages/airflow/example_dags/example_python_decorator.py
[2025-03-01T14:45:47.862+0000] {logging_mixin.py:190} INFO - [2025-03-01T14:45:47.861+0000] {dag.py:3239} INFO - Sync 1 DAGs
[2025-03-01T14:45:47.889+0000] {logging_mixin.py:190} INFO - [2025-03-01T14:45:47.889+0000] {dag.py:4180} INFO - Setting next_dagrun for example_python_decorator to None, run_after=None
[2025-03-01T14:45:47.938+0000] {processor.py:208} INFO - Processing /home/airflow/.local/lib/python3.12/site-packages/airflow/example_dags/example_python_decorator.py took 0.144 seconds
[2025-03-01T14:46:28.185+0000] {processor.py:186} INFO - Started process (PID=3607) to work on /home/airflow/.local/lib/python3.12/site-packages/airflow/example_dags/example_python_decorator.py
[2025-03-01T14:46:28.265+0000] {processor.py:914} INFO - Processing file /home/airflow/.local/lib/python3.12/site-packages/airflow/example_dags/example_python_decorator.py for tasks to queue
[2025-03-01T14:46:28.268+0000] {logging_mixin.py:190} INFO - [2025-03-01T14:46:28.268+0000] {dagbag.py:588} INFO - Filling up the DagBag from /home/airflow/.local/lib/python3.12/site-packages/airflow/example_dags/example_python_decorator.py
[2025-03-01T14:46:28.437+0000] {processor.py:925} INFO - DAG(s) 'example_python_decorator' retrieved from /home/airflow/.local/lib/python3.12/site-packages/airflow/example_dags/example_python_decorator.py
[2025-03-01T14:46:28.636+0000] {logging_mixin.py:190} INFO - [2025-03-01T14:46:28.636+0000] {dag.py:3239} INFO - Sync 1 DAGs
[2025-03-01T14:46:28.708+0000] {logging_mixin.py:190} INFO - [2025-03-01T14:46:28.708+0000] {dag.py:4180} INFO - Setting next_dagrun for example_python_decorator to None, run_after=None
[2025-03-01T14:46:28.864+0000] {processor.py:208} INFO - Processing /home/airflow/.local/lib/python3.12/site-packages/airflow/example_dags/example_python_decorator.py took 0.725 seconds
[2025-03-01T14:47:06.764+0000] {processor.py:186} INFO - Started process (PID=3670) to work on /home/airflow/.local/lib/python3.12/site-packages/airflow/example_dags/example_python_decorator.py
[2025-03-01T14:47:06.767+0000] {processor.py:914} INFO - Processing file /home/airflow/.local/lib/python3.12/site-packages/airflow/example_dags/example_python_decorator.py for tasks to queue
[2025-03-01T14:47:06.783+0000] {logging_mixin.py:190} INFO - [2025-03-01T14:47:06.782+0000] {dagbag.py:588} INFO - Filling up the DagBag from /home/airflow/.local/lib/python3.12/site-packages/airflow/example_dags/example_python_decorator.py
[2025-03-01T14:47:06.891+0000] {processor.py:925} INFO - DAG(s) 'example_python_decorator' retrieved from /home/airflow/.local/lib/python3.12/site-packages/airflow/example_dags/example_python_decorator.py
[2025-03-01T14:47:07.282+0000] {logging_mixin.py:190} INFO - [2025-03-01T14:47:07.282+0000] {dag.py:3239} INFO - Sync 1 DAGs
[2025-03-01T14:47:07.370+0000] {logging_mixin.py:190} INFO - [2025-03-01T14:47:07.369+0000] {dag.py:4180} INFO - Setting next_dagrun for example_python_decorator to None, run_after=None
[2025-03-01T14:47:07.431+0000] {processor.py:208} INFO - Processing /home/airflow/.local/lib/python3.12/site-packages/airflow/example_dags/example_python_decorator.py took 0.719 seconds
[2025-03-01T14:47:45.528+0000] {processor.py:186} INFO - Started process (PID=3731) to work on /home/airflow/.local/lib/python3.12/site-packages/airflow/example_dags/example_python_decorator.py
[2025-03-01T14:47:45.551+0000] {processor.py:914} INFO - Processing file /home/airflow/.local/lib/python3.12/site-packages/airflow/example_dags/example_python_decorator.py for tasks to queue
[2025-03-01T14:47:45.634+0000] {logging_mixin.py:190} INFO - [2025-03-01T14:47:45.633+0000] {dagbag.py:588} INFO - Filling up the DagBag from /home/airflow/.local/lib/python3.12/site-packages/airflow/example_dags/example_python_decorator.py
[2025-03-01T14:47:45.823+0000] {processor.py:925} INFO - DAG(s) 'example_python_decorator' retrieved from /home/airflow/.local/lib/python3.12/site-packages/airflow/example_dags/example_python_decorator.py
[2025-03-01T14:47:45.999+0000] {logging_mixin.py:190} INFO - [2025-03-01T14:47:45.999+0000] {dag.py:3239} INFO - Sync 1 DAGs
[2025-03-01T14:47:46.154+0000] {logging_mixin.py:190} INFO - [2025-03-01T14:47:46.154+0000] {dag.py:4180} INFO - Setting next_dagrun for example_python_decorator to None, run_after=None
[2025-03-01T14:47:46.503+0000] {processor.py:208} INFO - Processing /home/airflow/.local/lib/python3.12/site-packages/airflow/example_dags/example_python_decorator.py took 1.235 seconds
