[2025-03-01T14:17:27.089+0000] {processor.py:186} INFO - Started process (PID=64) to work on /home/airflow/.local/lib/python3.12/site-packages/airflow/example_dags/example_display_name.py
[2025-03-01T14:17:27.122+0000] {processor.py:914} INFO - Processing file /home/airflow/.local/lib/python3.12/site-packages/airflow/example_dags/example_display_name.py for tasks to queue
[2025-03-01T14:17:27.227+0000] {logging_mixin.py:190} INFO - [2025-03-01T14:17:27.227+0000] {dagbag.py:588} INFO - Filling up the DagBag from /home/airflow/.local/lib/python3.12/site-packages/airflow/example_dags/example_display_name.py
[2025-03-01T14:17:27.323+0000] {processor.py:925} INFO - DAG(s) 'example_display_name' retrieved from /home/airflow/.local/lib/python3.12/site-packages/airflow/example_dags/example_display_name.py
[2025-03-01T14:17:28.493+0000] {logging_mixin.py:190} INFO - [2025-03-01T14:17:28.490+0000] {override.py:1912} INFO - Created Permission View: can edit on DAG:example_display_name
[2025-03-01T14:17:28.523+0000] {logging_mixin.py:190} INFO - [2025-03-01T14:17:28.522+0000] {override.py:1912} INFO - Created Permission View: can read on DAG:example_display_name
[2025-03-01T14:17:28.542+0000] {logging_mixin.py:190} INFO - [2025-03-01T14:17:28.541+0000] {override.py:1912} INFO - Created Permission View: can delete on DAG:example_display_name
[2025-03-01T14:17:28.587+0000] {logging_mixin.py:190} INFO - [2025-03-01T14:17:28.587+0000] {override.py:1912} INFO - Created Permission View: menu access on DAG Run:example_display_name
[2025-03-01T14:17:28.605+0000] {logging_mixin.py:190} INFO - [2025-03-01T14:17:28.605+0000] {override.py:1912} INFO - Created Permission View: can read on DAG Run:example_display_name
[2025-03-01T14:17:28.630+0000] {logging_mixin.py:190} INFO - [2025-03-01T14:17:28.630+0000] {override.py:1912} INFO - Created Permission View: can create on DAG Run:example_display_name
[2025-03-01T14:17:28.670+0000] {logging_mixin.py:190} INFO - [2025-03-01T14:17:28.670+0000] {override.py:1912} INFO - Created Permission View: can delete on DAG Run:example_display_name
[2025-03-01T14:17:28.675+0000] {logging_mixin.py:190} INFO - [2025-03-01T14:17:28.674+0000] {dag.py:3239} INFO - Sync 1 DAGs
[2025-03-01T14:17:28.734+0000] {logging_mixin.py:190} INFO - [2025-03-01T14:17:28.733+0000] {dag.py:3262} INFO - Creating ORM DAG for example_display_name
[2025-03-01T14:17:28.735+0000] {logging_mixin.py:190} INFO - [2025-03-01T14:17:28.734+0000] {dag.py:4180} INFO - Setting next_dagrun for example_display_name to None, run_after=None
[2025-03-01T14:17:28.813+0000] {processor.py:208} INFO - Processing /home/airflow/.local/lib/python3.12/site-packages/airflow/example_dags/example_display_name.py took 1.849 seconds
[2025-03-01T14:17:59.282+0000] {processor.py:186} INFO - Started process (PID=132) to work on /home/airflow/.local/lib/python3.12/site-packages/airflow/example_dags/example_display_name.py
[2025-03-01T14:17:59.290+0000] {processor.py:914} INFO - Processing file /home/airflow/.local/lib/python3.12/site-packages/airflow/example_dags/example_display_name.py for tasks to queue
[2025-03-01T14:17:59.299+0000] {logging_mixin.py:190} INFO - [2025-03-01T14:17:59.298+0000] {dagbag.py:588} INFO - Filling up the DagBag from /home/airflow/.local/lib/python3.12/site-packages/airflow/example_dags/example_display_name.py
[2025-03-01T14:17:59.322+0000] {processor.py:925} INFO - DAG(s) 'example_display_name' retrieved from /home/airflow/.local/lib/python3.12/site-packages/airflow/example_dags/example_display_name.py
[2025-03-01T14:17:59.363+0000] {logging_mixin.py:190} INFO - [2025-03-01T14:17:59.362+0000] {dag.py:3239} INFO - Sync 1 DAGs
[2025-03-01T14:17:59.401+0000] {logging_mixin.py:190} INFO - [2025-03-01T14:17:59.401+0000] {dag.py:4180} INFO - Setting next_dagrun for example_display_name to None, run_after=None
[2025-03-01T14:17:59.434+0000] {processor.py:208} INFO - Processing /home/airflow/.local/lib/python3.12/site-packages/airflow/example_dags/example_display_name.py took 0.158 seconds
[2025-03-01T14:18:29.848+0000] {processor.py:186} INFO - Started process (PID=192) to work on /home/airflow/.local/lib/python3.12/site-packages/airflow/example_dags/example_display_name.py
[2025-03-01T14:18:29.849+0000] {processor.py:914} INFO - Processing file /home/airflow/.local/lib/python3.12/site-packages/airflow/example_dags/example_display_name.py for tasks to queue
[2025-03-01T14:18:29.851+0000] {logging_mixin.py:190} INFO - [2025-03-01T14:18:29.851+0000] {dagbag.py:588} INFO - Filling up the DagBag from /home/airflow/.local/lib/python3.12/site-packages/airflow/example_dags/example_display_name.py
[2025-03-01T14:18:29.858+0000] {processor.py:925} INFO - DAG(s) 'example_display_name' retrieved from /home/airflow/.local/lib/python3.12/site-packages/airflow/example_dags/example_display_name.py
[2025-03-01T14:18:29.876+0000] {logging_mixin.py:190} INFO - [2025-03-01T14:18:29.876+0000] {dag.py:3239} INFO - Sync 1 DAGs
[2025-03-01T14:18:29.892+0000] {logging_mixin.py:190} INFO - [2025-03-01T14:18:29.891+0000] {dag.py:4180} INFO - Setting next_dagrun for example_display_name to None, run_after=None
[2025-03-01T14:18:29.908+0000] {processor.py:208} INFO - Processing /home/airflow/.local/lib/python3.12/site-packages/airflow/example_dags/example_display_name.py took 0.065 seconds
[2025-03-01T14:19:00.106+0000] {processor.py:186} INFO - Started process (PID=255) to work on /home/airflow/.local/lib/python3.12/site-packages/airflow/example_dags/example_display_name.py
[2025-03-01T14:19:00.107+0000] {processor.py:914} INFO - Processing file /home/airflow/.local/lib/python3.12/site-packages/airflow/example_dags/example_display_name.py for tasks to queue
[2025-03-01T14:19:00.109+0000] {logging_mixin.py:190} INFO - [2025-03-01T14:19:00.108+0000] {dagbag.py:588} INFO - Filling up the DagBag from /home/airflow/.local/lib/python3.12/site-packages/airflow/example_dags/example_display_name.py
[2025-03-01T14:19:00.117+0000] {processor.py:925} INFO - DAG(s) 'example_display_name' retrieved from /home/airflow/.local/lib/python3.12/site-packages/airflow/example_dags/example_display_name.py
[2025-03-01T14:19:00.140+0000] {logging_mixin.py:190} INFO - [2025-03-01T14:19:00.140+0000] {dag.py:3239} INFO - Sync 1 DAGs
[2025-03-01T14:19:00.155+0000] {logging_mixin.py:190} INFO - [2025-03-01T14:19:00.155+0000] {dag.py:4180} INFO - Setting next_dagrun for example_display_name to None, run_after=None
[2025-03-01T14:19:00.172+0000] {processor.py:208} INFO - Processing /home/airflow/.local/lib/python3.12/site-packages/airflow/example_dags/example_display_name.py took 0.073 seconds
[2025-03-01T14:19:30.879+0000] {processor.py:186} INFO - Started process (PID=318) to work on /home/airflow/.local/lib/python3.12/site-packages/airflow/example_dags/example_display_name.py
[2025-03-01T14:19:30.880+0000] {processor.py:914} INFO - Processing file /home/airflow/.local/lib/python3.12/site-packages/airflow/example_dags/example_display_name.py for tasks to queue
[2025-03-01T14:19:30.884+0000] {logging_mixin.py:190} INFO - [2025-03-01T14:19:30.883+0000] {dagbag.py:588} INFO - Filling up the DagBag from /home/airflow/.local/lib/python3.12/site-packages/airflow/example_dags/example_display_name.py
[2025-03-01T14:19:30.891+0000] {processor.py:925} INFO - DAG(s) 'example_display_name' retrieved from /home/airflow/.local/lib/python3.12/site-packages/airflow/example_dags/example_display_name.py
[2025-03-01T14:19:30.908+0000] {logging_mixin.py:190} INFO - [2025-03-01T14:19:30.907+0000] {dag.py:3239} INFO - Sync 1 DAGs
[2025-03-01T14:19:30.923+0000] {logging_mixin.py:190} INFO - [2025-03-01T14:19:30.923+0000] {dag.py:4180} INFO - Setting next_dagrun for example_display_name to None, run_after=None
[2025-03-01T14:19:30.939+0000] {processor.py:208} INFO - Processing /home/airflow/.local/lib/python3.12/site-packages/airflow/example_dags/example_display_name.py took 0.066 seconds
[2025-03-01T14:20:01.339+0000] {processor.py:186} INFO - Started process (PID=381) to work on /home/airflow/.local/lib/python3.12/site-packages/airflow/example_dags/example_display_name.py
[2025-03-01T14:20:01.341+0000] {processor.py:914} INFO - Processing file /home/airflow/.local/lib/python3.12/site-packages/airflow/example_dags/example_display_name.py for tasks to queue
[2025-03-01T14:20:01.344+0000] {logging_mixin.py:190} INFO - [2025-03-01T14:20:01.344+0000] {dagbag.py:588} INFO - Filling up the DagBag from /home/airflow/.local/lib/python3.12/site-packages/airflow/example_dags/example_display_name.py
[2025-03-01T14:20:01.352+0000] {processor.py:925} INFO - DAG(s) 'example_display_name' retrieved from /home/airflow/.local/lib/python3.12/site-packages/airflow/example_dags/example_display_name.py
[2025-03-01T14:20:01.371+0000] {logging_mixin.py:190} INFO - [2025-03-01T14:20:01.370+0000] {dag.py:3239} INFO - Sync 1 DAGs
[2025-03-01T14:20:01.386+0000] {logging_mixin.py:190} INFO - [2025-03-01T14:20:01.386+0000] {dag.py:4180} INFO - Setting next_dagrun for example_display_name to None, run_after=None
[2025-03-01T14:20:01.403+0000] {processor.py:208} INFO - Processing /home/airflow/.local/lib/python3.12/site-packages/airflow/example_dags/example_display_name.py took 0.072 seconds
[2025-03-01T14:20:31.653+0000] {processor.py:186} INFO - Started process (PID=444) to work on /home/airflow/.local/lib/python3.12/site-packages/airflow/example_dags/example_display_name.py
[2025-03-01T14:20:31.658+0000] {processor.py:914} INFO - Processing file /home/airflow/.local/lib/python3.12/site-packages/airflow/example_dags/example_display_name.py for tasks to queue
[2025-03-01T14:20:31.668+0000] {logging_mixin.py:190} INFO - [2025-03-01T14:20:31.668+0000] {dagbag.py:588} INFO - Filling up the DagBag from /home/airflow/.local/lib/python3.12/site-packages/airflow/example_dags/example_display_name.py
[2025-03-01T14:20:31.675+0000] {processor.py:925} INFO - DAG(s) 'example_display_name' retrieved from /home/airflow/.local/lib/python3.12/site-packages/airflow/example_dags/example_display_name.py
[2025-03-01T14:20:31.710+0000] {logging_mixin.py:190} INFO - [2025-03-01T14:20:31.709+0000] {dag.py:3239} INFO - Sync 1 DAGs
[2025-03-01T14:20:31.743+0000] {logging_mixin.py:190} INFO - [2025-03-01T14:20:31.741+0000] {dag.py:4180} INFO - Setting next_dagrun for example_display_name to None, run_after=None
[2025-03-01T14:20:31.775+0000] {processor.py:208} INFO - Processing /home/airflow/.local/lib/python3.12/site-packages/airflow/example_dags/example_display_name.py took 0.128 seconds
[2025-03-01T14:21:03.249+0000] {processor.py:186} INFO - Started process (PID=505) to work on /home/airflow/.local/lib/python3.12/site-packages/airflow/example_dags/example_display_name.py
[2025-03-01T14:21:03.261+0000] {processor.py:914} INFO - Processing file /home/airflow/.local/lib/python3.12/site-packages/airflow/example_dags/example_display_name.py for tasks to queue
[2025-03-01T14:21:03.263+0000] {logging_mixin.py:190} INFO - [2025-03-01T14:21:03.263+0000] {dagbag.py:588} INFO - Filling up the DagBag from /home/airflow/.local/lib/python3.12/site-packages/airflow/example_dags/example_display_name.py
[2025-03-01T14:21:03.286+0000] {processor.py:925} INFO - DAG(s) 'example_display_name' retrieved from /home/airflow/.local/lib/python3.12/site-packages/airflow/example_dags/example_display_name.py
[2025-03-01T14:21:03.335+0000] {logging_mixin.py:190} INFO - [2025-03-01T14:21:03.334+0000] {dag.py:3239} INFO - Sync 1 DAGs
[2025-03-01T14:21:03.375+0000] {logging_mixin.py:190} INFO - [2025-03-01T14:21:03.375+0000] {dag.py:4180} INFO - Setting next_dagrun for example_display_name to None, run_after=None
[2025-03-01T14:21:03.450+0000] {processor.py:208} INFO - Processing /home/airflow/.local/lib/python3.12/site-packages/airflow/example_dags/example_display_name.py took 0.215 seconds
[2025-03-01T14:21:33.609+0000] {processor.py:186} INFO - Started process (PID=568) to work on /home/airflow/.local/lib/python3.12/site-packages/airflow/example_dags/example_display_name.py
[2025-03-01T14:21:33.622+0000] {processor.py:914} INFO - Processing file /home/airflow/.local/lib/python3.12/site-packages/airflow/example_dags/example_display_name.py for tasks to queue
[2025-03-01T14:21:33.625+0000] {logging_mixin.py:190} INFO - [2025-03-01T14:21:33.624+0000] {dagbag.py:588} INFO - Filling up the DagBag from /home/airflow/.local/lib/python3.12/site-packages/airflow/example_dags/example_display_name.py
[2025-03-01T14:21:33.633+0000] {processor.py:925} INFO - DAG(s) 'example_display_name' retrieved from /home/airflow/.local/lib/python3.12/site-packages/airflow/example_dags/example_display_name.py
[2025-03-01T14:21:33.653+0000] {logging_mixin.py:190} INFO - [2025-03-01T14:21:33.653+0000] {dag.py:3239} INFO - Sync 1 DAGs
[2025-03-01T14:21:33.676+0000] {logging_mixin.py:190} INFO - [2025-03-01T14:21:33.676+0000] {dag.py:4180} INFO - Setting next_dagrun for example_display_name to None, run_after=None
[2025-03-01T14:21:33.727+0000] {processor.py:208} INFO - Processing /home/airflow/.local/lib/python3.12/site-packages/airflow/example_dags/example_display_name.py took 0.124 seconds
[2025-03-01T14:22:04.308+0000] {processor.py:186} INFO - Started process (PID=627) to work on /home/airflow/.local/lib/python3.12/site-packages/airflow/example_dags/example_display_name.py
[2025-03-01T14:22:04.309+0000] {processor.py:914} INFO - Processing file /home/airflow/.local/lib/python3.12/site-packages/airflow/example_dags/example_display_name.py for tasks to queue
[2025-03-01T14:22:04.311+0000] {logging_mixin.py:190} INFO - [2025-03-01T14:22:04.310+0000] {dagbag.py:588} INFO - Filling up the DagBag from /home/airflow/.local/lib/python3.12/site-packages/airflow/example_dags/example_display_name.py
[2025-03-01T14:22:04.338+0000] {processor.py:925} INFO - DAG(s) 'example_display_name' retrieved from /home/airflow/.local/lib/python3.12/site-packages/airflow/example_dags/example_display_name.py
[2025-03-01T14:22:04.365+0000] {logging_mixin.py:190} INFO - [2025-03-01T14:22:04.365+0000] {dag.py:3239} INFO - Sync 1 DAGs
[2025-03-01T14:22:04.385+0000] {logging_mixin.py:190} INFO - [2025-03-01T14:22:04.385+0000] {dag.py:4180} INFO - Setting next_dagrun for example_display_name to None, run_after=None
[2025-03-01T14:22:04.405+0000] {processor.py:208} INFO - Processing /home/airflow/.local/lib/python3.12/site-packages/airflow/example_dags/example_display_name.py took 0.103 seconds
[2025-03-01T14:22:35.075+0000] {processor.py:186} INFO - Started process (PID=691) to work on /home/airflow/.local/lib/python3.12/site-packages/airflow/example_dags/example_display_name.py
[2025-03-01T14:22:35.076+0000] {processor.py:914} INFO - Processing file /home/airflow/.local/lib/python3.12/site-packages/airflow/example_dags/example_display_name.py for tasks to queue
[2025-03-01T14:22:35.078+0000] {logging_mixin.py:190} INFO - [2025-03-01T14:22:35.078+0000] {dagbag.py:588} INFO - Filling up the DagBag from /home/airflow/.local/lib/python3.12/site-packages/airflow/example_dags/example_display_name.py
[2025-03-01T14:22:35.086+0000] {processor.py:925} INFO - DAG(s) 'example_display_name' retrieved from /home/airflow/.local/lib/python3.12/site-packages/airflow/example_dags/example_display_name.py
[2025-03-01T14:22:35.107+0000] {logging_mixin.py:190} INFO - [2025-03-01T14:22:35.107+0000] {dag.py:3239} INFO - Sync 1 DAGs
[2025-03-01T14:22:35.121+0000] {logging_mixin.py:190} INFO - [2025-03-01T14:22:35.121+0000] {dag.py:4180} INFO - Setting next_dagrun for example_display_name to None, run_after=None
[2025-03-01T14:22:35.137+0000] {processor.py:208} INFO - Processing /home/airflow/.local/lib/python3.12/site-packages/airflow/example_dags/example_display_name.py took 0.068 seconds
[2025-03-01T14:23:05.769+0000] {processor.py:186} INFO - Started process (PID=749) to work on /home/airflow/.local/lib/python3.12/site-packages/airflow/example_dags/example_display_name.py
[2025-03-01T14:23:05.770+0000] {processor.py:914} INFO - Processing file /home/airflow/.local/lib/python3.12/site-packages/airflow/example_dags/example_display_name.py for tasks to queue
[2025-03-01T14:23:05.772+0000] {logging_mixin.py:190} INFO - [2025-03-01T14:23:05.772+0000] {dagbag.py:588} INFO - Filling up the DagBag from /home/airflow/.local/lib/python3.12/site-packages/airflow/example_dags/example_display_name.py
[2025-03-01T14:23:05.779+0000] {processor.py:925} INFO - DAG(s) 'example_display_name' retrieved from /home/airflow/.local/lib/python3.12/site-packages/airflow/example_dags/example_display_name.py
[2025-03-01T14:23:05.801+0000] {logging_mixin.py:190} INFO - [2025-03-01T14:23:05.801+0000] {dag.py:3239} INFO - Sync 1 DAGs
[2025-03-01T14:23:05.821+0000] {logging_mixin.py:190} INFO - [2025-03-01T14:23:05.821+0000] {dag.py:4180} INFO - Setting next_dagrun for example_display_name to None, run_after=None
[2025-03-01T14:23:05.837+0000] {processor.py:208} INFO - Processing /home/airflow/.local/lib/python3.12/site-packages/airflow/example_dags/example_display_name.py took 0.075 seconds
[2025-03-01T14:23:36.964+0000] {processor.py:186} INFO - Started process (PID=813) to work on /home/airflow/.local/lib/python3.12/site-packages/airflow/example_dags/example_display_name.py
[2025-03-01T14:23:36.965+0000] {processor.py:914} INFO - Processing file /home/airflow/.local/lib/python3.12/site-packages/airflow/example_dags/example_display_name.py for tasks to queue
[2025-03-01T14:23:36.967+0000] {logging_mixin.py:190} INFO - [2025-03-01T14:23:36.967+0000] {dagbag.py:588} INFO - Filling up the DagBag from /home/airflow/.local/lib/python3.12/site-packages/airflow/example_dags/example_display_name.py
[2025-03-01T14:23:36.974+0000] {processor.py:925} INFO - DAG(s) 'example_display_name' retrieved from /home/airflow/.local/lib/python3.12/site-packages/airflow/example_dags/example_display_name.py
[2025-03-01T14:23:36.994+0000] {logging_mixin.py:190} INFO - [2025-03-01T14:23:36.993+0000] {dag.py:3239} INFO - Sync 1 DAGs
[2025-03-01T14:23:37.009+0000] {logging_mixin.py:190} INFO - [2025-03-01T14:23:37.009+0000] {dag.py:4180} INFO - Setting next_dagrun for example_display_name to None, run_after=None
[2025-03-01T14:23:37.025+0000] {processor.py:208} INFO - Processing /home/airflow/.local/lib/python3.12/site-packages/airflow/example_dags/example_display_name.py took 0.068 seconds
[2025-03-01T14:24:07.253+0000] {processor.py:186} INFO - Started process (PID=871) to work on /home/airflow/.local/lib/python3.12/site-packages/airflow/example_dags/example_display_name.py
[2025-03-01T14:24:07.254+0000] {processor.py:914} INFO - Processing file /home/airflow/.local/lib/python3.12/site-packages/airflow/example_dags/example_display_name.py for tasks to queue
[2025-03-01T14:24:07.256+0000] {logging_mixin.py:190} INFO - [2025-03-01T14:24:07.256+0000] {dagbag.py:588} INFO - Filling up the DagBag from /home/airflow/.local/lib/python3.12/site-packages/airflow/example_dags/example_display_name.py
[2025-03-01T14:24:07.263+0000] {processor.py:925} INFO - DAG(s) 'example_display_name' retrieved from /home/airflow/.local/lib/python3.12/site-packages/airflow/example_dags/example_display_name.py
[2025-03-01T14:24:07.282+0000] {logging_mixin.py:190} INFO - [2025-03-01T14:24:07.282+0000] {dag.py:3239} INFO - Sync 1 DAGs
[2025-03-01T14:24:07.297+0000] {logging_mixin.py:190} INFO - [2025-03-01T14:24:07.297+0000] {dag.py:4180} INFO - Setting next_dagrun for example_display_name to None, run_after=None
[2025-03-01T14:24:07.314+0000] {processor.py:208} INFO - Processing /home/airflow/.local/lib/python3.12/site-packages/airflow/example_dags/example_display_name.py took 0.067 seconds
[2025-03-01T14:24:37.635+0000] {processor.py:186} INFO - Started process (PID=934) to work on /home/airflow/.local/lib/python3.12/site-packages/airflow/example_dags/example_display_name.py
[2025-03-01T14:24:37.636+0000] {processor.py:914} INFO - Processing file /home/airflow/.local/lib/python3.12/site-packages/airflow/example_dags/example_display_name.py for tasks to queue
[2025-03-01T14:24:37.639+0000] {logging_mixin.py:190} INFO - [2025-03-01T14:24:37.638+0000] {dagbag.py:588} INFO - Filling up the DagBag from /home/airflow/.local/lib/python3.12/site-packages/airflow/example_dags/example_display_name.py
[2025-03-01T14:24:37.646+0000] {processor.py:925} INFO - DAG(s) 'example_display_name' retrieved from /home/airflow/.local/lib/python3.12/site-packages/airflow/example_dags/example_display_name.py
[2025-03-01T14:24:37.683+0000] {logging_mixin.py:190} INFO - [2025-03-01T14:24:37.683+0000] {dag.py:3239} INFO - Sync 1 DAGs
[2025-03-01T14:24:37.699+0000] {logging_mixin.py:190} INFO - [2025-03-01T14:24:37.699+0000] {dag.py:4180} INFO - Setting next_dagrun for example_display_name to None, run_after=None
[2025-03-01T14:24:37.717+0000] {processor.py:208} INFO - Processing /home/airflow/.local/lib/python3.12/site-packages/airflow/example_dags/example_display_name.py took 0.088 seconds
[2025-03-01T14:25:08.033+0000] {processor.py:186} INFO - Started process (PID=997) to work on /home/airflow/.local/lib/python3.12/site-packages/airflow/example_dags/example_display_name.py
[2025-03-01T14:25:08.034+0000] {processor.py:914} INFO - Processing file /home/airflow/.local/lib/python3.12/site-packages/airflow/example_dags/example_display_name.py for tasks to queue
[2025-03-01T14:25:08.036+0000] {logging_mixin.py:190} INFO - [2025-03-01T14:25:08.036+0000] {dagbag.py:588} INFO - Filling up the DagBag from /home/airflow/.local/lib/python3.12/site-packages/airflow/example_dags/example_display_name.py
[2025-03-01T14:25:08.043+0000] {processor.py:925} INFO - DAG(s) 'example_display_name' retrieved from /home/airflow/.local/lib/python3.12/site-packages/airflow/example_dags/example_display_name.py
[2025-03-01T14:25:08.062+0000] {logging_mixin.py:190} INFO - [2025-03-01T14:25:08.061+0000] {dag.py:3239} INFO - Sync 1 DAGs
[2025-03-01T14:25:08.077+0000] {logging_mixin.py:190} INFO - [2025-03-01T14:25:08.076+0000] {dag.py:4180} INFO - Setting next_dagrun for example_display_name to None, run_after=None
[2025-03-01T14:25:08.093+0000] {processor.py:208} INFO - Processing /home/airflow/.local/lib/python3.12/site-packages/airflow/example_dags/example_display_name.py took 0.065 seconds
[2025-03-01T14:25:38.222+0000] {processor.py:186} INFO - Started process (PID=1060) to work on /home/airflow/.local/lib/python3.12/site-packages/airflow/example_dags/example_display_name.py
[2025-03-01T14:25:38.223+0000] {processor.py:914} INFO - Processing file /home/airflow/.local/lib/python3.12/site-packages/airflow/example_dags/example_display_name.py for tasks to queue
[2025-03-01T14:25:38.225+0000] {logging_mixin.py:190} INFO - [2025-03-01T14:25:38.224+0000] {dagbag.py:588} INFO - Filling up the DagBag from /home/airflow/.local/lib/python3.12/site-packages/airflow/example_dags/example_display_name.py
[2025-03-01T14:25:38.232+0000] {processor.py:925} INFO - DAG(s) 'example_display_name' retrieved from /home/airflow/.local/lib/python3.12/site-packages/airflow/example_dags/example_display_name.py
[2025-03-01T14:25:38.250+0000] {logging_mixin.py:190} INFO - [2025-03-01T14:25:38.250+0000] {dag.py:3239} INFO - Sync 1 DAGs
[2025-03-01T14:25:38.265+0000] {logging_mixin.py:190} INFO - [2025-03-01T14:25:38.265+0000] {dag.py:4180} INFO - Setting next_dagrun for example_display_name to None, run_after=None
[2025-03-01T14:25:38.281+0000] {processor.py:208} INFO - Processing /home/airflow/.local/lib/python3.12/site-packages/airflow/example_dags/example_display_name.py took 0.065 seconds
[2025-03-01T14:26:08.991+0000] {processor.py:186} INFO - Started process (PID=1122) to work on /home/airflow/.local/lib/python3.12/site-packages/airflow/example_dags/example_display_name.py
[2025-03-01T14:26:08.992+0000] {processor.py:914} INFO - Processing file /home/airflow/.local/lib/python3.12/site-packages/airflow/example_dags/example_display_name.py for tasks to queue
[2025-03-01T14:26:08.999+0000] {logging_mixin.py:190} INFO - [2025-03-01T14:26:08.999+0000] {dagbag.py:588} INFO - Filling up the DagBag from /home/airflow/.local/lib/python3.12/site-packages/airflow/example_dags/example_display_name.py
[2025-03-01T14:26:09.007+0000] {processor.py:925} INFO - DAG(s) 'example_display_name' retrieved from /home/airflow/.local/lib/python3.12/site-packages/airflow/example_dags/example_display_name.py
[2025-03-01T14:26:09.025+0000] {logging_mixin.py:190} INFO - [2025-03-01T14:26:09.024+0000] {dag.py:3239} INFO - Sync 1 DAGs
[2025-03-01T14:26:09.051+0000] {logging_mixin.py:190} INFO - [2025-03-01T14:26:09.051+0000] {dag.py:4180} INFO - Setting next_dagrun for example_display_name to None, run_after=None
[2025-03-01T14:26:09.073+0000] {processor.py:208} INFO - Processing /home/airflow/.local/lib/python3.12/site-packages/airflow/example_dags/example_display_name.py took 0.091 seconds
[2025-03-01T14:26:39.574+0000] {processor.py:186} INFO - Started process (PID=1186) to work on /home/airflow/.local/lib/python3.12/site-packages/airflow/example_dags/example_display_name.py
[2025-03-01T14:26:39.575+0000] {processor.py:914} INFO - Processing file /home/airflow/.local/lib/python3.12/site-packages/airflow/example_dags/example_display_name.py for tasks to queue
[2025-03-01T14:26:39.577+0000] {logging_mixin.py:190} INFO - [2025-03-01T14:26:39.576+0000] {dagbag.py:588} INFO - Filling up the DagBag from /home/airflow/.local/lib/python3.12/site-packages/airflow/example_dags/example_display_name.py
[2025-03-01T14:26:39.585+0000] {processor.py:925} INFO - DAG(s) 'example_display_name' retrieved from /home/airflow/.local/lib/python3.12/site-packages/airflow/example_dags/example_display_name.py
[2025-03-01T14:26:39.604+0000] {logging_mixin.py:190} INFO - [2025-03-01T14:26:39.604+0000] {dag.py:3239} INFO - Sync 1 DAGs
[2025-03-01T14:26:39.620+0000] {logging_mixin.py:190} INFO - [2025-03-01T14:26:39.619+0000] {dag.py:4180} INFO - Setting next_dagrun for example_display_name to None, run_after=None
[2025-03-01T14:26:39.636+0000] {processor.py:208} INFO - Processing /home/airflow/.local/lib/python3.12/site-packages/airflow/example_dags/example_display_name.py took 0.068 seconds
[2025-03-01T14:27:10.292+0000] {processor.py:186} INFO - Started process (PID=1249) to work on /home/airflow/.local/lib/python3.12/site-packages/airflow/example_dags/example_display_name.py
[2025-03-01T14:27:10.293+0000] {processor.py:914} INFO - Processing file /home/airflow/.local/lib/python3.12/site-packages/airflow/example_dags/example_display_name.py for tasks to queue
[2025-03-01T14:27:10.295+0000] {logging_mixin.py:190} INFO - [2025-03-01T14:27:10.295+0000] {dagbag.py:588} INFO - Filling up the DagBag from /home/airflow/.local/lib/python3.12/site-packages/airflow/example_dags/example_display_name.py
[2025-03-01T14:27:10.302+0000] {processor.py:925} INFO - DAG(s) 'example_display_name' retrieved from /home/airflow/.local/lib/python3.12/site-packages/airflow/example_dags/example_display_name.py
[2025-03-01T14:27:10.321+0000] {logging_mixin.py:190} INFO - [2025-03-01T14:27:10.321+0000] {dag.py:3239} INFO - Sync 1 DAGs
[2025-03-01T14:27:10.336+0000] {logging_mixin.py:190} INFO - [2025-03-01T14:27:10.336+0000] {dag.py:4180} INFO - Setting next_dagrun for example_display_name to None, run_after=None
[2025-03-01T14:27:10.355+0000] {processor.py:208} INFO - Processing /home/airflow/.local/lib/python3.12/site-packages/airflow/example_dags/example_display_name.py took 0.069 seconds
[2025-03-01T14:27:40.697+0000] {processor.py:186} INFO - Started process (PID=1312) to work on /home/airflow/.local/lib/python3.12/site-packages/airflow/example_dags/example_display_name.py
[2025-03-01T14:27:40.706+0000] {processor.py:914} INFO - Processing file /home/airflow/.local/lib/python3.12/site-packages/airflow/example_dags/example_display_name.py for tasks to queue
[2025-03-01T14:27:40.708+0000] {logging_mixin.py:190} INFO - [2025-03-01T14:27:40.707+0000] {dagbag.py:588} INFO - Filling up the DagBag from /home/airflow/.local/lib/python3.12/site-packages/airflow/example_dags/example_display_name.py
[2025-03-01T14:27:40.726+0000] {processor.py:925} INFO - DAG(s) 'example_display_name' retrieved from /home/airflow/.local/lib/python3.12/site-packages/airflow/example_dags/example_display_name.py
[2025-03-01T14:27:40.760+0000] {logging_mixin.py:190} INFO - [2025-03-01T14:27:40.760+0000] {dag.py:3239} INFO - Sync 1 DAGs
[2025-03-01T14:27:40.778+0000] {logging_mixin.py:190} INFO - [2025-03-01T14:27:40.777+0000] {dag.py:4180} INFO - Setting next_dagrun for example_display_name to None, run_after=None
[2025-03-01T14:27:40.807+0000] {processor.py:208} INFO - Processing /home/airflow/.local/lib/python3.12/site-packages/airflow/example_dags/example_display_name.py took 0.116 seconds
[2025-03-01T14:28:10.959+0000] {processor.py:186} INFO - Started process (PID=1374) to work on /home/airflow/.local/lib/python3.12/site-packages/airflow/example_dags/example_display_name.py
[2025-03-01T14:28:10.959+0000] {processor.py:914} INFO - Processing file /home/airflow/.local/lib/python3.12/site-packages/airflow/example_dags/example_display_name.py for tasks to queue
[2025-03-01T14:28:10.961+0000] {logging_mixin.py:190} INFO - [2025-03-01T14:28:10.961+0000] {dagbag.py:588} INFO - Filling up the DagBag from /home/airflow/.local/lib/python3.12/site-packages/airflow/example_dags/example_display_name.py
[2025-03-01T14:28:10.968+0000] {processor.py:925} INFO - DAG(s) 'example_display_name' retrieved from /home/airflow/.local/lib/python3.12/site-packages/airflow/example_dags/example_display_name.py
[2025-03-01T14:28:10.981+0000] {logging_mixin.py:190} INFO - [2025-03-01T14:28:10.981+0000] {dag.py:3239} INFO - Sync 1 DAGs
[2025-03-01T14:28:10.991+0000] {logging_mixin.py:190} INFO - [2025-03-01T14:28:10.991+0000] {dag.py:4180} INFO - Setting next_dagrun for example_display_name to None, run_after=None
[2025-03-01T14:28:11.003+0000] {processor.py:208} INFO - Processing /home/airflow/.local/lib/python3.12/site-packages/airflow/example_dags/example_display_name.py took 0.050 seconds
[2025-03-01T14:28:41.434+0000] {processor.py:186} INFO - Started process (PID=1438) to work on /home/airflow/.local/lib/python3.12/site-packages/airflow/example_dags/example_display_name.py
[2025-03-01T14:28:41.434+0000] {processor.py:914} INFO - Processing file /home/airflow/.local/lib/python3.12/site-packages/airflow/example_dags/example_display_name.py for tasks to queue
[2025-03-01T14:28:41.437+0000] {logging_mixin.py:190} INFO - [2025-03-01T14:28:41.436+0000] {dagbag.py:588} INFO - Filling up the DagBag from /home/airflow/.local/lib/python3.12/site-packages/airflow/example_dags/example_display_name.py
[2025-03-01T14:28:41.444+0000] {processor.py:925} INFO - DAG(s) 'example_display_name' retrieved from /home/airflow/.local/lib/python3.12/site-packages/airflow/example_dags/example_display_name.py
[2025-03-01T14:28:41.475+0000] {logging_mixin.py:190} INFO - [2025-03-01T14:28:41.475+0000] {dag.py:3239} INFO - Sync 1 DAGs
[2025-03-01T14:28:41.493+0000] {logging_mixin.py:190} INFO - [2025-03-01T14:28:41.493+0000] {dag.py:4180} INFO - Setting next_dagrun for example_display_name to None, run_after=None
[2025-03-01T14:28:41.531+0000] {processor.py:208} INFO - Processing /home/airflow/.local/lib/python3.12/site-packages/airflow/example_dags/example_display_name.py took 0.117 seconds
[2025-03-01T14:29:12.011+0000] {processor.py:186} INFO - Started process (PID=1502) to work on /home/airflow/.local/lib/python3.12/site-packages/airflow/example_dags/example_display_name.py
[2025-03-01T14:29:12.012+0000] {processor.py:914} INFO - Processing file /home/airflow/.local/lib/python3.12/site-packages/airflow/example_dags/example_display_name.py for tasks to queue
[2025-03-01T14:29:12.014+0000] {logging_mixin.py:190} INFO - [2025-03-01T14:29:12.014+0000] {dagbag.py:588} INFO - Filling up the DagBag from /home/airflow/.local/lib/python3.12/site-packages/airflow/example_dags/example_display_name.py
[2025-03-01T14:29:12.021+0000] {processor.py:925} INFO - DAG(s) 'example_display_name' retrieved from /home/airflow/.local/lib/python3.12/site-packages/airflow/example_dags/example_display_name.py
[2025-03-01T14:29:12.040+0000] {logging_mixin.py:190} INFO - [2025-03-01T14:29:12.040+0000] {dag.py:3239} INFO - Sync 1 DAGs
[2025-03-01T14:29:12.055+0000] {logging_mixin.py:190} INFO - [2025-03-01T14:29:12.054+0000] {dag.py:4180} INFO - Setting next_dagrun for example_display_name to None, run_after=None
[2025-03-01T14:29:12.070+0000] {processor.py:208} INFO - Processing /home/airflow/.local/lib/python3.12/site-packages/airflow/example_dags/example_display_name.py took 0.064 seconds
[2025-03-01T14:29:42.320+0000] {processor.py:186} INFO - Started process (PID=1565) to work on /home/airflow/.local/lib/python3.12/site-packages/airflow/example_dags/example_display_name.py
[2025-03-01T14:29:42.321+0000] {processor.py:914} INFO - Processing file /home/airflow/.local/lib/python3.12/site-packages/airflow/example_dags/example_display_name.py for tasks to queue
[2025-03-01T14:29:42.323+0000] {logging_mixin.py:190} INFO - [2025-03-01T14:29:42.323+0000] {dagbag.py:588} INFO - Filling up the DagBag from /home/airflow/.local/lib/python3.12/site-packages/airflow/example_dags/example_display_name.py
[2025-03-01T14:29:42.330+0000] {processor.py:925} INFO - DAG(s) 'example_display_name' retrieved from /home/airflow/.local/lib/python3.12/site-packages/airflow/example_dags/example_display_name.py
[2025-03-01T14:29:42.351+0000] {logging_mixin.py:190} INFO - [2025-03-01T14:29:42.351+0000] {dag.py:3239} INFO - Sync 1 DAGs
[2025-03-01T14:29:42.366+0000] {logging_mixin.py:190} INFO - [2025-03-01T14:29:42.366+0000] {dag.py:4180} INFO - Setting next_dagrun for example_display_name to None, run_after=None
[2025-03-01T14:29:42.382+0000] {processor.py:208} INFO - Processing /home/airflow/.local/lib/python3.12/site-packages/airflow/example_dags/example_display_name.py took 0.067 seconds
[2025-03-01T14:30:12.789+0000] {processor.py:186} INFO - Started process (PID=1628) to work on /home/airflow/.local/lib/python3.12/site-packages/airflow/example_dags/example_display_name.py
[2025-03-01T14:30:12.790+0000] {processor.py:914} INFO - Processing file /home/airflow/.local/lib/python3.12/site-packages/airflow/example_dags/example_display_name.py for tasks to queue
[2025-03-01T14:30:12.792+0000] {logging_mixin.py:190} INFO - [2025-03-01T14:30:12.792+0000] {dagbag.py:588} INFO - Filling up the DagBag from /home/airflow/.local/lib/python3.12/site-packages/airflow/example_dags/example_display_name.py
[2025-03-01T14:30:12.799+0000] {processor.py:925} INFO - DAG(s) 'example_display_name' retrieved from /home/airflow/.local/lib/python3.12/site-packages/airflow/example_dags/example_display_name.py
[2025-03-01T14:30:12.818+0000] {logging_mixin.py:190} INFO - [2025-03-01T14:30:12.818+0000] {dag.py:3239} INFO - Sync 1 DAGs
[2025-03-01T14:30:12.833+0000] {logging_mixin.py:190} INFO - [2025-03-01T14:30:12.833+0000] {dag.py:4180} INFO - Setting next_dagrun for example_display_name to None, run_after=None
[2025-03-01T14:30:12.851+0000] {processor.py:208} INFO - Processing /home/airflow/.local/lib/python3.12/site-packages/airflow/example_dags/example_display_name.py took 0.068 seconds
[2025-03-01T14:30:43.141+0000] {processor.py:186} INFO - Started process (PID=1691) to work on /home/airflow/.local/lib/python3.12/site-packages/airflow/example_dags/example_display_name.py
[2025-03-01T14:30:43.142+0000] {processor.py:914} INFO - Processing file /home/airflow/.local/lib/python3.12/site-packages/airflow/example_dags/example_display_name.py for tasks to queue
[2025-03-01T14:30:43.144+0000] {logging_mixin.py:190} INFO - [2025-03-01T14:30:43.144+0000] {dagbag.py:588} INFO - Filling up the DagBag from /home/airflow/.local/lib/python3.12/site-packages/airflow/example_dags/example_display_name.py
[2025-03-01T14:30:43.151+0000] {processor.py:925} INFO - DAG(s) 'example_display_name' retrieved from /home/airflow/.local/lib/python3.12/site-packages/airflow/example_dags/example_display_name.py
[2025-03-01T14:30:43.179+0000] {logging_mixin.py:190} INFO - [2025-03-01T14:30:43.179+0000] {dag.py:3239} INFO - Sync 1 DAGs
[2025-03-01T14:30:43.195+0000] {logging_mixin.py:190} INFO - [2025-03-01T14:30:43.195+0000] {dag.py:4180} INFO - Setting next_dagrun for example_display_name to None, run_after=None
[2025-03-01T14:30:43.211+0000] {processor.py:208} INFO - Processing /home/airflow/.local/lib/python3.12/site-packages/airflow/example_dags/example_display_name.py took 0.076 seconds
[2025-03-01T14:31:13.470+0000] {processor.py:186} INFO - Started process (PID=1754) to work on /home/airflow/.local/lib/python3.12/site-packages/airflow/example_dags/example_display_name.py
[2025-03-01T14:31:13.470+0000] {processor.py:914} INFO - Processing file /home/airflow/.local/lib/python3.12/site-packages/airflow/example_dags/example_display_name.py for tasks to queue
[2025-03-01T14:31:13.473+0000] {logging_mixin.py:190} INFO - [2025-03-01T14:31:13.472+0000] {dagbag.py:588} INFO - Filling up the DagBag from /home/airflow/.local/lib/python3.12/site-packages/airflow/example_dags/example_display_name.py
[2025-03-01T14:31:13.480+0000] {processor.py:925} INFO - DAG(s) 'example_display_name' retrieved from /home/airflow/.local/lib/python3.12/site-packages/airflow/example_dags/example_display_name.py
[2025-03-01T14:31:13.498+0000] {logging_mixin.py:190} INFO - [2025-03-01T14:31:13.498+0000] {dag.py:3239} INFO - Sync 1 DAGs
[2025-03-01T14:31:13.514+0000] {logging_mixin.py:190} INFO - [2025-03-01T14:31:13.514+0000] {dag.py:4180} INFO - Setting next_dagrun for example_display_name to None, run_after=None
[2025-03-01T14:31:13.530+0000] {processor.py:208} INFO - Processing /home/airflow/.local/lib/python3.12/site-packages/airflow/example_dags/example_display_name.py took 0.066 seconds
[2025-03-01T14:31:44.351+0000] {processor.py:186} INFO - Started process (PID=1817) to work on /home/airflow/.local/lib/python3.12/site-packages/airflow/example_dags/example_display_name.py
[2025-03-01T14:31:44.352+0000] {processor.py:914} INFO - Processing file /home/airflow/.local/lib/python3.12/site-packages/airflow/example_dags/example_display_name.py for tasks to queue
[2025-03-01T14:31:44.354+0000] {logging_mixin.py:190} INFO - [2025-03-01T14:31:44.354+0000] {dagbag.py:588} INFO - Filling up the DagBag from /home/airflow/.local/lib/python3.12/site-packages/airflow/example_dags/example_display_name.py
[2025-03-01T14:31:44.361+0000] {processor.py:925} INFO - DAG(s) 'example_display_name' retrieved from /home/airflow/.local/lib/python3.12/site-packages/airflow/example_dags/example_display_name.py
[2025-03-01T14:31:44.380+0000] {logging_mixin.py:190} INFO - [2025-03-01T14:31:44.380+0000] {dag.py:3239} INFO - Sync 1 DAGs
[2025-03-01T14:31:44.399+0000] {logging_mixin.py:190} INFO - [2025-03-01T14:31:44.399+0000] {dag.py:4180} INFO - Setting next_dagrun for example_display_name to None, run_after=None
[2025-03-01T14:31:44.419+0000] {processor.py:208} INFO - Processing /home/airflow/.local/lib/python3.12/site-packages/airflow/example_dags/example_display_name.py took 0.073 seconds
[2025-03-01T14:32:15.051+0000] {processor.py:186} INFO - Started process (PID=1880) to work on /home/airflow/.local/lib/python3.12/site-packages/airflow/example_dags/example_display_name.py
[2025-03-01T14:32:15.052+0000] {processor.py:914} INFO - Processing file /home/airflow/.local/lib/python3.12/site-packages/airflow/example_dags/example_display_name.py for tasks to queue
[2025-03-01T14:32:15.054+0000] {logging_mixin.py:190} INFO - [2025-03-01T14:32:15.054+0000] {dagbag.py:588} INFO - Filling up the DagBag from /home/airflow/.local/lib/python3.12/site-packages/airflow/example_dags/example_display_name.py
[2025-03-01T14:32:15.061+0000] {processor.py:925} INFO - DAG(s) 'example_display_name' retrieved from /home/airflow/.local/lib/python3.12/site-packages/airflow/example_dags/example_display_name.py
[2025-03-01T14:32:15.080+0000] {logging_mixin.py:190} INFO - [2025-03-01T14:32:15.080+0000] {dag.py:3239} INFO - Sync 1 DAGs
[2025-03-01T14:32:15.096+0000] {logging_mixin.py:190} INFO - [2025-03-01T14:32:15.095+0000] {dag.py:4180} INFO - Setting next_dagrun for example_display_name to None, run_after=None
[2025-03-01T14:32:15.112+0000] {processor.py:208} INFO - Processing /home/airflow/.local/lib/python3.12/site-packages/airflow/example_dags/example_display_name.py took 0.066 seconds
[2025-03-01T14:32:45.249+0000] {processor.py:186} INFO - Started process (PID=1943) to work on /home/airflow/.local/lib/python3.12/site-packages/airflow/example_dags/example_display_name.py
[2025-03-01T14:32:45.250+0000] {processor.py:914} INFO - Processing file /home/airflow/.local/lib/python3.12/site-packages/airflow/example_dags/example_display_name.py for tasks to queue
[2025-03-01T14:32:45.252+0000] {logging_mixin.py:190} INFO - [2025-03-01T14:32:45.252+0000] {dagbag.py:588} INFO - Filling up the DagBag from /home/airflow/.local/lib/python3.12/site-packages/airflow/example_dags/example_display_name.py
[2025-03-01T14:32:45.259+0000] {processor.py:925} INFO - DAG(s) 'example_display_name' retrieved from /home/airflow/.local/lib/python3.12/site-packages/airflow/example_dags/example_display_name.py
[2025-03-01T14:32:45.278+0000] {logging_mixin.py:190} INFO - [2025-03-01T14:32:45.278+0000] {dag.py:3239} INFO - Sync 1 DAGs
[2025-03-01T14:32:45.293+0000] {logging_mixin.py:190} INFO - [2025-03-01T14:32:45.293+0000] {dag.py:4180} INFO - Setting next_dagrun for example_display_name to None, run_after=None
[2025-03-01T14:32:45.309+0000] {processor.py:208} INFO - Processing /home/airflow/.local/lib/python3.12/site-packages/airflow/example_dags/example_display_name.py took 0.066 seconds
[2025-03-01T14:33:15.380+0000] {processor.py:186} INFO - Started process (PID=2006) to work on /home/airflow/.local/lib/python3.12/site-packages/airflow/example_dags/example_display_name.py
[2025-03-01T14:33:15.381+0000] {processor.py:914} INFO - Processing file /home/airflow/.local/lib/python3.12/site-packages/airflow/example_dags/example_display_name.py for tasks to queue
[2025-03-01T14:33:15.383+0000] {logging_mixin.py:190} INFO - [2025-03-01T14:33:15.383+0000] {dagbag.py:588} INFO - Filling up the DagBag from /home/airflow/.local/lib/python3.12/site-packages/airflow/example_dags/example_display_name.py
[2025-03-01T14:33:15.391+0000] {processor.py:925} INFO - DAG(s) 'example_display_name' retrieved from /home/airflow/.local/lib/python3.12/site-packages/airflow/example_dags/example_display_name.py
[2025-03-01T14:33:15.410+0000] {logging_mixin.py:190} INFO - [2025-03-01T14:33:15.410+0000] {dag.py:3239} INFO - Sync 1 DAGs
[2025-03-01T14:33:15.425+0000] {logging_mixin.py:190} INFO - [2025-03-01T14:33:15.425+0000] {dag.py:4180} INFO - Setting next_dagrun for example_display_name to None, run_after=None
[2025-03-01T14:33:15.441+0000] {processor.py:208} INFO - Processing /home/airflow/.local/lib/python3.12/site-packages/airflow/example_dags/example_display_name.py took 0.069 seconds
[2025-03-01T14:33:45.743+0000] {processor.py:186} INFO - Started process (PID=2069) to work on /home/airflow/.local/lib/python3.12/site-packages/airflow/example_dags/example_display_name.py
[2025-03-01T14:33:45.745+0000] {processor.py:914} INFO - Processing file /home/airflow/.local/lib/python3.12/site-packages/airflow/example_dags/example_display_name.py for tasks to queue
[2025-03-01T14:33:45.751+0000] {logging_mixin.py:190} INFO - [2025-03-01T14:33:45.747+0000] {dagbag.py:588} INFO - Filling up the DagBag from /home/airflow/.local/lib/python3.12/site-packages/airflow/example_dags/example_display_name.py
[2025-03-01T14:33:45.775+0000] {processor.py:925} INFO - DAG(s) 'example_display_name' retrieved from /home/airflow/.local/lib/python3.12/site-packages/airflow/example_dags/example_display_name.py
[2025-03-01T14:33:45.809+0000] {logging_mixin.py:190} INFO - [2025-03-01T14:33:45.809+0000] {dag.py:3239} INFO - Sync 1 DAGs
[2025-03-01T14:33:45.825+0000] {logging_mixin.py:190} INFO - [2025-03-01T14:33:45.824+0000] {dag.py:4180} INFO - Setting next_dagrun for example_display_name to None, run_after=None
[2025-03-01T14:33:45.859+0000] {processor.py:208} INFO - Processing /home/airflow/.local/lib/python3.12/site-packages/airflow/example_dags/example_display_name.py took 0.142 seconds
[2025-03-01T14:34:16.741+0000] {processor.py:186} INFO - Started process (PID=2131) to work on /home/airflow/.local/lib/python3.12/site-packages/airflow/example_dags/example_display_name.py
[2025-03-01T14:34:16.750+0000] {processor.py:914} INFO - Processing file /home/airflow/.local/lib/python3.12/site-packages/airflow/example_dags/example_display_name.py for tasks to queue
[2025-03-01T14:34:16.752+0000] {logging_mixin.py:190} INFO - [2025-03-01T14:34:16.752+0000] {dagbag.py:588} INFO - Filling up the DagBag from /home/airflow/.local/lib/python3.12/site-packages/airflow/example_dags/example_display_name.py
[2025-03-01T14:34:16.767+0000] {processor.py:925} INFO - DAG(s) 'example_display_name' retrieved from /home/airflow/.local/lib/python3.12/site-packages/airflow/example_dags/example_display_name.py
[2025-03-01T14:34:16.801+0000] {logging_mixin.py:190} INFO - [2025-03-01T14:34:16.800+0000] {dag.py:3239} INFO - Sync 1 DAGs
[2025-03-01T14:34:16.822+0000] {logging_mixin.py:190} INFO - [2025-03-01T14:34:16.822+0000] {dag.py:4180} INFO - Setting next_dagrun for example_display_name to None, run_after=None
[2025-03-01T14:34:16.852+0000] {processor.py:208} INFO - Processing /home/airflow/.local/lib/python3.12/site-packages/airflow/example_dags/example_display_name.py took 0.117 seconds
[2025-03-01T14:34:47.317+0000] {processor.py:186} INFO - Started process (PID=2194) to work on /home/airflow/.local/lib/python3.12/site-packages/airflow/example_dags/example_display_name.py
[2025-03-01T14:34:47.317+0000] {processor.py:914} INFO - Processing file /home/airflow/.local/lib/python3.12/site-packages/airflow/example_dags/example_display_name.py for tasks to queue
[2025-03-01T14:34:47.319+0000] {logging_mixin.py:190} INFO - [2025-03-01T14:34:47.319+0000] {dagbag.py:588} INFO - Filling up the DagBag from /home/airflow/.local/lib/python3.12/site-packages/airflow/example_dags/example_display_name.py
[2025-03-01T14:34:47.327+0000] {processor.py:925} INFO - DAG(s) 'example_display_name' retrieved from /home/airflow/.local/lib/python3.12/site-packages/airflow/example_dags/example_display_name.py
[2025-03-01T14:34:47.346+0000] {logging_mixin.py:190} INFO - [2025-03-01T14:34:47.346+0000] {dag.py:3239} INFO - Sync 1 DAGs
[2025-03-01T14:34:47.361+0000] {logging_mixin.py:190} INFO - [2025-03-01T14:34:47.361+0000] {dag.py:4180} INFO - Setting next_dagrun for example_display_name to None, run_after=None
[2025-03-01T14:34:47.378+0000] {processor.py:208} INFO - Processing /home/airflow/.local/lib/python3.12/site-packages/airflow/example_dags/example_display_name.py took 0.067 seconds
[2025-03-01T14:35:17.461+0000] {processor.py:186} INFO - Started process (PID=2257) to work on /home/airflow/.local/lib/python3.12/site-packages/airflow/example_dags/example_display_name.py
[2025-03-01T14:35:17.462+0000] {processor.py:914} INFO - Processing file /home/airflow/.local/lib/python3.12/site-packages/airflow/example_dags/example_display_name.py for tasks to queue
[2025-03-01T14:35:17.464+0000] {logging_mixin.py:190} INFO - [2025-03-01T14:35:17.464+0000] {dagbag.py:588} INFO - Filling up the DagBag from /home/airflow/.local/lib/python3.12/site-packages/airflow/example_dags/example_display_name.py
[2025-03-01T14:35:17.472+0000] {processor.py:925} INFO - DAG(s) 'example_display_name' retrieved from /home/airflow/.local/lib/python3.12/site-packages/airflow/example_dags/example_display_name.py
[2025-03-01T14:35:17.490+0000] {logging_mixin.py:190} INFO - [2025-03-01T14:35:17.490+0000] {dag.py:3239} INFO - Sync 1 DAGs
[2025-03-01T14:35:17.505+0000] {logging_mixin.py:190} INFO - [2025-03-01T14:35:17.505+0000] {dag.py:4180} INFO - Setting next_dagrun for example_display_name to None, run_after=None
[2025-03-01T14:35:17.521+0000] {processor.py:208} INFO - Processing /home/airflow/.local/lib/python3.12/site-packages/airflow/example_dags/example_display_name.py took 0.084 seconds
[2025-03-01T14:35:48.144+0000] {processor.py:186} INFO - Started process (PID=2320) to work on /home/airflow/.local/lib/python3.12/site-packages/airflow/example_dags/example_display_name.py
[2025-03-01T14:35:48.154+0000] {processor.py:914} INFO - Processing file /home/airflow/.local/lib/python3.12/site-packages/airflow/example_dags/example_display_name.py for tasks to queue
[2025-03-01T14:35:48.156+0000] {logging_mixin.py:190} INFO - [2025-03-01T14:35:48.155+0000] {dagbag.py:588} INFO - Filling up the DagBag from /home/airflow/.local/lib/python3.12/site-packages/airflow/example_dags/example_display_name.py
[2025-03-01T14:35:48.167+0000] {processor.py:925} INFO - DAG(s) 'example_display_name' retrieved from /home/airflow/.local/lib/python3.12/site-packages/airflow/example_dags/example_display_name.py
[2025-03-01T14:35:48.196+0000] {logging_mixin.py:190} INFO - [2025-03-01T14:35:48.196+0000] {dag.py:3239} INFO - Sync 1 DAGs
[2025-03-01T14:35:48.225+0000] {logging_mixin.py:190} INFO - [2025-03-01T14:35:48.224+0000] {dag.py:4180} INFO - Setting next_dagrun for example_display_name to None, run_after=None
[2025-03-01T14:35:48.263+0000] {processor.py:208} INFO - Processing /home/airflow/.local/lib/python3.12/site-packages/airflow/example_dags/example_display_name.py took 0.125 seconds
[2025-03-01T14:36:18.764+0000] {processor.py:186} INFO - Started process (PID=2383) to work on /home/airflow/.local/lib/python3.12/site-packages/airflow/example_dags/example_display_name.py
[2025-03-01T14:36:18.765+0000] {processor.py:914} INFO - Processing file /home/airflow/.local/lib/python3.12/site-packages/airflow/example_dags/example_display_name.py for tasks to queue
[2025-03-01T14:36:18.767+0000] {logging_mixin.py:190} INFO - [2025-03-01T14:36:18.766+0000] {dagbag.py:588} INFO - Filling up the DagBag from /home/airflow/.local/lib/python3.12/site-packages/airflow/example_dags/example_display_name.py
[2025-03-01T14:36:18.774+0000] {processor.py:925} INFO - DAG(s) 'example_display_name' retrieved from /home/airflow/.local/lib/python3.12/site-packages/airflow/example_dags/example_display_name.py
[2025-03-01T14:36:18.793+0000] {logging_mixin.py:190} INFO - [2025-03-01T14:36:18.793+0000] {dag.py:3239} INFO - Sync 1 DAGs
[2025-03-01T14:36:18.808+0000] {logging_mixin.py:190} INFO - [2025-03-01T14:36:18.807+0000] {dag.py:4180} INFO - Setting next_dagrun for example_display_name to None, run_after=None
[2025-03-01T14:36:18.824+0000] {processor.py:208} INFO - Processing /home/airflow/.local/lib/python3.12/site-packages/airflow/example_dags/example_display_name.py took 0.066 seconds
[2025-03-01T14:36:49.378+0000] {processor.py:186} INFO - Started process (PID=2446) to work on /home/airflow/.local/lib/python3.12/site-packages/airflow/example_dags/example_display_name.py
[2025-03-01T14:36:49.379+0000] {processor.py:914} INFO - Processing file /home/airflow/.local/lib/python3.12/site-packages/airflow/example_dags/example_display_name.py for tasks to queue
[2025-03-01T14:36:49.381+0000] {logging_mixin.py:190} INFO - [2025-03-01T14:36:49.381+0000] {dagbag.py:588} INFO - Filling up the DagBag from /home/airflow/.local/lib/python3.12/site-packages/airflow/example_dags/example_display_name.py
[2025-03-01T14:36:49.388+0000] {processor.py:925} INFO - DAG(s) 'example_display_name' retrieved from /home/airflow/.local/lib/python3.12/site-packages/airflow/example_dags/example_display_name.py
[2025-03-01T14:36:49.406+0000] {logging_mixin.py:190} INFO - [2025-03-01T14:36:49.406+0000] {dag.py:3239} INFO - Sync 1 DAGs
[2025-03-01T14:36:49.421+0000] {logging_mixin.py:190} INFO - [2025-03-01T14:36:49.421+0000] {dag.py:4180} INFO - Setting next_dagrun for example_display_name to None, run_after=None
[2025-03-01T14:36:49.437+0000] {processor.py:208} INFO - Processing /home/airflow/.local/lib/python3.12/site-packages/airflow/example_dags/example_display_name.py took 0.064 seconds
[2025-03-01T14:37:19.461+0000] {processor.py:186} INFO - Started process (PID=2507) to work on /home/airflow/.local/lib/python3.12/site-packages/airflow/example_dags/example_display_name.py
[2025-03-01T14:37:19.462+0000] {processor.py:914} INFO - Processing file /home/airflow/.local/lib/python3.12/site-packages/airflow/example_dags/example_display_name.py for tasks to queue
[2025-03-01T14:37:19.463+0000] {logging_mixin.py:190} INFO - [2025-03-01T14:37:19.463+0000] {dagbag.py:588} INFO - Filling up the DagBag from /home/airflow/.local/lib/python3.12/site-packages/airflow/example_dags/example_display_name.py
[2025-03-01T14:37:19.469+0000] {processor.py:925} INFO - DAG(s) 'example_display_name' retrieved from /home/airflow/.local/lib/python3.12/site-packages/airflow/example_dags/example_display_name.py
[2025-03-01T14:37:19.482+0000] {logging_mixin.py:190} INFO - [2025-03-01T14:37:19.481+0000] {dag.py:3239} INFO - Sync 1 DAGs
[2025-03-01T14:37:19.492+0000] {logging_mixin.py:190} INFO - [2025-03-01T14:37:19.491+0000] {dag.py:4180} INFO - Setting next_dagrun for example_display_name to None, run_after=None
[2025-03-01T14:37:19.503+0000] {processor.py:208} INFO - Processing /home/airflow/.local/lib/python3.12/site-packages/airflow/example_dags/example_display_name.py took 0.046 seconds
[2025-03-01T14:37:50.621+0000] {processor.py:186} INFO - Started process (PID=2567) to work on /home/airflow/.local/lib/python3.12/site-packages/airflow/example_dags/example_display_name.py
[2025-03-01T14:37:50.622+0000] {processor.py:914} INFO - Processing file /home/airflow/.local/lib/python3.12/site-packages/airflow/example_dags/example_display_name.py for tasks to queue
[2025-03-01T14:37:50.624+0000] {logging_mixin.py:190} INFO - [2025-03-01T14:37:50.624+0000] {dagbag.py:588} INFO - Filling up the DagBag from /home/airflow/.local/lib/python3.12/site-packages/airflow/example_dags/example_display_name.py
[2025-03-01T14:37:50.631+0000] {processor.py:925} INFO - DAG(s) 'example_display_name' retrieved from /home/airflow/.local/lib/python3.12/site-packages/airflow/example_dags/example_display_name.py
[2025-03-01T14:37:50.651+0000] {logging_mixin.py:190} INFO - [2025-03-01T14:37:50.650+0000] {dag.py:3239} INFO - Sync 1 DAGs
[2025-03-01T14:37:50.665+0000] {logging_mixin.py:190} INFO - [2025-03-01T14:37:50.665+0000] {dag.py:4180} INFO - Setting next_dagrun for example_display_name to None, run_after=None
[2025-03-01T14:37:50.681+0000] {processor.py:208} INFO - Processing /home/airflow/.local/lib/python3.12/site-packages/airflow/example_dags/example_display_name.py took 0.065 seconds
[2025-03-01T14:38:21.553+0000] {processor.py:186} INFO - Started process (PID=2627) to work on /home/airflow/.local/lib/python3.12/site-packages/airflow/example_dags/example_display_name.py
[2025-03-01T14:38:21.553+0000] {processor.py:914} INFO - Processing file /home/airflow/.local/lib/python3.12/site-packages/airflow/example_dags/example_display_name.py for tasks to queue
[2025-03-01T14:38:21.556+0000] {logging_mixin.py:190} INFO - [2025-03-01T14:38:21.555+0000] {dagbag.py:588} INFO - Filling up the DagBag from /home/airflow/.local/lib/python3.12/site-packages/airflow/example_dags/example_display_name.py
[2025-03-01T14:38:21.563+0000] {processor.py:925} INFO - DAG(s) 'example_display_name' retrieved from /home/airflow/.local/lib/python3.12/site-packages/airflow/example_dags/example_display_name.py
[2025-03-01T14:38:21.581+0000] {logging_mixin.py:190} INFO - [2025-03-01T14:38:21.581+0000] {dag.py:3239} INFO - Sync 1 DAGs
[2025-03-01T14:38:21.606+0000] {logging_mixin.py:190} INFO - [2025-03-01T14:38:21.606+0000] {dag.py:4180} INFO - Setting next_dagrun for example_display_name to None, run_after=None
[2025-03-01T14:38:21.626+0000] {processor.py:208} INFO - Processing /home/airflow/.local/lib/python3.12/site-packages/airflow/example_dags/example_display_name.py took 0.079 seconds
[2025-03-01T14:38:51.675+0000] {processor.py:186} INFO - Started process (PID=2683) to work on /home/airflow/.local/lib/python3.12/site-packages/airflow/example_dags/example_display_name.py
[2025-03-01T14:38:51.675+0000] {processor.py:914} INFO - Processing file /home/airflow/.local/lib/python3.12/site-packages/airflow/example_dags/example_display_name.py for tasks to queue
[2025-03-01T14:38:51.678+0000] {logging_mixin.py:190} INFO - [2025-03-01T14:38:51.677+0000] {dagbag.py:588} INFO - Filling up the DagBag from /home/airflow/.local/lib/python3.12/site-packages/airflow/example_dags/example_display_name.py
[2025-03-01T14:38:51.685+0000] {processor.py:925} INFO - DAG(s) 'example_display_name' retrieved from /home/airflow/.local/lib/python3.12/site-packages/airflow/example_dags/example_display_name.py
[2025-03-01T14:38:51.704+0000] {logging_mixin.py:190} INFO - [2025-03-01T14:38:51.703+0000] {dag.py:3239} INFO - Sync 1 DAGs
[2025-03-01T14:38:51.718+0000] {logging_mixin.py:190} INFO - [2025-03-01T14:38:51.718+0000] {dag.py:4180} INFO - Setting next_dagrun for example_display_name to None, run_after=None
[2025-03-01T14:38:51.734+0000] {processor.py:208} INFO - Processing /home/airflow/.local/lib/python3.12/site-packages/airflow/example_dags/example_display_name.py took 0.065 seconds
[2025-03-01T14:39:22.005+0000] {processor.py:186} INFO - Started process (PID=2747) to work on /home/airflow/.local/lib/python3.12/site-packages/airflow/example_dags/example_display_name.py
[2025-03-01T14:39:22.006+0000] {processor.py:914} INFO - Processing file /home/airflow/.local/lib/python3.12/site-packages/airflow/example_dags/example_display_name.py for tasks to queue
[2025-03-01T14:39:22.008+0000] {logging_mixin.py:190} INFO - [2025-03-01T14:39:22.007+0000] {dagbag.py:588} INFO - Filling up the DagBag from /home/airflow/.local/lib/python3.12/site-packages/airflow/example_dags/example_display_name.py
[2025-03-01T14:39:22.013+0000] {processor.py:925} INFO - DAG(s) 'example_display_name' retrieved from /home/airflow/.local/lib/python3.12/site-packages/airflow/example_dags/example_display_name.py
[2025-03-01T14:39:22.027+0000] {logging_mixin.py:190} INFO - [2025-03-01T14:39:22.026+0000] {dag.py:3239} INFO - Sync 1 DAGs
[2025-03-01T14:39:22.036+0000] {logging_mixin.py:190} INFO - [2025-03-01T14:39:22.036+0000] {dag.py:4180} INFO - Setting next_dagrun for example_display_name to None, run_after=None
[2025-03-01T14:39:22.054+0000] {processor.py:208} INFO - Processing /home/airflow/.local/lib/python3.12/site-packages/airflow/example_dags/example_display_name.py took 0.053 seconds
[2025-03-01T14:39:52.680+0000] {processor.py:186} INFO - Started process (PID=2810) to work on /home/airflow/.local/lib/python3.12/site-packages/airflow/example_dags/example_display_name.py
[2025-03-01T14:39:52.680+0000] {processor.py:914} INFO - Processing file /home/airflow/.local/lib/python3.12/site-packages/airflow/example_dags/example_display_name.py for tasks to queue
[2025-03-01T14:39:52.682+0000] {logging_mixin.py:190} INFO - [2025-03-01T14:39:52.682+0000] {dagbag.py:588} INFO - Filling up the DagBag from /home/airflow/.local/lib/python3.12/site-packages/airflow/example_dags/example_display_name.py
[2025-03-01T14:39:52.687+0000] {processor.py:925} INFO - DAG(s) 'example_display_name' retrieved from /home/airflow/.local/lib/python3.12/site-packages/airflow/example_dags/example_display_name.py
[2025-03-01T14:39:52.701+0000] {logging_mixin.py:190} INFO - [2025-03-01T14:39:52.701+0000] {dag.py:3239} INFO - Sync 1 DAGs
[2025-03-01T14:39:52.711+0000] {logging_mixin.py:190} INFO - [2025-03-01T14:39:52.711+0000] {dag.py:4180} INFO - Setting next_dagrun for example_display_name to None, run_after=None
[2025-03-01T14:39:52.723+0000] {processor.py:208} INFO - Processing /home/airflow/.local/lib/python3.12/site-packages/airflow/example_dags/example_display_name.py took 0.048 seconds
[2025-03-01T14:40:22.902+0000] {processor.py:186} INFO - Started process (PID=2874) to work on /home/airflow/.local/lib/python3.12/site-packages/airflow/example_dags/example_display_name.py
[2025-03-01T14:40:22.902+0000] {processor.py:914} INFO - Processing file /home/airflow/.local/lib/python3.12/site-packages/airflow/example_dags/example_display_name.py for tasks to queue
[2025-03-01T14:40:22.904+0000] {logging_mixin.py:190} INFO - [2025-03-01T14:40:22.904+0000] {dagbag.py:588} INFO - Filling up the DagBag from /home/airflow/.local/lib/python3.12/site-packages/airflow/example_dags/example_display_name.py
[2025-03-01T14:40:22.909+0000] {processor.py:925} INFO - DAG(s) 'example_display_name' retrieved from /home/airflow/.local/lib/python3.12/site-packages/airflow/example_dags/example_display_name.py
[2025-03-01T14:40:22.923+0000] {logging_mixin.py:190} INFO - [2025-03-01T14:40:22.922+0000] {dag.py:3239} INFO - Sync 1 DAGs
[2025-03-01T14:40:22.933+0000] {logging_mixin.py:190} INFO - [2025-03-01T14:40:22.933+0000] {dag.py:4180} INFO - Setting next_dagrun for example_display_name to None, run_after=None
[2025-03-01T14:40:22.945+0000] {processor.py:208} INFO - Processing /home/airflow/.local/lib/python3.12/site-packages/airflow/example_dags/example_display_name.py took 0.048 seconds
[2025-03-01T14:40:53.392+0000] {processor.py:186} INFO - Started process (PID=2937) to work on /home/airflow/.local/lib/python3.12/site-packages/airflow/example_dags/example_display_name.py
[2025-03-01T14:40:53.392+0000] {processor.py:914} INFO - Processing file /home/airflow/.local/lib/python3.12/site-packages/airflow/example_dags/example_display_name.py for tasks to queue
[2025-03-01T14:40:53.394+0000] {logging_mixin.py:190} INFO - [2025-03-01T14:40:53.394+0000] {dagbag.py:588} INFO - Filling up the DagBag from /home/airflow/.local/lib/python3.12/site-packages/airflow/example_dags/example_display_name.py
[2025-03-01T14:40:53.399+0000] {processor.py:925} INFO - DAG(s) 'example_display_name' retrieved from /home/airflow/.local/lib/python3.12/site-packages/airflow/example_dags/example_display_name.py
[2025-03-01T14:40:53.414+0000] {logging_mixin.py:190} INFO - [2025-03-01T14:40:53.413+0000] {dag.py:3239} INFO - Sync 1 DAGs
[2025-03-01T14:40:53.424+0000] {logging_mixin.py:190} INFO - [2025-03-01T14:40:53.423+0000] {dag.py:4180} INFO - Setting next_dagrun for example_display_name to None, run_after=None
[2025-03-01T14:40:53.436+0000] {processor.py:208} INFO - Processing /home/airflow/.local/lib/python3.12/site-packages/airflow/example_dags/example_display_name.py took 0.048 seconds
[2025-03-01T14:41:24.081+0000] {processor.py:186} INFO - Started process (PID=3000) to work on /home/airflow/.local/lib/python3.12/site-packages/airflow/example_dags/example_display_name.py
[2025-03-01T14:41:24.082+0000] {processor.py:914} INFO - Processing file /home/airflow/.local/lib/python3.12/site-packages/airflow/example_dags/example_display_name.py for tasks to queue
[2025-03-01T14:41:24.085+0000] {logging_mixin.py:190} INFO - [2025-03-01T14:41:24.084+0000] {dagbag.py:588} INFO - Filling up the DagBag from /home/airflow/.local/lib/python3.12/site-packages/airflow/example_dags/example_display_name.py
[2025-03-01T14:41:24.092+0000] {processor.py:925} INFO - DAG(s) 'example_display_name' retrieved from /home/airflow/.local/lib/python3.12/site-packages/airflow/example_dags/example_display_name.py
[2025-03-01T14:41:24.110+0000] {logging_mixin.py:190} INFO - [2025-03-01T14:41:24.110+0000] {dag.py:3239} INFO - Sync 1 DAGs
[2025-03-01T14:41:24.125+0000] {logging_mixin.py:190} INFO - [2025-03-01T14:41:24.125+0000] {dag.py:4180} INFO - Setting next_dagrun for example_display_name to None, run_after=None
[2025-03-01T14:41:24.142+0000] {processor.py:208} INFO - Processing /home/airflow/.local/lib/python3.12/site-packages/airflow/example_dags/example_display_name.py took 0.067 seconds
[2025-03-01T14:41:54.691+0000] {processor.py:186} INFO - Started process (PID=3063) to work on /home/airflow/.local/lib/python3.12/site-packages/airflow/example_dags/example_display_name.py
[2025-03-01T14:41:54.692+0000] {processor.py:914} INFO - Processing file /home/airflow/.local/lib/python3.12/site-packages/airflow/example_dags/example_display_name.py for tasks to queue
[2025-03-01T14:41:54.693+0000] {logging_mixin.py:190} INFO - [2025-03-01T14:41:54.693+0000] {dagbag.py:588} INFO - Filling up the DagBag from /home/airflow/.local/lib/python3.12/site-packages/airflow/example_dags/example_display_name.py
[2025-03-01T14:41:54.699+0000] {processor.py:925} INFO - DAG(s) 'example_display_name' retrieved from /home/airflow/.local/lib/python3.12/site-packages/airflow/example_dags/example_display_name.py
[2025-03-01T14:41:54.712+0000] {logging_mixin.py:190} INFO - [2025-03-01T14:41:54.712+0000] {dag.py:3239} INFO - Sync 1 DAGs
[2025-03-01T14:41:54.722+0000] {logging_mixin.py:190} INFO - [2025-03-01T14:41:54.722+0000] {dag.py:4180} INFO - Setting next_dagrun for example_display_name to None, run_after=None
[2025-03-01T14:41:54.734+0000] {processor.py:208} INFO - Processing /home/airflow/.local/lib/python3.12/site-packages/airflow/example_dags/example_display_name.py took 0.047 seconds
[2025-03-01T14:42:25.287+0000] {processor.py:186} INFO - Started process (PID=3125) to work on /home/airflow/.local/lib/python3.12/site-packages/airflow/example_dags/example_display_name.py
[2025-03-01T14:42:25.288+0000] {processor.py:914} INFO - Processing file /home/airflow/.local/lib/python3.12/site-packages/airflow/example_dags/example_display_name.py for tasks to queue
[2025-03-01T14:42:25.290+0000] {logging_mixin.py:190} INFO - [2025-03-01T14:42:25.290+0000] {dagbag.py:588} INFO - Filling up the DagBag from /home/airflow/.local/lib/python3.12/site-packages/airflow/example_dags/example_display_name.py
[2025-03-01T14:42:25.295+0000] {processor.py:925} INFO - DAG(s) 'example_display_name' retrieved from /home/airflow/.local/lib/python3.12/site-packages/airflow/example_dags/example_display_name.py
[2025-03-01T14:42:25.309+0000] {logging_mixin.py:190} INFO - [2025-03-01T14:42:25.308+0000] {dag.py:3239} INFO - Sync 1 DAGs
[2025-03-01T14:42:25.318+0000] {logging_mixin.py:190} INFO - [2025-03-01T14:42:25.318+0000] {dag.py:4180} INFO - Setting next_dagrun for example_display_name to None, run_after=None
[2025-03-01T14:42:25.330+0000] {processor.py:208} INFO - Processing /home/airflow/.local/lib/python3.12/site-packages/airflow/example_dags/example_display_name.py took 0.047 seconds
[2025-03-01T14:42:55.484+0000] {processor.py:186} INFO - Started process (PID=3188) to work on /home/airflow/.local/lib/python3.12/site-packages/airflow/example_dags/example_display_name.py
[2025-03-01T14:42:55.485+0000] {processor.py:914} INFO - Processing file /home/airflow/.local/lib/python3.12/site-packages/airflow/example_dags/example_display_name.py for tasks to queue
[2025-03-01T14:42:55.487+0000] {logging_mixin.py:190} INFO - [2025-03-01T14:42:55.487+0000] {dagbag.py:588} INFO - Filling up the DagBag from /home/airflow/.local/lib/python3.12/site-packages/airflow/example_dags/example_display_name.py
[2025-03-01T14:42:55.495+0000] {processor.py:925} INFO - DAG(s) 'example_display_name' retrieved from /home/airflow/.local/lib/python3.12/site-packages/airflow/example_dags/example_display_name.py
[2025-03-01T14:42:55.514+0000] {logging_mixin.py:190} INFO - [2025-03-01T14:42:55.514+0000] {dag.py:3239} INFO - Sync 1 DAGs
[2025-03-01T14:42:55.528+0000] {logging_mixin.py:190} INFO - [2025-03-01T14:42:55.528+0000] {dag.py:4180} INFO - Setting next_dagrun for example_display_name to None, run_after=None
[2025-03-01T14:42:55.540+0000] {processor.py:208} INFO - Processing /home/airflow/.local/lib/python3.12/site-packages/airflow/example_dags/example_display_name.py took 0.064 seconds
[2025-03-01T14:43:25.700+0000] {processor.py:186} INFO - Started process (PID=3251) to work on /home/airflow/.local/lib/python3.12/site-packages/airflow/example_dags/example_display_name.py
[2025-03-01T14:43:25.701+0000] {processor.py:914} INFO - Processing file /home/airflow/.local/lib/python3.12/site-packages/airflow/example_dags/example_display_name.py for tasks to queue
[2025-03-01T14:43:25.703+0000] {logging_mixin.py:190} INFO - [2025-03-01T14:43:25.702+0000] {dagbag.py:588} INFO - Filling up the DagBag from /home/airflow/.local/lib/python3.12/site-packages/airflow/example_dags/example_display_name.py
[2025-03-01T14:43:25.708+0000] {processor.py:925} INFO - DAG(s) 'example_display_name' retrieved from /home/airflow/.local/lib/python3.12/site-packages/airflow/example_dags/example_display_name.py
[2025-03-01T14:43:25.722+0000] {logging_mixin.py:190} INFO - [2025-03-01T14:43:25.721+0000] {dag.py:3239} INFO - Sync 1 DAGs
[2025-03-01T14:43:25.731+0000] {logging_mixin.py:190} INFO - [2025-03-01T14:43:25.731+0000] {dag.py:4180} INFO - Setting next_dagrun for example_display_name to None, run_after=None
[2025-03-01T14:43:25.743+0000] {processor.py:208} INFO - Processing /home/airflow/.local/lib/python3.12/site-packages/airflow/example_dags/example_display_name.py took 0.047 seconds
[2025-03-01T14:43:55.926+0000] {processor.py:186} INFO - Started process (PID=3313) to work on /home/airflow/.local/lib/python3.12/site-packages/airflow/example_dags/example_display_name.py
[2025-03-01T14:43:55.927+0000] {processor.py:914} INFO - Processing file /home/airflow/.local/lib/python3.12/site-packages/airflow/example_dags/example_display_name.py for tasks to queue
[2025-03-01T14:43:55.929+0000] {logging_mixin.py:190} INFO - [2025-03-01T14:43:55.929+0000] {dagbag.py:588} INFO - Filling up the DagBag from /home/airflow/.local/lib/python3.12/site-packages/airflow/example_dags/example_display_name.py
[2025-03-01T14:43:55.937+0000] {processor.py:925} INFO - DAG(s) 'example_display_name' retrieved from /home/airflow/.local/lib/python3.12/site-packages/airflow/example_dags/example_display_name.py
[2025-03-01T14:43:55.961+0000] {logging_mixin.py:190} INFO - [2025-03-01T14:43:55.960+0000] {dag.py:3239} INFO - Sync 1 DAGs
[2025-03-01T14:43:55.977+0000] {logging_mixin.py:190} INFO - [2025-03-01T14:43:55.977+0000] {dag.py:4180} INFO - Setting next_dagrun for example_display_name to None, run_after=None
[2025-03-01T14:43:56.008+0000] {processor.py:208} INFO - Processing /home/airflow/.local/lib/python3.12/site-packages/airflow/example_dags/example_display_name.py took 0.088 seconds
[2025-03-01T14:44:26.301+0000] {processor.py:186} INFO - Started process (PID=3377) to work on /home/airflow/.local/lib/python3.12/site-packages/airflow/example_dags/example_display_name.py
[2025-03-01T14:44:26.302+0000] {processor.py:914} INFO - Processing file /home/airflow/.local/lib/python3.12/site-packages/airflow/example_dags/example_display_name.py for tasks to queue
[2025-03-01T14:44:26.303+0000] {logging_mixin.py:190} INFO - [2025-03-01T14:44:26.303+0000] {dagbag.py:588} INFO - Filling up the DagBag from /home/airflow/.local/lib/python3.12/site-packages/airflow/example_dags/example_display_name.py
[2025-03-01T14:44:26.309+0000] {processor.py:925} INFO - DAG(s) 'example_display_name' retrieved from /home/airflow/.local/lib/python3.12/site-packages/airflow/example_dags/example_display_name.py
[2025-03-01T14:44:26.322+0000] {logging_mixin.py:190} INFO - [2025-03-01T14:44:26.322+0000] {dag.py:3239} INFO - Sync 1 DAGs
[2025-03-01T14:44:26.331+0000] {logging_mixin.py:190} INFO - [2025-03-01T14:44:26.331+0000] {dag.py:4180} INFO - Setting next_dagrun for example_display_name to None, run_after=None
[2025-03-01T14:44:26.343+0000] {processor.py:208} INFO - Processing /home/airflow/.local/lib/python3.12/site-packages/airflow/example_dags/example_display_name.py took 0.047 seconds
[2025-03-01T14:44:56.624+0000] {processor.py:186} INFO - Started process (PID=3440) to work on /home/airflow/.local/lib/python3.12/site-packages/airflow/example_dags/example_display_name.py
[2025-03-01T14:44:56.625+0000] {processor.py:914} INFO - Processing file /home/airflow/.local/lib/python3.12/site-packages/airflow/example_dags/example_display_name.py for tasks to queue
[2025-03-01T14:44:56.627+0000] {logging_mixin.py:190} INFO - [2025-03-01T14:44:56.626+0000] {dagbag.py:588} INFO - Filling up the DagBag from /home/airflow/.local/lib/python3.12/site-packages/airflow/example_dags/example_display_name.py
[2025-03-01T14:44:56.634+0000] {processor.py:925} INFO - DAG(s) 'example_display_name' retrieved from /home/airflow/.local/lib/python3.12/site-packages/airflow/example_dags/example_display_name.py
[2025-03-01T14:44:56.654+0000] {logging_mixin.py:190} INFO - [2025-03-01T14:44:56.653+0000] {dag.py:3239} INFO - Sync 1 DAGs
[2025-03-01T14:44:56.668+0000] {logging_mixin.py:190} INFO - [2025-03-01T14:44:56.668+0000] {dag.py:4180} INFO - Setting next_dagrun for example_display_name to None, run_after=None
[2025-03-01T14:44:56.685+0000] {processor.py:208} INFO - Processing /home/airflow/.local/lib/python3.12/site-packages/airflow/example_dags/example_display_name.py took 0.067 seconds
[2025-03-01T14:45:27.472+0000] {processor.py:186} INFO - Started process (PID=3502) to work on /home/airflow/.local/lib/python3.12/site-packages/airflow/example_dags/example_display_name.py
[2025-03-01T14:45:27.473+0000] {processor.py:914} INFO - Processing file /home/airflow/.local/lib/python3.12/site-packages/airflow/example_dags/example_display_name.py for tasks to queue
[2025-03-01T14:45:27.475+0000] {logging_mixin.py:190} INFO - [2025-03-01T14:45:27.475+0000] {dagbag.py:588} INFO - Filling up the DagBag from /home/airflow/.local/lib/python3.12/site-packages/airflow/example_dags/example_display_name.py
[2025-03-01T14:45:27.483+0000] {processor.py:925} INFO - DAG(s) 'example_display_name' retrieved from /home/airflow/.local/lib/python3.12/site-packages/airflow/example_dags/example_display_name.py
[2025-03-01T14:45:27.502+0000] {logging_mixin.py:190} INFO - [2025-03-01T14:45:27.501+0000] {dag.py:3239} INFO - Sync 1 DAGs
[2025-03-01T14:45:27.517+0000] {logging_mixin.py:190} INFO - [2025-03-01T14:45:27.517+0000] {dag.py:4180} INFO - Setting next_dagrun for example_display_name to None, run_after=None
[2025-03-01T14:45:27.535+0000] {processor.py:208} INFO - Processing /home/airflow/.local/lib/python3.12/site-packages/airflow/example_dags/example_display_name.py took 0.069 seconds
[2025-03-01T14:46:01.620+0000] {processor.py:186} INFO - Started process (PID=3566) to work on /home/airflow/.local/lib/python3.12/site-packages/airflow/example_dags/example_display_name.py
[2025-03-01T14:46:01.640+0000] {processor.py:914} INFO - Processing file /home/airflow/.local/lib/python3.12/site-packages/airflow/example_dags/example_display_name.py for tasks to queue
[2025-03-01T14:46:01.707+0000] {logging_mixin.py:190} INFO - [2025-03-01T14:46:01.705+0000] {dagbag.py:588} INFO - Filling up the DagBag from /home/airflow/.local/lib/python3.12/site-packages/airflow/example_dags/example_display_name.py
[2025-03-01T14:46:01.756+0000] {processor.py:925} INFO - DAG(s) 'example_display_name' retrieved from /home/airflow/.local/lib/python3.12/site-packages/airflow/example_dags/example_display_name.py
[2025-03-01T14:46:02.012+0000] {logging_mixin.py:190} INFO - [2025-03-01T14:46:02.012+0000] {dag.py:3239} INFO - Sync 1 DAGs
[2025-03-01T14:46:02.179+0000] {logging_mixin.py:190} INFO - [2025-03-01T14:46:02.178+0000] {dag.py:4180} INFO - Setting next_dagrun for example_display_name to None, run_after=None
[2025-03-01T14:46:02.326+0000] {processor.py:208} INFO - Processing /home/airflow/.local/lib/python3.12/site-packages/airflow/example_dags/example_display_name.py took 0.736 seconds
[2025-03-01T14:46:43.278+0000] {processor.py:186} INFO - Started process (PID=3633) to work on /home/airflow/.local/lib/python3.12/site-packages/airflow/example_dags/example_display_name.py
[2025-03-01T14:46:43.290+0000] {processor.py:914} INFO - Processing file /home/airflow/.local/lib/python3.12/site-packages/airflow/example_dags/example_display_name.py for tasks to queue
[2025-03-01T14:46:43.299+0000] {logging_mixin.py:190} INFO - [2025-03-01T14:46:43.299+0000] {dagbag.py:588} INFO - Filling up the DagBag from /home/airflow/.local/lib/python3.12/site-packages/airflow/example_dags/example_display_name.py
[2025-03-01T14:46:43.342+0000] {processor.py:925} INFO - DAG(s) 'example_display_name' retrieved from /home/airflow/.local/lib/python3.12/site-packages/airflow/example_dags/example_display_name.py
[2025-03-01T14:46:43.619+0000] {logging_mixin.py:190} INFO - [2025-03-01T14:46:43.619+0000] {dag.py:3239} INFO - Sync 1 DAGs
[2025-03-01T14:46:43.807+0000] {logging_mixin.py:190} INFO - [2025-03-01T14:46:43.807+0000] {dag.py:4180} INFO - Setting next_dagrun for example_display_name to None, run_after=None
[2025-03-01T14:46:43.941+0000] {processor.py:208} INFO - Processing /home/airflow/.local/lib/python3.12/site-packages/airflow/example_dags/example_display_name.py took 0.699 seconds
[2025-03-01T14:47:19.865+0000] {processor.py:186} INFO - Started process (PID=3681) to work on /home/airflow/.local/lib/python3.12/site-packages/airflow/example_dags/example_display_name.py
[2025-03-01T14:47:19.867+0000] {processor.py:914} INFO - Processing file /home/airflow/.local/lib/python3.12/site-packages/airflow/example_dags/example_display_name.py for tasks to queue
[2025-03-01T14:47:19.871+0000] {logging_mixin.py:190} INFO - [2025-03-01T14:47:19.871+0000] {dagbag.py:588} INFO - Filling up the DagBag from /home/airflow/.local/lib/python3.12/site-packages/airflow/example_dags/example_display_name.py
[2025-03-01T14:47:19.931+0000] {processor.py:925} INFO - DAG(s) 'example_display_name' retrieved from /home/airflow/.local/lib/python3.12/site-packages/airflow/example_dags/example_display_name.py
[2025-03-01T14:47:20.015+0000] {logging_mixin.py:190} INFO - [2025-03-01T14:47:20.015+0000] {dag.py:3239} INFO - Sync 1 DAGs
[2025-03-01T14:47:20.118+0000] {logging_mixin.py:190} INFO - [2025-03-01T14:47:20.118+0000] {dag.py:4180} INFO - Setting next_dagrun for example_display_name to None, run_after=None
[2025-03-01T14:47:20.263+0000] {processor.py:208} INFO - Processing /home/airflow/.local/lib/python3.12/site-packages/airflow/example_dags/example_display_name.py took 0.436 seconds
[2025-03-01T14:47:54.865+0000] {processor.py:186} INFO - Started process (PID=3738) to work on /home/airflow/.local/lib/python3.12/site-packages/airflow/example_dags/example_display_name.py
[2025-03-01T14:47:54.868+0000] {processor.py:914} INFO - Processing file /home/airflow/.local/lib/python3.12/site-packages/airflow/example_dags/example_display_name.py for tasks to queue
[2025-03-01T14:47:54.870+0000] {logging_mixin.py:190} INFO - [2025-03-01T14:47:54.870+0000] {dagbag.py:588} INFO - Filling up the DagBag from /home/airflow/.local/lib/python3.12/site-packages/airflow/example_dags/example_display_name.py
[2025-03-01T14:47:54.888+0000] {processor.py:925} INFO - DAG(s) 'example_display_name' retrieved from /home/airflow/.local/lib/python3.12/site-packages/airflow/example_dags/example_display_name.py
[2025-03-01T14:47:54.984+0000] {logging_mixin.py:190} INFO - [2025-03-01T14:47:54.984+0000] {dag.py:3239} INFO - Sync 1 DAGs
[2025-03-01T14:47:55.085+0000] {logging_mixin.py:190} INFO - [2025-03-01T14:47:55.085+0000] {dag.py:4180} INFO - Setting next_dagrun for example_display_name to None, run_after=None
[2025-03-01T14:47:55.179+0000] {processor.py:208} INFO - Processing /home/airflow/.local/lib/python3.12/site-packages/airflow/example_dags/example_display_name.py took 0.326 seconds
