[2025-03-01T14:17:28.889+0000] {processor.py:186} INFO - Started process (PID=70) to work on /home/airflow/.local/lib/python3.12/site-packages/airflow/example_dags/example_params_trigger_ui.py
[2025-03-01T14:17:28.902+0000] {processor.py:914} INFO - Processing file /home/airflow/.local/lib/python3.12/site-packages/airflow/example_dags/example_params_trigger_ui.py for tasks to queue
[2025-03-01T14:17:28.911+0000] {logging_mixin.py:190} INFO - [2025-03-01T14:17:28.910+0000] {dagbag.py:588} INFO - Filling up the DagBag from /home/airflow/.local/lib/python3.12/site-packages/airflow/example_dags/example_params_trigger_ui.py
[2025-03-01T14:17:28.969+0000] {processor.py:925} INFO - DAG(s) 'example_params_trigger_ui' retrieved from /home/airflow/.local/lib/python3.12/site-packages/airflow/example_dags/example_params_trigger_ui.py
[2025-03-01T14:17:29.562+0000] {logging_mixin.py:190} INFO - [2025-03-01T14:17:29.561+0000] {override.py:1912} INFO - Created Permission View: can edit on DAG:example_params_trigger_ui
[2025-03-01T14:17:29.614+0000] {logging_mixin.py:190} INFO - [2025-03-01T14:17:29.614+0000] {override.py:1912} INFO - Created Permission View: can read on DAG:example_params_trigger_ui
[2025-03-01T14:17:29.632+0000] {logging_mixin.py:190} INFO - [2025-03-01T14:17:29.632+0000] {override.py:1912} INFO - Created Permission View: can delete on DAG:example_params_trigger_ui
[2025-03-01T14:17:29.651+0000] {logging_mixin.py:190} INFO - [2025-03-01T14:17:29.651+0000] {override.py:1912} INFO - Created Permission View: menu access on DAG Run:example_params_trigger_ui
[2025-03-01T14:17:29.670+0000] {logging_mixin.py:190} INFO - [2025-03-01T14:17:29.670+0000] {override.py:1912} INFO - Created Permission View: can read on DAG Run:example_params_trigger_ui
[2025-03-01T14:17:29.699+0000] {logging_mixin.py:190} INFO - [2025-03-01T14:17:29.699+0000] {override.py:1912} INFO - Created Permission View: can create on DAG Run:example_params_trigger_ui
[2025-03-01T14:17:29.731+0000] {logging_mixin.py:190} INFO - [2025-03-01T14:17:29.730+0000] {override.py:1912} INFO - Created Permission View: can delete on DAG Run:example_params_trigger_ui
[2025-03-01T14:17:29.733+0000] {logging_mixin.py:190} INFO - [2025-03-01T14:17:29.731+0000] {dag.py:3239} INFO - Sync 1 DAGs
[2025-03-01T14:17:29.786+0000] {logging_mixin.py:190} INFO - [2025-03-01T14:17:29.786+0000] {dag.py:3262} INFO - Creating ORM DAG for example_params_trigger_ui
[2025-03-01T14:17:29.794+0000] {logging_mixin.py:190} INFO - [2025-03-01T14:17:29.794+0000] {dag.py:4180} INFO - Setting next_dagrun for example_params_trigger_ui to None, run_after=None
[2025-03-01T14:17:29.873+0000] {processor.py:208} INFO - Processing /home/airflow/.local/lib/python3.12/site-packages/airflow/example_dags/example_params_trigger_ui.py took 0.994 seconds
[2025-03-01T14:18:00.481+0000] {processor.py:186} INFO - Started process (PID=133) to work on /home/airflow/.local/lib/python3.12/site-packages/airflow/example_dags/example_params_trigger_ui.py
[2025-03-01T14:18:00.485+0000] {processor.py:914} INFO - Processing file /home/airflow/.local/lib/python3.12/site-packages/airflow/example_dags/example_params_trigger_ui.py for tasks to queue
[2025-03-01T14:18:00.487+0000] {logging_mixin.py:190} INFO - [2025-03-01T14:18:00.487+0000] {dagbag.py:588} INFO - Filling up the DagBag from /home/airflow/.local/lib/python3.12/site-packages/airflow/example_dags/example_params_trigger_ui.py
[2025-03-01T14:18:00.514+0000] {processor.py:925} INFO - DAG(s) 'example_params_trigger_ui' retrieved from /home/airflow/.local/lib/python3.12/site-packages/airflow/example_dags/example_params_trigger_ui.py
[2025-03-01T14:18:00.566+0000] {logging_mixin.py:190} INFO - [2025-03-01T14:18:00.566+0000] {dag.py:3239} INFO - Sync 1 DAGs
[2025-03-01T14:18:00.587+0000] {logging_mixin.py:190} INFO - [2025-03-01T14:18:00.587+0000] {dag.py:4180} INFO - Setting next_dagrun for example_params_trigger_ui to None, run_after=None
[2025-03-01T14:18:00.626+0000] {processor.py:208} INFO - Processing /home/airflow/.local/lib/python3.12/site-packages/airflow/example_dags/example_params_trigger_ui.py took 0.151 seconds
[2025-03-01T14:18:31.005+0000] {processor.py:186} INFO - Started process (PID=196) to work on /home/airflow/.local/lib/python3.12/site-packages/airflow/example_dags/example_params_trigger_ui.py
[2025-03-01T14:18:31.006+0000] {processor.py:914} INFO - Processing file /home/airflow/.local/lib/python3.12/site-packages/airflow/example_dags/example_params_trigger_ui.py for tasks to queue
[2025-03-01T14:18:31.008+0000] {logging_mixin.py:190} INFO - [2025-03-01T14:18:31.008+0000] {dagbag.py:588} INFO - Filling up the DagBag from /home/airflow/.local/lib/python3.12/site-packages/airflow/example_dags/example_params_trigger_ui.py
[2025-03-01T14:18:31.021+0000] {processor.py:925} INFO - DAG(s) 'example_params_trigger_ui' retrieved from /home/airflow/.local/lib/python3.12/site-packages/airflow/example_dags/example_params_trigger_ui.py
[2025-03-01T14:18:31.070+0000] {logging_mixin.py:190} INFO - [2025-03-01T14:18:31.069+0000] {dag.py:3239} INFO - Sync 1 DAGs
[2025-03-01T14:18:31.094+0000] {logging_mixin.py:190} INFO - [2025-03-01T14:18:31.094+0000] {dag.py:4180} INFO - Setting next_dagrun for example_params_trigger_ui to None, run_after=None
[2025-03-01T14:18:31.109+0000] {processor.py:208} INFO - Processing /home/airflow/.local/lib/python3.12/site-packages/airflow/example_dags/example_params_trigger_ui.py took 0.110 seconds
[2025-03-01T14:19:01.264+0000] {processor.py:186} INFO - Started process (PID=258) to work on /home/airflow/.local/lib/python3.12/site-packages/airflow/example_dags/example_params_trigger_ui.py
[2025-03-01T14:19:01.266+0000] {processor.py:914} INFO - Processing file /home/airflow/.local/lib/python3.12/site-packages/airflow/example_dags/example_params_trigger_ui.py for tasks to queue
[2025-03-01T14:19:01.268+0000] {logging_mixin.py:190} INFO - [2025-03-01T14:19:01.268+0000] {dagbag.py:588} INFO - Filling up the DagBag from /home/airflow/.local/lib/python3.12/site-packages/airflow/example_dags/example_params_trigger_ui.py
[2025-03-01T14:19:01.281+0000] {processor.py:925} INFO - DAG(s) 'example_params_trigger_ui' retrieved from /home/airflow/.local/lib/python3.12/site-packages/airflow/example_dags/example_params_trigger_ui.py
[2025-03-01T14:19:01.331+0000] {logging_mixin.py:190} INFO - [2025-03-01T14:19:01.331+0000] {dag.py:3239} INFO - Sync 1 DAGs
[2025-03-01T14:19:01.346+0000] {logging_mixin.py:190} INFO - [2025-03-01T14:19:01.346+0000] {dag.py:4180} INFO - Setting next_dagrun for example_params_trigger_ui to None, run_after=None
[2025-03-01T14:19:01.362+0000] {processor.py:208} INFO - Processing /home/airflow/.local/lib/python3.12/site-packages/airflow/example_dags/example_params_trigger_ui.py took 0.103 seconds
[2025-03-01T14:19:32.009+0000] {processor.py:186} INFO - Started process (PID=321) to work on /home/airflow/.local/lib/python3.12/site-packages/airflow/example_dags/example_params_trigger_ui.py
[2025-03-01T14:19:32.010+0000] {processor.py:914} INFO - Processing file /home/airflow/.local/lib/python3.12/site-packages/airflow/example_dags/example_params_trigger_ui.py for tasks to queue
[2025-03-01T14:19:32.012+0000] {logging_mixin.py:190} INFO - [2025-03-01T14:19:32.012+0000] {dagbag.py:588} INFO - Filling up the DagBag from /home/airflow/.local/lib/python3.12/site-packages/airflow/example_dags/example_params_trigger_ui.py
[2025-03-01T14:19:32.028+0000] {processor.py:925} INFO - DAG(s) 'example_params_trigger_ui' retrieved from /home/airflow/.local/lib/python3.12/site-packages/airflow/example_dags/example_params_trigger_ui.py
[2025-03-01T14:19:32.076+0000] {logging_mixin.py:190} INFO - [2025-03-01T14:19:32.076+0000] {dag.py:3239} INFO - Sync 1 DAGs
[2025-03-01T14:19:32.094+0000] {logging_mixin.py:190} INFO - [2025-03-01T14:19:32.094+0000] {dag.py:4180} INFO - Setting next_dagrun for example_params_trigger_ui to None, run_after=None
[2025-03-01T14:19:32.110+0000] {processor.py:208} INFO - Processing /home/airflow/.local/lib/python3.12/site-packages/airflow/example_dags/example_params_trigger_ui.py took 0.105 seconds
[2025-03-01T14:20:02.489+0000] {processor.py:186} INFO - Started process (PID=384) to work on /home/airflow/.local/lib/python3.12/site-packages/airflow/example_dags/example_params_trigger_ui.py
[2025-03-01T14:20:02.489+0000] {processor.py:914} INFO - Processing file /home/airflow/.local/lib/python3.12/site-packages/airflow/example_dags/example_params_trigger_ui.py for tasks to queue
[2025-03-01T14:20:02.492+0000] {logging_mixin.py:190} INFO - [2025-03-01T14:20:02.491+0000] {dagbag.py:588} INFO - Filling up the DagBag from /home/airflow/.local/lib/python3.12/site-packages/airflow/example_dags/example_params_trigger_ui.py
[2025-03-01T14:20:02.504+0000] {processor.py:925} INFO - DAG(s) 'example_params_trigger_ui' retrieved from /home/airflow/.local/lib/python3.12/site-packages/airflow/example_dags/example_params_trigger_ui.py
[2025-03-01T14:20:02.556+0000] {logging_mixin.py:190} INFO - [2025-03-01T14:20:02.556+0000] {dag.py:3239} INFO - Sync 1 DAGs
[2025-03-01T14:20:02.572+0000] {logging_mixin.py:190} INFO - [2025-03-01T14:20:02.571+0000] {dag.py:4180} INFO - Setting next_dagrun for example_params_trigger_ui to None, run_after=None
[2025-03-01T14:20:02.588+0000] {processor.py:208} INFO - Processing /home/airflow/.local/lib/python3.12/site-packages/airflow/example_dags/example_params_trigger_ui.py took 0.105 seconds
[2025-03-01T14:20:32.862+0000] {processor.py:186} INFO - Started process (PID=447) to work on /home/airflow/.local/lib/python3.12/site-packages/airflow/example_dags/example_params_trigger_ui.py
[2025-03-01T14:20:32.863+0000] {processor.py:914} INFO - Processing file /home/airflow/.local/lib/python3.12/site-packages/airflow/example_dags/example_params_trigger_ui.py for tasks to queue
[2025-03-01T14:20:32.865+0000] {logging_mixin.py:190} INFO - [2025-03-01T14:20:32.865+0000] {dagbag.py:588} INFO - Filling up the DagBag from /home/airflow/.local/lib/python3.12/site-packages/airflow/example_dags/example_params_trigger_ui.py
[2025-03-01T14:20:32.877+0000] {processor.py:925} INFO - DAG(s) 'example_params_trigger_ui' retrieved from /home/airflow/.local/lib/python3.12/site-packages/airflow/example_dags/example_params_trigger_ui.py
[2025-03-01T14:20:32.966+0000] {logging_mixin.py:190} INFO - [2025-03-01T14:20:32.966+0000] {dag.py:3239} INFO - Sync 1 DAGs
[2025-03-01T14:20:32.981+0000] {logging_mixin.py:190} INFO - [2025-03-01T14:20:32.981+0000] {dag.py:4180} INFO - Setting next_dagrun for example_params_trigger_ui to None, run_after=None
[2025-03-01T14:20:32.998+0000] {processor.py:208} INFO - Processing /home/airflow/.local/lib/python3.12/site-packages/airflow/example_dags/example_params_trigger_ui.py took 0.142 seconds
[2025-03-01T14:21:03.763+0000] {processor.py:186} INFO - Started process (PID=510) to work on /home/airflow/.local/lib/python3.12/site-packages/airflow/example_dags/example_params_trigger_ui.py
[2025-03-01T14:21:03.768+0000] {processor.py:914} INFO - Processing file /home/airflow/.local/lib/python3.12/site-packages/airflow/example_dags/example_params_trigger_ui.py for tasks to queue
[2025-03-01T14:21:03.770+0000] {logging_mixin.py:190} INFO - [2025-03-01T14:21:03.770+0000] {dagbag.py:588} INFO - Filling up the DagBag from /home/airflow/.local/lib/python3.12/site-packages/airflow/example_dags/example_params_trigger_ui.py
[2025-03-01T14:21:03.805+0000] {processor.py:925} INFO - DAG(s) 'example_params_trigger_ui' retrieved from /home/airflow/.local/lib/python3.12/site-packages/airflow/example_dags/example_params_trigger_ui.py
[2025-03-01T14:21:03.894+0000] {logging_mixin.py:190} INFO - [2025-03-01T14:21:03.894+0000] {dag.py:3239} INFO - Sync 1 DAGs
[2025-03-01T14:21:03.920+0000] {logging_mixin.py:190} INFO - [2025-03-01T14:21:03.919+0000] {dag.py:4180} INFO - Setting next_dagrun for example_params_trigger_ui to None, run_after=None
[2025-03-01T14:21:03.955+0000] {processor.py:208} INFO - Processing /home/airflow/.local/lib/python3.12/site-packages/airflow/example_dags/example_params_trigger_ui.py took 0.206 seconds
[2025-03-01T14:21:34.197+0000] {processor.py:186} INFO - Started process (PID=573) to work on /home/airflow/.local/lib/python3.12/site-packages/airflow/example_dags/example_params_trigger_ui.py
[2025-03-01T14:21:34.198+0000] {processor.py:914} INFO - Processing file /home/airflow/.local/lib/python3.12/site-packages/airflow/example_dags/example_params_trigger_ui.py for tasks to queue
[2025-03-01T14:21:34.199+0000] {logging_mixin.py:190} INFO - [2025-03-01T14:21:34.199+0000] {dagbag.py:588} INFO - Filling up the DagBag from /home/airflow/.local/lib/python3.12/site-packages/airflow/example_dags/example_params_trigger_ui.py
[2025-03-01T14:21:34.207+0000] {processor.py:925} INFO - DAG(s) 'example_params_trigger_ui' retrieved from /home/airflow/.local/lib/python3.12/site-packages/airflow/example_dags/example_params_trigger_ui.py
[2025-03-01T14:21:34.237+0000] {logging_mixin.py:190} INFO - [2025-03-01T14:21:34.237+0000] {dag.py:3239} INFO - Sync 1 DAGs
[2025-03-01T14:21:34.247+0000] {logging_mixin.py:190} INFO - [2025-03-01T14:21:34.247+0000] {dag.py:4180} INFO - Setting next_dagrun for example_params_trigger_ui to None, run_after=None
[2025-03-01T14:21:34.259+0000] {processor.py:208} INFO - Processing /home/airflow/.local/lib/python3.12/site-packages/airflow/example_dags/example_params_trigger_ui.py took 0.067 seconds
[2025-03-01T14:22:04.447+0000] {processor.py:186} INFO - Started process (PID=628) to work on /home/airflow/.local/lib/python3.12/site-packages/airflow/example_dags/example_params_trigger_ui.py
[2025-03-01T14:22:04.448+0000] {processor.py:914} INFO - Processing file /home/airflow/.local/lib/python3.12/site-packages/airflow/example_dags/example_params_trigger_ui.py for tasks to queue
[2025-03-01T14:22:04.450+0000] {logging_mixin.py:190} INFO - [2025-03-01T14:22:04.449+0000] {dagbag.py:588} INFO - Filling up the DagBag from /home/airflow/.local/lib/python3.12/site-packages/airflow/example_dags/example_params_trigger_ui.py
[2025-03-01T14:22:04.462+0000] {processor.py:925} INFO - DAG(s) 'example_params_trigger_ui' retrieved from /home/airflow/.local/lib/python3.12/site-packages/airflow/example_dags/example_params_trigger_ui.py
[2025-03-01T14:22:04.506+0000] {logging_mixin.py:190} INFO - [2025-03-01T14:22:04.506+0000] {dag.py:3239} INFO - Sync 1 DAGs
[2025-03-01T14:22:04.522+0000] {logging_mixin.py:190} INFO - [2025-03-01T14:22:04.521+0000] {dag.py:4180} INFO - Setting next_dagrun for example_params_trigger_ui to None, run_after=None
[2025-03-01T14:22:04.539+0000] {processor.py:208} INFO - Processing /home/airflow/.local/lib/python3.12/site-packages/airflow/example_dags/example_params_trigger_ui.py took 0.099 seconds
[2025-03-01T14:22:35.171+0000] {processor.py:186} INFO - Started process (PID=692) to work on /home/airflow/.local/lib/python3.12/site-packages/airflow/example_dags/example_params_trigger_ui.py
[2025-03-01T14:22:35.171+0000] {processor.py:914} INFO - Processing file /home/airflow/.local/lib/python3.12/site-packages/airflow/example_dags/example_params_trigger_ui.py for tasks to queue
[2025-03-01T14:22:35.174+0000] {logging_mixin.py:190} INFO - [2025-03-01T14:22:35.174+0000] {dagbag.py:588} INFO - Filling up the DagBag from /home/airflow/.local/lib/python3.12/site-packages/airflow/example_dags/example_params_trigger_ui.py
[2025-03-01T14:22:35.186+0000] {processor.py:925} INFO - DAG(s) 'example_params_trigger_ui' retrieved from /home/airflow/.local/lib/python3.12/site-packages/airflow/example_dags/example_params_trigger_ui.py
[2025-03-01T14:22:35.234+0000] {logging_mixin.py:190} INFO - [2025-03-01T14:22:35.234+0000] {dag.py:3239} INFO - Sync 1 DAGs
[2025-03-01T14:22:35.250+0000] {logging_mixin.py:190} INFO - [2025-03-01T14:22:35.250+0000] {dag.py:4180} INFO - Setting next_dagrun for example_params_trigger_ui to None, run_after=None
[2025-03-01T14:22:35.267+0000] {processor.py:208} INFO - Processing /home/airflow/.local/lib/python3.12/site-packages/airflow/example_dags/example_params_trigger_ui.py took 0.103 seconds
[2025-03-01T14:23:05.865+0000] {processor.py:186} INFO - Started process (PID=750) to work on /home/airflow/.local/lib/python3.12/site-packages/airflow/example_dags/example_params_trigger_ui.py
[2025-03-01T14:23:05.865+0000] {processor.py:914} INFO - Processing file /home/airflow/.local/lib/python3.12/site-packages/airflow/example_dags/example_params_trigger_ui.py for tasks to queue
[2025-03-01T14:23:05.867+0000] {logging_mixin.py:190} INFO - [2025-03-01T14:23:05.866+0000] {dagbag.py:588} INFO - Filling up the DagBag from /home/airflow/.local/lib/python3.12/site-packages/airflow/example_dags/example_params_trigger_ui.py
[2025-03-01T14:23:05.875+0000] {processor.py:925} INFO - DAG(s) 'example_params_trigger_ui' retrieved from /home/airflow/.local/lib/python3.12/site-packages/airflow/example_dags/example_params_trigger_ui.py
[2025-03-01T14:23:05.905+0000] {logging_mixin.py:190} INFO - [2025-03-01T14:23:05.905+0000] {dag.py:3239} INFO - Sync 1 DAGs
[2025-03-01T14:23:05.915+0000] {logging_mixin.py:190} INFO - [2025-03-01T14:23:05.915+0000] {dag.py:4180} INFO - Setting next_dagrun for example_params_trigger_ui to None, run_after=None
[2025-03-01T14:23:05.928+0000] {processor.py:208} INFO - Processing /home/airflow/.local/lib/python3.12/site-packages/airflow/example_dags/example_params_trigger_ui.py took 0.068 seconds
[2025-03-01T14:23:37.060+0000] {processor.py:186} INFO - Started process (PID=814) to work on /home/airflow/.local/lib/python3.12/site-packages/airflow/example_dags/example_params_trigger_ui.py
[2025-03-01T14:23:37.061+0000] {processor.py:914} INFO - Processing file /home/airflow/.local/lib/python3.12/site-packages/airflow/example_dags/example_params_trigger_ui.py for tasks to queue
[2025-03-01T14:23:37.063+0000] {logging_mixin.py:190} INFO - [2025-03-01T14:23:37.062+0000] {dagbag.py:588} INFO - Filling up the DagBag from /home/airflow/.local/lib/python3.12/site-packages/airflow/example_dags/example_params_trigger_ui.py
[2025-03-01T14:23:37.074+0000] {processor.py:925} INFO - DAG(s) 'example_params_trigger_ui' retrieved from /home/airflow/.local/lib/python3.12/site-packages/airflow/example_dags/example_params_trigger_ui.py
[2025-03-01T14:23:37.123+0000] {logging_mixin.py:190} INFO - [2025-03-01T14:23:37.123+0000] {dag.py:3239} INFO - Sync 1 DAGs
[2025-03-01T14:23:37.138+0000] {logging_mixin.py:190} INFO - [2025-03-01T14:23:37.138+0000] {dag.py:4180} INFO - Setting next_dagrun for example_params_trigger_ui to None, run_after=None
[2025-03-01T14:23:37.154+0000] {processor.py:208} INFO - Processing /home/airflow/.local/lib/python3.12/site-packages/airflow/example_dags/example_params_trigger_ui.py took 0.101 seconds
[2025-03-01T14:24:07.346+0000] {processor.py:186} INFO - Started process (PID=872) to work on /home/airflow/.local/lib/python3.12/site-packages/airflow/example_dags/example_params_trigger_ui.py
[2025-03-01T14:24:07.347+0000] {processor.py:914} INFO - Processing file /home/airflow/.local/lib/python3.12/site-packages/airflow/example_dags/example_params_trigger_ui.py for tasks to queue
[2025-03-01T14:24:07.349+0000] {logging_mixin.py:190} INFO - [2025-03-01T14:24:07.349+0000] {dagbag.py:588} INFO - Filling up the DagBag from /home/airflow/.local/lib/python3.12/site-packages/airflow/example_dags/example_params_trigger_ui.py
[2025-03-01T14:24:07.360+0000] {processor.py:925} INFO - DAG(s) 'example_params_trigger_ui' retrieved from /home/airflow/.local/lib/python3.12/site-packages/airflow/example_dags/example_params_trigger_ui.py
[2025-03-01T14:24:07.408+0000] {logging_mixin.py:190} INFO - [2025-03-01T14:24:07.408+0000] {dag.py:3239} INFO - Sync 1 DAGs
[2025-03-01T14:24:07.425+0000] {logging_mixin.py:190} INFO - [2025-03-01T14:24:07.425+0000] {dag.py:4180} INFO - Setting next_dagrun for example_params_trigger_ui to None, run_after=None
[2025-03-01T14:24:07.441+0000] {processor.py:208} INFO - Processing /home/airflow/.local/lib/python3.12/site-packages/airflow/example_dags/example_params_trigger_ui.py took 0.101 seconds
[2025-03-01T14:24:37.809+0000] {processor.py:186} INFO - Started process (PID=935) to work on /home/airflow/.local/lib/python3.12/site-packages/airflow/example_dags/example_params_trigger_ui.py
[2025-03-01T14:24:37.810+0000] {processor.py:914} INFO - Processing file /home/airflow/.local/lib/python3.12/site-packages/airflow/example_dags/example_params_trigger_ui.py for tasks to queue
[2025-03-01T14:24:37.816+0000] {logging_mixin.py:190} INFO - [2025-03-01T14:24:37.815+0000] {dagbag.py:588} INFO - Filling up the DagBag from /home/airflow/.local/lib/python3.12/site-packages/airflow/example_dags/example_params_trigger_ui.py
[2025-03-01T14:24:37.828+0000] {processor.py:925} INFO - DAG(s) 'example_params_trigger_ui' retrieved from /home/airflow/.local/lib/python3.12/site-packages/airflow/example_dags/example_params_trigger_ui.py
[2025-03-01T14:24:37.883+0000] {logging_mixin.py:190} INFO - [2025-03-01T14:24:37.882+0000] {dag.py:3239} INFO - Sync 1 DAGs
[2025-03-01T14:24:37.893+0000] {logging_mixin.py:190} INFO - [2025-03-01T14:24:37.893+0000] {dag.py:4180} INFO - Setting next_dagrun for example_params_trigger_ui to None, run_after=None
[2025-03-01T14:24:37.906+0000] {processor.py:208} INFO - Processing /home/airflow/.local/lib/python3.12/site-packages/airflow/example_dags/example_params_trigger_ui.py took 0.110 seconds
[2025-03-01T14:25:08.124+0000] {processor.py:186} INFO - Started process (PID=998) to work on /home/airflow/.local/lib/python3.12/site-packages/airflow/example_dags/example_params_trigger_ui.py
[2025-03-01T14:25:08.125+0000] {processor.py:914} INFO - Processing file /home/airflow/.local/lib/python3.12/site-packages/airflow/example_dags/example_params_trigger_ui.py for tasks to queue
[2025-03-01T14:25:08.127+0000] {logging_mixin.py:190} INFO - [2025-03-01T14:25:08.127+0000] {dagbag.py:588} INFO - Filling up the DagBag from /home/airflow/.local/lib/python3.12/site-packages/airflow/example_dags/example_params_trigger_ui.py
[2025-03-01T14:25:08.138+0000] {processor.py:925} INFO - DAG(s) 'example_params_trigger_ui' retrieved from /home/airflow/.local/lib/python3.12/site-packages/airflow/example_dags/example_params_trigger_ui.py
[2025-03-01T14:25:08.167+0000] {logging_mixin.py:190} INFO - [2025-03-01T14:25:08.167+0000] {dag.py:3239} INFO - Sync 1 DAGs
[2025-03-01T14:25:08.177+0000] {logging_mixin.py:190} INFO - [2025-03-01T14:25:08.177+0000] {dag.py:4180} INFO - Setting next_dagrun for example_params_trigger_ui to None, run_after=None
[2025-03-01T14:25:08.189+0000] {processor.py:208} INFO - Processing /home/airflow/.local/lib/python3.12/site-packages/airflow/example_dags/example_params_trigger_ui.py took 0.071 seconds
[2025-03-01T14:25:38.312+0000] {processor.py:186} INFO - Started process (PID=1061) to work on /home/airflow/.local/lib/python3.12/site-packages/airflow/example_dags/example_params_trigger_ui.py
[2025-03-01T14:25:38.313+0000] {processor.py:914} INFO - Processing file /home/airflow/.local/lib/python3.12/site-packages/airflow/example_dags/example_params_trigger_ui.py for tasks to queue
[2025-03-01T14:25:38.315+0000] {logging_mixin.py:190} INFO - [2025-03-01T14:25:38.315+0000] {dagbag.py:588} INFO - Filling up the DagBag from /home/airflow/.local/lib/python3.12/site-packages/airflow/example_dags/example_params_trigger_ui.py
[2025-03-01T14:25:38.327+0000] {processor.py:925} INFO - DAG(s) 'example_params_trigger_ui' retrieved from /home/airflow/.local/lib/python3.12/site-packages/airflow/example_dags/example_params_trigger_ui.py
[2025-03-01T14:25:38.357+0000] {logging_mixin.py:190} INFO - [2025-03-01T14:25:38.357+0000] {dag.py:3239} INFO - Sync 1 DAGs
[2025-03-01T14:25:38.368+0000] {logging_mixin.py:190} INFO - [2025-03-01T14:25:38.367+0000] {dag.py:4180} INFO - Setting next_dagrun for example_params_trigger_ui to None, run_after=None
[2025-03-01T14:25:38.383+0000] {processor.py:208} INFO - Processing /home/airflow/.local/lib/python3.12/site-packages/airflow/example_dags/example_params_trigger_ui.py took 0.077 seconds
[2025-03-01T14:26:09.108+0000] {processor.py:186} INFO - Started process (PID=1123) to work on /home/airflow/.local/lib/python3.12/site-packages/airflow/example_dags/example_params_trigger_ui.py
[2025-03-01T14:26:09.109+0000] {processor.py:914} INFO - Processing file /home/airflow/.local/lib/python3.12/site-packages/airflow/example_dags/example_params_trigger_ui.py for tasks to queue
[2025-03-01T14:26:09.111+0000] {logging_mixin.py:190} INFO - [2025-03-01T14:26:09.110+0000] {dagbag.py:588} INFO - Filling up the DagBag from /home/airflow/.local/lib/python3.12/site-packages/airflow/example_dags/example_params_trigger_ui.py
[2025-03-01T14:26:09.123+0000] {processor.py:925} INFO - DAG(s) 'example_params_trigger_ui' retrieved from /home/airflow/.local/lib/python3.12/site-packages/airflow/example_dags/example_params_trigger_ui.py
[2025-03-01T14:26:09.163+0000] {logging_mixin.py:190} INFO - [2025-03-01T14:26:09.163+0000] {dag.py:3239} INFO - Sync 1 DAGs
[2025-03-01T14:26:09.173+0000] {logging_mixin.py:190} INFO - [2025-03-01T14:26:09.173+0000] {dag.py:4180} INFO - Setting next_dagrun for example_params_trigger_ui to None, run_after=None
[2025-03-01T14:26:09.185+0000] {processor.py:208} INFO - Processing /home/airflow/.local/lib/python3.12/site-packages/airflow/example_dags/example_params_trigger_ui.py took 0.083 seconds
[2025-03-01T14:26:39.667+0000] {processor.py:186} INFO - Started process (PID=1187) to work on /home/airflow/.local/lib/python3.12/site-packages/airflow/example_dags/example_params_trigger_ui.py
[2025-03-01T14:26:39.668+0000] {processor.py:914} INFO - Processing file /home/airflow/.local/lib/python3.12/site-packages/airflow/example_dags/example_params_trigger_ui.py for tasks to queue
[2025-03-01T14:26:39.670+0000] {logging_mixin.py:190} INFO - [2025-03-01T14:26:39.670+0000] {dagbag.py:588} INFO - Filling up the DagBag from /home/airflow/.local/lib/python3.12/site-packages/airflow/example_dags/example_params_trigger_ui.py
[2025-03-01T14:26:39.680+0000] {processor.py:925} INFO - DAG(s) 'example_params_trigger_ui' retrieved from /home/airflow/.local/lib/python3.12/site-packages/airflow/example_dags/example_params_trigger_ui.py
[2025-03-01T14:26:39.709+0000] {logging_mixin.py:190} INFO - [2025-03-01T14:26:39.709+0000] {dag.py:3239} INFO - Sync 1 DAGs
[2025-03-01T14:26:39.720+0000] {logging_mixin.py:190} INFO - [2025-03-01T14:26:39.719+0000] {dag.py:4180} INFO - Setting next_dagrun for example_params_trigger_ui to None, run_after=None
[2025-03-01T14:26:39.731+0000] {processor.py:208} INFO - Processing /home/airflow/.local/lib/python3.12/site-packages/airflow/example_dags/example_params_trigger_ui.py took 0.070 seconds
[2025-03-01T14:27:10.388+0000] {processor.py:186} INFO - Started process (PID=1250) to work on /home/airflow/.local/lib/python3.12/site-packages/airflow/example_dags/example_params_trigger_ui.py
[2025-03-01T14:27:10.388+0000] {processor.py:914} INFO - Processing file /home/airflow/.local/lib/python3.12/site-packages/airflow/example_dags/example_params_trigger_ui.py for tasks to queue
[2025-03-01T14:27:10.390+0000] {logging_mixin.py:190} INFO - [2025-03-01T14:27:10.390+0000] {dagbag.py:588} INFO - Filling up the DagBag from /home/airflow/.local/lib/python3.12/site-packages/airflow/example_dags/example_params_trigger_ui.py
[2025-03-01T14:27:10.401+0000] {processor.py:925} INFO - DAG(s) 'example_params_trigger_ui' retrieved from /home/airflow/.local/lib/python3.12/site-packages/airflow/example_dags/example_params_trigger_ui.py
[2025-03-01T14:27:10.431+0000] {logging_mixin.py:190} INFO - [2025-03-01T14:27:10.430+0000] {dag.py:3239} INFO - Sync 1 DAGs
[2025-03-01T14:27:10.441+0000] {logging_mixin.py:190} INFO - [2025-03-01T14:27:10.441+0000] {dag.py:4180} INFO - Setting next_dagrun for example_params_trigger_ui to None, run_after=None
[2025-03-01T14:27:10.453+0000] {processor.py:208} INFO - Processing /home/airflow/.local/lib/python3.12/site-packages/airflow/example_dags/example_params_trigger_ui.py took 0.071 seconds
[2025-03-01T14:27:40.872+0000] {processor.py:186} INFO - Started process (PID=1313) to work on /home/airflow/.local/lib/python3.12/site-packages/airflow/example_dags/example_params_trigger_ui.py
[2025-03-01T14:27:40.873+0000] {processor.py:914} INFO - Processing file /home/airflow/.local/lib/python3.12/site-packages/airflow/example_dags/example_params_trigger_ui.py for tasks to queue
[2025-03-01T14:27:40.877+0000] {logging_mixin.py:190} INFO - [2025-03-01T14:27:40.877+0000] {dagbag.py:588} INFO - Filling up the DagBag from /home/airflow/.local/lib/python3.12/site-packages/airflow/example_dags/example_params_trigger_ui.py
[2025-03-01T14:27:40.920+0000] {processor.py:925} INFO - DAG(s) 'example_params_trigger_ui' retrieved from /home/airflow/.local/lib/python3.12/site-packages/airflow/example_dags/example_params_trigger_ui.py
[2025-03-01T14:27:40.999+0000] {logging_mixin.py:190} INFO - [2025-03-01T14:27:40.998+0000] {dag.py:3239} INFO - Sync 1 DAGs
[2025-03-01T14:27:41.014+0000] {logging_mixin.py:190} INFO - [2025-03-01T14:27:41.014+0000] {dag.py:4180} INFO - Setting next_dagrun for example_params_trigger_ui to None, run_after=None
[2025-03-01T14:27:41.031+0000] {processor.py:208} INFO - Processing /home/airflow/.local/lib/python3.12/site-packages/airflow/example_dags/example_params_trigger_ui.py took 0.171 seconds
[2025-03-01T14:28:11.111+0000] {processor.py:186} INFO - Started process (PID=1376) to work on /home/airflow/.local/lib/python3.12/site-packages/airflow/example_dags/example_params_trigger_ui.py
[2025-03-01T14:28:11.112+0000] {processor.py:914} INFO - Processing file /home/airflow/.local/lib/python3.12/site-packages/airflow/example_dags/example_params_trigger_ui.py for tasks to queue
[2025-03-01T14:28:11.114+0000] {logging_mixin.py:190} INFO - [2025-03-01T14:28:11.113+0000] {dagbag.py:588} INFO - Filling up the DagBag from /home/airflow/.local/lib/python3.12/site-packages/airflow/example_dags/example_params_trigger_ui.py
[2025-03-01T14:28:11.122+0000] {processor.py:925} INFO - DAG(s) 'example_params_trigger_ui' retrieved from /home/airflow/.local/lib/python3.12/site-packages/airflow/example_dags/example_params_trigger_ui.py
[2025-03-01T14:28:11.152+0000] {logging_mixin.py:190} INFO - [2025-03-01T14:28:11.152+0000] {dag.py:3239} INFO - Sync 1 DAGs
[2025-03-01T14:28:11.162+0000] {logging_mixin.py:190} INFO - [2025-03-01T14:28:11.162+0000] {dag.py:4180} INFO - Setting next_dagrun for example_params_trigger_ui to None, run_after=None
[2025-03-01T14:28:11.174+0000] {processor.py:208} INFO - Processing /home/airflow/.local/lib/python3.12/site-packages/airflow/example_dags/example_params_trigger_ui.py took 0.067 seconds
[2025-03-01T14:28:41.601+0000] {processor.py:186} INFO - Started process (PID=1439) to work on /home/airflow/.local/lib/python3.12/site-packages/airflow/example_dags/example_params_trigger_ui.py
[2025-03-01T14:28:41.610+0000] {processor.py:914} INFO - Processing file /home/airflow/.local/lib/python3.12/site-packages/airflow/example_dags/example_params_trigger_ui.py for tasks to queue
[2025-03-01T14:28:41.613+0000] {logging_mixin.py:190} INFO - [2025-03-01T14:28:41.613+0000] {dagbag.py:588} INFO - Filling up the DagBag from /home/airflow/.local/lib/python3.12/site-packages/airflow/example_dags/example_params_trigger_ui.py
[2025-03-01T14:28:41.625+0000] {processor.py:925} INFO - DAG(s) 'example_params_trigger_ui' retrieved from /home/airflow/.local/lib/python3.12/site-packages/airflow/example_dags/example_params_trigger_ui.py
[2025-03-01T14:28:41.698+0000] {logging_mixin.py:190} INFO - [2025-03-01T14:28:41.698+0000] {dag.py:3239} INFO - Sync 1 DAGs
[2025-03-01T14:28:41.714+0000] {logging_mixin.py:190} INFO - [2025-03-01T14:28:41.714+0000] {dag.py:4180} INFO - Setting next_dagrun for example_params_trigger_ui to None, run_after=None
[2025-03-01T14:28:41.731+0000] {processor.py:208} INFO - Processing /home/airflow/.local/lib/python3.12/site-packages/airflow/example_dags/example_params_trigger_ui.py took 0.151 seconds
[2025-03-01T14:29:12.103+0000] {processor.py:186} INFO - Started process (PID=1503) to work on /home/airflow/.local/lib/python3.12/site-packages/airflow/example_dags/example_params_trigger_ui.py
[2025-03-01T14:29:12.103+0000] {processor.py:914} INFO - Processing file /home/airflow/.local/lib/python3.12/site-packages/airflow/example_dags/example_params_trigger_ui.py for tasks to queue
[2025-03-01T14:29:12.105+0000] {logging_mixin.py:190} INFO - [2025-03-01T14:29:12.105+0000] {dagbag.py:588} INFO - Filling up the DagBag from /home/airflow/.local/lib/python3.12/site-packages/airflow/example_dags/example_params_trigger_ui.py
[2025-03-01T14:29:12.114+0000] {processor.py:925} INFO - DAG(s) 'example_params_trigger_ui' retrieved from /home/airflow/.local/lib/python3.12/site-packages/airflow/example_dags/example_params_trigger_ui.py
[2025-03-01T14:29:12.144+0000] {logging_mixin.py:190} INFO - [2025-03-01T14:29:12.144+0000] {dag.py:3239} INFO - Sync 1 DAGs
[2025-03-01T14:29:12.154+0000] {logging_mixin.py:190} INFO - [2025-03-01T14:29:12.154+0000] {dag.py:4180} INFO - Setting next_dagrun for example_params_trigger_ui to None, run_after=None
[2025-03-01T14:29:12.166+0000] {processor.py:208} INFO - Processing /home/airflow/.local/lib/python3.12/site-packages/airflow/example_dags/example_params_trigger_ui.py took 0.069 seconds
[2025-03-01T14:29:42.421+0000] {processor.py:186} INFO - Started process (PID=1566) to work on /home/airflow/.local/lib/python3.12/site-packages/airflow/example_dags/example_params_trigger_ui.py
[2025-03-01T14:29:42.421+0000] {processor.py:914} INFO - Processing file /home/airflow/.local/lib/python3.12/site-packages/airflow/example_dags/example_params_trigger_ui.py for tasks to queue
[2025-03-01T14:29:42.424+0000] {logging_mixin.py:190} INFO - [2025-03-01T14:29:42.423+0000] {dagbag.py:588} INFO - Filling up the DagBag from /home/airflow/.local/lib/python3.12/site-packages/airflow/example_dags/example_params_trigger_ui.py
[2025-03-01T14:29:42.433+0000] {processor.py:925} INFO - DAG(s) 'example_params_trigger_ui' retrieved from /home/airflow/.local/lib/python3.12/site-packages/airflow/example_dags/example_params_trigger_ui.py
[2025-03-01T14:29:42.464+0000] {logging_mixin.py:190} INFO - [2025-03-01T14:29:42.464+0000] {dag.py:3239} INFO - Sync 1 DAGs
[2025-03-01T14:29:42.474+0000] {logging_mixin.py:190} INFO - [2025-03-01T14:29:42.474+0000] {dag.py:4180} INFO - Setting next_dagrun for example_params_trigger_ui to None, run_after=None
[2025-03-01T14:29:42.486+0000] {processor.py:208} INFO - Processing /home/airflow/.local/lib/python3.12/site-packages/airflow/example_dags/example_params_trigger_ui.py took 0.071 seconds
[2025-03-01T14:30:12.884+0000] {processor.py:186} INFO - Started process (PID=1629) to work on /home/airflow/.local/lib/python3.12/site-packages/airflow/example_dags/example_params_trigger_ui.py
[2025-03-01T14:30:12.884+0000] {processor.py:914} INFO - Processing file /home/airflow/.local/lib/python3.12/site-packages/airflow/example_dags/example_params_trigger_ui.py for tasks to queue
[2025-03-01T14:30:12.886+0000] {logging_mixin.py:190} INFO - [2025-03-01T14:30:12.886+0000] {dagbag.py:588} INFO - Filling up the DagBag from /home/airflow/.local/lib/python3.12/site-packages/airflow/example_dags/example_params_trigger_ui.py
[2025-03-01T14:30:12.895+0000] {processor.py:925} INFO - DAG(s) 'example_params_trigger_ui' retrieved from /home/airflow/.local/lib/python3.12/site-packages/airflow/example_dags/example_params_trigger_ui.py
[2025-03-01T14:30:12.934+0000] {logging_mixin.py:190} INFO - [2025-03-01T14:30:12.934+0000] {dag.py:3239} INFO - Sync 1 DAGs
[2025-03-01T14:30:12.944+0000] {logging_mixin.py:190} INFO - [2025-03-01T14:30:12.944+0000] {dag.py:4180} INFO - Setting next_dagrun for example_params_trigger_ui to None, run_after=None
[2025-03-01T14:30:12.956+0000] {processor.py:208} INFO - Processing /home/airflow/.local/lib/python3.12/site-packages/airflow/example_dags/example_params_trigger_ui.py took 0.078 seconds
[2025-03-01T14:30:43.240+0000] {processor.py:186} INFO - Started process (PID=1692) to work on /home/airflow/.local/lib/python3.12/site-packages/airflow/example_dags/example_params_trigger_ui.py
[2025-03-01T14:30:43.241+0000] {processor.py:914} INFO - Processing file /home/airflow/.local/lib/python3.12/site-packages/airflow/example_dags/example_params_trigger_ui.py for tasks to queue
[2025-03-01T14:30:43.242+0000] {logging_mixin.py:190} INFO - [2025-03-01T14:30:43.242+0000] {dagbag.py:588} INFO - Filling up the DagBag from /home/airflow/.local/lib/python3.12/site-packages/airflow/example_dags/example_params_trigger_ui.py
[2025-03-01T14:30:43.251+0000] {processor.py:925} INFO - DAG(s) 'example_params_trigger_ui' retrieved from /home/airflow/.local/lib/python3.12/site-packages/airflow/example_dags/example_params_trigger_ui.py
[2025-03-01T14:30:43.281+0000] {logging_mixin.py:190} INFO - [2025-03-01T14:30:43.281+0000] {dag.py:3239} INFO - Sync 1 DAGs
[2025-03-01T14:30:43.291+0000] {logging_mixin.py:190} INFO - [2025-03-01T14:30:43.290+0000] {dag.py:4180} INFO - Setting next_dagrun for example_params_trigger_ui to None, run_after=None
[2025-03-01T14:30:43.302+0000] {processor.py:208} INFO - Processing /home/airflow/.local/lib/python3.12/site-packages/airflow/example_dags/example_params_trigger_ui.py took 0.066 seconds
[2025-03-01T14:31:13.561+0000] {processor.py:186} INFO - Started process (PID=1755) to work on /home/airflow/.local/lib/python3.12/site-packages/airflow/example_dags/example_params_trigger_ui.py
[2025-03-01T14:31:13.562+0000] {processor.py:914} INFO - Processing file /home/airflow/.local/lib/python3.12/site-packages/airflow/example_dags/example_params_trigger_ui.py for tasks to queue
[2025-03-01T14:31:13.564+0000] {logging_mixin.py:190} INFO - [2025-03-01T14:31:13.564+0000] {dagbag.py:588} INFO - Filling up the DagBag from /home/airflow/.local/lib/python3.12/site-packages/airflow/example_dags/example_params_trigger_ui.py
[2025-03-01T14:31:13.575+0000] {processor.py:925} INFO - DAG(s) 'example_params_trigger_ui' retrieved from /home/airflow/.local/lib/python3.12/site-packages/airflow/example_dags/example_params_trigger_ui.py
[2025-03-01T14:31:13.623+0000] {logging_mixin.py:190} INFO - [2025-03-01T14:31:13.623+0000] {dag.py:3239} INFO - Sync 1 DAGs
[2025-03-01T14:31:13.638+0000] {logging_mixin.py:190} INFO - [2025-03-01T14:31:13.638+0000] {dag.py:4180} INFO - Setting next_dagrun for example_params_trigger_ui to None, run_after=None
[2025-03-01T14:31:13.655+0000] {processor.py:208} INFO - Processing /home/airflow/.local/lib/python3.12/site-packages/airflow/example_dags/example_params_trigger_ui.py took 0.099 seconds
[2025-03-01T14:31:44.451+0000] {processor.py:186} INFO - Started process (PID=1818) to work on /home/airflow/.local/lib/python3.12/site-packages/airflow/example_dags/example_params_trigger_ui.py
[2025-03-01T14:31:44.451+0000] {processor.py:914} INFO - Processing file /home/airflow/.local/lib/python3.12/site-packages/airflow/example_dags/example_params_trigger_ui.py for tasks to queue
[2025-03-01T14:31:44.453+0000] {logging_mixin.py:190} INFO - [2025-03-01T14:31:44.453+0000] {dagbag.py:588} INFO - Filling up the DagBag from /home/airflow/.local/lib/python3.12/site-packages/airflow/example_dags/example_params_trigger_ui.py
[2025-03-01T14:31:44.467+0000] {processor.py:925} INFO - DAG(s) 'example_params_trigger_ui' retrieved from /home/airflow/.local/lib/python3.12/site-packages/airflow/example_dags/example_params_trigger_ui.py
[2025-03-01T14:31:44.515+0000] {logging_mixin.py:190} INFO - [2025-03-01T14:31:44.515+0000] {dag.py:3239} INFO - Sync 1 DAGs
[2025-03-01T14:31:44.531+0000] {logging_mixin.py:190} INFO - [2025-03-01T14:31:44.530+0000] {dag.py:4180} INFO - Setting next_dagrun for example_params_trigger_ui to None, run_after=None
[2025-03-01T14:31:44.547+0000] {processor.py:208} INFO - Processing /home/airflow/.local/lib/python3.12/site-packages/airflow/example_dags/example_params_trigger_ui.py took 0.102 seconds
[2025-03-01T14:32:15.143+0000] {processor.py:186} INFO - Started process (PID=1881) to work on /home/airflow/.local/lib/python3.12/site-packages/airflow/example_dags/example_params_trigger_ui.py
[2025-03-01T14:32:15.144+0000] {processor.py:914} INFO - Processing file /home/airflow/.local/lib/python3.12/site-packages/airflow/example_dags/example_params_trigger_ui.py for tasks to queue
[2025-03-01T14:32:15.146+0000] {logging_mixin.py:190} INFO - [2025-03-01T14:32:15.146+0000] {dagbag.py:588} INFO - Filling up the DagBag from /home/airflow/.local/lib/python3.12/site-packages/airflow/example_dags/example_params_trigger_ui.py
[2025-03-01T14:32:15.157+0000] {processor.py:925} INFO - DAG(s) 'example_params_trigger_ui' retrieved from /home/airflow/.local/lib/python3.12/site-packages/airflow/example_dags/example_params_trigger_ui.py
[2025-03-01T14:32:15.205+0000] {logging_mixin.py:190} INFO - [2025-03-01T14:32:15.205+0000] {dag.py:3239} INFO - Sync 1 DAGs
[2025-03-01T14:32:15.220+0000] {logging_mixin.py:190} INFO - [2025-03-01T14:32:15.220+0000] {dag.py:4180} INFO - Setting next_dagrun for example_params_trigger_ui to None, run_after=None
[2025-03-01T14:32:15.236+0000] {processor.py:208} INFO - Processing /home/airflow/.local/lib/python3.12/site-packages/airflow/example_dags/example_params_trigger_ui.py took 0.099 seconds
[2025-03-01T14:32:45.342+0000] {processor.py:186} INFO - Started process (PID=1944) to work on /home/airflow/.local/lib/python3.12/site-packages/airflow/example_dags/example_params_trigger_ui.py
[2025-03-01T14:32:45.343+0000] {processor.py:914} INFO - Processing file /home/airflow/.local/lib/python3.12/site-packages/airflow/example_dags/example_params_trigger_ui.py for tasks to queue
[2025-03-01T14:32:45.345+0000] {logging_mixin.py:190} INFO - [2025-03-01T14:32:45.345+0000] {dagbag.py:588} INFO - Filling up the DagBag from /home/airflow/.local/lib/python3.12/site-packages/airflow/example_dags/example_params_trigger_ui.py
[2025-03-01T14:32:45.355+0000] {processor.py:925} INFO - DAG(s) 'example_params_trigger_ui' retrieved from /home/airflow/.local/lib/python3.12/site-packages/airflow/example_dags/example_params_trigger_ui.py
[2025-03-01T14:32:45.389+0000] {logging_mixin.py:190} INFO - [2025-03-01T14:32:45.388+0000] {dag.py:3239} INFO - Sync 1 DAGs
[2025-03-01T14:32:45.399+0000] {logging_mixin.py:190} INFO - [2025-03-01T14:32:45.398+0000] {dag.py:4180} INFO - Setting next_dagrun for example_params_trigger_ui to None, run_after=None
[2025-03-01T14:32:45.410+0000] {processor.py:208} INFO - Processing /home/airflow/.local/lib/python3.12/site-packages/airflow/example_dags/example_params_trigger_ui.py took 0.074 seconds
[2025-03-01T14:33:15.488+0000] {processor.py:186} INFO - Started process (PID=2007) to work on /home/airflow/.local/lib/python3.12/site-packages/airflow/example_dags/example_params_trigger_ui.py
[2025-03-01T14:33:15.489+0000] {processor.py:914} INFO - Processing file /home/airflow/.local/lib/python3.12/site-packages/airflow/example_dags/example_params_trigger_ui.py for tasks to queue
[2025-03-01T14:33:15.491+0000] {logging_mixin.py:190} INFO - [2025-03-01T14:33:15.491+0000] {dagbag.py:588} INFO - Filling up the DagBag from /home/airflow/.local/lib/python3.12/site-packages/airflow/example_dags/example_params_trigger_ui.py
[2025-03-01T14:33:15.503+0000] {processor.py:925} INFO - DAG(s) 'example_params_trigger_ui' retrieved from /home/airflow/.local/lib/python3.12/site-packages/airflow/example_dags/example_params_trigger_ui.py
[2025-03-01T14:33:15.554+0000] {logging_mixin.py:190} INFO - [2025-03-01T14:33:15.554+0000] {dag.py:3239} INFO - Sync 1 DAGs
[2025-03-01T14:33:15.569+0000] {logging_mixin.py:190} INFO - [2025-03-01T14:33:15.569+0000] {dag.py:4180} INFO - Setting next_dagrun for example_params_trigger_ui to None, run_after=None
[2025-03-01T14:33:15.586+0000] {processor.py:208} INFO - Processing /home/airflow/.local/lib/python3.12/site-packages/airflow/example_dags/example_params_trigger_ui.py took 0.103 seconds
