[2025-03-01T14:17:51.172+0000] {processor.py:186} INFO - Started process (PID=102) to work on /home/airflow/.local/lib/python3.12/site-packages/airflow/example_dags/example_sensors.py
[2025-03-01T14:17:51.175+0000] {processor.py:914} INFO - Processing file /home/airflow/.local/lib/python3.12/site-packages/airflow/example_dags/example_sensors.py for tasks to queue
[2025-03-01T14:17:51.178+0000] {logging_mixin.py:190} INFO - [2025-03-01T14:17:51.178+0000] {dagbag.py:588} INFO - Filling up the DagBag from /home/airflow/.local/lib/python3.12/site-packages/airflow/example_dags/example_sensors.py
[2025-03-01T14:17:51.236+0000] {processor.py:925} INFO - DAG(s) 'example_sensors' retrieved from /home/airflow/.local/lib/python3.12/site-packages/airflow/example_dags/example_sensors.py
[2025-03-01T14:17:51.702+0000] {logging_mixin.py:190} INFO - [2025-03-01T14:17:51.701+0000] {override.py:1912} INFO - Created Permission View: can edit on DAG:example_sensors
[2025-03-01T14:17:51.724+0000] {logging_mixin.py:190} INFO - [2025-03-01T14:17:51.724+0000] {override.py:1912} INFO - Created Permission View: can read on DAG:example_sensors
[2025-03-01T14:17:51.729+0000] {logging_mixin.py:190} INFO - [2025-03-01T14:17:51.729+0000] {override.py:1912} INFO - Created Permission View: can delete on DAG:example_sensors
[2025-03-01T14:17:51.754+0000] {logging_mixin.py:190} INFO - [2025-03-01T14:17:51.754+0000] {override.py:1912} INFO - Created Permission View: menu access on DAG Run:example_sensors
[2025-03-01T14:17:51.774+0000] {logging_mixin.py:190} INFO - [2025-03-01T14:17:51.774+0000] {override.py:1912} INFO - Created Permission View: can read on DAG Run:example_sensors
[2025-03-01T14:17:51.790+0000] {logging_mixin.py:190} INFO - [2025-03-01T14:17:51.789+0000] {override.py:1912} INFO - Created Permission View: can create on DAG Run:example_sensors
[2025-03-01T14:17:51.816+0000] {logging_mixin.py:190} INFO - [2025-03-01T14:17:51.815+0000] {override.py:1912} INFO - Created Permission View: can delete on DAG Run:example_sensors
[2025-03-01T14:17:51.817+0000] {logging_mixin.py:190} INFO - [2025-03-01T14:17:51.817+0000] {dag.py:3239} INFO - Sync 1 DAGs
[2025-03-01T14:17:51.851+0000] {logging_mixin.py:190} INFO - [2025-03-01T14:17:51.851+0000] {dag.py:3262} INFO - Creating ORM DAG for example_sensors
[2025-03-01T14:17:51.852+0000] {logging_mixin.py:190} INFO - [2025-03-01T14:17:51.852+0000] {dag.py:4180} INFO - Setting next_dagrun for example_sensors to None, run_after=None
[2025-03-01T14:17:51.883+0000] {processor.py:208} INFO - Processing /home/airflow/.local/lib/python3.12/site-packages/airflow/example_dags/example_sensors.py took 0.723 seconds
[2025-03-01T14:18:22.309+0000] {processor.py:186} INFO - Started process (PID=164) to work on /home/airflow/.local/lib/python3.12/site-packages/airflow/example_dags/example_sensors.py
[2025-03-01T14:18:22.310+0000] {processor.py:914} INFO - Processing file /home/airflow/.local/lib/python3.12/site-packages/airflow/example_dags/example_sensors.py for tasks to queue
[2025-03-01T14:18:22.313+0000] {logging_mixin.py:190} INFO - [2025-03-01T14:18:22.312+0000] {dagbag.py:588} INFO - Filling up the DagBag from /home/airflow/.local/lib/python3.12/site-packages/airflow/example_dags/example_sensors.py
[2025-03-01T14:18:22.325+0000] {processor.py:925} INFO - DAG(s) 'example_sensors' retrieved from /home/airflow/.local/lib/python3.12/site-packages/airflow/example_dags/example_sensors.py
[2025-03-01T14:18:22.348+0000] {logging_mixin.py:190} INFO - [2025-03-01T14:18:22.348+0000] {dag.py:3239} INFO - Sync 1 DAGs
[2025-03-01T14:18:22.358+0000] {logging_mixin.py:190} INFO - [2025-03-01T14:18:22.357+0000] {dag.py:4180} INFO - Setting next_dagrun for example_sensors to None, run_after=None
[2025-03-01T14:18:22.369+0000] {processor.py:208} INFO - Processing /home/airflow/.local/lib/python3.12/site-packages/airflow/example_dags/example_sensors.py took 0.067 seconds
[2025-03-01T14:18:52.590+0000] {processor.py:186} INFO - Started process (PID=227) to work on /home/airflow/.local/lib/python3.12/site-packages/airflow/example_dags/example_sensors.py
[2025-03-01T14:18:52.591+0000] {processor.py:914} INFO - Processing file /home/airflow/.local/lib/python3.12/site-packages/airflow/example_dags/example_sensors.py for tasks to queue
[2025-03-01T14:18:52.593+0000] {logging_mixin.py:190} INFO - [2025-03-01T14:18:52.593+0000] {dagbag.py:588} INFO - Filling up the DagBag from /home/airflow/.local/lib/python3.12/site-packages/airflow/example_dags/example_sensors.py
[2025-03-01T14:18:52.604+0000] {processor.py:925} INFO - DAG(s) 'example_sensors' retrieved from /home/airflow/.local/lib/python3.12/site-packages/airflow/example_dags/example_sensors.py
[2025-03-01T14:18:52.634+0000] {logging_mixin.py:190} INFO - [2025-03-01T14:18:52.634+0000] {dag.py:3239} INFO - Sync 1 DAGs
[2025-03-01T14:18:52.649+0000] {logging_mixin.py:190} INFO - [2025-03-01T14:18:52.649+0000] {dag.py:4180} INFO - Setting next_dagrun for example_sensors to None, run_after=None
[2025-03-01T14:18:52.666+0000] {processor.py:208} INFO - Processing /home/airflow/.local/lib/python3.12/site-packages/airflow/example_dags/example_sensors.py took 0.082 seconds
[2025-03-01T14:19:23.506+0000] {processor.py:186} INFO - Started process (PID=290) to work on /home/airflow/.local/lib/python3.12/site-packages/airflow/example_dags/example_sensors.py
[2025-03-01T14:19:23.507+0000] {processor.py:914} INFO - Processing file /home/airflow/.local/lib/python3.12/site-packages/airflow/example_dags/example_sensors.py for tasks to queue
[2025-03-01T14:19:23.509+0000] {logging_mixin.py:190} INFO - [2025-03-01T14:19:23.509+0000] {dagbag.py:588} INFO - Filling up the DagBag from /home/airflow/.local/lib/python3.12/site-packages/airflow/example_dags/example_sensors.py
[2025-03-01T14:19:23.520+0000] {processor.py:925} INFO - DAG(s) 'example_sensors' retrieved from /home/airflow/.local/lib/python3.12/site-packages/airflow/example_dags/example_sensors.py
[2025-03-01T14:19:23.548+0000] {logging_mixin.py:190} INFO - [2025-03-01T14:19:23.548+0000] {dag.py:3239} INFO - Sync 1 DAGs
[2025-03-01T14:19:23.563+0000] {logging_mixin.py:190} INFO - [2025-03-01T14:19:23.563+0000] {dag.py:4180} INFO - Setting next_dagrun for example_sensors to None, run_after=None
[2025-03-01T14:19:23.581+0000] {processor.py:208} INFO - Processing /home/airflow/.local/lib/python3.12/site-packages/airflow/example_dags/example_sensors.py took 0.080 seconds
[2025-03-01T14:19:54.051+0000] {processor.py:186} INFO - Started process (PID=352) to work on /home/airflow/.local/lib/python3.12/site-packages/airflow/example_dags/example_sensors.py
[2025-03-01T14:19:54.052+0000] {processor.py:914} INFO - Processing file /home/airflow/.local/lib/python3.12/site-packages/airflow/example_dags/example_sensors.py for tasks to queue
[2025-03-01T14:19:54.066+0000] {logging_mixin.py:190} INFO - [2025-03-01T14:19:54.066+0000] {dagbag.py:588} INFO - Filling up the DagBag from /home/airflow/.local/lib/python3.12/site-packages/airflow/example_dags/example_sensors.py
[2025-03-01T14:19:54.097+0000] {processor.py:925} INFO - DAG(s) 'example_sensors' retrieved from /home/airflow/.local/lib/python3.12/site-packages/airflow/example_dags/example_sensors.py
[2025-03-01T14:19:54.149+0000] {logging_mixin.py:190} INFO - [2025-03-01T14:19:54.148+0000] {dag.py:3239} INFO - Sync 1 DAGs
[2025-03-01T14:19:54.174+0000] {logging_mixin.py:190} INFO - [2025-03-01T14:19:54.174+0000] {dag.py:4180} INFO - Setting next_dagrun for example_sensors to None, run_after=None
[2025-03-01T14:19:54.206+0000] {processor.py:208} INFO - Processing /home/airflow/.local/lib/python3.12/site-packages/airflow/example_dags/example_sensors.py took 0.160 seconds
[2025-03-01T14:20:24.491+0000] {processor.py:186} INFO - Started process (PID=415) to work on /home/airflow/.local/lib/python3.12/site-packages/airflow/example_dags/example_sensors.py
[2025-03-01T14:20:24.492+0000] {processor.py:914} INFO - Processing file /home/airflow/.local/lib/python3.12/site-packages/airflow/example_dags/example_sensors.py for tasks to queue
[2025-03-01T14:20:24.493+0000] {logging_mixin.py:190} INFO - [2025-03-01T14:20:24.493+0000] {dagbag.py:588} INFO - Filling up the DagBag from /home/airflow/.local/lib/python3.12/site-packages/airflow/example_dags/example_sensors.py
[2025-03-01T14:20:24.501+0000] {processor.py:925} INFO - DAG(s) 'example_sensors' retrieved from /home/airflow/.local/lib/python3.12/site-packages/airflow/example_dags/example_sensors.py
[2025-03-01T14:20:24.532+0000] {logging_mixin.py:190} INFO - [2025-03-01T14:20:24.532+0000] {dag.py:3239} INFO - Sync 1 DAGs
[2025-03-01T14:20:24.545+0000] {logging_mixin.py:190} INFO - [2025-03-01T14:20:24.545+0000] {dag.py:4180} INFO - Setting next_dagrun for example_sensors to None, run_after=None
[2025-03-01T14:20:24.564+0000] {processor.py:208} INFO - Processing /home/airflow/.local/lib/python3.12/site-packages/airflow/example_dags/example_sensors.py took 0.077 seconds
[2025-03-01T14:20:54.905+0000] {processor.py:186} INFO - Started process (PID=478) to work on /home/airflow/.local/lib/python3.12/site-packages/airflow/example_dags/example_sensors.py
[2025-03-01T14:20:54.906+0000] {processor.py:914} INFO - Processing file /home/airflow/.local/lib/python3.12/site-packages/airflow/example_dags/example_sensors.py for tasks to queue
[2025-03-01T14:20:54.908+0000] {logging_mixin.py:190} INFO - [2025-03-01T14:20:54.907+0000] {dagbag.py:588} INFO - Filling up the DagBag from /home/airflow/.local/lib/python3.12/site-packages/airflow/example_dags/example_sensors.py
[2025-03-01T14:20:54.916+0000] {processor.py:925} INFO - DAG(s) 'example_sensors' retrieved from /home/airflow/.local/lib/python3.12/site-packages/airflow/example_dags/example_sensors.py
[2025-03-01T14:20:54.935+0000] {logging_mixin.py:190} INFO - [2025-03-01T14:20:54.935+0000] {dag.py:3239} INFO - Sync 1 DAGs
[2025-03-01T14:20:54.949+0000] {logging_mixin.py:190} INFO - [2025-03-01T14:20:54.948+0000] {dag.py:4180} INFO - Setting next_dagrun for example_sensors to None, run_after=None
[2025-03-01T14:20:54.965+0000] {processor.py:208} INFO - Processing /home/airflow/.local/lib/python3.12/site-packages/airflow/example_dags/example_sensors.py took 0.065 seconds
[2025-03-01T14:21:25.344+0000] {processor.py:186} INFO - Started process (PID=541) to work on /home/airflow/.local/lib/python3.12/site-packages/airflow/example_dags/example_sensors.py
[2025-03-01T14:21:25.344+0000] {processor.py:914} INFO - Processing file /home/airflow/.local/lib/python3.12/site-packages/airflow/example_dags/example_sensors.py for tasks to queue
[2025-03-01T14:21:25.346+0000] {logging_mixin.py:190} INFO - [2025-03-01T14:21:25.346+0000] {dagbag.py:588} INFO - Filling up the DagBag from /home/airflow/.local/lib/python3.12/site-packages/airflow/example_dags/example_sensors.py
[2025-03-01T14:21:25.353+0000] {processor.py:925} INFO - DAG(s) 'example_sensors' retrieved from /home/airflow/.local/lib/python3.12/site-packages/airflow/example_dags/example_sensors.py
[2025-03-01T14:21:25.373+0000] {logging_mixin.py:190} INFO - [2025-03-01T14:21:25.373+0000] {dag.py:3239} INFO - Sync 1 DAGs
[2025-03-01T14:21:25.383+0000] {logging_mixin.py:190} INFO - [2025-03-01T14:21:25.383+0000] {dag.py:4180} INFO - Setting next_dagrun for example_sensors to None, run_after=None
[2025-03-01T14:21:25.395+0000] {processor.py:208} INFO - Processing /home/airflow/.local/lib/python3.12/site-packages/airflow/example_dags/example_sensors.py took 0.057 seconds
[2025-03-01T14:21:55.710+0000] {processor.py:186} INFO - Started process (PID=604) to work on /home/airflow/.local/lib/python3.12/site-packages/airflow/example_dags/example_sensors.py
[2025-03-01T14:21:55.711+0000] {processor.py:914} INFO - Processing file /home/airflow/.local/lib/python3.12/site-packages/airflow/example_dags/example_sensors.py for tasks to queue
[2025-03-01T14:21:55.712+0000] {logging_mixin.py:190} INFO - [2025-03-01T14:21:55.712+0000] {dagbag.py:588} INFO - Filling up the DagBag from /home/airflow/.local/lib/python3.12/site-packages/airflow/example_dags/example_sensors.py
[2025-03-01T14:21:55.720+0000] {processor.py:925} INFO - DAG(s) 'example_sensors' retrieved from /home/airflow/.local/lib/python3.12/site-packages/airflow/example_dags/example_sensors.py
[2025-03-01T14:21:55.743+0000] {logging_mixin.py:190} INFO - [2025-03-01T14:21:55.743+0000] {dag.py:3239} INFO - Sync 1 DAGs
[2025-03-01T14:21:55.757+0000] {logging_mixin.py:190} INFO - [2025-03-01T14:21:55.757+0000] {dag.py:4180} INFO - Setting next_dagrun for example_sensors to None, run_after=None
[2025-03-01T14:21:55.775+0000] {processor.py:208} INFO - Processing /home/airflow/.local/lib/python3.12/site-packages/airflow/example_dags/example_sensors.py took 0.070 seconds
[2025-03-01T14:22:26.176+0000] {processor.py:186} INFO - Started process (PID=667) to work on /home/airflow/.local/lib/python3.12/site-packages/airflow/example_dags/example_sensors.py
[2025-03-01T14:22:26.177+0000] {processor.py:914} INFO - Processing file /home/airflow/.local/lib/python3.12/site-packages/airflow/example_dags/example_sensors.py for tasks to queue
[2025-03-01T14:22:26.178+0000] {logging_mixin.py:190} INFO - [2025-03-01T14:22:26.178+0000] {dagbag.py:588} INFO - Filling up the DagBag from /home/airflow/.local/lib/python3.12/site-packages/airflow/example_dags/example_sensors.py
[2025-03-01T14:22:26.186+0000] {processor.py:925} INFO - DAG(s) 'example_sensors' retrieved from /home/airflow/.local/lib/python3.12/site-packages/airflow/example_dags/example_sensors.py
[2025-03-01T14:22:26.204+0000] {logging_mixin.py:190} INFO - [2025-03-01T14:22:26.204+0000] {dag.py:3239} INFO - Sync 1 DAGs
[2025-03-01T14:22:26.216+0000] {logging_mixin.py:190} INFO - [2025-03-01T14:22:26.215+0000] {dag.py:4180} INFO - Setting next_dagrun for example_sensors to None, run_after=None
[2025-03-01T14:22:26.229+0000] {processor.py:208} INFO - Processing /home/airflow/.local/lib/python3.12/site-packages/airflow/example_dags/example_sensors.py took 0.059 seconds
[2025-03-01T14:22:56.336+0000] {processor.py:186} INFO - Started process (PID=731) to work on /home/airflow/.local/lib/python3.12/site-packages/airflow/example_dags/example_sensors.py
[2025-03-01T14:22:56.337+0000] {processor.py:914} INFO - Processing file /home/airflow/.local/lib/python3.12/site-packages/airflow/example_dags/example_sensors.py for tasks to queue
[2025-03-01T14:22:56.339+0000] {logging_mixin.py:190} INFO - [2025-03-01T14:22:56.339+0000] {dagbag.py:588} INFO - Filling up the DagBag from /home/airflow/.local/lib/python3.12/site-packages/airflow/example_dags/example_sensors.py
[2025-03-01T14:22:56.350+0000] {processor.py:925} INFO - DAG(s) 'example_sensors' retrieved from /home/airflow/.local/lib/python3.12/site-packages/airflow/example_dags/example_sensors.py
[2025-03-01T14:22:56.394+0000] {logging_mixin.py:190} INFO - [2025-03-01T14:22:56.394+0000] {dag.py:3239} INFO - Sync 1 DAGs
[2025-03-01T14:22:56.409+0000] {logging_mixin.py:190} INFO - [2025-03-01T14:22:56.409+0000] {dag.py:4180} INFO - Setting next_dagrun for example_sensors to None, run_after=None
[2025-03-01T14:22:56.425+0000] {processor.py:208} INFO - Processing /home/airflow/.local/lib/python3.12/site-packages/airflow/example_dags/example_sensors.py took 0.095 seconds
[2025-03-01T14:23:26.498+0000] {processor.py:186} INFO - Started process (PID=795) to work on /home/airflow/.local/lib/python3.12/site-packages/airflow/example_dags/example_sensors.py
[2025-03-01T14:23:26.499+0000] {processor.py:914} INFO - Processing file /home/airflow/.local/lib/python3.12/site-packages/airflow/example_dags/example_sensors.py for tasks to queue
[2025-03-01T14:23:26.501+0000] {logging_mixin.py:190} INFO - [2025-03-01T14:23:26.500+0000] {dagbag.py:588} INFO - Filling up the DagBag from /home/airflow/.local/lib/python3.12/site-packages/airflow/example_dags/example_sensors.py
[2025-03-01T14:23:26.513+0000] {processor.py:925} INFO - DAG(s) 'example_sensors' retrieved from /home/airflow/.local/lib/python3.12/site-packages/airflow/example_dags/example_sensors.py
[2025-03-01T14:23:26.539+0000] {logging_mixin.py:190} INFO - [2025-03-01T14:23:26.539+0000] {dag.py:3239} INFO - Sync 1 DAGs
[2025-03-01T14:23:26.555+0000] {logging_mixin.py:190} INFO - [2025-03-01T14:23:26.554+0000] {dag.py:4180} INFO - Setting next_dagrun for example_sensors to None, run_after=None
[2025-03-01T14:23:26.572+0000] {processor.py:208} INFO - Processing /home/airflow/.local/lib/python3.12/site-packages/airflow/example_dags/example_sensors.py took 0.080 seconds
[2025-03-01T14:23:56.950+0000] {processor.py:186} INFO - Started process (PID=858) to work on /home/airflow/.local/lib/python3.12/site-packages/airflow/example_dags/example_sensors.py
[2025-03-01T14:23:56.951+0000] {processor.py:914} INFO - Processing file /home/airflow/.local/lib/python3.12/site-packages/airflow/example_dags/example_sensors.py for tasks to queue
[2025-03-01T14:23:56.953+0000] {logging_mixin.py:190} INFO - [2025-03-01T14:23:56.953+0000] {dagbag.py:588} INFO - Filling up the DagBag from /home/airflow/.local/lib/python3.12/site-packages/airflow/example_dags/example_sensors.py
[2025-03-01T14:23:56.962+0000] {processor.py:925} INFO - DAG(s) 'example_sensors' retrieved from /home/airflow/.local/lib/python3.12/site-packages/airflow/example_dags/example_sensors.py
[2025-03-01T14:23:56.994+0000] {logging_mixin.py:190} INFO - [2025-03-01T14:23:56.994+0000] {dag.py:3239} INFO - Sync 1 DAGs
[2025-03-01T14:23:57.010+0000] {logging_mixin.py:190} INFO - [2025-03-01T14:23:57.010+0000] {dag.py:4180} INFO - Setting next_dagrun for example_sensors to None, run_after=None
[2025-03-01T14:23:57.030+0000] {processor.py:208} INFO - Processing /home/airflow/.local/lib/python3.12/site-packages/airflow/example_dags/example_sensors.py took 0.086 seconds
[2025-03-01T14:24:27.832+0000] {processor.py:186} INFO - Started process (PID=921) to work on /home/airflow/.local/lib/python3.12/site-packages/airflow/example_dags/example_sensors.py
[2025-03-01T14:24:27.833+0000] {processor.py:914} INFO - Processing file /home/airflow/.local/lib/python3.12/site-packages/airflow/example_dags/example_sensors.py for tasks to queue
[2025-03-01T14:24:27.835+0000] {logging_mixin.py:190} INFO - [2025-03-01T14:24:27.834+0000] {dagbag.py:588} INFO - Filling up the DagBag from /home/airflow/.local/lib/python3.12/site-packages/airflow/example_dags/example_sensors.py
[2025-03-01T14:24:27.847+0000] {processor.py:925} INFO - DAG(s) 'example_sensors' retrieved from /home/airflow/.local/lib/python3.12/site-packages/airflow/example_dags/example_sensors.py
[2025-03-01T14:24:27.875+0000] {logging_mixin.py:190} INFO - [2025-03-01T14:24:27.875+0000] {dag.py:3239} INFO - Sync 1 DAGs
[2025-03-01T14:24:27.885+0000] {logging_mixin.py:190} INFO - [2025-03-01T14:24:27.885+0000] {dag.py:4180} INFO - Setting next_dagrun for example_sensors to None, run_after=None
[2025-03-01T14:24:27.900+0000] {processor.py:208} INFO - Processing /home/airflow/.local/lib/python3.12/site-packages/airflow/example_dags/example_sensors.py took 0.072 seconds
[2025-03-01T14:24:58.101+0000] {processor.py:186} INFO - Started process (PID=984) to work on /home/airflow/.local/lib/python3.12/site-packages/airflow/example_dags/example_sensors.py
[2025-03-01T14:24:58.102+0000] {processor.py:914} INFO - Processing file /home/airflow/.local/lib/python3.12/site-packages/airflow/example_dags/example_sensors.py for tasks to queue
[2025-03-01T14:24:58.104+0000] {logging_mixin.py:190} INFO - [2025-03-01T14:24:58.104+0000] {dagbag.py:588} INFO - Filling up the DagBag from /home/airflow/.local/lib/python3.12/site-packages/airflow/example_dags/example_sensors.py
[2025-03-01T14:24:58.120+0000] {processor.py:925} INFO - DAG(s) 'example_sensors' retrieved from /home/airflow/.local/lib/python3.12/site-packages/airflow/example_dags/example_sensors.py
[2025-03-01T14:24:58.186+0000] {logging_mixin.py:190} INFO - [2025-03-01T14:24:58.186+0000] {dag.py:3239} INFO - Sync 1 DAGs
[2025-03-01T14:24:58.203+0000] {logging_mixin.py:190} INFO - [2025-03-01T14:24:58.203+0000] {dag.py:4180} INFO - Setting next_dagrun for example_sensors to None, run_after=None
[2025-03-01T14:24:58.224+0000] {processor.py:208} INFO - Processing /home/airflow/.local/lib/python3.12/site-packages/airflow/example_dags/example_sensors.py took 0.129 seconds
[2025-03-01T14:25:28.557+0000] {processor.py:186} INFO - Started process (PID=1047) to work on /home/airflow/.local/lib/python3.12/site-packages/airflow/example_dags/example_sensors.py
[2025-03-01T14:25:28.558+0000] {processor.py:914} INFO - Processing file /home/airflow/.local/lib/python3.12/site-packages/airflow/example_dags/example_sensors.py for tasks to queue
[2025-03-01T14:25:28.560+0000] {logging_mixin.py:190} INFO - [2025-03-01T14:25:28.560+0000] {dagbag.py:588} INFO - Filling up the DagBag from /home/airflow/.local/lib/python3.12/site-packages/airflow/example_dags/example_sensors.py
[2025-03-01T14:25:28.614+0000] {processor.py:925} INFO - DAG(s) 'example_sensors' retrieved from /home/airflow/.local/lib/python3.12/site-packages/airflow/example_dags/example_sensors.py
[2025-03-01T14:25:28.712+0000] {logging_mixin.py:190} INFO - [2025-03-01T14:25:28.711+0000] {dag.py:3239} INFO - Sync 1 DAGs
[2025-03-01T14:25:28.760+0000] {logging_mixin.py:190} INFO - [2025-03-01T14:25:28.760+0000] {dag.py:4180} INFO - Setting next_dagrun for example_sensors to None, run_after=None
[2025-03-01T14:25:28.834+0000] {processor.py:208} INFO - Processing /home/airflow/.local/lib/python3.12/site-packages/airflow/example_dags/example_sensors.py took 0.283 seconds
[2025-03-01T14:25:59.716+0000] {processor.py:186} INFO - Started process (PID=1115) to work on /home/airflow/.local/lib/python3.12/site-packages/airflow/example_dags/example_sensors.py
[2025-03-01T14:25:59.717+0000] {processor.py:914} INFO - Processing file /home/airflow/.local/lib/python3.12/site-packages/airflow/example_dags/example_sensors.py for tasks to queue
[2025-03-01T14:25:59.719+0000] {logging_mixin.py:190} INFO - [2025-03-01T14:25:59.718+0000] {dagbag.py:588} INFO - Filling up the DagBag from /home/airflow/.local/lib/python3.12/site-packages/airflow/example_dags/example_sensors.py
[2025-03-01T14:25:59.743+0000] {processor.py:925} INFO - DAG(s) 'example_sensors' retrieved from /home/airflow/.local/lib/python3.12/site-packages/airflow/example_dags/example_sensors.py
[2025-03-01T14:25:59.792+0000] {logging_mixin.py:190} INFO - [2025-03-01T14:25:59.792+0000] {dag.py:3239} INFO - Sync 1 DAGs
[2025-03-01T14:25:59.808+0000] {logging_mixin.py:190} INFO - [2025-03-01T14:25:59.808+0000] {dag.py:4180} INFO - Setting next_dagrun for example_sensors to None, run_after=None
[2025-03-01T14:25:59.827+0000] {processor.py:208} INFO - Processing /home/airflow/.local/lib/python3.12/site-packages/airflow/example_dags/example_sensors.py took 0.121 seconds
[2025-03-01T14:26:30.863+0000] {processor.py:186} INFO - Started process (PID=1179) to work on /home/airflow/.local/lib/python3.12/site-packages/airflow/example_dags/example_sensors.py
[2025-03-01T14:26:30.863+0000] {processor.py:914} INFO - Processing file /home/airflow/.local/lib/python3.12/site-packages/airflow/example_dags/example_sensors.py for tasks to queue
[2025-03-01T14:26:30.866+0000] {logging_mixin.py:190} INFO - [2025-03-01T14:26:30.865+0000] {dagbag.py:588} INFO - Filling up the DagBag from /home/airflow/.local/lib/python3.12/site-packages/airflow/example_dags/example_sensors.py
[2025-03-01T14:26:30.888+0000] {processor.py:925} INFO - DAG(s) 'example_sensors' retrieved from /home/airflow/.local/lib/python3.12/site-packages/airflow/example_dags/example_sensors.py
[2025-03-01T14:26:30.965+0000] {logging_mixin.py:190} INFO - [2025-03-01T14:26:30.965+0000] {dag.py:3239} INFO - Sync 1 DAGs
[2025-03-01T14:26:31.017+0000] {logging_mixin.py:190} INFO - [2025-03-01T14:26:31.017+0000] {dag.py:4180} INFO - Setting next_dagrun for example_sensors to None, run_after=None
[2025-03-01T14:26:31.050+0000] {processor.py:208} INFO - Processing /home/airflow/.local/lib/python3.12/site-packages/airflow/example_dags/example_sensors.py took 0.201 seconds
[2025-03-01T14:27:01.884+0000] {processor.py:186} INFO - Started process (PID=1242) to work on /home/airflow/.local/lib/python3.12/site-packages/airflow/example_dags/example_sensors.py
[2025-03-01T14:27:01.885+0000] {processor.py:914} INFO - Processing file /home/airflow/.local/lib/python3.12/site-packages/airflow/example_dags/example_sensors.py for tasks to queue
[2025-03-01T14:27:01.887+0000] {logging_mixin.py:190} INFO - [2025-03-01T14:27:01.887+0000] {dagbag.py:588} INFO - Filling up the DagBag from /home/airflow/.local/lib/python3.12/site-packages/airflow/example_dags/example_sensors.py
[2025-03-01T14:27:01.900+0000] {processor.py:925} INFO - DAG(s) 'example_sensors' retrieved from /home/airflow/.local/lib/python3.12/site-packages/airflow/example_dags/example_sensors.py
[2025-03-01T14:27:01.927+0000] {logging_mixin.py:190} INFO - [2025-03-01T14:27:01.926+0000] {dag.py:3239} INFO - Sync 1 DAGs
[2025-03-01T14:27:01.941+0000] {logging_mixin.py:190} INFO - [2025-03-01T14:27:01.941+0000] {dag.py:4180} INFO - Setting next_dagrun for example_sensors to None, run_after=None
[2025-03-01T14:27:01.959+0000] {processor.py:208} INFO - Processing /home/airflow/.local/lib/python3.12/site-packages/airflow/example_dags/example_sensors.py took 0.080 seconds
[2025-03-01T14:27:32.028+0000] {processor.py:186} INFO - Started process (PID=1304) to work on /home/airflow/.local/lib/python3.12/site-packages/airflow/example_dags/example_sensors.py
[2025-03-01T14:27:32.029+0000] {processor.py:914} INFO - Processing file /home/airflow/.local/lib/python3.12/site-packages/airflow/example_dags/example_sensors.py for tasks to queue
[2025-03-01T14:27:32.031+0000] {logging_mixin.py:190} INFO - [2025-03-01T14:27:32.031+0000] {dagbag.py:588} INFO - Filling up the DagBag from /home/airflow/.local/lib/python3.12/site-packages/airflow/example_dags/example_sensors.py
[2025-03-01T14:27:32.042+0000] {processor.py:925} INFO - DAG(s) 'example_sensors' retrieved from /home/airflow/.local/lib/python3.12/site-packages/airflow/example_dags/example_sensors.py
[2025-03-01T14:27:32.070+0000] {logging_mixin.py:190} INFO - [2025-03-01T14:27:32.070+0000] {dag.py:3239} INFO - Sync 1 DAGs
[2025-03-01T14:27:32.084+0000] {logging_mixin.py:190} INFO - [2025-03-01T14:27:32.084+0000] {dag.py:4180} INFO - Setting next_dagrun for example_sensors to None, run_after=None
[2025-03-01T14:27:32.099+0000] {processor.py:208} INFO - Processing /home/airflow/.local/lib/python3.12/site-packages/airflow/example_dags/example_sensors.py took 0.077 seconds
[2025-03-01T14:28:03.086+0000] {processor.py:186} INFO - Started process (PID=1368) to work on /home/airflow/.local/lib/python3.12/site-packages/airflow/example_dags/example_sensors.py
[2025-03-01T14:28:03.087+0000] {processor.py:914} INFO - Processing file /home/airflow/.local/lib/python3.12/site-packages/airflow/example_dags/example_sensors.py for tasks to queue
[2025-03-01T14:28:03.089+0000] {logging_mixin.py:190} INFO - [2025-03-01T14:28:03.089+0000] {dagbag.py:588} INFO - Filling up the DagBag from /home/airflow/.local/lib/python3.12/site-packages/airflow/example_dags/example_sensors.py
[2025-03-01T14:28:03.100+0000] {processor.py:925} INFO - DAG(s) 'example_sensors' retrieved from /home/airflow/.local/lib/python3.12/site-packages/airflow/example_dags/example_sensors.py
[2025-03-01T14:28:03.127+0000] {logging_mixin.py:190} INFO - [2025-03-01T14:28:03.127+0000] {dag.py:3239} INFO - Sync 1 DAGs
[2025-03-01T14:28:03.142+0000] {logging_mixin.py:190} INFO - [2025-03-01T14:28:03.142+0000] {dag.py:4180} INFO - Setting next_dagrun for example_sensors to None, run_after=None
[2025-03-01T14:28:03.158+0000] {processor.py:208} INFO - Processing /home/airflow/.local/lib/python3.12/site-packages/airflow/example_dags/example_sensors.py took 0.078 seconds
[2025-03-01T14:28:33.522+0000] {processor.py:186} INFO - Started process (PID=1431) to work on /home/airflow/.local/lib/python3.12/site-packages/airflow/example_dags/example_sensors.py
[2025-03-01T14:28:33.523+0000] {processor.py:914} INFO - Processing file /home/airflow/.local/lib/python3.12/site-packages/airflow/example_dags/example_sensors.py for tasks to queue
[2025-03-01T14:28:33.525+0000] {logging_mixin.py:190} INFO - [2025-03-01T14:28:33.524+0000] {dagbag.py:588} INFO - Filling up the DagBag from /home/airflow/.local/lib/python3.12/site-packages/airflow/example_dags/example_sensors.py
[2025-03-01T14:28:33.536+0000] {processor.py:925} INFO - DAG(s) 'example_sensors' retrieved from /home/airflow/.local/lib/python3.12/site-packages/airflow/example_dags/example_sensors.py
[2025-03-01T14:28:33.582+0000] {logging_mixin.py:190} INFO - [2025-03-01T14:28:33.581+0000] {dag.py:3239} INFO - Sync 1 DAGs
[2025-03-01T14:28:33.624+0000] {logging_mixin.py:190} INFO - [2025-03-01T14:28:33.624+0000] {dag.py:4180} INFO - Setting next_dagrun for example_sensors to None, run_after=None
[2025-03-01T14:28:33.641+0000] {processor.py:208} INFO - Processing /home/airflow/.local/lib/python3.12/site-packages/airflow/example_dags/example_sensors.py took 0.125 seconds
[2025-03-01T14:29:04.139+0000] {processor.py:186} INFO - Started process (PID=1495) to work on /home/airflow/.local/lib/python3.12/site-packages/airflow/example_dags/example_sensors.py
[2025-03-01T14:29:04.140+0000] {processor.py:914} INFO - Processing file /home/airflow/.local/lib/python3.12/site-packages/airflow/example_dags/example_sensors.py for tasks to queue
[2025-03-01T14:29:04.142+0000] {logging_mixin.py:190} INFO - [2025-03-01T14:29:04.142+0000] {dagbag.py:588} INFO - Filling up the DagBag from /home/airflow/.local/lib/python3.12/site-packages/airflow/example_dags/example_sensors.py
[2025-03-01T14:29:04.154+0000] {processor.py:925} INFO - DAG(s) 'example_sensors' retrieved from /home/airflow/.local/lib/python3.12/site-packages/airflow/example_dags/example_sensors.py
[2025-03-01T14:29:04.183+0000] {logging_mixin.py:190} INFO - [2025-03-01T14:29:04.183+0000] {dag.py:3239} INFO - Sync 1 DAGs
[2025-03-01T14:29:04.199+0000] {logging_mixin.py:190} INFO - [2025-03-01T14:29:04.198+0000] {dag.py:4180} INFO - Setting next_dagrun for example_sensors to None, run_after=None
[2025-03-01T14:29:04.215+0000] {processor.py:208} INFO - Processing /home/airflow/.local/lib/python3.12/site-packages/airflow/example_dags/example_sensors.py took 0.081 seconds
[2025-03-01T14:29:34.427+0000] {processor.py:186} INFO - Started process (PID=1558) to work on /home/airflow/.local/lib/python3.12/site-packages/airflow/example_dags/example_sensors.py
[2025-03-01T14:29:34.428+0000] {processor.py:914} INFO - Processing file /home/airflow/.local/lib/python3.12/site-packages/airflow/example_dags/example_sensors.py for tasks to queue
[2025-03-01T14:29:34.431+0000] {logging_mixin.py:190} INFO - [2025-03-01T14:29:34.431+0000] {dagbag.py:588} INFO - Filling up the DagBag from /home/airflow/.local/lib/python3.12/site-packages/airflow/example_dags/example_sensors.py
[2025-03-01T14:29:34.444+0000] {processor.py:925} INFO - DAG(s) 'example_sensors' retrieved from /home/airflow/.local/lib/python3.12/site-packages/airflow/example_dags/example_sensors.py
[2025-03-01T14:29:34.471+0000] {logging_mixin.py:190} INFO - [2025-03-01T14:29:34.471+0000] {dag.py:3239} INFO - Sync 1 DAGs
[2025-03-01T14:29:34.486+0000] {logging_mixin.py:190} INFO - [2025-03-01T14:29:34.486+0000] {dag.py:4180} INFO - Setting next_dagrun for example_sensors to None, run_after=None
[2025-03-01T14:29:34.503+0000] {processor.py:208} INFO - Processing /home/airflow/.local/lib/python3.12/site-packages/airflow/example_dags/example_sensors.py took 0.082 seconds
[2025-03-01T14:30:04.801+0000] {processor.py:186} INFO - Started process (PID=1621) to work on /home/airflow/.local/lib/python3.12/site-packages/airflow/example_dags/example_sensors.py
[2025-03-01T14:30:04.802+0000] {processor.py:914} INFO - Processing file /home/airflow/.local/lib/python3.12/site-packages/airflow/example_dags/example_sensors.py for tasks to queue
[2025-03-01T14:30:04.804+0000] {logging_mixin.py:190} INFO - [2025-03-01T14:30:04.804+0000] {dagbag.py:588} INFO - Filling up the DagBag from /home/airflow/.local/lib/python3.12/site-packages/airflow/example_dags/example_sensors.py
[2025-03-01T14:30:04.815+0000] {processor.py:925} INFO - DAG(s) 'example_sensors' retrieved from /home/airflow/.local/lib/python3.12/site-packages/airflow/example_dags/example_sensors.py
[2025-03-01T14:30:04.844+0000] {logging_mixin.py:190} INFO - [2025-03-01T14:30:04.844+0000] {dag.py:3239} INFO - Sync 1 DAGs
[2025-03-01T14:30:04.860+0000] {logging_mixin.py:190} INFO - [2025-03-01T14:30:04.859+0000] {dag.py:4180} INFO - Setting next_dagrun for example_sensors to None, run_after=None
[2025-03-01T14:30:04.876+0000] {processor.py:208} INFO - Processing /home/airflow/.local/lib/python3.12/site-packages/airflow/example_dags/example_sensors.py took 0.081 seconds
[2025-03-01T14:30:35.706+0000] {processor.py:186} INFO - Started process (PID=1684) to work on /home/airflow/.local/lib/python3.12/site-packages/airflow/example_dags/example_sensors.py
[2025-03-01T14:30:35.707+0000] {processor.py:914} INFO - Processing file /home/airflow/.local/lib/python3.12/site-packages/airflow/example_dags/example_sensors.py for tasks to queue
[2025-03-01T14:30:35.710+0000] {logging_mixin.py:190} INFO - [2025-03-01T14:30:35.710+0000] {dagbag.py:588} INFO - Filling up the DagBag from /home/airflow/.local/lib/python3.12/site-packages/airflow/example_dags/example_sensors.py
[2025-03-01T14:30:35.733+0000] {processor.py:925} INFO - DAG(s) 'example_sensors' retrieved from /home/airflow/.local/lib/python3.12/site-packages/airflow/example_dags/example_sensors.py
[2025-03-01T14:30:35.764+0000] {logging_mixin.py:190} INFO - [2025-03-01T14:30:35.764+0000] {dag.py:3239} INFO - Sync 1 DAGs
[2025-03-01T14:30:35.779+0000] {logging_mixin.py:190} INFO - [2025-03-01T14:30:35.778+0000] {dag.py:4180} INFO - Setting next_dagrun for example_sensors to None, run_after=None
[2025-03-01T14:30:35.796+0000] {processor.py:208} INFO - Processing /home/airflow/.local/lib/python3.12/site-packages/airflow/example_dags/example_sensors.py took 0.095 seconds
[2025-03-01T14:31:06.188+0000] {processor.py:186} INFO - Started process (PID=1748) to work on /home/airflow/.local/lib/python3.12/site-packages/airflow/example_dags/example_sensors.py
[2025-03-01T14:31:06.188+0000] {processor.py:914} INFO - Processing file /home/airflow/.local/lib/python3.12/site-packages/airflow/example_dags/example_sensors.py for tasks to queue
[2025-03-01T14:31:06.191+0000] {logging_mixin.py:190} INFO - [2025-03-01T14:31:06.190+0000] {dagbag.py:588} INFO - Filling up the DagBag from /home/airflow/.local/lib/python3.12/site-packages/airflow/example_dags/example_sensors.py
[2025-03-01T14:31:06.203+0000] {processor.py:925} INFO - DAG(s) 'example_sensors' retrieved from /home/airflow/.local/lib/python3.12/site-packages/airflow/example_dags/example_sensors.py
[2025-03-01T14:31:06.230+0000] {logging_mixin.py:190} INFO - [2025-03-01T14:31:06.230+0000] {dag.py:3239} INFO - Sync 1 DAGs
[2025-03-01T14:31:06.244+0000] {logging_mixin.py:190} INFO - [2025-03-01T14:31:06.244+0000] {dag.py:4180} INFO - Setting next_dagrun for example_sensors to None, run_after=None
[2025-03-01T14:31:06.262+0000] {processor.py:208} INFO - Processing /home/airflow/.local/lib/python3.12/site-packages/airflow/example_dags/example_sensors.py took 0.080 seconds
[2025-03-01T14:31:36.956+0000] {processor.py:186} INFO - Started process (PID=1811) to work on /home/airflow/.local/lib/python3.12/site-packages/airflow/example_dags/example_sensors.py
[2025-03-01T14:31:36.957+0000] {processor.py:914} INFO - Processing file /home/airflow/.local/lib/python3.12/site-packages/airflow/example_dags/example_sensors.py for tasks to queue
[2025-03-01T14:31:36.960+0000] {logging_mixin.py:190} INFO - [2025-03-01T14:31:36.960+0000] {dagbag.py:588} INFO - Filling up the DagBag from /home/airflow/.local/lib/python3.12/site-packages/airflow/example_dags/example_sensors.py
[2025-03-01T14:31:36.973+0000] {processor.py:925} INFO - DAG(s) 'example_sensors' retrieved from /home/airflow/.local/lib/python3.12/site-packages/airflow/example_dags/example_sensors.py
[2025-03-01T14:31:36.999+0000] {logging_mixin.py:190} INFO - [2025-03-01T14:31:36.998+0000] {dag.py:3239} INFO - Sync 1 DAGs
[2025-03-01T14:31:37.014+0000] {logging_mixin.py:190} INFO - [2025-03-01T14:31:37.014+0000] {dag.py:4180} INFO - Setting next_dagrun for example_sensors to None, run_after=None
[2025-03-01T14:31:37.030+0000] {processor.py:208} INFO - Processing /home/airflow/.local/lib/python3.12/site-packages/airflow/example_dags/example_sensors.py took 0.080 seconds
[2025-03-01T14:32:07.684+0000] {processor.py:186} INFO - Started process (PID=1874) to work on /home/airflow/.local/lib/python3.12/site-packages/airflow/example_dags/example_sensors.py
[2025-03-01T14:32:07.685+0000] {processor.py:914} INFO - Processing file /home/airflow/.local/lib/python3.12/site-packages/airflow/example_dags/example_sensors.py for tasks to queue
[2025-03-01T14:32:07.688+0000] {logging_mixin.py:190} INFO - [2025-03-01T14:32:07.687+0000] {dagbag.py:588} INFO - Filling up the DagBag from /home/airflow/.local/lib/python3.12/site-packages/airflow/example_dags/example_sensors.py
[2025-03-01T14:32:07.699+0000] {processor.py:925} INFO - DAG(s) 'example_sensors' retrieved from /home/airflow/.local/lib/python3.12/site-packages/airflow/example_dags/example_sensors.py
[2025-03-01T14:32:07.726+0000] {logging_mixin.py:190} INFO - [2025-03-01T14:32:07.725+0000] {dag.py:3239} INFO - Sync 1 DAGs
[2025-03-01T14:32:07.740+0000] {logging_mixin.py:190} INFO - [2025-03-01T14:32:07.740+0000] {dag.py:4180} INFO - Setting next_dagrun for example_sensors to None, run_after=None
[2025-03-01T14:32:07.757+0000] {processor.py:208} INFO - Processing /home/airflow/.local/lib/python3.12/site-packages/airflow/example_dags/example_sensors.py took 0.078 seconds
[2025-03-01T14:32:38.822+0000] {processor.py:186} INFO - Started process (PID=1937) to work on /home/airflow/.local/lib/python3.12/site-packages/airflow/example_dags/example_sensors.py
[2025-03-01T14:32:38.823+0000] {processor.py:914} INFO - Processing file /home/airflow/.local/lib/python3.12/site-packages/airflow/example_dags/example_sensors.py for tasks to queue
[2025-03-01T14:32:38.825+0000] {logging_mixin.py:190} INFO - [2025-03-01T14:32:38.825+0000] {dagbag.py:588} INFO - Filling up the DagBag from /home/airflow/.local/lib/python3.12/site-packages/airflow/example_dags/example_sensors.py
[2025-03-01T14:32:38.844+0000] {processor.py:925} INFO - DAG(s) 'example_sensors' retrieved from /home/airflow/.local/lib/python3.12/site-packages/airflow/example_dags/example_sensors.py
[2025-03-01T14:32:38.914+0000] {logging_mixin.py:190} INFO - [2025-03-01T14:32:38.913+0000] {dag.py:3239} INFO - Sync 1 DAGs
[2025-03-01T14:32:38.945+0000] {logging_mixin.py:190} INFO - [2025-03-01T14:32:38.945+0000] {dag.py:4180} INFO - Setting next_dagrun for example_sensors to None, run_after=None
[2025-03-01T14:32:39.010+0000] {processor.py:208} INFO - Processing /home/airflow/.local/lib/python3.12/site-packages/airflow/example_dags/example_sensors.py took 0.199 seconds
[2025-03-01T14:33:09.894+0000] {processor.py:186} INFO - Started process (PID=2000) to work on /home/airflow/.local/lib/python3.12/site-packages/airflow/example_dags/example_sensors.py
[2025-03-01T14:33:09.895+0000] {processor.py:914} INFO - Processing file /home/airflow/.local/lib/python3.12/site-packages/airflow/example_dags/example_sensors.py for tasks to queue
[2025-03-01T14:33:09.897+0000] {logging_mixin.py:190} INFO - [2025-03-01T14:33:09.896+0000] {dagbag.py:588} INFO - Filling up the DagBag from /home/airflow/.local/lib/python3.12/site-packages/airflow/example_dags/example_sensors.py
[2025-03-01T14:33:09.910+0000] {processor.py:925} INFO - DAG(s) 'example_sensors' retrieved from /home/airflow/.local/lib/python3.12/site-packages/airflow/example_dags/example_sensors.py
[2025-03-01T14:33:09.937+0000] {logging_mixin.py:190} INFO - [2025-03-01T14:33:09.937+0000] {dag.py:3239} INFO - Sync 1 DAGs
[2025-03-01T14:33:09.952+0000] {logging_mixin.py:190} INFO - [2025-03-01T14:33:09.952+0000] {dag.py:4180} INFO - Setting next_dagrun for example_sensors to None, run_after=None
[2025-03-01T14:33:09.970+0000] {processor.py:208} INFO - Processing /home/airflow/.local/lib/python3.12/site-packages/airflow/example_dags/example_sensors.py took 0.083 seconds
[2025-03-01T14:33:40.059+0000] {processor.py:186} INFO - Started process (PID=2054) to work on /home/airflow/.local/lib/python3.12/site-packages/airflow/example_dags/example_sensors.py
[2025-03-01T14:33:40.060+0000] {processor.py:914} INFO - Processing file /home/airflow/.local/lib/python3.12/site-packages/airflow/example_dags/example_sensors.py for tasks to queue
[2025-03-01T14:33:40.062+0000] {logging_mixin.py:190} INFO - [2025-03-01T14:33:40.062+0000] {dagbag.py:588} INFO - Filling up the DagBag from /home/airflow/.local/lib/python3.12/site-packages/airflow/example_dags/example_sensors.py
[2025-03-01T14:33:40.073+0000] {processor.py:925} INFO - DAG(s) 'example_sensors' retrieved from /home/airflow/.local/lib/python3.12/site-packages/airflow/example_dags/example_sensors.py
[2025-03-01T14:33:40.100+0000] {logging_mixin.py:190} INFO - [2025-03-01T14:33:40.100+0000] {dag.py:3239} INFO - Sync 1 DAGs
[2025-03-01T14:33:40.113+0000] {logging_mixin.py:190} INFO - [2025-03-01T14:33:40.113+0000] {dag.py:4180} INFO - Setting next_dagrun for example_sensors to None, run_after=None
[2025-03-01T14:33:40.129+0000] {processor.py:208} INFO - Processing /home/airflow/.local/lib/python3.12/site-packages/airflow/example_dags/example_sensors.py took 0.082 seconds
[2025-03-01T14:34:10.201+0000] {processor.py:186} INFO - Started process (PID=2116) to work on /home/airflow/.local/lib/python3.12/site-packages/airflow/example_dags/example_sensors.py
[2025-03-01T14:34:10.202+0000] {processor.py:914} INFO - Processing file /home/airflow/.local/lib/python3.12/site-packages/airflow/example_dags/example_sensors.py for tasks to queue
[2025-03-01T14:34:10.203+0000] {logging_mixin.py:190} INFO - [2025-03-01T14:34:10.203+0000] {dagbag.py:588} INFO - Filling up the DagBag from /home/airflow/.local/lib/python3.12/site-packages/airflow/example_dags/example_sensors.py
[2025-03-01T14:34:10.211+0000] {processor.py:925} INFO - DAG(s) 'example_sensors' retrieved from /home/airflow/.local/lib/python3.12/site-packages/airflow/example_dags/example_sensors.py
[2025-03-01T14:34:10.230+0000] {logging_mixin.py:190} INFO - [2025-03-01T14:34:10.230+0000] {dag.py:3239} INFO - Sync 1 DAGs
[2025-03-01T14:34:10.240+0000] {logging_mixin.py:190} INFO - [2025-03-01T14:34:10.240+0000] {dag.py:4180} INFO - Setting next_dagrun for example_sensors to None, run_after=None
[2025-03-01T14:34:10.258+0000] {processor.py:208} INFO - Processing /home/airflow/.local/lib/python3.12/site-packages/airflow/example_dags/example_sensors.py took 0.061 seconds
[2025-03-01T14:34:41.746+0000] {processor.py:186} INFO - Started process (PID=2179) to work on /home/airflow/.local/lib/python3.12/site-packages/airflow/example_dags/example_sensors.py
[2025-03-01T14:34:41.749+0000] {processor.py:914} INFO - Processing file /home/airflow/.local/lib/python3.12/site-packages/airflow/example_dags/example_sensors.py for tasks to queue
[2025-03-01T14:34:41.751+0000] {logging_mixin.py:190} INFO - [2025-03-01T14:34:41.751+0000] {dagbag.py:588} INFO - Filling up the DagBag from /home/airflow/.local/lib/python3.12/site-packages/airflow/example_dags/example_sensors.py
[2025-03-01T14:34:41.778+0000] {processor.py:925} INFO - DAG(s) 'example_sensors' retrieved from /home/airflow/.local/lib/python3.12/site-packages/airflow/example_dags/example_sensors.py
[2025-03-01T14:34:41.817+0000] {logging_mixin.py:190} INFO - [2025-03-01T14:34:41.817+0000] {dag.py:3239} INFO - Sync 1 DAGs
[2025-03-01T14:34:41.833+0000] {logging_mixin.py:190} INFO - [2025-03-01T14:34:41.833+0000] {dag.py:4180} INFO - Setting next_dagrun for example_sensors to None, run_after=None
[2025-03-01T14:34:41.852+0000] {processor.py:208} INFO - Processing /home/airflow/.local/lib/python3.12/site-packages/airflow/example_dags/example_sensors.py took 0.119 seconds
[2025-03-01T14:35:13.094+0000] {processor.py:186} INFO - Started process (PID=2242) to work on /home/airflow/.local/lib/python3.12/site-packages/airflow/example_dags/example_sensors.py
[2025-03-01T14:35:13.095+0000] {processor.py:914} INFO - Processing file /home/airflow/.local/lib/python3.12/site-packages/airflow/example_dags/example_sensors.py for tasks to queue
[2025-03-01T14:35:13.097+0000] {logging_mixin.py:190} INFO - [2025-03-01T14:35:13.096+0000] {dagbag.py:588} INFO - Filling up the DagBag from /home/airflow/.local/lib/python3.12/site-packages/airflow/example_dags/example_sensors.py
[2025-03-01T14:35:13.108+0000] {processor.py:925} INFO - DAG(s) 'example_sensors' retrieved from /home/airflow/.local/lib/python3.12/site-packages/airflow/example_dags/example_sensors.py
[2025-03-01T14:35:13.137+0000] {logging_mixin.py:190} INFO - [2025-03-01T14:35:13.137+0000] {dag.py:3239} INFO - Sync 1 DAGs
[2025-03-01T14:35:13.153+0000] {logging_mixin.py:190} INFO - [2025-03-01T14:35:13.153+0000] {dag.py:4180} INFO - Setting next_dagrun for example_sensors to None, run_after=None
[2025-03-01T14:35:13.184+0000] {processor.py:208} INFO - Processing /home/airflow/.local/lib/python3.12/site-packages/airflow/example_dags/example_sensors.py took 0.097 seconds
[2025-03-01T14:35:44.416+0000] {processor.py:186} INFO - Started process (PID=2305) to work on /home/airflow/.local/lib/python3.12/site-packages/airflow/example_dags/example_sensors.py
[2025-03-01T14:35:44.417+0000] {processor.py:914} INFO - Processing file /home/airflow/.local/lib/python3.12/site-packages/airflow/example_dags/example_sensors.py for tasks to queue
[2025-03-01T14:35:44.419+0000] {logging_mixin.py:190} INFO - [2025-03-01T14:35:44.418+0000] {dagbag.py:588} INFO - Filling up the DagBag from /home/airflow/.local/lib/python3.12/site-packages/airflow/example_dags/example_sensors.py
[2025-03-01T14:35:44.429+0000] {processor.py:925} INFO - DAG(s) 'example_sensors' retrieved from /home/airflow/.local/lib/python3.12/site-packages/airflow/example_dags/example_sensors.py
[2025-03-01T14:35:44.457+0000] {logging_mixin.py:190} INFO - [2025-03-01T14:35:44.457+0000] {dag.py:3239} INFO - Sync 1 DAGs
[2025-03-01T14:35:44.472+0000] {logging_mixin.py:190} INFO - [2025-03-01T14:35:44.472+0000] {dag.py:4180} INFO - Setting next_dagrun for example_sensors to None, run_after=None
[2025-03-01T14:35:44.511+0000] {processor.py:208} INFO - Processing /home/airflow/.local/lib/python3.12/site-packages/airflow/example_dags/example_sensors.py took 0.101 seconds
[2025-03-01T14:36:16.092+0000] {processor.py:186} INFO - Started process (PID=2369) to work on /home/airflow/.local/lib/python3.12/site-packages/airflow/example_dags/example_sensors.py
[2025-03-01T14:36:16.092+0000] {processor.py:914} INFO - Processing file /home/airflow/.local/lib/python3.12/site-packages/airflow/example_dags/example_sensors.py for tasks to queue
[2025-03-01T14:36:16.094+0000] {logging_mixin.py:190} INFO - [2025-03-01T14:36:16.094+0000] {dagbag.py:588} INFO - Filling up the DagBag from /home/airflow/.local/lib/python3.12/site-packages/airflow/example_dags/example_sensors.py
[2025-03-01T14:36:16.106+0000] {processor.py:925} INFO - DAG(s) 'example_sensors' retrieved from /home/airflow/.local/lib/python3.12/site-packages/airflow/example_dags/example_sensors.py
[2025-03-01T14:36:16.133+0000] {logging_mixin.py:190} INFO - [2025-03-01T14:36:16.133+0000] {dag.py:3239} INFO - Sync 1 DAGs
[2025-03-01T14:36:16.149+0000] {logging_mixin.py:190} INFO - [2025-03-01T14:36:16.149+0000] {dag.py:4180} INFO - Setting next_dagrun for example_sensors to None, run_after=None
[2025-03-01T14:36:16.166+0000] {processor.py:208} INFO - Processing /home/airflow/.local/lib/python3.12/site-packages/airflow/example_dags/example_sensors.py took 0.080 seconds
[2025-03-01T14:36:47.696+0000] {processor.py:186} INFO - Started process (PID=2433) to work on /home/airflow/.local/lib/python3.12/site-packages/airflow/example_dags/example_sensors.py
[2025-03-01T14:36:47.697+0000] {processor.py:914} INFO - Processing file /home/airflow/.local/lib/python3.12/site-packages/airflow/example_dags/example_sensors.py for tasks to queue
[2025-03-01T14:36:47.698+0000] {logging_mixin.py:190} INFO - [2025-03-01T14:36:47.698+0000] {dagbag.py:588} INFO - Filling up the DagBag from /home/airflow/.local/lib/python3.12/site-packages/airflow/example_dags/example_sensors.py
[2025-03-01T14:36:47.706+0000] {processor.py:925} INFO - DAG(s) 'example_sensors' retrieved from /home/airflow/.local/lib/python3.12/site-packages/airflow/example_dags/example_sensors.py
[2025-03-01T14:36:47.724+0000] {logging_mixin.py:190} INFO - [2025-03-01T14:36:47.723+0000] {dag.py:3239} INFO - Sync 1 DAGs
[2025-03-01T14:36:47.733+0000] {logging_mixin.py:190} INFO - [2025-03-01T14:36:47.733+0000] {dag.py:4180} INFO - Setting next_dagrun for example_sensors to None, run_after=None
[2025-03-01T14:36:47.745+0000] {processor.py:208} INFO - Processing /home/airflow/.local/lib/python3.12/site-packages/airflow/example_dags/example_sensors.py took 0.053 seconds
[2025-03-01T14:37:18.593+0000] {processor.py:186} INFO - Started process (PID=2495) to work on /home/airflow/.local/lib/python3.12/site-packages/airflow/example_dags/example_sensors.py
[2025-03-01T14:37:18.594+0000] {processor.py:914} INFO - Processing file /home/airflow/.local/lib/python3.12/site-packages/airflow/example_dags/example_sensors.py for tasks to queue
[2025-03-01T14:37:18.595+0000] {logging_mixin.py:190} INFO - [2025-03-01T14:37:18.595+0000] {dagbag.py:588} INFO - Filling up the DagBag from /home/airflow/.local/lib/python3.12/site-packages/airflow/example_dags/example_sensors.py
[2025-03-01T14:37:18.603+0000] {processor.py:925} INFO - DAG(s) 'example_sensors' retrieved from /home/airflow/.local/lib/python3.12/site-packages/airflow/example_dags/example_sensors.py
[2025-03-01T14:37:18.621+0000] {logging_mixin.py:190} INFO - [2025-03-01T14:37:18.621+0000] {dag.py:3239} INFO - Sync 1 DAGs
[2025-03-01T14:37:18.632+0000] {logging_mixin.py:190} INFO - [2025-03-01T14:37:18.632+0000] {dag.py:4180} INFO - Setting next_dagrun for example_sensors to None, run_after=None
[2025-03-01T14:37:18.644+0000] {processor.py:208} INFO - Processing /home/airflow/.local/lib/python3.12/site-packages/airflow/example_dags/example_sensors.py took 0.055 seconds
[2025-03-01T14:37:50.213+0000] {processor.py:186} INFO - Started process (PID=2559) to work on /home/airflow/.local/lib/python3.12/site-packages/airflow/example_dags/example_sensors.py
[2025-03-01T14:37:50.213+0000] {processor.py:914} INFO - Processing file /home/airflow/.local/lib/python3.12/site-packages/airflow/example_dags/example_sensors.py for tasks to queue
[2025-03-01T14:37:50.216+0000] {logging_mixin.py:190} INFO - [2025-03-01T14:37:50.215+0000] {dagbag.py:588} INFO - Filling up the DagBag from /home/airflow/.local/lib/python3.12/site-packages/airflow/example_dags/example_sensors.py
[2025-03-01T14:37:50.227+0000] {processor.py:925} INFO - DAG(s) 'example_sensors' retrieved from /home/airflow/.local/lib/python3.12/site-packages/airflow/example_dags/example_sensors.py
[2025-03-01T14:37:50.253+0000] {logging_mixin.py:190} INFO - [2025-03-01T14:37:50.252+0000] {dag.py:3239} INFO - Sync 1 DAGs
[2025-03-01T14:37:50.267+0000] {logging_mixin.py:190} INFO - [2025-03-01T14:37:50.267+0000] {dag.py:4180} INFO - Setting next_dagrun for example_sensors to None, run_after=None
[2025-03-01T14:37:50.283+0000] {processor.py:208} INFO - Processing /home/airflow/.local/lib/python3.12/site-packages/airflow/example_dags/example_sensors.py took 0.076 seconds
[2025-03-01T14:38:21.291+0000] {processor.py:186} INFO - Started process (PID=2622) to work on /home/airflow/.local/lib/python3.12/site-packages/airflow/example_dags/example_sensors.py
[2025-03-01T14:38:21.292+0000] {processor.py:914} INFO - Processing file /home/airflow/.local/lib/python3.12/site-packages/airflow/example_dags/example_sensors.py for tasks to queue
[2025-03-01T14:38:21.295+0000] {logging_mixin.py:190} INFO - [2025-03-01T14:38:21.294+0000] {dagbag.py:588} INFO - Filling up the DagBag from /home/airflow/.local/lib/python3.12/site-packages/airflow/example_dags/example_sensors.py
[2025-03-01T14:38:21.305+0000] {processor.py:925} INFO - DAG(s) 'example_sensors' retrieved from /home/airflow/.local/lib/python3.12/site-packages/airflow/example_dags/example_sensors.py
[2025-03-01T14:38:21.332+0000] {logging_mixin.py:190} INFO - [2025-03-01T14:38:21.332+0000] {dag.py:3239} INFO - Sync 1 DAGs
[2025-03-01T14:38:21.347+0000] {logging_mixin.py:190} INFO - [2025-03-01T14:38:21.347+0000] {dag.py:4180} INFO - Setting next_dagrun for example_sensors to None, run_after=None
[2025-03-01T14:38:21.363+0000] {processor.py:208} INFO - Processing /home/airflow/.local/lib/python3.12/site-packages/airflow/example_dags/example_sensors.py took 0.078 seconds
[2025-03-01T14:38:52.654+0000] {processor.py:186} INFO - Started process (PID=2686) to work on /home/airflow/.local/lib/python3.12/site-packages/airflow/example_dags/example_sensors.py
[2025-03-01T14:38:52.655+0000] {processor.py:914} INFO - Processing file /home/airflow/.local/lib/python3.12/site-packages/airflow/example_dags/example_sensors.py for tasks to queue
[2025-03-01T14:38:52.657+0000] {logging_mixin.py:190} INFO - [2025-03-01T14:38:52.657+0000] {dagbag.py:588} INFO - Filling up the DagBag from /home/airflow/.local/lib/python3.12/site-packages/airflow/example_dags/example_sensors.py
[2025-03-01T14:38:52.667+0000] {processor.py:925} INFO - DAG(s) 'example_sensors' retrieved from /home/airflow/.local/lib/python3.12/site-packages/airflow/example_dags/example_sensors.py
[2025-03-01T14:38:52.694+0000] {logging_mixin.py:190} INFO - [2025-03-01T14:38:52.694+0000] {dag.py:3239} INFO - Sync 1 DAGs
[2025-03-01T14:38:52.708+0000] {logging_mixin.py:190} INFO - [2025-03-01T14:38:52.708+0000] {dag.py:4180} INFO - Setting next_dagrun for example_sensors to None, run_after=None
[2025-03-01T14:38:52.724+0000] {processor.py:208} INFO - Processing /home/airflow/.local/lib/python3.12/site-packages/airflow/example_dags/example_sensors.py took 0.076 seconds
[2025-03-01T14:39:23.840+0000] {processor.py:186} INFO - Started process (PID=2750) to work on /home/airflow/.local/lib/python3.12/site-packages/airflow/example_dags/example_sensors.py
[2025-03-01T14:39:23.841+0000] {processor.py:914} INFO - Processing file /home/airflow/.local/lib/python3.12/site-packages/airflow/example_dags/example_sensors.py for tasks to queue
[2025-03-01T14:39:23.843+0000] {logging_mixin.py:190} INFO - [2025-03-01T14:39:23.843+0000] {dagbag.py:588} INFO - Filling up the DagBag from /home/airflow/.local/lib/python3.12/site-packages/airflow/example_dags/example_sensors.py
[2025-03-01T14:39:23.854+0000] {processor.py:925} INFO - DAG(s) 'example_sensors' retrieved from /home/airflow/.local/lib/python3.12/site-packages/airflow/example_dags/example_sensors.py
[2025-03-01T14:39:23.879+0000] {logging_mixin.py:190} INFO - [2025-03-01T14:39:23.879+0000] {dag.py:3239} INFO - Sync 1 DAGs
[2025-03-01T14:39:23.894+0000] {logging_mixin.py:190} INFO - [2025-03-01T14:39:23.894+0000] {dag.py:4180} INFO - Setting next_dagrun for example_sensors to None, run_after=None
[2025-03-01T14:39:23.910+0000] {processor.py:208} INFO - Processing /home/airflow/.local/lib/python3.12/site-packages/airflow/example_dags/example_sensors.py took 0.075 seconds
[2025-03-01T14:39:56.091+0000] {processor.py:186} INFO - Started process (PID=2819) to work on /home/airflow/.local/lib/python3.12/site-packages/airflow/example_dags/example_sensors.py
[2025-03-01T14:39:56.096+0000] {processor.py:914} INFO - Processing file /home/airflow/.local/lib/python3.12/site-packages/airflow/example_dags/example_sensors.py for tasks to queue
[2025-03-01T14:39:56.098+0000] {logging_mixin.py:190} INFO - [2025-03-01T14:39:56.098+0000] {dagbag.py:588} INFO - Filling up the DagBag from /home/airflow/.local/lib/python3.12/site-packages/airflow/example_dags/example_sensors.py
[2025-03-01T14:39:56.111+0000] {processor.py:925} INFO - DAG(s) 'example_sensors' retrieved from /home/airflow/.local/lib/python3.12/site-packages/airflow/example_dags/example_sensors.py
[2025-03-01T14:39:56.178+0000] {logging_mixin.py:190} INFO - [2025-03-01T14:39:56.178+0000] {dag.py:3239} INFO - Sync 1 DAGs
[2025-03-01T14:39:56.194+0000] {logging_mixin.py:190} INFO - [2025-03-01T14:39:56.194+0000] {dag.py:4180} INFO - Setting next_dagrun for example_sensors to None, run_after=None
[2025-03-01T14:39:56.210+0000] {processor.py:208} INFO - Processing /home/airflow/.local/lib/python3.12/site-packages/airflow/example_dags/example_sensors.py took 0.130 seconds
[2025-03-01T14:40:26.345+0000] {processor.py:186} INFO - Started process (PID=2882) to work on /home/airflow/.local/lib/python3.12/site-packages/airflow/example_dags/example_sensors.py
[2025-03-01T14:40:26.345+0000] {processor.py:914} INFO - Processing file /home/airflow/.local/lib/python3.12/site-packages/airflow/example_dags/example_sensors.py for tasks to queue
[2025-03-01T14:40:26.347+0000] {logging_mixin.py:190} INFO - [2025-03-01T14:40:26.347+0000] {dagbag.py:588} INFO - Filling up the DagBag from /home/airflow/.local/lib/python3.12/site-packages/airflow/example_dags/example_sensors.py
[2025-03-01T14:40:26.359+0000] {processor.py:925} INFO - DAG(s) 'example_sensors' retrieved from /home/airflow/.local/lib/python3.12/site-packages/airflow/example_dags/example_sensors.py
[2025-03-01T14:40:26.386+0000] {logging_mixin.py:190} INFO - [2025-03-01T14:40:26.385+0000] {dag.py:3239} INFO - Sync 1 DAGs
[2025-03-01T14:40:26.401+0000] {logging_mixin.py:190} INFO - [2025-03-01T14:40:26.400+0000] {dag.py:4180} INFO - Setting next_dagrun for example_sensors to None, run_after=None
[2025-03-01T14:40:26.417+0000] {processor.py:208} INFO - Processing /home/airflow/.local/lib/python3.12/site-packages/airflow/example_dags/example_sensors.py took 0.078 seconds
[2025-03-01T14:40:56.722+0000] {processor.py:186} INFO - Started process (PID=2944) to work on /home/airflow/.local/lib/python3.12/site-packages/airflow/example_dags/example_sensors.py
[2025-03-01T14:40:56.722+0000] {processor.py:914} INFO - Processing file /home/airflow/.local/lib/python3.12/site-packages/airflow/example_dags/example_sensors.py for tasks to queue
[2025-03-01T14:40:56.724+0000] {logging_mixin.py:190} INFO - [2025-03-01T14:40:56.724+0000] {dagbag.py:588} INFO - Filling up the DagBag from /home/airflow/.local/lib/python3.12/site-packages/airflow/example_dags/example_sensors.py
[2025-03-01T14:40:56.738+0000] {processor.py:925} INFO - DAG(s) 'example_sensors' retrieved from /home/airflow/.local/lib/python3.12/site-packages/airflow/example_dags/example_sensors.py
[2025-03-01T14:40:56.764+0000] {logging_mixin.py:190} INFO - [2025-03-01T14:40:56.764+0000] {dag.py:3239} INFO - Sync 1 DAGs
[2025-03-01T14:40:56.779+0000] {logging_mixin.py:190} INFO - [2025-03-01T14:40:56.778+0000] {dag.py:4180} INFO - Setting next_dagrun for example_sensors to None, run_after=None
[2025-03-01T14:40:56.794+0000] {processor.py:208} INFO - Processing /home/airflow/.local/lib/python3.12/site-packages/airflow/example_dags/example_sensors.py took 0.077 seconds
[2025-03-01T14:41:27.415+0000] {processor.py:186} INFO - Started process (PID=3007) to work on /home/airflow/.local/lib/python3.12/site-packages/airflow/example_dags/example_sensors.py
[2025-03-01T14:41:27.416+0000] {processor.py:914} INFO - Processing file /home/airflow/.local/lib/python3.12/site-packages/airflow/example_dags/example_sensors.py for tasks to queue
[2025-03-01T14:41:27.418+0000] {logging_mixin.py:190} INFO - [2025-03-01T14:41:27.418+0000] {dagbag.py:588} INFO - Filling up the DagBag from /home/airflow/.local/lib/python3.12/site-packages/airflow/example_dags/example_sensors.py
[2025-03-01T14:41:27.429+0000] {processor.py:925} INFO - DAG(s) 'example_sensors' retrieved from /home/airflow/.local/lib/python3.12/site-packages/airflow/example_dags/example_sensors.py
[2025-03-01T14:41:27.479+0000] {logging_mixin.py:190} INFO - [2025-03-01T14:41:27.479+0000] {dag.py:3239} INFO - Sync 1 DAGs
[2025-03-01T14:41:27.498+0000] {logging_mixin.py:190} INFO - [2025-03-01T14:41:27.498+0000] {dag.py:4180} INFO - Setting next_dagrun for example_sensors to None, run_after=None
[2025-03-01T14:41:27.558+0000] {processor.py:208} INFO - Processing /home/airflow/.local/lib/python3.12/site-packages/airflow/example_dags/example_sensors.py took 0.148 seconds
[2025-03-01T14:41:58.209+0000] {processor.py:186} INFO - Started process (PID=3070) to work on /home/airflow/.local/lib/python3.12/site-packages/airflow/example_dags/example_sensors.py
[2025-03-01T14:41:58.210+0000] {processor.py:914} INFO - Processing file /home/airflow/.local/lib/python3.12/site-packages/airflow/example_dags/example_sensors.py for tasks to queue
[2025-03-01T14:41:58.211+0000] {logging_mixin.py:190} INFO - [2025-03-01T14:41:58.211+0000] {dagbag.py:588} INFO - Filling up the DagBag from /home/airflow/.local/lib/python3.12/site-packages/airflow/example_dags/example_sensors.py
[2025-03-01T14:41:58.222+0000] {processor.py:925} INFO - DAG(s) 'example_sensors' retrieved from /home/airflow/.local/lib/python3.12/site-packages/airflow/example_dags/example_sensors.py
[2025-03-01T14:41:58.260+0000] {logging_mixin.py:190} INFO - [2025-03-01T14:41:58.260+0000] {dag.py:3239} INFO - Sync 1 DAGs
[2025-03-01T14:41:58.275+0000] {logging_mixin.py:190} INFO - [2025-03-01T14:41:58.275+0000] {dag.py:4180} INFO - Setting next_dagrun for example_sensors to None, run_after=None
[2025-03-01T14:41:58.294+0000] {processor.py:208} INFO - Processing /home/airflow/.local/lib/python3.12/site-packages/airflow/example_dags/example_sensors.py took 0.091 seconds
[2025-03-01T14:42:28.711+0000] {processor.py:186} INFO - Started process (PID=3132) to work on /home/airflow/.local/lib/python3.12/site-packages/airflow/example_dags/example_sensors.py
[2025-03-01T14:42:28.714+0000] {processor.py:914} INFO - Processing file /home/airflow/.local/lib/python3.12/site-packages/airflow/example_dags/example_sensors.py for tasks to queue
[2025-03-01T14:42:28.718+0000] {logging_mixin.py:190} INFO - [2025-03-01T14:42:28.718+0000] {dagbag.py:588} INFO - Filling up the DagBag from /home/airflow/.local/lib/python3.12/site-packages/airflow/example_dags/example_sensors.py
[2025-03-01T14:42:28.742+0000] {processor.py:925} INFO - DAG(s) 'example_sensors' retrieved from /home/airflow/.local/lib/python3.12/site-packages/airflow/example_dags/example_sensors.py
[2025-03-01T14:42:28.802+0000] {logging_mixin.py:190} INFO - [2025-03-01T14:42:28.802+0000] {dag.py:3239} INFO - Sync 1 DAGs
[2025-03-01T14:42:28.838+0000] {logging_mixin.py:190} INFO - [2025-03-01T14:42:28.838+0000] {dag.py:4180} INFO - Setting next_dagrun for example_sensors to None, run_after=None
[2025-03-01T14:42:28.856+0000] {processor.py:208} INFO - Processing /home/airflow/.local/lib/python3.12/site-packages/airflow/example_dags/example_sensors.py took 0.154 seconds
[2025-03-01T14:42:58.941+0000] {processor.py:186} INFO - Started process (PID=3195) to work on /home/airflow/.local/lib/python3.12/site-packages/airflow/example_dags/example_sensors.py
[2025-03-01T14:42:58.942+0000] {processor.py:914} INFO - Processing file /home/airflow/.local/lib/python3.12/site-packages/airflow/example_dags/example_sensors.py for tasks to queue
[2025-03-01T14:42:58.943+0000] {logging_mixin.py:190} INFO - [2025-03-01T14:42:58.943+0000] {dagbag.py:588} INFO - Filling up the DagBag from /home/airflow/.local/lib/python3.12/site-packages/airflow/example_dags/example_sensors.py
[2025-03-01T14:42:58.951+0000] {processor.py:925} INFO - DAG(s) 'example_sensors' retrieved from /home/airflow/.local/lib/python3.12/site-packages/airflow/example_dags/example_sensors.py
[2025-03-01T14:42:58.969+0000] {logging_mixin.py:190} INFO - [2025-03-01T14:42:58.969+0000] {dag.py:3239} INFO - Sync 1 DAGs
[2025-03-01T14:42:58.979+0000] {logging_mixin.py:190} INFO - [2025-03-01T14:42:58.979+0000] {dag.py:4180} INFO - Setting next_dagrun for example_sensors to None, run_after=None
[2025-03-01T14:42:58.990+0000] {processor.py:208} INFO - Processing /home/airflow/.local/lib/python3.12/site-packages/airflow/example_dags/example_sensors.py took 0.053 seconds
[2025-03-01T14:43:29.140+0000] {processor.py:186} INFO - Started process (PID=3258) to work on /home/airflow/.local/lib/python3.12/site-packages/airflow/example_dags/example_sensors.py
[2025-03-01T14:43:29.140+0000] {processor.py:914} INFO - Processing file /home/airflow/.local/lib/python3.12/site-packages/airflow/example_dags/example_sensors.py for tasks to queue
[2025-03-01T14:43:29.142+0000] {logging_mixin.py:190} INFO - [2025-03-01T14:43:29.142+0000] {dagbag.py:588} INFO - Filling up the DagBag from /home/airflow/.local/lib/python3.12/site-packages/airflow/example_dags/example_sensors.py
[2025-03-01T14:43:29.154+0000] {processor.py:925} INFO - DAG(s) 'example_sensors' retrieved from /home/airflow/.local/lib/python3.12/site-packages/airflow/example_dags/example_sensors.py
[2025-03-01T14:43:29.179+0000] {logging_mixin.py:190} INFO - [2025-03-01T14:43:29.179+0000] {dag.py:3239} INFO - Sync 1 DAGs
[2025-03-01T14:43:29.193+0000] {logging_mixin.py:190} INFO - [2025-03-01T14:43:29.193+0000] {dag.py:4180} INFO - Setting next_dagrun for example_sensors to None, run_after=None
[2025-03-01T14:43:29.208+0000] {processor.py:208} INFO - Processing /home/airflow/.local/lib/python3.12/site-packages/airflow/example_dags/example_sensors.py took 0.081 seconds
[2025-03-01T14:43:59.429+0000] {processor.py:186} INFO - Started process (PID=3321) to work on /home/airflow/.local/lib/python3.12/site-packages/airflow/example_dags/example_sensors.py
[2025-03-01T14:43:59.430+0000] {processor.py:914} INFO - Processing file /home/airflow/.local/lib/python3.12/site-packages/airflow/example_dags/example_sensors.py for tasks to queue
[2025-03-01T14:43:59.432+0000] {logging_mixin.py:190} INFO - [2025-03-01T14:43:59.431+0000] {dagbag.py:588} INFO - Filling up the DagBag from /home/airflow/.local/lib/python3.12/site-packages/airflow/example_dags/example_sensors.py
[2025-03-01T14:43:59.444+0000] {processor.py:925} INFO - DAG(s) 'example_sensors' retrieved from /home/airflow/.local/lib/python3.12/site-packages/airflow/example_dags/example_sensors.py
[2025-03-01T14:43:59.470+0000] {logging_mixin.py:190} INFO - [2025-03-01T14:43:59.470+0000] {dag.py:3239} INFO - Sync 1 DAGs
[2025-03-01T14:43:59.485+0000] {logging_mixin.py:190} INFO - [2025-03-01T14:43:59.484+0000] {dag.py:4180} INFO - Setting next_dagrun for example_sensors to None, run_after=None
[2025-03-01T14:43:59.504+0000] {processor.py:208} INFO - Processing /home/airflow/.local/lib/python3.12/site-packages/airflow/example_dags/example_sensors.py took 0.084 seconds
[2025-03-01T14:44:30.056+0000] {processor.py:186} INFO - Started process (PID=3385) to work on /home/airflow/.local/lib/python3.12/site-packages/airflow/example_dags/example_sensors.py
[2025-03-01T14:44:30.065+0000] {processor.py:914} INFO - Processing file /home/airflow/.local/lib/python3.12/site-packages/airflow/example_dags/example_sensors.py for tasks to queue
[2025-03-01T14:44:30.068+0000] {logging_mixin.py:190} INFO - [2025-03-01T14:44:30.067+0000] {dagbag.py:588} INFO - Filling up the DagBag from /home/airflow/.local/lib/python3.12/site-packages/airflow/example_dags/example_sensors.py
[2025-03-01T14:44:30.090+0000] {processor.py:925} INFO - DAG(s) 'example_sensors' retrieved from /home/airflow/.local/lib/python3.12/site-packages/airflow/example_dags/example_sensors.py
[2025-03-01T14:44:30.124+0000] {logging_mixin.py:190} INFO - [2025-03-01T14:44:30.123+0000] {dag.py:3239} INFO - Sync 1 DAGs
[2025-03-01T14:44:30.153+0000] {logging_mixin.py:190} INFO - [2025-03-01T14:44:30.145+0000] {dag.py:4180} INFO - Setting next_dagrun for example_sensors to None, run_after=None
[2025-03-01T14:44:30.171+0000] {processor.py:208} INFO - Processing /home/airflow/.local/lib/python3.12/site-packages/airflow/example_dags/example_sensors.py took 0.147 seconds
[2025-03-01T14:45:00.943+0000] {processor.py:186} INFO - Started process (PID=3448) to work on /home/airflow/.local/lib/python3.12/site-packages/airflow/example_dags/example_sensors.py
[2025-03-01T14:45:00.952+0000] {processor.py:914} INFO - Processing file /home/airflow/.local/lib/python3.12/site-packages/airflow/example_dags/example_sensors.py for tasks to queue
[2025-03-01T14:45:00.971+0000] {logging_mixin.py:190} INFO - [2025-03-01T14:45:00.971+0000] {dagbag.py:588} INFO - Filling up the DagBag from /home/airflow/.local/lib/python3.12/site-packages/airflow/example_dags/example_sensors.py
[2025-03-01T14:45:01.005+0000] {processor.py:925} INFO - DAG(s) 'example_sensors' retrieved from /home/airflow/.local/lib/python3.12/site-packages/airflow/example_dags/example_sensors.py
[2025-03-01T14:45:01.095+0000] {logging_mixin.py:190} INFO - [2025-03-01T14:45:01.095+0000] {dag.py:3239} INFO - Sync 1 DAGs
[2025-03-01T14:45:01.147+0000] {logging_mixin.py:190} INFO - [2025-03-01T14:45:01.147+0000] {dag.py:4180} INFO - Setting next_dagrun for example_sensors to None, run_after=None
[2025-03-01T14:45:01.164+0000] {processor.py:208} INFO - Processing /home/airflow/.local/lib/python3.12/site-packages/airflow/example_dags/example_sensors.py took 0.256 seconds
[2025-03-01T14:45:31.427+0000] {processor.py:186} INFO - Started process (PID=3510) to work on /home/airflow/.local/lib/python3.12/site-packages/airflow/example_dags/example_sensors.py
[2025-03-01T14:45:31.429+0000] {processor.py:914} INFO - Processing file /home/airflow/.local/lib/python3.12/site-packages/airflow/example_dags/example_sensors.py for tasks to queue
[2025-03-01T14:45:31.434+0000] {logging_mixin.py:190} INFO - [2025-03-01T14:45:31.434+0000] {dagbag.py:588} INFO - Filling up the DagBag from /home/airflow/.local/lib/python3.12/site-packages/airflow/example_dags/example_sensors.py
[2025-03-01T14:45:31.452+0000] {processor.py:925} INFO - DAG(s) 'example_sensors' retrieved from /home/airflow/.local/lib/python3.12/site-packages/airflow/example_dags/example_sensors.py
[2025-03-01T14:45:31.527+0000] {logging_mixin.py:190} INFO - [2025-03-01T14:45:31.527+0000] {dag.py:3239} INFO - Sync 1 DAGs
[2025-03-01T14:45:31.543+0000] {logging_mixin.py:190} INFO - [2025-03-01T14:45:31.542+0000] {dag.py:4180} INFO - Setting next_dagrun for example_sensors to None, run_after=None
[2025-03-01T14:45:31.559+0000] {processor.py:208} INFO - Processing /home/airflow/.local/lib/python3.12/site-packages/airflow/example_dags/example_sensors.py took 0.145 seconds
[2025-03-01T14:46:06.131+0000] {processor.py:186} INFO - Started process (PID=3579) to work on /home/airflow/.local/lib/python3.12/site-packages/airflow/example_dags/example_sensors.py
[2025-03-01T14:46:06.135+0000] {processor.py:914} INFO - Processing file /home/airflow/.local/lib/python3.12/site-packages/airflow/example_dags/example_sensors.py for tasks to queue
[2025-03-01T14:46:06.142+0000] {logging_mixin.py:190} INFO - [2025-03-01T14:46:06.142+0000] {dagbag.py:588} INFO - Filling up the DagBag from /home/airflow/.local/lib/python3.12/site-packages/airflow/example_dags/example_sensors.py
[2025-03-01T14:46:06.205+0000] {processor.py:925} INFO - DAG(s) 'example_sensors' retrieved from /home/airflow/.local/lib/python3.12/site-packages/airflow/example_dags/example_sensors.py
[2025-03-01T14:46:06.410+0000] {logging_mixin.py:190} INFO - [2025-03-01T14:46:06.409+0000] {dag.py:3239} INFO - Sync 1 DAGs
[2025-03-01T14:46:06.537+0000] {logging_mixin.py:190} INFO - [2025-03-01T14:46:06.536+0000] {dag.py:4180} INFO - Setting next_dagrun for example_sensors to None, run_after=None
[2025-03-01T14:46:06.703+0000] {processor.py:208} INFO - Processing /home/airflow/.local/lib/python3.12/site-packages/airflow/example_dags/example_sensors.py took 0.643 seconds
[2025-03-01T14:47:01.887+0000] {processor.py:186} INFO - Started process (PID=3653) to work on /home/airflow/.local/lib/python3.12/site-packages/airflow/example_dags/example_sensors.py
[2025-03-01T14:47:01.906+0000] {processor.py:914} INFO - Processing file /home/airflow/.local/lib/python3.12/site-packages/airflow/example_dags/example_sensors.py for tasks to queue
[2025-03-01T14:47:01.918+0000] {logging_mixin.py:190} INFO - [2025-03-01T14:47:01.918+0000] {dagbag.py:588} INFO - Filling up the DagBag from /home/airflow/.local/lib/python3.12/site-packages/airflow/example_dags/example_sensors.py
[2025-03-01T14:47:02.075+0000] {processor.py:925} INFO - DAG(s) 'example_sensors' retrieved from /home/airflow/.local/lib/python3.12/site-packages/airflow/example_dags/example_sensors.py
[2025-03-01T14:47:02.326+0000] {logging_mixin.py:190} INFO - [2025-03-01T14:47:02.326+0000] {dag.py:3239} INFO - Sync 1 DAGs
[2025-03-01T14:47:02.411+0000] {logging_mixin.py:190} INFO - [2025-03-01T14:47:02.411+0000] {dag.py:4180} INFO - Setting next_dagrun for example_sensors to None, run_after=None
[2025-03-01T14:47:02.489+0000] {processor.py:208} INFO - Processing /home/airflow/.local/lib/python3.12/site-packages/airflow/example_dags/example_sensors.py took 0.652 seconds
[2025-03-01T14:47:46.863+0000] {processor.py:186} INFO - Started process (PID=3733) to work on /home/airflow/.local/lib/python3.12/site-packages/airflow/example_dags/example_sensors.py
[2025-03-01T14:47:46.885+0000] {processor.py:914} INFO - Processing file /home/airflow/.local/lib/python3.12/site-packages/airflow/example_dags/example_sensors.py for tasks to queue
[2025-03-01T14:47:46.898+0000] {logging_mixin.py:190} INFO - [2025-03-01T14:47:46.893+0000] {dagbag.py:588} INFO - Filling up the DagBag from /home/airflow/.local/lib/python3.12/site-packages/airflow/example_dags/example_sensors.py
[2025-03-01T14:47:47.008+0000] {processor.py:925} INFO - DAG(s) 'example_sensors' retrieved from /home/airflow/.local/lib/python3.12/site-packages/airflow/example_dags/example_sensors.py
[2025-03-01T14:47:47.145+0000] {logging_mixin.py:190} INFO - [2025-03-01T14:47:47.145+0000] {dag.py:3239} INFO - Sync 1 DAGs
[2025-03-01T14:47:47.266+0000] {logging_mixin.py:190} INFO - [2025-03-01T14:47:47.266+0000] {dag.py:4180} INFO - Setting next_dagrun for example_sensors to None, run_after=None
[2025-03-01T14:47:47.553+0000] {processor.py:208} INFO - Processing /home/airflow/.local/lib/python3.12/site-packages/airflow/example_dags/example_sensors.py took 0.749 seconds
