[2025-03-01T14:17:29.991+0000] {processor.py:186} INFO - Started process (PID=72) to work on /home/airflow/.local/lib/python3.12/site-packages/airflow/example_dags/example_bash_operator.py
[2025-03-01T14:17:29.997+0000] {processor.py:914} INFO - Processing file /home/airflow/.local/lib/python3.12/site-packages/airflow/example_dags/example_bash_operator.py for tasks to queue
[2025-03-01T14:17:30.002+0000] {logging_mixin.py:190} INFO - [2025-03-01T14:17:30.002+0000] {dagbag.py:588} INFO - Filling up the DagBag from /home/airflow/.local/lib/python3.12/site-packages/airflow/example_dags/example_bash_operator.py
[2025-03-01T14:17:30.040+0000] {processor.py:925} INFO - DAG(s) 'example_bash_operator' retrieved from /home/airflow/.local/lib/python3.12/site-packages/airflow/example_dags/example_bash_operator.py
[2025-03-01T14:17:30.335+0000] {logging_mixin.py:190} INFO - [2025-03-01T14:17:30.334+0000] {override.py:1912} INFO - Created Permission View: can edit on DAG:example_bash_operator
[2025-03-01T14:17:30.351+0000] {logging_mixin.py:190} INFO - [2025-03-01T14:17:30.351+0000] {override.py:1912} INFO - Created Permission View: can read on DAG:example_bash_operator
[2025-03-01T14:17:30.356+0000] {logging_mixin.py:190} INFO - [2025-03-01T14:17:30.356+0000] {override.py:1912} INFO - Created Permission View: can delete on DAG:example_bash_operator
[2025-03-01T14:17:30.370+0000] {logging_mixin.py:190} INFO - [2025-03-01T14:17:30.369+0000] {override.py:1912} INFO - Created Permission View: menu access on DAG Run:example_bash_operator
[2025-03-01T14:17:30.375+0000] {logging_mixin.py:190} INFO - [2025-03-01T14:17:30.374+0000] {override.py:1912} INFO - Created Permission View: can read on DAG Run:example_bash_operator
[2025-03-01T14:17:30.389+0000] {logging_mixin.py:190} INFO - [2025-03-01T14:17:30.389+0000] {override.py:1912} INFO - Created Permission View: can create on DAG Run:example_bash_operator
[2025-03-01T14:17:30.395+0000] {logging_mixin.py:190} INFO - [2025-03-01T14:17:30.395+0000] {override.py:1912} INFO - Created Permission View: can delete on DAG Run:example_bash_operator
[2025-03-01T14:17:30.395+0000] {logging_mixin.py:190} INFO - [2025-03-01T14:17:30.395+0000] {dag.py:3239} INFO - Sync 1 DAGs
[2025-03-01T14:17:30.420+0000] {logging_mixin.py:190} INFO - [2025-03-01T14:17:30.420+0000] {dag.py:3262} INFO - Creating ORM DAG for example_bash_operator
[2025-03-01T14:17:30.451+0000] {logging_mixin.py:190} INFO - [2025-03-01T14:17:30.451+0000] {dag.py:4180} INFO - Setting next_dagrun for example_bash_operator to 2025-02-28 00:00:00+00:00, run_after=2025-03-01 00:00:00+00:00
[2025-03-01T14:17:30.480+0000] {processor.py:208} INFO - Processing /home/airflow/.local/lib/python3.12/site-packages/airflow/example_dags/example_bash_operator.py took 0.505 seconds
[2025-03-01T14:18:00.655+0000] {processor.py:186} INFO - Started process (PID=135) to work on /home/airflow/.local/lib/python3.12/site-packages/airflow/example_dags/example_bash_operator.py
[2025-03-01T14:18:00.656+0000] {processor.py:914} INFO - Processing file /home/airflow/.local/lib/python3.12/site-packages/airflow/example_dags/example_bash_operator.py for tasks to queue
[2025-03-01T14:18:00.658+0000] {logging_mixin.py:190} INFO - [2025-03-01T14:18:00.657+0000] {dagbag.py:588} INFO - Filling up the DagBag from /home/airflow/.local/lib/python3.12/site-packages/airflow/example_dags/example_bash_operator.py
[2025-03-01T14:18:00.672+0000] {processor.py:925} INFO - DAG(s) 'example_bash_operator' retrieved from /home/airflow/.local/lib/python3.12/site-packages/airflow/example_dags/example_bash_operator.py
[2025-03-01T14:18:00.699+0000] {logging_mixin.py:190} INFO - [2025-03-01T14:18:00.699+0000] {dag.py:3239} INFO - Sync 1 DAGs
[2025-03-01T14:18:00.720+0000] {logging_mixin.py:190} INFO - [2025-03-01T14:18:00.720+0000] {dag.py:4180} INFO - Setting next_dagrun for example_bash_operator to 2025-02-28 00:00:00+00:00, run_after=2025-03-01 00:00:00+00:00
[2025-03-01T14:18:00.737+0000] {processor.py:208} INFO - Processing /home/airflow/.local/lib/python3.12/site-packages/airflow/example_dags/example_bash_operator.py took 0.088 seconds
[2025-03-01T14:18:31.125+0000] {processor.py:186} INFO - Started process (PID=198) to work on /home/airflow/.local/lib/python3.12/site-packages/airflow/example_dags/example_bash_operator.py
[2025-03-01T14:18:31.125+0000] {processor.py:914} INFO - Processing file /home/airflow/.local/lib/python3.12/site-packages/airflow/example_dags/example_bash_operator.py for tasks to queue
[2025-03-01T14:18:31.127+0000] {logging_mixin.py:190} INFO - [2025-03-01T14:18:31.127+0000] {dagbag.py:588} INFO - Filling up the DagBag from /home/airflow/.local/lib/python3.12/site-packages/airflow/example_dags/example_bash_operator.py
[2025-03-01T14:18:31.137+0000] {processor.py:925} INFO - DAG(s) 'example_bash_operator' retrieved from /home/airflow/.local/lib/python3.12/site-packages/airflow/example_dags/example_bash_operator.py
[2025-03-01T14:18:31.163+0000] {logging_mixin.py:190} INFO - [2025-03-01T14:18:31.163+0000] {dag.py:3239} INFO - Sync 1 DAGs
[2025-03-01T14:18:31.189+0000] {logging_mixin.py:190} INFO - [2025-03-01T14:18:31.188+0000] {dag.py:4180} INFO - Setting next_dagrun for example_bash_operator to 2025-02-28 00:00:00+00:00, run_after=2025-03-01 00:00:00+00:00
[2025-03-01T14:18:31.205+0000] {processor.py:208} INFO - Processing /home/airflow/.local/lib/python3.12/site-packages/airflow/example_dags/example_bash_operator.py took 0.085 seconds
[2025-03-01T14:19:01.384+0000] {processor.py:186} INFO - Started process (PID=260) to work on /home/airflow/.local/lib/python3.12/site-packages/airflow/example_dags/example_bash_operator.py
[2025-03-01T14:19:01.385+0000] {processor.py:914} INFO - Processing file /home/airflow/.local/lib/python3.12/site-packages/airflow/example_dags/example_bash_operator.py for tasks to queue
[2025-03-01T14:19:01.386+0000] {logging_mixin.py:190} INFO - [2025-03-01T14:19:01.386+0000] {dagbag.py:588} INFO - Filling up the DagBag from /home/airflow/.local/lib/python3.12/site-packages/airflow/example_dags/example_bash_operator.py
[2025-03-01T14:19:01.397+0000] {processor.py:925} INFO - DAG(s) 'example_bash_operator' retrieved from /home/airflow/.local/lib/python3.12/site-packages/airflow/example_dags/example_bash_operator.py
[2025-03-01T14:19:01.415+0000] {logging_mixin.py:190} INFO - [2025-03-01T14:19:01.415+0000] {dag.py:3239} INFO - Sync 1 DAGs
[2025-03-01T14:19:01.436+0000] {logging_mixin.py:190} INFO - [2025-03-01T14:19:01.436+0000] {dag.py:4180} INFO - Setting next_dagrun for example_bash_operator to 2025-02-28 00:00:00+00:00, run_after=2025-03-01 00:00:00+00:00
[2025-03-01T14:19:01.448+0000] {processor.py:208} INFO - Processing /home/airflow/.local/lib/python3.12/site-packages/airflow/example_dags/example_bash_operator.py took 0.069 seconds
[2025-03-01T14:19:32.127+0000] {processor.py:186} INFO - Started process (PID=323) to work on /home/airflow/.local/lib/python3.12/site-packages/airflow/example_dags/example_bash_operator.py
[2025-03-01T14:19:32.129+0000] {processor.py:914} INFO - Processing file /home/airflow/.local/lib/python3.12/site-packages/airflow/example_dags/example_bash_operator.py for tasks to queue
[2025-03-01T14:19:32.131+0000] {logging_mixin.py:190} INFO - [2025-03-01T14:19:32.131+0000] {dagbag.py:588} INFO - Filling up the DagBag from /home/airflow/.local/lib/python3.12/site-packages/airflow/example_dags/example_bash_operator.py
[2025-03-01T14:19:32.145+0000] {processor.py:925} INFO - DAG(s) 'example_bash_operator' retrieved from /home/airflow/.local/lib/python3.12/site-packages/airflow/example_dags/example_bash_operator.py
[2025-03-01T14:19:32.174+0000] {logging_mixin.py:190} INFO - [2025-03-01T14:19:32.174+0000] {dag.py:3239} INFO - Sync 1 DAGs
[2025-03-01T14:19:32.199+0000] {logging_mixin.py:190} INFO - [2025-03-01T14:19:32.199+0000] {dag.py:4180} INFO - Setting next_dagrun for example_bash_operator to 2025-02-28 00:00:00+00:00, run_after=2025-03-01 00:00:00+00:00
[2025-03-01T14:19:32.215+0000] {processor.py:208} INFO - Processing /home/airflow/.local/lib/python3.12/site-packages/airflow/example_dags/example_bash_operator.py took 0.093 seconds
[2025-03-01T14:20:02.616+0000] {processor.py:186} INFO - Started process (PID=386) to work on /home/airflow/.local/lib/python3.12/site-packages/airflow/example_dags/example_bash_operator.py
[2025-03-01T14:20:02.616+0000] {processor.py:914} INFO - Processing file /home/airflow/.local/lib/python3.12/site-packages/airflow/example_dags/example_bash_operator.py for tasks to queue
[2025-03-01T14:20:02.618+0000] {logging_mixin.py:190} INFO - [2025-03-01T14:20:02.618+0000] {dagbag.py:588} INFO - Filling up the DagBag from /home/airflow/.local/lib/python3.12/site-packages/airflow/example_dags/example_bash_operator.py
[2025-03-01T14:20:02.628+0000] {processor.py:925} INFO - DAG(s) 'example_bash_operator' retrieved from /home/airflow/.local/lib/python3.12/site-packages/airflow/example_dags/example_bash_operator.py
[2025-03-01T14:20:02.647+0000] {logging_mixin.py:190} INFO - [2025-03-01T14:20:02.647+0000] {dag.py:3239} INFO - Sync 1 DAGs
[2025-03-01T14:20:02.664+0000] {logging_mixin.py:190} INFO - [2025-03-01T14:20:02.664+0000] {dag.py:4180} INFO - Setting next_dagrun for example_bash_operator to 2025-02-28 00:00:00+00:00, run_after=2025-03-01 00:00:00+00:00
[2025-03-01T14:20:02.677+0000] {processor.py:208} INFO - Processing /home/airflow/.local/lib/python3.12/site-packages/airflow/example_dags/example_bash_operator.py took 0.065 seconds
[2025-03-01T14:20:33.015+0000] {processor.py:186} INFO - Started process (PID=449) to work on /home/airflow/.local/lib/python3.12/site-packages/airflow/example_dags/example_bash_operator.py
[2025-03-01T14:20:33.015+0000] {processor.py:914} INFO - Processing file /home/airflow/.local/lib/python3.12/site-packages/airflow/example_dags/example_bash_operator.py for tasks to queue
[2025-03-01T14:20:33.017+0000] {logging_mixin.py:190} INFO - [2025-03-01T14:20:33.017+0000] {dagbag.py:588} INFO - Filling up the DagBag from /home/airflow/.local/lib/python3.12/site-packages/airflow/example_dags/example_bash_operator.py
[2025-03-01T14:20:33.027+0000] {processor.py:925} INFO - DAG(s) 'example_bash_operator' retrieved from /home/airflow/.local/lib/python3.12/site-packages/airflow/example_dags/example_bash_operator.py
[2025-03-01T14:20:33.045+0000] {logging_mixin.py:190} INFO - [2025-03-01T14:20:33.045+0000] {dag.py:3239} INFO - Sync 1 DAGs
[2025-03-01T14:20:33.063+0000] {logging_mixin.py:190} INFO - [2025-03-01T14:20:33.063+0000] {dag.py:4180} INFO - Setting next_dagrun for example_bash_operator to 2025-02-28 00:00:00+00:00, run_after=2025-03-01 00:00:00+00:00
[2025-03-01T14:20:33.074+0000] {processor.py:208} INFO - Processing /home/airflow/.local/lib/python3.12/site-packages/airflow/example_dags/example_bash_operator.py took 0.064 seconds
[2025-03-01T14:21:04.045+0000] {processor.py:186} INFO - Started process (PID=512) to work on /home/airflow/.local/lib/python3.12/site-packages/airflow/example_dags/example_bash_operator.py
[2025-03-01T14:21:04.050+0000] {processor.py:914} INFO - Processing file /home/airflow/.local/lib/python3.12/site-packages/airflow/example_dags/example_bash_operator.py for tasks to queue
[2025-03-01T14:21:04.052+0000] {logging_mixin.py:190} INFO - [2025-03-01T14:21:04.052+0000] {dagbag.py:588} INFO - Filling up the DagBag from /home/airflow/.local/lib/python3.12/site-packages/airflow/example_dags/example_bash_operator.py
[2025-03-01T14:21:04.086+0000] {processor.py:925} INFO - DAG(s) 'example_bash_operator' retrieved from /home/airflow/.local/lib/python3.12/site-packages/airflow/example_dags/example_bash_operator.py
[2025-03-01T14:21:04.189+0000] {logging_mixin.py:190} INFO - [2025-03-01T14:21:04.189+0000] {dag.py:3239} INFO - Sync 1 DAGs
[2025-03-01T14:21:04.261+0000] {logging_mixin.py:190} INFO - [2025-03-01T14:21:04.261+0000] {dag.py:4180} INFO - Setting next_dagrun for example_bash_operator to 2025-02-28 00:00:00+00:00, run_after=2025-03-01 00:00:00+00:00
[2025-03-01T14:21:04.314+0000] {processor.py:208} INFO - Processing /home/airflow/.local/lib/python3.12/site-packages/airflow/example_dags/example_bash_operator.py took 0.281 seconds
[2025-03-01T14:21:35.239+0000] {processor.py:186} INFO - Started process (PID=575) to work on /home/airflow/.local/lib/python3.12/site-packages/airflow/example_dags/example_bash_operator.py
[2025-03-01T14:21:35.240+0000] {processor.py:914} INFO - Processing file /home/airflow/.local/lib/python3.12/site-packages/airflow/example_dags/example_bash_operator.py for tasks to queue
[2025-03-01T14:21:35.242+0000] {logging_mixin.py:190} INFO - [2025-03-01T14:21:35.242+0000] {dagbag.py:588} INFO - Filling up the DagBag from /home/airflow/.local/lib/python3.12/site-packages/airflow/example_dags/example_bash_operator.py
[2025-03-01T14:21:35.268+0000] {processor.py:925} INFO - DAG(s) 'example_bash_operator' retrieved from /home/airflow/.local/lib/python3.12/site-packages/airflow/example_dags/example_bash_operator.py
[2025-03-01T14:21:35.349+0000] {logging_mixin.py:190} INFO - [2025-03-01T14:21:35.349+0000] {dag.py:3239} INFO - Sync 1 DAGs
[2025-03-01T14:21:35.376+0000] {logging_mixin.py:190} INFO - [2025-03-01T14:21:35.376+0000] {dag.py:4180} INFO - Setting next_dagrun for example_bash_operator to 2025-02-28 00:00:00+00:00, run_after=2025-03-01 00:00:00+00:00
[2025-03-01T14:21:35.395+0000] {processor.py:208} INFO - Processing /home/airflow/.local/lib/python3.12/site-packages/airflow/example_dags/example_bash_operator.py took 0.171 seconds
[2025-03-01T14:22:06.129+0000] {processor.py:186} INFO - Started process (PID=638) to work on /home/airflow/.local/lib/python3.12/site-packages/airflow/example_dags/example_bash_operator.py
[2025-03-01T14:22:06.130+0000] {processor.py:914} INFO - Processing file /home/airflow/.local/lib/python3.12/site-packages/airflow/example_dags/example_bash_operator.py for tasks to queue
[2025-03-01T14:22:06.132+0000] {logging_mixin.py:190} INFO - [2025-03-01T14:22:06.131+0000] {dagbag.py:588} INFO - Filling up the DagBag from /home/airflow/.local/lib/python3.12/site-packages/airflow/example_dags/example_bash_operator.py
[2025-03-01T14:22:06.145+0000] {processor.py:925} INFO - DAG(s) 'example_bash_operator' retrieved from /home/airflow/.local/lib/python3.12/site-packages/airflow/example_dags/example_bash_operator.py
[2025-03-01T14:22:06.175+0000] {logging_mixin.py:190} INFO - [2025-03-01T14:22:06.175+0000] {dag.py:3239} INFO - Sync 1 DAGs
[2025-03-01T14:22:06.203+0000] {logging_mixin.py:190} INFO - [2025-03-01T14:22:06.202+0000] {dag.py:4180} INFO - Setting next_dagrun for example_bash_operator to 2025-02-28 00:00:00+00:00, run_after=2025-03-01 00:00:00+00:00
[2025-03-01T14:22:06.218+0000] {processor.py:208} INFO - Processing /home/airflow/.local/lib/python3.12/site-packages/airflow/example_dags/example_bash_operator.py took 0.095 seconds
[2025-03-01T14:22:36.618+0000] {processor.py:186} INFO - Started process (PID=702) to work on /home/airflow/.local/lib/python3.12/site-packages/airflow/example_dags/example_bash_operator.py
[2025-03-01T14:22:36.619+0000] {processor.py:914} INFO - Processing file /home/airflow/.local/lib/python3.12/site-packages/airflow/example_dags/example_bash_operator.py for tasks to queue
[2025-03-01T14:22:36.621+0000] {logging_mixin.py:190} INFO - [2025-03-01T14:22:36.621+0000] {dagbag.py:588} INFO - Filling up the DagBag from /home/airflow/.local/lib/python3.12/site-packages/airflow/example_dags/example_bash_operator.py
[2025-03-01T14:22:36.634+0000] {processor.py:925} INFO - DAG(s) 'example_bash_operator' retrieved from /home/airflow/.local/lib/python3.12/site-packages/airflow/example_dags/example_bash_operator.py
[2025-03-01T14:22:36.663+0000] {logging_mixin.py:190} INFO - [2025-03-01T14:22:36.663+0000] {dag.py:3239} INFO - Sync 1 DAGs
[2025-03-01T14:22:36.707+0000] {logging_mixin.py:190} INFO - [2025-03-01T14:22:36.707+0000] {dag.py:4180} INFO - Setting next_dagrun for example_bash_operator to 2025-02-28 00:00:00+00:00, run_after=2025-03-01 00:00:00+00:00
[2025-03-01T14:22:36.728+0000] {processor.py:208} INFO - Processing /home/airflow/.local/lib/python3.12/site-packages/airflow/example_dags/example_bash_operator.py took 0.115 seconds
[2025-03-01T14:23:07.248+0000] {processor.py:186} INFO - Started process (PID=766) to work on /home/airflow/.local/lib/python3.12/site-packages/airflow/example_dags/example_bash_operator.py
[2025-03-01T14:23:07.249+0000] {processor.py:914} INFO - Processing file /home/airflow/.local/lib/python3.12/site-packages/airflow/example_dags/example_bash_operator.py for tasks to queue
[2025-03-01T14:23:07.251+0000] {logging_mixin.py:190} INFO - [2025-03-01T14:23:07.251+0000] {dagbag.py:588} INFO - Filling up the DagBag from /home/airflow/.local/lib/python3.12/site-packages/airflow/example_dags/example_bash_operator.py
[2025-03-01T14:23:07.264+0000] {processor.py:925} INFO - DAG(s) 'example_bash_operator' retrieved from /home/airflow/.local/lib/python3.12/site-packages/airflow/example_dags/example_bash_operator.py
[2025-03-01T14:23:07.292+0000] {logging_mixin.py:190} INFO - [2025-03-01T14:23:07.292+0000] {dag.py:3239} INFO - Sync 1 DAGs
[2025-03-01T14:23:07.318+0000] {logging_mixin.py:190} INFO - [2025-03-01T14:23:07.318+0000] {dag.py:4180} INFO - Setting next_dagrun for example_bash_operator to 2025-02-28 00:00:00+00:00, run_after=2025-03-01 00:00:00+00:00
[2025-03-01T14:23:07.333+0000] {processor.py:208} INFO - Processing /home/airflow/.local/lib/python3.12/site-packages/airflow/example_dags/example_bash_operator.py took 0.090 seconds
[2025-03-01T14:23:37.954+0000] {processor.py:186} INFO - Started process (PID=829) to work on /home/airflow/.local/lib/python3.12/site-packages/airflow/example_dags/example_bash_operator.py
[2025-03-01T14:23:37.954+0000] {processor.py:914} INFO - Processing file /home/airflow/.local/lib/python3.12/site-packages/airflow/example_dags/example_bash_operator.py for tasks to queue
[2025-03-01T14:23:37.957+0000] {logging_mixin.py:190} INFO - [2025-03-01T14:23:37.956+0000] {dagbag.py:588} INFO - Filling up the DagBag from /home/airflow/.local/lib/python3.12/site-packages/airflow/example_dags/example_bash_operator.py
[2025-03-01T14:23:37.970+0000] {processor.py:925} INFO - DAG(s) 'example_bash_operator' retrieved from /home/airflow/.local/lib/python3.12/site-packages/airflow/example_dags/example_bash_operator.py
[2025-03-01T14:23:37.997+0000] {logging_mixin.py:190} INFO - [2025-03-01T14:23:37.997+0000] {dag.py:3239} INFO - Sync 1 DAGs
[2025-03-01T14:23:38.022+0000] {logging_mixin.py:190} INFO - [2025-03-01T14:23:38.022+0000] {dag.py:4180} INFO - Setting next_dagrun for example_bash_operator to 2025-02-28 00:00:00+00:00, run_after=2025-03-01 00:00:00+00:00
[2025-03-01T14:23:38.036+0000] {processor.py:208} INFO - Processing /home/airflow/.local/lib/python3.12/site-packages/airflow/example_dags/example_bash_operator.py took 0.088 seconds
[2025-03-01T14:24:08.629+0000] {processor.py:186} INFO - Started process (PID=880) to work on /home/airflow/.local/lib/python3.12/site-packages/airflow/example_dags/example_bash_operator.py
[2025-03-01T14:24:08.630+0000] {processor.py:914} INFO - Processing file /home/airflow/.local/lib/python3.12/site-packages/airflow/example_dags/example_bash_operator.py for tasks to queue
[2025-03-01T14:24:08.632+0000] {logging_mixin.py:190} INFO - [2025-03-01T14:24:08.631+0000] {dagbag.py:588} INFO - Filling up the DagBag from /home/airflow/.local/lib/python3.12/site-packages/airflow/example_dags/example_bash_operator.py
[2025-03-01T14:24:08.653+0000] {processor.py:925} INFO - DAG(s) 'example_bash_operator' retrieved from /home/airflow/.local/lib/python3.12/site-packages/airflow/example_dags/example_bash_operator.py
[2025-03-01T14:24:08.686+0000] {logging_mixin.py:190} INFO - [2025-03-01T14:24:08.684+0000] {dag.py:3239} INFO - Sync 1 DAGs
[2025-03-01T14:24:08.728+0000] {logging_mixin.py:190} INFO - [2025-03-01T14:24:08.728+0000] {dag.py:4180} INFO - Setting next_dagrun for example_bash_operator to 2025-02-28 00:00:00+00:00, run_after=2025-03-01 00:00:00+00:00
[2025-03-01T14:24:08.745+0000] {processor.py:208} INFO - Processing /home/airflow/.local/lib/python3.12/site-packages/airflow/example_dags/example_bash_operator.py took 0.131 seconds
[2025-03-01T14:24:38.887+0000] {processor.py:186} INFO - Started process (PID=937) to work on /home/airflow/.local/lib/python3.12/site-packages/airflow/example_dags/example_bash_operator.py
[2025-03-01T14:24:38.888+0000] {processor.py:914} INFO - Processing file /home/airflow/.local/lib/python3.12/site-packages/airflow/example_dags/example_bash_operator.py for tasks to queue
[2025-03-01T14:24:38.890+0000] {logging_mixin.py:190} INFO - [2025-03-01T14:24:38.889+0000] {dagbag.py:588} INFO - Filling up the DagBag from /home/airflow/.local/lib/python3.12/site-packages/airflow/example_dags/example_bash_operator.py
[2025-03-01T14:24:38.903+0000] {processor.py:925} INFO - DAG(s) 'example_bash_operator' retrieved from /home/airflow/.local/lib/python3.12/site-packages/airflow/example_dags/example_bash_operator.py
[2025-03-01T14:24:38.947+0000] {logging_mixin.py:190} INFO - [2025-03-01T14:24:38.946+0000] {dag.py:3239} INFO - Sync 1 DAGs
[2025-03-01T14:24:38.976+0000] {logging_mixin.py:190} INFO - [2025-03-01T14:24:38.976+0000] {dag.py:4180} INFO - Setting next_dagrun for example_bash_operator to 2025-02-28 00:00:00+00:00, run_after=2025-03-01 00:00:00+00:00
[2025-03-01T14:24:38.993+0000] {processor.py:208} INFO - Processing /home/airflow/.local/lib/python3.12/site-packages/airflow/example_dags/example_bash_operator.py took 0.112 seconds
[2025-03-01T14:25:09.163+0000] {processor.py:186} INFO - Started process (PID=1000) to work on /home/airflow/.local/lib/python3.12/site-packages/airflow/example_dags/example_bash_operator.py
[2025-03-01T14:25:09.164+0000] {processor.py:914} INFO - Processing file /home/airflow/.local/lib/python3.12/site-packages/airflow/example_dags/example_bash_operator.py for tasks to queue
[2025-03-01T14:25:09.166+0000] {logging_mixin.py:190} INFO - [2025-03-01T14:25:09.166+0000] {dagbag.py:588} INFO - Filling up the DagBag from /home/airflow/.local/lib/python3.12/site-packages/airflow/example_dags/example_bash_operator.py
[2025-03-01T14:25:09.180+0000] {processor.py:925} INFO - DAG(s) 'example_bash_operator' retrieved from /home/airflow/.local/lib/python3.12/site-packages/airflow/example_dags/example_bash_operator.py
[2025-03-01T14:25:09.208+0000] {logging_mixin.py:190} INFO - [2025-03-01T14:25:09.208+0000] {dag.py:3239} INFO - Sync 1 DAGs
[2025-03-01T14:25:09.232+0000] {logging_mixin.py:190} INFO - [2025-03-01T14:25:09.232+0000] {dag.py:4180} INFO - Setting next_dagrun for example_bash_operator to 2025-02-28 00:00:00+00:00, run_after=2025-03-01 00:00:00+00:00
[2025-03-01T14:25:09.262+0000] {processor.py:208} INFO - Processing /home/airflow/.local/lib/python3.12/site-packages/airflow/example_dags/example_bash_operator.py took 0.104 seconds
[2025-03-01T14:25:39.384+0000] {processor.py:186} INFO - Started process (PID=1063) to work on /home/airflow/.local/lib/python3.12/site-packages/airflow/example_dags/example_bash_operator.py
[2025-03-01T14:25:39.385+0000] {processor.py:914} INFO - Processing file /home/airflow/.local/lib/python3.12/site-packages/airflow/example_dags/example_bash_operator.py for tasks to queue
[2025-03-01T14:25:39.387+0000] {logging_mixin.py:190} INFO - [2025-03-01T14:25:39.387+0000] {dagbag.py:588} INFO - Filling up the DagBag from /home/airflow/.local/lib/python3.12/site-packages/airflow/example_dags/example_bash_operator.py
[2025-03-01T14:25:39.401+0000] {processor.py:925} INFO - DAG(s) 'example_bash_operator' retrieved from /home/airflow/.local/lib/python3.12/site-packages/airflow/example_dags/example_bash_operator.py
[2025-03-01T14:25:39.429+0000] {logging_mixin.py:190} INFO - [2025-03-01T14:25:39.429+0000] {dag.py:3239} INFO - Sync 1 DAGs
[2025-03-01T14:25:39.454+0000] {logging_mixin.py:190} INFO - [2025-03-01T14:25:39.453+0000] {dag.py:4180} INFO - Setting next_dagrun for example_bash_operator to 2025-02-28 00:00:00+00:00, run_after=2025-03-01 00:00:00+00:00
[2025-03-01T14:25:39.471+0000] {processor.py:208} INFO - Processing /home/airflow/.local/lib/python3.12/site-packages/airflow/example_dags/example_bash_operator.py took 0.092 seconds
[2025-03-01T14:26:10.175+0000] {processor.py:186} INFO - Started process (PID=1125) to work on /home/airflow/.local/lib/python3.12/site-packages/airflow/example_dags/example_bash_operator.py
[2025-03-01T14:26:10.176+0000] {processor.py:914} INFO - Processing file /home/airflow/.local/lib/python3.12/site-packages/airflow/example_dags/example_bash_operator.py for tasks to queue
[2025-03-01T14:26:10.178+0000] {logging_mixin.py:190} INFO - [2025-03-01T14:26:10.177+0000] {dagbag.py:588} INFO - Filling up the DagBag from /home/airflow/.local/lib/python3.12/site-packages/airflow/example_dags/example_bash_operator.py
[2025-03-01T14:26:10.193+0000] {processor.py:925} INFO - DAG(s) 'example_bash_operator' retrieved from /home/airflow/.local/lib/python3.12/site-packages/airflow/example_dags/example_bash_operator.py
[2025-03-01T14:26:10.224+0000] {logging_mixin.py:190} INFO - [2025-03-01T14:26:10.224+0000] {dag.py:3239} INFO - Sync 1 DAGs
[2025-03-01T14:26:10.249+0000] {logging_mixin.py:190} INFO - [2025-03-01T14:26:10.249+0000] {dag.py:4180} INFO - Setting next_dagrun for example_bash_operator to 2025-02-28 00:00:00+00:00, run_after=2025-03-01 00:00:00+00:00
[2025-03-01T14:26:10.264+0000] {processor.py:208} INFO - Processing /home/airflow/.local/lib/python3.12/site-packages/airflow/example_dags/example_bash_operator.py took 0.095 seconds
[2025-03-01T14:26:40.751+0000] {processor.py:186} INFO - Started process (PID=1189) to work on /home/airflow/.local/lib/python3.12/site-packages/airflow/example_dags/example_bash_operator.py
[2025-03-01T14:26:40.769+0000] {processor.py:914} INFO - Processing file /home/airflow/.local/lib/python3.12/site-packages/airflow/example_dags/example_bash_operator.py for tasks to queue
[2025-03-01T14:26:40.774+0000] {logging_mixin.py:190} INFO - [2025-03-01T14:26:40.774+0000] {dagbag.py:588} INFO - Filling up the DagBag from /home/airflow/.local/lib/python3.12/site-packages/airflow/example_dags/example_bash_operator.py
[2025-03-01T14:26:40.801+0000] {processor.py:925} INFO - DAG(s) 'example_bash_operator' retrieved from /home/airflow/.local/lib/python3.12/site-packages/airflow/example_dags/example_bash_operator.py
[2025-03-01T14:26:40.830+0000] {logging_mixin.py:190} INFO - [2025-03-01T14:26:40.830+0000] {dag.py:3239} INFO - Sync 1 DAGs
[2025-03-01T14:26:40.855+0000] {logging_mixin.py:190} INFO - [2025-03-01T14:26:40.854+0000] {dag.py:4180} INFO - Setting next_dagrun for example_bash_operator to 2025-02-28 00:00:00+00:00, run_after=2025-03-01 00:00:00+00:00
[2025-03-01T14:26:40.870+0000] {processor.py:208} INFO - Processing /home/airflow/.local/lib/python3.12/site-packages/airflow/example_dags/example_bash_operator.py took 0.124 seconds
[2025-03-01T14:27:11.419+0000] {processor.py:186} INFO - Started process (PID=1252) to work on /home/airflow/.local/lib/python3.12/site-packages/airflow/example_dags/example_bash_operator.py
[2025-03-01T14:27:11.420+0000] {processor.py:914} INFO - Processing file /home/airflow/.local/lib/python3.12/site-packages/airflow/example_dags/example_bash_operator.py for tasks to queue
[2025-03-01T14:27:11.422+0000] {logging_mixin.py:190} INFO - [2025-03-01T14:27:11.422+0000] {dagbag.py:588} INFO - Filling up the DagBag from /home/airflow/.local/lib/python3.12/site-packages/airflow/example_dags/example_bash_operator.py
[2025-03-01T14:27:11.435+0000] {processor.py:925} INFO - DAG(s) 'example_bash_operator' retrieved from /home/airflow/.local/lib/python3.12/site-packages/airflow/example_dags/example_bash_operator.py
[2025-03-01T14:27:11.495+0000] {logging_mixin.py:190} INFO - [2025-03-01T14:27:11.495+0000] {dag.py:3239} INFO - Sync 1 DAGs
[2025-03-01T14:27:11.547+0000] {logging_mixin.py:190} INFO - [2025-03-01T14:27:11.547+0000] {dag.py:4180} INFO - Setting next_dagrun for example_bash_operator to 2025-02-28 00:00:00+00:00, run_after=2025-03-01 00:00:00+00:00
[2025-03-01T14:27:11.564+0000] {processor.py:208} INFO - Processing /home/airflow/.local/lib/python3.12/site-packages/airflow/example_dags/example_bash_operator.py took 0.151 seconds
[2025-03-01T14:27:41.993+0000] {processor.py:186} INFO - Started process (PID=1315) to work on /home/airflow/.local/lib/python3.12/site-packages/airflow/example_dags/example_bash_operator.py
[2025-03-01T14:27:41.994+0000] {processor.py:914} INFO - Processing file /home/airflow/.local/lib/python3.12/site-packages/airflow/example_dags/example_bash_operator.py for tasks to queue
[2025-03-01T14:27:41.996+0000] {logging_mixin.py:190} INFO - [2025-03-01T14:27:41.996+0000] {dagbag.py:588} INFO - Filling up the DagBag from /home/airflow/.local/lib/python3.12/site-packages/airflow/example_dags/example_bash_operator.py
[2025-03-01T14:27:42.010+0000] {processor.py:925} INFO - DAG(s) 'example_bash_operator' retrieved from /home/airflow/.local/lib/python3.12/site-packages/airflow/example_dags/example_bash_operator.py
[2025-03-01T14:27:42.038+0000] {logging_mixin.py:190} INFO - [2025-03-01T14:27:42.038+0000] {dag.py:3239} INFO - Sync 1 DAGs
[2025-03-01T14:27:42.073+0000] {logging_mixin.py:190} INFO - [2025-03-01T14:27:42.073+0000] {dag.py:4180} INFO - Setting next_dagrun for example_bash_operator to 2025-02-28 00:00:00+00:00, run_after=2025-03-01 00:00:00+00:00
[2025-03-01T14:27:42.089+0000] {processor.py:208} INFO - Processing /home/airflow/.local/lib/python3.12/site-packages/airflow/example_dags/example_bash_operator.py took 0.101 seconds
[2025-03-01T14:28:12.161+0000] {processor.py:186} INFO - Started process (PID=1378) to work on /home/airflow/.local/lib/python3.12/site-packages/airflow/example_dags/example_bash_operator.py
[2025-03-01T14:28:12.164+0000] {processor.py:914} INFO - Processing file /home/airflow/.local/lib/python3.12/site-packages/airflow/example_dags/example_bash_operator.py for tasks to queue
[2025-03-01T14:28:12.176+0000] {logging_mixin.py:190} INFO - [2025-03-01T14:28:12.175+0000] {dagbag.py:588} INFO - Filling up the DagBag from /home/airflow/.local/lib/python3.12/site-packages/airflow/example_dags/example_bash_operator.py
[2025-03-01T14:28:12.215+0000] {processor.py:925} INFO - DAG(s) 'example_bash_operator' retrieved from /home/airflow/.local/lib/python3.12/site-packages/airflow/example_dags/example_bash_operator.py
[2025-03-01T14:28:12.261+0000] {logging_mixin.py:190} INFO - [2025-03-01T14:28:12.261+0000] {dag.py:3239} INFO - Sync 1 DAGs
[2025-03-01T14:28:12.294+0000] {logging_mixin.py:190} INFO - [2025-03-01T14:28:12.294+0000] {dag.py:4180} INFO - Setting next_dagrun for example_bash_operator to 2025-02-28 00:00:00+00:00, run_after=2025-03-01 00:00:00+00:00
[2025-03-01T14:28:12.328+0000] {processor.py:208} INFO - Processing /home/airflow/.local/lib/python3.12/site-packages/airflow/example_dags/example_bash_operator.py took 0.190 seconds
[2025-03-01T14:28:42.704+0000] {processor.py:186} INFO - Started process (PID=1441) to work on /home/airflow/.local/lib/python3.12/site-packages/airflow/example_dags/example_bash_operator.py
[2025-03-01T14:28:42.705+0000] {processor.py:914} INFO - Processing file /home/airflow/.local/lib/python3.12/site-packages/airflow/example_dags/example_bash_operator.py for tasks to queue
[2025-03-01T14:28:42.707+0000] {logging_mixin.py:190} INFO - [2025-03-01T14:28:42.706+0000] {dagbag.py:588} INFO - Filling up the DagBag from /home/airflow/.local/lib/python3.12/site-packages/airflow/example_dags/example_bash_operator.py
[2025-03-01T14:28:42.741+0000] {processor.py:925} INFO - DAG(s) 'example_bash_operator' retrieved from /home/airflow/.local/lib/python3.12/site-packages/airflow/example_dags/example_bash_operator.py
[2025-03-01T14:28:42.828+0000] {logging_mixin.py:190} INFO - [2025-03-01T14:28:42.828+0000] {dag.py:3239} INFO - Sync 1 DAGs
[2025-03-01T14:28:42.915+0000] {logging_mixin.py:190} INFO - [2025-03-01T14:28:42.915+0000] {dag.py:4180} INFO - Setting next_dagrun for example_bash_operator to 2025-02-28 00:00:00+00:00, run_after=2025-03-01 00:00:00+00:00
[2025-03-01T14:28:42.973+0000] {processor.py:208} INFO - Processing /home/airflow/.local/lib/python3.12/site-packages/airflow/example_dags/example_bash_operator.py took 0.288 seconds
[2025-03-01T14:29:13.137+0000] {processor.py:186} INFO - Started process (PID=1505) to work on /home/airflow/.local/lib/python3.12/site-packages/airflow/example_dags/example_bash_operator.py
[2025-03-01T14:29:13.138+0000] {processor.py:914} INFO - Processing file /home/airflow/.local/lib/python3.12/site-packages/airflow/example_dags/example_bash_operator.py for tasks to queue
[2025-03-01T14:29:13.140+0000] {logging_mixin.py:190} INFO - [2025-03-01T14:29:13.140+0000] {dagbag.py:588} INFO - Filling up the DagBag from /home/airflow/.local/lib/python3.12/site-packages/airflow/example_dags/example_bash_operator.py
[2025-03-01T14:29:13.158+0000] {processor.py:925} INFO - DAG(s) 'example_bash_operator' retrieved from /home/airflow/.local/lib/python3.12/site-packages/airflow/example_dags/example_bash_operator.py
[2025-03-01T14:29:13.200+0000] {logging_mixin.py:190} INFO - [2025-03-01T14:29:13.200+0000] {dag.py:3239} INFO - Sync 1 DAGs
[2025-03-01T14:29:13.236+0000] {logging_mixin.py:190} INFO - [2025-03-01T14:29:13.236+0000] {dag.py:4180} INFO - Setting next_dagrun for example_bash_operator to 2025-02-28 00:00:00+00:00, run_after=2025-03-01 00:00:00+00:00
[2025-03-01T14:29:13.273+0000] {processor.py:208} INFO - Processing /home/airflow/.local/lib/python3.12/site-packages/airflow/example_dags/example_bash_operator.py took 0.142 seconds
[2025-03-01T14:29:43.454+0000] {processor.py:186} INFO - Started process (PID=1568) to work on /home/airflow/.local/lib/python3.12/site-packages/airflow/example_dags/example_bash_operator.py
[2025-03-01T14:29:43.455+0000] {processor.py:914} INFO - Processing file /home/airflow/.local/lib/python3.12/site-packages/airflow/example_dags/example_bash_operator.py for tasks to queue
[2025-03-01T14:29:43.457+0000] {logging_mixin.py:190} INFO - [2025-03-01T14:29:43.457+0000] {dagbag.py:588} INFO - Filling up the DagBag from /home/airflow/.local/lib/python3.12/site-packages/airflow/example_dags/example_bash_operator.py
[2025-03-01T14:29:43.471+0000] {processor.py:925} INFO - DAG(s) 'example_bash_operator' retrieved from /home/airflow/.local/lib/python3.12/site-packages/airflow/example_dags/example_bash_operator.py
[2025-03-01T14:29:43.502+0000] {logging_mixin.py:190} INFO - [2025-03-01T14:29:43.502+0000] {dag.py:3239} INFO - Sync 1 DAGs
[2025-03-01T14:29:43.538+0000] {logging_mixin.py:190} INFO - [2025-03-01T14:29:43.537+0000] {dag.py:4180} INFO - Setting next_dagrun for example_bash_operator to 2025-02-28 00:00:00+00:00, run_after=2025-03-01 00:00:00+00:00
[2025-03-01T14:29:43.608+0000] {processor.py:208} INFO - Processing /home/airflow/.local/lib/python3.12/site-packages/airflow/example_dags/example_bash_operator.py took 0.160 seconds
[2025-03-01T14:30:13.914+0000] {processor.py:186} INFO - Started process (PID=1631) to work on /home/airflow/.local/lib/python3.12/site-packages/airflow/example_dags/example_bash_operator.py
[2025-03-01T14:30:13.915+0000] {processor.py:914} INFO - Processing file /home/airflow/.local/lib/python3.12/site-packages/airflow/example_dags/example_bash_operator.py for tasks to queue
[2025-03-01T14:30:13.917+0000] {logging_mixin.py:190} INFO - [2025-03-01T14:30:13.916+0000] {dagbag.py:588} INFO - Filling up the DagBag from /home/airflow/.local/lib/python3.12/site-packages/airflow/example_dags/example_bash_operator.py
[2025-03-01T14:30:13.930+0000] {processor.py:925} INFO - DAG(s) 'example_bash_operator' retrieved from /home/airflow/.local/lib/python3.12/site-packages/airflow/example_dags/example_bash_operator.py
[2025-03-01T14:30:14.010+0000] {logging_mixin.py:190} INFO - [2025-03-01T14:30:14.010+0000] {dag.py:3239} INFO - Sync 1 DAGs
[2025-03-01T14:30:14.048+0000] {logging_mixin.py:190} INFO - [2025-03-01T14:30:14.048+0000] {dag.py:4180} INFO - Setting next_dagrun for example_bash_operator to 2025-02-28 00:00:00+00:00, run_after=2025-03-01 00:00:00+00:00
[2025-03-01T14:30:14.064+0000] {processor.py:208} INFO - Processing /home/airflow/.local/lib/python3.12/site-packages/airflow/example_dags/example_bash_operator.py took 0.156 seconds
[2025-03-01T14:30:44.266+0000] {processor.py:186} INFO - Started process (PID=1694) to work on /home/airflow/.local/lib/python3.12/site-packages/airflow/example_dags/example_bash_operator.py
[2025-03-01T14:30:44.266+0000] {processor.py:914} INFO - Processing file /home/airflow/.local/lib/python3.12/site-packages/airflow/example_dags/example_bash_operator.py for tasks to queue
[2025-03-01T14:30:44.269+0000] {logging_mixin.py:190} INFO - [2025-03-01T14:30:44.268+0000] {dagbag.py:588} INFO - Filling up the DagBag from /home/airflow/.local/lib/python3.12/site-packages/airflow/example_dags/example_bash_operator.py
[2025-03-01T14:30:44.282+0000] {processor.py:925} INFO - DAG(s) 'example_bash_operator' retrieved from /home/airflow/.local/lib/python3.12/site-packages/airflow/example_dags/example_bash_operator.py
[2025-03-01T14:30:44.309+0000] {logging_mixin.py:190} INFO - [2025-03-01T14:30:44.309+0000] {dag.py:3239} INFO - Sync 1 DAGs
[2025-03-01T14:30:44.333+0000] {logging_mixin.py:190} INFO - [2025-03-01T14:30:44.333+0000] {dag.py:4180} INFO - Setting next_dagrun for example_bash_operator to 2025-02-28 00:00:00+00:00, run_after=2025-03-01 00:00:00+00:00
[2025-03-01T14:30:44.350+0000] {processor.py:208} INFO - Processing /home/airflow/.local/lib/python3.12/site-packages/airflow/example_dags/example_bash_operator.py took 0.090 seconds
[2025-03-01T14:31:14.700+0000] {processor.py:186} INFO - Started process (PID=1758) to work on /home/airflow/.local/lib/python3.12/site-packages/airflow/example_dags/example_bash_operator.py
[2025-03-01T14:31:14.701+0000] {processor.py:914} INFO - Processing file /home/airflow/.local/lib/python3.12/site-packages/airflow/example_dags/example_bash_operator.py for tasks to queue
[2025-03-01T14:31:14.703+0000] {logging_mixin.py:190} INFO - [2025-03-01T14:31:14.703+0000] {dagbag.py:588} INFO - Filling up the DagBag from /home/airflow/.local/lib/python3.12/site-packages/airflow/example_dags/example_bash_operator.py
[2025-03-01T14:31:14.717+0000] {processor.py:925} INFO - DAG(s) 'example_bash_operator' retrieved from /home/airflow/.local/lib/python3.12/site-packages/airflow/example_dags/example_bash_operator.py
[2025-03-01T14:31:14.744+0000] {logging_mixin.py:190} INFO - [2025-03-01T14:31:14.744+0000] {dag.py:3239} INFO - Sync 1 DAGs
[2025-03-01T14:31:14.769+0000] {logging_mixin.py:190} INFO - [2025-03-01T14:31:14.769+0000] {dag.py:4180} INFO - Setting next_dagrun for example_bash_operator to 2025-02-28 00:00:00+00:00, run_after=2025-03-01 00:00:00+00:00
[2025-03-01T14:31:14.784+0000] {processor.py:208} INFO - Processing /home/airflow/.local/lib/python3.12/site-packages/airflow/example_dags/example_bash_operator.py took 0.090 seconds
[2025-03-01T14:31:45.024+0000] {processor.py:186} INFO - Started process (PID=1821) to work on /home/airflow/.local/lib/python3.12/site-packages/airflow/example_dags/example_bash_operator.py
[2025-03-01T14:31:45.025+0000] {processor.py:914} INFO - Processing file /home/airflow/.local/lib/python3.12/site-packages/airflow/example_dags/example_bash_operator.py for tasks to queue
[2025-03-01T14:31:45.027+0000] {logging_mixin.py:190} INFO - [2025-03-01T14:31:45.027+0000] {dagbag.py:588} INFO - Filling up the DagBag from /home/airflow/.local/lib/python3.12/site-packages/airflow/example_dags/example_bash_operator.py
[2025-03-01T14:31:45.041+0000] {processor.py:925} INFO - DAG(s) 'example_bash_operator' retrieved from /home/airflow/.local/lib/python3.12/site-packages/airflow/example_dags/example_bash_operator.py
[2025-03-01T14:31:45.069+0000] {logging_mixin.py:190} INFO - [2025-03-01T14:31:45.068+0000] {dag.py:3239} INFO - Sync 1 DAGs
[2025-03-01T14:31:45.094+0000] {logging_mixin.py:190} INFO - [2025-03-01T14:31:45.093+0000] {dag.py:4180} INFO - Setting next_dagrun for example_bash_operator to 2025-02-28 00:00:00+00:00, run_after=2025-03-01 00:00:00+00:00
[2025-03-01T14:31:45.108+0000] {processor.py:208} INFO - Processing /home/airflow/.local/lib/python3.12/site-packages/airflow/example_dags/example_bash_operator.py took 0.090 seconds
[2025-03-01T14:32:15.396+0000] {processor.py:186} INFO - Started process (PID=1884) to work on /home/airflow/.local/lib/python3.12/site-packages/airflow/example_dags/example_bash_operator.py
[2025-03-01T14:32:15.397+0000] {processor.py:914} INFO - Processing file /home/airflow/.local/lib/python3.12/site-packages/airflow/example_dags/example_bash_operator.py for tasks to queue
[2025-03-01T14:32:15.399+0000] {logging_mixin.py:190} INFO - [2025-03-01T14:32:15.399+0000] {dagbag.py:588} INFO - Filling up the DagBag from /home/airflow/.local/lib/python3.12/site-packages/airflow/example_dags/example_bash_operator.py
[2025-03-01T14:32:15.419+0000] {processor.py:925} INFO - DAG(s) 'example_bash_operator' retrieved from /home/airflow/.local/lib/python3.12/site-packages/airflow/example_dags/example_bash_operator.py
[2025-03-01T14:32:15.519+0000] {logging_mixin.py:190} INFO - [2025-03-01T14:32:15.519+0000] {dag.py:3239} INFO - Sync 1 DAGs
[2025-03-01T14:32:15.548+0000] {logging_mixin.py:190} INFO - [2025-03-01T14:32:15.548+0000] {dag.py:4180} INFO - Setting next_dagrun for example_bash_operator to 2025-02-28 00:00:00+00:00, run_after=2025-03-01 00:00:00+00:00
[2025-03-01T14:32:15.564+0000] {processor.py:208} INFO - Processing /home/airflow/.local/lib/python3.12/site-packages/airflow/example_dags/example_bash_operator.py took 0.174 seconds
[2025-03-01T14:32:46.442+0000] {processor.py:186} INFO - Started process (PID=1946) to work on /home/airflow/.local/lib/python3.12/site-packages/airflow/example_dags/example_bash_operator.py
[2025-03-01T14:32:46.443+0000] {processor.py:914} INFO - Processing file /home/airflow/.local/lib/python3.12/site-packages/airflow/example_dags/example_bash_operator.py for tasks to queue
[2025-03-01T14:32:46.445+0000] {logging_mixin.py:190} INFO - [2025-03-01T14:32:46.445+0000] {dagbag.py:588} INFO - Filling up the DagBag from /home/airflow/.local/lib/python3.12/site-packages/airflow/example_dags/example_bash_operator.py
[2025-03-01T14:32:46.459+0000] {processor.py:925} INFO - DAG(s) 'example_bash_operator' retrieved from /home/airflow/.local/lib/python3.12/site-packages/airflow/example_dags/example_bash_operator.py
[2025-03-01T14:32:46.488+0000] {logging_mixin.py:190} INFO - [2025-03-01T14:32:46.487+0000] {dag.py:3239} INFO - Sync 1 DAGs
[2025-03-01T14:32:46.516+0000] {logging_mixin.py:190} INFO - [2025-03-01T14:32:46.516+0000] {dag.py:4180} INFO - Setting next_dagrun for example_bash_operator to 2025-02-28 00:00:00+00:00, run_after=2025-03-01 00:00:00+00:00
[2025-03-01T14:32:46.531+0000] {processor.py:208} INFO - Processing /home/airflow/.local/lib/python3.12/site-packages/airflow/example_dags/example_bash_operator.py took 0.094 seconds
[2025-03-01T14:33:16.624+0000] {processor.py:186} INFO - Started process (PID=2009) to work on /home/airflow/.local/lib/python3.12/site-packages/airflow/example_dags/example_bash_operator.py
[2025-03-01T14:33:16.625+0000] {processor.py:914} INFO - Processing file /home/airflow/.local/lib/python3.12/site-packages/airflow/example_dags/example_bash_operator.py for tasks to queue
[2025-03-01T14:33:16.627+0000] {logging_mixin.py:190} INFO - [2025-03-01T14:33:16.627+0000] {dagbag.py:588} INFO - Filling up the DagBag from /home/airflow/.local/lib/python3.12/site-packages/airflow/example_dags/example_bash_operator.py
[2025-03-01T14:33:16.641+0000] {processor.py:925} INFO - DAG(s) 'example_bash_operator' retrieved from /home/airflow/.local/lib/python3.12/site-packages/airflow/example_dags/example_bash_operator.py
[2025-03-01T14:33:16.669+0000] {logging_mixin.py:190} INFO - [2025-03-01T14:33:16.669+0000] {dag.py:3239} INFO - Sync 1 DAGs
[2025-03-01T14:33:16.695+0000] {logging_mixin.py:190} INFO - [2025-03-01T14:33:16.695+0000] {dag.py:4180} INFO - Setting next_dagrun for example_bash_operator to 2025-02-28 00:00:00+00:00, run_after=2025-03-01 00:00:00+00:00
[2025-03-01T14:33:16.710+0000] {processor.py:208} INFO - Processing /home/airflow/.local/lib/python3.12/site-packages/airflow/example_dags/example_bash_operator.py took 0.091 seconds
