[2025-03-01T14:17:54.130+0000] {processor.py:186} INFO - Started process (PID=106) to work on /home/airflow/.local/lib/python3.12/site-packages/airflow/example_dags/example_latest_only_with_trigger.py
[2025-03-01T14:17:54.136+0000] {processor.py:914} INFO - Processing file /home/airflow/.local/lib/python3.12/site-packages/airflow/example_dags/example_latest_only_with_trigger.py for tasks to queue
[2025-03-01T14:17:54.143+0000] {logging_mixin.py:190} INFO - [2025-03-01T14:17:54.143+0000] {dagbag.py:588} INFO - Filling up the DagBag from /home/airflow/.local/lib/python3.12/site-packages/airflow/example_dags/example_latest_only_with_trigger.py
[2025-03-01T14:17:54.169+0000] {processor.py:925} INFO - DAG(s) 'latest_only_with_trigger' retrieved from /home/airflow/.local/lib/python3.12/site-packages/airflow/example_dags/example_latest_only_with_trigger.py
[2025-03-01T14:17:54.393+0000] {logging_mixin.py:190} INFO - [2025-03-01T14:17:54.393+0000] {override.py:1912} INFO - Created Permission View: can edit on DAG:latest_only_with_trigger
[2025-03-01T14:17:54.413+0000] {logging_mixin.py:190} INFO - [2025-03-01T14:17:54.413+0000] {override.py:1912} INFO - Created Permission View: can read on DAG:latest_only_with_trigger
[2025-03-01T14:17:54.424+0000] {logging_mixin.py:190} INFO - [2025-03-01T14:17:54.424+0000] {override.py:1912} INFO - Created Permission View: can delete on DAG:latest_only_with_trigger
[2025-03-01T14:17:54.434+0000] {logging_mixin.py:190} INFO - [2025-03-01T14:17:54.433+0000] {override.py:1912} INFO - Created Permission View: menu access on DAG Run:latest_only_with_trigger
[2025-03-01T14:17:54.444+0000] {logging_mixin.py:190} INFO - [2025-03-01T14:17:54.443+0000] {override.py:1912} INFO - Created Permission View: can read on DAG Run:latest_only_with_trigger
[2025-03-01T14:17:54.455+0000] {logging_mixin.py:190} INFO - [2025-03-01T14:17:54.455+0000] {override.py:1912} INFO - Created Permission View: can create on DAG Run:latest_only_with_trigger
[2025-03-01T14:17:54.465+0000] {logging_mixin.py:190} INFO - [2025-03-01T14:17:54.465+0000] {override.py:1912} INFO - Created Permission View: can delete on DAG Run:latest_only_with_trigger
[2025-03-01T14:17:54.466+0000] {logging_mixin.py:190} INFO - [2025-03-01T14:17:54.466+0000] {dag.py:3239} INFO - Sync 1 DAGs
[2025-03-01T14:17:54.495+0000] {logging_mixin.py:190} INFO - [2025-03-01T14:17:54.495+0000] {dag.py:3262} INFO - Creating ORM DAG for latest_only_with_trigger
[2025-03-01T14:17:54.506+0000] {logging_mixin.py:190} INFO - [2025-03-01T14:17:54.505+0000] {dag.py:4180} INFO - Setting next_dagrun for latest_only_with_trigger to 2025-03-01 08:00:00+00:00, run_after=2025-03-01 12:00:00+00:00
[2025-03-01T14:17:54.532+0000] {processor.py:208} INFO - Processing /home/airflow/.local/lib/python3.12/site-packages/airflow/example_dags/example_latest_only_with_trigger.py took 0.430 seconds
[2025-03-01T14:18:24.971+0000] {processor.py:186} INFO - Started process (PID=169) to work on /home/airflow/.local/lib/python3.12/site-packages/airflow/example_dags/example_latest_only_with_trigger.py
[2025-03-01T14:18:24.979+0000] {processor.py:914} INFO - Processing file /home/airflow/.local/lib/python3.12/site-packages/airflow/example_dags/example_latest_only_with_trigger.py for tasks to queue
[2025-03-01T14:18:24.982+0000] {logging_mixin.py:190} INFO - [2025-03-01T14:18:24.982+0000] {dagbag.py:588} INFO - Filling up the DagBag from /home/airflow/.local/lib/python3.12/site-packages/airflow/example_dags/example_latest_only_with_trigger.py
[2025-03-01T14:18:24.998+0000] {processor.py:925} INFO - DAG(s) 'latest_only_with_trigger' retrieved from /home/airflow/.local/lib/python3.12/site-packages/airflow/example_dags/example_latest_only_with_trigger.py
[2025-03-01T14:18:25.028+0000] {logging_mixin.py:190} INFO - [2025-03-01T14:18:25.027+0000] {dag.py:3239} INFO - Sync 1 DAGs
[2025-03-01T14:18:25.052+0000] {logging_mixin.py:190} INFO - [2025-03-01T14:18:25.052+0000] {dag.py:4180} INFO - Setting next_dagrun for latest_only_with_trigger to 2025-03-01 08:00:00+00:00, run_after=2025-03-01 12:00:00+00:00
[2025-03-01T14:18:25.069+0000] {processor.py:208} INFO - Processing /home/airflow/.local/lib/python3.12/site-packages/airflow/example_dags/example_latest_only_with_trigger.py took 0.104 seconds
[2025-03-01T14:18:55.955+0000] {processor.py:186} INFO - Started process (PID=232) to work on /home/airflow/.local/lib/python3.12/site-packages/airflow/example_dags/example_latest_only_with_trigger.py
[2025-03-01T14:18:55.956+0000] {processor.py:914} INFO - Processing file /home/airflow/.local/lib/python3.12/site-packages/airflow/example_dags/example_latest_only_with_trigger.py for tasks to queue
[2025-03-01T14:18:55.959+0000] {logging_mixin.py:190} INFO - [2025-03-01T14:18:55.958+0000] {dagbag.py:588} INFO - Filling up the DagBag from /home/airflow/.local/lib/python3.12/site-packages/airflow/example_dags/example_latest_only_with_trigger.py
[2025-03-01T14:18:55.966+0000] {processor.py:925} INFO - DAG(s) 'latest_only_with_trigger' retrieved from /home/airflow/.local/lib/python3.12/site-packages/airflow/example_dags/example_latest_only_with_trigger.py
[2025-03-01T14:18:55.985+0000] {logging_mixin.py:190} INFO - [2025-03-01T14:18:55.985+0000] {dag.py:3239} INFO - Sync 1 DAGs
[2025-03-01T14:18:56.009+0000] {logging_mixin.py:190} INFO - [2025-03-01T14:18:56.009+0000] {dag.py:4180} INFO - Setting next_dagrun for latest_only_with_trigger to 2025-03-01 08:00:00+00:00, run_after=2025-03-01 12:00:00+00:00
[2025-03-01T14:18:56.025+0000] {processor.py:208} INFO - Processing /home/airflow/.local/lib/python3.12/site-packages/airflow/example_dags/example_latest_only_with_trigger.py took 0.076 seconds
[2025-03-01T14:19:26.261+0000] {processor.py:186} INFO - Started process (PID=294) to work on /home/airflow/.local/lib/python3.12/site-packages/airflow/example_dags/example_latest_only_with_trigger.py
[2025-03-01T14:19:26.263+0000] {processor.py:914} INFO - Processing file /home/airflow/.local/lib/python3.12/site-packages/airflow/example_dags/example_latest_only_with_trigger.py for tasks to queue
[2025-03-01T14:19:26.265+0000] {logging_mixin.py:190} INFO - [2025-03-01T14:19:26.265+0000] {dagbag.py:588} INFO - Filling up the DagBag from /home/airflow/.local/lib/python3.12/site-packages/airflow/example_dags/example_latest_only_with_trigger.py
[2025-03-01T14:19:26.276+0000] {processor.py:925} INFO - DAG(s) 'latest_only_with_trigger' retrieved from /home/airflow/.local/lib/python3.12/site-packages/airflow/example_dags/example_latest_only_with_trigger.py
[2025-03-01T14:19:26.307+0000] {logging_mixin.py:190} INFO - [2025-03-01T14:19:26.306+0000] {dag.py:3239} INFO - Sync 1 DAGs
[2025-03-01T14:19:26.332+0000] {logging_mixin.py:190} INFO - [2025-03-01T14:19:26.331+0000] {dag.py:4180} INFO - Setting next_dagrun for latest_only_with_trigger to 2025-03-01 08:00:00+00:00, run_after=2025-03-01 12:00:00+00:00
[2025-03-01T14:19:26.349+0000] {processor.py:208} INFO - Processing /home/airflow/.local/lib/python3.12/site-packages/airflow/example_dags/example_latest_only_with_trigger.py took 0.094 seconds
[2025-03-01T14:19:56.734+0000] {processor.py:186} INFO - Started process (PID=357) to work on /home/airflow/.local/lib/python3.12/site-packages/airflow/example_dags/example_latest_only_with_trigger.py
[2025-03-01T14:19:56.734+0000] {processor.py:914} INFO - Processing file /home/airflow/.local/lib/python3.12/site-packages/airflow/example_dags/example_latest_only_with_trigger.py for tasks to queue
[2025-03-01T14:19:56.736+0000] {logging_mixin.py:190} INFO - [2025-03-01T14:19:56.736+0000] {dagbag.py:588} INFO - Filling up the DagBag from /home/airflow/.local/lib/python3.12/site-packages/airflow/example_dags/example_latest_only_with_trigger.py
[2025-03-01T14:19:56.744+0000] {processor.py:925} INFO - DAG(s) 'latest_only_with_trigger' retrieved from /home/airflow/.local/lib/python3.12/site-packages/airflow/example_dags/example_latest_only_with_trigger.py
[2025-03-01T14:19:56.767+0000] {logging_mixin.py:190} INFO - [2025-03-01T14:19:56.767+0000] {dag.py:3239} INFO - Sync 1 DAGs
[2025-03-01T14:19:56.794+0000] {logging_mixin.py:190} INFO - [2025-03-01T14:19:56.794+0000] {dag.py:4180} INFO - Setting next_dagrun for latest_only_with_trigger to 2025-03-01 08:00:00+00:00, run_after=2025-03-01 12:00:00+00:00
[2025-03-01T14:19:56.822+0000] {processor.py:208} INFO - Processing /home/airflow/.local/lib/python3.12/site-packages/airflow/example_dags/example_latest_only_with_trigger.py took 0.094 seconds
[2025-03-01T14:20:29.153+0000] {processor.py:186} INFO - Started process (PID=426) to work on /home/airflow/.local/lib/python3.12/site-packages/airflow/example_dags/example_latest_only_with_trigger.py
[2025-03-01T14:20:29.156+0000] {processor.py:914} INFO - Processing file /home/airflow/.local/lib/python3.12/site-packages/airflow/example_dags/example_latest_only_with_trigger.py for tasks to queue
[2025-03-01T14:20:29.158+0000] {logging_mixin.py:190} INFO - [2025-03-01T14:20:29.158+0000] {dagbag.py:588} INFO - Filling up the DagBag from /home/airflow/.local/lib/python3.12/site-packages/airflow/example_dags/example_latest_only_with_trigger.py
[2025-03-01T14:20:29.170+0000] {processor.py:925} INFO - DAG(s) 'latest_only_with_trigger' retrieved from /home/airflow/.local/lib/python3.12/site-packages/airflow/example_dags/example_latest_only_with_trigger.py
[2025-03-01T14:20:29.205+0000] {logging_mixin.py:190} INFO - [2025-03-01T14:20:29.205+0000] {dag.py:3239} INFO - Sync 1 DAGs
[2025-03-01T14:20:29.252+0000] {logging_mixin.py:190} INFO - [2025-03-01T14:20:29.251+0000] {dag.py:4180} INFO - Setting next_dagrun for latest_only_with_trigger to 2025-03-01 08:00:00+00:00, run_after=2025-03-01 12:00:00+00:00
[2025-03-01T14:20:29.284+0000] {processor.py:208} INFO - Processing /home/airflow/.local/lib/python3.12/site-packages/airflow/example_dags/example_latest_only_with_trigger.py took 0.145 seconds
[2025-03-01T14:20:59.949+0000] {processor.py:186} INFO - Started process (PID=489) to work on /home/airflow/.local/lib/python3.12/site-packages/airflow/example_dags/example_latest_only_with_trigger.py
[2025-03-01T14:20:59.958+0000] {processor.py:914} INFO - Processing file /home/airflow/.local/lib/python3.12/site-packages/airflow/example_dags/example_latest_only_with_trigger.py for tasks to queue
[2025-03-01T14:20:59.962+0000] {logging_mixin.py:190} INFO - [2025-03-01T14:20:59.962+0000] {dagbag.py:588} INFO - Filling up the DagBag from /home/airflow/.local/lib/python3.12/site-packages/airflow/example_dags/example_latest_only_with_trigger.py
[2025-03-01T14:20:59.975+0000] {processor.py:925} INFO - DAG(s) 'latest_only_with_trigger' retrieved from /home/airflow/.local/lib/python3.12/site-packages/airflow/example_dags/example_latest_only_with_trigger.py
[2025-03-01T14:21:00.018+0000] {logging_mixin.py:190} INFO - [2025-03-01T14:21:00.018+0000] {dag.py:3239} INFO - Sync 1 DAGs
[2025-03-01T14:21:00.074+0000] {logging_mixin.py:190} INFO - [2025-03-01T14:21:00.072+0000] {dag.py:4180} INFO - Setting next_dagrun for latest_only_with_trigger to 2025-03-01 08:00:00+00:00, run_after=2025-03-01 12:00:00+00:00
[2025-03-01T14:21:00.125+0000] {processor.py:208} INFO - Processing /home/airflow/.local/lib/python3.12/site-packages/airflow/example_dags/example_latest_only_with_trigger.py took 0.190 seconds
[2025-03-01T14:21:30.634+0000] {processor.py:186} INFO - Started process (PID=551) to work on /home/airflow/.local/lib/python3.12/site-packages/airflow/example_dags/example_latest_only_with_trigger.py
[2025-03-01T14:21:30.634+0000] {processor.py:914} INFO - Processing file /home/airflow/.local/lib/python3.12/site-packages/airflow/example_dags/example_latest_only_with_trigger.py for tasks to queue
[2025-03-01T14:21:30.636+0000] {logging_mixin.py:190} INFO - [2025-03-01T14:21:30.636+0000] {dagbag.py:588} INFO - Filling up the DagBag from /home/airflow/.local/lib/python3.12/site-packages/airflow/example_dags/example_latest_only_with_trigger.py
[2025-03-01T14:21:30.653+0000] {processor.py:925} INFO - DAG(s) 'latest_only_with_trigger' retrieved from /home/airflow/.local/lib/python3.12/site-packages/airflow/example_dags/example_latest_only_with_trigger.py
[2025-03-01T14:21:30.734+0000] {logging_mixin.py:190} INFO - [2025-03-01T14:21:30.734+0000] {dag.py:3239} INFO - Sync 1 DAGs
[2025-03-01T14:21:30.792+0000] {logging_mixin.py:190} INFO - [2025-03-01T14:21:30.792+0000] {dag.py:4180} INFO - Setting next_dagrun for latest_only_with_trigger to 2025-03-01 08:00:00+00:00, run_after=2025-03-01 12:00:00+00:00
[2025-03-01T14:21:30.822+0000] {processor.py:208} INFO - Processing /home/airflow/.local/lib/python3.12/site-packages/airflow/example_dags/example_latest_only_with_trigger.py took 0.194 seconds
[2025-03-01T14:22:00.883+0000] {processor.py:186} INFO - Started process (PID=613) to work on /home/airflow/.local/lib/python3.12/site-packages/airflow/example_dags/example_latest_only_with_trigger.py
[2025-03-01T14:22:00.883+0000] {processor.py:914} INFO - Processing file /home/airflow/.local/lib/python3.12/site-packages/airflow/example_dags/example_latest_only_with_trigger.py for tasks to queue
[2025-03-01T14:22:00.885+0000] {logging_mixin.py:190} INFO - [2025-03-01T14:22:00.885+0000] {dagbag.py:588} INFO - Filling up the DagBag from /home/airflow/.local/lib/python3.12/site-packages/airflow/example_dags/example_latest_only_with_trigger.py
[2025-03-01T14:22:00.890+0000] {processor.py:925} INFO - DAG(s) 'latest_only_with_trigger' retrieved from /home/airflow/.local/lib/python3.12/site-packages/airflow/example_dags/example_latest_only_with_trigger.py
[2025-03-01T14:22:00.905+0000] {logging_mixin.py:190} INFO - [2025-03-01T14:22:00.905+0000] {dag.py:3239} INFO - Sync 1 DAGs
[2025-03-01T14:22:00.920+0000] {logging_mixin.py:190} INFO - [2025-03-01T14:22:00.920+0000] {dag.py:4180} INFO - Setting next_dagrun for latest_only_with_trigger to 2025-03-01 08:00:00+00:00, run_after=2025-03-01 12:00:00+00:00
[2025-03-01T14:22:00.932+0000] {processor.py:208} INFO - Processing /home/airflow/.local/lib/python3.12/site-packages/airflow/example_dags/example_latest_only_with_trigger.py took 0.054 seconds
[2025-03-01T14:22:31.283+0000] {processor.py:186} INFO - Started process (PID=677) to work on /home/airflow/.local/lib/python3.12/site-packages/airflow/example_dags/example_latest_only_with_trigger.py
[2025-03-01T14:22:31.284+0000] {processor.py:914} INFO - Processing file /home/airflow/.local/lib/python3.12/site-packages/airflow/example_dags/example_latest_only_with_trigger.py for tasks to queue
[2025-03-01T14:22:31.287+0000] {logging_mixin.py:190} INFO - [2025-03-01T14:22:31.286+0000] {dagbag.py:588} INFO - Filling up the DagBag from /home/airflow/.local/lib/python3.12/site-packages/airflow/example_dags/example_latest_only_with_trigger.py
[2025-03-01T14:22:31.294+0000] {processor.py:925} INFO - DAG(s) 'latest_only_with_trigger' retrieved from /home/airflow/.local/lib/python3.12/site-packages/airflow/example_dags/example_latest_only_with_trigger.py
[2025-03-01T14:22:31.315+0000] {logging_mixin.py:190} INFO - [2025-03-01T14:22:31.315+0000] {dag.py:3239} INFO - Sync 1 DAGs
[2025-03-01T14:22:31.339+0000] {logging_mixin.py:190} INFO - [2025-03-01T14:22:31.339+0000] {dag.py:4180} INFO - Setting next_dagrun for latest_only_with_trigger to 2025-03-01 08:00:00+00:00, run_after=2025-03-01 12:00:00+00:00
[2025-03-01T14:22:31.356+0000] {processor.py:208} INFO - Processing /home/airflow/.local/lib/python3.12/site-packages/airflow/example_dags/example_latest_only_with_trigger.py took 0.078 seconds
[2025-03-01T14:23:01.511+0000] {processor.py:186} INFO - Started process (PID=741) to work on /home/airflow/.local/lib/python3.12/site-packages/airflow/example_dags/example_latest_only_with_trigger.py
[2025-03-01T14:23:01.512+0000] {processor.py:914} INFO - Processing file /home/airflow/.local/lib/python3.12/site-packages/airflow/example_dags/example_latest_only_with_trigger.py for tasks to queue
[2025-03-01T14:23:01.514+0000] {logging_mixin.py:190} INFO - [2025-03-01T14:23:01.514+0000] {dagbag.py:588} INFO - Filling up the DagBag from /home/airflow/.local/lib/python3.12/site-packages/airflow/example_dags/example_latest_only_with_trigger.py
[2025-03-01T14:23:01.521+0000] {processor.py:925} INFO - DAG(s) 'latest_only_with_trigger' retrieved from /home/airflow/.local/lib/python3.12/site-packages/airflow/example_dags/example_latest_only_with_trigger.py
[2025-03-01T14:23:01.550+0000] {logging_mixin.py:190} INFO - [2025-03-01T14:23:01.550+0000] {dag.py:3239} INFO - Sync 1 DAGs
[2025-03-01T14:23:01.574+0000] {logging_mixin.py:190} INFO - [2025-03-01T14:23:01.574+0000] {dag.py:4180} INFO - Setting next_dagrun for latest_only_with_trigger to 2025-03-01 08:00:00+00:00, run_after=2025-03-01 12:00:00+00:00
[2025-03-01T14:23:01.589+0000] {processor.py:208} INFO - Processing /home/airflow/.local/lib/python3.12/site-packages/airflow/example_dags/example_latest_only_with_trigger.py took 0.089 seconds
[2025-03-01T14:23:31.656+0000] {processor.py:186} INFO - Started process (PID=805) to work on /home/airflow/.local/lib/python3.12/site-packages/airflow/example_dags/example_latest_only_with_trigger.py
[2025-03-01T14:23:31.657+0000] {processor.py:914} INFO - Processing file /home/airflow/.local/lib/python3.12/site-packages/airflow/example_dags/example_latest_only_with_trigger.py for tasks to queue
[2025-03-01T14:23:31.659+0000] {logging_mixin.py:190} INFO - [2025-03-01T14:23:31.659+0000] {dagbag.py:588} INFO - Filling up the DagBag from /home/airflow/.local/lib/python3.12/site-packages/airflow/example_dags/example_latest_only_with_trigger.py
[2025-03-01T14:23:31.666+0000] {processor.py:925} INFO - DAG(s) 'latest_only_with_trigger' retrieved from /home/airflow/.local/lib/python3.12/site-packages/airflow/example_dags/example_latest_only_with_trigger.py
[2025-03-01T14:23:31.687+0000] {logging_mixin.py:190} INFO - [2025-03-01T14:23:31.687+0000] {dag.py:3239} INFO - Sync 1 DAGs
[2025-03-01T14:23:31.712+0000] {logging_mixin.py:190} INFO - [2025-03-01T14:23:31.712+0000] {dag.py:4180} INFO - Setting next_dagrun for latest_only_with_trigger to 2025-03-01 08:00:00+00:00, run_after=2025-03-01 12:00:00+00:00
[2025-03-01T14:23:31.728+0000] {processor.py:208} INFO - Processing /home/airflow/.local/lib/python3.12/site-packages/airflow/example_dags/example_latest_only_with_trigger.py took 0.080 seconds
[2025-03-01T14:24:02.115+0000] {processor.py:186} INFO - Started process (PID=868) to work on /home/airflow/.local/lib/python3.12/site-packages/airflow/example_dags/example_latest_only_with_trigger.py
[2025-03-01T14:24:02.115+0000] {processor.py:914} INFO - Processing file /home/airflow/.local/lib/python3.12/site-packages/airflow/example_dags/example_latest_only_with_trigger.py for tasks to queue
[2025-03-01T14:24:02.118+0000] {logging_mixin.py:190} INFO - [2025-03-01T14:24:02.117+0000] {dagbag.py:588} INFO - Filling up the DagBag from /home/airflow/.local/lib/python3.12/site-packages/airflow/example_dags/example_latest_only_with_trigger.py
[2025-03-01T14:24:02.125+0000] {processor.py:925} INFO - DAG(s) 'latest_only_with_trigger' retrieved from /home/airflow/.local/lib/python3.12/site-packages/airflow/example_dags/example_latest_only_with_trigger.py
[2025-03-01T14:24:02.144+0000] {logging_mixin.py:190} INFO - [2025-03-01T14:24:02.144+0000] {dag.py:3239} INFO - Sync 1 DAGs
[2025-03-01T14:24:02.169+0000] {logging_mixin.py:190} INFO - [2025-03-01T14:24:02.169+0000] {dag.py:4180} INFO - Setting next_dagrun for latest_only_with_trigger to 2025-03-01 08:00:00+00:00, run_after=2025-03-01 12:00:00+00:00
[2025-03-01T14:24:02.187+0000] {processor.py:208} INFO - Processing /home/airflow/.local/lib/python3.12/site-packages/airflow/example_dags/example_latest_only_with_trigger.py took 0.079 seconds
[2025-03-01T14:24:32.480+0000] {processor.py:186} INFO - Started process (PID=931) to work on /home/airflow/.local/lib/python3.12/site-packages/airflow/example_dags/example_latest_only_with_trigger.py
[2025-03-01T14:24:32.481+0000] {processor.py:914} INFO - Processing file /home/airflow/.local/lib/python3.12/site-packages/airflow/example_dags/example_latest_only_with_trigger.py for tasks to queue
[2025-03-01T14:24:32.483+0000] {logging_mixin.py:190} INFO - [2025-03-01T14:24:32.483+0000] {dagbag.py:588} INFO - Filling up the DagBag from /home/airflow/.local/lib/python3.12/site-packages/airflow/example_dags/example_latest_only_with_trigger.py
[2025-03-01T14:24:32.490+0000] {processor.py:925} INFO - DAG(s) 'latest_only_with_trigger' retrieved from /home/airflow/.local/lib/python3.12/site-packages/airflow/example_dags/example_latest_only_with_trigger.py
[2025-03-01T14:24:32.513+0000] {logging_mixin.py:190} INFO - [2025-03-01T14:24:32.512+0000] {dag.py:3239} INFO - Sync 1 DAGs
[2025-03-01T14:24:32.536+0000] {logging_mixin.py:190} INFO - [2025-03-01T14:24:32.536+0000] {dag.py:4180} INFO - Setting next_dagrun for latest_only_with_trigger to 2025-03-01 08:00:00+00:00, run_after=2025-03-01 12:00:00+00:00
[2025-03-01T14:24:32.553+0000] {processor.py:208} INFO - Processing /home/airflow/.local/lib/python3.12/site-packages/airflow/example_dags/example_latest_only_with_trigger.py took 0.079 seconds
[2025-03-01T14:25:02.851+0000] {processor.py:186} INFO - Started process (PID=994) to work on /home/airflow/.local/lib/python3.12/site-packages/airflow/example_dags/example_latest_only_with_trigger.py
[2025-03-01T14:25:02.852+0000] {processor.py:914} INFO - Processing file /home/airflow/.local/lib/python3.12/site-packages/airflow/example_dags/example_latest_only_with_trigger.py for tasks to queue
[2025-03-01T14:25:02.854+0000] {logging_mixin.py:190} INFO - [2025-03-01T14:25:02.854+0000] {dagbag.py:588} INFO - Filling up the DagBag from /home/airflow/.local/lib/python3.12/site-packages/airflow/example_dags/example_latest_only_with_trigger.py
[2025-03-01T14:25:02.861+0000] {processor.py:925} INFO - DAG(s) 'latest_only_with_trigger' retrieved from /home/airflow/.local/lib/python3.12/site-packages/airflow/example_dags/example_latest_only_with_trigger.py
[2025-03-01T14:25:02.885+0000] {logging_mixin.py:190} INFO - [2025-03-01T14:25:02.885+0000] {dag.py:3239} INFO - Sync 1 DAGs
[2025-03-01T14:25:02.929+0000] {logging_mixin.py:190} INFO - [2025-03-01T14:25:02.928+0000] {dag.py:4180} INFO - Setting next_dagrun for latest_only_with_trigger to 2025-03-01 08:00:00+00:00, run_after=2025-03-01 12:00:00+00:00
[2025-03-01T14:25:02.965+0000] {processor.py:208} INFO - Processing /home/airflow/.local/lib/python3.12/site-packages/airflow/example_dags/example_latest_only_with_trigger.py took 0.121 seconds
[2025-03-01T14:25:33.078+0000] {processor.py:186} INFO - Started process (PID=1057) to work on /home/airflow/.local/lib/python3.12/site-packages/airflow/example_dags/example_latest_only_with_trigger.py
[2025-03-01T14:25:33.079+0000] {processor.py:914} INFO - Processing file /home/airflow/.local/lib/python3.12/site-packages/airflow/example_dags/example_latest_only_with_trigger.py for tasks to queue
[2025-03-01T14:25:33.081+0000] {logging_mixin.py:190} INFO - [2025-03-01T14:25:33.080+0000] {dagbag.py:588} INFO - Filling up the DagBag from /home/airflow/.local/lib/python3.12/site-packages/airflow/example_dags/example_latest_only_with_trigger.py
[2025-03-01T14:25:33.088+0000] {processor.py:925} INFO - DAG(s) 'latest_only_with_trigger' retrieved from /home/airflow/.local/lib/python3.12/site-packages/airflow/example_dags/example_latest_only_with_trigger.py
[2025-03-01T14:25:33.107+0000] {logging_mixin.py:190} INFO - [2025-03-01T14:25:33.107+0000] {dag.py:3239} INFO - Sync 1 DAGs
[2025-03-01T14:25:33.130+0000] {logging_mixin.py:190} INFO - [2025-03-01T14:25:33.130+0000] {dag.py:4180} INFO - Setting next_dagrun for latest_only_with_trigger to 2025-03-01 08:00:00+00:00, run_after=2025-03-01 12:00:00+00:00
[2025-03-01T14:25:33.147+0000] {processor.py:208} INFO - Processing /home/airflow/.local/lib/python3.12/site-packages/airflow/example_dags/example_latest_only_with_trigger.py took 0.075 seconds
[2025-03-01T14:26:03.720+0000] {processor.py:186} INFO - Started process (PID=1119) to work on /home/airflow/.local/lib/python3.12/site-packages/airflow/example_dags/example_latest_only_with_trigger.py
[2025-03-01T14:26:03.733+0000] {processor.py:914} INFO - Processing file /home/airflow/.local/lib/python3.12/site-packages/airflow/example_dags/example_latest_only_with_trigger.py for tasks to queue
[2025-03-01T14:26:03.736+0000] {logging_mixin.py:190} INFO - [2025-03-01T14:26:03.735+0000] {dagbag.py:588} INFO - Filling up the DagBag from /home/airflow/.local/lib/python3.12/site-packages/airflow/example_dags/example_latest_only_with_trigger.py
[2025-03-01T14:26:03.754+0000] {processor.py:925} INFO - DAG(s) 'latest_only_with_trigger' retrieved from /home/airflow/.local/lib/python3.12/site-packages/airflow/example_dags/example_latest_only_with_trigger.py
[2025-03-01T14:26:03.797+0000] {logging_mixin.py:190} INFO - [2025-03-01T14:26:03.797+0000] {dag.py:3239} INFO - Sync 1 DAGs
[2025-03-01T14:26:03.847+0000] {logging_mixin.py:190} INFO - [2025-03-01T14:26:03.846+0000] {dag.py:4180} INFO - Setting next_dagrun for latest_only_with_trigger to 2025-03-01 08:00:00+00:00, run_after=2025-03-01 12:00:00+00:00
[2025-03-01T14:26:03.880+0000] {processor.py:208} INFO - Processing /home/airflow/.local/lib/python3.12/site-packages/airflow/example_dags/example_latest_only_with_trigger.py took 0.168 seconds
[2025-03-01T14:26:34.294+0000] {processor.py:186} INFO - Started process (PID=1183) to work on /home/airflow/.local/lib/python3.12/site-packages/airflow/example_dags/example_latest_only_with_trigger.py
[2025-03-01T14:26:34.295+0000] {processor.py:914} INFO - Processing file /home/airflow/.local/lib/python3.12/site-packages/airflow/example_dags/example_latest_only_with_trigger.py for tasks to queue
[2025-03-01T14:26:34.297+0000] {logging_mixin.py:190} INFO - [2025-03-01T14:26:34.297+0000] {dagbag.py:588} INFO - Filling up the DagBag from /home/airflow/.local/lib/python3.12/site-packages/airflow/example_dags/example_latest_only_with_trigger.py
[2025-03-01T14:26:34.309+0000] {processor.py:925} INFO - DAG(s) 'latest_only_with_trigger' retrieved from /home/airflow/.local/lib/python3.12/site-packages/airflow/example_dags/example_latest_only_with_trigger.py
[2025-03-01T14:26:34.346+0000] {logging_mixin.py:190} INFO - [2025-03-01T14:26:34.345+0000] {dag.py:3239} INFO - Sync 1 DAGs
[2025-03-01T14:26:34.400+0000] {logging_mixin.py:190} INFO - [2025-03-01T14:26:34.399+0000] {dag.py:4180} INFO - Setting next_dagrun for latest_only_with_trigger to 2025-03-01 08:00:00+00:00, run_after=2025-03-01 12:00:00+00:00
[2025-03-01T14:26:34.435+0000] {processor.py:208} INFO - Processing /home/airflow/.local/lib/python3.12/site-packages/airflow/example_dags/example_latest_only_with_trigger.py took 0.155 seconds
[2025-03-01T14:27:04.910+0000] {processor.py:186} INFO - Started process (PID=1246) to work on /home/airflow/.local/lib/python3.12/site-packages/airflow/example_dags/example_latest_only_with_trigger.py
[2025-03-01T14:27:04.919+0000] {processor.py:914} INFO - Processing file /home/airflow/.local/lib/python3.12/site-packages/airflow/example_dags/example_latest_only_with_trigger.py for tasks to queue
[2025-03-01T14:27:04.921+0000] {logging_mixin.py:190} INFO - [2025-03-01T14:27:04.921+0000] {dagbag.py:588} INFO - Filling up the DagBag from /home/airflow/.local/lib/python3.12/site-packages/airflow/example_dags/example_latest_only_with_trigger.py
[2025-03-01T14:27:04.929+0000] {processor.py:925} INFO - DAG(s) 'latest_only_with_trigger' retrieved from /home/airflow/.local/lib/python3.12/site-packages/airflow/example_dags/example_latest_only_with_trigger.py
[2025-03-01T14:27:04.977+0000] {logging_mixin.py:190} INFO - [2025-03-01T14:27:04.977+0000] {dag.py:3239} INFO - Sync 1 DAGs
[2025-03-01T14:27:05.019+0000] {logging_mixin.py:190} INFO - [2025-03-01T14:27:05.018+0000] {dag.py:4180} INFO - Setting next_dagrun for latest_only_with_trigger to 2025-03-01 08:00:00+00:00, run_after=2025-03-01 12:00:00+00:00
[2025-03-01T14:27:05.034+0000] {processor.py:208} INFO - Processing /home/airflow/.local/lib/python3.12/site-packages/airflow/example_dags/example_latest_only_with_trigger.py took 0.134 seconds
[2025-03-01T14:27:35.375+0000] {processor.py:186} INFO - Started process (PID=1309) to work on /home/airflow/.local/lib/python3.12/site-packages/airflow/example_dags/example_latest_only_with_trigger.py
[2025-03-01T14:27:35.376+0000] {processor.py:914} INFO - Processing file /home/airflow/.local/lib/python3.12/site-packages/airflow/example_dags/example_latest_only_with_trigger.py for tasks to queue
[2025-03-01T14:27:35.378+0000] {logging_mixin.py:190} INFO - [2025-03-01T14:27:35.378+0000] {dagbag.py:588} INFO - Filling up the DagBag from /home/airflow/.local/lib/python3.12/site-packages/airflow/example_dags/example_latest_only_with_trigger.py
[2025-03-01T14:27:35.385+0000] {processor.py:925} INFO - DAG(s) 'latest_only_with_trigger' retrieved from /home/airflow/.local/lib/python3.12/site-packages/airflow/example_dags/example_latest_only_with_trigger.py
[2025-03-01T14:27:35.406+0000] {logging_mixin.py:190} INFO - [2025-03-01T14:27:35.406+0000] {dag.py:3239} INFO - Sync 1 DAGs
[2025-03-01T14:27:35.429+0000] {logging_mixin.py:190} INFO - [2025-03-01T14:27:35.429+0000] {dag.py:4180} INFO - Setting next_dagrun for latest_only_with_trigger to 2025-03-01 08:00:00+00:00, run_after=2025-03-01 12:00:00+00:00
[2025-03-01T14:27:35.452+0000] {processor.py:208} INFO - Processing /home/airflow/.local/lib/python3.12/site-packages/airflow/example_dags/example_latest_only_with_trigger.py took 0.083 seconds
[2025-03-01T14:28:06.343+0000] {processor.py:186} INFO - Started process (PID=1372) to work on /home/airflow/.local/lib/python3.12/site-packages/airflow/example_dags/example_latest_only_with_trigger.py
[2025-03-01T14:28:06.344+0000] {processor.py:914} INFO - Processing file /home/airflow/.local/lib/python3.12/site-packages/airflow/example_dags/example_latest_only_with_trigger.py for tasks to queue
[2025-03-01T14:28:06.346+0000] {logging_mixin.py:190} INFO - [2025-03-01T14:28:06.346+0000] {dagbag.py:588} INFO - Filling up the DagBag from /home/airflow/.local/lib/python3.12/site-packages/airflow/example_dags/example_latest_only_with_trigger.py
[2025-03-01T14:28:06.354+0000] {processor.py:925} INFO - DAG(s) 'latest_only_with_trigger' retrieved from /home/airflow/.local/lib/python3.12/site-packages/airflow/example_dags/example_latest_only_with_trigger.py
[2025-03-01T14:28:06.395+0000] {logging_mixin.py:190} INFO - [2025-03-01T14:28:06.395+0000] {dag.py:3239} INFO - Sync 1 DAGs
[2025-03-01T14:28:06.439+0000] {logging_mixin.py:190} INFO - [2025-03-01T14:28:06.439+0000] {dag.py:4180} INFO - Setting next_dagrun for latest_only_with_trigger to 2025-03-01 08:00:00+00:00, run_after=2025-03-01 12:00:00+00:00
[2025-03-01T14:28:06.459+0000] {processor.py:208} INFO - Processing /home/airflow/.local/lib/python3.12/site-packages/airflow/example_dags/example_latest_only_with_trigger.py took 0.123 seconds
[2025-03-01T14:28:36.767+0000] {processor.py:186} INFO - Started process (PID=1434) to work on /home/airflow/.local/lib/python3.12/site-packages/airflow/example_dags/example_latest_only_with_trigger.py
[2025-03-01T14:28:36.768+0000] {processor.py:914} INFO - Processing file /home/airflow/.local/lib/python3.12/site-packages/airflow/example_dags/example_latest_only_with_trigger.py for tasks to queue
[2025-03-01T14:28:36.770+0000] {logging_mixin.py:190} INFO - [2025-03-01T14:28:36.770+0000] {dagbag.py:588} INFO - Filling up the DagBag from /home/airflow/.local/lib/python3.12/site-packages/airflow/example_dags/example_latest_only_with_trigger.py
[2025-03-01T14:28:36.777+0000] {processor.py:925} INFO - DAG(s) 'latest_only_with_trigger' retrieved from /home/airflow/.local/lib/python3.12/site-packages/airflow/example_dags/example_latest_only_with_trigger.py
[2025-03-01T14:28:36.795+0000] {logging_mixin.py:190} INFO - [2025-03-01T14:28:36.795+0000] {dag.py:3239} INFO - Sync 1 DAGs
[2025-03-01T14:28:36.819+0000] {logging_mixin.py:190} INFO - [2025-03-01T14:28:36.818+0000] {dag.py:4180} INFO - Setting next_dagrun for latest_only_with_trigger to 2025-03-01 08:00:00+00:00, run_after=2025-03-01 12:00:00+00:00
[2025-03-01T14:28:36.835+0000] {processor.py:208} INFO - Processing /home/airflow/.local/lib/python3.12/site-packages/airflow/example_dags/example_latest_only_with_trigger.py took 0.074 seconds
[2025-03-01T14:29:07.351+0000] {processor.py:186} INFO - Started process (PID=1498) to work on /home/airflow/.local/lib/python3.12/site-packages/airflow/example_dags/example_latest_only_with_trigger.py
[2025-03-01T14:29:07.352+0000] {processor.py:914} INFO - Processing file /home/airflow/.local/lib/python3.12/site-packages/airflow/example_dags/example_latest_only_with_trigger.py for tasks to queue
[2025-03-01T14:29:07.354+0000] {logging_mixin.py:190} INFO - [2025-03-01T14:29:07.354+0000] {dagbag.py:588} INFO - Filling up the DagBag from /home/airflow/.local/lib/python3.12/site-packages/airflow/example_dags/example_latest_only_with_trigger.py
[2025-03-01T14:29:07.361+0000] {processor.py:925} INFO - DAG(s) 'latest_only_with_trigger' retrieved from /home/airflow/.local/lib/python3.12/site-packages/airflow/example_dags/example_latest_only_with_trigger.py
[2025-03-01T14:29:07.390+0000] {logging_mixin.py:190} INFO - [2025-03-01T14:29:07.390+0000] {dag.py:3239} INFO - Sync 1 DAGs
[2025-03-01T14:29:07.414+0000] {logging_mixin.py:190} INFO - [2025-03-01T14:29:07.414+0000] {dag.py:4180} INFO - Setting next_dagrun for latest_only_with_trigger to 2025-03-01 08:00:00+00:00, run_after=2025-03-01 12:00:00+00:00
[2025-03-01T14:29:07.430+0000] {processor.py:208} INFO - Processing /home/airflow/.local/lib/python3.12/site-packages/airflow/example_dags/example_latest_only_with_trigger.py took 0.085 seconds
[2025-03-01T14:29:37.642+0000] {processor.py:186} INFO - Started process (PID=1561) to work on /home/airflow/.local/lib/python3.12/site-packages/airflow/example_dags/example_latest_only_with_trigger.py
[2025-03-01T14:29:37.643+0000] {processor.py:914} INFO - Processing file /home/airflow/.local/lib/python3.12/site-packages/airflow/example_dags/example_latest_only_with_trigger.py for tasks to queue
[2025-03-01T14:29:37.646+0000] {logging_mixin.py:190} INFO - [2025-03-01T14:29:37.645+0000] {dagbag.py:588} INFO - Filling up the DagBag from /home/airflow/.local/lib/python3.12/site-packages/airflow/example_dags/example_latest_only_with_trigger.py
[2025-03-01T14:29:37.653+0000] {processor.py:925} INFO - DAG(s) 'latest_only_with_trigger' retrieved from /home/airflow/.local/lib/python3.12/site-packages/airflow/example_dags/example_latest_only_with_trigger.py
[2025-03-01T14:29:37.674+0000] {logging_mixin.py:190} INFO - [2025-03-01T14:29:37.674+0000] {dag.py:3239} INFO - Sync 1 DAGs
[2025-03-01T14:29:37.699+0000] {logging_mixin.py:190} INFO - [2025-03-01T14:29:37.699+0000] {dag.py:4180} INFO - Setting next_dagrun for latest_only_with_trigger to 2025-03-01 08:00:00+00:00, run_after=2025-03-01 12:00:00+00:00
[2025-03-01T14:29:37.718+0000] {processor.py:208} INFO - Processing /home/airflow/.local/lib/python3.12/site-packages/airflow/example_dags/example_latest_only_with_trigger.py took 0.081 seconds
[2025-03-01T14:30:08.033+0000] {processor.py:186} INFO - Started process (PID=1624) to work on /home/airflow/.local/lib/python3.12/site-packages/airflow/example_dags/example_latest_only_with_trigger.py
[2025-03-01T14:30:08.034+0000] {processor.py:914} INFO - Processing file /home/airflow/.local/lib/python3.12/site-packages/airflow/example_dags/example_latest_only_with_trigger.py for tasks to queue
[2025-03-01T14:30:08.036+0000] {logging_mixin.py:190} INFO - [2025-03-01T14:30:08.035+0000] {dagbag.py:588} INFO - Filling up the DagBag from /home/airflow/.local/lib/python3.12/site-packages/airflow/example_dags/example_latest_only_with_trigger.py
[2025-03-01T14:30:08.043+0000] {processor.py:925} INFO - DAG(s) 'latest_only_with_trigger' retrieved from /home/airflow/.local/lib/python3.12/site-packages/airflow/example_dags/example_latest_only_with_trigger.py
[2025-03-01T14:30:08.061+0000] {logging_mixin.py:190} INFO - [2025-03-01T14:30:08.061+0000] {dag.py:3239} INFO - Sync 1 DAGs
[2025-03-01T14:30:08.084+0000] {logging_mixin.py:190} INFO - [2025-03-01T14:30:08.084+0000] {dag.py:4180} INFO - Setting next_dagrun for latest_only_with_trigger to 2025-03-01 08:00:00+00:00, run_after=2025-03-01 12:00:00+00:00
[2025-03-01T14:30:08.101+0000] {processor.py:208} INFO - Processing /home/airflow/.local/lib/python3.12/site-packages/airflow/example_dags/example_latest_only_with_trigger.py took 0.073 seconds
[2025-03-01T14:30:38.947+0000] {processor.py:186} INFO - Started process (PID=1687) to work on /home/airflow/.local/lib/python3.12/site-packages/airflow/example_dags/example_latest_only_with_trigger.py
[2025-03-01T14:30:38.948+0000] {processor.py:914} INFO - Processing file /home/airflow/.local/lib/python3.12/site-packages/airflow/example_dags/example_latest_only_with_trigger.py for tasks to queue
[2025-03-01T14:30:38.950+0000] {logging_mixin.py:190} INFO - [2025-03-01T14:30:38.950+0000] {dagbag.py:588} INFO - Filling up the DagBag from /home/airflow/.local/lib/python3.12/site-packages/airflow/example_dags/example_latest_only_with_trigger.py
[2025-03-01T14:30:38.957+0000] {processor.py:925} INFO - DAG(s) 'latest_only_with_trigger' retrieved from /home/airflow/.local/lib/python3.12/site-packages/airflow/example_dags/example_latest_only_with_trigger.py
[2025-03-01T14:30:38.977+0000] {logging_mixin.py:190} INFO - [2025-03-01T14:30:38.977+0000] {dag.py:3239} INFO - Sync 1 DAGs
[2025-03-01T14:30:39.001+0000] {logging_mixin.py:190} INFO - [2025-03-01T14:30:39.001+0000] {dag.py:4180} INFO - Setting next_dagrun for latest_only_with_trigger to 2025-03-01 08:00:00+00:00, run_after=2025-03-01 12:00:00+00:00
[2025-03-01T14:30:39.018+0000] {processor.py:208} INFO - Processing /home/airflow/.local/lib/python3.12/site-packages/airflow/example_dags/example_latest_only_with_trigger.py took 0.076 seconds
[2025-03-01T14:31:09.327+0000] {processor.py:186} INFO - Started process (PID=1751) to work on /home/airflow/.local/lib/python3.12/site-packages/airflow/example_dags/example_latest_only_with_trigger.py
[2025-03-01T14:31:09.328+0000] {processor.py:914} INFO - Processing file /home/airflow/.local/lib/python3.12/site-packages/airflow/example_dags/example_latest_only_with_trigger.py for tasks to queue
[2025-03-01T14:31:09.330+0000] {logging_mixin.py:190} INFO - [2025-03-01T14:31:09.330+0000] {dagbag.py:588} INFO - Filling up the DagBag from /home/airflow/.local/lib/python3.12/site-packages/airflow/example_dags/example_latest_only_with_trigger.py
[2025-03-01T14:31:09.338+0000] {processor.py:925} INFO - DAG(s) 'latest_only_with_trigger' retrieved from /home/airflow/.local/lib/python3.12/site-packages/airflow/example_dags/example_latest_only_with_trigger.py
[2025-03-01T14:31:09.356+0000] {logging_mixin.py:190} INFO - [2025-03-01T14:31:09.356+0000] {dag.py:3239} INFO - Sync 1 DAGs
[2025-03-01T14:31:09.387+0000] {logging_mixin.py:190} INFO - [2025-03-01T14:31:09.387+0000] {dag.py:4180} INFO - Setting next_dagrun for latest_only_with_trigger to 2025-03-01 08:00:00+00:00, run_after=2025-03-01 12:00:00+00:00
[2025-03-01T14:31:09.403+0000] {processor.py:208} INFO - Processing /home/airflow/.local/lib/python3.12/site-packages/airflow/example_dags/example_latest_only_with_trigger.py took 0.082 seconds
[2025-03-01T14:31:40.182+0000] {processor.py:186} INFO - Started process (PID=1814) to work on /home/airflow/.local/lib/python3.12/site-packages/airflow/example_dags/example_latest_only_with_trigger.py
[2025-03-01T14:31:40.182+0000] {processor.py:914} INFO - Processing file /home/airflow/.local/lib/python3.12/site-packages/airflow/example_dags/example_latest_only_with_trigger.py for tasks to queue
[2025-03-01T14:31:40.185+0000] {logging_mixin.py:190} INFO - [2025-03-01T14:31:40.184+0000] {dagbag.py:588} INFO - Filling up the DagBag from /home/airflow/.local/lib/python3.12/site-packages/airflow/example_dags/example_latest_only_with_trigger.py
[2025-03-01T14:31:40.193+0000] {processor.py:925} INFO - DAG(s) 'latest_only_with_trigger' retrieved from /home/airflow/.local/lib/python3.12/site-packages/airflow/example_dags/example_latest_only_with_trigger.py
[2025-03-01T14:31:40.211+0000] {logging_mixin.py:190} INFO - [2025-03-01T14:31:40.211+0000] {dag.py:3239} INFO - Sync 1 DAGs
[2025-03-01T14:31:40.235+0000] {logging_mixin.py:190} INFO - [2025-03-01T14:31:40.235+0000] {dag.py:4180} INFO - Setting next_dagrun for latest_only_with_trigger to 2025-03-01 08:00:00+00:00, run_after=2025-03-01 12:00:00+00:00
[2025-03-01T14:31:40.276+0000] {processor.py:208} INFO - Processing /home/airflow/.local/lib/python3.12/site-packages/airflow/example_dags/example_latest_only_with_trigger.py took 0.100 seconds
[2025-03-01T14:32:10.905+0000] {processor.py:186} INFO - Started process (PID=1877) to work on /home/airflow/.local/lib/python3.12/site-packages/airflow/example_dags/example_latest_only_with_trigger.py
[2025-03-01T14:32:10.906+0000] {processor.py:914} INFO - Processing file /home/airflow/.local/lib/python3.12/site-packages/airflow/example_dags/example_latest_only_with_trigger.py for tasks to queue
[2025-03-01T14:32:10.909+0000] {logging_mixin.py:190} INFO - [2025-03-01T14:32:10.909+0000] {dagbag.py:588} INFO - Filling up the DagBag from /home/airflow/.local/lib/python3.12/site-packages/airflow/example_dags/example_latest_only_with_trigger.py
[2025-03-01T14:32:10.918+0000] {processor.py:925} INFO - DAG(s) 'latest_only_with_trigger' retrieved from /home/airflow/.local/lib/python3.12/site-packages/airflow/example_dags/example_latest_only_with_trigger.py
[2025-03-01T14:32:10.937+0000] {logging_mixin.py:190} INFO - [2025-03-01T14:32:10.937+0000] {dag.py:3239} INFO - Sync 1 DAGs
[2025-03-01T14:32:10.961+0000] {logging_mixin.py:190} INFO - [2025-03-01T14:32:10.961+0000] {dag.py:4180} INFO - Setting next_dagrun for latest_only_with_trigger to 2025-03-01 08:00:00+00:00, run_after=2025-03-01 12:00:00+00:00
[2025-03-01T14:32:10.978+0000] {processor.py:208} INFO - Processing /home/airflow/.local/lib/python3.12/site-packages/airflow/example_dags/example_latest_only_with_trigger.py took 0.080 seconds
[2025-03-01T14:32:41.085+0000] {processor.py:186} INFO - Started process (PID=1940) to work on /home/airflow/.local/lib/python3.12/site-packages/airflow/example_dags/example_latest_only_with_trigger.py
[2025-03-01T14:32:41.086+0000] {processor.py:914} INFO - Processing file /home/airflow/.local/lib/python3.12/site-packages/airflow/example_dags/example_latest_only_with_trigger.py for tasks to queue
[2025-03-01T14:32:41.088+0000] {logging_mixin.py:190} INFO - [2025-03-01T14:32:41.088+0000] {dagbag.py:588} INFO - Filling up the DagBag from /home/airflow/.local/lib/python3.12/site-packages/airflow/example_dags/example_latest_only_with_trigger.py
[2025-03-01T14:32:41.096+0000] {processor.py:925} INFO - DAG(s) 'latest_only_with_trigger' retrieved from /home/airflow/.local/lib/python3.12/site-packages/airflow/example_dags/example_latest_only_with_trigger.py
[2025-03-01T14:32:41.115+0000] {logging_mixin.py:190} INFO - [2025-03-01T14:32:41.115+0000] {dag.py:3239} INFO - Sync 1 DAGs
[2025-03-01T14:32:41.141+0000] {logging_mixin.py:190} INFO - [2025-03-01T14:32:41.141+0000] {dag.py:4180} INFO - Setting next_dagrun for latest_only_with_trigger to 2025-03-01 08:00:00+00:00, run_after=2025-03-01 12:00:00+00:00
[2025-03-01T14:32:41.158+0000] {processor.py:208} INFO - Processing /home/airflow/.local/lib/python3.12/site-packages/airflow/example_dags/example_latest_only_with_trigger.py took 0.079 seconds
[2025-03-01T14:33:12.130+0000] {processor.py:186} INFO - Started process (PID=2003) to work on /home/airflow/.local/lib/python3.12/site-packages/airflow/example_dags/example_latest_only_with_trigger.py
[2025-03-01T14:33:12.137+0000] {processor.py:914} INFO - Processing file /home/airflow/.local/lib/python3.12/site-packages/airflow/example_dags/example_latest_only_with_trigger.py for tasks to queue
[2025-03-01T14:33:12.140+0000] {logging_mixin.py:190} INFO - [2025-03-01T14:33:12.139+0000] {dagbag.py:588} INFO - Filling up the DagBag from /home/airflow/.local/lib/python3.12/site-packages/airflow/example_dags/example_latest_only_with_trigger.py
[2025-03-01T14:33:12.164+0000] {processor.py:925} INFO - DAG(s) 'latest_only_with_trigger' retrieved from /home/airflow/.local/lib/python3.12/site-packages/airflow/example_dags/example_latest_only_with_trigger.py
[2025-03-01T14:33:12.226+0000] {logging_mixin.py:190} INFO - [2025-03-01T14:33:12.226+0000] {dag.py:3239} INFO - Sync 1 DAGs
[2025-03-01T14:33:12.287+0000] {logging_mixin.py:190} INFO - [2025-03-01T14:33:12.287+0000] {dag.py:4180} INFO - Setting next_dagrun for latest_only_with_trigger to 2025-03-01 08:00:00+00:00, run_after=2025-03-01 12:00:00+00:00
[2025-03-01T14:33:12.331+0000] {processor.py:208} INFO - Processing /home/airflow/.local/lib/python3.12/site-packages/airflow/example_dags/example_latest_only_with_trigger.py took 0.223 seconds
[2025-03-01T14:33:42.548+0000] {processor.py:186} INFO - Started process (PID=2066) to work on /home/airflow/.local/lib/python3.12/site-packages/airflow/example_dags/example_latest_only_with_trigger.py
[2025-03-01T14:33:42.548+0000] {processor.py:914} INFO - Processing file /home/airflow/.local/lib/python3.12/site-packages/airflow/example_dags/example_latest_only_with_trigger.py for tasks to queue
[2025-03-01T14:33:42.551+0000] {logging_mixin.py:190} INFO - [2025-03-01T14:33:42.550+0000] {dagbag.py:588} INFO - Filling up the DagBag from /home/airflow/.local/lib/python3.12/site-packages/airflow/example_dags/example_latest_only_with_trigger.py
[2025-03-01T14:33:42.559+0000] {processor.py:925} INFO - DAG(s) 'latest_only_with_trigger' retrieved from /home/airflow/.local/lib/python3.12/site-packages/airflow/example_dags/example_latest_only_with_trigger.py
[2025-03-01T14:33:42.591+0000] {logging_mixin.py:190} INFO - [2025-03-01T14:33:42.591+0000] {dag.py:3239} INFO - Sync 1 DAGs
[2025-03-01T14:33:42.616+0000] {logging_mixin.py:190} INFO - [2025-03-01T14:33:42.615+0000] {dag.py:4180} INFO - Setting next_dagrun for latest_only_with_trigger to 2025-03-01 08:00:00+00:00, run_after=2025-03-01 12:00:00+00:00
[2025-03-01T14:33:42.635+0000] {processor.py:208} INFO - Processing /home/airflow/.local/lib/python3.12/site-packages/airflow/example_dags/example_latest_only_with_trigger.py took 0.093 seconds
[2025-03-01T14:34:13.589+0000] {processor.py:186} INFO - Started process (PID=2128) to work on /home/airflow/.local/lib/python3.12/site-packages/airflow/example_dags/example_latest_only_with_trigger.py
[2025-03-01T14:34:13.589+0000] {processor.py:914} INFO - Processing file /home/airflow/.local/lib/python3.12/site-packages/airflow/example_dags/example_latest_only_with_trigger.py for tasks to queue
[2025-03-01T14:34:13.591+0000] {logging_mixin.py:190} INFO - [2025-03-01T14:34:13.591+0000] {dagbag.py:588} INFO - Filling up the DagBag from /home/airflow/.local/lib/python3.12/site-packages/airflow/example_dags/example_latest_only_with_trigger.py
[2025-03-01T14:34:13.601+0000] {processor.py:925} INFO - DAG(s) 'latest_only_with_trigger' retrieved from /home/airflow/.local/lib/python3.12/site-packages/airflow/example_dags/example_latest_only_with_trigger.py
[2025-03-01T14:34:13.621+0000] {logging_mixin.py:190} INFO - [2025-03-01T14:34:13.621+0000] {dag.py:3239} INFO - Sync 1 DAGs
[2025-03-01T14:34:13.645+0000] {logging_mixin.py:190} INFO - [2025-03-01T14:34:13.645+0000] {dag.py:4180} INFO - Setting next_dagrun for latest_only_with_trigger to 2025-03-01 08:00:00+00:00, run_after=2025-03-01 12:00:00+00:00
[2025-03-01T14:34:13.662+0000] {processor.py:208} INFO - Processing /home/airflow/.local/lib/python3.12/site-packages/airflow/example_dags/example_latest_only_with_trigger.py took 0.079 seconds
[2025-03-01T14:34:44.169+0000] {processor.py:186} INFO - Started process (PID=2191) to work on /home/airflow/.local/lib/python3.12/site-packages/airflow/example_dags/example_latest_only_with_trigger.py
[2025-03-01T14:34:44.170+0000] {processor.py:914} INFO - Processing file /home/airflow/.local/lib/python3.12/site-packages/airflow/example_dags/example_latest_only_with_trigger.py for tasks to queue
[2025-03-01T14:34:44.172+0000] {logging_mixin.py:190} INFO - [2025-03-01T14:34:44.172+0000] {dagbag.py:588} INFO - Filling up the DagBag from /home/airflow/.local/lib/python3.12/site-packages/airflow/example_dags/example_latest_only_with_trigger.py
[2025-03-01T14:34:44.180+0000] {processor.py:925} INFO - DAG(s) 'latest_only_with_trigger' retrieved from /home/airflow/.local/lib/python3.12/site-packages/airflow/example_dags/example_latest_only_with_trigger.py
[2025-03-01T14:34:44.221+0000] {logging_mixin.py:190} INFO - [2025-03-01T14:34:44.220+0000] {dag.py:3239} INFO - Sync 1 DAGs
[2025-03-01T14:34:44.255+0000] {logging_mixin.py:190} INFO - [2025-03-01T14:34:44.255+0000] {dag.py:4180} INFO - Setting next_dagrun for latest_only_with_trigger to 2025-03-01 08:00:00+00:00, run_after=2025-03-01 12:00:00+00:00
[2025-03-01T14:34:44.269+0000] {processor.py:208} INFO - Processing /home/airflow/.local/lib/python3.12/site-packages/airflow/example_dags/example_latest_only_with_trigger.py took 0.106 seconds
[2025-03-01T14:35:14.718+0000] {processor.py:186} INFO - Started process (PID=2247) to work on /home/airflow/.local/lib/python3.12/site-packages/airflow/example_dags/example_latest_only_with_trigger.py
[2025-03-01T14:35:14.719+0000] {processor.py:914} INFO - Processing file /home/airflow/.local/lib/python3.12/site-packages/airflow/example_dags/example_latest_only_with_trigger.py for tasks to queue
[2025-03-01T14:35:14.721+0000] {logging_mixin.py:190} INFO - [2025-03-01T14:35:14.721+0000] {dagbag.py:588} INFO - Filling up the DagBag from /home/airflow/.local/lib/python3.12/site-packages/airflow/example_dags/example_latest_only_with_trigger.py
[2025-03-01T14:35:14.729+0000] {processor.py:925} INFO - DAG(s) 'latest_only_with_trigger' retrieved from /home/airflow/.local/lib/python3.12/site-packages/airflow/example_dags/example_latest_only_with_trigger.py
[2025-03-01T14:35:14.774+0000] {logging_mixin.py:190} INFO - [2025-03-01T14:35:14.774+0000] {dag.py:3239} INFO - Sync 1 DAGs
[2025-03-01T14:35:14.814+0000] {logging_mixin.py:190} INFO - [2025-03-01T14:35:14.814+0000] {dag.py:4180} INFO - Setting next_dagrun for latest_only_with_trigger to 2025-03-01 08:00:00+00:00, run_after=2025-03-01 12:00:00+00:00
[2025-03-01T14:35:14.846+0000] {processor.py:208} INFO - Processing /home/airflow/.local/lib/python3.12/site-packages/airflow/example_dags/example_latest_only_with_trigger.py took 0.140 seconds
[2025-03-01T14:35:44.892+0000] {processor.py:186} INFO - Started process (PID=2309) to work on /home/airflow/.local/lib/python3.12/site-packages/airflow/example_dags/example_latest_only_with_trigger.py
[2025-03-01T14:35:44.892+0000] {processor.py:914} INFO - Processing file /home/airflow/.local/lib/python3.12/site-packages/airflow/example_dags/example_latest_only_with_trigger.py for tasks to queue
[2025-03-01T14:35:44.894+0000] {logging_mixin.py:190} INFO - [2025-03-01T14:35:44.894+0000] {dagbag.py:588} INFO - Filling up the DagBag from /home/airflow/.local/lib/python3.12/site-packages/airflow/example_dags/example_latest_only_with_trigger.py
[2025-03-01T14:35:44.899+0000] {processor.py:925} INFO - DAG(s) 'latest_only_with_trigger' retrieved from /home/airflow/.local/lib/python3.12/site-packages/airflow/example_dags/example_latest_only_with_trigger.py
[2025-03-01T14:35:44.914+0000] {logging_mixin.py:190} INFO - [2025-03-01T14:35:44.913+0000] {dag.py:3239} INFO - Sync 1 DAGs
[2025-03-01T14:35:44.930+0000] {logging_mixin.py:190} INFO - [2025-03-01T14:35:44.930+0000] {dag.py:4180} INFO - Setting next_dagrun for latest_only_with_trigger to 2025-03-01 08:00:00+00:00, run_after=2025-03-01 12:00:00+00:00
[2025-03-01T14:35:44.941+0000] {processor.py:208} INFO - Processing /home/airflow/.local/lib/python3.12/site-packages/airflow/example_dags/example_latest_only_with_trigger.py took 0.054 seconds
[2025-03-01T14:36:16.378+0000] {processor.py:186} INFO - Started process (PID=2372) to work on /home/airflow/.local/lib/python3.12/site-packages/airflow/example_dags/example_latest_only_with_trigger.py
[2025-03-01T14:36:16.379+0000] {processor.py:914} INFO - Processing file /home/airflow/.local/lib/python3.12/site-packages/airflow/example_dags/example_latest_only_with_trigger.py for tasks to queue
[2025-03-01T14:36:16.381+0000] {logging_mixin.py:190} INFO - [2025-03-01T14:36:16.381+0000] {dagbag.py:588} INFO - Filling up the DagBag from /home/airflow/.local/lib/python3.12/site-packages/airflow/example_dags/example_latest_only_with_trigger.py
[2025-03-01T14:36:16.388+0000] {processor.py:925} INFO - DAG(s) 'latest_only_with_trigger' retrieved from /home/airflow/.local/lib/python3.12/site-packages/airflow/example_dags/example_latest_only_with_trigger.py
[2025-03-01T14:36:16.407+0000] {logging_mixin.py:190} INFO - [2025-03-01T14:36:16.406+0000] {dag.py:3239} INFO - Sync 1 DAGs
[2025-03-01T14:36:16.431+0000] {logging_mixin.py:190} INFO - [2025-03-01T14:36:16.430+0000] {dag.py:4180} INFO - Setting next_dagrun for latest_only_with_trigger to 2025-03-01 08:00:00+00:00, run_after=2025-03-01 12:00:00+00:00
[2025-03-01T14:36:16.447+0000] {processor.py:208} INFO - Processing /home/airflow/.local/lib/python3.12/site-packages/airflow/example_dags/example_latest_only_with_trigger.py took 0.075 seconds
[2025-03-01T14:36:47.862+0000] {processor.py:186} INFO - Started process (PID=2436) to work on /home/airflow/.local/lib/python3.12/site-packages/airflow/example_dags/example_latest_only_with_trigger.py
[2025-03-01T14:36:47.863+0000] {processor.py:914} INFO - Processing file /home/airflow/.local/lib/python3.12/site-packages/airflow/example_dags/example_latest_only_with_trigger.py for tasks to queue
[2025-03-01T14:36:47.865+0000] {logging_mixin.py:190} INFO - [2025-03-01T14:36:47.864+0000] {dagbag.py:588} INFO - Filling up the DagBag from /home/airflow/.local/lib/python3.12/site-packages/airflow/example_dags/example_latest_only_with_trigger.py
[2025-03-01T14:36:47.872+0000] {processor.py:925} INFO - DAG(s) 'latest_only_with_trigger' retrieved from /home/airflow/.local/lib/python3.12/site-packages/airflow/example_dags/example_latest_only_with_trigger.py
[2025-03-01T14:36:47.890+0000] {logging_mixin.py:190} INFO - [2025-03-01T14:36:47.889+0000] {dag.py:3239} INFO - Sync 1 DAGs
[2025-03-01T14:36:47.914+0000] {logging_mixin.py:190} INFO - [2025-03-01T14:36:47.913+0000] {dag.py:4180} INFO - Setting next_dagrun for latest_only_with_trigger to 2025-03-01 08:00:00+00:00, run_after=2025-03-01 12:00:00+00:00
[2025-03-01T14:36:47.930+0000] {processor.py:208} INFO - Processing /home/airflow/.local/lib/python3.12/site-packages/airflow/example_dags/example_latest_only_with_trigger.py took 0.074 seconds
[2025-03-01T14:37:18.890+0000] {processor.py:186} INFO - Started process (PID=2499) to work on /home/airflow/.local/lib/python3.12/site-packages/airflow/example_dags/example_latest_only_with_trigger.py
[2025-03-01T14:37:18.891+0000] {processor.py:914} INFO - Processing file /home/airflow/.local/lib/python3.12/site-packages/airflow/example_dags/example_latest_only_with_trigger.py for tasks to queue
[2025-03-01T14:37:18.893+0000] {logging_mixin.py:190} INFO - [2025-03-01T14:37:18.893+0000] {dagbag.py:588} INFO - Filling up the DagBag from /home/airflow/.local/lib/python3.12/site-packages/airflow/example_dags/example_latest_only_with_trigger.py
[2025-03-01T14:37:18.901+0000] {processor.py:925} INFO - DAG(s) 'latest_only_with_trigger' retrieved from /home/airflow/.local/lib/python3.12/site-packages/airflow/example_dags/example_latest_only_with_trigger.py
[2025-03-01T14:37:18.922+0000] {logging_mixin.py:190} INFO - [2025-03-01T14:37:18.922+0000] {dag.py:3239} INFO - Sync 1 DAGs
[2025-03-01T14:37:18.946+0000] {logging_mixin.py:190} INFO - [2025-03-01T14:37:18.946+0000] {dag.py:4180} INFO - Setting next_dagrun for latest_only_with_trigger to 2025-03-01 08:00:00+00:00, run_after=2025-03-01 12:00:00+00:00
[2025-03-01T14:37:18.962+0000] {processor.py:208} INFO - Processing /home/airflow/.local/lib/python3.12/site-packages/airflow/example_dags/example_latest_only_with_trigger.py took 0.078 seconds
[2025-03-01T14:37:50.387+0000] {processor.py:186} INFO - Started process (PID=2562) to work on /home/airflow/.local/lib/python3.12/site-packages/airflow/example_dags/example_latest_only_with_trigger.py
[2025-03-01T14:37:50.388+0000] {processor.py:914} INFO - Processing file /home/airflow/.local/lib/python3.12/site-packages/airflow/example_dags/example_latest_only_with_trigger.py for tasks to queue
[2025-03-01T14:37:50.390+0000] {logging_mixin.py:190} INFO - [2025-03-01T14:37:50.390+0000] {dagbag.py:588} INFO - Filling up the DagBag from /home/airflow/.local/lib/python3.12/site-packages/airflow/example_dags/example_latest_only_with_trigger.py
[2025-03-01T14:37:50.398+0000] {processor.py:925} INFO - DAG(s) 'latest_only_with_trigger' retrieved from /home/airflow/.local/lib/python3.12/site-packages/airflow/example_dags/example_latest_only_with_trigger.py
[2025-03-01T14:37:50.416+0000] {logging_mixin.py:190} INFO - [2025-03-01T14:37:50.416+0000] {dag.py:3239} INFO - Sync 1 DAGs
[2025-03-01T14:37:50.440+0000] {logging_mixin.py:190} INFO - [2025-03-01T14:37:50.440+0000] {dag.py:4180} INFO - Setting next_dagrun for latest_only_with_trigger to 2025-03-01 08:00:00+00:00, run_after=2025-03-01 12:00:00+00:00
[2025-03-01T14:37:50.457+0000] {processor.py:208} INFO - Processing /home/airflow/.local/lib/python3.12/site-packages/airflow/example_dags/example_latest_only_with_trigger.py took 0.077 seconds
[2025-03-01T14:38:21.473+0000] {processor.py:186} INFO - Started process (PID=2625) to work on /home/airflow/.local/lib/python3.12/site-packages/airflow/example_dags/example_latest_only_with_trigger.py
[2025-03-01T14:38:21.474+0000] {processor.py:914} INFO - Processing file /home/airflow/.local/lib/python3.12/site-packages/airflow/example_dags/example_latest_only_with_trigger.py for tasks to queue
[2025-03-01T14:38:21.475+0000] {logging_mixin.py:190} INFO - [2025-03-01T14:38:21.475+0000] {dagbag.py:588} INFO - Filling up the DagBag from /home/airflow/.local/lib/python3.12/site-packages/airflow/example_dags/example_latest_only_with_trigger.py
[2025-03-01T14:38:21.481+0000] {processor.py:925} INFO - DAG(s) 'latest_only_with_trigger' retrieved from /home/airflow/.local/lib/python3.12/site-packages/airflow/example_dags/example_latest_only_with_trigger.py
[2025-03-01T14:38:21.495+0000] {logging_mixin.py:190} INFO - [2025-03-01T14:38:21.495+0000] {dag.py:3239} INFO - Sync 1 DAGs
[2025-03-01T14:38:21.511+0000] {logging_mixin.py:190} INFO - [2025-03-01T14:38:21.511+0000] {dag.py:4180} INFO - Setting next_dagrun for latest_only_with_trigger to 2025-03-01 08:00:00+00:00, run_after=2025-03-01 12:00:00+00:00
[2025-03-01T14:38:21.522+0000] {processor.py:208} INFO - Processing /home/airflow/.local/lib/python3.12/site-packages/airflow/example_dags/example_latest_only_with_trigger.py took 0.053 seconds
[2025-03-01T14:38:52.835+0000] {processor.py:186} INFO - Started process (PID=2689) to work on /home/airflow/.local/lib/python3.12/site-packages/airflow/example_dags/example_latest_only_with_trigger.py
[2025-03-01T14:38:52.835+0000] {processor.py:914} INFO - Processing file /home/airflow/.local/lib/python3.12/site-packages/airflow/example_dags/example_latest_only_with_trigger.py for tasks to queue
[2025-03-01T14:38:52.837+0000] {logging_mixin.py:190} INFO - [2025-03-01T14:38:52.837+0000] {dagbag.py:588} INFO - Filling up the DagBag from /home/airflow/.local/lib/python3.12/site-packages/airflow/example_dags/example_latest_only_with_trigger.py
[2025-03-01T14:38:52.842+0000] {processor.py:925} INFO - DAG(s) 'latest_only_with_trigger' retrieved from /home/airflow/.local/lib/python3.12/site-packages/airflow/example_dags/example_latest_only_with_trigger.py
[2025-03-01T14:38:52.857+0000] {logging_mixin.py:190} INFO - [2025-03-01T14:38:52.857+0000] {dag.py:3239} INFO - Sync 1 DAGs
[2025-03-01T14:38:52.873+0000] {logging_mixin.py:190} INFO - [2025-03-01T14:38:52.873+0000] {dag.py:4180} INFO - Setting next_dagrun for latest_only_with_trigger to 2025-03-01 08:00:00+00:00, run_after=2025-03-01 12:00:00+00:00
[2025-03-01T14:38:52.884+0000] {processor.py:208} INFO - Processing /home/airflow/.local/lib/python3.12/site-packages/airflow/example_dags/example_latest_only_with_trigger.py took 0.054 seconds
[2025-03-01T14:39:23.967+0000] {processor.py:186} INFO - Started process (PID=2753) to work on /home/airflow/.local/lib/python3.12/site-packages/airflow/example_dags/example_latest_only_with_trigger.py
[2025-03-01T14:39:23.968+0000] {processor.py:914} INFO - Processing file /home/airflow/.local/lib/python3.12/site-packages/airflow/example_dags/example_latest_only_with_trigger.py for tasks to queue
[2025-03-01T14:39:23.970+0000] {logging_mixin.py:190} INFO - [2025-03-01T14:39:23.970+0000] {dagbag.py:588} INFO - Filling up the DagBag from /home/airflow/.local/lib/python3.12/site-packages/airflow/example_dags/example_latest_only_with_trigger.py
[2025-03-01T14:39:23.978+0000] {processor.py:925} INFO - DAG(s) 'latest_only_with_trigger' retrieved from /home/airflow/.local/lib/python3.12/site-packages/airflow/example_dags/example_latest_only_with_trigger.py
[2025-03-01T14:39:23.997+0000] {logging_mixin.py:190} INFO - [2025-03-01T14:39:23.997+0000] {dag.py:3239} INFO - Sync 1 DAGs
[2025-03-01T14:39:24.021+0000] {logging_mixin.py:190} INFO - [2025-03-01T14:39:24.021+0000] {dag.py:4180} INFO - Setting next_dagrun for latest_only_with_trigger to 2025-03-01 08:00:00+00:00, run_after=2025-03-01 12:00:00+00:00
[2025-03-01T14:39:24.036+0000] {processor.py:208} INFO - Processing /home/airflow/.local/lib/python3.12/site-packages/airflow/example_dags/example_latest_only_with_trigger.py took 0.075 seconds
[2025-03-01T14:39:56.411+0000] {processor.py:186} INFO - Started process (PID=2822) to work on /home/airflow/.local/lib/python3.12/site-packages/airflow/example_dags/example_latest_only_with_trigger.py
[2025-03-01T14:39:56.412+0000] {processor.py:914} INFO - Processing file /home/airflow/.local/lib/python3.12/site-packages/airflow/example_dags/example_latest_only_with_trigger.py for tasks to queue
[2025-03-01T14:39:56.413+0000] {logging_mixin.py:190} INFO - [2025-03-01T14:39:56.413+0000] {dagbag.py:588} INFO - Filling up the DagBag from /home/airflow/.local/lib/python3.12/site-packages/airflow/example_dags/example_latest_only_with_trigger.py
[2025-03-01T14:39:56.418+0000] {processor.py:925} INFO - DAG(s) 'latest_only_with_trigger' retrieved from /home/airflow/.local/lib/python3.12/site-packages/airflow/example_dags/example_latest_only_with_trigger.py
[2025-03-01T14:39:56.433+0000] {logging_mixin.py:190} INFO - [2025-03-01T14:39:56.433+0000] {dag.py:3239} INFO - Sync 1 DAGs
[2025-03-01T14:39:56.449+0000] {logging_mixin.py:190} INFO - [2025-03-01T14:39:56.449+0000] {dag.py:4180} INFO - Setting next_dagrun for latest_only_with_trigger to 2025-03-01 08:00:00+00:00, run_after=2025-03-01 12:00:00+00:00
[2025-03-01T14:39:56.460+0000] {processor.py:208} INFO - Processing /home/airflow/.local/lib/python3.12/site-packages/airflow/example_dags/example_latest_only_with_trigger.py took 0.054 seconds
[2025-03-01T14:40:27.890+0000] {processor.py:186} INFO - Started process (PID=2891) to work on /home/airflow/.local/lib/python3.12/site-packages/airflow/example_dags/example_latest_only_with_trigger.py
[2025-03-01T14:40:27.893+0000] {processor.py:914} INFO - Processing file /home/airflow/.local/lib/python3.12/site-packages/airflow/example_dags/example_latest_only_with_trigger.py for tasks to queue
[2025-03-01T14:40:27.895+0000] {logging_mixin.py:190} INFO - [2025-03-01T14:40:27.895+0000] {dagbag.py:588} INFO - Filling up the DagBag from /home/airflow/.local/lib/python3.12/site-packages/airflow/example_dags/example_latest_only_with_trigger.py
[2025-03-01T14:40:27.905+0000] {processor.py:925} INFO - DAG(s) 'latest_only_with_trigger' retrieved from /home/airflow/.local/lib/python3.12/site-packages/airflow/example_dags/example_latest_only_with_trigger.py
[2025-03-01T14:40:27.926+0000] {logging_mixin.py:190} INFO - [2025-03-01T14:40:27.926+0000] {dag.py:3239} INFO - Sync 1 DAGs
[2025-03-01T14:40:27.949+0000] {logging_mixin.py:190} INFO - [2025-03-01T14:40:27.949+0000] {dag.py:4180} INFO - Setting next_dagrun for latest_only_with_trigger to 2025-03-01 08:00:00+00:00, run_after=2025-03-01 12:00:00+00:00
[2025-03-01T14:40:27.976+0000] {processor.py:208} INFO - Processing /home/airflow/.local/lib/python3.12/site-packages/airflow/example_dags/example_latest_only_with_trigger.py took 0.091 seconds
[2025-03-01T14:40:59.201+0000] {processor.py:186} INFO - Started process (PID=2957) to work on /home/airflow/.local/lib/python3.12/site-packages/airflow/example_dags/example_latest_only_with_trigger.py
[2025-03-01T14:40:59.201+0000] {processor.py:914} INFO - Processing file /home/airflow/.local/lib/python3.12/site-packages/airflow/example_dags/example_latest_only_with_trigger.py for tasks to queue
[2025-03-01T14:40:59.204+0000] {logging_mixin.py:190} INFO - [2025-03-01T14:40:59.203+0000] {dagbag.py:588} INFO - Filling up the DagBag from /home/airflow/.local/lib/python3.12/site-packages/airflow/example_dags/example_latest_only_with_trigger.py
[2025-03-01T14:40:59.211+0000] {processor.py:925} INFO - DAG(s) 'latest_only_with_trigger' retrieved from /home/airflow/.local/lib/python3.12/site-packages/airflow/example_dags/example_latest_only_with_trigger.py
[2025-03-01T14:40:59.248+0000] {logging_mixin.py:190} INFO - [2025-03-01T14:40:59.247+0000] {dag.py:3239} INFO - Sync 1 DAGs
[2025-03-01T14:40:59.272+0000] {logging_mixin.py:190} INFO - [2025-03-01T14:40:59.271+0000] {dag.py:4180} INFO - Setting next_dagrun for latest_only_with_trigger to 2025-03-01 08:00:00+00:00, run_after=2025-03-01 12:00:00+00:00
[2025-03-01T14:40:59.288+0000] {processor.py:208} INFO - Processing /home/airflow/.local/lib/python3.12/site-packages/airflow/example_dags/example_latest_only_with_trigger.py took 0.093 seconds
[2025-03-01T14:41:30.819+0000] {processor.py:186} INFO - Started process (PID=3019) to work on /home/airflow/.local/lib/python3.12/site-packages/airflow/example_dags/example_latest_only_with_trigger.py
[2025-03-01T14:41:30.819+0000] {processor.py:914} INFO - Processing file /home/airflow/.local/lib/python3.12/site-packages/airflow/example_dags/example_latest_only_with_trigger.py for tasks to queue
[2025-03-01T14:41:30.821+0000] {logging_mixin.py:190} INFO - [2025-03-01T14:41:30.821+0000] {dagbag.py:588} INFO - Filling up the DagBag from /home/airflow/.local/lib/python3.12/site-packages/airflow/example_dags/example_latest_only_with_trigger.py
[2025-03-01T14:41:30.830+0000] {processor.py:925} INFO - DAG(s) 'latest_only_with_trigger' retrieved from /home/airflow/.local/lib/python3.12/site-packages/airflow/example_dags/example_latest_only_with_trigger.py
[2025-03-01T14:41:30.849+0000] {logging_mixin.py:190} INFO - [2025-03-01T14:41:30.849+0000] {dag.py:3239} INFO - Sync 1 DAGs
[2025-03-01T14:41:30.870+0000] {logging_mixin.py:190} INFO - [2025-03-01T14:41:30.870+0000] {dag.py:4180} INFO - Setting next_dagrun for latest_only_with_trigger to 2025-03-01 08:00:00+00:00, run_after=2025-03-01 12:00:00+00:00
[2025-03-01T14:41:30.886+0000] {processor.py:208} INFO - Processing /home/airflow/.local/lib/python3.12/site-packages/airflow/example_dags/example_latest_only_with_trigger.py took 0.073 seconds
[2025-03-01T14:42:02.105+0000] {processor.py:186} INFO - Started process (PID=3083) to work on /home/airflow/.local/lib/python3.12/site-packages/airflow/example_dags/example_latest_only_with_trigger.py
[2025-03-01T14:42:02.109+0000] {processor.py:914} INFO - Processing file /home/airflow/.local/lib/python3.12/site-packages/airflow/example_dags/example_latest_only_with_trigger.py for tasks to queue
[2025-03-01T14:42:02.112+0000] {logging_mixin.py:190} INFO - [2025-03-01T14:42:02.112+0000] {dagbag.py:588} INFO - Filling up the DagBag from /home/airflow/.local/lib/python3.12/site-packages/airflow/example_dags/example_latest_only_with_trigger.py
[2025-03-01T14:42:02.121+0000] {processor.py:925} INFO - DAG(s) 'latest_only_with_trigger' retrieved from /home/airflow/.local/lib/python3.12/site-packages/airflow/example_dags/example_latest_only_with_trigger.py
[2025-03-01T14:42:02.146+0000] {logging_mixin.py:190} INFO - [2025-03-01T14:42:02.146+0000] {dag.py:3239} INFO - Sync 1 DAGs
[2025-03-01T14:42:02.172+0000] {logging_mixin.py:190} INFO - [2025-03-01T14:42:02.171+0000] {dag.py:4180} INFO - Setting next_dagrun for latest_only_with_trigger to 2025-03-01 08:00:00+00:00, run_after=2025-03-01 12:00:00+00:00
[2025-03-01T14:42:02.189+0000] {processor.py:208} INFO - Processing /home/airflow/.local/lib/python3.12/site-packages/airflow/example_dags/example_latest_only_with_trigger.py took 0.093 seconds
[2025-03-01T14:42:33.392+0000] {processor.py:186} INFO - Started process (PID=3150) to work on /home/airflow/.local/lib/python3.12/site-packages/airflow/example_dags/example_latest_only_with_trigger.py
[2025-03-01T14:42:33.393+0000] {processor.py:914} INFO - Processing file /home/airflow/.local/lib/python3.12/site-packages/airflow/example_dags/example_latest_only_with_trigger.py for tasks to queue
[2025-03-01T14:42:33.395+0000] {logging_mixin.py:190} INFO - [2025-03-01T14:42:33.395+0000] {dagbag.py:588} INFO - Filling up the DagBag from /home/airflow/.local/lib/python3.12/site-packages/airflow/example_dags/example_latest_only_with_trigger.py
[2025-03-01T14:42:33.402+0000] {processor.py:925} INFO - DAG(s) 'latest_only_with_trigger' retrieved from /home/airflow/.local/lib/python3.12/site-packages/airflow/example_dags/example_latest_only_with_trigger.py
[2025-03-01T14:42:33.422+0000] {logging_mixin.py:190} INFO - [2025-03-01T14:42:33.422+0000] {dag.py:3239} INFO - Sync 1 DAGs
[2025-03-01T14:42:33.516+0000] {logging_mixin.py:190} INFO - [2025-03-01T14:42:33.516+0000] {dag.py:4180} INFO - Setting next_dagrun for latest_only_with_trigger to 2025-03-01 08:00:00+00:00, run_after=2025-03-01 12:00:00+00:00
[2025-03-01T14:42:33.554+0000] {processor.py:208} INFO - Processing /home/airflow/.local/lib/python3.12/site-packages/airflow/example_dags/example_latest_only_with_trigger.py took 0.167 seconds
[2025-03-01T14:43:04.684+0000] {processor.py:186} INFO - Started process (PID=3214) to work on /home/airflow/.local/lib/python3.12/site-packages/airflow/example_dags/example_latest_only_with_trigger.py
[2025-03-01T14:43:04.685+0000] {processor.py:914} INFO - Processing file /home/airflow/.local/lib/python3.12/site-packages/airflow/example_dags/example_latest_only_with_trigger.py for tasks to queue
[2025-03-01T14:43:04.687+0000] {logging_mixin.py:190} INFO - [2025-03-01T14:43:04.687+0000] {dagbag.py:588} INFO - Filling up the DagBag from /home/airflow/.local/lib/python3.12/site-packages/airflow/example_dags/example_latest_only_with_trigger.py
[2025-03-01T14:43:04.695+0000] {processor.py:925} INFO - DAG(s) 'latest_only_with_trigger' retrieved from /home/airflow/.local/lib/python3.12/site-packages/airflow/example_dags/example_latest_only_with_trigger.py
[2025-03-01T14:43:04.713+0000] {logging_mixin.py:190} INFO - [2025-03-01T14:43:04.713+0000] {dag.py:3239} INFO - Sync 1 DAGs
[2025-03-01T14:43:04.737+0000] {logging_mixin.py:190} INFO - [2025-03-01T14:43:04.737+0000] {dag.py:4180} INFO - Setting next_dagrun for latest_only_with_trigger to 2025-03-01 08:00:00+00:00, run_after=2025-03-01 12:00:00+00:00
[2025-03-01T14:43:04.753+0000] {processor.py:208} INFO - Processing /home/airflow/.local/lib/python3.12/site-packages/airflow/example_dags/example_latest_only_with_trigger.py took 0.075 seconds
[2025-03-01T14:43:37.112+0000] {processor.py:186} INFO - Started process (PID=3282) to work on /home/airflow/.local/lib/python3.12/site-packages/airflow/example_dags/example_latest_only_with_trigger.py
[2025-03-01T14:43:37.113+0000] {processor.py:914} INFO - Processing file /home/airflow/.local/lib/python3.12/site-packages/airflow/example_dags/example_latest_only_with_trigger.py for tasks to queue
[2025-03-01T14:43:37.116+0000] {logging_mixin.py:190} INFO - [2025-03-01T14:43:37.116+0000] {dagbag.py:588} INFO - Filling up the DagBag from /home/airflow/.local/lib/python3.12/site-packages/airflow/example_dags/example_latest_only_with_trigger.py
[2025-03-01T14:43:37.133+0000] {processor.py:925} INFO - DAG(s) 'latest_only_with_trigger' retrieved from /home/airflow/.local/lib/python3.12/site-packages/airflow/example_dags/example_latest_only_with_trigger.py
[2025-03-01T14:43:37.174+0000] {logging_mixin.py:190} INFO - [2025-03-01T14:43:37.174+0000] {dag.py:3239} INFO - Sync 1 DAGs
[2025-03-01T14:43:37.222+0000] {logging_mixin.py:190} INFO - [2025-03-01T14:43:37.222+0000] {dag.py:4180} INFO - Setting next_dagrun for latest_only_with_trigger to 2025-03-01 08:00:00+00:00, run_after=2025-03-01 12:00:00+00:00
[2025-03-01T14:43:37.252+0000] {processor.py:208} INFO - Processing /home/airflow/.local/lib/python3.12/site-packages/airflow/example_dags/example_latest_only_with_trigger.py took 0.168 seconds
[2025-03-01T14:44:07.947+0000] {processor.py:186} INFO - Started process (PID=3345) to work on /home/airflow/.local/lib/python3.12/site-packages/airflow/example_dags/example_latest_only_with_trigger.py
[2025-03-01T14:44:07.957+0000] {processor.py:914} INFO - Processing file /home/airflow/.local/lib/python3.12/site-packages/airflow/example_dags/example_latest_only_with_trigger.py for tasks to queue
[2025-03-01T14:44:07.970+0000] {logging_mixin.py:190} INFO - [2025-03-01T14:44:07.970+0000] {dagbag.py:588} INFO - Filling up the DagBag from /home/airflow/.local/lib/python3.12/site-packages/airflow/example_dags/example_latest_only_with_trigger.py
[2025-03-01T14:44:07.987+0000] {processor.py:925} INFO - DAG(s) 'latest_only_with_trigger' retrieved from /home/airflow/.local/lib/python3.12/site-packages/airflow/example_dags/example_latest_only_with_trigger.py
[2025-03-01T14:44:08.047+0000] {logging_mixin.py:190} INFO - [2025-03-01T14:44:08.047+0000] {dag.py:3239} INFO - Sync 1 DAGs
[2025-03-01T14:44:08.126+0000] {logging_mixin.py:190} INFO - [2025-03-01T14:44:08.126+0000] {dag.py:4180} INFO - Setting next_dagrun for latest_only_with_trigger to 2025-03-01 08:00:00+00:00, run_after=2025-03-01 12:00:00+00:00
[2025-03-01T14:44:08.166+0000] {processor.py:208} INFO - Processing /home/airflow/.local/lib/python3.12/site-packages/airflow/example_dags/example_latest_only_with_trigger.py took 0.234 seconds
[2025-03-01T14:44:38.565+0000] {processor.py:186} INFO - Started process (PID=3407) to work on /home/airflow/.local/lib/python3.12/site-packages/airflow/example_dags/example_latest_only_with_trigger.py
[2025-03-01T14:44:38.566+0000] {processor.py:914} INFO - Processing file /home/airflow/.local/lib/python3.12/site-packages/airflow/example_dags/example_latest_only_with_trigger.py for tasks to queue
[2025-03-01T14:44:38.568+0000] {logging_mixin.py:190} INFO - [2025-03-01T14:44:38.568+0000] {dagbag.py:588} INFO - Filling up the DagBag from /home/airflow/.local/lib/python3.12/site-packages/airflow/example_dags/example_latest_only_with_trigger.py
[2025-03-01T14:44:38.576+0000] {processor.py:925} INFO - DAG(s) 'latest_only_with_trigger' retrieved from /home/airflow/.local/lib/python3.12/site-packages/airflow/example_dags/example_latest_only_with_trigger.py
[2025-03-01T14:44:38.596+0000] {logging_mixin.py:190} INFO - [2025-03-01T14:44:38.596+0000] {dag.py:3239} INFO - Sync 1 DAGs
[2025-03-01T14:44:38.638+0000] {logging_mixin.py:190} INFO - [2025-03-01T14:44:38.637+0000] {dag.py:4180} INFO - Setting next_dagrun for latest_only_with_trigger to 2025-03-01 08:00:00+00:00, run_after=2025-03-01 12:00:00+00:00
[2025-03-01T14:44:38.665+0000] {processor.py:208} INFO - Processing /home/airflow/.local/lib/python3.12/site-packages/airflow/example_dags/example_latest_only_with_trigger.py took 0.105 seconds
[2025-03-01T14:45:09.424+0000] {processor.py:186} INFO - Started process (PID=3469) to work on /home/airflow/.local/lib/python3.12/site-packages/airflow/example_dags/example_latest_only_with_trigger.py
[2025-03-01T14:45:09.430+0000] {processor.py:914} INFO - Processing file /home/airflow/.local/lib/python3.12/site-packages/airflow/example_dags/example_latest_only_with_trigger.py for tasks to queue
[2025-03-01T14:45:09.432+0000] {logging_mixin.py:190} INFO - [2025-03-01T14:45:09.431+0000] {dagbag.py:588} INFO - Filling up the DagBag from /home/airflow/.local/lib/python3.12/site-packages/airflow/example_dags/example_latest_only_with_trigger.py
[2025-03-01T14:45:09.459+0000] {processor.py:925} INFO - DAG(s) 'latest_only_with_trigger' retrieved from /home/airflow/.local/lib/python3.12/site-packages/airflow/example_dags/example_latest_only_with_trigger.py
[2025-03-01T14:45:09.490+0000] {logging_mixin.py:190} INFO - [2025-03-01T14:45:09.489+0000] {dag.py:3239} INFO - Sync 1 DAGs
[2025-03-01T14:45:09.559+0000] {logging_mixin.py:190} INFO - [2025-03-01T14:45:09.558+0000] {dag.py:4180} INFO - Setting next_dagrun for latest_only_with_trigger to 2025-03-01 08:00:00+00:00, run_after=2025-03-01 12:00:00+00:00
[2025-03-01T14:45:09.587+0000] {processor.py:208} INFO - Processing /home/airflow/.local/lib/python3.12/site-packages/airflow/example_dags/example_latest_only_with_trigger.py took 0.173 seconds
[2025-03-01T14:45:40.004+0000] {processor.py:186} INFO - Started process (PID=3531) to work on /home/airflow/.local/lib/python3.12/site-packages/airflow/example_dags/example_latest_only_with_trigger.py
[2025-03-01T14:45:40.037+0000] {processor.py:914} INFO - Processing file /home/airflow/.local/lib/python3.12/site-packages/airflow/example_dags/example_latest_only_with_trigger.py for tasks to queue
[2025-03-01T14:45:40.040+0000] {logging_mixin.py:190} INFO - [2025-03-01T14:45:40.040+0000] {dagbag.py:588} INFO - Filling up the DagBag from /home/airflow/.local/lib/python3.12/site-packages/airflow/example_dags/example_latest_only_with_trigger.py
[2025-03-01T14:45:40.079+0000] {processor.py:925} INFO - DAG(s) 'latest_only_with_trigger' retrieved from /home/airflow/.local/lib/python3.12/site-packages/airflow/example_dags/example_latest_only_with_trigger.py
[2025-03-01T14:45:40.210+0000] {logging_mixin.py:190} INFO - [2025-03-01T14:45:40.209+0000] {dag.py:3239} INFO - Sync 1 DAGs
[2025-03-01T14:45:40.320+0000] {logging_mixin.py:190} INFO - [2025-03-01T14:45:40.319+0000] {dag.py:4180} INFO - Setting next_dagrun for latest_only_with_trigger to 2025-03-01 08:00:00+00:00, run_after=2025-03-01 12:00:00+00:00
[2025-03-01T14:45:40.423+0000] {processor.py:208} INFO - Processing /home/airflow/.local/lib/python3.12/site-packages/airflow/example_dags/example_latest_only_with_trigger.py took 0.472 seconds
[2025-03-01T14:46:13.468+0000] {processor.py:186} INFO - Started process (PID=3596) to work on /home/airflow/.local/lib/python3.12/site-packages/airflow/example_dags/example_latest_only_with_trigger.py
[2025-03-01T14:46:13.475+0000] {processor.py:914} INFO - Processing file /home/airflow/.local/lib/python3.12/site-packages/airflow/example_dags/example_latest_only_with_trigger.py for tasks to queue
[2025-03-01T14:46:13.537+0000] {logging_mixin.py:190} INFO - [2025-03-01T14:46:13.537+0000] {dagbag.py:588} INFO - Filling up the DagBag from /home/airflow/.local/lib/python3.12/site-packages/airflow/example_dags/example_latest_only_with_trigger.py
[2025-03-01T14:46:13.624+0000] {processor.py:925} INFO - DAG(s) 'latest_only_with_trigger' retrieved from /home/airflow/.local/lib/python3.12/site-packages/airflow/example_dags/example_latest_only_with_trigger.py
[2025-03-01T14:46:13.778+0000] {logging_mixin.py:190} INFO - [2025-03-01T14:46:13.778+0000] {dag.py:3239} INFO - Sync 1 DAGs
[2025-03-01T14:46:14.030+0000] {logging_mixin.py:190} INFO - [2025-03-01T14:46:14.030+0000] {dag.py:4180} INFO - Setting next_dagrun for latest_only_with_trigger to 2025-03-01 08:00:00+00:00, run_after=2025-03-01 12:00:00+00:00
[2025-03-01T14:46:14.206+0000] {processor.py:208} INFO - Processing /home/airflow/.local/lib/python3.12/site-packages/airflow/example_dags/example_latest_only_with_trigger.py took 0.776 seconds
[2025-03-01T14:47:16.363+0000] {processor.py:186} INFO - Started process (PID=3675) to work on /home/airflow/.local/lib/python3.12/site-packages/airflow/example_dags/example_latest_only_with_trigger.py
[2025-03-01T14:47:16.370+0000] {processor.py:914} INFO - Processing file /home/airflow/.local/lib/python3.12/site-packages/airflow/example_dags/example_latest_only_with_trigger.py for tasks to queue
[2025-03-01T14:47:16.373+0000] {logging_mixin.py:190} INFO - [2025-03-01T14:47:16.373+0000] {dagbag.py:588} INFO - Filling up the DagBag from /home/airflow/.local/lib/python3.12/site-packages/airflow/example_dags/example_latest_only_with_trigger.py
[2025-03-01T14:47:16.424+0000] {processor.py:925} INFO - DAG(s) 'latest_only_with_trigger' retrieved from /home/airflow/.local/lib/python3.12/site-packages/airflow/example_dags/example_latest_only_with_trigger.py
[2025-03-01T14:47:16.658+0000] {logging_mixin.py:190} INFO - [2025-03-01T14:47:16.658+0000] {dag.py:3239} INFO - Sync 1 DAGs
[2025-03-01T14:47:16.904+0000] {logging_mixin.py:190} INFO - [2025-03-01T14:47:16.904+0000] {dag.py:4180} INFO - Setting next_dagrun for latest_only_with_trigger to 2025-03-01 08:00:00+00:00, run_after=2025-03-01 12:00:00+00:00
[2025-03-01T14:47:17.083+0000] {processor.py:208} INFO - Processing /home/airflow/.local/lib/python3.12/site-packages/airflow/example_dags/example_latest_only_with_trigger.py took 0.756 seconds
[2025-03-01T14:47:56.580+0000] {processor.py:186} INFO - Started process (PID=3748) to work on /home/airflow/.local/lib/python3.12/site-packages/airflow/example_dags/example_latest_only_with_trigger.py
[2025-03-01T14:47:56.591+0000] {processor.py:914} INFO - Processing file /home/airflow/.local/lib/python3.12/site-packages/airflow/example_dags/example_latest_only_with_trigger.py for tasks to queue
[2025-03-01T14:47:56.593+0000] {logging_mixin.py:190} INFO - [2025-03-01T14:47:56.593+0000] {dagbag.py:588} INFO - Filling up the DagBag from /home/airflow/.local/lib/python3.12/site-packages/airflow/example_dags/example_latest_only_with_trigger.py
[2025-03-01T14:47:56.607+0000] {processor.py:925} INFO - DAG(s) 'latest_only_with_trigger' retrieved from /home/airflow/.local/lib/python3.12/site-packages/airflow/example_dags/example_latest_only_with_trigger.py
[2025-03-01T14:47:56.659+0000] {logging_mixin.py:190} INFO - [2025-03-01T14:47:56.659+0000] {dag.py:3239} INFO - Sync 1 DAGs
[2025-03-01T14:47:56.706+0000] {logging_mixin.py:190} INFO - [2025-03-01T14:47:56.706+0000] {dag.py:4180} INFO - Setting next_dagrun for latest_only_with_trigger to 2025-03-01 08:00:00+00:00, run_after=2025-03-01 12:00:00+00:00
[2025-03-01T14:47:56.743+0000] {processor.py:208} INFO - Processing /home/airflow/.local/lib/python3.12/site-packages/airflow/example_dags/example_latest_only_with_trigger.py took 0.176 seconds
