[2025-03-01T14:17:34.051+0000] {processor.py:186} INFO - Started process (PID=79) to work on /home/airflow/.local/lib/python3.12/site-packages/airflow/example_dags/example_bash_decorator.py
[2025-03-01T14:17:34.053+0000] {processor.py:914} INFO - Processing file /home/airflow/.local/lib/python3.12/site-packages/airflow/example_dags/example_bash_decorator.py for tasks to queue
[2025-03-01T14:17:34.058+0000] {logging_mixin.py:190} INFO - [2025-03-01T14:17:34.058+0000] {dagbag.py:588} INFO - Filling up the DagBag from /home/airflow/.local/lib/python3.12/site-packages/airflow/example_dags/example_bash_decorator.py
[2025-03-01T14:17:34.130+0000] {processor.py:925} INFO - DAG(s) 'example_bash_decorator' retrieved from /home/airflow/.local/lib/python3.12/site-packages/airflow/example_dags/example_bash_decorator.py
[2025-03-01T14:17:34.685+0000] {logging_mixin.py:190} INFO - [2025-03-01T14:17:34.684+0000] {override.py:1912} INFO - Created Permission View: can edit on DAG:example_bash_decorator
[2025-03-01T14:17:34.763+0000] {logging_mixin.py:190} INFO - [2025-03-01T14:17:34.762+0000] {override.py:1912} INFO - Created Permission View: can read on DAG:example_bash_decorator
[2025-03-01T14:17:34.787+0000] {logging_mixin.py:190} INFO - [2025-03-01T14:17:34.786+0000] {override.py:1912} INFO - Created Permission View: can delete on DAG:example_bash_decorator
[2025-03-01T14:17:34.806+0000] {logging_mixin.py:190} INFO - [2025-03-01T14:17:34.806+0000] {override.py:1912} INFO - Created Permission View: menu access on DAG Run:example_bash_decorator
[2025-03-01T14:17:34.827+0000] {logging_mixin.py:190} INFO - [2025-03-01T14:17:34.826+0000] {override.py:1912} INFO - Created Permission View: can read on DAG Run:example_bash_decorator
[2025-03-01T14:17:34.848+0000] {logging_mixin.py:190} INFO - [2025-03-01T14:17:34.848+0000] {override.py:1912} INFO - Created Permission View: can create on DAG Run:example_bash_decorator
[2025-03-01T14:17:34.870+0000] {logging_mixin.py:190} INFO - [2025-03-01T14:17:34.870+0000] {override.py:1912} INFO - Created Permission View: can delete on DAG Run:example_bash_decorator
[2025-03-01T14:17:34.871+0000] {logging_mixin.py:190} INFO - [2025-03-01T14:17:34.871+0000] {dag.py:3239} INFO - Sync 1 DAGs
[2025-03-01T14:17:34.921+0000] {logging_mixin.py:190} INFO - [2025-03-01T14:17:34.920+0000] {dag.py:3262} INFO - Creating ORM DAG for example_bash_decorator
[2025-03-01T14:17:34.921+0000] {logging_mixin.py:190} INFO - [2025-03-01T14:17:34.921+0000] {dag.py:4180} INFO - Setting next_dagrun for example_bash_decorator to None, run_after=None
[2025-03-01T14:17:35.008+0000] {processor.py:208} INFO - Processing /home/airflow/.local/lib/python3.12/site-packages/airflow/example_dags/example_bash_decorator.py took 0.979 seconds
[2025-03-01T14:18:05.892+0000] {processor.py:186} INFO - Started process (PID=142) to work on /home/airflow/.local/lib/python3.12/site-packages/airflow/example_dags/example_bash_decorator.py
[2025-03-01T14:18:05.897+0000] {processor.py:914} INFO - Processing file /home/airflow/.local/lib/python3.12/site-packages/airflow/example_dags/example_bash_decorator.py for tasks to queue
[2025-03-01T14:18:05.899+0000] {logging_mixin.py:190} INFO - [2025-03-01T14:18:05.899+0000] {dagbag.py:588} INFO - Filling up the DagBag from /home/airflow/.local/lib/python3.12/site-packages/airflow/example_dags/example_bash_decorator.py
[2025-03-01T14:18:05.925+0000] {processor.py:925} INFO - DAG(s) 'example_bash_decorator' retrieved from /home/airflow/.local/lib/python3.12/site-packages/airflow/example_dags/example_bash_decorator.py
[2025-03-01T14:18:05.953+0000] {logging_mixin.py:190} INFO - [2025-03-01T14:18:05.953+0000] {dag.py:3239} INFO - Sync 1 DAGs
[2025-03-01T14:18:05.968+0000] {logging_mixin.py:190} INFO - [2025-03-01T14:18:05.968+0000] {dag.py:4180} INFO - Setting next_dagrun for example_bash_decorator to None, run_after=None
[2025-03-01T14:18:05.985+0000] {processor.py:208} INFO - Processing /home/airflow/.local/lib/python3.12/site-packages/airflow/example_dags/example_bash_decorator.py took 0.099 seconds
[2025-03-01T14:18:36.375+0000] {processor.py:186} INFO - Started process (PID=205) to work on /home/airflow/.local/lib/python3.12/site-packages/airflow/example_dags/example_bash_decorator.py
[2025-03-01T14:18:36.376+0000] {processor.py:914} INFO - Processing file /home/airflow/.local/lib/python3.12/site-packages/airflow/example_dags/example_bash_decorator.py for tasks to queue
[2025-03-01T14:18:36.378+0000] {logging_mixin.py:190} INFO - [2025-03-01T14:18:36.378+0000] {dagbag.py:588} INFO - Filling up the DagBag from /home/airflow/.local/lib/python3.12/site-packages/airflow/example_dags/example_bash_decorator.py
[2025-03-01T14:18:36.393+0000] {processor.py:925} INFO - DAG(s) 'example_bash_decorator' retrieved from /home/airflow/.local/lib/python3.12/site-packages/airflow/example_dags/example_bash_decorator.py
[2025-03-01T14:18:36.429+0000] {logging_mixin.py:190} INFO - [2025-03-01T14:18:36.428+0000] {dag.py:3239} INFO - Sync 1 DAGs
[2025-03-01T14:18:36.443+0000] {logging_mixin.py:190} INFO - [2025-03-01T14:18:36.443+0000] {dag.py:4180} INFO - Setting next_dagrun for example_bash_decorator to None, run_after=None
[2025-03-01T14:18:36.459+0000] {processor.py:208} INFO - Processing /home/airflow/.local/lib/python3.12/site-packages/airflow/example_dags/example_bash_decorator.py took 0.089 seconds
[2025-03-01T14:19:06.763+0000] {processor.py:186} INFO - Started process (PID=268) to work on /home/airflow/.local/lib/python3.12/site-packages/airflow/example_dags/example_bash_decorator.py
[2025-03-01T14:19:06.764+0000] {processor.py:914} INFO - Processing file /home/airflow/.local/lib/python3.12/site-packages/airflow/example_dags/example_bash_decorator.py for tasks to queue
[2025-03-01T14:19:06.766+0000] {logging_mixin.py:190} INFO - [2025-03-01T14:19:06.766+0000] {dagbag.py:588} INFO - Filling up the DagBag from /home/airflow/.local/lib/python3.12/site-packages/airflow/example_dags/example_bash_decorator.py
[2025-03-01T14:19:06.782+0000] {processor.py:925} INFO - DAG(s) 'example_bash_decorator' retrieved from /home/airflow/.local/lib/python3.12/site-packages/airflow/example_dags/example_bash_decorator.py
[2025-03-01T14:19:06.806+0000] {logging_mixin.py:190} INFO - [2025-03-01T14:19:06.806+0000] {dag.py:3239} INFO - Sync 1 DAGs
[2025-03-01T14:19:06.821+0000] {logging_mixin.py:190} INFO - [2025-03-01T14:19:06.821+0000] {dag.py:4180} INFO - Setting next_dagrun for example_bash_decorator to None, run_after=None
[2025-03-01T14:19:06.837+0000] {processor.py:208} INFO - Processing /home/airflow/.local/lib/python3.12/site-packages/airflow/example_dags/example_bash_decorator.py took 0.080 seconds
[2025-03-01T14:19:36.931+0000] {processor.py:186} INFO - Started process (PID=331) to work on /home/airflow/.local/lib/python3.12/site-packages/airflow/example_dags/example_bash_decorator.py
[2025-03-01T14:19:36.932+0000] {processor.py:914} INFO - Processing file /home/airflow/.local/lib/python3.12/site-packages/airflow/example_dags/example_bash_decorator.py for tasks to queue
[2025-03-01T14:19:36.934+0000] {logging_mixin.py:190} INFO - [2025-03-01T14:19:36.934+0000] {dagbag.py:588} INFO - Filling up the DagBag from /home/airflow/.local/lib/python3.12/site-packages/airflow/example_dags/example_bash_decorator.py
[2025-03-01T14:19:36.950+0000] {processor.py:925} INFO - DAG(s) 'example_bash_decorator' retrieved from /home/airflow/.local/lib/python3.12/site-packages/airflow/example_dags/example_bash_decorator.py
[2025-03-01T14:19:36.974+0000] {logging_mixin.py:190} INFO - [2025-03-01T14:19:36.974+0000] {dag.py:3239} INFO - Sync 1 DAGs
[2025-03-01T14:19:36.989+0000] {logging_mixin.py:190} INFO - [2025-03-01T14:19:36.989+0000] {dag.py:4180} INFO - Setting next_dagrun for example_bash_decorator to None, run_after=None
[2025-03-01T14:19:37.004+0000] {processor.py:208} INFO - Processing /home/airflow/.local/lib/python3.12/site-packages/airflow/example_dags/example_bash_decorator.py took 0.080 seconds
[2025-03-01T14:20:07.491+0000] {processor.py:186} INFO - Started process (PID=394) to work on /home/airflow/.local/lib/python3.12/site-packages/airflow/example_dags/example_bash_decorator.py
[2025-03-01T14:20:07.491+0000] {processor.py:914} INFO - Processing file /home/airflow/.local/lib/python3.12/site-packages/airflow/example_dags/example_bash_decorator.py for tasks to queue
[2025-03-01T14:20:07.494+0000] {logging_mixin.py:190} INFO - [2025-03-01T14:20:07.494+0000] {dagbag.py:588} INFO - Filling up the DagBag from /home/airflow/.local/lib/python3.12/site-packages/airflow/example_dags/example_bash_decorator.py
[2025-03-01T14:20:07.510+0000] {processor.py:925} INFO - DAG(s) 'example_bash_decorator' retrieved from /home/airflow/.local/lib/python3.12/site-packages/airflow/example_dags/example_bash_decorator.py
[2025-03-01T14:20:07.543+0000] {logging_mixin.py:190} INFO - [2025-03-01T14:20:07.543+0000] {dag.py:3239} INFO - Sync 1 DAGs
[2025-03-01T14:20:07.560+0000] {logging_mixin.py:190} INFO - [2025-03-01T14:20:07.560+0000] {dag.py:4180} INFO - Setting next_dagrun for example_bash_decorator to None, run_after=None
[2025-03-01T14:20:07.576+0000] {processor.py:208} INFO - Processing /home/airflow/.local/lib/python3.12/site-packages/airflow/example_dags/example_bash_decorator.py took 0.091 seconds
[2025-03-01T14:20:37.837+0000] {processor.py:186} INFO - Started process (PID=457) to work on /home/airflow/.local/lib/python3.12/site-packages/airflow/example_dags/example_bash_decorator.py
[2025-03-01T14:20:37.838+0000] {processor.py:914} INFO - Processing file /home/airflow/.local/lib/python3.12/site-packages/airflow/example_dags/example_bash_decorator.py for tasks to queue
[2025-03-01T14:20:37.844+0000] {logging_mixin.py:190} INFO - [2025-03-01T14:20:37.844+0000] {dagbag.py:588} INFO - Filling up the DagBag from /home/airflow/.local/lib/python3.12/site-packages/airflow/example_dags/example_bash_decorator.py
[2025-03-01T14:20:37.860+0000] {processor.py:925} INFO - DAG(s) 'example_bash_decorator' retrieved from /home/airflow/.local/lib/python3.12/site-packages/airflow/example_dags/example_bash_decorator.py
[2025-03-01T14:20:37.882+0000] {logging_mixin.py:190} INFO - [2025-03-01T14:20:37.882+0000] {dag.py:3239} INFO - Sync 1 DAGs
[2025-03-01T14:20:37.896+0000] {logging_mixin.py:190} INFO - [2025-03-01T14:20:37.896+0000] {dag.py:4180} INFO - Setting next_dagrun for example_bash_decorator to None, run_after=None
[2025-03-01T14:20:37.912+0000] {processor.py:208} INFO - Processing /home/airflow/.local/lib/python3.12/site-packages/airflow/example_dags/example_bash_decorator.py took 0.080 seconds
[2025-03-01T14:21:08.281+0000] {processor.py:186} INFO - Started process (PID=520) to work on /home/airflow/.local/lib/python3.12/site-packages/airflow/example_dags/example_bash_decorator.py
[2025-03-01T14:21:08.282+0000] {processor.py:914} INFO - Processing file /home/airflow/.local/lib/python3.12/site-packages/airflow/example_dags/example_bash_decorator.py for tasks to queue
[2025-03-01T14:21:08.284+0000] {logging_mixin.py:190} INFO - [2025-03-01T14:21:08.284+0000] {dagbag.py:588} INFO - Filling up the DagBag from /home/airflow/.local/lib/python3.12/site-packages/airflow/example_dags/example_bash_decorator.py
[2025-03-01T14:21:08.300+0000] {processor.py:925} INFO - DAG(s) 'example_bash_decorator' retrieved from /home/airflow/.local/lib/python3.12/site-packages/airflow/example_dags/example_bash_decorator.py
[2025-03-01T14:21:08.323+0000] {logging_mixin.py:190} INFO - [2025-03-01T14:21:08.323+0000] {dag.py:3239} INFO - Sync 1 DAGs
[2025-03-01T14:21:08.338+0000] {logging_mixin.py:190} INFO - [2025-03-01T14:21:08.337+0000] {dag.py:4180} INFO - Setting next_dagrun for example_bash_decorator to None, run_after=None
[2025-03-01T14:21:08.354+0000] {processor.py:208} INFO - Processing /home/airflow/.local/lib/python3.12/site-packages/airflow/example_dags/example_bash_decorator.py took 0.078 seconds
[2025-03-01T14:21:39.028+0000] {processor.py:186} INFO - Started process (PID=583) to work on /home/airflow/.local/lib/python3.12/site-packages/airflow/example_dags/example_bash_decorator.py
[2025-03-01T14:21:39.041+0000] {processor.py:914} INFO - Processing file /home/airflow/.local/lib/python3.12/site-packages/airflow/example_dags/example_bash_decorator.py for tasks to queue
[2025-03-01T14:21:39.044+0000] {logging_mixin.py:190} INFO - [2025-03-01T14:21:39.043+0000] {dagbag.py:588} INFO - Filling up the DagBag from /home/airflow/.local/lib/python3.12/site-packages/airflow/example_dags/example_bash_decorator.py
[2025-03-01T14:21:39.076+0000] {processor.py:925} INFO - DAG(s) 'example_bash_decorator' retrieved from /home/airflow/.local/lib/python3.12/site-packages/airflow/example_dags/example_bash_decorator.py
[2025-03-01T14:21:39.129+0000] {logging_mixin.py:190} INFO - [2025-03-01T14:21:39.129+0000] {dag.py:3239} INFO - Sync 1 DAGs
[2025-03-01T14:21:39.166+0000] {logging_mixin.py:190} INFO - [2025-03-01T14:21:39.166+0000] {dag.py:4180} INFO - Setting next_dagrun for example_bash_decorator to None, run_after=None
[2025-03-01T14:21:39.206+0000] {processor.py:208} INFO - Processing /home/airflow/.local/lib/python3.12/site-packages/airflow/example_dags/example_bash_decorator.py took 0.184 seconds
[2025-03-01T14:22:09.329+0000] {processor.py:186} INFO - Started process (PID=646) to work on /home/airflow/.local/lib/python3.12/site-packages/airflow/example_dags/example_bash_decorator.py
[2025-03-01T14:22:09.332+0000] {processor.py:914} INFO - Processing file /home/airflow/.local/lib/python3.12/site-packages/airflow/example_dags/example_bash_decorator.py for tasks to queue
[2025-03-01T14:22:09.335+0000] {logging_mixin.py:190} INFO - [2025-03-01T14:22:09.335+0000] {dagbag.py:588} INFO - Filling up the DagBag from /home/airflow/.local/lib/python3.12/site-packages/airflow/example_dags/example_bash_decorator.py
[2025-03-01T14:22:09.364+0000] {processor.py:925} INFO - DAG(s) 'example_bash_decorator' retrieved from /home/airflow/.local/lib/python3.12/site-packages/airflow/example_dags/example_bash_decorator.py
[2025-03-01T14:22:09.423+0000] {logging_mixin.py:190} INFO - [2025-03-01T14:22:09.422+0000] {dag.py:3239} INFO - Sync 1 DAGs
[2025-03-01T14:22:09.452+0000] {logging_mixin.py:190} INFO - [2025-03-01T14:22:09.452+0000] {dag.py:4180} INFO - Setting next_dagrun for example_bash_decorator to None, run_after=None
[2025-03-01T14:22:09.481+0000] {processor.py:208} INFO - Processing /home/airflow/.local/lib/python3.12/site-packages/airflow/example_dags/example_bash_decorator.py took 0.162 seconds
[2025-03-01T14:22:40.100+0000] {processor.py:186} INFO - Started process (PID=709) to work on /home/airflow/.local/lib/python3.12/site-packages/airflow/example_dags/example_bash_decorator.py
[2025-03-01T14:22:40.101+0000] {processor.py:914} INFO - Processing file /home/airflow/.local/lib/python3.12/site-packages/airflow/example_dags/example_bash_decorator.py for tasks to queue
[2025-03-01T14:22:40.103+0000] {logging_mixin.py:190} INFO - [2025-03-01T14:22:40.103+0000] {dagbag.py:588} INFO - Filling up the DagBag from /home/airflow/.local/lib/python3.12/site-packages/airflow/example_dags/example_bash_decorator.py
[2025-03-01T14:22:40.119+0000] {processor.py:925} INFO - DAG(s) 'example_bash_decorator' retrieved from /home/airflow/.local/lib/python3.12/site-packages/airflow/example_dags/example_bash_decorator.py
[2025-03-01T14:22:40.143+0000] {logging_mixin.py:190} INFO - [2025-03-01T14:22:40.143+0000] {dag.py:3239} INFO - Sync 1 DAGs
[2025-03-01T14:22:40.158+0000] {logging_mixin.py:190} INFO - [2025-03-01T14:22:40.158+0000] {dag.py:4180} INFO - Setting next_dagrun for example_bash_decorator to None, run_after=None
[2025-03-01T14:22:40.176+0000] {processor.py:208} INFO - Processing /home/airflow/.local/lib/python3.12/site-packages/airflow/example_dags/example_bash_decorator.py took 0.081 seconds
[2025-03-01T14:23:10.627+0000] {processor.py:186} INFO - Started process (PID=773) to work on /home/airflow/.local/lib/python3.12/site-packages/airflow/example_dags/example_bash_decorator.py
[2025-03-01T14:23:10.628+0000] {processor.py:914} INFO - Processing file /home/airflow/.local/lib/python3.12/site-packages/airflow/example_dags/example_bash_decorator.py for tasks to queue
[2025-03-01T14:23:10.630+0000] {logging_mixin.py:190} INFO - [2025-03-01T14:23:10.630+0000] {dagbag.py:588} INFO - Filling up the DagBag from /home/airflow/.local/lib/python3.12/site-packages/airflow/example_dags/example_bash_decorator.py
[2025-03-01T14:23:10.645+0000] {processor.py:925} INFO - DAG(s) 'example_bash_decorator' retrieved from /home/airflow/.local/lib/python3.12/site-packages/airflow/example_dags/example_bash_decorator.py
[2025-03-01T14:23:10.669+0000] {logging_mixin.py:190} INFO - [2025-03-01T14:23:10.669+0000] {dag.py:3239} INFO - Sync 1 DAGs
[2025-03-01T14:23:10.684+0000] {logging_mixin.py:190} INFO - [2025-03-01T14:23:10.683+0000] {dag.py:4180} INFO - Setting next_dagrun for example_bash_decorator to None, run_after=None
[2025-03-01T14:23:10.706+0000] {processor.py:208} INFO - Processing /home/airflow/.local/lib/python3.12/site-packages/airflow/example_dags/example_bash_decorator.py took 0.084 seconds
[2025-03-01T14:23:41.320+0000] {processor.py:186} INFO - Started process (PID=837) to work on /home/airflow/.local/lib/python3.12/site-packages/airflow/example_dags/example_bash_decorator.py
[2025-03-01T14:23:41.321+0000] {processor.py:914} INFO - Processing file /home/airflow/.local/lib/python3.12/site-packages/airflow/example_dags/example_bash_decorator.py for tasks to queue
[2025-03-01T14:23:41.323+0000] {logging_mixin.py:190} INFO - [2025-03-01T14:23:41.323+0000] {dagbag.py:588} INFO - Filling up the DagBag from /home/airflow/.local/lib/python3.12/site-packages/airflow/example_dags/example_bash_decorator.py
[2025-03-01T14:23:41.339+0000] {processor.py:925} INFO - DAG(s) 'example_bash_decorator' retrieved from /home/airflow/.local/lib/python3.12/site-packages/airflow/example_dags/example_bash_decorator.py
[2025-03-01T14:23:41.363+0000] {logging_mixin.py:190} INFO - [2025-03-01T14:23:41.363+0000] {dag.py:3239} INFO - Sync 1 DAGs
[2025-03-01T14:23:41.380+0000] {logging_mixin.py:190} INFO - [2025-03-01T14:23:41.380+0000] {dag.py:4180} INFO - Setting next_dagrun for example_bash_decorator to None, run_after=None
[2025-03-01T14:23:41.396+0000] {processor.py:208} INFO - Processing /home/airflow/.local/lib/python3.12/site-packages/airflow/example_dags/example_bash_decorator.py took 0.082 seconds
[2025-03-01T14:24:12.030+0000] {processor.py:186} INFO - Started process (PID=900) to work on /home/airflow/.local/lib/python3.12/site-packages/airflow/example_dags/example_bash_decorator.py
[2025-03-01T14:24:12.031+0000] {processor.py:914} INFO - Processing file /home/airflow/.local/lib/python3.12/site-packages/airflow/example_dags/example_bash_decorator.py for tasks to queue
[2025-03-01T14:24:12.033+0000] {logging_mixin.py:190} INFO - [2025-03-01T14:24:12.033+0000] {dagbag.py:588} INFO - Filling up the DagBag from /home/airflow/.local/lib/python3.12/site-packages/airflow/example_dags/example_bash_decorator.py
[2025-03-01T14:24:12.048+0000] {processor.py:925} INFO - DAG(s) 'example_bash_decorator' retrieved from /home/airflow/.local/lib/python3.12/site-packages/airflow/example_dags/example_bash_decorator.py
[2025-03-01T14:24:12.074+0000] {logging_mixin.py:190} INFO - [2025-03-01T14:24:12.074+0000] {dag.py:3239} INFO - Sync 1 DAGs
[2025-03-01T14:24:12.089+0000] {logging_mixin.py:190} INFO - [2025-03-01T14:24:12.089+0000] {dag.py:4180} INFO - Setting next_dagrun for example_bash_decorator to None, run_after=None
[2025-03-01T14:24:12.107+0000] {processor.py:208} INFO - Processing /home/airflow/.local/lib/python3.12/site-packages/airflow/example_dags/example_bash_decorator.py took 0.082 seconds
[2025-03-01T14:24:42.419+0000] {processor.py:186} INFO - Started process (PID=963) to work on /home/airflow/.local/lib/python3.12/site-packages/airflow/example_dags/example_bash_decorator.py
[2025-03-01T14:24:42.420+0000] {processor.py:914} INFO - Processing file /home/airflow/.local/lib/python3.12/site-packages/airflow/example_dags/example_bash_decorator.py for tasks to queue
[2025-03-01T14:24:42.422+0000] {logging_mixin.py:190} INFO - [2025-03-01T14:24:42.421+0000] {dagbag.py:588} INFO - Filling up the DagBag from /home/airflow/.local/lib/python3.12/site-packages/airflow/example_dags/example_bash_decorator.py
[2025-03-01T14:24:42.446+0000] {processor.py:925} INFO - DAG(s) 'example_bash_decorator' retrieved from /home/airflow/.local/lib/python3.12/site-packages/airflow/example_dags/example_bash_decorator.py
[2025-03-01T14:24:42.469+0000] {logging_mixin.py:190} INFO - [2025-03-01T14:24:42.469+0000] {dag.py:3239} INFO - Sync 1 DAGs
[2025-03-01T14:24:42.484+0000] {logging_mixin.py:190} INFO - [2025-03-01T14:24:42.483+0000] {dag.py:4180} INFO - Setting next_dagrun for example_bash_decorator to None, run_after=None
[2025-03-01T14:24:42.502+0000] {processor.py:208} INFO - Processing /home/airflow/.local/lib/python3.12/site-packages/airflow/example_dags/example_bash_decorator.py took 0.088 seconds
[2025-03-01T14:25:12.806+0000] {processor.py:186} INFO - Started process (PID=1026) to work on /home/airflow/.local/lib/python3.12/site-packages/airflow/example_dags/example_bash_decorator.py
[2025-03-01T14:25:12.807+0000] {processor.py:914} INFO - Processing file /home/airflow/.local/lib/python3.12/site-packages/airflow/example_dags/example_bash_decorator.py for tasks to queue
[2025-03-01T14:25:12.808+0000] {logging_mixin.py:190} INFO - [2025-03-01T14:25:12.808+0000] {dagbag.py:588} INFO - Filling up the DagBag from /home/airflow/.local/lib/python3.12/site-packages/airflow/example_dags/example_bash_decorator.py
[2025-03-01T14:25:12.823+0000] {processor.py:925} INFO - DAG(s) 'example_bash_decorator' retrieved from /home/airflow/.local/lib/python3.12/site-packages/airflow/example_dags/example_bash_decorator.py
[2025-03-01T14:25:12.846+0000] {logging_mixin.py:190} INFO - [2025-03-01T14:25:12.846+0000] {dag.py:3239} INFO - Sync 1 DAGs
[2025-03-01T14:25:12.862+0000] {logging_mixin.py:190} INFO - [2025-03-01T14:25:12.862+0000] {dag.py:4180} INFO - Setting next_dagrun for example_bash_decorator to None, run_after=None
[2025-03-01T14:25:12.878+0000] {processor.py:208} INFO - Processing /home/airflow/.local/lib/python3.12/site-packages/airflow/example_dags/example_bash_decorator.py took 0.077 seconds
[2025-03-01T14:25:43.731+0000] {processor.py:186} INFO - Started process (PID=1086) to work on /home/airflow/.local/lib/python3.12/site-packages/airflow/example_dags/example_bash_decorator.py
[2025-03-01T14:25:43.732+0000] {processor.py:914} INFO - Processing file /home/airflow/.local/lib/python3.12/site-packages/airflow/example_dags/example_bash_decorator.py for tasks to queue
[2025-03-01T14:25:43.733+0000] {logging_mixin.py:190} INFO - [2025-03-01T14:25:43.733+0000] {dagbag.py:588} INFO - Filling up the DagBag from /home/airflow/.local/lib/python3.12/site-packages/airflow/example_dags/example_bash_decorator.py
[2025-03-01T14:25:43.744+0000] {processor.py:925} INFO - DAG(s) 'example_bash_decorator' retrieved from /home/airflow/.local/lib/python3.12/site-packages/airflow/example_dags/example_bash_decorator.py
[2025-03-01T14:25:43.759+0000] {logging_mixin.py:190} INFO - [2025-03-01T14:25:43.759+0000] {dag.py:3239} INFO - Sync 1 DAGs
[2025-03-01T14:25:43.769+0000] {logging_mixin.py:190} INFO - [2025-03-01T14:25:43.769+0000] {dag.py:4180} INFO - Setting next_dagrun for example_bash_decorator to None, run_after=None
[2025-03-01T14:25:43.781+0000] {processor.py:208} INFO - Processing /home/airflow/.local/lib/python3.12/site-packages/airflow/example_dags/example_bash_decorator.py took 0.054 seconds
[2025-03-01T14:26:14.869+0000] {processor.py:186} INFO - Started process (PID=1142) to work on /home/airflow/.local/lib/python3.12/site-packages/airflow/example_dags/example_bash_decorator.py
[2025-03-01T14:26:14.869+0000] {processor.py:914} INFO - Processing file /home/airflow/.local/lib/python3.12/site-packages/airflow/example_dags/example_bash_decorator.py for tasks to queue
[2025-03-01T14:26:14.871+0000] {logging_mixin.py:190} INFO - [2025-03-01T14:26:14.871+0000] {dagbag.py:588} INFO - Filling up the DagBag from /home/airflow/.local/lib/python3.12/site-packages/airflow/example_dags/example_bash_decorator.py
[2025-03-01T14:26:14.887+0000] {processor.py:925} INFO - DAG(s) 'example_bash_decorator' retrieved from /home/airflow/.local/lib/python3.12/site-packages/airflow/example_dags/example_bash_decorator.py
[2025-03-01T14:26:14.910+0000] {logging_mixin.py:190} INFO - [2025-03-01T14:26:14.910+0000] {dag.py:3239} INFO - Sync 1 DAGs
[2025-03-01T14:26:14.924+0000] {logging_mixin.py:190} INFO - [2025-03-01T14:26:14.924+0000] {dag.py:4180} INFO - Setting next_dagrun for example_bash_decorator to None, run_after=None
[2025-03-01T14:26:14.940+0000] {processor.py:208} INFO - Processing /home/airflow/.local/lib/python3.12/site-packages/airflow/example_dags/example_bash_decorator.py took 0.076 seconds
[2025-03-01T14:26:45.181+0000] {processor.py:186} INFO - Started process (PID=1196) to work on /home/airflow/.local/lib/python3.12/site-packages/airflow/example_dags/example_bash_decorator.py
[2025-03-01T14:26:45.182+0000] {processor.py:914} INFO - Processing file /home/airflow/.local/lib/python3.12/site-packages/airflow/example_dags/example_bash_decorator.py for tasks to queue
[2025-03-01T14:26:45.183+0000] {logging_mixin.py:190} INFO - [2025-03-01T14:26:45.183+0000] {dagbag.py:588} INFO - Filling up the DagBag from /home/airflow/.local/lib/python3.12/site-packages/airflow/example_dags/example_bash_decorator.py
[2025-03-01T14:26:45.194+0000] {processor.py:925} INFO - DAG(s) 'example_bash_decorator' retrieved from /home/airflow/.local/lib/python3.12/site-packages/airflow/example_dags/example_bash_decorator.py
[2025-03-01T14:26:45.210+0000] {logging_mixin.py:190} INFO - [2025-03-01T14:26:45.210+0000] {dag.py:3239} INFO - Sync 1 DAGs
[2025-03-01T14:26:45.220+0000] {logging_mixin.py:190} INFO - [2025-03-01T14:26:45.220+0000] {dag.py:4180} INFO - Setting next_dagrun for example_bash_decorator to None, run_after=None
[2025-03-01T14:26:45.231+0000] {processor.py:208} INFO - Processing /home/airflow/.local/lib/python3.12/site-packages/airflow/example_dags/example_bash_decorator.py took 0.055 seconds
[2025-03-01T14:27:15.851+0000] {processor.py:186} INFO - Started process (PID=1259) to work on /home/airflow/.local/lib/python3.12/site-packages/airflow/example_dags/example_bash_decorator.py
[2025-03-01T14:27:15.852+0000] {processor.py:914} INFO - Processing file /home/airflow/.local/lib/python3.12/site-packages/airflow/example_dags/example_bash_decorator.py for tasks to queue
[2025-03-01T14:27:15.854+0000] {logging_mixin.py:190} INFO - [2025-03-01T14:27:15.853+0000] {dagbag.py:588} INFO - Filling up the DagBag from /home/airflow/.local/lib/python3.12/site-packages/airflow/example_dags/example_bash_decorator.py
[2025-03-01T14:27:15.865+0000] {processor.py:925} INFO - DAG(s) 'example_bash_decorator' retrieved from /home/airflow/.local/lib/python3.12/site-packages/airflow/example_dags/example_bash_decorator.py
[2025-03-01T14:27:15.881+0000] {logging_mixin.py:190} INFO - [2025-03-01T14:27:15.881+0000] {dag.py:3239} INFO - Sync 1 DAGs
[2025-03-01T14:27:15.891+0000] {logging_mixin.py:190} INFO - [2025-03-01T14:27:15.891+0000] {dag.py:4180} INFO - Setting next_dagrun for example_bash_decorator to None, run_after=None
[2025-03-01T14:27:15.903+0000] {processor.py:208} INFO - Processing /home/airflow/.local/lib/python3.12/site-packages/airflow/example_dags/example_bash_decorator.py took 0.057 seconds
[2025-03-01T14:27:46.394+0000] {processor.py:186} INFO - Started process (PID=1322) to work on /home/airflow/.local/lib/python3.12/site-packages/airflow/example_dags/example_bash_decorator.py
[2025-03-01T14:27:46.395+0000] {processor.py:914} INFO - Processing file /home/airflow/.local/lib/python3.12/site-packages/airflow/example_dags/example_bash_decorator.py for tasks to queue
[2025-03-01T14:27:46.396+0000] {logging_mixin.py:190} INFO - [2025-03-01T14:27:46.396+0000] {dagbag.py:588} INFO - Filling up the DagBag from /home/airflow/.local/lib/python3.12/site-packages/airflow/example_dags/example_bash_decorator.py
[2025-03-01T14:27:46.407+0000] {processor.py:925} INFO - DAG(s) 'example_bash_decorator' retrieved from /home/airflow/.local/lib/python3.12/site-packages/airflow/example_dags/example_bash_decorator.py
[2025-03-01T14:27:46.424+0000] {logging_mixin.py:190} INFO - [2025-03-01T14:27:46.424+0000] {dag.py:3239} INFO - Sync 1 DAGs
[2025-03-01T14:27:46.434+0000] {logging_mixin.py:190} INFO - [2025-03-01T14:27:46.434+0000] {dag.py:4180} INFO - Setting next_dagrun for example_bash_decorator to None, run_after=None
[2025-03-01T14:27:46.446+0000] {processor.py:208} INFO - Processing /home/airflow/.local/lib/python3.12/site-packages/airflow/example_dags/example_bash_decorator.py took 0.056 seconds
[2025-03-01T14:28:16.652+0000] {processor.py:186} INFO - Started process (PID=1385) to work on /home/airflow/.local/lib/python3.12/site-packages/airflow/example_dags/example_bash_decorator.py
[2025-03-01T14:28:16.653+0000] {processor.py:914} INFO - Processing file /home/airflow/.local/lib/python3.12/site-packages/airflow/example_dags/example_bash_decorator.py for tasks to queue
[2025-03-01T14:28:16.654+0000] {logging_mixin.py:190} INFO - [2025-03-01T14:28:16.654+0000] {dagbag.py:588} INFO - Filling up the DagBag from /home/airflow/.local/lib/python3.12/site-packages/airflow/example_dags/example_bash_decorator.py
[2025-03-01T14:28:16.665+0000] {processor.py:925} INFO - DAG(s) 'example_bash_decorator' retrieved from /home/airflow/.local/lib/python3.12/site-packages/airflow/example_dags/example_bash_decorator.py
[2025-03-01T14:28:16.682+0000] {logging_mixin.py:190} INFO - [2025-03-01T14:28:16.681+0000] {dag.py:3239} INFO - Sync 1 DAGs
[2025-03-01T14:28:16.691+0000] {logging_mixin.py:190} INFO - [2025-03-01T14:28:16.691+0000] {dag.py:4180} INFO - Setting next_dagrun for example_bash_decorator to None, run_after=None
[2025-03-01T14:28:16.703+0000] {processor.py:208} INFO - Processing /home/airflow/.local/lib/python3.12/site-packages/airflow/example_dags/example_bash_decorator.py took 0.055 seconds
[2025-03-01T14:28:47.338+0000] {processor.py:186} INFO - Started process (PID=1448) to work on /home/airflow/.local/lib/python3.12/site-packages/airflow/example_dags/example_bash_decorator.py
[2025-03-01T14:28:47.338+0000] {processor.py:914} INFO - Processing file /home/airflow/.local/lib/python3.12/site-packages/airflow/example_dags/example_bash_decorator.py for tasks to queue
[2025-03-01T14:28:47.340+0000] {logging_mixin.py:190} INFO - [2025-03-01T14:28:47.340+0000] {dagbag.py:588} INFO - Filling up the DagBag from /home/airflow/.local/lib/python3.12/site-packages/airflow/example_dags/example_bash_decorator.py
[2025-03-01T14:28:47.352+0000] {processor.py:925} INFO - DAG(s) 'example_bash_decorator' retrieved from /home/airflow/.local/lib/python3.12/site-packages/airflow/example_dags/example_bash_decorator.py
[2025-03-01T14:28:47.376+0000] {logging_mixin.py:190} INFO - [2025-03-01T14:28:47.376+0000] {dag.py:3239} INFO - Sync 1 DAGs
[2025-03-01T14:28:47.391+0000] {logging_mixin.py:190} INFO - [2025-03-01T14:28:47.390+0000] {dag.py:4180} INFO - Setting next_dagrun for example_bash_decorator to None, run_after=None
[2025-03-01T14:28:47.409+0000] {processor.py:208} INFO - Processing /home/airflow/.local/lib/python3.12/site-packages/airflow/example_dags/example_bash_decorator.py took 0.076 seconds
[2025-03-01T14:29:17.656+0000] {processor.py:186} INFO - Started process (PID=1512) to work on /home/airflow/.local/lib/python3.12/site-packages/airflow/example_dags/example_bash_decorator.py
[2025-03-01T14:29:17.657+0000] {processor.py:914} INFO - Processing file /home/airflow/.local/lib/python3.12/site-packages/airflow/example_dags/example_bash_decorator.py for tasks to queue
[2025-03-01T14:29:17.659+0000] {logging_mixin.py:190} INFO - [2025-03-01T14:29:17.659+0000] {dagbag.py:588} INFO - Filling up the DagBag from /home/airflow/.local/lib/python3.12/site-packages/airflow/example_dags/example_bash_decorator.py
[2025-03-01T14:29:17.679+0000] {processor.py:925} INFO - DAG(s) 'example_bash_decorator' retrieved from /home/airflow/.local/lib/python3.12/site-packages/airflow/example_dags/example_bash_decorator.py
[2025-03-01T14:29:17.729+0000] {logging_mixin.py:190} INFO - [2025-03-01T14:29:17.729+0000] {dag.py:3239} INFO - Sync 1 DAGs
[2025-03-01T14:29:17.744+0000] {logging_mixin.py:190} INFO - [2025-03-01T14:29:17.744+0000] {dag.py:4180} INFO - Setting next_dagrun for example_bash_decorator to None, run_after=None
[2025-03-01T14:29:17.773+0000] {processor.py:208} INFO - Processing /home/airflow/.local/lib/python3.12/site-packages/airflow/example_dags/example_bash_decorator.py took 0.124 seconds
[2025-03-01T14:29:48.063+0000] {processor.py:186} INFO - Started process (PID=1575) to work on /home/airflow/.local/lib/python3.12/site-packages/airflow/example_dags/example_bash_decorator.py
[2025-03-01T14:29:48.064+0000] {processor.py:914} INFO - Processing file /home/airflow/.local/lib/python3.12/site-packages/airflow/example_dags/example_bash_decorator.py for tasks to queue
[2025-03-01T14:29:48.066+0000] {logging_mixin.py:190} INFO - [2025-03-01T14:29:48.066+0000] {dagbag.py:588} INFO - Filling up the DagBag from /home/airflow/.local/lib/python3.12/site-packages/airflow/example_dags/example_bash_decorator.py
[2025-03-01T14:29:48.080+0000] {processor.py:925} INFO - DAG(s) 'example_bash_decorator' retrieved from /home/airflow/.local/lib/python3.12/site-packages/airflow/example_dags/example_bash_decorator.py
[2025-03-01T14:29:48.107+0000] {logging_mixin.py:190} INFO - [2025-03-01T14:29:48.107+0000] {dag.py:3239} INFO - Sync 1 DAGs
[2025-03-01T14:29:48.156+0000] {logging_mixin.py:190} INFO - [2025-03-01T14:29:48.155+0000] {dag.py:4180} INFO - Setting next_dagrun for example_bash_decorator to None, run_after=None
[2025-03-01T14:29:48.179+0000] {processor.py:208} INFO - Processing /home/airflow/.local/lib/python3.12/site-packages/airflow/example_dags/example_bash_decorator.py took 0.121 seconds
[2025-03-01T14:30:18.516+0000] {processor.py:186} INFO - Started process (PID=1638) to work on /home/airflow/.local/lib/python3.12/site-packages/airflow/example_dags/example_bash_decorator.py
[2025-03-01T14:30:18.517+0000] {processor.py:914} INFO - Processing file /home/airflow/.local/lib/python3.12/site-packages/airflow/example_dags/example_bash_decorator.py for tasks to queue
[2025-03-01T14:30:18.519+0000] {logging_mixin.py:190} INFO - [2025-03-01T14:30:18.518+0000] {dagbag.py:588} INFO - Filling up the DagBag from /home/airflow/.local/lib/python3.12/site-packages/airflow/example_dags/example_bash_decorator.py
[2025-03-01T14:30:18.538+0000] {processor.py:925} INFO - DAG(s) 'example_bash_decorator' retrieved from /home/airflow/.local/lib/python3.12/site-packages/airflow/example_dags/example_bash_decorator.py
[2025-03-01T14:30:18.562+0000] {logging_mixin.py:190} INFO - [2025-03-01T14:30:18.562+0000] {dag.py:3239} INFO - Sync 1 DAGs
[2025-03-01T14:30:18.577+0000] {logging_mixin.py:190} INFO - [2025-03-01T14:30:18.577+0000] {dag.py:4180} INFO - Setting next_dagrun for example_bash_decorator to None, run_after=None
[2025-03-01T14:30:18.595+0000] {processor.py:208} INFO - Processing /home/airflow/.local/lib/python3.12/site-packages/airflow/example_dags/example_bash_decorator.py took 0.085 seconds
[2025-03-01T14:30:48.675+0000] {processor.py:186} INFO - Started process (PID=1701) to work on /home/airflow/.local/lib/python3.12/site-packages/airflow/example_dags/example_bash_decorator.py
[2025-03-01T14:30:48.675+0000] {processor.py:914} INFO - Processing file /home/airflow/.local/lib/python3.12/site-packages/airflow/example_dags/example_bash_decorator.py for tasks to queue
[2025-03-01T14:30:48.677+0000] {logging_mixin.py:190} INFO - [2025-03-01T14:30:48.677+0000] {dagbag.py:588} INFO - Filling up the DagBag from /home/airflow/.local/lib/python3.12/site-packages/airflow/example_dags/example_bash_decorator.py
[2025-03-01T14:30:48.687+0000] {processor.py:925} INFO - DAG(s) 'example_bash_decorator' retrieved from /home/airflow/.local/lib/python3.12/site-packages/airflow/example_dags/example_bash_decorator.py
[2025-03-01T14:30:48.703+0000] {logging_mixin.py:190} INFO - [2025-03-01T14:30:48.703+0000] {dag.py:3239} INFO - Sync 1 DAGs
[2025-03-01T14:30:48.713+0000] {logging_mixin.py:190} INFO - [2025-03-01T14:30:48.713+0000] {dag.py:4180} INFO - Setting next_dagrun for example_bash_decorator to None, run_after=None
[2025-03-01T14:30:48.725+0000] {processor.py:208} INFO - Processing /home/airflow/.local/lib/python3.12/site-packages/airflow/example_dags/example_bash_decorator.py took 0.054 seconds
[2025-03-01T14:31:19.053+0000] {processor.py:186} INFO - Started process (PID=1765) to work on /home/airflow/.local/lib/python3.12/site-packages/airflow/example_dags/example_bash_decorator.py
[2025-03-01T14:31:19.054+0000] {processor.py:914} INFO - Processing file /home/airflow/.local/lib/python3.12/site-packages/airflow/example_dags/example_bash_decorator.py for tasks to queue
[2025-03-01T14:31:19.055+0000] {logging_mixin.py:190} INFO - [2025-03-01T14:31:19.055+0000] {dagbag.py:588} INFO - Filling up the DagBag from /home/airflow/.local/lib/python3.12/site-packages/airflow/example_dags/example_bash_decorator.py
[2025-03-01T14:31:19.066+0000] {processor.py:925} INFO - DAG(s) 'example_bash_decorator' retrieved from /home/airflow/.local/lib/python3.12/site-packages/airflow/example_dags/example_bash_decorator.py
[2025-03-01T14:31:19.083+0000] {logging_mixin.py:190} INFO - [2025-03-01T14:31:19.083+0000] {dag.py:3239} INFO - Sync 1 DAGs
[2025-03-01T14:31:19.092+0000] {logging_mixin.py:190} INFO - [2025-03-01T14:31:19.092+0000] {dag.py:4180} INFO - Setting next_dagrun for example_bash_decorator to None, run_after=None
[2025-03-01T14:31:19.104+0000] {processor.py:208} INFO - Processing /home/airflow/.local/lib/python3.12/site-packages/airflow/example_dags/example_bash_decorator.py took 0.055 seconds
[2025-03-01T14:31:49.421+0000] {processor.py:186} INFO - Started process (PID=1828) to work on /home/airflow/.local/lib/python3.12/site-packages/airflow/example_dags/example_bash_decorator.py
[2025-03-01T14:31:49.422+0000] {processor.py:914} INFO - Processing file /home/airflow/.local/lib/python3.12/site-packages/airflow/example_dags/example_bash_decorator.py for tasks to queue
[2025-03-01T14:31:49.423+0000] {logging_mixin.py:190} INFO - [2025-03-01T14:31:49.423+0000] {dagbag.py:588} INFO - Filling up the DagBag from /home/airflow/.local/lib/python3.12/site-packages/airflow/example_dags/example_bash_decorator.py
[2025-03-01T14:31:49.434+0000] {processor.py:925} INFO - DAG(s) 'example_bash_decorator' retrieved from /home/airflow/.local/lib/python3.12/site-packages/airflow/example_dags/example_bash_decorator.py
[2025-03-01T14:31:49.450+0000] {logging_mixin.py:190} INFO - [2025-03-01T14:31:49.450+0000] {dag.py:3239} INFO - Sync 1 DAGs
[2025-03-01T14:31:49.461+0000] {logging_mixin.py:190} INFO - [2025-03-01T14:31:49.461+0000] {dag.py:4180} INFO - Setting next_dagrun for example_bash_decorator to None, run_after=None
[2025-03-01T14:31:49.492+0000] {processor.py:208} INFO - Processing /home/airflow/.local/lib/python3.12/site-packages/airflow/example_dags/example_bash_decorator.py took 0.075 seconds
[2025-03-01T14:32:19.953+0000] {processor.py:186} INFO - Started process (PID=1891) to work on /home/airflow/.local/lib/python3.12/site-packages/airflow/example_dags/example_bash_decorator.py
[2025-03-01T14:32:19.953+0000] {processor.py:914} INFO - Processing file /home/airflow/.local/lib/python3.12/site-packages/airflow/example_dags/example_bash_decorator.py for tasks to queue
[2025-03-01T14:32:19.955+0000] {logging_mixin.py:190} INFO - [2025-03-01T14:32:19.954+0000] {dagbag.py:588} INFO - Filling up the DagBag from /home/airflow/.local/lib/python3.12/site-packages/airflow/example_dags/example_bash_decorator.py
[2025-03-01T14:32:19.965+0000] {processor.py:925} INFO - DAG(s) 'example_bash_decorator' retrieved from /home/airflow/.local/lib/python3.12/site-packages/airflow/example_dags/example_bash_decorator.py
[2025-03-01T14:32:19.981+0000] {logging_mixin.py:190} INFO - [2025-03-01T14:32:19.981+0000] {dag.py:3239} INFO - Sync 1 DAGs
[2025-03-01T14:32:19.991+0000] {logging_mixin.py:190} INFO - [2025-03-01T14:32:19.991+0000] {dag.py:4180} INFO - Setting next_dagrun for example_bash_decorator to None, run_after=None
[2025-03-01T14:32:20.003+0000] {processor.py:208} INFO - Processing /home/airflow/.local/lib/python3.12/site-packages/airflow/example_dags/example_bash_decorator.py took 0.055 seconds
[2025-03-01T14:32:50.348+0000] {processor.py:186} INFO - Started process (PID=1954) to work on /home/airflow/.local/lib/python3.12/site-packages/airflow/example_dags/example_bash_decorator.py
[2025-03-01T14:32:50.349+0000] {processor.py:914} INFO - Processing file /home/airflow/.local/lib/python3.12/site-packages/airflow/example_dags/example_bash_decorator.py for tasks to queue
[2025-03-01T14:32:50.351+0000] {logging_mixin.py:190} INFO - [2025-03-01T14:32:50.350+0000] {dagbag.py:588} INFO - Filling up the DagBag from /home/airflow/.local/lib/python3.12/site-packages/airflow/example_dags/example_bash_decorator.py
[2025-03-01T14:32:50.361+0000] {processor.py:925} INFO - DAG(s) 'example_bash_decorator' retrieved from /home/airflow/.local/lib/python3.12/site-packages/airflow/example_dags/example_bash_decorator.py
[2025-03-01T14:32:50.378+0000] {logging_mixin.py:190} INFO - [2025-03-01T14:32:50.378+0000] {dag.py:3239} INFO - Sync 1 DAGs
[2025-03-01T14:32:50.388+0000] {logging_mixin.py:190} INFO - [2025-03-01T14:32:50.387+0000] {dag.py:4180} INFO - Setting next_dagrun for example_bash_decorator to None, run_after=None
[2025-03-01T14:32:50.399+0000] {processor.py:208} INFO - Processing /home/airflow/.local/lib/python3.12/site-packages/airflow/example_dags/example_bash_decorator.py took 0.054 seconds
[2025-03-01T14:33:20.560+0000] {processor.py:186} INFO - Started process (PID=2017) to work on /home/airflow/.local/lib/python3.12/site-packages/airflow/example_dags/example_bash_decorator.py
[2025-03-01T14:33:20.561+0000] {processor.py:914} INFO - Processing file /home/airflow/.local/lib/python3.12/site-packages/airflow/example_dags/example_bash_decorator.py for tasks to queue
[2025-03-01T14:33:20.562+0000] {logging_mixin.py:190} INFO - [2025-03-01T14:33:20.562+0000] {dagbag.py:588} INFO - Filling up the DagBag from /home/airflow/.local/lib/python3.12/site-packages/airflow/example_dags/example_bash_decorator.py
[2025-03-01T14:33:20.573+0000] {processor.py:925} INFO - DAG(s) 'example_bash_decorator' retrieved from /home/airflow/.local/lib/python3.12/site-packages/airflow/example_dags/example_bash_decorator.py
[2025-03-01T14:33:20.591+0000] {logging_mixin.py:190} INFO - [2025-03-01T14:33:20.591+0000] {dag.py:3239} INFO - Sync 1 DAGs
[2025-03-01T14:33:20.602+0000] {logging_mixin.py:190} INFO - [2025-03-01T14:33:20.601+0000] {dag.py:4180} INFO - Setting next_dagrun for example_bash_decorator to None, run_after=None
[2025-03-01T14:33:20.613+0000] {processor.py:208} INFO - Processing /home/airflow/.local/lib/python3.12/site-packages/airflow/example_dags/example_bash_decorator.py took 0.057 seconds
