[2025-03-01T14:17:44.840+0000] {processor.py:186} INFO - Started process (PID=94) to work on /home/airflow/.local/lib/python3.12/site-packages/airflow/example_dags/example_complex.py
[2025-03-01T14:17:44.872+0000] {processor.py:914} INFO - Processing file /home/airflow/.local/lib/python3.12/site-packages/airflow/example_dags/example_complex.py for tasks to queue
[2025-03-01T14:17:44.901+0000] {logging_mixin.py:190} INFO - [2025-03-01T14:17:44.901+0000] {dagbag.py:588} INFO - Filling up the DagBag from /home/airflow/.local/lib/python3.12/site-packages/airflow/example_dags/example_complex.py
[2025-03-01T14:17:44.974+0000] {processor.py:925} INFO - DAG(s) 'example_complex' retrieved from /home/airflow/.local/lib/python3.12/site-packages/airflow/example_dags/example_complex.py
[2025-03-01T14:17:45.370+0000] {logging_mixin.py:190} INFO - [2025-03-01T14:17:45.369+0000] {override.py:1912} INFO - Created Permission View: can edit on DAG:example_complex
[2025-03-01T14:17:45.454+0000] {logging_mixin.py:190} INFO - [2025-03-01T14:17:45.454+0000] {override.py:1912} INFO - Created Permission View: can read on DAG:example_complex
[2025-03-01T14:17:45.475+0000] {logging_mixin.py:190} INFO - [2025-03-01T14:17:45.474+0000] {override.py:1912} INFO - Created Permission View: can delete on DAG:example_complex
[2025-03-01T14:17:45.494+0000] {logging_mixin.py:190} INFO - [2025-03-01T14:17:45.494+0000] {override.py:1912} INFO - Created Permission View: menu access on DAG Run:example_complex
[2025-03-01T14:17:45.520+0000] {logging_mixin.py:190} INFO - [2025-03-01T14:17:45.519+0000] {override.py:1912} INFO - Created Permission View: can read on DAG Run:example_complex
[2025-03-01T14:17:45.525+0000] {logging_mixin.py:190} INFO - [2025-03-01T14:17:45.524+0000] {override.py:1912} INFO - Created Permission View: can create on DAG Run:example_complex
[2025-03-01T14:17:45.554+0000] {logging_mixin.py:190} INFO - [2025-03-01T14:17:45.553+0000] {override.py:1912} INFO - Created Permission View: can delete on DAG Run:example_complex
[2025-03-01T14:17:45.554+0000] {logging_mixin.py:190} INFO - [2025-03-01T14:17:45.554+0000] {dag.py:3239} INFO - Sync 1 DAGs
[2025-03-01T14:17:45.606+0000] {logging_mixin.py:190} INFO - [2025-03-01T14:17:45.606+0000] {dag.py:3262} INFO - Creating ORM DAG for example_complex
[2025-03-01T14:17:45.607+0000] {logging_mixin.py:190} INFO - [2025-03-01T14:17:45.607+0000] {dag.py:4180} INFO - Setting next_dagrun for example_complex to None, run_after=None
[2025-03-01T14:17:45.664+0000] {processor.py:208} INFO - Processing /home/airflow/.local/lib/python3.12/site-packages/airflow/example_dags/example_complex.py took 0.834 seconds
[2025-03-01T14:18:15.895+0000] {processor.py:186} INFO - Started process (PID=157) to work on /home/airflow/.local/lib/python3.12/site-packages/airflow/example_dags/example_complex.py
[2025-03-01T14:18:15.896+0000] {processor.py:914} INFO - Processing file /home/airflow/.local/lib/python3.12/site-packages/airflow/example_dags/example_complex.py for tasks to queue
[2025-03-01T14:18:15.897+0000] {logging_mixin.py:190} INFO - [2025-03-01T14:18:15.897+0000] {dagbag.py:588} INFO - Filling up the DagBag from /home/airflow/.local/lib/python3.12/site-packages/airflow/example_dags/example_complex.py
[2025-03-01T14:18:15.906+0000] {processor.py:925} INFO - DAG(s) 'example_complex' retrieved from /home/airflow/.local/lib/python3.12/site-packages/airflow/example_dags/example_complex.py
[2025-03-01T14:18:15.928+0000] {logging_mixin.py:190} INFO - [2025-03-01T14:18:15.928+0000] {dag.py:3239} INFO - Sync 1 DAGs
[2025-03-01T14:18:15.942+0000] {logging_mixin.py:190} INFO - [2025-03-01T14:18:15.942+0000] {dag.py:4180} INFO - Setting next_dagrun for example_complex to None, run_after=None
[2025-03-01T14:18:15.953+0000] {processor.py:208} INFO - Processing /home/airflow/.local/lib/python3.12/site-packages/airflow/example_dags/example_complex.py took 0.062 seconds
[2025-03-01T14:18:46.400+0000] {processor.py:186} INFO - Started process (PID=220) to work on /home/airflow/.local/lib/python3.12/site-packages/airflow/example_dags/example_complex.py
[2025-03-01T14:18:46.401+0000] {processor.py:914} INFO - Processing file /home/airflow/.local/lib/python3.12/site-packages/airflow/example_dags/example_complex.py for tasks to queue
[2025-03-01T14:18:46.406+0000] {logging_mixin.py:190} INFO - [2025-03-01T14:18:46.406+0000] {dagbag.py:588} INFO - Filling up the DagBag from /home/airflow/.local/lib/python3.12/site-packages/airflow/example_dags/example_complex.py
[2025-03-01T14:18:46.449+0000] {processor.py:925} INFO - DAG(s) 'example_complex' retrieved from /home/airflow/.local/lib/python3.12/site-packages/airflow/example_dags/example_complex.py
[2025-03-01T14:18:46.558+0000] {logging_mixin.py:190} INFO - [2025-03-01T14:18:46.558+0000] {dag.py:3239} INFO - Sync 1 DAGs
[2025-03-01T14:18:46.590+0000] {logging_mixin.py:190} INFO - [2025-03-01T14:18:46.590+0000] {dag.py:4180} INFO - Setting next_dagrun for example_complex to None, run_after=None
[2025-03-01T14:18:46.648+0000] {processor.py:208} INFO - Processing /home/airflow/.local/lib/python3.12/site-packages/airflow/example_dags/example_complex.py took 0.266 seconds
[2025-03-01T14:19:16.883+0000] {processor.py:186} INFO - Started process (PID=283) to work on /home/airflow/.local/lib/python3.12/site-packages/airflow/example_dags/example_complex.py
[2025-03-01T14:19:16.884+0000] {processor.py:914} INFO - Processing file /home/airflow/.local/lib/python3.12/site-packages/airflow/example_dags/example_complex.py for tasks to queue
[2025-03-01T14:19:16.886+0000] {logging_mixin.py:190} INFO - [2025-03-01T14:19:16.886+0000] {dagbag.py:588} INFO - Filling up the DagBag from /home/airflow/.local/lib/python3.12/site-packages/airflow/example_dags/example_complex.py
[2025-03-01T14:19:16.907+0000] {processor.py:925} INFO - DAG(s) 'example_complex' retrieved from /home/airflow/.local/lib/python3.12/site-packages/airflow/example_dags/example_complex.py
[2025-03-01T14:19:17.010+0000] {logging_mixin.py:190} INFO - [2025-03-01T14:19:17.009+0000] {dag.py:3239} INFO - Sync 1 DAGs
[2025-03-01T14:19:17.044+0000] {logging_mixin.py:190} INFO - [2025-03-01T14:19:17.044+0000] {dag.py:4180} INFO - Setting next_dagrun for example_complex to None, run_after=None
[2025-03-01T14:19:17.064+0000] {processor.py:208} INFO - Processing /home/airflow/.local/lib/python3.12/site-packages/airflow/example_dags/example_complex.py took 0.187 seconds
[2025-03-01T14:19:47.670+0000] {processor.py:186} INFO - Started process (PID=346) to work on /home/airflow/.local/lib/python3.12/site-packages/airflow/example_dags/example_complex.py
[2025-03-01T14:19:47.671+0000] {processor.py:914} INFO - Processing file /home/airflow/.local/lib/python3.12/site-packages/airflow/example_dags/example_complex.py for tasks to queue
[2025-03-01T14:19:47.673+0000] {logging_mixin.py:190} INFO - [2025-03-01T14:19:47.673+0000] {dagbag.py:588} INFO - Filling up the DagBag from /home/airflow/.local/lib/python3.12/site-packages/airflow/example_dags/example_complex.py
[2025-03-01T14:19:47.688+0000] {processor.py:925} INFO - DAG(s) 'example_complex' retrieved from /home/airflow/.local/lib/python3.12/site-packages/airflow/example_dags/example_complex.py
[2025-03-01T14:19:47.724+0000] {logging_mixin.py:190} INFO - [2025-03-01T14:19:47.724+0000] {dag.py:3239} INFO - Sync 1 DAGs
[2025-03-01T14:19:47.740+0000] {logging_mixin.py:190} INFO - [2025-03-01T14:19:47.740+0000] {dag.py:4180} INFO - Setting next_dagrun for example_complex to None, run_after=None
[2025-03-01T14:19:47.757+0000] {processor.py:208} INFO - Processing /home/airflow/.local/lib/python3.12/site-packages/airflow/example_dags/example_complex.py took 0.093 seconds
[2025-03-01T14:20:18.051+0000] {processor.py:186} INFO - Started process (PID=408) to work on /home/airflow/.local/lib/python3.12/site-packages/airflow/example_dags/example_complex.py
[2025-03-01T14:20:18.052+0000] {processor.py:914} INFO - Processing file /home/airflow/.local/lib/python3.12/site-packages/airflow/example_dags/example_complex.py for tasks to queue
[2025-03-01T14:20:18.054+0000] {logging_mixin.py:190} INFO - [2025-03-01T14:20:18.054+0000] {dagbag.py:588} INFO - Filling up the DagBag from /home/airflow/.local/lib/python3.12/site-packages/airflow/example_dags/example_complex.py
[2025-03-01T14:20:18.067+0000] {processor.py:925} INFO - DAG(s) 'example_complex' retrieved from /home/airflow/.local/lib/python3.12/site-packages/airflow/example_dags/example_complex.py
[2025-03-01T14:20:18.104+0000] {logging_mixin.py:190} INFO - [2025-03-01T14:20:18.104+0000] {dag.py:3239} INFO - Sync 1 DAGs
[2025-03-01T14:20:18.119+0000] {logging_mixin.py:190} INFO - [2025-03-01T14:20:18.119+0000] {dag.py:4180} INFO - Setting next_dagrun for example_complex to None, run_after=None
[2025-03-01T14:20:18.135+0000] {processor.py:208} INFO - Processing /home/airflow/.local/lib/python3.12/site-packages/airflow/example_dags/example_complex.py took 0.089 seconds
[2025-03-01T14:20:48.476+0000] {processor.py:186} INFO - Started process (PID=471) to work on /home/airflow/.local/lib/python3.12/site-packages/airflow/example_dags/example_complex.py
[2025-03-01T14:20:48.477+0000] {processor.py:914} INFO - Processing file /home/airflow/.local/lib/python3.12/site-packages/airflow/example_dags/example_complex.py for tasks to queue
[2025-03-01T14:20:48.479+0000] {logging_mixin.py:190} INFO - [2025-03-01T14:20:48.479+0000] {dagbag.py:588} INFO - Filling up the DagBag from /home/airflow/.local/lib/python3.12/site-packages/airflow/example_dags/example_complex.py
[2025-03-01T14:20:48.493+0000] {processor.py:925} INFO - DAG(s) 'example_complex' retrieved from /home/airflow/.local/lib/python3.12/site-packages/airflow/example_dags/example_complex.py
[2025-03-01T14:20:48.532+0000] {logging_mixin.py:190} INFO - [2025-03-01T14:20:48.531+0000] {dag.py:3239} INFO - Sync 1 DAGs
[2025-03-01T14:20:48.545+0000] {logging_mixin.py:190} INFO - [2025-03-01T14:20:48.545+0000] {dag.py:4180} INFO - Setting next_dagrun for example_complex to None, run_after=None
[2025-03-01T14:20:48.557+0000] {processor.py:208} INFO - Processing /home/airflow/.local/lib/python3.12/site-packages/airflow/example_dags/example_complex.py took 0.086 seconds
[2025-03-01T14:21:18.865+0000] {processor.py:186} INFO - Started process (PID=534) to work on /home/airflow/.local/lib/python3.12/site-packages/airflow/example_dags/example_complex.py
[2025-03-01T14:21:18.865+0000] {processor.py:914} INFO - Processing file /home/airflow/.local/lib/python3.12/site-packages/airflow/example_dags/example_complex.py for tasks to queue
[2025-03-01T14:21:18.867+0000] {logging_mixin.py:190} INFO - [2025-03-01T14:21:18.867+0000] {dagbag.py:588} INFO - Filling up the DagBag from /home/airflow/.local/lib/python3.12/site-packages/airflow/example_dags/example_complex.py
[2025-03-01T14:21:18.881+0000] {processor.py:925} INFO - DAG(s) 'example_complex' retrieved from /home/airflow/.local/lib/python3.12/site-packages/airflow/example_dags/example_complex.py
[2025-03-01T14:21:18.917+0000] {logging_mixin.py:190} INFO - [2025-03-01T14:21:18.916+0000] {dag.py:3239} INFO - Sync 1 DAGs
[2025-03-01T14:21:18.931+0000] {logging_mixin.py:190} INFO - [2025-03-01T14:21:18.931+0000] {dag.py:4180} INFO - Setting next_dagrun for example_complex to None, run_after=None
[2025-03-01T14:21:18.945+0000] {processor.py:208} INFO - Processing /home/airflow/.local/lib/python3.12/site-packages/airflow/example_dags/example_complex.py took 0.086 seconds
[2025-03-01T14:21:49.721+0000] {processor.py:186} INFO - Started process (PID=597) to work on /home/airflow/.local/lib/python3.12/site-packages/airflow/example_dags/example_complex.py
[2025-03-01T14:21:49.721+0000] {processor.py:914} INFO - Processing file /home/airflow/.local/lib/python3.12/site-packages/airflow/example_dags/example_complex.py for tasks to queue
[2025-03-01T14:21:49.723+0000] {logging_mixin.py:190} INFO - [2025-03-01T14:21:49.723+0000] {dagbag.py:588} INFO - Filling up the DagBag from /home/airflow/.local/lib/python3.12/site-packages/airflow/example_dags/example_complex.py
[2025-03-01T14:21:49.736+0000] {processor.py:925} INFO - DAG(s) 'example_complex' retrieved from /home/airflow/.local/lib/python3.12/site-packages/airflow/example_dags/example_complex.py
[2025-03-01T14:21:49.772+0000] {logging_mixin.py:190} INFO - [2025-03-01T14:21:49.772+0000] {dag.py:3239} INFO - Sync 1 DAGs
[2025-03-01T14:21:49.787+0000] {logging_mixin.py:190} INFO - [2025-03-01T14:21:49.787+0000] {dag.py:4180} INFO - Setting next_dagrun for example_complex to None, run_after=None
[2025-03-01T14:21:49.819+0000] {processor.py:208} INFO - Processing /home/airflow/.local/lib/python3.12/site-packages/airflow/example_dags/example_complex.py took 0.104 seconds
[2025-03-01T14:22:20.131+0000] {processor.py:186} INFO - Started process (PID=660) to work on /home/airflow/.local/lib/python3.12/site-packages/airflow/example_dags/example_complex.py
[2025-03-01T14:22:20.131+0000] {processor.py:914} INFO - Processing file /home/airflow/.local/lib/python3.12/site-packages/airflow/example_dags/example_complex.py for tasks to queue
[2025-03-01T14:22:20.134+0000] {logging_mixin.py:190} INFO - [2025-03-01T14:22:20.133+0000] {dagbag.py:588} INFO - Filling up the DagBag from /home/airflow/.local/lib/python3.12/site-packages/airflow/example_dags/example_complex.py
[2025-03-01T14:22:20.148+0000] {processor.py:925} INFO - DAG(s) 'example_complex' retrieved from /home/airflow/.local/lib/python3.12/site-packages/airflow/example_dags/example_complex.py
[2025-03-01T14:22:20.187+0000] {logging_mixin.py:190} INFO - [2025-03-01T14:22:20.187+0000] {dag.py:3239} INFO - Sync 1 DAGs
[2025-03-01T14:22:20.202+0000] {logging_mixin.py:190} INFO - [2025-03-01T14:22:20.201+0000] {dag.py:4180} INFO - Setting next_dagrun for example_complex to None, run_after=None
[2025-03-01T14:22:20.215+0000] {processor.py:208} INFO - Processing /home/airflow/.local/lib/python3.12/site-packages/airflow/example_dags/example_complex.py took 0.090 seconds
[2025-03-01T14:22:50.469+0000] {processor.py:186} INFO - Started process (PID=724) to work on /home/airflow/.local/lib/python3.12/site-packages/airflow/example_dags/example_complex.py
[2025-03-01T14:22:50.469+0000] {processor.py:914} INFO - Processing file /home/airflow/.local/lib/python3.12/site-packages/airflow/example_dags/example_complex.py for tasks to queue
[2025-03-01T14:22:50.471+0000] {logging_mixin.py:190} INFO - [2025-03-01T14:22:50.471+0000] {dagbag.py:588} INFO - Filling up the DagBag from /home/airflow/.local/lib/python3.12/site-packages/airflow/example_dags/example_complex.py
[2025-03-01T14:22:50.486+0000] {processor.py:925} INFO - DAG(s) 'example_complex' retrieved from /home/airflow/.local/lib/python3.12/site-packages/airflow/example_dags/example_complex.py
[2025-03-01T14:22:50.533+0000] {logging_mixin.py:190} INFO - [2025-03-01T14:22:50.526+0000] {dag.py:3239} INFO - Sync 1 DAGs
[2025-03-01T14:22:50.545+0000] {logging_mixin.py:190} INFO - [2025-03-01T14:22:50.545+0000] {dag.py:4180} INFO - Setting next_dagrun for example_complex to None, run_after=None
[2025-03-01T14:22:50.557+0000] {processor.py:208} INFO - Processing /home/airflow/.local/lib/python3.12/site-packages/airflow/example_dags/example_complex.py took 0.094 seconds
[2025-03-01T14:23:20.989+0000] {processor.py:186} INFO - Started process (PID=788) to work on /home/airflow/.local/lib/python3.12/site-packages/airflow/example_dags/example_complex.py
[2025-03-01T14:23:20.990+0000] {processor.py:914} INFO - Processing file /home/airflow/.local/lib/python3.12/site-packages/airflow/example_dags/example_complex.py for tasks to queue
[2025-03-01T14:23:20.992+0000] {logging_mixin.py:190} INFO - [2025-03-01T14:23:20.991+0000] {dagbag.py:588} INFO - Filling up the DagBag from /home/airflow/.local/lib/python3.12/site-packages/airflow/example_dags/example_complex.py
[2025-03-01T14:23:21.006+0000] {processor.py:925} INFO - DAG(s) 'example_complex' retrieved from /home/airflow/.local/lib/python3.12/site-packages/airflow/example_dags/example_complex.py
[2025-03-01T14:23:21.040+0000] {logging_mixin.py:190} INFO - [2025-03-01T14:23:21.039+0000] {dag.py:3239} INFO - Sync 1 DAGs
[2025-03-01T14:23:21.055+0000] {logging_mixin.py:190} INFO - [2025-03-01T14:23:21.055+0000] {dag.py:4180} INFO - Setting next_dagrun for example_complex to None, run_after=None
[2025-03-01T14:23:21.070+0000] {processor.py:208} INFO - Processing /home/airflow/.local/lib/python3.12/site-packages/airflow/example_dags/example_complex.py took 0.087 seconds
[2025-03-01T14:23:51.375+0000] {processor.py:186} INFO - Started process (PID=852) to work on /home/airflow/.local/lib/python3.12/site-packages/airflow/example_dags/example_complex.py
[2025-03-01T14:23:51.376+0000] {processor.py:914} INFO - Processing file /home/airflow/.local/lib/python3.12/site-packages/airflow/example_dags/example_complex.py for tasks to queue
[2025-03-01T14:23:51.384+0000] {logging_mixin.py:190} INFO - [2025-03-01T14:23:51.384+0000] {dagbag.py:588} INFO - Filling up the DagBag from /home/airflow/.local/lib/python3.12/site-packages/airflow/example_dags/example_complex.py
[2025-03-01T14:23:51.408+0000] {processor.py:925} INFO - DAG(s) 'example_complex' retrieved from /home/airflow/.local/lib/python3.12/site-packages/airflow/example_dags/example_complex.py
[2025-03-01T14:23:51.471+0000] {logging_mixin.py:190} INFO - [2025-03-01T14:23:51.470+0000] {dag.py:3239} INFO - Sync 1 DAGs
[2025-03-01T14:23:51.499+0000] {logging_mixin.py:190} INFO - [2025-03-01T14:23:51.499+0000] {dag.py:4180} INFO - Setting next_dagrun for example_complex to None, run_after=None
[2025-03-01T14:23:51.516+0000] {processor.py:208} INFO - Processing /home/airflow/.local/lib/python3.12/site-packages/airflow/example_dags/example_complex.py took 0.146 seconds
[2025-03-01T14:24:22.371+0000] {processor.py:186} INFO - Started process (PID=915) to work on /home/airflow/.local/lib/python3.12/site-packages/airflow/example_dags/example_complex.py
[2025-03-01T14:24:22.372+0000] {processor.py:914} INFO - Processing file /home/airflow/.local/lib/python3.12/site-packages/airflow/example_dags/example_complex.py for tasks to queue
[2025-03-01T14:24:22.374+0000] {logging_mixin.py:190} INFO - [2025-03-01T14:24:22.374+0000] {dagbag.py:588} INFO - Filling up the DagBag from /home/airflow/.local/lib/python3.12/site-packages/airflow/example_dags/example_complex.py
[2025-03-01T14:24:22.409+0000] {processor.py:925} INFO - DAG(s) 'example_complex' retrieved from /home/airflow/.local/lib/python3.12/site-packages/airflow/example_dags/example_complex.py
[2025-03-01T14:24:22.461+0000] {logging_mixin.py:190} INFO - [2025-03-01T14:24:22.461+0000] {dag.py:3239} INFO - Sync 1 DAGs
[2025-03-01T14:24:22.472+0000] {logging_mixin.py:190} INFO - [2025-03-01T14:24:22.472+0000] {dag.py:4180} INFO - Setting next_dagrun for example_complex to None, run_after=None
[2025-03-01T14:24:22.484+0000] {processor.py:208} INFO - Processing /home/airflow/.local/lib/python3.12/site-packages/airflow/example_dags/example_complex.py took 0.123 seconds
[2025-03-01T14:24:52.564+0000] {processor.py:186} INFO - Started process (PID=978) to work on /home/airflow/.local/lib/python3.12/site-packages/airflow/example_dags/example_complex.py
[2025-03-01T14:24:52.565+0000] {processor.py:914} INFO - Processing file /home/airflow/.local/lib/python3.12/site-packages/airflow/example_dags/example_complex.py for tasks to queue
[2025-03-01T14:24:52.569+0000] {logging_mixin.py:190} INFO - [2025-03-01T14:24:52.568+0000] {dagbag.py:588} INFO - Filling up the DagBag from /home/airflow/.local/lib/python3.12/site-packages/airflow/example_dags/example_complex.py
[2025-03-01T14:24:52.584+0000] {processor.py:925} INFO - DAG(s) 'example_complex' retrieved from /home/airflow/.local/lib/python3.12/site-packages/airflow/example_dags/example_complex.py
[2025-03-01T14:24:52.658+0000] {logging_mixin.py:190} INFO - [2025-03-01T14:24:52.657+0000] {dag.py:3239} INFO - Sync 1 DAGs
[2025-03-01T14:24:52.685+0000] {logging_mixin.py:190} INFO - [2025-03-01T14:24:52.685+0000] {dag.py:4180} INFO - Setting next_dagrun for example_complex to None, run_after=None
[2025-03-01T14:24:52.702+0000] {processor.py:208} INFO - Processing /home/airflow/.local/lib/python3.12/site-packages/airflow/example_dags/example_complex.py took 0.148 seconds
[2025-03-01T14:25:22.752+0000] {processor.py:186} INFO - Started process (PID=1041) to work on /home/airflow/.local/lib/python3.12/site-packages/airflow/example_dags/example_complex.py
[2025-03-01T14:25:22.753+0000] {processor.py:914} INFO - Processing file /home/airflow/.local/lib/python3.12/site-packages/airflow/example_dags/example_complex.py for tasks to queue
[2025-03-01T14:25:22.756+0000] {logging_mixin.py:190} INFO - [2025-03-01T14:25:22.755+0000] {dagbag.py:588} INFO - Filling up the DagBag from /home/airflow/.local/lib/python3.12/site-packages/airflow/example_dags/example_complex.py
[2025-03-01T14:25:22.792+0000] {processor.py:925} INFO - DAG(s) 'example_complex' retrieved from /home/airflow/.local/lib/python3.12/site-packages/airflow/example_dags/example_complex.py
[2025-03-01T14:25:22.849+0000] {logging_mixin.py:190} INFO - [2025-03-01T14:25:22.848+0000] {dag.py:3239} INFO - Sync 1 DAGs
[2025-03-01T14:25:22.865+0000] {logging_mixin.py:190} INFO - [2025-03-01T14:25:22.864+0000] {dag.py:4180} INFO - Setting next_dagrun for example_complex to None, run_after=None
[2025-03-01T14:25:22.877+0000] {processor.py:208} INFO - Processing /home/airflow/.local/lib/python3.12/site-packages/airflow/example_dags/example_complex.py took 0.130 seconds
[2025-03-01T14:25:53.038+0000] {processor.py:186} INFO - Started process (PID=1104) to work on /home/airflow/.local/lib/python3.12/site-packages/airflow/example_dags/example_complex.py
[2025-03-01T14:25:53.039+0000] {processor.py:914} INFO - Processing file /home/airflow/.local/lib/python3.12/site-packages/airflow/example_dags/example_complex.py for tasks to queue
[2025-03-01T14:25:53.041+0000] {logging_mixin.py:190} INFO - [2025-03-01T14:25:53.041+0000] {dagbag.py:588} INFO - Filling up the DagBag from /home/airflow/.local/lib/python3.12/site-packages/airflow/example_dags/example_complex.py
[2025-03-01T14:25:53.054+0000] {processor.py:925} INFO - DAG(s) 'example_complex' retrieved from /home/airflow/.local/lib/python3.12/site-packages/airflow/example_dags/example_complex.py
[2025-03-01T14:25:53.098+0000] {logging_mixin.py:190} INFO - [2025-03-01T14:25:53.098+0000] {dag.py:3239} INFO - Sync 1 DAGs
[2025-03-01T14:25:53.112+0000] {logging_mixin.py:190} INFO - [2025-03-01T14:25:53.112+0000] {dag.py:4180} INFO - Setting next_dagrun for example_complex to None, run_after=None
[2025-03-01T14:25:53.124+0000] {processor.py:208} INFO - Processing /home/airflow/.local/lib/python3.12/site-packages/airflow/example_dags/example_complex.py took 0.092 seconds
[2025-03-01T14:26:23.395+0000] {processor.py:186} INFO - Started process (PID=1166) to work on /home/airflow/.local/lib/python3.12/site-packages/airflow/example_dags/example_complex.py
[2025-03-01T14:26:23.397+0000] {processor.py:914} INFO - Processing file /home/airflow/.local/lib/python3.12/site-packages/airflow/example_dags/example_complex.py for tasks to queue
[2025-03-01T14:26:23.399+0000] {logging_mixin.py:190} INFO - [2025-03-01T14:26:23.399+0000] {dagbag.py:588} INFO - Filling up the DagBag from /home/airflow/.local/lib/python3.12/site-packages/airflow/example_dags/example_complex.py
[2025-03-01T14:26:23.413+0000] {processor.py:925} INFO - DAG(s) 'example_complex' retrieved from /home/airflow/.local/lib/python3.12/site-packages/airflow/example_dags/example_complex.py
[2025-03-01T14:26:23.449+0000] {logging_mixin.py:190} INFO - [2025-03-01T14:26:23.448+0000] {dag.py:3239} INFO - Sync 1 DAGs
[2025-03-01T14:26:23.464+0000] {logging_mixin.py:190} INFO - [2025-03-01T14:26:23.464+0000] {dag.py:4180} INFO - Setting next_dagrun for example_complex to None, run_after=None
[2025-03-01T14:26:23.477+0000] {processor.py:208} INFO - Processing /home/airflow/.local/lib/python3.12/site-packages/airflow/example_dags/example_complex.py took 0.088 seconds
[2025-03-01T14:26:53.543+0000] {processor.py:186} INFO - Started process (PID=1230) to work on /home/airflow/.local/lib/python3.12/site-packages/airflow/example_dags/example_complex.py
[2025-03-01T14:26:53.544+0000] {processor.py:914} INFO - Processing file /home/airflow/.local/lib/python3.12/site-packages/airflow/example_dags/example_complex.py for tasks to queue
[2025-03-01T14:26:53.546+0000] {logging_mixin.py:190} INFO - [2025-03-01T14:26:53.546+0000] {dagbag.py:588} INFO - Filling up the DagBag from /home/airflow/.local/lib/python3.12/site-packages/airflow/example_dags/example_complex.py
[2025-03-01T14:26:53.559+0000] {processor.py:925} INFO - DAG(s) 'example_complex' retrieved from /home/airflow/.local/lib/python3.12/site-packages/airflow/example_dags/example_complex.py
[2025-03-01T14:26:53.595+0000] {logging_mixin.py:190} INFO - [2025-03-01T14:26:53.595+0000] {dag.py:3239} INFO - Sync 1 DAGs
[2025-03-01T14:26:53.609+0000] {logging_mixin.py:190} INFO - [2025-03-01T14:26:53.608+0000] {dag.py:4180} INFO - Setting next_dagrun for example_complex to None, run_after=None
[2025-03-01T14:26:53.621+0000] {processor.py:208} INFO - Processing /home/airflow/.local/lib/python3.12/site-packages/airflow/example_dags/example_complex.py took 0.083 seconds
[2025-03-01T14:27:23.793+0000] {processor.py:186} INFO - Started process (PID=1293) to work on /home/airflow/.local/lib/python3.12/site-packages/airflow/example_dags/example_complex.py
[2025-03-01T14:27:23.794+0000] {processor.py:914} INFO - Processing file /home/airflow/.local/lib/python3.12/site-packages/airflow/example_dags/example_complex.py for tasks to queue
[2025-03-01T14:27:23.796+0000] {logging_mixin.py:190} INFO - [2025-03-01T14:27:23.796+0000] {dagbag.py:588} INFO - Filling up the DagBag from /home/airflow/.local/lib/python3.12/site-packages/airflow/example_dags/example_complex.py
[2025-03-01T14:27:23.814+0000] {processor.py:925} INFO - DAG(s) 'example_complex' retrieved from /home/airflow/.local/lib/python3.12/site-packages/airflow/example_dags/example_complex.py
[2025-03-01T14:27:23.857+0000] {logging_mixin.py:190} INFO - [2025-03-01T14:27:23.856+0000] {dag.py:3239} INFO - Sync 1 DAGs
[2025-03-01T14:27:23.880+0000] {logging_mixin.py:190} INFO - [2025-03-01T14:27:23.880+0000] {dag.py:4180} INFO - Setting next_dagrun for example_complex to None, run_after=None
[2025-03-01T14:27:23.892+0000] {processor.py:208} INFO - Processing /home/airflow/.local/lib/python3.12/site-packages/airflow/example_dags/example_complex.py took 0.105 seconds
[2025-03-01T14:27:54.807+0000] {processor.py:186} INFO - Started process (PID=1356) to work on /home/airflow/.local/lib/python3.12/site-packages/airflow/example_dags/example_complex.py
[2025-03-01T14:27:54.808+0000] {processor.py:914} INFO - Processing file /home/airflow/.local/lib/python3.12/site-packages/airflow/example_dags/example_complex.py for tasks to queue
[2025-03-01T14:27:54.810+0000] {logging_mixin.py:190} INFO - [2025-03-01T14:27:54.810+0000] {dagbag.py:588} INFO - Filling up the DagBag from /home/airflow/.local/lib/python3.12/site-packages/airflow/example_dags/example_complex.py
[2025-03-01T14:27:54.824+0000] {processor.py:925} INFO - DAG(s) 'example_complex' retrieved from /home/airflow/.local/lib/python3.12/site-packages/airflow/example_dags/example_complex.py
[2025-03-01T14:27:54.865+0000] {logging_mixin.py:190} INFO - [2025-03-01T14:27:54.865+0000] {dag.py:3239} INFO - Sync 1 DAGs
[2025-03-01T14:27:54.876+0000] {logging_mixin.py:190} INFO - [2025-03-01T14:27:54.876+0000] {dag.py:4180} INFO - Setting next_dagrun for example_complex to None, run_after=None
[2025-03-01T14:27:54.888+0000] {processor.py:208} INFO - Processing /home/airflow/.local/lib/python3.12/site-packages/airflow/example_dags/example_complex.py took 0.086 seconds
[2025-03-01T14:28:25.178+0000] {processor.py:186} INFO - Started process (PID=1419) to work on /home/airflow/.local/lib/python3.12/site-packages/airflow/example_dags/example_complex.py
[2025-03-01T14:28:25.178+0000] {processor.py:914} INFO - Processing file /home/airflow/.local/lib/python3.12/site-packages/airflow/example_dags/example_complex.py for tasks to queue
[2025-03-01T14:28:25.180+0000] {logging_mixin.py:190} INFO - [2025-03-01T14:28:25.180+0000] {dagbag.py:588} INFO - Filling up the DagBag from /home/airflow/.local/lib/python3.12/site-packages/airflow/example_dags/example_complex.py
[2025-03-01T14:28:25.195+0000] {processor.py:925} INFO - DAG(s) 'example_complex' retrieved from /home/airflow/.local/lib/python3.12/site-packages/airflow/example_dags/example_complex.py
[2025-03-01T14:28:25.229+0000] {logging_mixin.py:190} INFO - [2025-03-01T14:28:25.229+0000] {dag.py:3239} INFO - Sync 1 DAGs
[2025-03-01T14:28:25.246+0000] {logging_mixin.py:190} INFO - [2025-03-01T14:28:25.246+0000] {dag.py:4180} INFO - Setting next_dagrun for example_complex to None, run_after=None
[2025-03-01T14:28:25.258+0000] {processor.py:208} INFO - Processing /home/airflow/.local/lib/python3.12/site-packages/airflow/example_dags/example_complex.py took 0.086 seconds
[2025-03-01T14:28:55.759+0000] {processor.py:186} INFO - Started process (PID=1482) to work on /home/airflow/.local/lib/python3.12/site-packages/airflow/example_dags/example_complex.py
[2025-03-01T14:28:55.760+0000] {processor.py:914} INFO - Processing file /home/airflow/.local/lib/python3.12/site-packages/airflow/example_dags/example_complex.py for tasks to queue
[2025-03-01T14:28:55.762+0000] {logging_mixin.py:190} INFO - [2025-03-01T14:28:55.762+0000] {dagbag.py:588} INFO - Filling up the DagBag from /home/airflow/.local/lib/python3.12/site-packages/airflow/example_dags/example_complex.py
[2025-03-01T14:28:55.776+0000] {processor.py:925} INFO - DAG(s) 'example_complex' retrieved from /home/airflow/.local/lib/python3.12/site-packages/airflow/example_dags/example_complex.py
[2025-03-01T14:28:55.810+0000] {logging_mixin.py:190} INFO - [2025-03-01T14:28:55.810+0000] {dag.py:3239} INFO - Sync 1 DAGs
[2025-03-01T14:28:55.826+0000] {logging_mixin.py:190} INFO - [2025-03-01T14:28:55.826+0000] {dag.py:4180} INFO - Setting next_dagrun for example_complex to None, run_after=None
[2025-03-01T14:28:55.840+0000] {processor.py:208} INFO - Processing /home/airflow/.local/lib/python3.12/site-packages/airflow/example_dags/example_complex.py took 0.087 seconds
[2025-03-01T14:29:26.087+0000] {processor.py:186} INFO - Started process (PID=1546) to work on /home/airflow/.local/lib/python3.12/site-packages/airflow/example_dags/example_complex.py
[2025-03-01T14:29:26.088+0000] {processor.py:914} INFO - Processing file /home/airflow/.local/lib/python3.12/site-packages/airflow/example_dags/example_complex.py for tasks to queue
[2025-03-01T14:29:26.090+0000] {logging_mixin.py:190} INFO - [2025-03-01T14:29:26.090+0000] {dagbag.py:588} INFO - Filling up the DagBag from /home/airflow/.local/lib/python3.12/site-packages/airflow/example_dags/example_complex.py
[2025-03-01T14:29:26.103+0000] {processor.py:925} INFO - DAG(s) 'example_complex' retrieved from /home/airflow/.local/lib/python3.12/site-packages/airflow/example_dags/example_complex.py
[2025-03-01T14:29:26.138+0000] {logging_mixin.py:190} INFO - [2025-03-01T14:29:26.138+0000] {dag.py:3239} INFO - Sync 1 DAGs
[2025-03-01T14:29:26.152+0000] {logging_mixin.py:190} INFO - [2025-03-01T14:29:26.152+0000] {dag.py:4180} INFO - Setting next_dagrun for example_complex to None, run_after=None
[2025-03-01T14:29:26.165+0000] {processor.py:208} INFO - Processing /home/airflow/.local/lib/python3.12/site-packages/airflow/example_dags/example_complex.py took 0.083 seconds
[2025-03-01T14:29:57.099+0000] {processor.py:186} INFO - Started process (PID=1602) to work on /home/airflow/.local/lib/python3.12/site-packages/airflow/example_dags/example_complex.py
[2025-03-01T14:29:57.100+0000] {processor.py:914} INFO - Processing file /home/airflow/.local/lib/python3.12/site-packages/airflow/example_dags/example_complex.py for tasks to queue
[2025-03-01T14:29:57.102+0000] {logging_mixin.py:190} INFO - [2025-03-01T14:29:57.101+0000] {dagbag.py:588} INFO - Filling up the DagBag from /home/airflow/.local/lib/python3.12/site-packages/airflow/example_dags/example_complex.py
[2025-03-01T14:29:57.115+0000] {processor.py:925} INFO - DAG(s) 'example_complex' retrieved from /home/airflow/.local/lib/python3.12/site-packages/airflow/example_dags/example_complex.py
[2025-03-01T14:29:57.159+0000] {logging_mixin.py:190} INFO - [2025-03-01T14:29:57.159+0000] {dag.py:3239} INFO - Sync 1 DAGs
[2025-03-01T14:29:57.174+0000] {logging_mixin.py:190} INFO - [2025-03-01T14:29:57.174+0000] {dag.py:4180} INFO - Setting next_dagrun for example_complex to None, run_after=None
[2025-03-01T14:29:57.190+0000] {processor.py:208} INFO - Processing /home/airflow/.local/lib/python3.12/site-packages/airflow/example_dags/example_complex.py took 0.097 seconds
[2025-03-01T14:30:27.400+0000] {processor.py:186} INFO - Started process (PID=1662) to work on /home/airflow/.local/lib/python3.12/site-packages/airflow/example_dags/example_complex.py
[2025-03-01T14:30:27.410+0000] {processor.py:914} INFO - Processing file /home/airflow/.local/lib/python3.12/site-packages/airflow/example_dags/example_complex.py for tasks to queue
[2025-03-01T14:30:27.418+0000] {logging_mixin.py:190} INFO - [2025-03-01T14:30:27.418+0000] {dagbag.py:588} INFO - Filling up the DagBag from /home/airflow/.local/lib/python3.12/site-packages/airflow/example_dags/example_complex.py
[2025-03-01T14:30:27.436+0000] {processor.py:925} INFO - DAG(s) 'example_complex' retrieved from /home/airflow/.local/lib/python3.12/site-packages/airflow/example_dags/example_complex.py
[2025-03-01T14:30:27.471+0000] {logging_mixin.py:190} INFO - [2025-03-01T14:30:27.470+0000] {dag.py:3239} INFO - Sync 1 DAGs
[2025-03-01T14:30:27.499+0000] {logging_mixin.py:190} INFO - [2025-03-01T14:30:27.499+0000] {dag.py:4180} INFO - Setting next_dagrun for example_complex to None, run_after=None
[2025-03-01T14:30:27.526+0000] {processor.py:208} INFO - Processing /home/airflow/.local/lib/python3.12/site-packages/airflow/example_dags/example_complex.py took 0.132 seconds
[2025-03-01T14:30:58.424+0000] {processor.py:186} INFO - Started process (PID=1725) to work on /home/airflow/.local/lib/python3.12/site-packages/airflow/example_dags/example_complex.py
[2025-03-01T14:30:58.425+0000] {processor.py:914} INFO - Processing file /home/airflow/.local/lib/python3.12/site-packages/airflow/example_dags/example_complex.py for tasks to queue
[2025-03-01T14:30:58.427+0000] {logging_mixin.py:190} INFO - [2025-03-01T14:30:58.427+0000] {dagbag.py:588} INFO - Filling up the DagBag from /home/airflow/.local/lib/python3.12/site-packages/airflow/example_dags/example_complex.py
[2025-03-01T14:30:58.441+0000] {processor.py:925} INFO - DAG(s) 'example_complex' retrieved from /home/airflow/.local/lib/python3.12/site-packages/airflow/example_dags/example_complex.py
[2025-03-01T14:30:58.490+0000] {logging_mixin.py:190} INFO - [2025-03-01T14:30:58.490+0000] {dag.py:3239} INFO - Sync 1 DAGs
[2025-03-01T14:30:58.521+0000] {logging_mixin.py:190} INFO - [2025-03-01T14:30:58.520+0000] {dag.py:4180} INFO - Setting next_dagrun for example_complex to None, run_after=None
[2025-03-01T14:30:58.561+0000] {processor.py:208} INFO - Processing /home/airflow/.local/lib/python3.12/site-packages/airflow/example_dags/example_complex.py took 0.143 seconds
[2025-03-01T14:31:29.395+0000] {processor.py:186} INFO - Started process (PID=1789) to work on /home/airflow/.local/lib/python3.12/site-packages/airflow/example_dags/example_complex.py
[2025-03-01T14:31:29.395+0000] {processor.py:914} INFO - Processing file /home/airflow/.local/lib/python3.12/site-packages/airflow/example_dags/example_complex.py for tasks to queue
[2025-03-01T14:31:29.398+0000] {logging_mixin.py:190} INFO - [2025-03-01T14:31:29.397+0000] {dagbag.py:588} INFO - Filling up the DagBag from /home/airflow/.local/lib/python3.12/site-packages/airflow/example_dags/example_complex.py
[2025-03-01T14:31:29.411+0000] {processor.py:925} INFO - DAG(s) 'example_complex' retrieved from /home/airflow/.local/lib/python3.12/site-packages/airflow/example_dags/example_complex.py
[2025-03-01T14:31:29.446+0000] {logging_mixin.py:190} INFO - [2025-03-01T14:31:29.446+0000] {dag.py:3239} INFO - Sync 1 DAGs
[2025-03-01T14:31:29.461+0000] {logging_mixin.py:190} INFO - [2025-03-01T14:31:29.461+0000] {dag.py:4180} INFO - Setting next_dagrun for example_complex to None, run_after=None
[2025-03-01T14:31:29.478+0000] {processor.py:208} INFO - Processing /home/airflow/.local/lib/python3.12/site-packages/airflow/example_dags/example_complex.py took 0.089 seconds
[2025-03-01T14:32:00.283+0000] {processor.py:186} INFO - Started process (PID=1852) to work on /home/airflow/.local/lib/python3.12/site-packages/airflow/example_dags/example_complex.py
[2025-03-01T14:32:00.283+0000] {processor.py:914} INFO - Processing file /home/airflow/.local/lib/python3.12/site-packages/airflow/example_dags/example_complex.py for tasks to queue
[2025-03-01T14:32:00.285+0000] {logging_mixin.py:190} INFO - [2025-03-01T14:32:00.284+0000] {dagbag.py:588} INFO - Filling up the DagBag from /home/airflow/.local/lib/python3.12/site-packages/airflow/example_dags/example_complex.py
[2025-03-01T14:32:00.293+0000] {processor.py:925} INFO - DAG(s) 'example_complex' retrieved from /home/airflow/.local/lib/python3.12/site-packages/airflow/example_dags/example_complex.py
[2025-03-01T14:32:00.316+0000] {logging_mixin.py:190} INFO - [2025-03-01T14:32:00.316+0000] {dag.py:3239} INFO - Sync 1 DAGs
[2025-03-01T14:32:00.326+0000] {logging_mixin.py:190} INFO - [2025-03-01T14:32:00.326+0000] {dag.py:4180} INFO - Setting next_dagrun for example_complex to None, run_after=None
[2025-03-01T14:32:00.340+0000] {processor.py:208} INFO - Processing /home/airflow/.local/lib/python3.12/site-packages/airflow/example_dags/example_complex.py took 0.062 seconds
[2025-03-01T14:32:30.729+0000] {processor.py:186} INFO - Started process (PID=1919) to work on /home/airflow/.local/lib/python3.12/site-packages/airflow/example_dags/example_complex.py
[2025-03-01T14:32:30.747+0000] {processor.py:914} INFO - Processing file /home/airflow/.local/lib/python3.12/site-packages/airflow/example_dags/example_complex.py for tasks to queue
[2025-03-01T14:32:30.758+0000] {logging_mixin.py:190} INFO - [2025-03-01T14:32:30.758+0000] {dagbag.py:588} INFO - Filling up the DagBag from /home/airflow/.local/lib/python3.12/site-packages/airflow/example_dags/example_complex.py
[2025-03-01T14:32:30.797+0000] {processor.py:925} INFO - DAG(s) 'example_complex' retrieved from /home/airflow/.local/lib/python3.12/site-packages/airflow/example_dags/example_complex.py
[2025-03-01T14:32:30.840+0000] {logging_mixin.py:190} INFO - [2025-03-01T14:32:30.840+0000] {dag.py:3239} INFO - Sync 1 DAGs
[2025-03-01T14:32:30.868+0000] {logging_mixin.py:190} INFO - [2025-03-01T14:32:30.868+0000] {dag.py:4180} INFO - Setting next_dagrun for example_complex to None, run_after=None
[2025-03-01T14:32:30.887+0000] {processor.py:208} INFO - Processing /home/airflow/.local/lib/python3.12/site-packages/airflow/example_dags/example_complex.py took 0.164 seconds
[2025-03-01T14:33:01.676+0000] {processor.py:186} INFO - Started process (PID=1984) to work on /home/airflow/.local/lib/python3.12/site-packages/airflow/example_dags/example_complex.py
[2025-03-01T14:33:01.677+0000] {processor.py:914} INFO - Processing file /home/airflow/.local/lib/python3.12/site-packages/airflow/example_dags/example_complex.py for tasks to queue
[2025-03-01T14:33:01.679+0000] {logging_mixin.py:190} INFO - [2025-03-01T14:33:01.679+0000] {dagbag.py:588} INFO - Filling up the DagBag from /home/airflow/.local/lib/python3.12/site-packages/airflow/example_dags/example_complex.py
[2025-03-01T14:33:01.693+0000] {processor.py:925} INFO - DAG(s) 'example_complex' retrieved from /home/airflow/.local/lib/python3.12/site-packages/airflow/example_dags/example_complex.py
[2025-03-01T14:33:01.729+0000] {logging_mixin.py:190} INFO - [2025-03-01T14:33:01.728+0000] {dag.py:3239} INFO - Sync 1 DAGs
[2025-03-01T14:33:01.744+0000] {logging_mixin.py:190} INFO - [2025-03-01T14:33:01.744+0000] {dag.py:4180} INFO - Setting next_dagrun for example_complex to None, run_after=None
[2025-03-01T14:33:01.761+0000] {processor.py:208} INFO - Processing /home/airflow/.local/lib/python3.12/site-packages/airflow/example_dags/example_complex.py took 0.090 seconds
