[2025-03-01T14:17:36.117+0000] {processor.py:186} INFO - Started process (PID=82) to work on /home/airflow/.local/lib/python3.12/site-packages/airflow/example_dags/tutorial_dag.py
[2025-03-01T14:17:36.133+0000] {processor.py:914} INFO - Processing file /home/airflow/.local/lib/python3.12/site-packages/airflow/example_dags/tutorial_dag.py for tasks to queue
[2025-03-01T14:17:36.138+0000] {logging_mixin.py:190} INFO - [2025-03-01T14:17:36.138+0000] {dagbag.py:588} INFO - Filling up the DagBag from /home/airflow/.local/lib/python3.12/site-packages/airflow/example_dags/tutorial_dag.py
[2025-03-01T14:17:36.186+0000] {processor.py:925} INFO - DAG(s) 'tutorial_dag' retrieved from /home/airflow/.local/lib/python3.12/site-packages/airflow/example_dags/tutorial_dag.py
[2025-03-01T14:17:36.658+0000] {logging_mixin.py:190} INFO - [2025-03-01T14:17:36.657+0000] {override.py:1912} INFO - Created Permission View: can edit on DAG:tutorial_dag
[2025-03-01T14:17:36.695+0000] {logging_mixin.py:190} INFO - [2025-03-01T14:17:36.694+0000] {override.py:1912} INFO - Created Permission View: can read on DAG:tutorial_dag
[2025-03-01T14:17:36.715+0000] {logging_mixin.py:190} INFO - [2025-03-01T14:17:36.715+0000] {override.py:1912} INFO - Created Permission View: can delete on DAG:tutorial_dag
[2025-03-01T14:17:36.736+0000] {logging_mixin.py:190} INFO - [2025-03-01T14:17:36.736+0000] {override.py:1912} INFO - Created Permission View: menu access on DAG Run:tutorial_dag
[2025-03-01T14:17:36.758+0000] {logging_mixin.py:190} INFO - [2025-03-01T14:17:36.758+0000] {override.py:1912} INFO - Created Permission View: can read on DAG Run:tutorial_dag
[2025-03-01T14:17:36.778+0000] {logging_mixin.py:190} INFO - [2025-03-01T14:17:36.777+0000] {override.py:1912} INFO - Created Permission View: can create on DAG Run:tutorial_dag
[2025-03-01T14:17:36.800+0000] {logging_mixin.py:190} INFO - [2025-03-01T14:17:36.800+0000] {override.py:1912} INFO - Created Permission View: can delete on DAG Run:tutorial_dag
[2025-03-01T14:17:36.801+0000] {logging_mixin.py:190} INFO - [2025-03-01T14:17:36.801+0000] {dag.py:3239} INFO - Sync 1 DAGs
[2025-03-01T14:17:36.851+0000] {logging_mixin.py:190} INFO - [2025-03-01T14:17:36.851+0000] {dag.py:3262} INFO - Creating ORM DAG for tutorial_dag
[2025-03-01T14:17:36.860+0000] {logging_mixin.py:190} INFO - [2025-03-01T14:17:36.859+0000] {dag.py:4180} INFO - Setting next_dagrun for tutorial_dag to None, run_after=None
[2025-03-01T14:17:36.957+0000] {processor.py:208} INFO - Processing /home/airflow/.local/lib/python3.12/site-packages/airflow/example_dags/tutorial_dag.py took 0.859 seconds
[2025-03-01T14:18:07.027+0000] {processor.py:186} INFO - Started process (PID=144) to work on /home/airflow/.local/lib/python3.12/site-packages/airflow/example_dags/tutorial_dag.py
[2025-03-01T14:18:07.031+0000] {processor.py:914} INFO - Processing file /home/airflow/.local/lib/python3.12/site-packages/airflow/example_dags/tutorial_dag.py for tasks to queue
[2025-03-01T14:18:07.034+0000] {logging_mixin.py:190} INFO - [2025-03-01T14:18:07.033+0000] {dagbag.py:588} INFO - Filling up the DagBag from /home/airflow/.local/lib/python3.12/site-packages/airflow/example_dags/tutorial_dag.py
[2025-03-01T14:18:07.046+0000] {processor.py:925} INFO - DAG(s) 'tutorial_dag' retrieved from /home/airflow/.local/lib/python3.12/site-packages/airflow/example_dags/tutorial_dag.py
[2025-03-01T14:18:07.077+0000] {logging_mixin.py:190} INFO - [2025-03-01T14:18:07.077+0000] {dag.py:3239} INFO - Sync 1 DAGs
[2025-03-01T14:18:07.101+0000] {logging_mixin.py:190} INFO - [2025-03-01T14:18:07.101+0000] {dag.py:4180} INFO - Setting next_dagrun for tutorial_dag to None, run_after=None
[2025-03-01T14:18:07.156+0000] {processor.py:208} INFO - Processing /home/airflow/.local/lib/python3.12/site-packages/airflow/example_dags/tutorial_dag.py took 0.140 seconds
[2025-03-01T14:18:37.491+0000] {processor.py:186} INFO - Started process (PID=207) to work on /home/airflow/.local/lib/python3.12/site-packages/airflow/example_dags/tutorial_dag.py
[2025-03-01T14:18:37.492+0000] {processor.py:914} INFO - Processing file /home/airflow/.local/lib/python3.12/site-packages/airflow/example_dags/tutorial_dag.py for tasks to queue
[2025-03-01T14:18:37.493+0000] {logging_mixin.py:190} INFO - [2025-03-01T14:18:37.493+0000] {dagbag.py:588} INFO - Filling up the DagBag from /home/airflow/.local/lib/python3.12/site-packages/airflow/example_dags/tutorial_dag.py
[2025-03-01T14:18:37.499+0000] {processor.py:925} INFO - DAG(s) 'tutorial_dag' retrieved from /home/airflow/.local/lib/python3.12/site-packages/airflow/example_dags/tutorial_dag.py
[2025-03-01T14:18:37.512+0000] {logging_mixin.py:190} INFO - [2025-03-01T14:18:37.512+0000] {dag.py:3239} INFO - Sync 1 DAGs
[2025-03-01T14:18:37.522+0000] {logging_mixin.py:190} INFO - [2025-03-01T14:18:37.522+0000] {dag.py:4180} INFO - Setting next_dagrun for tutorial_dag to None, run_after=None
[2025-03-01T14:18:37.534+0000] {processor.py:208} INFO - Processing /home/airflow/.local/lib/python3.12/site-packages/airflow/example_dags/tutorial_dag.py took 0.048 seconds
[2025-03-01T14:19:07.871+0000] {processor.py:186} INFO - Started process (PID=270) to work on /home/airflow/.local/lib/python3.12/site-packages/airflow/example_dags/tutorial_dag.py
[2025-03-01T14:19:07.871+0000] {processor.py:914} INFO - Processing file /home/airflow/.local/lib/python3.12/site-packages/airflow/example_dags/tutorial_dag.py for tasks to queue
[2025-03-01T14:19:07.873+0000] {logging_mixin.py:190} INFO - [2025-03-01T14:19:07.873+0000] {dagbag.py:588} INFO - Filling up the DagBag from /home/airflow/.local/lib/python3.12/site-packages/airflow/example_dags/tutorial_dag.py
[2025-03-01T14:19:07.878+0000] {processor.py:925} INFO - DAG(s) 'tutorial_dag' retrieved from /home/airflow/.local/lib/python3.12/site-packages/airflow/example_dags/tutorial_dag.py
[2025-03-01T14:19:07.895+0000] {logging_mixin.py:190} INFO - [2025-03-01T14:19:07.895+0000] {dag.py:3239} INFO - Sync 1 DAGs
[2025-03-01T14:19:07.908+0000] {logging_mixin.py:190} INFO - [2025-03-01T14:19:07.908+0000] {dag.py:4180} INFO - Setting next_dagrun for tutorial_dag to None, run_after=None
[2025-03-01T14:19:07.920+0000] {processor.py:208} INFO - Processing /home/airflow/.local/lib/python3.12/site-packages/airflow/example_dags/tutorial_dag.py took 0.055 seconds
[2025-03-01T14:19:38.036+0000] {processor.py:186} INFO - Started process (PID=333) to work on /home/airflow/.local/lib/python3.12/site-packages/airflow/example_dags/tutorial_dag.py
[2025-03-01T14:19:38.037+0000] {processor.py:914} INFO - Processing file /home/airflow/.local/lib/python3.12/site-packages/airflow/example_dags/tutorial_dag.py for tasks to queue
[2025-03-01T14:19:38.039+0000] {logging_mixin.py:190} INFO - [2025-03-01T14:19:38.038+0000] {dagbag.py:588} INFO - Filling up the DagBag from /home/airflow/.local/lib/python3.12/site-packages/airflow/example_dags/tutorial_dag.py
[2025-03-01T14:19:38.044+0000] {processor.py:925} INFO - DAG(s) 'tutorial_dag' retrieved from /home/airflow/.local/lib/python3.12/site-packages/airflow/example_dags/tutorial_dag.py
[2025-03-01T14:19:38.058+0000] {logging_mixin.py:190} INFO - [2025-03-01T14:19:38.058+0000] {dag.py:3239} INFO - Sync 1 DAGs
[2025-03-01T14:19:38.068+0000] {logging_mixin.py:190} INFO - [2025-03-01T14:19:38.068+0000] {dag.py:4180} INFO - Setting next_dagrun for tutorial_dag to None, run_after=None
[2025-03-01T14:19:38.081+0000] {processor.py:208} INFO - Processing /home/airflow/.local/lib/python3.12/site-packages/airflow/example_dags/tutorial_dag.py took 0.049 seconds
[2025-03-01T14:20:08.605+0000] {processor.py:186} INFO - Started process (PID=396) to work on /home/airflow/.local/lib/python3.12/site-packages/airflow/example_dags/tutorial_dag.py
[2025-03-01T14:20:08.606+0000] {processor.py:914} INFO - Processing file /home/airflow/.local/lib/python3.12/site-packages/airflow/example_dags/tutorial_dag.py for tasks to queue
[2025-03-01T14:20:08.608+0000] {logging_mixin.py:190} INFO - [2025-03-01T14:20:08.607+0000] {dagbag.py:588} INFO - Filling up the DagBag from /home/airflow/.local/lib/python3.12/site-packages/airflow/example_dags/tutorial_dag.py
[2025-03-01T14:20:08.613+0000] {processor.py:925} INFO - DAG(s) 'tutorial_dag' retrieved from /home/airflow/.local/lib/python3.12/site-packages/airflow/example_dags/tutorial_dag.py
[2025-03-01T14:20:08.627+0000] {logging_mixin.py:190} INFO - [2025-03-01T14:20:08.626+0000] {dag.py:3239} INFO - Sync 1 DAGs
[2025-03-01T14:20:08.636+0000] {logging_mixin.py:190} INFO - [2025-03-01T14:20:08.636+0000] {dag.py:4180} INFO - Setting next_dagrun for tutorial_dag to None, run_after=None
[2025-03-01T14:20:08.650+0000] {processor.py:208} INFO - Processing /home/airflow/.local/lib/python3.12/site-packages/airflow/example_dags/tutorial_dag.py took 0.050 seconds
[2025-03-01T14:20:38.947+0000] {processor.py:186} INFO - Started process (PID=459) to work on /home/airflow/.local/lib/python3.12/site-packages/airflow/example_dags/tutorial_dag.py
[2025-03-01T14:20:38.948+0000] {processor.py:914} INFO - Processing file /home/airflow/.local/lib/python3.12/site-packages/airflow/example_dags/tutorial_dag.py for tasks to queue
[2025-03-01T14:20:38.949+0000] {logging_mixin.py:190} INFO - [2025-03-01T14:20:38.949+0000] {dagbag.py:588} INFO - Filling up the DagBag from /home/airflow/.local/lib/python3.12/site-packages/airflow/example_dags/tutorial_dag.py
[2025-03-01T14:20:38.955+0000] {processor.py:925} INFO - DAG(s) 'tutorial_dag' retrieved from /home/airflow/.local/lib/python3.12/site-packages/airflow/example_dags/tutorial_dag.py
[2025-03-01T14:20:38.968+0000] {logging_mixin.py:190} INFO - [2025-03-01T14:20:38.967+0000] {dag.py:3239} INFO - Sync 1 DAGs
[2025-03-01T14:20:38.977+0000] {logging_mixin.py:190} INFO - [2025-03-01T14:20:38.977+0000] {dag.py:4180} INFO - Setting next_dagrun for tutorial_dag to None, run_after=None
[2025-03-01T14:20:38.990+0000] {processor.py:208} INFO - Processing /home/airflow/.local/lib/python3.12/site-packages/airflow/example_dags/tutorial_dag.py took 0.048 seconds
[2025-03-01T14:21:09.387+0000] {processor.py:186} INFO - Started process (PID=522) to work on /home/airflow/.local/lib/python3.12/site-packages/airflow/example_dags/tutorial_dag.py
[2025-03-01T14:21:09.388+0000] {processor.py:914} INFO - Processing file /home/airflow/.local/lib/python3.12/site-packages/airflow/example_dags/tutorial_dag.py for tasks to queue
[2025-03-01T14:21:09.389+0000] {logging_mixin.py:190} INFO - [2025-03-01T14:21:09.389+0000] {dagbag.py:588} INFO - Filling up the DagBag from /home/airflow/.local/lib/python3.12/site-packages/airflow/example_dags/tutorial_dag.py
[2025-03-01T14:21:09.394+0000] {processor.py:925} INFO - DAG(s) 'tutorial_dag' retrieved from /home/airflow/.local/lib/python3.12/site-packages/airflow/example_dags/tutorial_dag.py
[2025-03-01T14:21:09.408+0000] {logging_mixin.py:190} INFO - [2025-03-01T14:21:09.408+0000] {dag.py:3239} INFO - Sync 1 DAGs
[2025-03-01T14:21:09.418+0000] {logging_mixin.py:190} INFO - [2025-03-01T14:21:09.418+0000] {dag.py:4180} INFO - Setting next_dagrun for tutorial_dag to None, run_after=None
[2025-03-01T14:21:09.430+0000] {processor.py:208} INFO - Processing /home/airflow/.local/lib/python3.12/site-packages/airflow/example_dags/tutorial_dag.py took 0.048 seconds
[2025-03-01T14:21:40.242+0000] {processor.py:186} INFO - Started process (PID=585) to work on /home/airflow/.local/lib/python3.12/site-packages/airflow/example_dags/tutorial_dag.py
[2025-03-01T14:21:40.242+0000] {processor.py:914} INFO - Processing file /home/airflow/.local/lib/python3.12/site-packages/airflow/example_dags/tutorial_dag.py for tasks to queue
[2025-03-01T14:21:40.245+0000] {logging_mixin.py:190} INFO - [2025-03-01T14:21:40.244+0000] {dagbag.py:588} INFO - Filling up the DagBag from /home/airflow/.local/lib/python3.12/site-packages/airflow/example_dags/tutorial_dag.py
[2025-03-01T14:21:40.252+0000] {processor.py:925} INFO - DAG(s) 'tutorial_dag' retrieved from /home/airflow/.local/lib/python3.12/site-packages/airflow/example_dags/tutorial_dag.py
[2025-03-01T14:21:40.272+0000] {logging_mixin.py:190} INFO - [2025-03-01T14:21:40.271+0000] {dag.py:3239} INFO - Sync 1 DAGs
[2025-03-01T14:21:40.287+0000] {logging_mixin.py:190} INFO - [2025-03-01T14:21:40.287+0000] {dag.py:4180} INFO - Setting next_dagrun for tutorial_dag to None, run_after=None
[2025-03-01T14:21:40.304+0000] {processor.py:208} INFO - Processing /home/airflow/.local/lib/python3.12/site-packages/airflow/example_dags/tutorial_dag.py took 0.068 seconds
[2025-03-01T14:22:10.489+0000] {processor.py:186} INFO - Started process (PID=648) to work on /home/airflow/.local/lib/python3.12/site-packages/airflow/example_dags/tutorial_dag.py
[2025-03-01T14:22:10.490+0000] {processor.py:914} INFO - Processing file /home/airflow/.local/lib/python3.12/site-packages/airflow/example_dags/tutorial_dag.py for tasks to queue
[2025-03-01T14:22:10.493+0000] {logging_mixin.py:190} INFO - [2025-03-01T14:22:10.492+0000] {dagbag.py:588} INFO - Filling up the DagBag from /home/airflow/.local/lib/python3.12/site-packages/airflow/example_dags/tutorial_dag.py
[2025-03-01T14:22:10.501+0000] {processor.py:925} INFO - DAG(s) 'tutorial_dag' retrieved from /home/airflow/.local/lib/python3.12/site-packages/airflow/example_dags/tutorial_dag.py
[2025-03-01T14:22:10.519+0000] {logging_mixin.py:190} INFO - [2025-03-01T14:22:10.519+0000] {dag.py:3239} INFO - Sync 1 DAGs
[2025-03-01T14:22:10.534+0000] {logging_mixin.py:190} INFO - [2025-03-01T14:22:10.534+0000] {dag.py:4180} INFO - Setting next_dagrun for tutorial_dag to None, run_after=None
[2025-03-01T14:22:10.551+0000] {processor.py:208} INFO - Processing /home/airflow/.local/lib/python3.12/site-packages/airflow/example_dags/tutorial_dag.py took 0.068 seconds
[2025-03-01T14:22:40.736+0000] {processor.py:186} INFO - Started process (PID=712) to work on /home/airflow/.local/lib/python3.12/site-packages/airflow/example_dags/tutorial_dag.py
[2025-03-01T14:22:40.737+0000] {processor.py:914} INFO - Processing file /home/airflow/.local/lib/python3.12/site-packages/airflow/example_dags/tutorial_dag.py for tasks to queue
[2025-03-01T14:22:40.738+0000] {logging_mixin.py:190} INFO - [2025-03-01T14:22:40.738+0000] {dagbag.py:588} INFO - Filling up the DagBag from /home/airflow/.local/lib/python3.12/site-packages/airflow/example_dags/tutorial_dag.py
[2025-03-01T14:22:40.744+0000] {processor.py:925} INFO - DAG(s) 'tutorial_dag' retrieved from /home/airflow/.local/lib/python3.12/site-packages/airflow/example_dags/tutorial_dag.py
[2025-03-01T14:22:40.757+0000] {logging_mixin.py:190} INFO - [2025-03-01T14:22:40.757+0000] {dag.py:3239} INFO - Sync 1 DAGs
[2025-03-01T14:22:40.767+0000] {logging_mixin.py:190} INFO - [2025-03-01T14:22:40.767+0000] {dag.py:4180} INFO - Setting next_dagrun for tutorial_dag to None, run_after=None
[2025-03-01T14:22:40.779+0000] {processor.py:208} INFO - Processing /home/airflow/.local/lib/python3.12/site-packages/airflow/example_dags/tutorial_dag.py took 0.047 seconds
[2025-03-01T14:23:11.242+0000] {processor.py:186} INFO - Started process (PID=776) to work on /home/airflow/.local/lib/python3.12/site-packages/airflow/example_dags/tutorial_dag.py
[2025-03-01T14:23:11.243+0000] {processor.py:914} INFO - Processing file /home/airflow/.local/lib/python3.12/site-packages/airflow/example_dags/tutorial_dag.py for tasks to queue
[2025-03-01T14:23:11.244+0000] {logging_mixin.py:190} INFO - [2025-03-01T14:23:11.244+0000] {dagbag.py:588} INFO - Filling up the DagBag from /home/airflow/.local/lib/python3.12/site-packages/airflow/example_dags/tutorial_dag.py
[2025-03-01T14:23:11.250+0000] {processor.py:925} INFO - DAG(s) 'tutorial_dag' retrieved from /home/airflow/.local/lib/python3.12/site-packages/airflow/example_dags/tutorial_dag.py
[2025-03-01T14:23:11.264+0000] {logging_mixin.py:190} INFO - [2025-03-01T14:23:11.263+0000] {dag.py:3239} INFO - Sync 1 DAGs
[2025-03-01T14:23:11.273+0000] {logging_mixin.py:190} INFO - [2025-03-01T14:23:11.273+0000] {dag.py:4180} INFO - Setting next_dagrun for tutorial_dag to None, run_after=None
[2025-03-01T14:23:11.285+0000] {processor.py:208} INFO - Processing /home/airflow/.local/lib/python3.12/site-packages/airflow/example_dags/tutorial_dag.py took 0.047 seconds
[2025-03-01T14:23:41.423+0000] {processor.py:186} INFO - Started process (PID=839) to work on /home/airflow/.local/lib/python3.12/site-packages/airflow/example_dags/tutorial_dag.py
[2025-03-01T14:23:41.423+0000] {processor.py:914} INFO - Processing file /home/airflow/.local/lib/python3.12/site-packages/airflow/example_dags/tutorial_dag.py for tasks to queue
[2025-03-01T14:23:41.425+0000] {logging_mixin.py:190} INFO - [2025-03-01T14:23:41.424+0000] {dagbag.py:588} INFO - Filling up the DagBag from /home/airflow/.local/lib/python3.12/site-packages/airflow/example_dags/tutorial_dag.py
[2025-03-01T14:23:41.430+0000] {processor.py:925} INFO - DAG(s) 'tutorial_dag' retrieved from /home/airflow/.local/lib/python3.12/site-packages/airflow/example_dags/tutorial_dag.py
[2025-03-01T14:23:41.443+0000] {logging_mixin.py:190} INFO - [2025-03-01T14:23:41.443+0000] {dag.py:3239} INFO - Sync 1 DAGs
[2025-03-01T14:23:41.453+0000] {logging_mixin.py:190} INFO - [2025-03-01T14:23:41.453+0000] {dag.py:4180} INFO - Setting next_dagrun for tutorial_dag to None, run_after=None
[2025-03-01T14:23:41.465+0000] {processor.py:208} INFO - Processing /home/airflow/.local/lib/python3.12/site-packages/airflow/example_dags/tutorial_dag.py took 0.047 seconds
[2025-03-01T14:24:12.162+0000] {processor.py:186} INFO - Started process (PID=902) to work on /home/airflow/.local/lib/python3.12/site-packages/airflow/example_dags/tutorial_dag.py
[2025-03-01T14:24:12.163+0000] {processor.py:914} INFO - Processing file /home/airflow/.local/lib/python3.12/site-packages/airflow/example_dags/tutorial_dag.py for tasks to queue
[2025-03-01T14:24:12.165+0000] {logging_mixin.py:190} INFO - [2025-03-01T14:24:12.165+0000] {dagbag.py:588} INFO - Filling up the DagBag from /home/airflow/.local/lib/python3.12/site-packages/airflow/example_dags/tutorial_dag.py
[2025-03-01T14:24:12.180+0000] {processor.py:925} INFO - DAG(s) 'tutorial_dag' retrieved from /home/airflow/.local/lib/python3.12/site-packages/airflow/example_dags/tutorial_dag.py
[2025-03-01T14:24:12.199+0000] {logging_mixin.py:190} INFO - [2025-03-01T14:24:12.199+0000] {dag.py:3239} INFO - Sync 1 DAGs
[2025-03-01T14:24:12.214+0000] {logging_mixin.py:190} INFO - [2025-03-01T14:24:12.214+0000] {dag.py:4180} INFO - Setting next_dagrun for tutorial_dag to None, run_after=None
[2025-03-01T14:24:12.238+0000] {processor.py:208} INFO - Processing /home/airflow/.local/lib/python3.12/site-packages/airflow/example_dags/tutorial_dag.py took 0.084 seconds
[2025-03-01T14:24:42.527+0000] {processor.py:186} INFO - Started process (PID=965) to work on /home/airflow/.local/lib/python3.12/site-packages/airflow/example_dags/tutorial_dag.py
[2025-03-01T14:24:42.527+0000] {processor.py:914} INFO - Processing file /home/airflow/.local/lib/python3.12/site-packages/airflow/example_dags/tutorial_dag.py for tasks to queue
[2025-03-01T14:24:42.529+0000] {logging_mixin.py:190} INFO - [2025-03-01T14:24:42.529+0000] {dagbag.py:588} INFO - Filling up the DagBag from /home/airflow/.local/lib/python3.12/site-packages/airflow/example_dags/tutorial_dag.py
[2025-03-01T14:24:42.534+0000] {processor.py:925} INFO - DAG(s) 'tutorial_dag' retrieved from /home/airflow/.local/lib/python3.12/site-packages/airflow/example_dags/tutorial_dag.py
[2025-03-01T14:24:42.547+0000] {logging_mixin.py:190} INFO - [2025-03-01T14:24:42.547+0000] {dag.py:3239} INFO - Sync 1 DAGs
[2025-03-01T14:24:42.558+0000] {logging_mixin.py:190} INFO - [2025-03-01T14:24:42.558+0000] {dag.py:4180} INFO - Setting next_dagrun for tutorial_dag to None, run_after=None
[2025-03-01T14:24:42.570+0000] {processor.py:208} INFO - Processing /home/airflow/.local/lib/python3.12/site-packages/airflow/example_dags/tutorial_dag.py took 0.047 seconds
[2025-03-01T14:25:12.911+0000] {processor.py:186} INFO - Started process (PID=1028) to work on /home/airflow/.local/lib/python3.12/site-packages/airflow/example_dags/tutorial_dag.py
[2025-03-01T14:25:12.912+0000] {processor.py:914} INFO - Processing file /home/airflow/.local/lib/python3.12/site-packages/airflow/example_dags/tutorial_dag.py for tasks to queue
[2025-03-01T14:25:12.914+0000] {logging_mixin.py:190} INFO - [2025-03-01T14:25:12.913+0000] {dagbag.py:588} INFO - Filling up the DagBag from /home/airflow/.local/lib/python3.12/site-packages/airflow/example_dags/tutorial_dag.py
[2025-03-01T14:25:12.920+0000] {processor.py:925} INFO - DAG(s) 'tutorial_dag' retrieved from /home/airflow/.local/lib/python3.12/site-packages/airflow/example_dags/tutorial_dag.py
[2025-03-01T14:25:12.933+0000] {logging_mixin.py:190} INFO - [2025-03-01T14:25:12.933+0000] {dag.py:3239} INFO - Sync 1 DAGs
[2025-03-01T14:25:12.943+0000] {logging_mixin.py:190} INFO - [2025-03-01T14:25:12.943+0000] {dag.py:4180} INFO - Setting next_dagrun for tutorial_dag to None, run_after=None
[2025-03-01T14:25:12.955+0000] {processor.py:208} INFO - Processing /home/airflow/.local/lib/python3.12/site-packages/airflow/example_dags/tutorial_dag.py took 0.050 seconds
[2025-03-01T14:25:43.810+0000] {processor.py:186} INFO - Started process (PID=1088) to work on /home/airflow/.local/lib/python3.12/site-packages/airflow/example_dags/tutorial_dag.py
[2025-03-01T14:25:43.811+0000] {processor.py:914} INFO - Processing file /home/airflow/.local/lib/python3.12/site-packages/airflow/example_dags/tutorial_dag.py for tasks to queue
[2025-03-01T14:25:43.812+0000] {logging_mixin.py:190} INFO - [2025-03-01T14:25:43.812+0000] {dagbag.py:588} INFO - Filling up the DagBag from /home/airflow/.local/lib/python3.12/site-packages/airflow/example_dags/tutorial_dag.py
[2025-03-01T14:25:43.820+0000] {processor.py:925} INFO - DAG(s) 'tutorial_dag' retrieved from /home/airflow/.local/lib/python3.12/site-packages/airflow/example_dags/tutorial_dag.py
[2025-03-01T14:25:43.839+0000] {logging_mixin.py:190} INFO - [2025-03-01T14:25:43.839+0000] {dag.py:3239} INFO - Sync 1 DAGs
[2025-03-01T14:25:43.854+0000] {logging_mixin.py:190} INFO - [2025-03-01T14:25:43.854+0000] {dag.py:4180} INFO - Setting next_dagrun for tutorial_dag to None, run_after=None
[2025-03-01T14:25:43.870+0000] {processor.py:208} INFO - Processing /home/airflow/.local/lib/python3.12/site-packages/airflow/example_dags/tutorial_dag.py took 0.066 seconds
[2025-03-01T14:26:14.969+0000] {processor.py:186} INFO - Started process (PID=1144) to work on /home/airflow/.local/lib/python3.12/site-packages/airflow/example_dags/tutorial_dag.py
[2025-03-01T14:26:14.970+0000] {processor.py:914} INFO - Processing file /home/airflow/.local/lib/python3.12/site-packages/airflow/example_dags/tutorial_dag.py for tasks to queue
[2025-03-01T14:26:14.972+0000] {logging_mixin.py:190} INFO - [2025-03-01T14:26:14.972+0000] {dagbag.py:588} INFO - Filling up the DagBag from /home/airflow/.local/lib/python3.12/site-packages/airflow/example_dags/tutorial_dag.py
[2025-03-01T14:26:14.979+0000] {processor.py:925} INFO - DAG(s) 'tutorial_dag' retrieved from /home/airflow/.local/lib/python3.12/site-packages/airflow/example_dags/tutorial_dag.py
[2025-03-01T14:26:14.999+0000] {logging_mixin.py:190} INFO - [2025-03-01T14:26:14.998+0000] {dag.py:3239} INFO - Sync 1 DAGs
[2025-03-01T14:26:15.013+0000] {logging_mixin.py:190} INFO - [2025-03-01T14:26:15.013+0000] {dag.py:4180} INFO - Setting next_dagrun for tutorial_dag to None, run_after=None
[2025-03-01T14:26:15.029+0000] {processor.py:208} INFO - Processing /home/airflow/.local/lib/python3.12/site-packages/airflow/example_dags/tutorial_dag.py took 0.066 seconds
[2025-03-01T14:26:45.262+0000] {processor.py:186} INFO - Started process (PID=1198) to work on /home/airflow/.local/lib/python3.12/site-packages/airflow/example_dags/tutorial_dag.py
[2025-03-01T14:26:45.262+0000] {processor.py:914} INFO - Processing file /home/airflow/.local/lib/python3.12/site-packages/airflow/example_dags/tutorial_dag.py for tasks to queue
[2025-03-01T14:26:45.265+0000] {logging_mixin.py:190} INFO - [2025-03-01T14:26:45.264+0000] {dagbag.py:588} INFO - Filling up the DagBag from /home/airflow/.local/lib/python3.12/site-packages/airflow/example_dags/tutorial_dag.py
[2025-03-01T14:26:45.272+0000] {processor.py:925} INFO - DAG(s) 'tutorial_dag' retrieved from /home/airflow/.local/lib/python3.12/site-packages/airflow/example_dags/tutorial_dag.py
[2025-03-01T14:26:45.290+0000] {logging_mixin.py:190} INFO - [2025-03-01T14:26:45.290+0000] {dag.py:3239} INFO - Sync 1 DAGs
[2025-03-01T14:26:45.306+0000] {logging_mixin.py:190} INFO - [2025-03-01T14:26:45.306+0000] {dag.py:4180} INFO - Setting next_dagrun for tutorial_dag to None, run_after=None
[2025-03-01T14:26:45.322+0000] {processor.py:208} INFO - Processing /home/airflow/.local/lib/python3.12/site-packages/airflow/example_dags/tutorial_dag.py took 0.066 seconds
[2025-03-01T14:27:15.933+0000] {processor.py:186} INFO - Started process (PID=1261) to work on /home/airflow/.local/lib/python3.12/site-packages/airflow/example_dags/tutorial_dag.py
[2025-03-01T14:27:15.934+0000] {processor.py:914} INFO - Processing file /home/airflow/.local/lib/python3.12/site-packages/airflow/example_dags/tutorial_dag.py for tasks to queue
[2025-03-01T14:27:15.940+0000] {logging_mixin.py:190} INFO - [2025-03-01T14:27:15.939+0000] {dagbag.py:588} INFO - Filling up the DagBag from /home/airflow/.local/lib/python3.12/site-packages/airflow/example_dags/tutorial_dag.py
[2025-03-01T14:27:15.947+0000] {processor.py:925} INFO - DAG(s) 'tutorial_dag' retrieved from /home/airflow/.local/lib/python3.12/site-packages/airflow/example_dags/tutorial_dag.py
[2025-03-01T14:27:15.967+0000] {logging_mixin.py:190} INFO - [2025-03-01T14:27:15.967+0000] {dag.py:3239} INFO - Sync 1 DAGs
[2025-03-01T14:27:15.984+0000] {logging_mixin.py:190} INFO - [2025-03-01T14:27:15.984+0000] {dag.py:4180} INFO - Setting next_dagrun for tutorial_dag to None, run_after=None
[2025-03-01T14:27:16.003+0000] {processor.py:208} INFO - Processing /home/airflow/.local/lib/python3.12/site-packages/airflow/example_dags/tutorial_dag.py took 0.075 seconds
[2025-03-01T14:27:46.476+0000] {processor.py:186} INFO - Started process (PID=1324) to work on /home/airflow/.local/lib/python3.12/site-packages/airflow/example_dags/tutorial_dag.py
[2025-03-01T14:27:46.477+0000] {processor.py:914} INFO - Processing file /home/airflow/.local/lib/python3.12/site-packages/airflow/example_dags/tutorial_dag.py for tasks to queue
[2025-03-01T14:27:46.479+0000] {logging_mixin.py:190} INFO - [2025-03-01T14:27:46.479+0000] {dagbag.py:588} INFO - Filling up the DagBag from /home/airflow/.local/lib/python3.12/site-packages/airflow/example_dags/tutorial_dag.py
[2025-03-01T14:27:46.486+0000] {processor.py:925} INFO - DAG(s) 'tutorial_dag' retrieved from /home/airflow/.local/lib/python3.12/site-packages/airflow/example_dags/tutorial_dag.py
[2025-03-01T14:27:46.504+0000] {logging_mixin.py:190} INFO - [2025-03-01T14:27:46.504+0000] {dag.py:3239} INFO - Sync 1 DAGs
[2025-03-01T14:27:46.520+0000] {logging_mixin.py:190} INFO - [2025-03-01T14:27:46.520+0000] {dag.py:4180} INFO - Setting next_dagrun for tutorial_dag to None, run_after=None
[2025-03-01T14:27:46.537+0000] {processor.py:208} INFO - Processing /home/airflow/.local/lib/python3.12/site-packages/airflow/example_dags/tutorial_dag.py took 0.067 seconds
[2025-03-01T14:28:16.733+0000] {processor.py:186} INFO - Started process (PID=1387) to work on /home/airflow/.local/lib/python3.12/site-packages/airflow/example_dags/tutorial_dag.py
[2025-03-01T14:28:16.734+0000] {processor.py:914} INFO - Processing file /home/airflow/.local/lib/python3.12/site-packages/airflow/example_dags/tutorial_dag.py for tasks to queue
[2025-03-01T14:28:16.736+0000] {logging_mixin.py:190} INFO - [2025-03-01T14:28:16.736+0000] {dagbag.py:588} INFO - Filling up the DagBag from /home/airflow/.local/lib/python3.12/site-packages/airflow/example_dags/tutorial_dag.py
[2025-03-01T14:28:16.743+0000] {processor.py:925} INFO - DAG(s) 'tutorial_dag' retrieved from /home/airflow/.local/lib/python3.12/site-packages/airflow/example_dags/tutorial_dag.py
[2025-03-01T14:28:16.761+0000] {logging_mixin.py:190} INFO - [2025-03-01T14:28:16.761+0000] {dag.py:3239} INFO - Sync 1 DAGs
[2025-03-01T14:28:16.776+0000] {logging_mixin.py:190} INFO - [2025-03-01T14:28:16.775+0000] {dag.py:4180} INFO - Setting next_dagrun for tutorial_dag to None, run_after=None
[2025-03-01T14:28:16.792+0000] {processor.py:208} INFO - Processing /home/airflow/.local/lib/python3.12/site-packages/airflow/example_dags/tutorial_dag.py took 0.064 seconds
[2025-03-01T14:28:47.456+0000] {processor.py:186} INFO - Started process (PID=1450) to work on /home/airflow/.local/lib/python3.12/site-packages/airflow/example_dags/tutorial_dag.py
[2025-03-01T14:28:47.457+0000] {processor.py:914} INFO - Processing file /home/airflow/.local/lib/python3.12/site-packages/airflow/example_dags/tutorial_dag.py for tasks to queue
[2025-03-01T14:28:47.459+0000] {logging_mixin.py:190} INFO - [2025-03-01T14:28:47.459+0000] {dagbag.py:588} INFO - Filling up the DagBag from /home/airflow/.local/lib/python3.12/site-packages/airflow/example_dags/tutorial_dag.py
[2025-03-01T14:28:47.467+0000] {processor.py:925} INFO - DAG(s) 'tutorial_dag' retrieved from /home/airflow/.local/lib/python3.12/site-packages/airflow/example_dags/tutorial_dag.py
[2025-03-01T14:28:47.485+0000] {logging_mixin.py:190} INFO - [2025-03-01T14:28:47.485+0000] {dag.py:3239} INFO - Sync 1 DAGs
[2025-03-01T14:28:47.499+0000] {logging_mixin.py:190} INFO - [2025-03-01T14:28:47.499+0000] {dag.py:4180} INFO - Setting next_dagrun for tutorial_dag to None, run_after=None
[2025-03-01T14:28:47.515+0000] {processor.py:208} INFO - Processing /home/airflow/.local/lib/python3.12/site-packages/airflow/example_dags/tutorial_dag.py took 0.064 seconds
[2025-03-01T14:29:17.807+0000] {processor.py:186} INFO - Started process (PID=1514) to work on /home/airflow/.local/lib/python3.12/site-packages/airflow/example_dags/tutorial_dag.py
[2025-03-01T14:29:17.808+0000] {processor.py:914} INFO - Processing file /home/airflow/.local/lib/python3.12/site-packages/airflow/example_dags/tutorial_dag.py for tasks to queue
[2025-03-01T14:29:17.810+0000] {logging_mixin.py:190} INFO - [2025-03-01T14:29:17.810+0000] {dagbag.py:588} INFO - Filling up the DagBag from /home/airflow/.local/lib/python3.12/site-packages/airflow/example_dags/tutorial_dag.py
[2025-03-01T14:29:17.817+0000] {processor.py:925} INFO - DAG(s) 'tutorial_dag' retrieved from /home/airflow/.local/lib/python3.12/site-packages/airflow/example_dags/tutorial_dag.py
[2025-03-01T14:29:17.836+0000] {logging_mixin.py:190} INFO - [2025-03-01T14:29:17.836+0000] {dag.py:3239} INFO - Sync 1 DAGs
[2025-03-01T14:29:17.851+0000] {logging_mixin.py:190} INFO - [2025-03-01T14:29:17.851+0000] {dag.py:4180} INFO - Setting next_dagrun for tutorial_dag to None, run_after=None
[2025-03-01T14:29:17.876+0000] {processor.py:208} INFO - Processing /home/airflow/.local/lib/python3.12/site-packages/airflow/example_dags/tutorial_dag.py took 0.075 seconds
[2025-03-01T14:29:48.218+0000] {processor.py:186} INFO - Started process (PID=1577) to work on /home/airflow/.local/lib/python3.12/site-packages/airflow/example_dags/tutorial_dag.py
[2025-03-01T14:29:48.218+0000] {processor.py:914} INFO - Processing file /home/airflow/.local/lib/python3.12/site-packages/airflow/example_dags/tutorial_dag.py for tasks to queue
[2025-03-01T14:29:48.221+0000] {logging_mixin.py:190} INFO - [2025-03-01T14:29:48.221+0000] {dagbag.py:588} INFO - Filling up the DagBag from /home/airflow/.local/lib/python3.12/site-packages/airflow/example_dags/tutorial_dag.py
[2025-03-01T14:29:48.227+0000] {processor.py:925} INFO - DAG(s) 'tutorial_dag' retrieved from /home/airflow/.local/lib/python3.12/site-packages/airflow/example_dags/tutorial_dag.py
[2025-03-01T14:29:48.241+0000] {logging_mixin.py:190} INFO - [2025-03-01T14:29:48.241+0000] {dag.py:3239} INFO - Sync 1 DAGs
[2025-03-01T14:29:48.251+0000] {logging_mixin.py:190} INFO - [2025-03-01T14:29:48.251+0000] {dag.py:4180} INFO - Setting next_dagrun for tutorial_dag to None, run_after=None
[2025-03-01T14:29:48.262+0000] {processor.py:208} INFO - Processing /home/airflow/.local/lib/python3.12/site-packages/airflow/example_dags/tutorial_dag.py took 0.050 seconds
[2025-03-01T14:30:18.734+0000] {processor.py:186} INFO - Started process (PID=1640) to work on /home/airflow/.local/lib/python3.12/site-packages/airflow/example_dags/tutorial_dag.py
[2025-03-01T14:30:18.735+0000] {processor.py:914} INFO - Processing file /home/airflow/.local/lib/python3.12/site-packages/airflow/example_dags/tutorial_dag.py for tasks to queue
[2025-03-01T14:30:18.737+0000] {logging_mixin.py:190} INFO - [2025-03-01T14:30:18.737+0000] {dagbag.py:588} INFO - Filling up the DagBag from /home/airflow/.local/lib/python3.12/site-packages/airflow/example_dags/tutorial_dag.py
[2025-03-01T14:30:18.744+0000] {processor.py:925} INFO - DAG(s) 'tutorial_dag' retrieved from /home/airflow/.local/lib/python3.12/site-packages/airflow/example_dags/tutorial_dag.py
[2025-03-01T14:30:18.764+0000] {logging_mixin.py:190} INFO - [2025-03-01T14:30:18.764+0000] {dag.py:3239} INFO - Sync 1 DAGs
[2025-03-01T14:30:18.779+0000] {logging_mixin.py:190} INFO - [2025-03-01T14:30:18.779+0000] {dag.py:4180} INFO - Setting next_dagrun for tutorial_dag to None, run_after=None
[2025-03-01T14:30:18.796+0000] {processor.py:208} INFO - Processing /home/airflow/.local/lib/python3.12/site-packages/airflow/example_dags/tutorial_dag.py took 0.069 seconds
[2025-03-01T14:30:49.755+0000] {processor.py:186} INFO - Started process (PID=1703) to work on /home/airflow/.local/lib/python3.12/site-packages/airflow/example_dags/tutorial_dag.py
[2025-03-01T14:30:49.756+0000] {processor.py:914} INFO - Processing file /home/airflow/.local/lib/python3.12/site-packages/airflow/example_dags/tutorial_dag.py for tasks to queue
[2025-03-01T14:30:49.758+0000] {logging_mixin.py:190} INFO - [2025-03-01T14:30:49.757+0000] {dagbag.py:588} INFO - Filling up the DagBag from /home/airflow/.local/lib/python3.12/site-packages/airflow/example_dags/tutorial_dag.py
[2025-03-01T14:30:49.764+0000] {processor.py:925} INFO - DAG(s) 'tutorial_dag' retrieved from /home/airflow/.local/lib/python3.12/site-packages/airflow/example_dags/tutorial_dag.py
[2025-03-01T14:30:49.778+0000] {logging_mixin.py:190} INFO - [2025-03-01T14:30:49.778+0000] {dag.py:3239} INFO - Sync 1 DAGs
[2025-03-01T14:30:49.788+0000] {logging_mixin.py:190} INFO - [2025-03-01T14:30:49.788+0000] {dag.py:4180} INFO - Setting next_dagrun for tutorial_dag to None, run_after=None
[2025-03-01T14:30:49.801+0000] {processor.py:208} INFO - Processing /home/airflow/.local/lib/python3.12/site-packages/airflow/example_dags/tutorial_dag.py took 0.050 seconds
[2025-03-01T14:31:20.135+0000] {processor.py:186} INFO - Started process (PID=1767) to work on /home/airflow/.local/lib/python3.12/site-packages/airflow/example_dags/tutorial_dag.py
[2025-03-01T14:31:20.136+0000] {processor.py:914} INFO - Processing file /home/airflow/.local/lib/python3.12/site-packages/airflow/example_dags/tutorial_dag.py for tasks to queue
[2025-03-01T14:31:20.137+0000] {logging_mixin.py:190} INFO - [2025-03-01T14:31:20.137+0000] {dagbag.py:588} INFO - Filling up the DagBag from /home/airflow/.local/lib/python3.12/site-packages/airflow/example_dags/tutorial_dag.py
[2025-03-01T14:31:20.143+0000] {processor.py:925} INFO - DAG(s) 'tutorial_dag' retrieved from /home/airflow/.local/lib/python3.12/site-packages/airflow/example_dags/tutorial_dag.py
[2025-03-01T14:31:20.156+0000] {logging_mixin.py:190} INFO - [2025-03-01T14:31:20.156+0000] {dag.py:3239} INFO - Sync 1 DAGs
[2025-03-01T14:31:20.166+0000] {logging_mixin.py:190} INFO - [2025-03-01T14:31:20.166+0000] {dag.py:4180} INFO - Setting next_dagrun for tutorial_dag to None, run_after=None
[2025-03-01T14:31:20.178+0000] {processor.py:208} INFO - Processing /home/airflow/.local/lib/python3.12/site-packages/airflow/example_dags/tutorial_dag.py took 0.048 seconds
[2025-03-01T14:31:50.524+0000] {processor.py:186} INFO - Started process (PID=1830) to work on /home/airflow/.local/lib/python3.12/site-packages/airflow/example_dags/tutorial_dag.py
[2025-03-01T14:31:50.525+0000] {processor.py:914} INFO - Processing file /home/airflow/.local/lib/python3.12/site-packages/airflow/example_dags/tutorial_dag.py for tasks to queue
[2025-03-01T14:31:50.526+0000] {logging_mixin.py:190} INFO - [2025-03-01T14:31:50.526+0000] {dagbag.py:588} INFO - Filling up the DagBag from /home/airflow/.local/lib/python3.12/site-packages/airflow/example_dags/tutorial_dag.py
[2025-03-01T14:31:50.532+0000] {processor.py:925} INFO - DAG(s) 'tutorial_dag' retrieved from /home/airflow/.local/lib/python3.12/site-packages/airflow/example_dags/tutorial_dag.py
[2025-03-01T14:31:50.546+0000] {logging_mixin.py:190} INFO - [2025-03-01T14:31:50.546+0000] {dag.py:3239} INFO - Sync 1 DAGs
[2025-03-01T14:31:50.556+0000] {logging_mixin.py:190} INFO - [2025-03-01T14:31:50.556+0000] {dag.py:4180} INFO - Setting next_dagrun for tutorial_dag to None, run_after=None
[2025-03-01T14:31:50.568+0000] {processor.py:208} INFO - Processing /home/airflow/.local/lib/python3.12/site-packages/airflow/example_dags/tutorial_dag.py took 0.049 seconds
[2025-03-01T14:32:21.033+0000] {processor.py:186} INFO - Started process (PID=1893) to work on /home/airflow/.local/lib/python3.12/site-packages/airflow/example_dags/tutorial_dag.py
[2025-03-01T14:32:21.034+0000] {processor.py:914} INFO - Processing file /home/airflow/.local/lib/python3.12/site-packages/airflow/example_dags/tutorial_dag.py for tasks to queue
[2025-03-01T14:32:21.035+0000] {logging_mixin.py:190} INFO - [2025-03-01T14:32:21.035+0000] {dagbag.py:588} INFO - Filling up the DagBag from /home/airflow/.local/lib/python3.12/site-packages/airflow/example_dags/tutorial_dag.py
[2025-03-01T14:32:21.041+0000] {processor.py:925} INFO - DAG(s) 'tutorial_dag' retrieved from /home/airflow/.local/lib/python3.12/site-packages/airflow/example_dags/tutorial_dag.py
[2025-03-01T14:32:21.054+0000] {logging_mixin.py:190} INFO - [2025-03-01T14:32:21.054+0000] {dag.py:3239} INFO - Sync 1 DAGs
[2025-03-01T14:32:21.064+0000] {logging_mixin.py:190} INFO - [2025-03-01T14:32:21.064+0000] {dag.py:4180} INFO - Setting next_dagrun for tutorial_dag to None, run_after=None
[2025-03-01T14:32:21.076+0000] {processor.py:208} INFO - Processing /home/airflow/.local/lib/python3.12/site-packages/airflow/example_dags/tutorial_dag.py took 0.047 seconds
[2025-03-01T14:32:51.430+0000] {processor.py:186} INFO - Started process (PID=1956) to work on /home/airflow/.local/lib/python3.12/site-packages/airflow/example_dags/tutorial_dag.py
[2025-03-01T14:32:51.431+0000] {processor.py:914} INFO - Processing file /home/airflow/.local/lib/python3.12/site-packages/airflow/example_dags/tutorial_dag.py for tasks to queue
[2025-03-01T14:32:51.433+0000] {logging_mixin.py:190} INFO - [2025-03-01T14:32:51.432+0000] {dagbag.py:588} INFO - Filling up the DagBag from /home/airflow/.local/lib/python3.12/site-packages/airflow/example_dags/tutorial_dag.py
[2025-03-01T14:32:51.438+0000] {processor.py:925} INFO - DAG(s) 'tutorial_dag' retrieved from /home/airflow/.local/lib/python3.12/site-packages/airflow/example_dags/tutorial_dag.py
[2025-03-01T14:32:51.452+0000] {logging_mixin.py:190} INFO - [2025-03-01T14:32:51.452+0000] {dag.py:3239} INFO - Sync 1 DAGs
[2025-03-01T14:32:51.461+0000] {logging_mixin.py:190} INFO - [2025-03-01T14:32:51.461+0000] {dag.py:4180} INFO - Setting next_dagrun for tutorial_dag to None, run_after=None
[2025-03-01T14:32:51.473+0000] {processor.py:208} INFO - Processing /home/airflow/.local/lib/python3.12/site-packages/airflow/example_dags/tutorial_dag.py took 0.047 seconds
[2025-03-01T14:33:21.644+0000] {processor.py:186} INFO - Started process (PID=2019) to work on /home/airflow/.local/lib/python3.12/site-packages/airflow/example_dags/tutorial_dag.py
[2025-03-01T14:33:21.645+0000] {processor.py:914} INFO - Processing file /home/airflow/.local/lib/python3.12/site-packages/airflow/example_dags/tutorial_dag.py for tasks to queue
[2025-03-01T14:33:21.646+0000] {logging_mixin.py:190} INFO - [2025-03-01T14:33:21.646+0000] {dagbag.py:588} INFO - Filling up the DagBag from /home/airflow/.local/lib/python3.12/site-packages/airflow/example_dags/tutorial_dag.py
[2025-03-01T14:33:21.652+0000] {processor.py:925} INFO - DAG(s) 'tutorial_dag' retrieved from /home/airflow/.local/lib/python3.12/site-packages/airflow/example_dags/tutorial_dag.py
[2025-03-01T14:33:21.665+0000] {logging_mixin.py:190} INFO - [2025-03-01T14:33:21.665+0000] {dag.py:3239} INFO - Sync 1 DAGs
[2025-03-01T14:33:21.675+0000] {logging_mixin.py:190} INFO - [2025-03-01T14:33:21.675+0000] {dag.py:4180} INFO - Setting next_dagrun for tutorial_dag to None, run_after=None
[2025-03-01T14:33:21.688+0000] {processor.py:208} INFO - Processing /home/airflow/.local/lib/python3.12/site-packages/airflow/example_dags/tutorial_dag.py took 0.048 seconds
