[2025-03-01T14:17:28.959+0000] {processor.py:186} INFO - Started process (PID=71) to work on /home/airflow/.local/lib/python3.12/site-packages/airflow/example_dags/tutorial_taskflow_templates.py
[2025-03-01T14:17:28.960+0000] {processor.py:914} INFO - Processing file /home/airflow/.local/lib/python3.12/site-packages/airflow/example_dags/tutorial_taskflow_templates.py for tasks to queue
[2025-03-01T14:17:28.970+0000] {logging_mixin.py:190} INFO - [2025-03-01T14:17:28.970+0000] {dagbag.py:588} INFO - Filling up the DagBag from /home/airflow/.local/lib/python3.12/site-packages/airflow/example_dags/tutorial_taskflow_templates.py
[2025-03-01T14:17:29.034+0000] {processor.py:925} INFO - DAG(s) 'tutorial_taskflow_templates' retrieved from /home/airflow/.local/lib/python3.12/site-packages/airflow/example_dags/tutorial_taskflow_templates.py
[2025-03-01T14:17:29.584+0000] {logging_mixin.py:190} INFO - [2025-03-01T14:17:29.583+0000] {override.py:1912} INFO - Created Permission View: can edit on DAG:tutorial_taskflow_templates
[2025-03-01T14:17:29.631+0000] {logging_mixin.py:190} INFO - [2025-03-01T14:17:29.631+0000] {override.py:1912} INFO - Created Permission View: can read on DAG:tutorial_taskflow_templates
[2025-03-01T14:17:29.650+0000] {logging_mixin.py:190} INFO - [2025-03-01T14:17:29.650+0000] {override.py:1912} INFO - Created Permission View: can delete on DAG:tutorial_taskflow_templates
[2025-03-01T14:17:29.669+0000] {logging_mixin.py:190} INFO - [2025-03-01T14:17:29.669+0000] {override.py:1912} INFO - Created Permission View: menu access on DAG Run:tutorial_taskflow_templates
[2025-03-01T14:17:29.700+0000] {logging_mixin.py:190} INFO - [2025-03-01T14:17:29.699+0000] {override.py:1912} INFO - Created Permission View: can read on DAG Run:tutorial_taskflow_templates
[2025-03-01T14:17:29.729+0000] {logging_mixin.py:190} INFO - [2025-03-01T14:17:29.729+0000] {override.py:1912} INFO - Created Permission View: can create on DAG Run:tutorial_taskflow_templates
[2025-03-01T14:17:29.753+0000] {logging_mixin.py:190} INFO - [2025-03-01T14:17:29.753+0000] {override.py:1912} INFO - Created Permission View: can delete on DAG Run:tutorial_taskflow_templates
[2025-03-01T14:17:29.754+0000] {logging_mixin.py:190} INFO - [2025-03-01T14:17:29.754+0000] {dag.py:3239} INFO - Sync 1 DAGs
[2025-03-01T14:17:29.802+0000] {logging_mixin.py:190} INFO - [2025-03-01T14:17:29.802+0000] {dag.py:3262} INFO - Creating ORM DAG for tutorial_taskflow_templates
[2025-03-01T14:17:29.861+0000] {logging_mixin.py:190} INFO - [2025-03-01T14:17:29.860+0000] {dag.py:4180} INFO - Setting next_dagrun for tutorial_taskflow_templates to 2025-02-28 00:00:00+00:00, run_after=2025-03-01 00:00:00+00:00
[2025-03-01T14:17:29.934+0000] {processor.py:208} INFO - Processing /home/airflow/.local/lib/python3.12/site-packages/airflow/example_dags/tutorial_taskflow_templates.py took 1.001 seconds
[2025-03-01T14:18:00.505+0000] {processor.py:186} INFO - Started process (PID=134) to work on /home/airflow/.local/lib/python3.12/site-packages/airflow/example_dags/tutorial_taskflow_templates.py
[2025-03-01T14:18:00.506+0000] {processor.py:914} INFO - Processing file /home/airflow/.local/lib/python3.12/site-packages/airflow/example_dags/tutorial_taskflow_templates.py for tasks to queue
[2025-03-01T14:18:00.508+0000] {logging_mixin.py:190} INFO - [2025-03-01T14:18:00.508+0000] {dagbag.py:588} INFO - Filling up the DagBag from /home/airflow/.local/lib/python3.12/site-packages/airflow/example_dags/tutorial_taskflow_templates.py
[2025-03-01T14:18:00.523+0000] {processor.py:925} INFO - DAG(s) 'tutorial_taskflow_templates' retrieved from /home/airflow/.local/lib/python3.12/site-packages/airflow/example_dags/tutorial_taskflow_templates.py
[2025-03-01T14:18:00.544+0000] {logging_mixin.py:190} INFO - [2025-03-01T14:18:00.543+0000] {dag.py:3239} INFO - Sync 1 DAGs
[2025-03-01T14:18:00.570+0000] {logging_mixin.py:190} INFO - [2025-03-01T14:18:00.570+0000] {dag.py:4180} INFO - Setting next_dagrun for tutorial_taskflow_templates to 2025-02-28 00:00:00+00:00, run_after=2025-03-01 00:00:00+00:00
[2025-03-01T14:18:00.595+0000] {processor.py:208} INFO - Processing /home/airflow/.local/lib/python3.12/site-packages/airflow/example_dags/tutorial_taskflow_templates.py took 0.103 seconds
[2025-03-01T14:18:31.014+0000] {processor.py:186} INFO - Started process (PID=197) to work on /home/airflow/.local/lib/python3.12/site-packages/airflow/example_dags/tutorial_taskflow_templates.py
[2025-03-01T14:18:31.015+0000] {processor.py:914} INFO - Processing file /home/airflow/.local/lib/python3.12/site-packages/airflow/example_dags/tutorial_taskflow_templates.py for tasks to queue
[2025-03-01T14:18:31.017+0000] {logging_mixin.py:190} INFO - [2025-03-01T14:18:31.017+0000] {dagbag.py:588} INFO - Filling up the DagBag from /home/airflow/.local/lib/python3.12/site-packages/airflow/example_dags/tutorial_taskflow_templates.py
[2025-03-01T14:18:31.032+0000] {processor.py:925} INFO - DAG(s) 'tutorial_taskflow_templates' retrieved from /home/airflow/.local/lib/python3.12/site-packages/airflow/example_dags/tutorial_taskflow_templates.py
[2025-03-01T14:18:31.051+0000] {logging_mixin.py:190} INFO - [2025-03-01T14:18:31.050+0000] {dag.py:3239} INFO - Sync 1 DAGs
[2025-03-01T14:18:31.076+0000] {logging_mixin.py:190} INFO - [2025-03-01T14:18:31.076+0000] {dag.py:4180} INFO - Setting next_dagrun for tutorial_taskflow_templates to 2025-02-28 00:00:00+00:00, run_after=2025-03-01 00:00:00+00:00
[2025-03-01T14:18:31.095+0000] {processor.py:208} INFO - Processing /home/airflow/.local/lib/python3.12/site-packages/airflow/example_dags/tutorial_taskflow_templates.py took 0.086 seconds
[2025-03-01T14:19:01.278+0000] {processor.py:186} INFO - Started process (PID=259) to work on /home/airflow/.local/lib/python3.12/site-packages/airflow/example_dags/tutorial_taskflow_templates.py
[2025-03-01T14:19:01.279+0000] {processor.py:914} INFO - Processing file /home/airflow/.local/lib/python3.12/site-packages/airflow/example_dags/tutorial_taskflow_templates.py for tasks to queue
[2025-03-01T14:19:01.281+0000] {logging_mixin.py:190} INFO - [2025-03-01T14:19:01.281+0000] {dagbag.py:588} INFO - Filling up the DagBag from /home/airflow/.local/lib/python3.12/site-packages/airflow/example_dags/tutorial_taskflow_templates.py
[2025-03-01T14:19:01.295+0000] {processor.py:925} INFO - DAG(s) 'tutorial_taskflow_templates' retrieved from /home/airflow/.local/lib/python3.12/site-packages/airflow/example_dags/tutorial_taskflow_templates.py
[2025-03-01T14:19:01.315+0000] {logging_mixin.py:190} INFO - [2025-03-01T14:19:01.315+0000] {dag.py:3239} INFO - Sync 1 DAGs
[2025-03-01T14:19:01.341+0000] {logging_mixin.py:190} INFO - [2025-03-01T14:19:01.340+0000] {dag.py:4180} INFO - Setting next_dagrun for tutorial_taskflow_templates to 2025-02-28 00:00:00+00:00, run_after=2025-03-01 00:00:00+00:00
[2025-03-01T14:19:01.358+0000] {processor.py:208} INFO - Processing /home/airflow/.local/lib/python3.12/site-packages/airflow/example_dags/tutorial_taskflow_templates.py took 0.085 seconds
[2025-03-01T14:19:32.019+0000] {processor.py:186} INFO - Started process (PID=322) to work on /home/airflow/.local/lib/python3.12/site-packages/airflow/example_dags/tutorial_taskflow_templates.py
[2025-03-01T14:19:32.019+0000] {processor.py:914} INFO - Processing file /home/airflow/.local/lib/python3.12/site-packages/airflow/example_dags/tutorial_taskflow_templates.py for tasks to queue
[2025-03-01T14:19:32.021+0000] {logging_mixin.py:190} INFO - [2025-03-01T14:19:32.021+0000] {dagbag.py:588} INFO - Filling up the DagBag from /home/airflow/.local/lib/python3.12/site-packages/airflow/example_dags/tutorial_taskflow_templates.py
[2025-03-01T14:19:32.036+0000] {processor.py:925} INFO - DAG(s) 'tutorial_taskflow_templates' retrieved from /home/airflow/.local/lib/python3.12/site-packages/airflow/example_dags/tutorial_taskflow_templates.py
[2025-03-01T14:19:32.054+0000] {logging_mixin.py:190} INFO - [2025-03-01T14:19:32.054+0000] {dag.py:3239} INFO - Sync 1 DAGs
[2025-03-01T14:19:32.079+0000] {logging_mixin.py:190} INFO - [2025-03-01T14:19:32.079+0000] {dag.py:4180} INFO - Setting next_dagrun for tutorial_taskflow_templates to 2025-02-28 00:00:00+00:00, run_after=2025-03-01 00:00:00+00:00
[2025-03-01T14:19:32.095+0000] {processor.py:208} INFO - Processing /home/airflow/.local/lib/python3.12/site-packages/airflow/example_dags/tutorial_taskflow_templates.py took 0.083 seconds
[2025-03-01T14:20:02.504+0000] {processor.py:186} INFO - Started process (PID=385) to work on /home/airflow/.local/lib/python3.12/site-packages/airflow/example_dags/tutorial_taskflow_templates.py
[2025-03-01T14:20:02.505+0000] {processor.py:914} INFO - Processing file /home/airflow/.local/lib/python3.12/site-packages/airflow/example_dags/tutorial_taskflow_templates.py for tasks to queue
[2025-03-01T14:20:02.507+0000] {logging_mixin.py:190} INFO - [2025-03-01T14:20:02.506+0000] {dagbag.py:588} INFO - Filling up the DagBag from /home/airflow/.local/lib/python3.12/site-packages/airflow/example_dags/tutorial_taskflow_templates.py
[2025-03-01T14:20:02.520+0000] {processor.py:925} INFO - DAG(s) 'tutorial_taskflow_templates' retrieved from /home/airflow/.local/lib/python3.12/site-packages/airflow/example_dags/tutorial_taskflow_templates.py
[2025-03-01T14:20:02.541+0000] {logging_mixin.py:190} INFO - [2025-03-01T14:20:02.541+0000] {dag.py:3239} INFO - Sync 1 DAGs
[2025-03-01T14:20:02.569+0000] {logging_mixin.py:190} INFO - [2025-03-01T14:20:02.569+0000] {dag.py:4180} INFO - Setting next_dagrun for tutorial_taskflow_templates to 2025-02-28 00:00:00+00:00, run_after=2025-03-01 00:00:00+00:00
[2025-03-01T14:20:02.587+0000] {processor.py:208} INFO - Processing /home/airflow/.local/lib/python3.12/site-packages/airflow/example_dags/tutorial_taskflow_templates.py took 0.089 seconds
[2025-03-01T14:20:32.893+0000] {processor.py:186} INFO - Started process (PID=448) to work on /home/airflow/.local/lib/python3.12/site-packages/airflow/example_dags/tutorial_taskflow_templates.py
[2025-03-01T14:20:32.898+0000] {processor.py:914} INFO - Processing file /home/airflow/.local/lib/python3.12/site-packages/airflow/example_dags/tutorial_taskflow_templates.py for tasks to queue
[2025-03-01T14:20:32.901+0000] {logging_mixin.py:190} INFO - [2025-03-01T14:20:32.900+0000] {dagbag.py:588} INFO - Filling up the DagBag from /home/airflow/.local/lib/python3.12/site-packages/airflow/example_dags/tutorial_taskflow_templates.py
[2025-03-01T14:20:32.916+0000] {processor.py:925} INFO - DAG(s) 'tutorial_taskflow_templates' retrieved from /home/airflow/.local/lib/python3.12/site-packages/airflow/example_dags/tutorial_taskflow_templates.py
[2025-03-01T14:20:32.942+0000] {logging_mixin.py:190} INFO - [2025-03-01T14:20:32.942+0000] {dag.py:3239} INFO - Sync 1 DAGs
[2025-03-01T14:20:32.968+0000] {logging_mixin.py:190} INFO - [2025-03-01T14:20:32.968+0000] {dag.py:4180} INFO - Setting next_dagrun for tutorial_taskflow_templates to 2025-02-28 00:00:00+00:00, run_after=2025-03-01 00:00:00+00:00
[2025-03-01T14:20:32.984+0000] {processor.py:208} INFO - Processing /home/airflow/.local/lib/python3.12/site-packages/airflow/example_dags/tutorial_taskflow_templates.py took 0.103 seconds
[2025-03-01T14:21:04.008+0000] {processor.py:186} INFO - Started process (PID=511) to work on /home/airflow/.local/lib/python3.12/site-packages/airflow/example_dags/tutorial_taskflow_templates.py
[2025-03-01T14:21:04.014+0000] {processor.py:914} INFO - Processing file /home/airflow/.local/lib/python3.12/site-packages/airflow/example_dags/tutorial_taskflow_templates.py for tasks to queue
[2025-03-01T14:21:04.016+0000] {logging_mixin.py:190} INFO - [2025-03-01T14:21:04.016+0000] {dagbag.py:588} INFO - Filling up the DagBag from /home/airflow/.local/lib/python3.12/site-packages/airflow/example_dags/tutorial_taskflow_templates.py
[2025-03-01T14:21:04.056+0000] {processor.py:925} INFO - DAG(s) 'tutorial_taskflow_templates' retrieved from /home/airflow/.local/lib/python3.12/site-packages/airflow/example_dags/tutorial_taskflow_templates.py
[2025-03-01T14:21:04.123+0000] {logging_mixin.py:190} INFO - [2025-03-01T14:21:04.122+0000] {dag.py:3239} INFO - Sync 1 DAGs
[2025-03-01T14:21:04.200+0000] {logging_mixin.py:190} INFO - [2025-03-01T14:21:04.200+0000] {dag.py:4180} INFO - Setting next_dagrun for tutorial_taskflow_templates to 2025-02-28 00:00:00+00:00, run_after=2025-03-01 00:00:00+00:00
[2025-03-01T14:21:04.265+0000] {processor.py:208} INFO - Processing /home/airflow/.local/lib/python3.12/site-packages/airflow/example_dags/tutorial_taskflow_templates.py took 0.268 seconds
[2025-03-01T14:21:35.220+0000] {processor.py:186} INFO - Started process (PID=574) to work on /home/airflow/.local/lib/python3.12/site-packages/airflow/example_dags/tutorial_taskflow_templates.py
[2025-03-01T14:21:35.228+0000] {processor.py:914} INFO - Processing file /home/airflow/.local/lib/python3.12/site-packages/airflow/example_dags/tutorial_taskflow_templates.py for tasks to queue
[2025-03-01T14:21:35.230+0000] {logging_mixin.py:190} INFO - [2025-03-01T14:21:35.229+0000] {dagbag.py:588} INFO - Filling up the DagBag from /home/airflow/.local/lib/python3.12/site-packages/airflow/example_dags/tutorial_taskflow_templates.py
[2025-03-01T14:21:35.263+0000] {processor.py:925} INFO - DAG(s) 'tutorial_taskflow_templates' retrieved from /home/airflow/.local/lib/python3.12/site-packages/airflow/example_dags/tutorial_taskflow_templates.py
[2025-03-01T14:21:35.291+0000] {logging_mixin.py:190} INFO - [2025-03-01T14:21:35.291+0000] {dag.py:3239} INFO - Sync 1 DAGs
[2025-03-01T14:21:35.335+0000] {logging_mixin.py:190} INFO - [2025-03-01T14:21:35.335+0000] {dag.py:4180} INFO - Setting next_dagrun for tutorial_taskflow_templates to 2025-02-28 00:00:00+00:00, run_after=2025-03-01 00:00:00+00:00
[2025-03-01T14:21:35.382+0000] {processor.py:208} INFO - Processing /home/airflow/.local/lib/python3.12/site-packages/airflow/example_dags/tutorial_taskflow_templates.py took 0.168 seconds
[2025-03-01T14:22:06.119+0000] {processor.py:186} INFO - Started process (PID=637) to work on /home/airflow/.local/lib/python3.12/site-packages/airflow/example_dags/tutorial_taskflow_templates.py
[2025-03-01T14:22:06.121+0000] {processor.py:914} INFO - Processing file /home/airflow/.local/lib/python3.12/site-packages/airflow/example_dags/tutorial_taskflow_templates.py for tasks to queue
[2025-03-01T14:22:06.123+0000] {logging_mixin.py:190} INFO - [2025-03-01T14:22:06.123+0000] {dagbag.py:588} INFO - Filling up the DagBag from /home/airflow/.local/lib/python3.12/site-packages/airflow/example_dags/tutorial_taskflow_templates.py
[2025-03-01T14:22:06.137+0000] {processor.py:925} INFO - DAG(s) 'tutorial_taskflow_templates' retrieved from /home/airflow/.local/lib/python3.12/site-packages/airflow/example_dags/tutorial_taskflow_templates.py
[2025-03-01T14:22:06.157+0000] {logging_mixin.py:190} INFO - [2025-03-01T14:22:06.157+0000] {dag.py:3239} INFO - Sync 1 DAGs
[2025-03-01T14:22:06.185+0000] {logging_mixin.py:190} INFO - [2025-03-01T14:22:06.185+0000] {dag.py:4180} INFO - Setting next_dagrun for tutorial_taskflow_templates to 2025-02-28 00:00:00+00:00, run_after=2025-03-01 00:00:00+00:00
[2025-03-01T14:22:06.202+0000] {processor.py:208} INFO - Processing /home/airflow/.local/lib/python3.12/site-packages/airflow/example_dags/tutorial_taskflow_templates.py took 0.088 seconds
[2025-03-01T14:22:36.609+0000] {processor.py:186} INFO - Started process (PID=701) to work on /home/airflow/.local/lib/python3.12/site-packages/airflow/example_dags/tutorial_taskflow_templates.py
[2025-03-01T14:22:36.610+0000] {processor.py:914} INFO - Processing file /home/airflow/.local/lib/python3.12/site-packages/airflow/example_dags/tutorial_taskflow_templates.py for tasks to queue
[2025-03-01T14:22:36.612+0000] {logging_mixin.py:190} INFO - [2025-03-01T14:22:36.611+0000] {dagbag.py:588} INFO - Filling up the DagBag from /home/airflow/.local/lib/python3.12/site-packages/airflow/example_dags/tutorial_taskflow_templates.py
[2025-03-01T14:22:36.626+0000] {processor.py:925} INFO - DAG(s) 'tutorial_taskflow_templates' retrieved from /home/airflow/.local/lib/python3.12/site-packages/airflow/example_dags/tutorial_taskflow_templates.py
[2025-03-01T14:22:36.647+0000] {logging_mixin.py:190} INFO - [2025-03-01T14:22:36.647+0000] {dag.py:3239} INFO - Sync 1 DAGs
[2025-03-01T14:22:36.679+0000] {logging_mixin.py:190} INFO - [2025-03-01T14:22:36.679+0000] {dag.py:4180} INFO - Setting next_dagrun for tutorial_taskflow_templates to 2025-02-28 00:00:00+00:00, run_after=2025-03-01 00:00:00+00:00
[2025-03-01T14:22:36.701+0000] {processor.py:208} INFO - Processing /home/airflow/.local/lib/python3.12/site-packages/airflow/example_dags/tutorial_taskflow_templates.py took 0.098 seconds
[2025-03-01T14:23:07.240+0000] {processor.py:186} INFO - Started process (PID=765) to work on /home/airflow/.local/lib/python3.12/site-packages/airflow/example_dags/tutorial_taskflow_templates.py
[2025-03-01T14:23:07.240+0000] {processor.py:914} INFO - Processing file /home/airflow/.local/lib/python3.12/site-packages/airflow/example_dags/tutorial_taskflow_templates.py for tasks to queue
[2025-03-01T14:23:07.243+0000] {logging_mixin.py:190} INFO - [2025-03-01T14:23:07.242+0000] {dagbag.py:588} INFO - Filling up the DagBag from /home/airflow/.local/lib/python3.12/site-packages/airflow/example_dags/tutorial_taskflow_templates.py
[2025-03-01T14:23:07.256+0000] {processor.py:925} INFO - DAG(s) 'tutorial_taskflow_templates' retrieved from /home/airflow/.local/lib/python3.12/site-packages/airflow/example_dags/tutorial_taskflow_templates.py
[2025-03-01T14:23:07.276+0000] {logging_mixin.py:190} INFO - [2025-03-01T14:23:07.276+0000] {dag.py:3239} INFO - Sync 1 DAGs
[2025-03-01T14:23:07.301+0000] {logging_mixin.py:190} INFO - [2025-03-01T14:23:07.300+0000] {dag.py:4180} INFO - Setting next_dagrun for tutorial_taskflow_templates to 2025-02-28 00:00:00+00:00, run_after=2025-03-01 00:00:00+00:00
[2025-03-01T14:23:07.316+0000] {processor.py:208} INFO - Processing /home/airflow/.local/lib/python3.12/site-packages/airflow/example_dags/tutorial_taskflow_templates.py took 0.082 seconds
[2025-03-01T14:23:37.830+0000] {processor.py:186} INFO - Started process (PID=828) to work on /home/airflow/.local/lib/python3.12/site-packages/airflow/example_dags/tutorial_taskflow_templates.py
[2025-03-01T14:23:37.831+0000] {processor.py:914} INFO - Processing file /home/airflow/.local/lib/python3.12/site-packages/airflow/example_dags/tutorial_taskflow_templates.py for tasks to queue
[2025-03-01T14:23:37.833+0000] {logging_mixin.py:190} INFO - [2025-03-01T14:23:37.833+0000] {dagbag.py:588} INFO - Filling up the DagBag from /home/airflow/.local/lib/python3.12/site-packages/airflow/example_dags/tutorial_taskflow_templates.py
[2025-03-01T14:23:37.847+0000] {processor.py:925} INFO - DAG(s) 'tutorial_taskflow_templates' retrieved from /home/airflow/.local/lib/python3.12/site-packages/airflow/example_dags/tutorial_taskflow_templates.py
[2025-03-01T14:23:37.867+0000] {logging_mixin.py:190} INFO - [2025-03-01T14:23:37.866+0000] {dag.py:3239} INFO - Sync 1 DAGs
[2025-03-01T14:23:37.892+0000] {logging_mixin.py:190} INFO - [2025-03-01T14:23:37.891+0000] {dag.py:4180} INFO - Setting next_dagrun for tutorial_taskflow_templates to 2025-02-28 00:00:00+00:00, run_after=2025-03-01 00:00:00+00:00
[2025-03-01T14:23:37.918+0000] {processor.py:208} INFO - Processing /home/airflow/.local/lib/python3.12/site-packages/airflow/example_dags/tutorial_taskflow_templates.py took 0.093 seconds
[2025-03-01T14:24:08.612+0000] {processor.py:186} INFO - Started process (PID=879) to work on /home/airflow/.local/lib/python3.12/site-packages/airflow/example_dags/tutorial_taskflow_templates.py
[2025-03-01T14:24:08.617+0000] {processor.py:914} INFO - Processing file /home/airflow/.local/lib/python3.12/site-packages/airflow/example_dags/tutorial_taskflow_templates.py for tasks to queue
[2025-03-01T14:24:08.619+0000] {logging_mixin.py:190} INFO - [2025-03-01T14:24:08.619+0000] {dagbag.py:588} INFO - Filling up the DagBag from /home/airflow/.local/lib/python3.12/site-packages/airflow/example_dags/tutorial_taskflow_templates.py
[2025-03-01T14:24:08.644+0000] {processor.py:925} INFO - DAG(s) 'tutorial_taskflow_templates' retrieved from /home/airflow/.local/lib/python3.12/site-packages/airflow/example_dags/tutorial_taskflow_templates.py
[2025-03-01T14:24:08.706+0000] {logging_mixin.py:190} INFO - [2025-03-01T14:24:08.706+0000] {dag.py:3239} INFO - Sync 1 DAGs
[2025-03-01T14:24:08.732+0000] {logging_mixin.py:190} INFO - [2025-03-01T14:24:08.732+0000] {dag.py:4180} INFO - Setting next_dagrun for tutorial_taskflow_templates to 2025-02-28 00:00:00+00:00, run_after=2025-03-01 00:00:00+00:00
[2025-03-01T14:24:08.747+0000] {processor.py:208} INFO - Processing /home/airflow/.local/lib/python3.12/site-packages/airflow/example_dags/tutorial_taskflow_templates.py took 0.144 seconds
[2025-03-01T14:24:38.877+0000] {processor.py:186} INFO - Started process (PID=936) to work on /home/airflow/.local/lib/python3.12/site-packages/airflow/example_dags/tutorial_taskflow_templates.py
[2025-03-01T14:24:38.878+0000] {processor.py:914} INFO - Processing file /home/airflow/.local/lib/python3.12/site-packages/airflow/example_dags/tutorial_taskflow_templates.py for tasks to queue
[2025-03-01T14:24:38.880+0000] {logging_mixin.py:190} INFO - [2025-03-01T14:24:38.879+0000] {dagbag.py:588} INFO - Filling up the DagBag from /home/airflow/.local/lib/python3.12/site-packages/airflow/example_dags/tutorial_taskflow_templates.py
[2025-03-01T14:24:38.893+0000] {processor.py:925} INFO - DAG(s) 'tutorial_taskflow_templates' retrieved from /home/airflow/.local/lib/python3.12/site-packages/airflow/example_dags/tutorial_taskflow_templates.py
[2025-03-01T14:24:38.948+0000] {logging_mixin.py:190} INFO - [2025-03-01T14:24:38.948+0000] {dag.py:3239} INFO - Sync 1 DAGs
[2025-03-01T14:24:38.974+0000] {logging_mixin.py:190} INFO - [2025-03-01T14:24:38.974+0000] {dag.py:4180} INFO - Setting next_dagrun for tutorial_taskflow_templates to 2025-02-28 00:00:00+00:00, run_after=2025-03-01 00:00:00+00:00
[2025-03-01T14:24:38.993+0000] {processor.py:208} INFO - Processing /home/airflow/.local/lib/python3.12/site-packages/airflow/example_dags/tutorial_taskflow_templates.py took 0.121 seconds
[2025-03-01T14:25:09.165+0000] {processor.py:186} INFO - Started process (PID=999) to work on /home/airflow/.local/lib/python3.12/site-packages/airflow/example_dags/tutorial_taskflow_templates.py
[2025-03-01T14:25:09.166+0000] {processor.py:914} INFO - Processing file /home/airflow/.local/lib/python3.12/site-packages/airflow/example_dags/tutorial_taskflow_templates.py for tasks to queue
[2025-03-01T14:25:09.168+0000] {logging_mixin.py:190} INFO - [2025-03-01T14:25:09.167+0000] {dagbag.py:588} INFO - Filling up the DagBag from /home/airflow/.local/lib/python3.12/site-packages/airflow/example_dags/tutorial_taskflow_templates.py
[2025-03-01T14:25:09.181+0000] {processor.py:925} INFO - DAG(s) 'tutorial_taskflow_templates' retrieved from /home/airflow/.local/lib/python3.12/site-packages/airflow/example_dags/tutorial_taskflow_templates.py
[2025-03-01T14:25:09.200+0000] {logging_mixin.py:190} INFO - [2025-03-01T14:25:09.199+0000] {dag.py:3239} INFO - Sync 1 DAGs
[2025-03-01T14:25:09.228+0000] {logging_mixin.py:190} INFO - [2025-03-01T14:25:09.228+0000] {dag.py:4180} INFO - Setting next_dagrun for tutorial_taskflow_templates to 2025-02-28 00:00:00+00:00, run_after=2025-03-01 00:00:00+00:00
[2025-03-01T14:25:09.247+0000] {processor.py:208} INFO - Processing /home/airflow/.local/lib/python3.12/site-packages/airflow/example_dags/tutorial_taskflow_templates.py took 0.091 seconds
[2025-03-01T14:25:39.377+0000] {processor.py:186} INFO - Started process (PID=1062) to work on /home/airflow/.local/lib/python3.12/site-packages/airflow/example_dags/tutorial_taskflow_templates.py
[2025-03-01T14:25:39.378+0000] {processor.py:914} INFO - Processing file /home/airflow/.local/lib/python3.12/site-packages/airflow/example_dags/tutorial_taskflow_templates.py for tasks to queue
[2025-03-01T14:25:39.380+0000] {logging_mixin.py:190} INFO - [2025-03-01T14:25:39.380+0000] {dagbag.py:588} INFO - Filling up the DagBag from /home/airflow/.local/lib/python3.12/site-packages/airflow/example_dags/tutorial_taskflow_templates.py
[2025-03-01T14:25:39.402+0000] {processor.py:925} INFO - DAG(s) 'tutorial_taskflow_templates' retrieved from /home/airflow/.local/lib/python3.12/site-packages/airflow/example_dags/tutorial_taskflow_templates.py
[2025-03-01T14:25:39.420+0000] {logging_mixin.py:190} INFO - [2025-03-01T14:25:39.420+0000] {dag.py:3239} INFO - Sync 1 DAGs
[2025-03-01T14:25:39.446+0000] {logging_mixin.py:190} INFO - [2025-03-01T14:25:39.446+0000] {dag.py:4180} INFO - Setting next_dagrun for tutorial_taskflow_templates to 2025-02-28 00:00:00+00:00, run_after=2025-03-01 00:00:00+00:00
[2025-03-01T14:25:39.463+0000] {processor.py:208} INFO - Processing /home/airflow/.local/lib/python3.12/site-packages/airflow/example_dags/tutorial_taskflow_templates.py took 0.109 seconds
[2025-03-01T14:26:10.165+0000] {processor.py:186} INFO - Started process (PID=1124) to work on /home/airflow/.local/lib/python3.12/site-packages/airflow/example_dags/tutorial_taskflow_templates.py
[2025-03-01T14:26:10.166+0000] {processor.py:914} INFO - Processing file /home/airflow/.local/lib/python3.12/site-packages/airflow/example_dags/tutorial_taskflow_templates.py for tasks to queue
[2025-03-01T14:26:10.168+0000] {logging_mixin.py:190} INFO - [2025-03-01T14:26:10.168+0000] {dagbag.py:588} INFO - Filling up the DagBag from /home/airflow/.local/lib/python3.12/site-packages/airflow/example_dags/tutorial_taskflow_templates.py
[2025-03-01T14:26:10.182+0000] {processor.py:925} INFO - DAG(s) 'tutorial_taskflow_templates' retrieved from /home/airflow/.local/lib/python3.12/site-packages/airflow/example_dags/tutorial_taskflow_templates.py
[2025-03-01T14:26:10.205+0000] {logging_mixin.py:190} INFO - [2025-03-01T14:26:10.205+0000] {dag.py:3239} INFO - Sync 1 DAGs
[2025-03-01T14:26:10.242+0000] {logging_mixin.py:190} INFO - [2025-03-01T14:26:10.242+0000] {dag.py:4180} INFO - Setting next_dagrun for tutorial_taskflow_templates to 2025-02-28 00:00:00+00:00, run_after=2025-03-01 00:00:00+00:00
[2025-03-01T14:26:10.258+0000] {processor.py:208} INFO - Processing /home/airflow/.local/lib/python3.12/site-packages/airflow/example_dags/tutorial_taskflow_templates.py took 0.099 seconds
[2025-03-01T14:26:40.740+0000] {processor.py:186} INFO - Started process (PID=1188) to work on /home/airflow/.local/lib/python3.12/site-packages/airflow/example_dags/tutorial_taskflow_templates.py
[2025-03-01T14:26:40.752+0000] {processor.py:914} INFO - Processing file /home/airflow/.local/lib/python3.12/site-packages/airflow/example_dags/tutorial_taskflow_templates.py for tasks to queue
[2025-03-01T14:26:40.758+0000] {logging_mixin.py:190} INFO - [2025-03-01T14:26:40.757+0000] {dagbag.py:588} INFO - Filling up the DagBag from /home/airflow/.local/lib/python3.12/site-packages/airflow/example_dags/tutorial_taskflow_templates.py
[2025-03-01T14:26:40.797+0000] {processor.py:925} INFO - DAG(s) 'tutorial_taskflow_templates' retrieved from /home/airflow/.local/lib/python3.12/site-packages/airflow/example_dags/tutorial_taskflow_templates.py
[2025-03-01T14:26:40.819+0000] {logging_mixin.py:190} INFO - [2025-03-01T14:26:40.819+0000] {dag.py:3239} INFO - Sync 1 DAGs
[2025-03-01T14:26:40.844+0000] {logging_mixin.py:190} INFO - [2025-03-01T14:26:40.844+0000] {dag.py:4180} INFO - Setting next_dagrun for tutorial_taskflow_templates to 2025-02-28 00:00:00+00:00, run_after=2025-03-01 00:00:00+00:00
[2025-03-01T14:26:40.861+0000] {processor.py:208} INFO - Processing /home/airflow/.local/lib/python3.12/site-packages/airflow/example_dags/tutorial_taskflow_templates.py took 0.153 seconds
[2025-03-01T14:27:11.410+0000] {processor.py:186} INFO - Started process (PID=1251) to work on /home/airflow/.local/lib/python3.12/site-packages/airflow/example_dags/tutorial_taskflow_templates.py
[2025-03-01T14:27:11.410+0000] {processor.py:914} INFO - Processing file /home/airflow/.local/lib/python3.12/site-packages/airflow/example_dags/tutorial_taskflow_templates.py for tasks to queue
[2025-03-01T14:27:11.413+0000] {logging_mixin.py:190} INFO - [2025-03-01T14:27:11.412+0000] {dagbag.py:588} INFO - Filling up the DagBag from /home/airflow/.local/lib/python3.12/site-packages/airflow/example_dags/tutorial_taskflow_templates.py
[2025-03-01T14:27:11.426+0000] {processor.py:925} INFO - DAG(s) 'tutorial_taskflow_templates' retrieved from /home/airflow/.local/lib/python3.12/site-packages/airflow/example_dags/tutorial_taskflow_templates.py
[2025-03-01T14:27:11.445+0000] {logging_mixin.py:190} INFO - [2025-03-01T14:27:11.445+0000] {dag.py:3239} INFO - Sync 1 DAGs
[2025-03-01T14:27:11.473+0000] {logging_mixin.py:190} INFO - [2025-03-01T14:27:11.473+0000] {dag.py:4180} INFO - Setting next_dagrun for tutorial_taskflow_templates to 2025-02-28 00:00:00+00:00, run_after=2025-03-01 00:00:00+00:00
[2025-03-01T14:27:11.496+0000] {processor.py:208} INFO - Processing /home/airflow/.local/lib/python3.12/site-packages/airflow/example_dags/tutorial_taskflow_templates.py took 0.092 seconds
[2025-03-01T14:27:41.983+0000] {processor.py:186} INFO - Started process (PID=1314) to work on /home/airflow/.local/lib/python3.12/site-packages/airflow/example_dags/tutorial_taskflow_templates.py
[2025-03-01T14:27:41.984+0000] {processor.py:914} INFO - Processing file /home/airflow/.local/lib/python3.12/site-packages/airflow/example_dags/tutorial_taskflow_templates.py for tasks to queue
[2025-03-01T14:27:41.986+0000] {logging_mixin.py:190} INFO - [2025-03-01T14:27:41.986+0000] {dagbag.py:588} INFO - Filling up the DagBag from /home/airflow/.local/lib/python3.12/site-packages/airflow/example_dags/tutorial_taskflow_templates.py
[2025-03-01T14:27:41.999+0000] {processor.py:925} INFO - DAG(s) 'tutorial_taskflow_templates' retrieved from /home/airflow/.local/lib/python3.12/site-packages/airflow/example_dags/tutorial_taskflow_templates.py
[2025-03-01T14:27:42.019+0000] {logging_mixin.py:190} INFO - [2025-03-01T14:27:42.019+0000] {dag.py:3239} INFO - Sync 1 DAGs
[2025-03-01T14:27:42.044+0000] {logging_mixin.py:190} INFO - [2025-03-01T14:27:42.044+0000] {dag.py:4180} INFO - Setting next_dagrun for tutorial_taskflow_templates to 2025-02-28 00:00:00+00:00, run_after=2025-03-01 00:00:00+00:00
[2025-03-01T14:27:42.065+0000] {processor.py:208} INFO - Processing /home/airflow/.local/lib/python3.12/site-packages/airflow/example_dags/tutorial_taskflow_templates.py took 0.087 seconds
[2025-03-01T14:28:12.135+0000] {processor.py:186} INFO - Started process (PID=1377) to work on /home/airflow/.local/lib/python3.12/site-packages/airflow/example_dags/tutorial_taskflow_templates.py
[2025-03-01T14:28:12.136+0000] {processor.py:914} INFO - Processing file /home/airflow/.local/lib/python3.12/site-packages/airflow/example_dags/tutorial_taskflow_templates.py for tasks to queue
[2025-03-01T14:28:12.139+0000] {logging_mixin.py:190} INFO - [2025-03-01T14:28:12.139+0000] {dagbag.py:588} INFO - Filling up the DagBag from /home/airflow/.local/lib/python3.12/site-packages/airflow/example_dags/tutorial_taskflow_templates.py
[2025-03-01T14:28:12.154+0000] {processor.py:925} INFO - DAG(s) 'tutorial_taskflow_templates' retrieved from /home/airflow/.local/lib/python3.12/site-packages/airflow/example_dags/tutorial_taskflow_templates.py
[2025-03-01T14:28:12.174+0000] {logging_mixin.py:190} INFO - [2025-03-01T14:28:12.174+0000] {dag.py:3239} INFO - Sync 1 DAGs
[2025-03-01T14:28:12.204+0000] {logging_mixin.py:190} INFO - [2025-03-01T14:28:12.204+0000] {dag.py:4180} INFO - Setting next_dagrun for tutorial_taskflow_templates to 2025-02-28 00:00:00+00:00, run_after=2025-03-01 00:00:00+00:00
[2025-03-01T14:28:12.240+0000] {processor.py:208} INFO - Processing /home/airflow/.local/lib/python3.12/site-packages/airflow/example_dags/tutorial_taskflow_templates.py took 0.112 seconds
[2025-03-01T14:28:42.678+0000] {processor.py:186} INFO - Started process (PID=1440) to work on /home/airflow/.local/lib/python3.12/site-packages/airflow/example_dags/tutorial_taskflow_templates.py
[2025-03-01T14:28:42.679+0000] {processor.py:914} INFO - Processing file /home/airflow/.local/lib/python3.12/site-packages/airflow/example_dags/tutorial_taskflow_templates.py for tasks to queue
[2025-03-01T14:28:42.682+0000] {logging_mixin.py:190} INFO - [2025-03-01T14:28:42.681+0000] {dagbag.py:588} INFO - Filling up the DagBag from /home/airflow/.local/lib/python3.12/site-packages/airflow/example_dags/tutorial_taskflow_templates.py
[2025-03-01T14:28:42.710+0000] {processor.py:925} INFO - DAG(s) 'tutorial_taskflow_templates' retrieved from /home/airflow/.local/lib/python3.12/site-packages/airflow/example_dags/tutorial_taskflow_templates.py
[2025-03-01T14:28:42.759+0000] {logging_mixin.py:190} INFO - [2025-03-01T14:28:42.758+0000] {dag.py:3239} INFO - Sync 1 DAGs
[2025-03-01T14:28:42.827+0000] {logging_mixin.py:190} INFO - [2025-03-01T14:28:42.827+0000] {dag.py:4180} INFO - Setting next_dagrun for tutorial_taskflow_templates to 2025-02-28 00:00:00+00:00, run_after=2025-03-01 00:00:00+00:00
[2025-03-01T14:28:42.889+0000] {processor.py:208} INFO - Processing /home/airflow/.local/lib/python3.12/site-packages/airflow/example_dags/tutorial_taskflow_templates.py took 0.228 seconds
[2025-03-01T14:29:13.128+0000] {processor.py:186} INFO - Started process (PID=1504) to work on /home/airflow/.local/lib/python3.12/site-packages/airflow/example_dags/tutorial_taskflow_templates.py
[2025-03-01T14:29:13.129+0000] {processor.py:914} INFO - Processing file /home/airflow/.local/lib/python3.12/site-packages/airflow/example_dags/tutorial_taskflow_templates.py for tasks to queue
[2025-03-01T14:29:13.131+0000] {logging_mixin.py:190} INFO - [2025-03-01T14:29:13.131+0000] {dagbag.py:588} INFO - Filling up the DagBag from /home/airflow/.local/lib/python3.12/site-packages/airflow/example_dags/tutorial_taskflow_templates.py
[2025-03-01T14:29:13.145+0000] {processor.py:925} INFO - DAG(s) 'tutorial_taskflow_templates' retrieved from /home/airflow/.local/lib/python3.12/site-packages/airflow/example_dags/tutorial_taskflow_templates.py
[2025-03-01T14:29:13.179+0000] {logging_mixin.py:190} INFO - [2025-03-01T14:29:13.178+0000] {dag.py:3239} INFO - Sync 1 DAGs
[2025-03-01T14:29:13.224+0000] {logging_mixin.py:190} INFO - [2025-03-01T14:29:13.223+0000] {dag.py:4180} INFO - Setting next_dagrun for tutorial_taskflow_templates to 2025-02-28 00:00:00+00:00, run_after=2025-03-01 00:00:00+00:00
[2025-03-01T14:29:13.255+0000] {processor.py:208} INFO - Processing /home/airflow/.local/lib/python3.12/site-packages/airflow/example_dags/tutorial_taskflow_templates.py took 0.132 seconds
[2025-03-01T14:29:43.444+0000] {processor.py:186} INFO - Started process (PID=1567) to work on /home/airflow/.local/lib/python3.12/site-packages/airflow/example_dags/tutorial_taskflow_templates.py
[2025-03-01T14:29:43.445+0000] {processor.py:914} INFO - Processing file /home/airflow/.local/lib/python3.12/site-packages/airflow/example_dags/tutorial_taskflow_templates.py for tasks to queue
[2025-03-01T14:29:43.447+0000] {logging_mixin.py:190} INFO - [2025-03-01T14:29:43.447+0000] {dagbag.py:588} INFO - Filling up the DagBag from /home/airflow/.local/lib/python3.12/site-packages/airflow/example_dags/tutorial_taskflow_templates.py
[2025-03-01T14:29:43.460+0000] {processor.py:925} INFO - DAG(s) 'tutorial_taskflow_templates' retrieved from /home/airflow/.local/lib/python3.12/site-packages/airflow/example_dags/tutorial_taskflow_templates.py
[2025-03-01T14:29:43.480+0000] {logging_mixin.py:190} INFO - [2025-03-01T14:29:43.480+0000] {dag.py:3239} INFO - Sync 1 DAGs
[2025-03-01T14:29:43.506+0000] {logging_mixin.py:190} INFO - [2025-03-01T14:29:43.506+0000] {dag.py:4180} INFO - Setting next_dagrun for tutorial_taskflow_templates to 2025-02-28 00:00:00+00:00, run_after=2025-03-01 00:00:00+00:00
[2025-03-01T14:29:43.547+0000] {processor.py:208} INFO - Processing /home/airflow/.local/lib/python3.12/site-packages/airflow/example_dags/tutorial_taskflow_templates.py took 0.108 seconds
[2025-03-01T14:30:13.904+0000] {processor.py:186} INFO - Started process (PID=1630) to work on /home/airflow/.local/lib/python3.12/site-packages/airflow/example_dags/tutorial_taskflow_templates.py
[2025-03-01T14:30:13.905+0000] {processor.py:914} INFO - Processing file /home/airflow/.local/lib/python3.12/site-packages/airflow/example_dags/tutorial_taskflow_templates.py for tasks to queue
[2025-03-01T14:30:13.907+0000] {logging_mixin.py:190} INFO - [2025-03-01T14:30:13.906+0000] {dagbag.py:588} INFO - Filling up the DagBag from /home/airflow/.local/lib/python3.12/site-packages/airflow/example_dags/tutorial_taskflow_templates.py
[2025-03-01T14:30:13.920+0000] {processor.py:925} INFO - DAG(s) 'tutorial_taskflow_templates' retrieved from /home/airflow/.local/lib/python3.12/site-packages/airflow/example_dags/tutorial_taskflow_templates.py
[2025-03-01T14:30:13.948+0000] {logging_mixin.py:190} INFO - [2025-03-01T14:30:13.947+0000] {dag.py:3239} INFO - Sync 1 DAGs
[2025-03-01T14:30:13.987+0000] {logging_mixin.py:190} INFO - [2025-03-01T14:30:13.987+0000] {dag.py:4180} INFO - Setting next_dagrun for tutorial_taskflow_templates to 2025-02-28 00:00:00+00:00, run_after=2025-03-01 00:00:00+00:00
[2025-03-01T14:30:14.047+0000] {processor.py:208} INFO - Processing /home/airflow/.local/lib/python3.12/site-packages/airflow/example_dags/tutorial_taskflow_templates.py took 0.149 seconds
[2025-03-01T14:30:44.263+0000] {processor.py:186} INFO - Started process (PID=1693) to work on /home/airflow/.local/lib/python3.12/site-packages/airflow/example_dags/tutorial_taskflow_templates.py
[2025-03-01T14:30:44.264+0000] {processor.py:914} INFO - Processing file /home/airflow/.local/lib/python3.12/site-packages/airflow/example_dags/tutorial_taskflow_templates.py for tasks to queue
[2025-03-01T14:30:44.266+0000] {logging_mixin.py:190} INFO - [2025-03-01T14:30:44.266+0000] {dagbag.py:588} INFO - Filling up the DagBag from /home/airflow/.local/lib/python3.12/site-packages/airflow/example_dags/tutorial_taskflow_templates.py
[2025-03-01T14:30:44.280+0000] {processor.py:925} INFO - DAG(s) 'tutorial_taskflow_templates' retrieved from /home/airflow/.local/lib/python3.12/site-packages/airflow/example_dags/tutorial_taskflow_templates.py
[2025-03-01T14:30:44.299+0000] {logging_mixin.py:190} INFO - [2025-03-01T14:30:44.299+0000] {dag.py:3239} INFO - Sync 1 DAGs
[2025-03-01T14:30:44.328+0000] {logging_mixin.py:190} INFO - [2025-03-01T14:30:44.328+0000] {dag.py:4180} INFO - Setting next_dagrun for tutorial_taskflow_templates to 2025-02-28 00:00:00+00:00, run_after=2025-03-01 00:00:00+00:00
[2025-03-01T14:30:44.345+0000] {processor.py:208} INFO - Processing /home/airflow/.local/lib/python3.12/site-packages/airflow/example_dags/tutorial_taskflow_templates.py took 0.087 seconds
[2025-03-01T14:31:14.690+0000] {processor.py:186} INFO - Started process (PID=1757) to work on /home/airflow/.local/lib/python3.12/site-packages/airflow/example_dags/tutorial_taskflow_templates.py
[2025-03-01T14:31:14.691+0000] {processor.py:914} INFO - Processing file /home/airflow/.local/lib/python3.12/site-packages/airflow/example_dags/tutorial_taskflow_templates.py for tasks to queue
[2025-03-01T14:31:14.693+0000] {logging_mixin.py:190} INFO - [2025-03-01T14:31:14.693+0000] {dagbag.py:588} INFO - Filling up the DagBag from /home/airflow/.local/lib/python3.12/site-packages/airflow/example_dags/tutorial_taskflow_templates.py
[2025-03-01T14:31:14.708+0000] {processor.py:925} INFO - DAG(s) 'tutorial_taskflow_templates' retrieved from /home/airflow/.local/lib/python3.12/site-packages/airflow/example_dags/tutorial_taskflow_templates.py
[2025-03-01T14:31:14.728+0000] {logging_mixin.py:190} INFO - [2025-03-01T14:31:14.728+0000] {dag.py:3239} INFO - Sync 1 DAGs
[2025-03-01T14:31:14.753+0000] {logging_mixin.py:190} INFO - [2025-03-01T14:31:14.753+0000] {dag.py:4180} INFO - Setting next_dagrun for tutorial_taskflow_templates to 2025-02-28 00:00:00+00:00, run_after=2025-03-01 00:00:00+00:00
[2025-03-01T14:31:14.770+0000] {processor.py:208} INFO - Processing /home/airflow/.local/lib/python3.12/site-packages/airflow/example_dags/tutorial_taskflow_templates.py took 0.085 seconds
[2025-03-01T14:31:45.016+0000] {processor.py:186} INFO - Started process (PID=1820) to work on /home/airflow/.local/lib/python3.12/site-packages/airflow/example_dags/tutorial_taskflow_templates.py
[2025-03-01T14:31:45.017+0000] {processor.py:914} INFO - Processing file /home/airflow/.local/lib/python3.12/site-packages/airflow/example_dags/tutorial_taskflow_templates.py for tasks to queue
[2025-03-01T14:31:45.019+0000] {logging_mixin.py:190} INFO - [2025-03-01T14:31:45.019+0000] {dagbag.py:588} INFO - Filling up the DagBag from /home/airflow/.local/lib/python3.12/site-packages/airflow/example_dags/tutorial_taskflow_templates.py
[2025-03-01T14:31:45.033+0000] {processor.py:925} INFO - DAG(s) 'tutorial_taskflow_templates' retrieved from /home/airflow/.local/lib/python3.12/site-packages/airflow/example_dags/tutorial_taskflow_templates.py
[2025-03-01T14:31:45.053+0000] {logging_mixin.py:190} INFO - [2025-03-01T14:31:45.053+0000] {dag.py:3239} INFO - Sync 1 DAGs
[2025-03-01T14:31:45.079+0000] {logging_mixin.py:190} INFO - [2025-03-01T14:31:45.079+0000] {dag.py:4180} INFO - Setting next_dagrun for tutorial_taskflow_templates to 2025-02-28 00:00:00+00:00, run_after=2025-03-01 00:00:00+00:00
[2025-03-01T14:31:45.095+0000] {processor.py:208} INFO - Processing /home/airflow/.local/lib/python3.12/site-packages/airflow/example_dags/tutorial_taskflow_templates.py took 0.084 seconds
[2025-03-01T14:32:15.286+0000] {processor.py:186} INFO - Started process (PID=1883) to work on /home/airflow/.local/lib/python3.12/site-packages/airflow/example_dags/tutorial_taskflow_templates.py
[2025-03-01T14:32:15.287+0000] {processor.py:914} INFO - Processing file /home/airflow/.local/lib/python3.12/site-packages/airflow/example_dags/tutorial_taskflow_templates.py for tasks to queue
[2025-03-01T14:32:15.290+0000] {logging_mixin.py:190} INFO - [2025-03-01T14:32:15.289+0000] {dagbag.py:588} INFO - Filling up the DagBag from /home/airflow/.local/lib/python3.12/site-packages/airflow/example_dags/tutorial_taskflow_templates.py
[2025-03-01T14:32:15.304+0000] {processor.py:925} INFO - DAG(s) 'tutorial_taskflow_templates' retrieved from /home/airflow/.local/lib/python3.12/site-packages/airflow/example_dags/tutorial_taskflow_templates.py
[2025-03-01T14:32:15.324+0000] {logging_mixin.py:190} INFO - [2025-03-01T14:32:15.324+0000] {dag.py:3239} INFO - Sync 1 DAGs
[2025-03-01T14:32:15.349+0000] {logging_mixin.py:190} INFO - [2025-03-01T14:32:15.348+0000] {dag.py:4180} INFO - Setting next_dagrun for tutorial_taskflow_templates to 2025-02-28 00:00:00+00:00, run_after=2025-03-01 00:00:00+00:00
[2025-03-01T14:32:15.364+0000] {processor.py:208} INFO - Processing /home/airflow/.local/lib/python3.12/site-packages/airflow/example_dags/tutorial_taskflow_templates.py took 0.084 seconds
[2025-03-01T14:32:45.430+0000] {processor.py:186} INFO - Started process (PID=1945) to work on /home/airflow/.local/lib/python3.12/site-packages/airflow/example_dags/tutorial_taskflow_templates.py
[2025-03-01T14:32:45.431+0000] {processor.py:914} INFO - Processing file /home/airflow/.local/lib/python3.12/site-packages/airflow/example_dags/tutorial_taskflow_templates.py for tasks to queue
[2025-03-01T14:32:45.432+0000] {logging_mixin.py:190} INFO - [2025-03-01T14:32:45.432+0000] {dagbag.py:588} INFO - Filling up the DagBag from /home/airflow/.local/lib/python3.12/site-packages/airflow/example_dags/tutorial_taskflow_templates.py
[2025-03-01T14:32:45.442+0000] {processor.py:925} INFO - DAG(s) 'tutorial_taskflow_templates' retrieved from /home/airflow/.local/lib/python3.12/site-packages/airflow/example_dags/tutorial_taskflow_templates.py
[2025-03-01T14:32:45.458+0000] {logging_mixin.py:190} INFO - [2025-03-01T14:32:45.458+0000] {dag.py:3239} INFO - Sync 1 DAGs
[2025-03-01T14:32:45.476+0000] {logging_mixin.py:190} INFO - [2025-03-01T14:32:45.475+0000] {dag.py:4180} INFO - Setting next_dagrun for tutorial_taskflow_templates to 2025-02-28 00:00:00+00:00, run_after=2025-03-01 00:00:00+00:00
[2025-03-01T14:32:45.487+0000] {processor.py:208} INFO - Processing /home/airflow/.local/lib/python3.12/site-packages/airflow/example_dags/tutorial_taskflow_templates.py took 0.061 seconds
[2025-03-01T14:33:15.517+0000] {processor.py:186} INFO - Started process (PID=2008) to work on /home/airflow/.local/lib/python3.12/site-packages/airflow/example_dags/tutorial_taskflow_templates.py
[2025-03-01T14:33:15.518+0000] {processor.py:914} INFO - Processing file /home/airflow/.local/lib/python3.12/site-packages/airflow/example_dags/tutorial_taskflow_templates.py for tasks to queue
[2025-03-01T14:33:15.520+0000] {logging_mixin.py:190} INFO - [2025-03-01T14:33:15.519+0000] {dagbag.py:588} INFO - Filling up the DagBag from /home/airflow/.local/lib/python3.12/site-packages/airflow/example_dags/tutorial_taskflow_templates.py
[2025-03-01T14:33:15.551+0000] {processor.py:925} INFO - DAG(s) 'tutorial_taskflow_templates' retrieved from /home/airflow/.local/lib/python3.12/site-packages/airflow/example_dags/tutorial_taskflow_templates.py
[2025-03-01T14:33:15.571+0000] {logging_mixin.py:190} INFO - [2025-03-01T14:33:15.571+0000] {dag.py:3239} INFO - Sync 1 DAGs
[2025-03-01T14:33:15.596+0000] {logging_mixin.py:190} INFO - [2025-03-01T14:33:15.595+0000] {dag.py:4180} INFO - Setting next_dagrun for tutorial_taskflow_templates to 2025-02-28 00:00:00+00:00, run_after=2025-03-01 00:00:00+00:00
[2025-03-01T14:33:15.610+0000] {processor.py:208} INFO - Processing /home/airflow/.local/lib/python3.12/site-packages/airflow/example_dags/tutorial_taskflow_templates.py took 0.100 seconds
