[2025-03-01T14:47:43.987+0000] {processor.py:186} INFO - Started process (PID=90) to work on /home/airflow/.local/lib/python3.12/site-packages/airflow/example_dags/example_external_task_marker_dag.py
[2025-03-01T14:47:43.987+0000] {processor.py:914} INFO - Processing file /home/airflow/.local/lib/python3.12/site-packages/airflow/example_dags/example_external_task_marker_dag.py for tasks to queue
[2025-03-01T14:47:43.990+0000] {logging_mixin.py:190} INFO - [2025-03-01T14:47:43.990+0000] {dagbag.py:588} INFO - Filling up the DagBag from /home/airflow/.local/lib/python3.12/site-packages/airflow/example_dags/example_external_task_marker_dag.py
[2025-03-01T14:47:44.037+0000] {processor.py:925} INFO - DAG(s) 'example_external_task_marker_child', 'example_external_task_marker_parent' retrieved from /home/airflow/.local/lib/python3.12/site-packages/airflow/example_dags/example_external_task_marker_dag.py
[2025-03-01T14:47:44.996+0000] {logging_mixin.py:190} INFO - [2025-03-01T14:47:44.995+0000] {override.py:1912} INFO - Created Permission View: can edit on DAG:example_external_task_marker_child
[2025-03-01T14:47:45.052+0000] {logging_mixin.py:190} INFO - [2025-03-01T14:47:45.052+0000] {override.py:1912} INFO - Created Permission View: can delete on DAG:example_external_task_marker_child
[2025-03-01T14:47:45.094+0000] {logging_mixin.py:190} INFO - [2025-03-01T14:47:45.092+0000] {override.py:1912} INFO - Created Permission View: can read on DAG:example_external_task_marker_child
[2025-03-01T14:47:45.126+0000] {logging_mixin.py:190} INFO - [2025-03-01T14:47:45.125+0000] {override.py:1912} INFO - Created Permission View: can create on DAG Run:example_external_task_marker_child
[2025-03-01T14:47:45.167+0000] {logging_mixin.py:190} INFO - [2025-03-01T14:47:45.167+0000] {override.py:1912} INFO - Created Permission View: can delete on DAG Run:example_external_task_marker_child
[2025-03-01T14:47:45.242+0000] {logging_mixin.py:190} INFO - [2025-03-01T14:47:45.238+0000] {override.py:1912} INFO - Created Permission View: can read on DAG Run:example_external_task_marker_child
[2025-03-01T14:47:45.319+0000] {logging_mixin.py:190} INFO - [2025-03-01T14:47:45.312+0000] {override.py:1912} INFO - Created Permission View: menu access on DAG Run:example_external_task_marker_child
[2025-03-01T14:47:45.562+0000] {logging_mixin.py:190} INFO - [2025-03-01T14:47:45.559+0000] {override.py:1912} INFO - Created Permission View: can edit on DAG:example_external_task_marker_parent
[2025-03-01T14:47:45.682+0000] {logging_mixin.py:190} INFO - [2025-03-01T14:47:45.677+0000] {override.py:1912} INFO - Created Permission View: can delete on DAG:example_external_task_marker_parent
[2025-03-01T14:47:45.756+0000] {logging_mixin.py:190} INFO - [2025-03-01T14:47:45.756+0000] {override.py:1912} INFO - Created Permission View: can read on DAG:example_external_task_marker_parent
[2025-03-01T14:47:45.801+0000] {logging_mixin.py:190} INFO - [2025-03-01T14:47:45.800+0000] {override.py:1912} INFO - Created Permission View: can create on DAG Run:example_external_task_marker_parent
[2025-03-01T14:47:45.848+0000] {logging_mixin.py:190} INFO - [2025-03-01T14:47:45.848+0000] {override.py:1912} INFO - Created Permission View: can delete on DAG Run:example_external_task_marker_parent
[2025-03-01T14:47:45.914+0000] {logging_mixin.py:190} INFO - [2025-03-01T14:47:45.914+0000] {override.py:1912} INFO - Created Permission View: can read on DAG Run:example_external_task_marker_parent
[2025-03-01T14:47:45.976+0000] {logging_mixin.py:190} INFO - [2025-03-01T14:47:45.945+0000] {override.py:1912} INFO - Created Permission View: menu access on DAG Run:example_external_task_marker_parent
[2025-03-01T14:47:45.979+0000] {logging_mixin.py:190} INFO - [2025-03-01T14:47:45.978+0000] {dag.py:3239} INFO - Sync 2 DAGs
[2025-03-01T14:47:46.108+0000] {logging_mixin.py:190} INFO - [2025-03-01T14:47:46.108+0000] {dag.py:3262} INFO - Creating ORM DAG for example_external_task_marker_child
[2025-03-01T14:47:46.112+0000] {logging_mixin.py:190} INFO - [2025-03-01T14:47:46.111+0000] {dag.py:3262} INFO - Creating ORM DAG for example_external_task_marker_parent
[2025-03-01T14:47:46.122+0000] {logging_mixin.py:190} INFO - [2025-03-01T14:47:46.122+0000] {dag.py:4180} INFO - Setting next_dagrun for example_external_task_marker_child to None, run_after=None
[2025-03-01T14:47:46.125+0000] {logging_mixin.py:190} INFO - [2025-03-01T14:47:46.125+0000] {dag.py:4180} INFO - Setting next_dagrun for example_external_task_marker_parent to None, run_after=None
[2025-03-01T14:47:46.335+0000] {processor.py:208} INFO - Processing /home/airflow/.local/lib/python3.12/site-packages/airflow/example_dags/example_external_task_marker_dag.py took 2.363 seconds
