[2025-03-01T15:05:41.820+0000] {local_task_job_runner.py:123} INFO - ::group::Pre task execution logs
[2025-03-01T15:05:42.258+0000] {taskinstance.py:2614} INFO - Dependencies all met for dep_context=non-requeueable deps ti=<TaskInstance: first_dag.first_task scheduled__2021-07-15T00:00:00+00:00 [queued]>
[2025-03-01T15:05:42.516+0000] {taskinstance.py:2614} INFO - Dependencies all met for dep_context=requeueable deps ti=<TaskInstance: first_dag.first_task scheduled__2021-07-15T00:00:00+00:00 [queued]>
[2025-03-01T15:05:42.537+0000] {taskinstance.py:2867} INFO - Starting attempt 1 of 6
[2025-03-01T15:05:43.022+0000] {taskinstance.py:2890} INFO - Executing <Task(BashOperator): first_task> on 2021-07-15 00:00:00+00:00
[2025-03-01T15:05:43.119+0000] {warnings.py:112} WARNING - /home/***/.local/lib/python3.12/site-packages/***/task/task_runner/standard_task_runner.py:70: DeprecationWarning: This process (pid=275) is multi-threaded, use of fork() may lead to deadlocks in the child.
  pid = os.fork()

[2025-03-01T15:05:43.142+0000] {standard_task_runner.py:72} INFO - Started process 287 to run task
[2025-03-01T15:05:43.141+0000] {standard_task_runner.py:104} INFO - Running: ['***', 'tasks', 'run', 'first_dag', 'first_task', 'scheduled__2021-07-15T00:00:00+00:00', '--job-id', '7', '--raw', '--subdir', 'DAGS_FOLDER/first_dag.py', '--cfg-path', '/tmp/tmpeqvph3c9']
[2025-03-01T15:05:43.184+0000] {standard_task_runner.py:105} INFO - Job 7: Subtask first_task
[2025-03-01T15:05:43.704+0000] {task_command.py:467} INFO - Running <TaskInstance: first_dag.first_task scheduled__2021-07-15T00:00:00+00:00 [running]> on host 93ff5a63b4d9
[2025-03-01T15:05:45.437+0000] {taskinstance.py:3134} INFO - Exporting env vars: AIRFLOW_CTX_DAG_OWNER='matthew' AIRFLOW_CTX_DAG_ID='first_dag' AIRFLOW_CTX_TASK_ID='first_task' AIRFLOW_CTX_EXECUTION_DATE='2021-07-15T00:00:00+00:00' AIRFLOW_CTX_TRY_NUMBER='1' AIRFLOW_CTX_DAG_RUN_ID='scheduled__2021-07-15T00:00:00+00:00'
[2025-03-01T15:05:45.446+0000] {taskinstance.py:732} INFO - ::endgroup::
[2025-03-01T15:05:45.679+0000] {subprocess.py:78} INFO - Tmp dir root location: /tmp
[2025-03-01T15:05:45.696+0000] {subprocess.py:88} INFO - Running command: ['/usr/bin/bash', '-c', 'echo hello world, this is the first task']
[2025-03-01T15:05:45.862+0000] {subprocess.py:99} INFO - Output:
[2025-03-01T15:05:45.874+0000] {subprocess.py:106} INFO - hello world, this is the first task
[2025-03-01T15:05:45.878+0000] {subprocess.py:110} INFO - Command exited with return code 0
[2025-03-01T15:05:45.957+0000] {taskinstance.py:341} INFO - ::group::Post task execution logs
[2025-03-01T15:05:45.959+0000] {taskinstance.py:353} INFO - Marking task as SUCCESS. dag_id=first_dag, task_id=first_task, run_id=scheduled__2021-07-15T00:00:00+00:00, execution_date=20210715T000000, start_date=20250301T150542, end_date=20250301T150545
[2025-03-01T15:05:46.138+0000] {local_task_job_runner.py:266} INFO - Task exited with return code 0
[2025-03-01T15:05:46.245+0000] {taskinstance.py:3901} INFO - 0 downstream tasks scheduled from follow-on schedule check
[2025-03-01T15:05:46.257+0000] {local_task_job_runner.py:245} INFO - ::endgroup::
