[2025-03-01T14:47:42.037+0000] {processor.py:186} INFO - Started process (PID=88) to work on /home/airflow/.local/lib/python3.12/site-packages/airflow/example_dags/example_subdag_operator.py
[2025-03-01T14:47:42.050+0000] {processor.py:914} INFO - Processing file /home/airflow/.local/lib/python3.12/site-packages/airflow/example_dags/example_subdag_operator.py for tasks to queue
[2025-03-01T14:47:42.075+0000] {logging_mixin.py:190} INFO - [2025-03-01T14:47:42.052+0000] {dagbag.py:588} INFO - Filling up the DagBag from /home/airflow/.local/lib/python3.12/site-packages/airflow/example_dags/example_subdag_operator.py
[2025-03-01T14:47:42.299+0000] {processor.py:925} INFO - DAG(s) 'example_subdag_operator.section-1', 'example_subdag_operator.section-2', 'example_subdag_operator' retrieved from /home/airflow/.local/lib/python3.12/site-packages/airflow/example_dags/example_subdag_operator.py
[2025-03-01T14:47:42.998+0000] {logging_mixin.py:190} INFO - [2025-03-01T14:47:42.997+0000] {override.py:1912} INFO - Created Permission View: can edit on DAG:example_subdag_operator
[2025-03-01T14:47:43.085+0000] {logging_mixin.py:190} INFO - [2025-03-01T14:47:43.085+0000] {override.py:1912} INFO - Created Permission View: can delete on DAG:example_subdag_operator
[2025-03-01T14:47:43.109+0000] {logging_mixin.py:190} INFO - [2025-03-01T14:47:43.109+0000] {override.py:1912} INFO - Created Permission View: can read on DAG:example_subdag_operator
[2025-03-01T14:47:43.199+0000] {logging_mixin.py:190} INFO - [2025-03-01T14:47:43.198+0000] {override.py:1912} INFO - Created Permission View: can create on DAG Run:example_subdag_operator
[2025-03-01T14:47:43.293+0000] {logging_mixin.py:190} INFO - [2025-03-01T14:47:43.288+0000] {override.py:1912} INFO - Created Permission View: can delete on DAG Run:example_subdag_operator
[2025-03-01T14:47:43.320+0000] {logging_mixin.py:190} INFO - [2025-03-01T14:47:43.320+0000] {override.py:1912} INFO - Created Permission View: can read on DAG Run:example_subdag_operator
[2025-03-01T14:47:43.351+0000] {logging_mixin.py:190} INFO - [2025-03-01T14:47:43.351+0000] {override.py:1912} INFO - Created Permission View: menu access on DAG Run:example_subdag_operator
[2025-03-01T14:47:43.353+0000] {logging_mixin.py:190} INFO - [2025-03-01T14:47:43.353+0000] {dag.py:3239} INFO - Sync 3 DAGs
[2025-03-01T14:47:43.439+0000] {logging_mixin.py:190} INFO - [2025-03-01T14:47:43.439+0000] {dag.py:3262} INFO - Creating ORM DAG for example_subdag_operator
[2025-03-01T14:47:43.448+0000] {logging_mixin.py:190} INFO - [2025-03-01T14:47:43.447+0000] {dag.py:3262} INFO - Creating ORM DAG for example_subdag_operator.section-1
[2025-03-01T14:47:43.456+0000] {logging_mixin.py:190} INFO - [2025-03-01T14:47:43.455+0000] {dag.py:3262} INFO - Creating ORM DAG for example_subdag_operator.section-2
[2025-03-01T14:47:43.527+0000] {logging_mixin.py:190} INFO - [2025-03-01T14:47:43.521+0000] {dag.py:4180} INFO - Setting next_dagrun for example_subdag_operator to 2022-01-01 00:00:00+00:00, run_after=2022-01-01 00:00:00+00:00
[2025-03-01T14:47:43.531+0000] {logging_mixin.py:190} INFO - [2025-03-01T14:47:43.530+0000] {dag.py:4180} INFO - Setting next_dagrun for example_subdag_operator.section-1 to None, run_after=None
[2025-03-01T14:47:43.535+0000] {logging_mixin.py:190} INFO - [2025-03-01T14:47:43.534+0000] {dag.py:4180} INFO - Setting next_dagrun for example_subdag_operator.section-2 to None, run_after=None
[2025-03-01T14:47:43.600+0000] {logging_mixin.py:190} INFO - [2025-03-01T14:47:43.594+0000] {dag.py:3239} INFO - Sync 2 DAGs
[2025-03-01T14:47:43.625+0000] {logging_mixin.py:190} INFO - [2025-03-01T14:47:43.621+0000] {dag.py:4180} INFO - Setting next_dagrun for example_subdag_operator.section-1 to None, run_after=None
[2025-03-01T14:47:43.649+0000] {logging_mixin.py:190} INFO - [2025-03-01T14:47:43.649+0000] {dag.py:4180} INFO - Setting next_dagrun for example_subdag_operator.section-2 to None, run_after=None
[2025-03-01T14:47:43.714+0000] {processor.py:208} INFO - Processing /home/airflow/.local/lib/python3.12/site-packages/airflow/example_dags/example_subdag_operator.py took 1.700 seconds
