[2025-03-06T15:25:25.189+0000] {local_task_job_runner.py:123} INFO - ::group::Pre task execution logs
[2025-03-06T15:25:25.206+0000] {taskinstance.py:2614} INFO - Dependencies all met for dep_context=non-requeueable deps ti=<TaskInstance: etl_setup_dag.transform_write_data manual__2025-03-06T15:25:19.581741+00:00 [queued]>
[2025-03-06T15:25:25.213+0000] {taskinstance.py:2614} INFO - Dependencies all met for dep_context=requeueable deps ti=<TaskInstance: etl_setup_dag.transform_write_data manual__2025-03-06T15:25:19.581741+00:00 [queued]>
[2025-03-06T15:25:25.213+0000] {taskinstance.py:2867} INFO - Starting attempt 1 of 1
[2025-03-06T15:25:25.224+0000] {taskinstance.py:2890} INFO - Executing <Task(PythonOperator): transform_write_data> on 2025-03-06 15:25:19.581741+00:00
[2025-03-06T15:25:25.231+0000] {warnings.py:112} WARNING - /home/***/.local/lib/python3.12/site-packages/***/task/task_runner/standard_task_runner.py:70: DeprecationWarning: This process (pid=642) is multi-threaded, use of fork() may lead to deadlocks in the child.
  pid = os.fork()

[2025-03-06T15:25:25.232+0000] {standard_task_runner.py:72} INFO - Started process 644 to run task
[2025-03-06T15:25:25.233+0000] {standard_task_runner.py:104} INFO - Running: ['***', 'tasks', 'run', 'etl_setup_dag', 'transform_write_data', 'manual__2025-03-06T15:25:19.581741+00:00', '--job-id', '36', '--raw', '--subdir', 'DAGS_FOLDER/etl_dag.py', '--cfg-path', '/tmp/tmpeqxc5zkb']
[2025-03-06T15:25:25.235+0000] {standard_task_runner.py:105} INFO - Job 36: Subtask transform_write_data
[2025-03-06T15:25:25.423+0000] {task_command.py:467} INFO - Running <TaskInstance: etl_setup_dag.transform_write_data manual__2025-03-06T15:25:19.581741+00:00 [running]> on host 4248ae9eea74
[2025-03-06T15:25:25.490+0000] {taskinstance.py:3134} INFO - Exporting env vars: AIRFLOW_CTX_DAG_OWNER='***' AIRFLOW_CTX_DAG_ID='etl_setup_dag' AIRFLOW_CTX_TASK_ID='transform_write_data' AIRFLOW_CTX_EXECUTION_DATE='2025-03-06T15:25:19.581741+00:00' AIRFLOW_CTX_TRY_NUMBER='1' AIRFLOW_CTX_DAG_RUN_ID='manual__2025-03-06T15:25:19.581741+00:00'
[2025-03-06T15:25:25.491+0000] {taskinstance.py:732} INFO - ::endgroup::
[2025-03-06T15:25:25.504+0000] {logging_mixin.py:190} INFO - Successfully loaded raw weather data from /opt/***/dags/data/raw_weather_data.json
[2025-03-06T15:25:25.517+0000] {logging_mixin.py:190} INFO - Successfully transformed weather data into DataFrame
[2025-03-06T15:25:25.564+0000] {logging_mixin.py:190} INFO - Data saved to /opt/***/dags/data/clean_weather_data.csv
[2025-03-06T15:25:25.565+0000] {logging_mixin.py:190} INFO - Data successfully saved to /opt/***/dags/data/clean_weather_data.csv
[2025-03-06T15:25:25.565+0000] {python.py:240} INFO - Done. Returned value was: None
[2025-03-06T15:25:25.574+0000] {taskinstance.py:341} INFO - ::group::Post task execution logs
[2025-03-06T15:25:25.574+0000] {taskinstance.py:353} INFO - Marking task as SUCCESS. dag_id=etl_setup_dag, task_id=transform_write_data, run_id=manual__2025-03-06T15:25:19.581741+00:00, execution_date=20250306T152519, start_date=20250306T152525, end_date=20250306T152525
[2025-03-06T15:25:25.647+0000] {local_task_job_runner.py:266} INFO - Task exited with return code 0
[2025-03-06T15:25:25.857+0000] {taskinstance.py:3901} INFO - 0 downstream tasks scheduled from follow-on schedule check
[2025-03-06T15:25:25.859+0000] {local_task_job_runner.py:245} INFO - ::endgroup::
