[2025-03-01T15:06:34.983+0000] {local_task_job_runner.py:123} INFO - ::group::Pre task execution logs
[2025-03-01T15:06:35.257+0000] {taskinstance.py:2614} INFO - Dependencies all met for dep_context=non-requeueable deps ti=<TaskInstance: first_dag.first_task scheduled__2021-08-23T00:00:00+00:00 [queued]>
[2025-03-01T15:06:35.432+0000] {taskinstance.py:2614} INFO - Dependencies all met for dep_context=requeueable deps ti=<TaskInstance: first_dag.first_task scheduled__2021-08-23T00:00:00+00:00 [queued]>
[2025-03-01T15:06:35.443+0000] {taskinstance.py:2867} INFO - Starting attempt 1 of 6
[2025-03-01T15:06:35.568+0000] {taskinstance.py:2890} INFO - Executing <Task(BashOperator): first_task> on 2021-08-23 00:00:00+00:00
[2025-03-01T15:06:35.599+0000] {warnings.py:112} WARNING - /home/***/.local/lib/python3.12/site-packages/***/task/task_runner/standard_task_runner.py:70: DeprecationWarning: This process (pid=455) is multi-threaded, use of fork() may lead to deadlocks in the child.
  pid = os.fork()

[2025-03-01T15:06:35.605+0000] {standard_task_runner.py:72} INFO - Started process 474 to run task
[2025-03-01T15:06:35.607+0000] {standard_task_runner.py:104} INFO - Running: ['***', 'tasks', 'run', 'first_dag', 'first_task', 'scheduled__2021-08-23T00:00:00+00:00', '--job-id', '53', '--raw', '--subdir', 'DAGS_FOLDER/first_dag.py', '--cfg-path', '/tmp/tmpzodaag24']
[2025-03-01T15:06:35.612+0000] {standard_task_runner.py:105} INFO - Job 53: Subtask first_task
[2025-03-01T15:06:36.000+0000] {task_command.py:467} INFO - Running <TaskInstance: first_dag.first_task scheduled__2021-08-23T00:00:00+00:00 [running]> on host 93ff5a63b4d9
[2025-03-01T15:06:37.099+0000] {taskinstance.py:3134} INFO - Exporting env vars: AIRFLOW_CTX_DAG_OWNER='matthew' AIRFLOW_CTX_DAG_ID='first_dag' AIRFLOW_CTX_TASK_ID='first_task' AIRFLOW_CTX_EXECUTION_DATE='2021-08-23T00:00:00+00:00' AIRFLOW_CTX_TRY_NUMBER='1' AIRFLOW_CTX_DAG_RUN_ID='scheduled__2021-08-23T00:00:00+00:00'
[2025-03-01T15:06:37.102+0000] {taskinstance.py:732} INFO - ::endgroup::
[2025-03-01T15:06:37.339+0000] {subprocess.py:78} INFO - Tmp dir root location: /tmp
[2025-03-01T15:06:37.357+0000] {subprocess.py:88} INFO - Running command: ['/usr/bin/bash', '-c', 'echo hello world, this is the first task']
[2025-03-01T15:06:37.606+0000] {subprocess.py:99} INFO - Output:
[2025-03-01T15:06:37.663+0000] {subprocess.py:106} INFO - hello world, this is the first task
[2025-03-01T15:06:37.664+0000] {subprocess.py:110} INFO - Command exited with return code 0
[2025-03-01T15:06:37.870+0000] {taskinstance.py:341} INFO - ::group::Post task execution logs
[2025-03-01T15:06:37.873+0000] {taskinstance.py:353} INFO - Marking task as SUCCESS. dag_id=first_dag, task_id=first_task, run_id=scheduled__2021-08-23T00:00:00+00:00, execution_date=20210823T000000, start_date=20250301T150635, end_date=20250301T150637
[2025-03-01T15:06:38.112+0000] {local_task_job_runner.py:266} INFO - Task exited with return code 0
[2025-03-01T15:06:38.279+0000] {taskinstance.py:3901} INFO - 0 downstream tasks scheduled from follow-on schedule check
[2025-03-01T15:06:38.302+0000] {local_task_job_runner.py:245} INFO - ::endgroup::
