[2025-03-05T15:01:16.177+0000] {local_task_job_runner.py:123} INFO - ::group::Pre task execution logs
[2025-03-05T15:01:16.198+0000] {taskinstance.py:2614} INFO - Dependencies all met for dep_context=non-requeueable deps ti=<TaskInstance: first_dag.first_task manual__2025-03-05T15:01:14.112249+00:00 [queued]>
[2025-03-05T15:01:16.208+0000] {taskinstance.py:2614} INFO - Dependencies all met for dep_context=requeueable deps ti=<TaskInstance: first_dag.first_task manual__2025-03-05T15:01:14.112249+00:00 [queued]>
[2025-03-05T15:01:16.208+0000] {taskinstance.py:2867} INFO - Starting attempt 1 of 6
[2025-03-05T15:01:16.224+0000] {taskinstance.py:2890} INFO - Executing <Task(BashOperator): first_task> on 2025-03-05 15:01:14.112249+00:00
[2025-03-05T15:01:16.232+0000] {warnings.py:112} WARNING - /home/***/.local/lib/python3.12/site-packages/***/task/task_runner/standard_task_runner.py:70: DeprecationWarning: This process (pid=90) is multi-threaded, use of fork() may lead to deadlocks in the child.
  pid = os.fork()

[2025-03-05T15:01:16.233+0000] {standard_task_runner.py:72} INFO - Started process 92 to run task
[2025-03-05T15:01:16.237+0000] {standard_task_runner.py:104} INFO - Running: ['***', 'tasks', 'run', 'first_dag', 'first_task', 'manual__2025-03-05T15:01:14.112249+00:00', '--job-id', '3', '--raw', '--subdir', 'DAGS_FOLDER/first_dag.py', '--cfg-path', '/tmp/tmp9vel0ez_']
[2025-03-05T15:01:16.238+0000] {standard_task_runner.py:105} INFO - Job 3: Subtask first_task
[2025-03-05T15:01:16.290+0000] {task_command.py:467} INFO - Running <TaskInstance: first_dag.first_task manual__2025-03-05T15:01:14.112249+00:00 [running]> on host bb5f6a2f96ec
[2025-03-05T15:01:16.431+0000] {taskinstance.py:3134} INFO - Exporting env vars: AIRFLOW_CTX_DAG_OWNER='matthew' AIRFLOW_CTX_DAG_ID='first_dag' AIRFLOW_CTX_TASK_ID='first_task' AIRFLOW_CTX_EXECUTION_DATE='2025-03-05T15:01:14.112249+00:00' AIRFLOW_CTX_TRY_NUMBER='1' AIRFLOW_CTX_DAG_RUN_ID='manual__2025-03-05T15:01:14.112249+00:00'
[2025-03-05T15:01:16.432+0000] {taskinstance.py:732} INFO - ::endgroup::
[2025-03-05T15:01:16.538+0000] {subprocess.py:78} INFO - Tmp dir root location: /tmp
[2025-03-05T15:01:16.539+0000] {subprocess.py:88} INFO - Running command: ['/usr/bin/bash', '-c', 'echo hello world, this is the first task']
[2025-03-05T15:01:16.561+0000] {subprocess.py:99} INFO - Output:
[2025-03-05T15:01:16.579+0000] {subprocess.py:106} INFO - hello world, this is the first task
[2025-03-05T15:01:16.580+0000] {subprocess.py:110} INFO - Command exited with return code 0
[2025-03-05T15:01:16.624+0000] {taskinstance.py:341} INFO - ::group::Post task execution logs
[2025-03-05T15:01:16.625+0000] {taskinstance.py:353} INFO - Marking task as SUCCESS. dag_id=first_dag, task_id=first_task, run_id=manual__2025-03-05T15:01:14.112249+00:00, execution_date=20250305T150114, start_date=20250305T150116, end_date=20250305T150116
[2025-03-05T15:01:16.698+0000] {local_task_job_runner.py:266} INFO - Task exited with return code 0
[2025-03-05T15:01:16.714+0000] {taskinstance.py:3901} INFO - 0 downstream tasks scheduled from follow-on schedule check
[2025-03-05T15:01:16.716+0000] {local_task_job_runner.py:245} INFO - ::endgroup::
