[2025-03-06T09:53:53.151+0000] {processor.py:186} INFO - Started process (PID=67) to work on /opt/airflow/dags/etl_setup_dag.py
[2025-03-06T09:53:53.152+0000] {processor.py:914} INFO - Processing file /opt/airflow/dags/etl_setup_dag.py for tasks to queue
[2025-03-06T09:53:53.155+0000] {logging_mixin.py:190} INFO - [2025-03-06T09:53:53.155+0000] {dagbag.py:588} INFO - Filling up the DagBag from /opt/airflow/dags/etl_setup_dag.py
[2025-03-06T09:54:00.585+0000] {logging_mixin.py:190} INFO - running encodings_setup.py
[2025-03-06T09:54:00.597+0000] {logging_mixin.py:190} INFO - Error loading API_KEY: API_KEY is missing in the environment variables
[2025-03-06T09:54:00.598+0000] {logging_mixin.py:190} INFO - Pipeline execution failed at encodings: API_KEY is missing in the environment variables
[2025-03-06T09:54:00.602+0000] {processor.py:925} INFO - DAG(s) 'etl_setup_dag' retrieved from /opt/airflow/dags/etl_setup_dag.py
[2025-03-06T09:54:00.665+0000] {logging_mixin.py:190} INFO - [2025-03-06T09:54:00.664+0000] {dag.py:3239} INFO - Sync 1 DAGs
[2025-03-06T09:54:00.699+0000] {logging_mixin.py:190} INFO - [2025-03-06T09:54:00.699+0000] {dag.py:4180} INFO - Setting next_dagrun for etl_setup_dag to None, run_after=None
[2025-03-06T09:54:01.104+0000] {processor.py:208} INFO - Processing /opt/airflow/dags/etl_setup_dag.py took 7.980 seconds
[2025-03-06T09:54:31.879+0000] {processor.py:186} INFO - Started process (PID=81) to work on /opt/airflow/dags/etl_setup_dag.py
[2025-03-06T09:54:31.881+0000] {processor.py:914} INFO - Processing file /opt/airflow/dags/etl_setup_dag.py for tasks to queue
[2025-03-06T09:54:31.883+0000] {logging_mixin.py:190} INFO - [2025-03-06T09:54:31.882+0000] {dagbag.py:588} INFO - Filling up the DagBag from /opt/airflow/dags/etl_setup_dag.py
[2025-03-06T09:54:32.425+0000] {logging_mixin.py:190} INFO - running encodings_setup.py
[2025-03-06T09:54:32.425+0000] {logging_mixin.py:190} INFO - Error loading API_KEY: API_KEY is missing in the environment variables
[2025-03-06T09:54:32.425+0000] {logging_mixin.py:190} INFO - Pipeline execution failed at encodings: API_KEY is missing in the environment variables
[2025-03-06T09:54:32.428+0000] {processor.py:925} INFO - DAG(s) 'etl_setup_dag' retrieved from /opt/airflow/dags/etl_setup_dag.py
[2025-03-06T09:54:32.443+0000] {logging_mixin.py:190} INFO - [2025-03-06T09:54:32.443+0000] {dag.py:3239} INFO - Sync 1 DAGs
[2025-03-06T09:54:32.452+0000] {logging_mixin.py:190} INFO - [2025-03-06T09:54:32.452+0000] {dag.py:4180} INFO - Setting next_dagrun for etl_setup_dag to None, run_after=None
[2025-03-06T09:54:32.465+0000] {processor.py:208} INFO - Processing /opt/airflow/dags/etl_setup_dag.py took 0.590 seconds
[2025-03-06T09:55:02.531+0000] {processor.py:186} INFO - Started process (PID=92) to work on /opt/airflow/dags/etl_setup_dag.py
[2025-03-06T09:55:02.532+0000] {processor.py:914} INFO - Processing file /opt/airflow/dags/etl_setup_dag.py for tasks to queue
[2025-03-06T09:55:02.534+0000] {logging_mixin.py:190} INFO - [2025-03-06T09:55:02.534+0000] {dagbag.py:588} INFO - Filling up the DagBag from /opt/airflow/dags/etl_setup_dag.py
[2025-03-06T09:55:03.102+0000] {logging_mixin.py:190} INFO - running encodings_setup.py
[2025-03-06T09:55:03.102+0000] {logging_mixin.py:190} INFO - Error loading API_KEY: API_KEY is missing in the environment variables
[2025-03-06T09:55:03.103+0000] {logging_mixin.py:190} INFO - Pipeline execution failed at encodings: API_KEY is missing in the environment variables
[2025-03-06T09:55:03.105+0000] {processor.py:925} INFO - DAG(s) 'etl_setup_dag' retrieved from /opt/airflow/dags/etl_setup_dag.py
[2025-03-06T09:55:03.121+0000] {logging_mixin.py:190} INFO - [2025-03-06T09:55:03.121+0000] {dag.py:3239} INFO - Sync 1 DAGs
[2025-03-06T09:55:03.133+0000] {logging_mixin.py:190} INFO - [2025-03-06T09:55:03.132+0000] {dag.py:4180} INFO - Setting next_dagrun for etl_setup_dag to None, run_after=None
[2025-03-06T09:55:03.145+0000] {processor.py:208} INFO - Processing /opt/airflow/dags/etl_setup_dag.py took 0.629 seconds
[2025-03-06T09:55:33.815+0000] {processor.py:186} INFO - Started process (PID=104) to work on /opt/airflow/dags/etl_setup_dag.py
[2025-03-06T09:55:33.824+0000] {processor.py:914} INFO - Processing file /opt/airflow/dags/etl_setup_dag.py for tasks to queue
[2025-03-06T09:55:33.826+0000] {logging_mixin.py:190} INFO - [2025-03-06T09:55:33.826+0000] {dagbag.py:588} INFO - Filling up the DagBag from /opt/airflow/dags/etl_setup_dag.py
[2025-03-06T09:55:35.039+0000] {logging_mixin.py:190} INFO - running encodings_setup.py
[2025-03-06T09:55:35.039+0000] {logging_mixin.py:190} INFO - Error loading API_KEY: API_KEY is missing in the environment variables
[2025-03-06T09:55:35.040+0000] {logging_mixin.py:190} INFO - Pipeline execution failed at encodings: API_KEY is missing in the environment variables
[2025-03-06T09:55:35.056+0000] {processor.py:925} INFO - DAG(s) 'etl_setup_dag' retrieved from /opt/airflow/dags/etl_setup_dag.py
[2025-03-06T09:55:35.089+0000] {logging_mixin.py:190} INFO - [2025-03-06T09:55:35.089+0000] {dag.py:3239} INFO - Sync 1 DAGs
[2025-03-06T09:55:35.113+0000] {logging_mixin.py:190} INFO - [2025-03-06T09:55:35.112+0000] {dag.py:4180} INFO - Setting next_dagrun for etl_setup_dag to None, run_after=None
[2025-03-06T09:55:35.150+0000] {processor.py:208} INFO - Processing /opt/airflow/dags/etl_setup_dag.py took 1.342 seconds
[2025-03-06T09:56:06.149+0000] {processor.py:186} INFO - Started process (PID=115) to work on /opt/airflow/dags/etl_setup_dag.py
[2025-03-06T09:56:06.149+0000] {processor.py:914} INFO - Processing file /opt/airflow/dags/etl_setup_dag.py for tasks to queue
[2025-03-06T09:56:06.151+0000] {logging_mixin.py:190} INFO - [2025-03-06T09:56:06.151+0000] {dagbag.py:588} INFO - Filling up the DagBag from /opt/airflow/dags/etl_setup_dag.py
[2025-03-06T09:56:06.525+0000] {logging_mixin.py:190} INFO - running encodings_setup.py
[2025-03-06T09:56:06.526+0000] {logging_mixin.py:190} INFO - Error loading API_KEY: API_KEY is missing in the environment variables
[2025-03-06T09:56:06.526+0000] {logging_mixin.py:190} INFO - Pipeline execution failed at encodings: API_KEY is missing in the environment variables
[2025-03-06T09:56:06.529+0000] {processor.py:925} INFO - DAG(s) 'etl_setup_dag' retrieved from /opt/airflow/dags/etl_setup_dag.py
[2025-03-06T09:56:06.545+0000] {logging_mixin.py:190} INFO - [2025-03-06T09:56:06.544+0000] {dag.py:3239} INFO - Sync 1 DAGs
[2025-03-06T09:56:06.553+0000] {logging_mixin.py:190} INFO - [2025-03-06T09:56:06.553+0000] {dag.py:4180} INFO - Setting next_dagrun for etl_setup_dag to None, run_after=None
[2025-03-06T09:56:06.565+0000] {processor.py:208} INFO - Processing /opt/airflow/dags/etl_setup_dag.py took 0.421 seconds
[2025-03-06T09:56:37.409+0000] {processor.py:186} INFO - Started process (PID=126) to work on /opt/airflow/dags/etl_setup_dag.py
[2025-03-06T09:56:37.410+0000] {processor.py:914} INFO - Processing file /opt/airflow/dags/etl_setup_dag.py for tasks to queue
[2025-03-06T09:56:37.413+0000] {logging_mixin.py:190} INFO - [2025-03-06T09:56:37.412+0000] {dagbag.py:588} INFO - Filling up the DagBag from /opt/airflow/dags/etl_setup_dag.py
[2025-03-06T09:56:37.819+0000] {logging_mixin.py:190} INFO - running encodings_setup.py
[2025-03-06T09:56:37.819+0000] {logging_mixin.py:190} INFO - Error loading API_KEY: API_KEY is missing in the environment variables
[2025-03-06T09:56:37.819+0000] {logging_mixin.py:190} INFO - Pipeline execution failed at encodings: API_KEY is missing in the environment variables
[2025-03-06T09:56:37.822+0000] {processor.py:925} INFO - DAG(s) 'etl_setup_dag' retrieved from /opt/airflow/dags/etl_setup_dag.py
[2025-03-06T09:56:37.837+0000] {logging_mixin.py:190} INFO - [2025-03-06T09:56:37.836+0000] {dag.py:3239} INFO - Sync 1 DAGs
[2025-03-06T09:56:37.846+0000] {logging_mixin.py:190} INFO - [2025-03-06T09:56:37.846+0000] {dag.py:4180} INFO - Setting next_dagrun for etl_setup_dag to None, run_after=None
[2025-03-06T09:56:37.858+0000] {processor.py:208} INFO - Processing /opt/airflow/dags/etl_setup_dag.py took 0.454 seconds
[2025-03-06T09:57:08.677+0000] {processor.py:186} INFO - Started process (PID=137) to work on /opt/airflow/dags/etl_setup_dag.py
[2025-03-06T09:57:08.678+0000] {processor.py:914} INFO - Processing file /opt/airflow/dags/etl_setup_dag.py for tasks to queue
[2025-03-06T09:57:08.679+0000] {logging_mixin.py:190} INFO - [2025-03-06T09:57:08.679+0000] {dagbag.py:588} INFO - Filling up the DagBag from /opt/airflow/dags/etl_setup_dag.py
[2025-03-06T09:57:09.082+0000] {logging_mixin.py:190} INFO - running encodings_setup.py
[2025-03-06T09:57:09.083+0000] {logging_mixin.py:190} INFO - Error loading API_KEY: API_KEY is missing in the environment variables
[2025-03-06T09:57:09.083+0000] {logging_mixin.py:190} INFO - Pipeline execution failed at encodings: API_KEY is missing in the environment variables
[2025-03-06T09:57:09.085+0000] {processor.py:925} INFO - DAG(s) 'etl_setup_dag' retrieved from /opt/airflow/dags/etl_setup_dag.py
[2025-03-06T09:57:09.100+0000] {logging_mixin.py:190} INFO - [2025-03-06T09:57:09.099+0000] {dag.py:3239} INFO - Sync 1 DAGs
[2025-03-06T09:57:09.108+0000] {logging_mixin.py:190} INFO - [2025-03-06T09:57:09.108+0000] {dag.py:4180} INFO - Setting next_dagrun for etl_setup_dag to None, run_after=None
[2025-03-06T09:57:09.120+0000] {processor.py:208} INFO - Processing /opt/airflow/dags/etl_setup_dag.py took 0.448 seconds
[2025-03-06T09:57:39.999+0000] {processor.py:186} INFO - Started process (PID=149) to work on /opt/airflow/dags/etl_setup_dag.py
[2025-03-06T09:57:39.999+0000] {processor.py:914} INFO - Processing file /opt/airflow/dags/etl_setup_dag.py for tasks to queue
[2025-03-06T09:57:40.001+0000] {logging_mixin.py:190} INFO - [2025-03-06T09:57:40.001+0000] {dagbag.py:588} INFO - Filling up the DagBag from /opt/airflow/dags/etl_setup_dag.py
[2025-03-06T09:57:40.446+0000] {logging_mixin.py:190} INFO - running encodings_setup.py
[2025-03-06T09:57:40.447+0000] {logging_mixin.py:190} INFO - Error loading API_KEY: API_KEY is missing in the environment variables
[2025-03-06T09:57:40.447+0000] {logging_mixin.py:190} INFO - Pipeline execution failed at encodings: API_KEY is missing in the environment variables
[2025-03-06T09:57:40.451+0000] {processor.py:925} INFO - DAG(s) 'etl_setup_dag' retrieved from /opt/airflow/dags/etl_setup_dag.py
[2025-03-06T09:57:40.473+0000] {logging_mixin.py:190} INFO - [2025-03-06T09:57:40.473+0000] {dag.py:3239} INFO - Sync 1 DAGs
[2025-03-06T09:57:40.488+0000] {logging_mixin.py:190} INFO - [2025-03-06T09:57:40.487+0000] {dag.py:4180} INFO - Setting next_dagrun for etl_setup_dag to None, run_after=None
[2025-03-06T09:57:40.499+0000] {processor.py:208} INFO - Processing /opt/airflow/dags/etl_setup_dag.py took 0.504 seconds
[2025-03-06T09:58:11.259+0000] {processor.py:186} INFO - Started process (PID=161) to work on /opt/airflow/dags/etl_setup_dag.py
[2025-03-06T09:58:11.260+0000] {processor.py:914} INFO - Processing file /opt/airflow/dags/etl_setup_dag.py for tasks to queue
[2025-03-06T09:58:11.262+0000] {logging_mixin.py:190} INFO - [2025-03-06T09:58:11.262+0000] {dagbag.py:588} INFO - Filling up the DagBag from /opt/airflow/dags/etl_setup_dag.py
[2025-03-06T09:58:11.628+0000] {logging_mixin.py:190} INFO - running encodings_setup.py
[2025-03-06T09:58:11.628+0000] {logging_mixin.py:190} INFO - Error loading API_KEY: API_KEY is missing in the environment variables
[2025-03-06T09:58:11.628+0000] {logging_mixin.py:190} INFO - Pipeline execution failed at encodings: API_KEY is missing in the environment variables
[2025-03-06T09:58:11.631+0000] {processor.py:925} INFO - DAG(s) 'etl_setup_dag' retrieved from /opt/airflow/dags/etl_setup_dag.py
[2025-03-06T09:58:11.646+0000] {logging_mixin.py:190} INFO - [2025-03-06T09:58:11.646+0000] {dag.py:3239} INFO - Sync 1 DAGs
[2025-03-06T09:58:11.655+0000] {logging_mixin.py:190} INFO - [2025-03-06T09:58:11.655+0000] {dag.py:4180} INFO - Setting next_dagrun for etl_setup_dag to None, run_after=None
[2025-03-06T09:58:11.666+0000] {processor.py:208} INFO - Processing /opt/airflow/dags/etl_setup_dag.py took 0.411 seconds
[2025-03-06T09:58:42.516+0000] {processor.py:186} INFO - Started process (PID=179) to work on /opt/airflow/dags/etl_setup_dag.py
[2025-03-06T09:58:42.517+0000] {processor.py:914} INFO - Processing file /opt/airflow/dags/etl_setup_dag.py for tasks to queue
[2025-03-06T09:58:42.519+0000] {logging_mixin.py:190} INFO - [2025-03-06T09:58:42.519+0000] {dagbag.py:588} INFO - Filling up the DagBag from /opt/airflow/dags/etl_setup_dag.py
[2025-03-06T09:58:42.882+0000] {logging_mixin.py:190} INFO - running encodings_setup.py
[2025-03-06T09:58:42.883+0000] {logging_mixin.py:190} INFO - Error loading API_KEY: API_KEY is missing in the environment variables
[2025-03-06T09:58:42.883+0000] {logging_mixin.py:190} INFO - Pipeline execution failed at encodings: API_KEY is missing in the environment variables
[2025-03-06T09:58:42.885+0000] {processor.py:925} INFO - DAG(s) 'etl_setup_dag' retrieved from /opt/airflow/dags/etl_setup_dag.py
[2025-03-06T09:58:42.901+0000] {logging_mixin.py:190} INFO - [2025-03-06T09:58:42.901+0000] {dag.py:3239} INFO - Sync 1 DAGs
[2025-03-06T09:58:42.910+0000] {logging_mixin.py:190} INFO - [2025-03-06T09:58:42.910+0000] {dag.py:4180} INFO - Setting next_dagrun for etl_setup_dag to None, run_after=None
[2025-03-06T09:58:42.921+0000] {processor.py:208} INFO - Processing /opt/airflow/dags/etl_setup_dag.py took 0.409 seconds
[2025-03-06T09:59:13.827+0000] {processor.py:186} INFO - Started process (PID=190) to work on /opt/airflow/dags/etl_setup_dag.py
[2025-03-06T09:59:13.828+0000] {processor.py:914} INFO - Processing file /opt/airflow/dags/etl_setup_dag.py for tasks to queue
[2025-03-06T09:59:13.830+0000] {logging_mixin.py:190} INFO - [2025-03-06T09:59:13.829+0000] {dagbag.py:588} INFO - Filling up the DagBag from /opt/airflow/dags/etl_setup_dag.py
[2025-03-06T09:59:14.251+0000] {logging_mixin.py:190} INFO - running encodings_setup.py
[2025-03-06T09:59:14.251+0000] {logging_mixin.py:190} INFO - Error loading API_KEY: API_KEY is missing in the environment variables
[2025-03-06T09:59:14.252+0000] {logging_mixin.py:190} INFO - Pipeline execution failed at encodings: API_KEY is missing in the environment variables
[2025-03-06T09:59:14.254+0000] {processor.py:925} INFO - DAG(s) 'etl_setup_dag' retrieved from /opt/airflow/dags/etl_setup_dag.py
[2025-03-06T09:59:14.269+0000] {logging_mixin.py:190} INFO - [2025-03-06T09:59:14.269+0000] {dag.py:3239} INFO - Sync 1 DAGs
[2025-03-06T09:59:14.278+0000] {logging_mixin.py:190} INFO - [2025-03-06T09:59:14.278+0000] {dag.py:4180} INFO - Setting next_dagrun for etl_setup_dag to None, run_after=None
[2025-03-06T09:59:14.290+0000] {processor.py:208} INFO - Processing /opt/airflow/dags/etl_setup_dag.py took 0.467 seconds
[2025-03-06T09:59:45.157+0000] {processor.py:186} INFO - Started process (PID=202) to work on /opt/airflow/dags/etl_setup_dag.py
[2025-03-06T09:59:45.158+0000] {processor.py:914} INFO - Processing file /opt/airflow/dags/etl_setup_dag.py for tasks to queue
[2025-03-06T09:59:45.159+0000] {logging_mixin.py:190} INFO - [2025-03-06T09:59:45.159+0000] {dagbag.py:588} INFO - Filling up the DagBag from /opt/airflow/dags/etl_setup_dag.py
[2025-03-06T09:59:45.561+0000] {logging_mixin.py:190} INFO - running encodings_setup.py
[2025-03-06T09:59:45.561+0000] {logging_mixin.py:190} INFO - Error loading API_KEY: API_KEY is missing in the environment variables
[2025-03-06T09:59:45.561+0000] {logging_mixin.py:190} INFO - Pipeline execution failed at encodings: API_KEY is missing in the environment variables
[2025-03-06T09:59:45.564+0000] {processor.py:925} INFO - DAG(s) 'etl_setup_dag' retrieved from /opt/airflow/dags/etl_setup_dag.py
[2025-03-06T09:59:45.579+0000] {logging_mixin.py:190} INFO - [2025-03-06T09:59:45.578+0000] {dag.py:3239} INFO - Sync 1 DAGs
[2025-03-06T09:59:45.588+0000] {logging_mixin.py:190} INFO - [2025-03-06T09:59:45.587+0000] {dag.py:4180} INFO - Setting next_dagrun for etl_setup_dag to None, run_after=None
[2025-03-06T09:59:45.607+0000] {processor.py:208} INFO - Processing /opt/airflow/dags/etl_setup_dag.py took 0.455 seconds
[2025-03-06T10:00:16.561+0000] {processor.py:186} INFO - Started process (PID=213) to work on /opt/airflow/dags/etl_setup_dag.py
[2025-03-06T10:00:16.561+0000] {processor.py:914} INFO - Processing file /opt/airflow/dags/etl_setup_dag.py for tasks to queue
[2025-03-06T10:00:16.564+0000] {logging_mixin.py:190} INFO - [2025-03-06T10:00:16.563+0000] {dagbag.py:588} INFO - Filling up the DagBag from /opt/airflow/dags/etl_setup_dag.py
[2025-03-06T10:00:16.991+0000] {logging_mixin.py:190} INFO - running encodings_setup.py
[2025-03-06T10:00:16.991+0000] {logging_mixin.py:190} INFO - Error loading API_KEY: API_KEY is missing in the environment variables
[2025-03-06T10:00:16.991+0000] {logging_mixin.py:190} INFO - Pipeline execution failed at encodings: API_KEY is missing in the environment variables
[2025-03-06T10:00:16.994+0000] {processor.py:925} INFO - DAG(s) 'etl_setup_dag' retrieved from /opt/airflow/dags/etl_setup_dag.py
[2025-03-06T10:00:17.009+0000] {logging_mixin.py:190} INFO - [2025-03-06T10:00:17.009+0000] {dag.py:3239} INFO - Sync 1 DAGs
[2025-03-06T10:00:17.019+0000] {logging_mixin.py:190} INFO - [2025-03-06T10:00:17.019+0000] {dag.py:4180} INFO - Setting next_dagrun for etl_setup_dag to None, run_after=None
[2025-03-06T10:00:17.031+0000] {processor.py:208} INFO - Processing /opt/airflow/dags/etl_setup_dag.py took 0.475 seconds
[2025-03-06T10:00:47.922+0000] {processor.py:186} INFO - Started process (PID=224) to work on /opt/airflow/dags/etl_setup_dag.py
[2025-03-06T10:00:47.922+0000] {processor.py:914} INFO - Processing file /opt/airflow/dags/etl_setup_dag.py for tasks to queue
[2025-03-06T10:00:47.924+0000] {logging_mixin.py:190} INFO - [2025-03-06T10:00:47.924+0000] {dagbag.py:588} INFO - Filling up the DagBag from /opt/airflow/dags/etl_setup_dag.py
[2025-03-06T10:00:48.307+0000] {logging_mixin.py:190} INFO - running encodings_setup.py
[2025-03-06T10:00:48.308+0000] {logging_mixin.py:190} INFO - Error loading API_KEY: API_KEY is missing in the environment variables
[2025-03-06T10:00:48.308+0000] {logging_mixin.py:190} INFO - Pipeline execution failed at encodings: API_KEY is missing in the environment variables
[2025-03-06T10:00:48.310+0000] {processor.py:925} INFO - DAG(s) 'etl_setup_dag' retrieved from /opt/airflow/dags/etl_setup_dag.py
[2025-03-06T10:00:48.327+0000] {logging_mixin.py:190} INFO - [2025-03-06T10:00:48.326+0000] {dag.py:3239} INFO - Sync 1 DAGs
[2025-03-06T10:00:48.336+0000] {logging_mixin.py:190} INFO - [2025-03-06T10:00:48.335+0000] {dag.py:4180} INFO - Setting next_dagrun for etl_setup_dag to None, run_after=None
[2025-03-06T10:00:48.348+0000] {processor.py:208} INFO - Processing /opt/airflow/dags/etl_setup_dag.py took 0.431 seconds
[2025-03-06T10:01:19.260+0000] {processor.py:186} INFO - Started process (PID=235) to work on /opt/airflow/dags/etl_setup_dag.py
[2025-03-06T10:01:19.261+0000] {processor.py:914} INFO - Processing file /opt/airflow/dags/etl_setup_dag.py for tasks to queue
[2025-03-06T10:01:19.263+0000] {logging_mixin.py:190} INFO - [2025-03-06T10:01:19.262+0000] {dagbag.py:588} INFO - Filling up the DagBag from /opt/airflow/dags/etl_setup_dag.py
[2025-03-06T10:01:19.678+0000] {logging_mixin.py:190} INFO - running encodings_setup.py
[2025-03-06T10:01:19.678+0000] {logging_mixin.py:190} INFO - Error loading API_KEY: API_KEY is missing in the environment variables
[2025-03-06T10:01:19.678+0000] {logging_mixin.py:190} INFO - Pipeline execution failed at encodings: API_KEY is missing in the environment variables
[2025-03-06T10:01:19.681+0000] {processor.py:925} INFO - DAG(s) 'etl_setup_dag' retrieved from /opt/airflow/dags/etl_setup_dag.py
[2025-03-06T10:01:19.697+0000] {logging_mixin.py:190} INFO - [2025-03-06T10:01:19.697+0000] {dag.py:3239} INFO - Sync 1 DAGs
[2025-03-06T10:01:19.706+0000] {logging_mixin.py:190} INFO - [2025-03-06T10:01:19.706+0000] {dag.py:4180} INFO - Setting next_dagrun for etl_setup_dag to None, run_after=None
[2025-03-06T10:01:19.718+0000] {processor.py:208} INFO - Processing /opt/airflow/dags/etl_setup_dag.py took 0.462 seconds
[2025-03-06T10:01:50.526+0000] {processor.py:186} INFO - Started process (PID=247) to work on /opt/airflow/dags/etl_setup_dag.py
[2025-03-06T10:01:50.527+0000] {processor.py:914} INFO - Processing file /opt/airflow/dags/etl_setup_dag.py for tasks to queue
[2025-03-06T10:01:50.529+0000] {logging_mixin.py:190} INFO - [2025-03-06T10:01:50.529+0000] {dagbag.py:588} INFO - Filling up the DagBag from /opt/airflow/dags/etl_setup_dag.py
[2025-03-06T10:01:50.909+0000] {logging_mixin.py:190} INFO - running encodings_setup.py
[2025-03-06T10:01:50.909+0000] {logging_mixin.py:190} INFO - Error loading API_KEY: API_KEY is missing in the environment variables
[2025-03-06T10:01:50.909+0000] {logging_mixin.py:190} INFO - Pipeline execution failed at encodings: API_KEY is missing in the environment variables
[2025-03-06T10:01:50.912+0000] {processor.py:925} INFO - DAG(s) 'etl_setup_dag' retrieved from /opt/airflow/dags/etl_setup_dag.py
[2025-03-06T10:01:50.927+0000] {logging_mixin.py:190} INFO - [2025-03-06T10:01:50.926+0000] {dag.py:3239} INFO - Sync 1 DAGs
[2025-03-06T10:01:50.936+0000] {logging_mixin.py:190} INFO - [2025-03-06T10:01:50.936+0000] {dag.py:4180} INFO - Setting next_dagrun for etl_setup_dag to None, run_after=None
[2025-03-06T10:01:50.948+0000] {processor.py:208} INFO - Processing /opt/airflow/dags/etl_setup_dag.py took 0.427 seconds
[2025-03-06T10:02:21.824+0000] {processor.py:186} INFO - Started process (PID=258) to work on /opt/airflow/dags/etl_setup_dag.py
[2025-03-06T10:02:21.825+0000] {processor.py:914} INFO - Processing file /opt/airflow/dags/etl_setup_dag.py for tasks to queue
[2025-03-06T10:02:21.827+0000] {logging_mixin.py:190} INFO - [2025-03-06T10:02:21.827+0000] {dagbag.py:588} INFO - Filling up the DagBag from /opt/airflow/dags/etl_setup_dag.py
[2025-03-06T10:02:22.210+0000] {logging_mixin.py:190} INFO - running encodings_setup.py
[2025-03-06T10:02:22.211+0000] {logging_mixin.py:190} INFO - Error loading API_KEY: API_KEY is missing in the environment variables
[2025-03-06T10:02:22.211+0000] {logging_mixin.py:190} INFO - Pipeline execution failed at encodings: API_KEY is missing in the environment variables
[2025-03-06T10:02:22.214+0000] {processor.py:925} INFO - DAG(s) 'etl_setup_dag' retrieved from /opt/airflow/dags/etl_setup_dag.py
[2025-03-06T10:02:22.229+0000] {logging_mixin.py:190} INFO - [2025-03-06T10:02:22.228+0000] {dag.py:3239} INFO - Sync 1 DAGs
[2025-03-06T10:02:22.238+0000] {logging_mixin.py:190} INFO - [2025-03-06T10:02:22.237+0000] {dag.py:4180} INFO - Setting next_dagrun for etl_setup_dag to None, run_after=None
[2025-03-06T10:02:22.250+0000] {processor.py:208} INFO - Processing /opt/airflow/dags/etl_setup_dag.py took 0.432 seconds
[2025-03-06T10:02:53.069+0000] {processor.py:186} INFO - Started process (PID=269) to work on /opt/airflow/dags/etl_setup_dag.py
[2025-03-06T10:02:53.070+0000] {processor.py:914} INFO - Processing file /opt/airflow/dags/etl_setup_dag.py for tasks to queue
[2025-03-06T10:02:53.072+0000] {logging_mixin.py:190} INFO - [2025-03-06T10:02:53.072+0000] {dagbag.py:588} INFO - Filling up the DagBag from /opt/airflow/dags/etl_setup_dag.py
[2025-03-06T10:02:53.598+0000] {logging_mixin.py:190} INFO - running encodings_setup.py
[2025-03-06T10:02:53.598+0000] {logging_mixin.py:190} INFO - Error loading API_KEY: API_KEY is missing in the environment variables
[2025-03-06T10:02:53.599+0000] {logging_mixin.py:190} INFO - Pipeline execution failed at encodings: API_KEY is missing in the environment variables
[2025-03-06T10:02:53.602+0000] {processor.py:925} INFO - DAG(s) 'etl_setup_dag' retrieved from /opt/airflow/dags/etl_setup_dag.py
[2025-03-06T10:02:53.631+0000] {logging_mixin.py:190} INFO - [2025-03-06T10:02:53.630+0000] {dag.py:3239} INFO - Sync 1 DAGs
[2025-03-06T10:02:53.646+0000] {logging_mixin.py:190} INFO - [2025-03-06T10:02:53.646+0000] {dag.py:4180} INFO - Setting next_dagrun for etl_setup_dag to None, run_after=None
[2025-03-06T10:02:53.661+0000] {processor.py:208} INFO - Processing /opt/airflow/dags/etl_setup_dag.py took 0.596 seconds
[2025-03-06T10:03:24.332+0000] {processor.py:186} INFO - Started process (PID=281) to work on /opt/airflow/dags/etl_setup_dag.py
[2025-03-06T10:03:24.332+0000] {processor.py:914} INFO - Processing file /opt/airflow/dags/etl_setup_dag.py for tasks to queue
[2025-03-06T10:03:24.334+0000] {logging_mixin.py:190} INFO - [2025-03-06T10:03:24.334+0000] {dagbag.py:588} INFO - Filling up the DagBag from /opt/airflow/dags/etl_setup_dag.py
[2025-03-06T10:03:24.801+0000] {logging_mixin.py:190} INFO - running encodings_setup.py
[2025-03-06T10:03:24.801+0000] {logging_mixin.py:190} INFO - Error loading API_KEY: API_KEY is missing in the environment variables
[2025-03-06T10:03:24.801+0000] {logging_mixin.py:190} INFO - Pipeline execution failed at encodings: API_KEY is missing in the environment variables
[2025-03-06T10:03:24.804+0000] {processor.py:925} INFO - DAG(s) 'etl_setup_dag' retrieved from /opt/airflow/dags/etl_setup_dag.py
[2025-03-06T10:03:24.820+0000] {logging_mixin.py:190} INFO - [2025-03-06T10:03:24.819+0000] {dag.py:3239} INFO - Sync 1 DAGs
[2025-03-06T10:03:24.831+0000] {logging_mixin.py:190} INFO - [2025-03-06T10:03:24.830+0000] {dag.py:4180} INFO - Setting next_dagrun for etl_setup_dag to None, run_after=None
[2025-03-06T10:03:24.843+0000] {processor.py:208} INFO - Processing /opt/airflow/dags/etl_setup_dag.py took 0.516 seconds
[2025-03-06T10:03:55.605+0000] {processor.py:186} INFO - Started process (PID=292) to work on /opt/airflow/dags/etl_setup_dag.py
[2025-03-06T10:03:55.606+0000] {processor.py:914} INFO - Processing file /opt/airflow/dags/etl_setup_dag.py for tasks to queue
[2025-03-06T10:03:55.608+0000] {logging_mixin.py:190} INFO - [2025-03-06T10:03:55.608+0000] {dagbag.py:588} INFO - Filling up the DagBag from /opt/airflow/dags/etl_setup_dag.py
[2025-03-06T10:03:56.007+0000] {logging_mixin.py:190} INFO - running encodings_setup.py
[2025-03-06T10:03:56.008+0000] {logging_mixin.py:190} INFO - Error loading API_KEY: API_KEY is missing in the environment variables
[2025-03-06T10:03:56.008+0000] {logging_mixin.py:190} INFO - Pipeline execution failed at encodings: API_KEY is missing in the environment variables
[2025-03-06T10:03:56.010+0000] {processor.py:925} INFO - DAG(s) 'etl_setup_dag' retrieved from /opt/airflow/dags/etl_setup_dag.py
[2025-03-06T10:03:56.026+0000] {logging_mixin.py:190} INFO - [2025-03-06T10:03:56.026+0000] {dag.py:3239} INFO - Sync 1 DAGs
[2025-03-06T10:03:56.034+0000] {logging_mixin.py:190} INFO - [2025-03-06T10:03:56.034+0000] {dag.py:4180} INFO - Setting next_dagrun for etl_setup_dag to None, run_after=None
[2025-03-06T10:03:56.046+0000] {processor.py:208} INFO - Processing /opt/airflow/dags/etl_setup_dag.py took 0.445 seconds
[2025-03-06T10:04:26.890+0000] {processor.py:186} INFO - Started process (PID=304) to work on /opt/airflow/dags/etl_setup_dag.py
[2025-03-06T10:04:26.890+0000] {processor.py:914} INFO - Processing file /opt/airflow/dags/etl_setup_dag.py for tasks to queue
[2025-03-06T10:04:26.893+0000] {logging_mixin.py:190} INFO - [2025-03-06T10:04:26.892+0000] {dagbag.py:588} INFO - Filling up the DagBag from /opt/airflow/dags/etl_setup_dag.py
[2025-03-06T10:04:27.251+0000] {logging_mixin.py:190} INFO - running encodings_setup.py
[2025-03-06T10:04:27.251+0000] {logging_mixin.py:190} INFO - Error loading API_KEY: API_KEY is missing in the environment variables
[2025-03-06T10:04:27.252+0000] {logging_mixin.py:190} INFO - Pipeline execution failed at encodings: API_KEY is missing in the environment variables
[2025-03-06T10:04:27.254+0000] {processor.py:925} INFO - DAG(s) 'etl_setup_dag' retrieved from /opt/airflow/dags/etl_setup_dag.py
[2025-03-06T10:04:27.268+0000] {logging_mixin.py:190} INFO - [2025-03-06T10:04:27.268+0000] {dag.py:3239} INFO - Sync 1 DAGs
[2025-03-06T10:04:27.277+0000] {logging_mixin.py:190} INFO - [2025-03-06T10:04:27.276+0000] {dag.py:4180} INFO - Setting next_dagrun for etl_setup_dag to None, run_after=None
[2025-03-06T10:04:27.287+0000] {processor.py:208} INFO - Processing /opt/airflow/dags/etl_setup_dag.py took 0.404 seconds
[2025-03-06T10:04:58.237+0000] {processor.py:186} INFO - Started process (PID=316) to work on /opt/airflow/dags/etl_setup_dag.py
[2025-03-06T10:04:58.238+0000] {processor.py:914} INFO - Processing file /opt/airflow/dags/etl_setup_dag.py for tasks to queue
[2025-03-06T10:04:58.240+0000] {logging_mixin.py:190} INFO - [2025-03-06T10:04:58.240+0000] {dagbag.py:588} INFO - Filling up the DagBag from /opt/airflow/dags/etl_setup_dag.py
[2025-03-06T10:04:58.774+0000] {logging_mixin.py:190} INFO - running encodings_setup.py
[2025-03-06T10:04:58.774+0000] {logging_mixin.py:190} INFO - Error loading API_KEY: API_KEY is missing in the environment variables
[2025-03-06T10:04:58.775+0000] {logging_mixin.py:190} INFO - Pipeline execution failed at encodings: API_KEY is missing in the environment variables
[2025-03-06T10:04:58.777+0000] {processor.py:925} INFO - DAG(s) 'etl_setup_dag' retrieved from /opt/airflow/dags/etl_setup_dag.py
[2025-03-06T10:04:58.792+0000] {logging_mixin.py:190} INFO - [2025-03-06T10:04:58.791+0000] {dag.py:3239} INFO - Sync 1 DAGs
[2025-03-06T10:04:58.800+0000] {logging_mixin.py:190} INFO - [2025-03-06T10:04:58.800+0000] {dag.py:4180} INFO - Setting next_dagrun for etl_setup_dag to None, run_after=None
[2025-03-06T10:04:58.811+0000] {processor.py:208} INFO - Processing /opt/airflow/dags/etl_setup_dag.py took 0.580 seconds
[2025-03-06T10:05:29.518+0000] {processor.py:186} INFO - Started process (PID=328) to work on /opt/airflow/dags/etl_setup_dag.py
[2025-03-06T10:05:29.519+0000] {processor.py:914} INFO - Processing file /opt/airflow/dags/etl_setup_dag.py for tasks to queue
[2025-03-06T10:05:29.522+0000] {logging_mixin.py:190} INFO - [2025-03-06T10:05:29.522+0000] {dagbag.py:588} INFO - Filling up the DagBag from /opt/airflow/dags/etl_setup_dag.py
[2025-03-06T10:05:30.107+0000] {logging_mixin.py:190} INFO - running encodings_setup.py
[2025-03-06T10:05:30.108+0000] {logging_mixin.py:190} INFO - Error loading API_KEY: API_KEY is missing in the environment variables
[2025-03-06T10:05:30.108+0000] {logging_mixin.py:190} INFO - Pipeline execution failed at encodings: API_KEY is missing in the environment variables
[2025-03-06T10:05:30.112+0000] {processor.py:925} INFO - DAG(s) 'etl_setup_dag' retrieved from /opt/airflow/dags/etl_setup_dag.py
[2025-03-06T10:05:30.132+0000] {logging_mixin.py:190} INFO - [2025-03-06T10:05:30.132+0000] {dag.py:3239} INFO - Sync 1 DAGs
[2025-03-06T10:05:30.146+0000] {logging_mixin.py:190} INFO - [2025-03-06T10:05:30.146+0000] {dag.py:4180} INFO - Setting next_dagrun for etl_setup_dag to None, run_after=None
[2025-03-06T10:05:30.164+0000] {processor.py:208} INFO - Processing /opt/airflow/dags/etl_setup_dag.py took 0.652 seconds
[2025-03-06T10:06:00.822+0000] {processor.py:186} INFO - Started process (PID=339) to work on /opt/airflow/dags/etl_setup_dag.py
[2025-03-06T10:06:00.822+0000] {processor.py:914} INFO - Processing file /opt/airflow/dags/etl_setup_dag.py for tasks to queue
[2025-03-06T10:06:00.824+0000] {logging_mixin.py:190} INFO - [2025-03-06T10:06:00.824+0000] {dagbag.py:588} INFO - Filling up the DagBag from /opt/airflow/dags/etl_setup_dag.py
[2025-03-06T10:06:01.186+0000] {logging_mixin.py:190} INFO - running encodings_setup.py
[2025-03-06T10:06:01.186+0000] {logging_mixin.py:190} INFO - Error loading API_KEY: API_KEY is missing in the environment variables
[2025-03-06T10:06:01.186+0000] {logging_mixin.py:190} INFO - Pipeline execution failed at encodings: API_KEY is missing in the environment variables
[2025-03-06T10:06:01.189+0000] {processor.py:925} INFO - DAG(s) 'etl_setup_dag' retrieved from /opt/airflow/dags/etl_setup_dag.py
[2025-03-06T10:06:01.204+0000] {logging_mixin.py:190} INFO - [2025-03-06T10:06:01.203+0000] {dag.py:3239} INFO - Sync 1 DAGs
[2025-03-06T10:06:01.213+0000] {logging_mixin.py:190} INFO - [2025-03-06T10:06:01.213+0000] {dag.py:4180} INFO - Setting next_dagrun for etl_setup_dag to None, run_after=None
[2025-03-06T10:06:01.224+0000] {processor.py:208} INFO - Processing /opt/airflow/dags/etl_setup_dag.py took 0.408 seconds
[2025-03-06T10:06:32.129+0000] {processor.py:186} INFO - Started process (PID=351) to work on /opt/airflow/dags/etl_setup_dag.py
[2025-03-06T10:06:32.135+0000] {processor.py:914} INFO - Processing file /opt/airflow/dags/etl_setup_dag.py for tasks to queue
[2025-03-06T10:06:32.137+0000] {logging_mixin.py:190} INFO - [2025-03-06T10:06:32.137+0000] {dagbag.py:588} INFO - Filling up the DagBag from /opt/airflow/dags/etl_setup_dag.py
[2025-03-06T10:06:32.571+0000] {logging_mixin.py:190} INFO - running encodings_setup.py
[2025-03-06T10:06:32.572+0000] {logging_mixin.py:190} INFO - Error loading API_KEY: API_KEY is missing in the environment variables
[2025-03-06T10:06:32.572+0000] {logging_mixin.py:190} INFO - Pipeline execution failed at encodings: API_KEY is missing in the environment variables
[2025-03-06T10:06:32.574+0000] {processor.py:925} INFO - DAG(s) 'etl_setup_dag' retrieved from /opt/airflow/dags/etl_setup_dag.py
[2025-03-06T10:06:32.590+0000] {logging_mixin.py:190} INFO - [2025-03-06T10:06:32.590+0000] {dag.py:3239} INFO - Sync 1 DAGs
[2025-03-06T10:06:32.599+0000] {logging_mixin.py:190} INFO - [2025-03-06T10:06:32.599+0000] {dag.py:4180} INFO - Setting next_dagrun for etl_setup_dag to None, run_after=None
[2025-03-06T10:06:32.610+0000] {processor.py:208} INFO - Processing /opt/airflow/dags/etl_setup_dag.py took 0.491 seconds
[2025-03-06T10:07:02.697+0000] {processor.py:186} INFO - Started process (PID=364) to work on /opt/airflow/dags/etl_setup_dag.py
[2025-03-06T10:07:02.703+0000] {processor.py:914} INFO - Processing file /opt/airflow/dags/etl_setup_dag.py for tasks to queue
[2025-03-06T10:07:02.706+0000] {logging_mixin.py:190} INFO - [2025-03-06T10:07:02.706+0000] {dagbag.py:588} INFO - Filling up the DagBag from /opt/airflow/dags/etl_setup_dag.py
[2025-03-06T10:07:03.299+0000] {logging_mixin.py:190} INFO - running encodings_setup.py
[2025-03-06T10:07:03.300+0000] {logging_mixin.py:190} INFO - Error loading API_KEY: API_KEY is missing in the environment variables
[2025-03-06T10:07:03.300+0000] {logging_mixin.py:190} INFO - Pipeline execution failed at encodings: API_KEY is missing in the environment variables
[2025-03-06T10:07:03.304+0000] {processor.py:925} INFO - DAG(s) 'etl_setup_dag' retrieved from /opt/airflow/dags/etl_setup_dag.py
[2025-03-06T10:07:03.344+0000] {logging_mixin.py:190} INFO - [2025-03-06T10:07:03.344+0000] {dag.py:3239} INFO - Sync 1 DAGs
[2025-03-06T10:07:03.367+0000] {logging_mixin.py:190} INFO - [2025-03-06T10:07:03.367+0000] {dag.py:4180} INFO - Setting next_dagrun for etl_setup_dag to None, run_after=None
[2025-03-06T10:07:03.389+0000] {processor.py:208} INFO - Processing /opt/airflow/dags/etl_setup_dag.py took 0.708 seconds
[2025-03-06T10:07:33.754+0000] {processor.py:186} INFO - Started process (PID=376) to work on /opt/airflow/dags/etl_setup_dag.py
[2025-03-06T10:07:33.755+0000] {processor.py:914} INFO - Processing file /opt/airflow/dags/etl_setup_dag.py for tasks to queue
[2025-03-06T10:07:33.758+0000] {logging_mixin.py:190} INFO - [2025-03-06T10:07:33.758+0000] {dagbag.py:588} INFO - Filling up the DagBag from /opt/airflow/dags/etl_setup_dag.py
[2025-03-06T10:07:34.192+0000] {logging_mixin.py:190} INFO - running encodings_setup.py
[2025-03-06T10:07:34.192+0000] {logging_mixin.py:190} INFO - Error loading API_KEY: API_KEY is missing in the environment variables
[2025-03-06T10:07:34.192+0000] {logging_mixin.py:190} INFO - Pipeline execution failed at encodings: API_KEY is missing in the environment variables
[2025-03-06T10:07:34.196+0000] {processor.py:925} INFO - DAG(s) 'etl_setup_dag' retrieved from /opt/airflow/dags/etl_setup_dag.py
[2025-03-06T10:07:34.217+0000] {logging_mixin.py:190} INFO - [2025-03-06T10:07:34.216+0000] {dag.py:3239} INFO - Sync 1 DAGs
[2025-03-06T10:07:34.230+0000] {logging_mixin.py:190} INFO - [2025-03-06T10:07:34.230+0000] {dag.py:4180} INFO - Setting next_dagrun for etl_setup_dag to None, run_after=None
[2025-03-06T10:07:34.245+0000] {processor.py:208} INFO - Processing /opt/airflow/dags/etl_setup_dag.py took 0.497 seconds
[2025-03-06T10:08:05.093+0000] {processor.py:186} INFO - Started process (PID=388) to work on /opt/airflow/dags/etl_setup_dag.py
[2025-03-06T10:08:05.094+0000] {processor.py:914} INFO - Processing file /opt/airflow/dags/etl_setup_dag.py for tasks to queue
[2025-03-06T10:08:05.096+0000] {logging_mixin.py:190} INFO - [2025-03-06T10:08:05.095+0000] {dagbag.py:588} INFO - Filling up the DagBag from /opt/airflow/dags/etl_setup_dag.py
[2025-03-06T10:08:05.458+0000] {logging_mixin.py:190} INFO - running encodings_setup.py
[2025-03-06T10:08:05.459+0000] {logging_mixin.py:190} INFO - Error loading API_KEY: API_KEY is missing in the environment variables
[2025-03-06T10:08:05.459+0000] {logging_mixin.py:190} INFO - Pipeline execution failed at encodings: API_KEY is missing in the environment variables
[2025-03-06T10:08:05.462+0000] {processor.py:925} INFO - DAG(s) 'etl_setup_dag' retrieved from /opt/airflow/dags/etl_setup_dag.py
[2025-03-06T10:08:05.477+0000] {logging_mixin.py:190} INFO - [2025-03-06T10:08:05.476+0000] {dag.py:3239} INFO - Sync 1 DAGs
[2025-03-06T10:08:05.486+0000] {logging_mixin.py:190} INFO - [2025-03-06T10:08:05.486+0000] {dag.py:4180} INFO - Setting next_dagrun for etl_setup_dag to None, run_after=None
[2025-03-06T10:08:05.497+0000] {processor.py:208} INFO - Processing /opt/airflow/dags/etl_setup_dag.py took 0.408 seconds
[2025-03-06T10:08:36.372+0000] {processor.py:186} INFO - Started process (PID=399) to work on /opt/airflow/dags/etl_setup_dag.py
[2025-03-06T10:08:36.372+0000] {processor.py:914} INFO - Processing file /opt/airflow/dags/etl_setup_dag.py for tasks to queue
[2025-03-06T10:08:36.374+0000] {logging_mixin.py:190} INFO - [2025-03-06T10:08:36.374+0000] {dagbag.py:588} INFO - Filling up the DagBag from /opt/airflow/dags/etl_setup_dag.py
[2025-03-06T10:08:36.826+0000] {logging_mixin.py:190} INFO - running encodings_setup.py
[2025-03-06T10:08:36.826+0000] {logging_mixin.py:190} INFO - Error loading API_KEY: API_KEY is missing in the environment variables
[2025-03-06T10:08:36.826+0000] {logging_mixin.py:190} INFO - Pipeline execution failed at encodings: API_KEY is missing in the environment variables
[2025-03-06T10:08:36.829+0000] {processor.py:925} INFO - DAG(s) 'etl_setup_dag' retrieved from /opt/airflow/dags/etl_setup_dag.py
[2025-03-06T10:08:36.844+0000] {logging_mixin.py:190} INFO - [2025-03-06T10:08:36.844+0000] {dag.py:3239} INFO - Sync 1 DAGs
[2025-03-06T10:08:36.853+0000] {logging_mixin.py:190} INFO - [2025-03-06T10:08:36.853+0000] {dag.py:4180} INFO - Setting next_dagrun for etl_setup_dag to None, run_after=None
[2025-03-06T10:08:36.865+0000] {processor.py:208} INFO - Processing /opt/airflow/dags/etl_setup_dag.py took 0.500 seconds
[2025-03-06T10:09:07.613+0000] {processor.py:186} INFO - Started process (PID=411) to work on /opt/airflow/dags/etl_setup_dag.py
[2025-03-06T10:09:07.614+0000] {processor.py:914} INFO - Processing file /opt/airflow/dags/etl_setup_dag.py for tasks to queue
[2025-03-06T10:09:07.616+0000] {logging_mixin.py:190} INFO - [2025-03-06T10:09:07.615+0000] {dagbag.py:588} INFO - Filling up the DagBag from /opt/airflow/dags/etl_setup_dag.py
[2025-03-06T10:09:08.013+0000] {logging_mixin.py:190} INFO - running encodings_setup.py
[2025-03-06T10:09:08.014+0000] {logging_mixin.py:190} INFO - Error loading API_KEY: API_KEY is missing in the environment variables
[2025-03-06T10:09:08.014+0000] {logging_mixin.py:190} INFO - Pipeline execution failed at encodings: API_KEY is missing in the environment variables
[2025-03-06T10:09:08.016+0000] {processor.py:925} INFO - DAG(s) 'etl_setup_dag' retrieved from /opt/airflow/dags/etl_setup_dag.py
[2025-03-06T10:09:08.032+0000] {logging_mixin.py:190} INFO - [2025-03-06T10:09:08.032+0000] {dag.py:3239} INFO - Sync 1 DAGs
[2025-03-06T10:09:08.042+0000] {logging_mixin.py:190} INFO - [2025-03-06T10:09:08.042+0000] {dag.py:4180} INFO - Setting next_dagrun for etl_setup_dag to None, run_after=None
[2025-03-06T10:09:08.054+0000] {processor.py:208} INFO - Processing /opt/airflow/dags/etl_setup_dag.py took 0.446 seconds
[2025-03-06T10:09:38.975+0000] {processor.py:186} INFO - Started process (PID=422) to work on /opt/airflow/dags/etl_setup_dag.py
[2025-03-06T10:09:38.976+0000] {processor.py:914} INFO - Processing file /opt/airflow/dags/etl_setup_dag.py for tasks to queue
[2025-03-06T10:09:38.977+0000] {logging_mixin.py:190} INFO - [2025-03-06T10:09:38.977+0000] {dagbag.py:588} INFO - Filling up the DagBag from /opt/airflow/dags/etl_setup_dag.py
[2025-03-06T10:09:39.342+0000] {logging_mixin.py:190} INFO - running encodings_setup.py
[2025-03-06T10:09:39.343+0000] {logging_mixin.py:190} INFO - Error loading API_KEY: API_KEY is missing in the environment variables
[2025-03-06T10:09:39.343+0000] {logging_mixin.py:190} INFO - Pipeline execution failed at encodings: API_KEY is missing in the environment variables
[2025-03-06T10:09:39.345+0000] {processor.py:925} INFO - DAG(s) 'etl_setup_dag' retrieved from /opt/airflow/dags/etl_setup_dag.py
[2025-03-06T10:09:39.361+0000] {logging_mixin.py:190} INFO - [2025-03-06T10:09:39.361+0000] {dag.py:3239} INFO - Sync 1 DAGs
[2025-03-06T10:09:39.370+0000] {logging_mixin.py:190} INFO - [2025-03-06T10:09:39.369+0000] {dag.py:4180} INFO - Setting next_dagrun for etl_setup_dag to None, run_after=None
[2025-03-06T10:09:39.381+0000] {processor.py:208} INFO - Processing /opt/airflow/dags/etl_setup_dag.py took 0.411 seconds
[2025-03-06T10:10:10.200+0000] {processor.py:186} INFO - Started process (PID=433) to work on /opt/airflow/dags/etl_setup_dag.py
[2025-03-06T10:10:10.201+0000] {processor.py:914} INFO - Processing file /opt/airflow/dags/etl_setup_dag.py for tasks to queue
[2025-03-06T10:10:10.203+0000] {logging_mixin.py:190} INFO - [2025-03-06T10:10:10.203+0000] {dagbag.py:588} INFO - Filling up the DagBag from /opt/airflow/dags/etl_setup_dag.py
[2025-03-06T10:10:10.656+0000] {logging_mixin.py:190} INFO - running encodings_setup.py
[2025-03-06T10:10:10.657+0000] {logging_mixin.py:190} INFO - Error loading API_KEY: API_KEY is missing in the environment variables
[2025-03-06T10:10:10.657+0000] {logging_mixin.py:190} INFO - Pipeline execution failed at encodings: API_KEY is missing in the environment variables
[2025-03-06T10:10:10.659+0000] {processor.py:925} INFO - DAG(s) 'etl_setup_dag' retrieved from /opt/airflow/dags/etl_setup_dag.py
[2025-03-06T10:10:10.674+0000] {logging_mixin.py:190} INFO - [2025-03-06T10:10:10.674+0000] {dag.py:3239} INFO - Sync 1 DAGs
[2025-03-06T10:10:10.683+0000] {logging_mixin.py:190} INFO - [2025-03-06T10:10:10.682+0000] {dag.py:4180} INFO - Setting next_dagrun for etl_setup_dag to None, run_after=None
[2025-03-06T10:10:10.694+0000] {processor.py:208} INFO - Processing /opt/airflow/dags/etl_setup_dag.py took 0.498 seconds
[2025-03-06T10:10:41.465+0000] {processor.py:186} INFO - Started process (PID=444) to work on /opt/airflow/dags/etl_setup_dag.py
[2025-03-06T10:10:41.466+0000] {processor.py:914} INFO - Processing file /opt/airflow/dags/etl_setup_dag.py for tasks to queue
[2025-03-06T10:10:41.468+0000] {logging_mixin.py:190} INFO - [2025-03-06T10:10:41.468+0000] {dagbag.py:588} INFO - Filling up the DagBag from /opt/airflow/dags/etl_setup_dag.py
[2025-03-06T10:10:41.855+0000] {logging_mixin.py:190} INFO - running encodings_setup.py
[2025-03-06T10:10:41.856+0000] {logging_mixin.py:190} INFO - Error loading API_KEY: API_KEY is missing in the environment variables
[2025-03-06T10:10:41.856+0000] {logging_mixin.py:190} INFO - Pipeline execution failed at encodings: API_KEY is missing in the environment variables
[2025-03-06T10:10:41.858+0000] {processor.py:925} INFO - DAG(s) 'etl_setup_dag' retrieved from /opt/airflow/dags/etl_setup_dag.py
[2025-03-06T10:10:41.873+0000] {logging_mixin.py:190} INFO - [2025-03-06T10:10:41.872+0000] {dag.py:3239} INFO - Sync 1 DAGs
[2025-03-06T10:10:41.881+0000] {logging_mixin.py:190} INFO - [2025-03-06T10:10:41.881+0000] {dag.py:4180} INFO - Setting next_dagrun for etl_setup_dag to None, run_after=None
[2025-03-06T10:10:41.892+0000] {processor.py:208} INFO - Processing /opt/airflow/dags/etl_setup_dag.py took 0.431 seconds
[2025-03-06T10:11:12.777+0000] {processor.py:186} INFO - Started process (PID=456) to work on /opt/airflow/dags/etl_setup_dag.py
[2025-03-06T10:11:12.778+0000] {processor.py:914} INFO - Processing file /opt/airflow/dags/etl_setup_dag.py for tasks to queue
[2025-03-06T10:11:12.780+0000] {logging_mixin.py:190} INFO - [2025-03-06T10:11:12.779+0000] {dagbag.py:588} INFO - Filling up the DagBag from /opt/airflow/dags/etl_setup_dag.py
[2025-03-06T10:11:13.164+0000] {logging_mixin.py:190} INFO - running encodings_setup.py
[2025-03-06T10:11:13.165+0000] {logging_mixin.py:190} INFO - Error loading API_KEY: API_KEY is missing in the environment variables
[2025-03-06T10:11:13.165+0000] {logging_mixin.py:190} INFO - Pipeline execution failed at encodings: API_KEY is missing in the environment variables
[2025-03-06T10:11:13.167+0000] {processor.py:925} INFO - DAG(s) 'etl_setup_dag' retrieved from /opt/airflow/dags/etl_setup_dag.py
[2025-03-06T10:11:13.182+0000] {logging_mixin.py:190} INFO - [2025-03-06T10:11:13.182+0000] {dag.py:3239} INFO - Sync 1 DAGs
[2025-03-06T10:11:13.191+0000] {logging_mixin.py:190} INFO - [2025-03-06T10:11:13.191+0000] {dag.py:4180} INFO - Setting next_dagrun for etl_setup_dag to None, run_after=None
[2025-03-06T10:11:13.204+0000] {processor.py:208} INFO - Processing /opt/airflow/dags/etl_setup_dag.py took 0.432 seconds
[2025-03-06T10:11:44.056+0000] {processor.py:186} INFO - Started process (PID=473) to work on /opt/airflow/dags/etl_setup_dag.py
[2025-03-06T10:11:44.056+0000] {processor.py:914} INFO - Processing file /opt/airflow/dags/etl_setup_dag.py for tasks to queue
[2025-03-06T10:11:44.058+0000] {logging_mixin.py:190} INFO - [2025-03-06T10:11:44.058+0000] {dagbag.py:588} INFO - Filling up the DagBag from /opt/airflow/dags/etl_setup_dag.py
[2025-03-06T10:11:44.427+0000] {logging_mixin.py:190} INFO - running encodings_setup.py
[2025-03-06T10:11:44.428+0000] {logging_mixin.py:190} INFO - Error loading API_KEY: API_KEY is missing in the environment variables
[2025-03-06T10:11:44.428+0000] {logging_mixin.py:190} INFO - Pipeline execution failed at encodings: API_KEY is missing in the environment variables
[2025-03-06T10:11:44.430+0000] {processor.py:925} INFO - DAG(s) 'etl_setup_dag' retrieved from /opt/airflow/dags/etl_setup_dag.py
[2025-03-06T10:11:44.445+0000] {logging_mixin.py:190} INFO - [2025-03-06T10:11:44.445+0000] {dag.py:3239} INFO - Sync 1 DAGs
[2025-03-06T10:11:44.454+0000] {logging_mixin.py:190} INFO - [2025-03-06T10:11:44.454+0000] {dag.py:4180} INFO - Setting next_dagrun for etl_setup_dag to None, run_after=None
[2025-03-06T10:11:44.466+0000] {processor.py:208} INFO - Processing /opt/airflow/dags/etl_setup_dag.py took 0.414 seconds
[2025-03-06T10:12:15.368+0000] {processor.py:186} INFO - Started process (PID=485) to work on /opt/airflow/dags/etl_setup_dag.py
[2025-03-06T10:12:15.368+0000] {processor.py:914} INFO - Processing file /opt/airflow/dags/etl_setup_dag.py for tasks to queue
[2025-03-06T10:12:15.370+0000] {logging_mixin.py:190} INFO - [2025-03-06T10:12:15.370+0000] {dagbag.py:588} INFO - Filling up the DagBag from /opt/airflow/dags/etl_setup_dag.py
[2025-03-06T10:12:15.721+0000] {logging_mixin.py:190} INFO - running encodings_setup.py
[2025-03-06T10:12:15.722+0000] {logging_mixin.py:190} INFO - Error loading API_KEY: API_KEY is missing in the environment variables
[2025-03-06T10:12:15.722+0000] {logging_mixin.py:190} INFO - Pipeline execution failed at encodings: API_KEY is missing in the environment variables
[2025-03-06T10:12:15.725+0000] {processor.py:925} INFO - DAG(s) 'etl_setup_dag' retrieved from /opt/airflow/dags/etl_setup_dag.py
[2025-03-06T10:12:15.740+0000] {logging_mixin.py:190} INFO - [2025-03-06T10:12:15.740+0000] {dag.py:3239} INFO - Sync 1 DAGs
[2025-03-06T10:12:15.750+0000] {logging_mixin.py:190} INFO - [2025-03-06T10:12:15.749+0000] {dag.py:4180} INFO - Setting next_dagrun for etl_setup_dag to None, run_after=None
[2025-03-06T10:12:15.761+0000] {processor.py:208} INFO - Processing /opt/airflow/dags/etl_setup_dag.py took 0.398 seconds
[2025-03-06T10:12:45.818+0000] {processor.py:186} INFO - Started process (PID=496) to work on /opt/airflow/dags/etl_setup_dag.py
[2025-03-06T10:12:45.818+0000] {processor.py:914} INFO - Processing file /opt/airflow/dags/etl_setup_dag.py for tasks to queue
[2025-03-06T10:12:45.821+0000] {logging_mixin.py:190} INFO - [2025-03-06T10:12:45.820+0000] {dagbag.py:588} INFO - Filling up the DagBag from /opt/airflow/dags/etl_setup_dag.py
[2025-03-06T10:12:46.180+0000] {logging_mixin.py:190} INFO - running encodings_setup.py
[2025-03-06T10:12:46.180+0000] {logging_mixin.py:190} INFO - Error loading API_KEY: API_KEY is missing in the environment variables
[2025-03-06T10:12:46.180+0000] {logging_mixin.py:190} INFO - Pipeline execution failed at encodings: API_KEY is missing in the environment variables
[2025-03-06T10:12:46.183+0000] {processor.py:925} INFO - DAG(s) 'etl_setup_dag' retrieved from /opt/airflow/dags/etl_setup_dag.py
[2025-03-06T10:12:46.198+0000] {logging_mixin.py:190} INFO - [2025-03-06T10:12:46.197+0000] {dag.py:3239} INFO - Sync 1 DAGs
[2025-03-06T10:12:46.206+0000] {logging_mixin.py:190} INFO - [2025-03-06T10:12:46.206+0000] {dag.py:4180} INFO - Setting next_dagrun for etl_setup_dag to None, run_after=None
[2025-03-06T10:12:46.217+0000] {processor.py:208} INFO - Processing /opt/airflow/dags/etl_setup_dag.py took 0.404 seconds
[2025-03-06T10:13:17.087+0000] {processor.py:186} INFO - Started process (PID=508) to work on /opt/airflow/dags/etl_setup_dag.py
[2025-03-06T10:13:17.088+0000] {processor.py:914} INFO - Processing file /opt/airflow/dags/etl_setup_dag.py for tasks to queue
[2025-03-06T10:13:17.090+0000] {logging_mixin.py:190} INFO - [2025-03-06T10:13:17.090+0000] {dagbag.py:588} INFO - Filling up the DagBag from /opt/airflow/dags/etl_setup_dag.py
[2025-03-06T10:13:17.439+0000] {logging_mixin.py:190} INFO - running encodings_setup.py
[2025-03-06T10:13:17.440+0000] {logging_mixin.py:190} INFO - Error loading API_KEY: API_KEY is missing in the environment variables
[2025-03-06T10:13:17.440+0000] {logging_mixin.py:190} INFO - Pipeline execution failed at encodings: API_KEY is missing in the environment variables
[2025-03-06T10:13:17.442+0000] {processor.py:925} INFO - DAG(s) 'etl_setup_dag' retrieved from /opt/airflow/dags/etl_setup_dag.py
[2025-03-06T10:13:17.457+0000] {logging_mixin.py:190} INFO - [2025-03-06T10:13:17.457+0000] {dag.py:3239} INFO - Sync 1 DAGs
[2025-03-06T10:13:17.465+0000] {logging_mixin.py:190} INFO - [2025-03-06T10:13:17.465+0000] {dag.py:4180} INFO - Setting next_dagrun for etl_setup_dag to None, run_after=None
[2025-03-06T10:13:17.476+0000] {processor.py:208} INFO - Processing /opt/airflow/dags/etl_setup_dag.py took 0.394 seconds
[2025-03-06T10:13:48.351+0000] {processor.py:186} INFO - Started process (PID=520) to work on /opt/airflow/dags/etl_setup_dag.py
[2025-03-06T10:13:48.352+0000] {processor.py:914} INFO - Processing file /opt/airflow/dags/etl_setup_dag.py for tasks to queue
[2025-03-06T10:13:48.354+0000] {logging_mixin.py:190} INFO - [2025-03-06T10:13:48.353+0000] {dagbag.py:588} INFO - Filling up the DagBag from /opt/airflow/dags/etl_setup_dag.py
[2025-03-06T10:13:48.825+0000] {logging_mixin.py:190} INFO - running encodings_setup.py
[2025-03-06T10:13:48.826+0000] {logging_mixin.py:190} INFO - Error loading API_KEY: API_KEY is missing in the environment variables
[2025-03-06T10:13:48.826+0000] {logging_mixin.py:190} INFO - Pipeline execution failed at encodings: API_KEY is missing in the environment variables
[2025-03-06T10:13:48.828+0000] {processor.py:925} INFO - DAG(s) 'etl_setup_dag' retrieved from /opt/airflow/dags/etl_setup_dag.py
[2025-03-06T10:13:48.843+0000] {logging_mixin.py:190} INFO - [2025-03-06T10:13:48.842+0000] {dag.py:3239} INFO - Sync 1 DAGs
[2025-03-06T10:13:48.853+0000] {logging_mixin.py:190} INFO - [2025-03-06T10:13:48.853+0000] {dag.py:4180} INFO - Setting next_dagrun for etl_setup_dag to None, run_after=None
[2025-03-06T10:13:48.864+0000] {processor.py:208} INFO - Processing /opt/airflow/dags/etl_setup_dag.py took 0.518 seconds
[2025-03-06T10:14:19.621+0000] {processor.py:186} INFO - Started process (PID=531) to work on /opt/airflow/dags/etl_setup_dag.py
[2025-03-06T10:14:19.622+0000] {processor.py:914} INFO - Processing file /opt/airflow/dags/etl_setup_dag.py for tasks to queue
[2025-03-06T10:14:19.624+0000] {logging_mixin.py:190} INFO - [2025-03-06T10:14:19.624+0000] {dagbag.py:588} INFO - Filling up the DagBag from /opt/airflow/dags/etl_setup_dag.py
[2025-03-06T10:14:20.105+0000] {logging_mixin.py:190} INFO - running encodings_setup.py
[2025-03-06T10:14:20.105+0000] {logging_mixin.py:190} INFO - Error loading API_KEY: API_KEY is missing in the environment variables
[2025-03-06T10:14:20.105+0000] {logging_mixin.py:190} INFO - Pipeline execution failed at encodings: API_KEY is missing in the environment variables
[2025-03-06T10:14:20.108+0000] {processor.py:925} INFO - DAG(s) 'etl_setup_dag' retrieved from /opt/airflow/dags/etl_setup_dag.py
[2025-03-06T10:14:20.122+0000] {logging_mixin.py:190} INFO - [2025-03-06T10:14:20.122+0000] {dag.py:3239} INFO - Sync 1 DAGs
[2025-03-06T10:14:20.132+0000] {logging_mixin.py:190} INFO - [2025-03-06T10:14:20.132+0000] {dag.py:4180} INFO - Setting next_dagrun for etl_setup_dag to None, run_after=None
[2025-03-06T10:14:20.144+0000] {processor.py:208} INFO - Processing /opt/airflow/dags/etl_setup_dag.py took 0.528 seconds
[2025-03-06T10:14:50.933+0000] {processor.py:186} INFO - Started process (PID=543) to work on /opt/airflow/dags/etl_setup_dag.py
[2025-03-06T10:14:50.933+0000] {processor.py:914} INFO - Processing file /opt/airflow/dags/etl_setup_dag.py for tasks to queue
[2025-03-06T10:14:50.935+0000] {logging_mixin.py:190} INFO - [2025-03-06T10:14:50.935+0000] {dagbag.py:588} INFO - Filling up the DagBag from /opt/airflow/dags/etl_setup_dag.py
[2025-03-06T10:14:51.325+0000] {logging_mixin.py:190} INFO - running encodings_setup.py
[2025-03-06T10:14:51.325+0000] {logging_mixin.py:190} INFO - Error loading API_KEY: API_KEY is missing in the environment variables
[2025-03-06T10:14:51.326+0000] {logging_mixin.py:190} INFO - Pipeline execution failed at encodings: API_KEY is missing in the environment variables
[2025-03-06T10:14:51.328+0000] {processor.py:925} INFO - DAG(s) 'etl_setup_dag' retrieved from /opt/airflow/dags/etl_setup_dag.py
[2025-03-06T10:14:51.344+0000] {logging_mixin.py:190} INFO - [2025-03-06T10:14:51.344+0000] {dag.py:3239} INFO - Sync 1 DAGs
[2025-03-06T10:14:51.354+0000] {logging_mixin.py:190} INFO - [2025-03-06T10:14:51.354+0000] {dag.py:4180} INFO - Setting next_dagrun for etl_setup_dag to None, run_after=None
[2025-03-06T10:14:51.365+0000] {processor.py:208} INFO - Processing /opt/airflow/dags/etl_setup_dag.py took 0.437 seconds
[2025-03-06T10:15:22.263+0000] {processor.py:186} INFO - Started process (PID=554) to work on /opt/airflow/dags/etl_setup_dag.py
[2025-03-06T10:15:22.263+0000] {processor.py:914} INFO - Processing file /opt/airflow/dags/etl_setup_dag.py for tasks to queue
[2025-03-06T10:15:22.265+0000] {logging_mixin.py:190} INFO - [2025-03-06T10:15:22.265+0000] {dagbag.py:588} INFO - Filling up the DagBag from /opt/airflow/dags/etl_setup_dag.py
[2025-03-06T10:15:22.630+0000] {logging_mixin.py:190} INFO - running encodings_setup.py
[2025-03-06T10:15:22.630+0000] {logging_mixin.py:190} INFO - Error loading API_KEY: API_KEY is missing in the environment variables
[2025-03-06T10:15:22.630+0000] {logging_mixin.py:190} INFO - Pipeline execution failed at encodings: API_KEY is missing in the environment variables
[2025-03-06T10:15:22.633+0000] {processor.py:925} INFO - DAG(s) 'etl_setup_dag' retrieved from /opt/airflow/dags/etl_setup_dag.py
[2025-03-06T10:15:22.647+0000] {logging_mixin.py:190} INFO - [2025-03-06T10:15:22.647+0000] {dag.py:3239} INFO - Sync 1 DAGs
[2025-03-06T10:15:22.656+0000] {logging_mixin.py:190} INFO - [2025-03-06T10:15:22.655+0000] {dag.py:4180} INFO - Setting next_dagrun for etl_setup_dag to None, run_after=None
[2025-03-06T10:15:22.667+0000] {processor.py:208} INFO - Processing /opt/airflow/dags/etl_setup_dag.py took 0.408 seconds
[2025-03-06T10:15:53.510+0000] {processor.py:186} INFO - Started process (PID=566) to work on /opt/airflow/dags/etl_setup_dag.py
[2025-03-06T10:15:53.512+0000] {processor.py:914} INFO - Processing file /opt/airflow/dags/etl_setup_dag.py for tasks to queue
[2025-03-06T10:15:53.514+0000] {logging_mixin.py:190} INFO - [2025-03-06T10:15:53.514+0000] {dagbag.py:588} INFO - Filling up the DagBag from /opt/airflow/dags/etl_setup_dag.py
[2025-03-06T10:15:54.073+0000] {logging_mixin.py:190} INFO - running encodings_setup.py
[2025-03-06T10:15:54.074+0000] {logging_mixin.py:190} INFO - Error loading API_KEY: API_KEY is missing in the environment variables
[2025-03-06T10:15:54.074+0000] {logging_mixin.py:190} INFO - Pipeline execution failed at encodings: API_KEY is missing in the environment variables
[2025-03-06T10:15:54.077+0000] {processor.py:925} INFO - DAG(s) 'etl_setup_dag' retrieved from /opt/airflow/dags/etl_setup_dag.py
[2025-03-06T10:15:54.097+0000] {logging_mixin.py:190} INFO - [2025-03-06T10:15:54.097+0000] {dag.py:3239} INFO - Sync 1 DAGs
[2025-03-06T10:15:54.111+0000] {logging_mixin.py:190} INFO - [2025-03-06T10:15:54.111+0000] {dag.py:4180} INFO - Setting next_dagrun for etl_setup_dag to None, run_after=None
[2025-03-06T10:15:54.126+0000] {processor.py:208} INFO - Processing /opt/airflow/dags/etl_setup_dag.py took 0.622 seconds
[2025-03-06T10:16:24.796+0000] {processor.py:186} INFO - Started process (PID=577) to work on /opt/airflow/dags/etl_setup_dag.py
[2025-03-06T10:16:24.797+0000] {processor.py:914} INFO - Processing file /opt/airflow/dags/etl_setup_dag.py for tasks to queue
[2025-03-06T10:16:24.800+0000] {logging_mixin.py:190} INFO - [2025-03-06T10:16:24.800+0000] {dagbag.py:588} INFO - Filling up the DagBag from /opt/airflow/dags/etl_setup_dag.py
[2025-03-06T10:16:25.395+0000] {logging_mixin.py:190} INFO - running encodings_setup.py
[2025-03-06T10:16:25.396+0000] {logging_mixin.py:190} INFO - Error loading API_KEY: API_KEY is missing in the environment variables
[2025-03-06T10:16:25.396+0000] {logging_mixin.py:190} INFO - Pipeline execution failed at encodings: API_KEY is missing in the environment variables
[2025-03-06T10:16:25.400+0000] {processor.py:925} INFO - DAG(s) 'etl_setup_dag' retrieved from /opt/airflow/dags/etl_setup_dag.py
[2025-03-06T10:16:25.422+0000] {logging_mixin.py:190} INFO - [2025-03-06T10:16:25.421+0000] {dag.py:3239} INFO - Sync 1 DAGs
[2025-03-06T10:16:25.435+0000] {logging_mixin.py:190} INFO - [2025-03-06T10:16:25.435+0000] {dag.py:4180} INFO - Setting next_dagrun for etl_setup_dag to None, run_after=None
[2025-03-06T10:16:25.450+0000] {processor.py:208} INFO - Processing /opt/airflow/dags/etl_setup_dag.py took 0.660 seconds
[2025-03-06T10:16:56.060+0000] {processor.py:186} INFO - Started process (PID=588) to work on /opt/airflow/dags/etl_setup_dag.py
[2025-03-06T10:16:56.061+0000] {processor.py:914} INFO - Processing file /opt/airflow/dags/etl_setup_dag.py for tasks to queue
[2025-03-06T10:16:56.063+0000] {logging_mixin.py:190} INFO - [2025-03-06T10:16:56.062+0000] {dagbag.py:588} INFO - Filling up the DagBag from /opt/airflow/dags/etl_setup_dag.py
[2025-03-06T10:16:56.463+0000] {logging_mixin.py:190} INFO - running encodings_setup.py
[2025-03-06T10:16:56.464+0000] {logging_mixin.py:190} INFO - Error loading API_KEY: API_KEY is missing in the environment variables
[2025-03-06T10:16:56.464+0000] {logging_mixin.py:190} INFO - Pipeline execution failed at encodings: API_KEY is missing in the environment variables
[2025-03-06T10:16:56.467+0000] {processor.py:925} INFO - DAG(s) 'etl_setup_dag' retrieved from /opt/airflow/dags/etl_setup_dag.py
[2025-03-06T10:16:56.488+0000] {logging_mixin.py:190} INFO - [2025-03-06T10:16:56.488+0000] {dag.py:3239} INFO - Sync 1 DAGs
[2025-03-06T10:16:56.504+0000] {logging_mixin.py:190} INFO - [2025-03-06T10:16:56.503+0000] {dag.py:4180} INFO - Setting next_dagrun for etl_setup_dag to None, run_after=None
[2025-03-06T10:16:56.534+0000] {processor.py:208} INFO - Processing /opt/airflow/dags/etl_setup_dag.py took 0.478 seconds
[2025-03-06T10:17:27.325+0000] {processor.py:186} INFO - Started process (PID=599) to work on /opt/airflow/dags/etl_setup_dag.py
[2025-03-06T10:17:27.326+0000] {processor.py:914} INFO - Processing file /opt/airflow/dags/etl_setup_dag.py for tasks to queue
[2025-03-06T10:17:27.327+0000] {logging_mixin.py:190} INFO - [2025-03-06T10:17:27.327+0000] {dagbag.py:588} INFO - Filling up the DagBag from /opt/airflow/dags/etl_setup_dag.py
[2025-03-06T10:17:27.682+0000] {logging_mixin.py:190} INFO - running encodings_setup.py
[2025-03-06T10:17:27.682+0000] {logging_mixin.py:190} INFO - Error loading API_KEY: API_KEY is missing in the environment variables
[2025-03-06T10:17:27.682+0000] {logging_mixin.py:190} INFO - Pipeline execution failed at encodings: API_KEY is missing in the environment variables
[2025-03-06T10:17:27.685+0000] {processor.py:925} INFO - DAG(s) 'etl_setup_dag' retrieved from /opt/airflow/dags/etl_setup_dag.py
[2025-03-06T10:17:27.699+0000] {logging_mixin.py:190} INFO - [2025-03-06T10:17:27.699+0000] {dag.py:3239} INFO - Sync 1 DAGs
[2025-03-06T10:17:27.709+0000] {logging_mixin.py:190} INFO - [2025-03-06T10:17:27.709+0000] {dag.py:4180} INFO - Setting next_dagrun for etl_setup_dag to None, run_after=None
[2025-03-06T10:17:27.721+0000] {processor.py:208} INFO - Processing /opt/airflow/dags/etl_setup_dag.py took 0.400 seconds
[2025-03-06T10:17:58.636+0000] {processor.py:186} INFO - Started process (PID=611) to work on /opt/airflow/dags/etl_setup_dag.py
[2025-03-06T10:17:58.637+0000] {processor.py:914} INFO - Processing file /opt/airflow/dags/etl_setup_dag.py for tasks to queue
[2025-03-06T10:17:58.639+0000] {logging_mixin.py:190} INFO - [2025-03-06T10:17:58.639+0000] {dagbag.py:588} INFO - Filling up the DagBag from /opt/airflow/dags/etl_setup_dag.py
[2025-03-06T10:17:59.034+0000] {logging_mixin.py:190} INFO - running encodings_setup.py
[2025-03-06T10:17:59.034+0000] {logging_mixin.py:190} INFO - Error loading API_KEY: API_KEY is missing in the environment variables
[2025-03-06T10:17:59.034+0000] {logging_mixin.py:190} INFO - Pipeline execution failed at encodings: API_KEY is missing in the environment variables
[2025-03-06T10:17:59.037+0000] {processor.py:925} INFO - DAG(s) 'etl_setup_dag' retrieved from /opt/airflow/dags/etl_setup_dag.py
[2025-03-06T10:17:59.053+0000] {logging_mixin.py:190} INFO - [2025-03-06T10:17:59.053+0000] {dag.py:3239} INFO - Sync 1 DAGs
[2025-03-06T10:17:59.062+0000] {logging_mixin.py:190} INFO - [2025-03-06T10:17:59.062+0000] {dag.py:4180} INFO - Setting next_dagrun for etl_setup_dag to None, run_after=None
[2025-03-06T10:17:59.073+0000] {processor.py:208} INFO - Processing /opt/airflow/dags/etl_setup_dag.py took 0.442 seconds
[2025-03-06T10:18:29.916+0000] {processor.py:186} INFO - Started process (PID=622) to work on /opt/airflow/dags/etl_setup_dag.py
[2025-03-06T10:18:29.916+0000] {processor.py:914} INFO - Processing file /opt/airflow/dags/etl_setup_dag.py for tasks to queue
[2025-03-06T10:18:29.918+0000] {logging_mixin.py:190} INFO - [2025-03-06T10:18:29.918+0000] {dagbag.py:588} INFO - Filling up the DagBag from /opt/airflow/dags/etl_setup_dag.py
[2025-03-06T10:18:30.337+0000] {logging_mixin.py:190} INFO - running encodings_setup.py
[2025-03-06T10:18:30.337+0000] {logging_mixin.py:190} INFO - Error loading API_KEY: API_KEY is missing in the environment variables
[2025-03-06T10:18:30.337+0000] {logging_mixin.py:190} INFO - Pipeline execution failed at encodings: API_KEY is missing in the environment variables
[2025-03-06T10:18:30.341+0000] {processor.py:925} INFO - DAG(s) 'etl_setup_dag' retrieved from /opt/airflow/dags/etl_setup_dag.py
[2025-03-06T10:18:30.364+0000] {logging_mixin.py:190} INFO - [2025-03-06T10:18:30.363+0000] {dag.py:3239} INFO - Sync 1 DAGs
[2025-03-06T10:18:30.378+0000] {logging_mixin.py:190} INFO - [2025-03-06T10:18:30.378+0000] {dag.py:4180} INFO - Setting next_dagrun for etl_setup_dag to None, run_after=None
[2025-03-06T10:18:30.393+0000] {processor.py:208} INFO - Processing /opt/airflow/dags/etl_setup_dag.py took 0.483 seconds
[2025-03-06T10:19:01.192+0000] {processor.py:186} INFO - Started process (PID=634) to work on /opt/airflow/dags/etl_setup_dag.py
[2025-03-06T10:19:01.193+0000] {processor.py:914} INFO - Processing file /opt/airflow/dags/etl_setup_dag.py for tasks to queue
[2025-03-06T10:19:01.195+0000] {logging_mixin.py:190} INFO - [2025-03-06T10:19:01.195+0000] {dagbag.py:588} INFO - Filling up the DagBag from /opt/airflow/dags/etl_setup_dag.py
[2025-03-06T10:19:01.573+0000] {logging_mixin.py:190} INFO - running encodings_setup.py
[2025-03-06T10:19:01.573+0000] {logging_mixin.py:190} INFO - Error loading API_KEY: API_KEY is missing in the environment variables
[2025-03-06T10:19:01.573+0000] {logging_mixin.py:190} INFO - Pipeline execution failed at encodings: API_KEY is missing in the environment variables
[2025-03-06T10:19:01.576+0000] {processor.py:925} INFO - DAG(s) 'etl_setup_dag' retrieved from /opt/airflow/dags/etl_setup_dag.py
[2025-03-06T10:19:01.590+0000] {logging_mixin.py:190} INFO - [2025-03-06T10:19:01.590+0000] {dag.py:3239} INFO - Sync 1 DAGs
[2025-03-06T10:19:01.599+0000] {logging_mixin.py:190} INFO - [2025-03-06T10:19:01.599+0000] {dag.py:4180} INFO - Setting next_dagrun for etl_setup_dag to None, run_after=None
[2025-03-06T10:19:01.610+0000] {processor.py:208} INFO - Processing /opt/airflow/dags/etl_setup_dag.py took 0.424 seconds
[2025-03-06T10:19:32.553+0000] {processor.py:186} INFO - Started process (PID=646) to work on /opt/airflow/dags/etl_setup_dag.py
[2025-03-06T10:19:32.553+0000] {processor.py:914} INFO - Processing file /opt/airflow/dags/etl_setup_dag.py for tasks to queue
[2025-03-06T10:19:32.555+0000] {logging_mixin.py:190} INFO - [2025-03-06T10:19:32.555+0000] {dagbag.py:588} INFO - Filling up the DagBag from /opt/airflow/dags/etl_setup_dag.py
[2025-03-06T10:19:32.930+0000] {logging_mixin.py:190} INFO - running encodings_setup.py
[2025-03-06T10:19:32.930+0000] {logging_mixin.py:190} INFO - Error loading API_KEY: API_KEY is missing in the environment variables
[2025-03-06T10:19:32.930+0000] {logging_mixin.py:190} INFO - Pipeline execution failed at encodings: API_KEY is missing in the environment variables
[2025-03-06T10:19:32.933+0000] {processor.py:925} INFO - DAG(s) 'etl_setup_dag' retrieved from /opt/airflow/dags/etl_setup_dag.py
[2025-03-06T10:19:32.947+0000] {logging_mixin.py:190} INFO - [2025-03-06T10:19:32.947+0000] {dag.py:3239} INFO - Sync 1 DAGs
[2025-03-06T10:19:32.957+0000] {logging_mixin.py:190} INFO - [2025-03-06T10:19:32.957+0000] {dag.py:4180} INFO - Setting next_dagrun for etl_setup_dag to None, run_after=None
[2025-03-06T10:19:32.968+0000] {processor.py:208} INFO - Processing /opt/airflow/dags/etl_setup_dag.py took 0.421 seconds
[2025-03-06T10:20:03.828+0000] {processor.py:186} INFO - Started process (PID=657) to work on /opt/airflow/dags/etl_setup_dag.py
[2025-03-06T10:20:03.829+0000] {processor.py:914} INFO - Processing file /opt/airflow/dags/etl_setup_dag.py for tasks to queue
[2025-03-06T10:20:03.844+0000] {logging_mixin.py:190} INFO - [2025-03-06T10:20:03.843+0000] {dagbag.py:588} INFO - Filling up the DagBag from /opt/airflow/dags/etl_setup_dag.py
[2025-03-06T10:20:04.474+0000] {logging_mixin.py:190} INFO - running encodings_setup.py
[2025-03-06T10:20:04.474+0000] {logging_mixin.py:190} INFO - Error loading API_KEY: API_KEY is missing in the environment variables
[2025-03-06T10:20:04.475+0000] {logging_mixin.py:190} INFO - Pipeline execution failed at encodings: API_KEY is missing in the environment variables
[2025-03-06T10:20:04.477+0000] {processor.py:925} INFO - DAG(s) 'etl_setup_dag' retrieved from /opt/airflow/dags/etl_setup_dag.py
[2025-03-06T10:20:04.492+0000] {logging_mixin.py:190} INFO - [2025-03-06T10:20:04.492+0000] {dag.py:3239} INFO - Sync 1 DAGs
[2025-03-06T10:20:04.502+0000] {logging_mixin.py:190} INFO - [2025-03-06T10:20:04.502+0000] {dag.py:4180} INFO - Setting next_dagrun for etl_setup_dag to None, run_after=None
[2025-03-06T10:20:04.514+0000] {processor.py:208} INFO - Processing /opt/airflow/dags/etl_setup_dag.py took 0.692 seconds
[2025-03-06T10:20:35.096+0000] {processor.py:186} INFO - Started process (PID=668) to work on /opt/airflow/dags/etl_setup_dag.py
[2025-03-06T10:20:35.097+0000] {processor.py:914} INFO - Processing file /opt/airflow/dags/etl_setup_dag.py for tasks to queue
[2025-03-06T10:20:35.100+0000] {logging_mixin.py:190} INFO - [2025-03-06T10:20:35.099+0000] {dagbag.py:588} INFO - Filling up the DagBag from /opt/airflow/dags/etl_setup_dag.py
[2025-03-06T10:20:35.665+0000] {logging_mixin.py:190} INFO - running encodings_setup.py
[2025-03-06T10:20:35.665+0000] {logging_mixin.py:190} INFO - Error loading API_KEY: API_KEY is missing in the environment variables
[2025-03-06T10:20:35.666+0000] {logging_mixin.py:190} INFO - Pipeline execution failed at encodings: API_KEY is missing in the environment variables
[2025-03-06T10:20:35.669+0000] {processor.py:925} INFO - DAG(s) 'etl_setup_dag' retrieved from /opt/airflow/dags/etl_setup_dag.py
[2025-03-06T10:20:35.692+0000] {logging_mixin.py:190} INFO - [2025-03-06T10:20:35.692+0000] {dag.py:3239} INFO - Sync 1 DAGs
[2025-03-06T10:20:35.706+0000] {logging_mixin.py:190} INFO - [2025-03-06T10:20:35.706+0000] {dag.py:4180} INFO - Setting next_dagrun for etl_setup_dag to None, run_after=None
[2025-03-06T10:20:35.721+0000] {processor.py:208} INFO - Processing /opt/airflow/dags/etl_setup_dag.py took 0.632 seconds
[2025-03-06T10:21:06.347+0000] {processor.py:186} INFO - Started process (PID=680) to work on /opt/airflow/dags/etl_setup_dag.py
[2025-03-06T10:21:06.347+0000] {processor.py:914} INFO - Processing file /opt/airflow/dags/etl_setup_dag.py for tasks to queue
[2025-03-06T10:21:06.349+0000] {logging_mixin.py:190} INFO - [2025-03-06T10:21:06.349+0000] {dagbag.py:588} INFO - Filling up the DagBag from /opt/airflow/dags/etl_setup_dag.py
[2025-03-06T10:21:06.712+0000] {logging_mixin.py:190} INFO - running encodings_setup.py
[2025-03-06T10:21:06.712+0000] {logging_mixin.py:190} INFO - Error loading API_KEY: API_KEY is missing in the environment variables
[2025-03-06T10:21:06.713+0000] {logging_mixin.py:190} INFO - Pipeline execution failed at encodings: API_KEY is missing in the environment variables
[2025-03-06T10:21:06.715+0000] {processor.py:925} INFO - DAG(s) 'etl_setup_dag' retrieved from /opt/airflow/dags/etl_setup_dag.py
[2025-03-06T10:21:06.730+0000] {logging_mixin.py:190} INFO - [2025-03-06T10:21:06.730+0000] {dag.py:3239} INFO - Sync 1 DAGs
[2025-03-06T10:21:06.739+0000] {logging_mixin.py:190} INFO - [2025-03-06T10:21:06.739+0000] {dag.py:4180} INFO - Setting next_dagrun for etl_setup_dag to None, run_after=None
[2025-03-06T10:21:06.750+0000] {processor.py:208} INFO - Processing /opt/airflow/dags/etl_setup_dag.py took 0.408 seconds
[2025-03-06T10:21:37.601+0000] {processor.py:186} INFO - Started process (PID=692) to work on /opt/airflow/dags/etl_setup_dag.py
[2025-03-06T10:21:37.601+0000] {processor.py:914} INFO - Processing file /opt/airflow/dags/etl_setup_dag.py for tasks to queue
[2025-03-06T10:21:37.603+0000] {logging_mixin.py:190} INFO - [2025-03-06T10:21:37.603+0000] {dagbag.py:588} INFO - Filling up the DagBag from /opt/airflow/dags/etl_setup_dag.py
[2025-03-06T10:21:37.984+0000] {logging_mixin.py:190} INFO - running encodings_setup.py
[2025-03-06T10:21:37.984+0000] {logging_mixin.py:190} INFO - Error loading API_KEY: API_KEY is missing in the environment variables
[2025-03-06T10:21:37.984+0000] {logging_mixin.py:190} INFO - Pipeline execution failed at encodings: API_KEY is missing in the environment variables
[2025-03-06T10:21:37.987+0000] {processor.py:925} INFO - DAG(s) 'etl_setup_dag' retrieved from /opt/airflow/dags/etl_setup_dag.py
[2025-03-06T10:21:38.002+0000] {logging_mixin.py:190} INFO - [2025-03-06T10:21:38.002+0000] {dag.py:3239} INFO - Sync 1 DAGs
[2025-03-06T10:21:38.011+0000] {logging_mixin.py:190} INFO - [2025-03-06T10:21:38.011+0000] {dag.py:4180} INFO - Setting next_dagrun for etl_setup_dag to None, run_after=None
[2025-03-06T10:21:38.022+0000] {processor.py:208} INFO - Processing /opt/airflow/dags/etl_setup_dag.py took 0.426 seconds
[2025-03-06T10:22:08.952+0000] {processor.py:186} INFO - Started process (PID=704) to work on /opt/airflow/dags/etl_setup_dag.py
[2025-03-06T10:22:08.953+0000] {processor.py:914} INFO - Processing file /opt/airflow/dags/etl_setup_dag.py for tasks to queue
[2025-03-06T10:22:08.955+0000] {logging_mixin.py:190} INFO - [2025-03-06T10:22:08.954+0000] {dagbag.py:588} INFO - Filling up the DagBag from /opt/airflow/dags/etl_setup_dag.py
[2025-03-06T10:22:09.348+0000] {logging_mixin.py:190} INFO - running encodings_setup.py
[2025-03-06T10:22:09.349+0000] {logging_mixin.py:190} INFO - Error loading API_KEY: API_KEY is missing in the environment variables
[2025-03-06T10:22:09.349+0000] {logging_mixin.py:190} INFO - Pipeline execution failed at encodings: API_KEY is missing in the environment variables
[2025-03-06T10:22:09.351+0000] {processor.py:925} INFO - DAG(s) 'etl_setup_dag' retrieved from /opt/airflow/dags/etl_setup_dag.py
[2025-03-06T10:22:09.366+0000] {logging_mixin.py:190} INFO - [2025-03-06T10:22:09.366+0000] {dag.py:3239} INFO - Sync 1 DAGs
[2025-03-06T10:22:09.376+0000] {logging_mixin.py:190} INFO - [2025-03-06T10:22:09.376+0000] {dag.py:4180} INFO - Setting next_dagrun for etl_setup_dag to None, run_after=None
[2025-03-06T10:22:09.391+0000] {processor.py:208} INFO - Processing /opt/airflow/dags/etl_setup_dag.py took 0.444 seconds
[2025-03-06T10:22:40.214+0000] {processor.py:186} INFO - Started process (PID=715) to work on /opt/airflow/dags/etl_setup_dag.py
[2025-03-06T10:22:40.214+0000] {processor.py:914} INFO - Processing file /opt/airflow/dags/etl_setup_dag.py for tasks to queue
[2025-03-06T10:22:40.216+0000] {logging_mixin.py:190} INFO - [2025-03-06T10:22:40.215+0000] {dagbag.py:588} INFO - Filling up the DagBag from /opt/airflow/dags/etl_setup_dag.py
[2025-03-06T10:22:40.603+0000] {logging_mixin.py:190} INFO - running encodings_setup.py
[2025-03-06T10:22:40.603+0000] {logging_mixin.py:190} INFO - Error loading API_KEY: API_KEY is missing in the environment variables
[2025-03-06T10:22:40.603+0000] {logging_mixin.py:190} INFO - Pipeline execution failed at encodings: API_KEY is missing in the environment variables
[2025-03-06T10:22:40.606+0000] {processor.py:925} INFO - DAG(s) 'etl_setup_dag' retrieved from /opt/airflow/dags/etl_setup_dag.py
[2025-03-06T10:22:40.620+0000] {logging_mixin.py:190} INFO - [2025-03-06T10:22:40.620+0000] {dag.py:3239} INFO - Sync 1 DAGs
[2025-03-06T10:22:40.630+0000] {logging_mixin.py:190} INFO - [2025-03-06T10:22:40.630+0000] {dag.py:4180} INFO - Setting next_dagrun for etl_setup_dag to None, run_after=None
[2025-03-06T10:22:40.641+0000] {processor.py:208} INFO - Processing /opt/airflow/dags/etl_setup_dag.py took 0.433 seconds
[2025-03-06T10:23:11.474+0000] {processor.py:186} INFO - Started process (PID=726) to work on /opt/airflow/dags/etl_setup_dag.py
[2025-03-06T10:23:11.478+0000] {processor.py:914} INFO - Processing file /opt/airflow/dags/etl_setup_dag.py for tasks to queue
[2025-03-06T10:23:11.480+0000] {logging_mixin.py:190} INFO - [2025-03-06T10:23:11.480+0000] {dagbag.py:588} INFO - Filling up the DagBag from /opt/airflow/dags/etl_setup_dag.py
[2025-03-06T10:23:11.978+0000] {logging_mixin.py:190} INFO - running encodings_setup.py
[2025-03-06T10:23:11.978+0000] {logging_mixin.py:190} INFO - Error loading API_KEY: API_KEY is missing in the environment variables
[2025-03-06T10:23:11.979+0000] {logging_mixin.py:190} INFO - Pipeline execution failed at encodings: API_KEY is missing in the environment variables
[2025-03-06T10:23:11.982+0000] {processor.py:925} INFO - DAG(s) 'etl_setup_dag' retrieved from /opt/airflow/dags/etl_setup_dag.py
[2025-03-06T10:23:12.000+0000] {logging_mixin.py:190} INFO - [2025-03-06T10:23:12.000+0000] {dag.py:3239} INFO - Sync 1 DAGs
[2025-03-06T10:23:12.009+0000] {logging_mixin.py:190} INFO - [2025-03-06T10:23:12.009+0000] {dag.py:4180} INFO - Setting next_dagrun for etl_setup_dag to None, run_after=None
[2025-03-06T10:23:12.020+0000] {processor.py:208} INFO - Processing /opt/airflow/dags/etl_setup_dag.py took 0.566 seconds
[2025-03-06T10:23:42.887+0000] {processor.py:186} INFO - Started process (PID=739) to work on /opt/airflow/dags/etl_setup_dag.py
[2025-03-06T10:23:42.888+0000] {processor.py:914} INFO - Processing file /opt/airflow/dags/etl_setup_dag.py for tasks to queue
[2025-03-06T10:23:42.896+0000] {logging_mixin.py:190} INFO - [2025-03-06T10:23:42.896+0000] {dagbag.py:588} INFO - Filling up the DagBag from /opt/airflow/dags/etl_setup_dag.py
[2025-03-06T10:23:43.337+0000] {logging_mixin.py:190} INFO - running encodings_setup.py
[2025-03-06T10:23:43.338+0000] {logging_mixin.py:190} INFO - Error loading API_KEY: API_KEY is missing in the environment variables
[2025-03-06T10:23:43.338+0000] {logging_mixin.py:190} INFO - Pipeline execution failed at encodings: API_KEY is missing in the environment variables
[2025-03-06T10:23:43.340+0000] {processor.py:925} INFO - DAG(s) 'etl_setup_dag' retrieved from /opt/airflow/dags/etl_setup_dag.py
[2025-03-06T10:23:43.355+0000] {logging_mixin.py:190} INFO - [2025-03-06T10:23:43.354+0000] {dag.py:3239} INFO - Sync 1 DAGs
[2025-03-06T10:23:43.363+0000] {logging_mixin.py:190} INFO - [2025-03-06T10:23:43.363+0000] {dag.py:4180} INFO - Setting next_dagrun for etl_setup_dag to None, run_after=None
[2025-03-06T10:23:43.374+0000] {processor.py:208} INFO - Processing /opt/airflow/dags/etl_setup_dag.py took 0.503 seconds
