[2025-03-06T09:53:54.366+0000] {processor.py:186} INFO - Started process (PID=70) to work on /opt/airflow/dags/utils/config.py
[2025-03-06T09:53:54.375+0000] {processor.py:914} INFO - Processing file /opt/airflow/dags/utils/config.py for tasks to queue
[2025-03-06T09:53:54.387+0000] {logging_mixin.py:190} INFO - [2025-03-06T09:53:54.387+0000] {dagbag.py:588} INFO - Filling up the DagBag from /opt/airflow/dags/utils/config.py
[2025-03-06T09:53:54.402+0000] {processor.py:927} WARNING - No viable dags retrieved from /opt/airflow/dags/utils/config.py
[2025-03-06T09:53:54.515+0000] {processor.py:208} INFO - Processing /opt/airflow/dags/utils/config.py took 0.195 seconds
[2025-03-06T09:54:24.758+0000] {processor.py:186} INFO - Started process (PID=79) to work on /opt/airflow/dags/utils/config.py
[2025-03-06T09:54:24.765+0000] {processor.py:914} INFO - Processing file /opt/airflow/dags/utils/config.py for tasks to queue
[2025-03-06T09:54:24.768+0000] {logging_mixin.py:190} INFO - [2025-03-06T09:54:24.767+0000] {dagbag.py:588} INFO - Filling up the DagBag from /opt/airflow/dags/utils/config.py
[2025-03-06T09:54:24.770+0000] {processor.py:927} WARNING - No viable dags retrieved from /opt/airflow/dags/utils/config.py
[2025-03-06T09:54:24.796+0000] {processor.py:208} INFO - Processing /opt/airflow/dags/utils/config.py took 0.047 seconds
[2025-03-06T09:54:55.311+0000] {processor.py:186} INFO - Started process (PID=90) to work on /opt/airflow/dags/utils/config.py
[2025-03-06T09:54:55.312+0000] {processor.py:914} INFO - Processing file /opt/airflow/dags/utils/config.py for tasks to queue
[2025-03-06T09:54:55.314+0000] {logging_mixin.py:190} INFO - [2025-03-06T09:54:55.314+0000] {dagbag.py:588} INFO - Filling up the DagBag from /opt/airflow/dags/utils/config.py
[2025-03-06T09:54:55.316+0000] {processor.py:927} WARNING - No viable dags retrieved from /opt/airflow/dags/utils/config.py
[2025-03-06T09:54:55.330+0000] {processor.py:208} INFO - Processing /opt/airflow/dags/utils/config.py took 0.026 seconds
[2025-03-06T09:55:25.636+0000] {processor.py:186} INFO - Started process (PID=102) to work on /opt/airflow/dags/utils/config.py
[2025-03-06T09:55:25.637+0000] {processor.py:914} INFO - Processing file /opt/airflow/dags/utils/config.py for tasks to queue
[2025-03-06T09:55:25.640+0000] {logging_mixin.py:190} INFO - [2025-03-06T09:55:25.640+0000] {dagbag.py:588} INFO - Filling up the DagBag from /opt/airflow/dags/utils/config.py
[2025-03-06T09:55:25.643+0000] {processor.py:927} WARNING - No viable dags retrieved from /opt/airflow/dags/utils/config.py
[2025-03-06T09:55:25.658+0000] {processor.py:208} INFO - Processing /opt/airflow/dags/utils/config.py took 0.030 seconds
[2025-03-06T09:55:56.022+0000] {processor.py:186} INFO - Started process (PID=113) to work on /opt/airflow/dags/utils/config.py
[2025-03-06T09:55:56.023+0000] {processor.py:914} INFO - Processing file /opt/airflow/dags/utils/config.py for tasks to queue
[2025-03-06T09:55:56.026+0000] {logging_mixin.py:190} INFO - [2025-03-06T09:55:56.026+0000] {dagbag.py:588} INFO - Filling up the DagBag from /opt/airflow/dags/utils/config.py
[2025-03-06T09:55:56.028+0000] {processor.py:927} WARNING - No viable dags retrieved from /opt/airflow/dags/utils/config.py
[2025-03-06T09:55:56.040+0000] {processor.py:208} INFO - Processing /opt/airflow/dags/utils/config.py took 0.025 seconds
[2025-03-06T09:56:26.279+0000] {processor.py:186} INFO - Started process (PID=124) to work on /opt/airflow/dags/utils/config.py
[2025-03-06T09:56:26.280+0000] {processor.py:914} INFO - Processing file /opt/airflow/dags/utils/config.py for tasks to queue
[2025-03-06T09:56:26.282+0000] {logging_mixin.py:190} INFO - [2025-03-06T09:56:26.282+0000] {dagbag.py:588} INFO - Filling up the DagBag from /opt/airflow/dags/utils/config.py
[2025-03-06T09:56:26.285+0000] {processor.py:927} WARNING - No viable dags retrieved from /opt/airflow/dags/utils/config.py
[2025-03-06T09:56:26.297+0000] {processor.py:208} INFO - Processing /opt/airflow/dags/utils/config.py took 0.026 seconds
[2025-03-06T09:56:56.544+0000] {processor.py:186} INFO - Started process (PID=135) to work on /opt/airflow/dags/utils/config.py
[2025-03-06T09:56:56.545+0000] {processor.py:914} INFO - Processing file /opt/airflow/dags/utils/config.py for tasks to queue
[2025-03-06T09:56:56.548+0000] {logging_mixin.py:190} INFO - [2025-03-06T09:56:56.547+0000] {dagbag.py:588} INFO - Filling up the DagBag from /opt/airflow/dags/utils/config.py
[2025-03-06T09:56:56.550+0000] {processor.py:927} WARNING - No viable dags retrieved from /opt/airflow/dags/utils/config.py
[2025-03-06T09:56:56.562+0000] {processor.py:208} INFO - Processing /opt/airflow/dags/utils/config.py took 0.025 seconds
[2025-03-06T09:57:26.862+0000] {processor.py:186} INFO - Started process (PID=147) to work on /opt/airflow/dags/utils/config.py
[2025-03-06T09:57:26.863+0000] {processor.py:914} INFO - Processing file /opt/airflow/dags/utils/config.py for tasks to queue
[2025-03-06T09:57:26.866+0000] {logging_mixin.py:190} INFO - [2025-03-06T09:57:26.865+0000] {dagbag.py:588} INFO - Filling up the DagBag from /opt/airflow/dags/utils/config.py
[2025-03-06T09:57:26.868+0000] {processor.py:927} WARNING - No viable dags retrieved from /opt/airflow/dags/utils/config.py
[2025-03-06T09:57:26.882+0000] {processor.py:208} INFO - Processing /opt/airflow/dags/utils/config.py took 0.026 seconds
[2025-03-06T09:57:57.119+0000] {processor.py:186} INFO - Started process (PID=159) to work on /opt/airflow/dags/utils/config.py
[2025-03-06T09:57:57.121+0000] {processor.py:914} INFO - Processing file /opt/airflow/dags/utils/config.py for tasks to queue
[2025-03-06T09:57:57.123+0000] {logging_mixin.py:190} INFO - [2025-03-06T09:57:57.122+0000] {dagbag.py:588} INFO - Filling up the DagBag from /opt/airflow/dags/utils/config.py
[2025-03-06T09:57:57.125+0000] {processor.py:927} WARNING - No viable dags retrieved from /opt/airflow/dags/utils/config.py
[2025-03-06T09:57:57.138+0000] {processor.py:208} INFO - Processing /opt/airflow/dags/utils/config.py took 0.025 seconds
[2025-03-06T09:58:27.370+0000] {processor.py:186} INFO - Started process (PID=171) to work on /opt/airflow/dags/utils/config.py
[2025-03-06T09:58:27.371+0000] {processor.py:914} INFO - Processing file /opt/airflow/dags/utils/config.py for tasks to queue
[2025-03-06T09:58:27.374+0000] {logging_mixin.py:190} INFO - [2025-03-06T09:58:27.374+0000] {dagbag.py:588} INFO - Filling up the DagBag from /opt/airflow/dags/utils/config.py
[2025-03-06T09:58:27.376+0000] {processor.py:927} WARNING - No viable dags retrieved from /opt/airflow/dags/utils/config.py
[2025-03-06T09:58:27.388+0000] {processor.py:208} INFO - Processing /opt/airflow/dags/utils/config.py took 0.025 seconds
[2025-03-06T09:58:57.654+0000] {processor.py:186} INFO - Started process (PID=182) to work on /opt/airflow/dags/utils/config.py
[2025-03-06T09:58:57.657+0000] {processor.py:914} INFO - Processing file /opt/airflow/dags/utils/config.py for tasks to queue
[2025-03-06T09:58:57.660+0000] {logging_mixin.py:190} INFO - [2025-03-06T09:58:57.659+0000] {dagbag.py:588} INFO - Filling up the DagBag from /opt/airflow/dags/utils/config.py
[2025-03-06T09:58:57.670+0000] {processor.py:927} WARNING - No viable dags retrieved from /opt/airflow/dags/utils/config.py
[2025-03-06T09:58:57.703+0000] {processor.py:208} INFO - Processing /opt/airflow/dags/utils/config.py took 0.064 seconds
[2025-03-06T09:59:27.980+0000] {processor.py:186} INFO - Started process (PID=193) to work on /opt/airflow/dags/utils/config.py
[2025-03-06T09:59:27.981+0000] {processor.py:914} INFO - Processing file /opt/airflow/dags/utils/config.py for tasks to queue
[2025-03-06T09:59:27.996+0000] {logging_mixin.py:190} INFO - [2025-03-06T09:59:27.995+0000] {dagbag.py:588} INFO - Filling up the DagBag from /opt/airflow/dags/utils/config.py
[2025-03-06T09:59:27.998+0000] {processor.py:927} WARNING - No viable dags retrieved from /opt/airflow/dags/utils/config.py
[2025-03-06T09:59:28.032+0000] {processor.py:208} INFO - Processing /opt/airflow/dags/utils/config.py took 0.083 seconds
[2025-03-06T09:59:58.340+0000] {processor.py:186} INFO - Started process (PID=205) to work on /opt/airflow/dags/utils/config.py
[2025-03-06T09:59:58.346+0000] {processor.py:914} INFO - Processing file /opt/airflow/dags/utils/config.py for tasks to queue
[2025-03-06T09:59:58.349+0000] {logging_mixin.py:190} INFO - [2025-03-06T09:59:58.349+0000] {dagbag.py:588} INFO - Filling up the DagBag from /opt/airflow/dags/utils/config.py
[2025-03-06T09:59:58.351+0000] {processor.py:927} WARNING - No viable dags retrieved from /opt/airflow/dags/utils/config.py
[2025-03-06T09:59:58.379+0000] {processor.py:208} INFO - Processing /opt/airflow/dags/utils/config.py took 0.049 seconds
[2025-03-06T10:00:28.702+0000] {processor.py:186} INFO - Started process (PID=216) to work on /opt/airflow/dags/utils/config.py
[2025-03-06T10:00:28.703+0000] {processor.py:914} INFO - Processing file /opt/airflow/dags/utils/config.py for tasks to queue
[2025-03-06T10:00:28.705+0000] {logging_mixin.py:190} INFO - [2025-03-06T10:00:28.705+0000] {dagbag.py:588} INFO - Filling up the DagBag from /opt/airflow/dags/utils/config.py
[2025-03-06T10:00:28.708+0000] {processor.py:927} WARNING - No viable dags retrieved from /opt/airflow/dags/utils/config.py
[2025-03-06T10:00:28.740+0000] {processor.py:208} INFO - Processing /opt/airflow/dags/utils/config.py took 0.045 seconds
[2025-03-06T10:00:59.077+0000] {processor.py:186} INFO - Started process (PID=227) to work on /opt/airflow/dags/utils/config.py
[2025-03-06T10:00:59.078+0000] {processor.py:914} INFO - Processing file /opt/airflow/dags/utils/config.py for tasks to queue
[2025-03-06T10:00:59.080+0000] {logging_mixin.py:190} INFO - [2025-03-06T10:00:59.080+0000] {dagbag.py:588} INFO - Filling up the DagBag from /opt/airflow/dags/utils/config.py
[2025-03-06T10:00:59.082+0000] {processor.py:927} WARNING - No viable dags retrieved from /opt/airflow/dags/utils/config.py
[2025-03-06T10:00:59.098+0000] {processor.py:208} INFO - Processing /opt/airflow/dags/utils/config.py took 0.030 seconds
[2025-03-06T10:01:29.343+0000] {processor.py:186} INFO - Started process (PID=238) to work on /opt/airflow/dags/utils/config.py
[2025-03-06T10:01:29.344+0000] {processor.py:914} INFO - Processing file /opt/airflow/dags/utils/config.py for tasks to queue
[2025-03-06T10:01:29.346+0000] {logging_mixin.py:190} INFO - [2025-03-06T10:01:29.346+0000] {dagbag.py:588} INFO - Filling up the DagBag from /opt/airflow/dags/utils/config.py
[2025-03-06T10:01:29.348+0000] {processor.py:927} WARNING - No viable dags retrieved from /opt/airflow/dags/utils/config.py
[2025-03-06T10:01:29.361+0000] {processor.py:208} INFO - Processing /opt/airflow/dags/utils/config.py took 0.025 seconds
[2025-03-06T10:01:59.614+0000] {processor.py:186} INFO - Started process (PID=250) to work on /opt/airflow/dags/utils/config.py
[2025-03-06T10:01:59.615+0000] {processor.py:914} INFO - Processing file /opt/airflow/dags/utils/config.py for tasks to queue
[2025-03-06T10:01:59.618+0000] {logging_mixin.py:190} INFO - [2025-03-06T10:01:59.617+0000] {dagbag.py:588} INFO - Filling up the DagBag from /opt/airflow/dags/utils/config.py
[2025-03-06T10:01:59.620+0000] {processor.py:927} WARNING - No viable dags retrieved from /opt/airflow/dags/utils/config.py
[2025-03-06T10:01:59.634+0000] {processor.py:208} INFO - Processing /opt/airflow/dags/utils/config.py took 0.026 seconds
[2025-03-06T10:02:29.872+0000] {processor.py:186} INFO - Started process (PID=261) to work on /opt/airflow/dags/utils/config.py
[2025-03-06T10:02:29.873+0000] {processor.py:914} INFO - Processing file /opt/airflow/dags/utils/config.py for tasks to queue
[2025-03-06T10:02:29.876+0000] {logging_mixin.py:190} INFO - [2025-03-06T10:02:29.876+0000] {dagbag.py:588} INFO - Filling up the DagBag from /opt/airflow/dags/utils/config.py
[2025-03-06T10:02:29.878+0000] {processor.py:927} WARNING - No viable dags retrieved from /opt/airflow/dags/utils/config.py
[2025-03-06T10:02:29.891+0000] {processor.py:208} INFO - Processing /opt/airflow/dags/utils/config.py took 0.025 seconds
[2025-03-06T10:03:00.138+0000] {processor.py:186} INFO - Started process (PID=272) to work on /opt/airflow/dags/utils/config.py
[2025-03-06T10:03:00.139+0000] {processor.py:914} INFO - Processing file /opt/airflow/dags/utils/config.py for tasks to queue
[2025-03-06T10:03:00.142+0000] {logging_mixin.py:190} INFO - [2025-03-06T10:03:00.142+0000] {dagbag.py:588} INFO - Filling up the DagBag from /opt/airflow/dags/utils/config.py
[2025-03-06T10:03:00.145+0000] {processor.py:927} WARNING - No viable dags retrieved from /opt/airflow/dags/utils/config.py
[2025-03-06T10:03:00.157+0000] {processor.py:208} INFO - Processing /opt/airflow/dags/utils/config.py took 0.025 seconds
[2025-03-06T10:03:30.390+0000] {processor.py:186} INFO - Started process (PID=284) to work on /opt/airflow/dags/utils/config.py
[2025-03-06T10:03:30.391+0000] {processor.py:914} INFO - Processing file /opt/airflow/dags/utils/config.py for tasks to queue
[2025-03-06T10:03:30.394+0000] {logging_mixin.py:190} INFO - [2025-03-06T10:03:30.394+0000] {dagbag.py:588} INFO - Filling up the DagBag from /opt/airflow/dags/utils/config.py
[2025-03-06T10:03:30.397+0000] {processor.py:927} WARNING - No viable dags retrieved from /opt/airflow/dags/utils/config.py
[2025-03-06T10:03:30.409+0000] {processor.py:208} INFO - Processing /opt/airflow/dags/utils/config.py took 0.026 seconds
[2025-03-06T10:04:00.696+0000] {processor.py:186} INFO - Started process (PID=295) to work on /opt/airflow/dags/utils/config.py
[2025-03-06T10:04:00.697+0000] {processor.py:914} INFO - Processing file /opt/airflow/dags/utils/config.py for tasks to queue
[2025-03-06T10:04:00.700+0000] {logging_mixin.py:190} INFO - [2025-03-06T10:04:00.699+0000] {dagbag.py:588} INFO - Filling up the DagBag from /opt/airflow/dags/utils/config.py
[2025-03-06T10:04:00.702+0000] {processor.py:927} WARNING - No viable dags retrieved from /opt/airflow/dags/utils/config.py
[2025-03-06T10:04:00.715+0000] {processor.py:208} INFO - Processing /opt/airflow/dags/utils/config.py took 0.025 seconds
[2025-03-06T10:04:30.958+0000] {processor.py:186} INFO - Started process (PID=307) to work on /opt/airflow/dags/utils/config.py
[2025-03-06T10:04:30.963+0000] {processor.py:914} INFO - Processing file /opt/airflow/dags/utils/config.py for tasks to queue
[2025-03-06T10:04:30.970+0000] {logging_mixin.py:190} INFO - [2025-03-06T10:04:30.970+0000] {dagbag.py:588} INFO - Filling up the DagBag from /opt/airflow/dags/utils/config.py
[2025-03-06T10:04:30.984+0000] {processor.py:927} WARNING - No viable dags retrieved from /opt/airflow/dags/utils/config.py
[2025-03-06T10:04:31.029+0000] {processor.py:208} INFO - Processing /opt/airflow/dags/utils/config.py took 0.077 seconds
[2025-03-06T10:05:01.265+0000] {processor.py:186} INFO - Started process (PID=319) to work on /opt/airflow/dags/utils/config.py
[2025-03-06T10:05:01.266+0000] {processor.py:914} INFO - Processing file /opt/airflow/dags/utils/config.py for tasks to queue
[2025-03-06T10:05:01.269+0000] {logging_mixin.py:190} INFO - [2025-03-06T10:05:01.269+0000] {dagbag.py:588} INFO - Filling up the DagBag from /opt/airflow/dags/utils/config.py
[2025-03-06T10:05:01.272+0000] {processor.py:927} WARNING - No viable dags retrieved from /opt/airflow/dags/utils/config.py
[2025-03-06T10:05:01.291+0000] {processor.py:208} INFO - Processing /opt/airflow/dags/utils/config.py took 0.034 seconds
[2025-03-06T10:05:31.551+0000] {processor.py:186} INFO - Started process (PID=331) to work on /opt/airflow/dags/utils/config.py
[2025-03-06T10:05:31.559+0000] {processor.py:914} INFO - Processing file /opt/airflow/dags/utils/config.py for tasks to queue
[2025-03-06T10:05:31.564+0000] {logging_mixin.py:190} INFO - [2025-03-06T10:05:31.564+0000] {dagbag.py:588} INFO - Filling up the DagBag from /opt/airflow/dags/utils/config.py
[2025-03-06T10:05:31.568+0000] {processor.py:927} WARNING - No viable dags retrieved from /opt/airflow/dags/utils/config.py
[2025-03-06T10:05:31.596+0000] {processor.py:208} INFO - Processing /opt/airflow/dags/utils/config.py took 0.052 seconds
[2025-03-06T10:06:01.858+0000] {processor.py:186} INFO - Started process (PID=342) to work on /opt/airflow/dags/utils/config.py
[2025-03-06T10:06:01.861+0000] {processor.py:914} INFO - Processing file /opt/airflow/dags/utils/config.py for tasks to queue
[2025-03-06T10:06:01.864+0000] {logging_mixin.py:190} INFO - [2025-03-06T10:06:01.863+0000] {dagbag.py:588} INFO - Filling up the DagBag from /opt/airflow/dags/utils/config.py
[2025-03-06T10:06:01.866+0000] {processor.py:927} WARNING - No viable dags retrieved from /opt/airflow/dags/utils/config.py
[2025-03-06T10:06:01.903+0000] {processor.py:208} INFO - Processing /opt/airflow/dags/utils/config.py took 0.062 seconds
[2025-03-06T10:06:32.279+0000] {processor.py:186} INFO - Started process (PID=354) to work on /opt/airflow/dags/utils/config.py
[2025-03-06T10:06:32.280+0000] {processor.py:914} INFO - Processing file /opt/airflow/dags/utils/config.py for tasks to queue
[2025-03-06T10:06:32.283+0000] {logging_mixin.py:190} INFO - [2025-03-06T10:06:32.282+0000] {dagbag.py:588} INFO - Filling up the DagBag from /opt/airflow/dags/utils/config.py
[2025-03-06T10:06:32.285+0000] {processor.py:927} WARNING - No viable dags retrieved from /opt/airflow/dags/utils/config.py
[2025-03-06T10:06:32.309+0000] {processor.py:208} INFO - Processing /opt/airflow/dags/utils/config.py took 0.037 seconds
[2025-03-06T10:07:02.498+0000] {processor.py:186} INFO - Started process (PID=363) to work on /opt/airflow/dags/utils/config.py
[2025-03-06T10:07:02.507+0000] {processor.py:914} INFO - Processing file /opt/airflow/dags/utils/config.py for tasks to queue
[2025-03-06T10:07:02.510+0000] {logging_mixin.py:190} INFO - [2025-03-06T10:07:02.509+0000] {dagbag.py:588} INFO - Filling up the DagBag from /opt/airflow/dags/utils/config.py
[2025-03-06T10:07:02.512+0000] {processor.py:927} WARNING - No viable dags retrieved from /opt/airflow/dags/utils/config.py
[2025-03-06T10:07:02.551+0000] {processor.py:208} INFO - Processing /opt/airflow/dags/utils/config.py took 0.066 seconds
[2025-03-06T10:07:32.678+0000] {processor.py:186} INFO - Started process (PID=375) to work on /opt/airflow/dags/utils/config.py
[2025-03-06T10:07:32.679+0000] {processor.py:914} INFO - Processing file /opt/airflow/dags/utils/config.py for tasks to queue
[2025-03-06T10:07:32.681+0000] {logging_mixin.py:190} INFO - [2025-03-06T10:07:32.681+0000] {dagbag.py:588} INFO - Filling up the DagBag from /opt/airflow/dags/utils/config.py
[2025-03-06T10:07:32.685+0000] {processor.py:927} WARNING - No viable dags retrieved from /opt/airflow/dags/utils/config.py
[2025-03-06T10:07:32.713+0000] {processor.py:208} INFO - Processing /opt/airflow/dags/utils/config.py took 0.042 seconds
[2025-03-06T10:08:03.003+0000] {processor.py:186} INFO - Started process (PID=386) to work on /opt/airflow/dags/utils/config.py
[2025-03-06T10:08:03.004+0000] {processor.py:914} INFO - Processing file /opt/airflow/dags/utils/config.py for tasks to queue
[2025-03-06T10:08:03.007+0000] {logging_mixin.py:190} INFO - [2025-03-06T10:08:03.006+0000] {dagbag.py:588} INFO - Filling up the DagBag from /opt/airflow/dags/utils/config.py
[2025-03-06T10:08:03.009+0000] {processor.py:927} WARNING - No viable dags retrieved from /opt/airflow/dags/utils/config.py
[2025-03-06T10:08:03.021+0000] {processor.py:208} INFO - Processing /opt/airflow/dags/utils/config.py took 0.025 seconds
[2025-03-06T10:08:33.273+0000] {processor.py:186} INFO - Started process (PID=397) to work on /opt/airflow/dags/utils/config.py
[2025-03-06T10:08:33.273+0000] {processor.py:914} INFO - Processing file /opt/airflow/dags/utils/config.py for tasks to queue
[2025-03-06T10:08:33.276+0000] {logging_mixin.py:190} INFO - [2025-03-06T10:08:33.276+0000] {dagbag.py:588} INFO - Filling up the DagBag from /opt/airflow/dags/utils/config.py
[2025-03-06T10:08:33.278+0000] {processor.py:927} WARNING - No viable dags retrieved from /opt/airflow/dags/utils/config.py
[2025-03-06T10:08:33.291+0000] {processor.py:208} INFO - Processing /opt/airflow/dags/utils/config.py took 0.025 seconds
[2025-03-06T10:09:03.535+0000] {processor.py:186} INFO - Started process (PID=409) to work on /opt/airflow/dags/utils/config.py
[2025-03-06T10:09:03.535+0000] {processor.py:914} INFO - Processing file /opt/airflow/dags/utils/config.py for tasks to queue
[2025-03-06T10:09:03.539+0000] {logging_mixin.py:190} INFO - [2025-03-06T10:09:03.539+0000] {dagbag.py:588} INFO - Filling up the DagBag from /opt/airflow/dags/utils/config.py
[2025-03-06T10:09:03.541+0000] {processor.py:927} WARNING - No viable dags retrieved from /opt/airflow/dags/utils/config.py
[2025-03-06T10:09:03.553+0000] {processor.py:208} INFO - Processing /opt/airflow/dags/utils/config.py took 0.025 seconds
[2025-03-06T10:09:33.821+0000] {processor.py:186} INFO - Started process (PID=420) to work on /opt/airflow/dags/utils/config.py
[2025-03-06T10:09:33.822+0000] {processor.py:914} INFO - Processing file /opt/airflow/dags/utils/config.py for tasks to queue
[2025-03-06T10:09:33.836+0000] {logging_mixin.py:190} INFO - [2025-03-06T10:09:33.830+0000] {dagbag.py:588} INFO - Filling up the DagBag from /opt/airflow/dags/utils/config.py
[2025-03-06T10:09:33.838+0000] {processor.py:927} WARNING - No viable dags retrieved from /opt/airflow/dags/utils/config.py
[2025-03-06T10:09:33.851+0000] {processor.py:208} INFO - Processing /opt/airflow/dags/utils/config.py took 0.038 seconds
[2025-03-06T10:10:04.097+0000] {processor.py:186} INFO - Started process (PID=431) to work on /opt/airflow/dags/utils/config.py
[2025-03-06T10:10:04.098+0000] {processor.py:914} INFO - Processing file /opt/airflow/dags/utils/config.py for tasks to queue
[2025-03-06T10:10:04.100+0000] {logging_mixin.py:190} INFO - [2025-03-06T10:10:04.100+0000] {dagbag.py:588} INFO - Filling up the DagBag from /opt/airflow/dags/utils/config.py
[2025-03-06T10:10:04.102+0000] {processor.py:927} WARNING - No viable dags retrieved from /opt/airflow/dags/utils/config.py
[2025-03-06T10:10:04.114+0000] {processor.py:208} INFO - Processing /opt/airflow/dags/utils/config.py took 0.024 seconds
[2025-03-06T10:10:34.359+0000] {processor.py:186} INFO - Started process (PID=442) to work on /opt/airflow/dags/utils/config.py
[2025-03-06T10:10:34.360+0000] {processor.py:914} INFO - Processing file /opt/airflow/dags/utils/config.py for tasks to queue
[2025-03-06T10:10:34.363+0000] {logging_mixin.py:190} INFO - [2025-03-06T10:10:34.362+0000] {dagbag.py:588} INFO - Filling up the DagBag from /opt/airflow/dags/utils/config.py
[2025-03-06T10:10:34.365+0000] {processor.py:927} WARNING - No viable dags retrieved from /opt/airflow/dags/utils/config.py
[2025-03-06T10:10:34.377+0000] {processor.py:208} INFO - Processing /opt/airflow/dags/utils/config.py took 0.025 seconds
[2025-03-06T10:11:04.631+0000] {processor.py:186} INFO - Started process (PID=454) to work on /opt/airflow/dags/utils/config.py
[2025-03-06T10:11:04.632+0000] {processor.py:914} INFO - Processing file /opt/airflow/dags/utils/config.py for tasks to queue
[2025-03-06T10:11:04.634+0000] {logging_mixin.py:190} INFO - [2025-03-06T10:11:04.634+0000] {dagbag.py:588} INFO - Filling up the DagBag from /opt/airflow/dags/utils/config.py
[2025-03-06T10:11:04.636+0000] {processor.py:927} WARNING - No viable dags retrieved from /opt/airflow/dags/utils/config.py
[2025-03-06T10:11:04.657+0000] {processor.py:208} INFO - Processing /opt/airflow/dags/utils/config.py took 0.033 seconds
[2025-03-06T10:11:34.937+0000] {processor.py:186} INFO - Started process (PID=464) to work on /opt/airflow/dags/utils/config.py
[2025-03-06T10:11:34.938+0000] {processor.py:914} INFO - Processing file /opt/airflow/dags/utils/config.py for tasks to queue
[2025-03-06T10:11:34.941+0000] {logging_mixin.py:190} INFO - [2025-03-06T10:11:34.940+0000] {dagbag.py:588} INFO - Filling up the DagBag from /opt/airflow/dags/utils/config.py
[2025-03-06T10:11:34.943+0000] {processor.py:927} WARNING - No viable dags retrieved from /opt/airflow/dags/utils/config.py
[2025-03-06T10:11:34.955+0000] {processor.py:208} INFO - Processing /opt/airflow/dags/utils/config.py took 0.024 seconds
[2025-03-06T10:12:05.242+0000] {processor.py:186} INFO - Started process (PID=476) to work on /opt/airflow/dags/utils/config.py
[2025-03-06T10:12:05.243+0000] {processor.py:914} INFO - Processing file /opt/airflow/dags/utils/config.py for tasks to queue
[2025-03-06T10:12:05.246+0000] {logging_mixin.py:190} INFO - [2025-03-06T10:12:05.246+0000] {dagbag.py:588} INFO - Filling up the DagBag from /opt/airflow/dags/utils/config.py
[2025-03-06T10:12:05.249+0000] {processor.py:927} WARNING - No viable dags retrieved from /opt/airflow/dags/utils/config.py
[2025-03-06T10:12:05.262+0000] {processor.py:208} INFO - Processing /opt/airflow/dags/utils/config.py took 0.026 seconds
[2025-03-06T10:12:35.527+0000] {processor.py:186} INFO - Started process (PID=488) to work on /opt/airflow/dags/utils/config.py
[2025-03-06T10:12:35.531+0000] {processor.py:914} INFO - Processing file /opt/airflow/dags/utils/config.py for tasks to queue
[2025-03-06T10:12:35.533+0000] {logging_mixin.py:190} INFO - [2025-03-06T10:12:35.533+0000] {dagbag.py:588} INFO - Filling up the DagBag from /opt/airflow/dags/utils/config.py
[2025-03-06T10:12:35.537+0000] {processor.py:927} WARNING - No viable dags retrieved from /opt/airflow/dags/utils/config.py
[2025-03-06T10:12:35.570+0000] {processor.py:208} INFO - Processing /opt/airflow/dags/utils/config.py took 0.056 seconds
[2025-03-06T10:13:05.911+0000] {processor.py:186} INFO - Started process (PID=499) to work on /opt/airflow/dags/utils/config.py
[2025-03-06T10:13:05.912+0000] {processor.py:914} INFO - Processing file /opt/airflow/dags/utils/config.py for tasks to queue
[2025-03-06T10:13:05.915+0000] {logging_mixin.py:190} INFO - [2025-03-06T10:13:05.915+0000] {dagbag.py:588} INFO - Filling up the DagBag from /opt/airflow/dags/utils/config.py
[2025-03-06T10:13:05.917+0000] {processor.py:927} WARNING - No viable dags retrieved from /opt/airflow/dags/utils/config.py
[2025-03-06T10:13:05.930+0000] {processor.py:208} INFO - Processing /opt/airflow/dags/utils/config.py took 0.025 seconds
[2025-03-06T10:13:36.199+0000] {processor.py:186} INFO - Started process (PID=511) to work on /opt/airflow/dags/utils/config.py
[2025-03-06T10:13:36.200+0000] {processor.py:914} INFO - Processing file /opt/airflow/dags/utils/config.py for tasks to queue
[2025-03-06T10:13:36.203+0000] {logging_mixin.py:190} INFO - [2025-03-06T10:13:36.202+0000] {dagbag.py:588} INFO - Filling up the DagBag from /opt/airflow/dags/utils/config.py
[2025-03-06T10:13:36.205+0000] {processor.py:927} WARNING - No viable dags retrieved from /opt/airflow/dags/utils/config.py
[2025-03-06T10:13:36.218+0000] {processor.py:208} INFO - Processing /opt/airflow/dags/utils/config.py took 0.025 seconds
[2025-03-06T10:14:06.479+0000] {processor.py:186} INFO - Started process (PID=523) to work on /opt/airflow/dags/utils/config.py
[2025-03-06T10:14:06.480+0000] {processor.py:914} INFO - Processing file /opt/airflow/dags/utils/config.py for tasks to queue
[2025-03-06T10:14:06.483+0000] {logging_mixin.py:190} INFO - [2025-03-06T10:14:06.483+0000] {dagbag.py:588} INFO - Filling up the DagBag from /opt/airflow/dags/utils/config.py
[2025-03-06T10:14:06.486+0000] {processor.py:927} WARNING - No viable dags retrieved from /opt/airflow/dags/utils/config.py
[2025-03-06T10:14:06.508+0000] {processor.py:208} INFO - Processing /opt/airflow/dags/utils/config.py took 0.036 seconds
[2025-03-06T10:14:36.754+0000] {processor.py:186} INFO - Started process (PID=534) to work on /opt/airflow/dags/utils/config.py
[2025-03-06T10:14:36.759+0000] {processor.py:914} INFO - Processing file /opt/airflow/dags/utils/config.py for tasks to queue
[2025-03-06T10:14:36.763+0000] {logging_mixin.py:190} INFO - [2025-03-06T10:14:36.762+0000] {dagbag.py:588} INFO - Filling up the DagBag from /opt/airflow/dags/utils/config.py
[2025-03-06T10:14:36.765+0000] {processor.py:927} WARNING - No viable dags retrieved from /opt/airflow/dags/utils/config.py
[2025-03-06T10:14:36.804+0000] {processor.py:208} INFO - Processing /opt/airflow/dags/utils/config.py took 0.062 seconds
[2025-03-06T10:15:07.103+0000] {processor.py:186} INFO - Started process (PID=546) to work on /opt/airflow/dags/utils/config.py
[2025-03-06T10:15:07.103+0000] {processor.py:914} INFO - Processing file /opt/airflow/dags/utils/config.py for tasks to queue
[2025-03-06T10:15:07.106+0000] {logging_mixin.py:190} INFO - [2025-03-06T10:15:07.105+0000] {dagbag.py:588} INFO - Filling up the DagBag from /opt/airflow/dags/utils/config.py
[2025-03-06T10:15:07.108+0000] {processor.py:927} WARNING - No viable dags retrieved from /opt/airflow/dags/utils/config.py
[2025-03-06T10:15:07.120+0000] {processor.py:208} INFO - Processing /opt/airflow/dags/utils/config.py took 0.024 seconds
[2025-03-06T10:15:37.350+0000] {processor.py:186} INFO - Started process (PID=557) to work on /opt/airflow/dags/utils/config.py
[2025-03-06T10:15:37.351+0000] {processor.py:914} INFO - Processing file /opt/airflow/dags/utils/config.py for tasks to queue
[2025-03-06T10:15:37.354+0000] {logging_mixin.py:190} INFO - [2025-03-06T10:15:37.354+0000] {dagbag.py:588} INFO - Filling up the DagBag from /opt/airflow/dags/utils/config.py
[2025-03-06T10:15:37.356+0000] {processor.py:927} WARNING - No viable dags retrieved from /opt/airflow/dags/utils/config.py
[2025-03-06T10:15:37.369+0000] {processor.py:208} INFO - Processing /opt/airflow/dags/utils/config.py took 0.025 seconds
[2025-03-06T10:16:07.637+0000] {processor.py:186} INFO - Started process (PID=569) to work on /opt/airflow/dags/utils/config.py
[2025-03-06T10:16:07.638+0000] {processor.py:914} INFO - Processing file /opt/airflow/dags/utils/config.py for tasks to queue
[2025-03-06T10:16:07.641+0000] {logging_mixin.py:190} INFO - [2025-03-06T10:16:07.640+0000] {dagbag.py:588} INFO - Filling up the DagBag from /opt/airflow/dags/utils/config.py
[2025-03-06T10:16:07.643+0000] {processor.py:927} WARNING - No viable dags retrieved from /opt/airflow/dags/utils/config.py
[2025-03-06T10:16:07.655+0000] {processor.py:208} INFO - Processing /opt/airflow/dags/utils/config.py took 0.025 seconds
[2025-03-06T10:16:37.895+0000] {processor.py:186} INFO - Started process (PID=580) to work on /opt/airflow/dags/utils/config.py
[2025-03-06T10:16:37.896+0000] {processor.py:914} INFO - Processing file /opt/airflow/dags/utils/config.py for tasks to queue
[2025-03-06T10:16:37.899+0000] {logging_mixin.py:190} INFO - [2025-03-06T10:16:37.898+0000] {dagbag.py:588} INFO - Filling up the DagBag from /opt/airflow/dags/utils/config.py
[2025-03-06T10:16:37.901+0000] {processor.py:927} WARNING - No viable dags retrieved from /opt/airflow/dags/utils/config.py
[2025-03-06T10:16:37.917+0000] {processor.py:208} INFO - Processing /opt/airflow/dags/utils/config.py took 0.032 seconds
[2025-03-06T10:17:08.159+0000] {processor.py:186} INFO - Started process (PID=591) to work on /opt/airflow/dags/utils/config.py
[2025-03-06T10:17:08.160+0000] {processor.py:914} INFO - Processing file /opt/airflow/dags/utils/config.py for tasks to queue
[2025-03-06T10:17:08.163+0000] {logging_mixin.py:190} INFO - [2025-03-06T10:17:08.163+0000] {dagbag.py:588} INFO - Filling up the DagBag from /opt/airflow/dags/utils/config.py
[2025-03-06T10:17:08.165+0000] {processor.py:927} WARNING - No viable dags retrieved from /opt/airflow/dags/utils/config.py
[2025-03-06T10:17:08.177+0000] {processor.py:208} INFO - Processing /opt/airflow/dags/utils/config.py took 0.025 seconds
[2025-03-06T10:17:38.420+0000] {processor.py:186} INFO - Started process (PID=602) to work on /opt/airflow/dags/utils/config.py
[2025-03-06T10:17:38.421+0000] {processor.py:914} INFO - Processing file /opt/airflow/dags/utils/config.py for tasks to queue
[2025-03-06T10:17:38.424+0000] {logging_mixin.py:190} INFO - [2025-03-06T10:17:38.424+0000] {dagbag.py:588} INFO - Filling up the DagBag from /opt/airflow/dags/utils/config.py
[2025-03-06T10:17:38.428+0000] {processor.py:927} WARNING - No viable dags retrieved from /opt/airflow/dags/utils/config.py
[2025-03-06T10:17:38.488+0000] {processor.py:208} INFO - Processing /opt/airflow/dags/utils/config.py took 0.074 seconds
[2025-03-06T10:18:08.733+0000] {processor.py:186} INFO - Started process (PID=614) to work on /opt/airflow/dags/utils/config.py
[2025-03-06T10:18:08.733+0000] {processor.py:914} INFO - Processing file /opt/airflow/dags/utils/config.py for tasks to queue
[2025-03-06T10:18:08.736+0000] {logging_mixin.py:190} INFO - [2025-03-06T10:18:08.736+0000] {dagbag.py:588} INFO - Filling up the DagBag from /opt/airflow/dags/utils/config.py
[2025-03-06T10:18:08.739+0000] {processor.py:927} WARNING - No viable dags retrieved from /opt/airflow/dags/utils/config.py
[2025-03-06T10:18:08.751+0000] {processor.py:208} INFO - Processing /opt/airflow/dags/utils/config.py took 0.026 seconds
[2025-03-06T10:18:38.996+0000] {processor.py:186} INFO - Started process (PID=625) to work on /opt/airflow/dags/utils/config.py
[2025-03-06T10:18:38.996+0000] {processor.py:914} INFO - Processing file /opt/airflow/dags/utils/config.py for tasks to queue
[2025-03-06T10:18:39.000+0000] {logging_mixin.py:190} INFO - [2025-03-06T10:18:38.999+0000] {dagbag.py:588} INFO - Filling up the DagBag from /opt/airflow/dags/utils/config.py
[2025-03-06T10:18:39.002+0000] {processor.py:927} WARNING - No viable dags retrieved from /opt/airflow/dags/utils/config.py
[2025-03-06T10:18:39.015+0000] {processor.py:208} INFO - Processing /opt/airflow/dags/utils/config.py took 0.026 seconds
[2025-03-06T10:19:09.287+0000] {processor.py:186} INFO - Started process (PID=637) to work on /opt/airflow/dags/utils/config.py
[2025-03-06T10:19:09.291+0000] {processor.py:914} INFO - Processing file /opt/airflow/dags/utils/config.py for tasks to queue
[2025-03-06T10:19:09.296+0000] {logging_mixin.py:190} INFO - [2025-03-06T10:19:09.296+0000] {dagbag.py:588} INFO - Filling up the DagBag from /opt/airflow/dags/utils/config.py
[2025-03-06T10:19:09.302+0000] {processor.py:927} WARNING - No viable dags retrieved from /opt/airflow/dags/utils/config.py
[2025-03-06T10:19:09.325+0000] {processor.py:208} INFO - Processing /opt/airflow/dags/utils/config.py took 0.066 seconds
[2025-03-06T10:19:39.631+0000] {processor.py:186} INFO - Started process (PID=649) to work on /opt/airflow/dags/utils/config.py
[2025-03-06T10:19:39.632+0000] {processor.py:914} INFO - Processing file /opt/airflow/dags/utils/config.py for tasks to queue
[2025-03-06T10:19:39.635+0000] {logging_mixin.py:190} INFO - [2025-03-06T10:19:39.635+0000] {dagbag.py:588} INFO - Filling up the DagBag from /opt/airflow/dags/utils/config.py
[2025-03-06T10:19:39.637+0000] {processor.py:927} WARNING - No viable dags retrieved from /opt/airflow/dags/utils/config.py
[2025-03-06T10:19:39.650+0000] {processor.py:208} INFO - Processing /opt/airflow/dags/utils/config.py took 0.025 seconds
[2025-03-06T10:20:09.887+0000] {processor.py:186} INFO - Started process (PID=660) to work on /opt/airflow/dags/utils/config.py
[2025-03-06T10:20:09.888+0000] {processor.py:914} INFO - Processing file /opt/airflow/dags/utils/config.py for tasks to queue
[2025-03-06T10:20:09.890+0000] {logging_mixin.py:190} INFO - [2025-03-06T10:20:09.890+0000] {dagbag.py:588} INFO - Filling up the DagBag from /opt/airflow/dags/utils/config.py
[2025-03-06T10:20:09.893+0000] {processor.py:927} WARNING - No viable dags retrieved from /opt/airflow/dags/utils/config.py
[2025-03-06T10:20:09.906+0000] {processor.py:208} INFO - Processing /opt/airflow/dags/utils/config.py took 0.025 seconds
[2025-03-06T10:20:40.154+0000] {processor.py:186} INFO - Started process (PID=671) to work on /opt/airflow/dags/utils/config.py
[2025-03-06T10:20:40.155+0000] {processor.py:914} INFO - Processing file /opt/airflow/dags/utils/config.py for tasks to queue
[2025-03-06T10:20:40.158+0000] {logging_mixin.py:190} INFO - [2025-03-06T10:20:40.157+0000] {dagbag.py:588} INFO - Filling up the DagBag from /opt/airflow/dags/utils/config.py
[2025-03-06T10:20:40.160+0000] {processor.py:927} WARNING - No viable dags retrieved from /opt/airflow/dags/utils/config.py
[2025-03-06T10:20:40.172+0000] {processor.py:208} INFO - Processing /opt/airflow/dags/utils/config.py took 0.024 seconds
[2025-03-06T10:21:10.400+0000] {processor.py:186} INFO - Started process (PID=683) to work on /opt/airflow/dags/utils/config.py
[2025-03-06T10:21:10.401+0000] {processor.py:914} INFO - Processing file /opt/airflow/dags/utils/config.py for tasks to queue
[2025-03-06T10:21:10.403+0000] {logging_mixin.py:190} INFO - [2025-03-06T10:21:10.403+0000] {dagbag.py:588} INFO - Filling up the DagBag from /opt/airflow/dags/utils/config.py
[2025-03-06T10:21:10.405+0000] {processor.py:927} WARNING - No viable dags retrieved from /opt/airflow/dags/utils/config.py
[2025-03-06T10:21:10.418+0000] {processor.py:208} INFO - Processing /opt/airflow/dags/utils/config.py took 0.025 seconds
[2025-03-06T10:21:40.658+0000] {processor.py:186} INFO - Started process (PID=695) to work on /opt/airflow/dags/utils/config.py
[2025-03-06T10:21:40.664+0000] {processor.py:914} INFO - Processing file /opt/airflow/dags/utils/config.py for tasks to queue
[2025-03-06T10:21:40.668+0000] {logging_mixin.py:190} INFO - [2025-03-06T10:21:40.667+0000] {dagbag.py:588} INFO - Filling up the DagBag from /opt/airflow/dags/utils/config.py
[2025-03-06T10:21:40.672+0000] {processor.py:927} WARNING - No viable dags retrieved from /opt/airflow/dags/utils/config.py
[2025-03-06T10:21:40.698+0000] {processor.py:208} INFO - Processing /opt/airflow/dags/utils/config.py took 0.047 seconds
[2025-03-06T10:22:10.996+0000] {processor.py:186} INFO - Started process (PID=707) to work on /opt/airflow/dags/utils/config.py
[2025-03-06T10:22:10.997+0000] {processor.py:914} INFO - Processing file /opt/airflow/dags/utils/config.py for tasks to queue
[2025-03-06T10:22:10.999+0000] {logging_mixin.py:190} INFO - [2025-03-06T10:22:10.998+0000] {dagbag.py:588} INFO - Filling up the DagBag from /opt/airflow/dags/utils/config.py
[2025-03-06T10:22:11.001+0000] {processor.py:927} WARNING - No viable dags retrieved from /opt/airflow/dags/utils/config.py
[2025-03-06T10:22:11.013+0000] {processor.py:208} INFO - Processing /opt/airflow/dags/utils/config.py took 0.024 seconds
[2025-03-06T10:22:41.237+0000] {processor.py:186} INFO - Started process (PID=718) to work on /opt/airflow/dags/utils/config.py
[2025-03-06T10:22:41.237+0000] {processor.py:914} INFO - Processing file /opt/airflow/dags/utils/config.py for tasks to queue
[2025-03-06T10:22:41.240+0000] {logging_mixin.py:190} INFO - [2025-03-06T10:22:41.239+0000] {dagbag.py:588} INFO - Filling up the DagBag from /opt/airflow/dags/utils/config.py
[2025-03-06T10:22:41.242+0000] {processor.py:927} WARNING - No viable dags retrieved from /opt/airflow/dags/utils/config.py
[2025-03-06T10:22:41.255+0000] {processor.py:208} INFO - Processing /opt/airflow/dags/utils/config.py took 0.024 seconds
[2025-03-06T10:23:11.625+0000] {processor.py:186} INFO - Started process (PID=729) to work on /opt/airflow/dags/utils/config.py
[2025-03-06T10:23:11.626+0000] {processor.py:914} INFO - Processing file /opt/airflow/dags/utils/config.py for tasks to queue
[2025-03-06T10:23:11.629+0000] {logging_mixin.py:190} INFO - [2025-03-06T10:23:11.628+0000] {dagbag.py:588} INFO - Filling up the DagBag from /opt/airflow/dags/utils/config.py
[2025-03-06T10:23:11.631+0000] {processor.py:927} WARNING - No viable dags retrieved from /opt/airflow/dags/utils/config.py
[2025-03-06T10:23:11.644+0000] {processor.py:208} INFO - Processing /opt/airflow/dags/utils/config.py took 0.026 seconds
[2025-03-06T10:23:41.820+0000] {processor.py:186} INFO - Started process (PID=738) to work on /opt/airflow/dags/utils/config.py
[2025-03-06T10:23:41.821+0000] {processor.py:914} INFO - Processing file /opt/airflow/dags/utils/config.py for tasks to queue
[2025-03-06T10:23:41.824+0000] {logging_mixin.py:190} INFO - [2025-03-06T10:23:41.823+0000] {dagbag.py:588} INFO - Filling up the DagBag from /opt/airflow/dags/utils/config.py
[2025-03-06T10:23:41.826+0000] {processor.py:927} WARNING - No viable dags retrieved from /opt/airflow/dags/utils/config.py
[2025-03-06T10:23:41.838+0000] {processor.py:208} INFO - Processing /opt/airflow/dags/utils/config.py took 0.024 seconds
[2025-03-06T14:46:58.053+0000] {processor.py:186} INFO - Started process (PID=76) to work on /opt/airflow/dags/utils/config.py
[2025-03-06T14:46:58.230+0000] {processor.py:914} INFO - Processing file /opt/airflow/dags/utils/config.py for tasks to queue
[2025-03-06T14:46:58.232+0000] {logging_mixin.py:190} INFO - [2025-03-06T14:46:58.231+0000] {dagbag.py:588} INFO - Filling up the DagBag from /opt/airflow/dags/utils/config.py
[2025-03-06T14:46:58.234+0000] {processor.py:927} WARNING - No viable dags retrieved from /opt/airflow/dags/utils/config.py
[2025-03-06T14:46:58.285+0000] {processor.py:208} INFO - Processing /opt/airflow/dags/utils/config.py took 0.240 seconds
[2025-03-06T14:47:28.741+0000] {processor.py:186} INFO - Started process (PID=90) to work on /opt/airflow/dags/utils/config.py
[2025-03-06T14:47:28.743+0000] {processor.py:914} INFO - Processing file /opt/airflow/dags/utils/config.py for tasks to queue
[2025-03-06T14:47:28.746+0000] {logging_mixin.py:190} INFO - [2025-03-06T14:47:28.746+0000] {dagbag.py:588} INFO - Filling up the DagBag from /opt/airflow/dags/utils/config.py
[2025-03-06T14:47:28.755+0000] {processor.py:927} WARNING - No viable dags retrieved from /opt/airflow/dags/utils/config.py
[2025-03-06T14:47:28.931+0000] {processor.py:208} INFO - Processing /opt/airflow/dags/utils/config.py took 0.227 seconds
[2025-03-06T14:47:59.034+0000] {processor.py:186} INFO - Started process (PID=101) to work on /opt/airflow/dags/utils/config.py
[2025-03-06T14:47:59.035+0000] {processor.py:914} INFO - Processing file /opt/airflow/dags/utils/config.py for tasks to queue
[2025-03-06T14:47:59.037+0000] {logging_mixin.py:190} INFO - [2025-03-06T14:47:59.037+0000] {dagbag.py:588} INFO - Filling up the DagBag from /opt/airflow/dags/utils/config.py
[2025-03-06T14:47:59.039+0000] {processor.py:927} WARNING - No viable dags retrieved from /opt/airflow/dags/utils/config.py
[2025-03-06T14:47:59.051+0000] {processor.py:208} INFO - Processing /opt/airflow/dags/utils/config.py took 0.024 seconds
[2025-03-06T14:48:29.346+0000] {processor.py:186} INFO - Started process (PID=121) to work on /opt/airflow/dags/utils/config.py
[2025-03-06T14:48:29.347+0000] {processor.py:914} INFO - Processing file /opt/airflow/dags/utils/config.py for tasks to queue
[2025-03-06T14:48:29.350+0000] {logging_mixin.py:190} INFO - [2025-03-06T14:48:29.350+0000] {dagbag.py:588} INFO - Filling up the DagBag from /opt/airflow/dags/utils/config.py
[2025-03-06T14:48:29.355+0000] {processor.py:927} WARNING - No viable dags retrieved from /opt/airflow/dags/utils/config.py
[2025-03-06T14:48:29.372+0000] {processor.py:208} INFO - Processing /opt/airflow/dags/utils/config.py took 0.048 seconds
[2025-03-06T14:48:59.649+0000] {processor.py:186} INFO - Started process (PID=134) to work on /opt/airflow/dags/utils/config.py
[2025-03-06T14:48:59.649+0000] {processor.py:914} INFO - Processing file /opt/airflow/dags/utils/config.py for tasks to queue
[2025-03-06T14:48:59.652+0000] {logging_mixin.py:190} INFO - [2025-03-06T14:48:59.651+0000] {dagbag.py:588} INFO - Filling up the DagBag from /opt/airflow/dags/utils/config.py
[2025-03-06T14:48:59.654+0000] {processor.py:927} WARNING - No viable dags retrieved from /opt/airflow/dags/utils/config.py
[2025-03-06T14:48:59.666+0000] {processor.py:208} INFO - Processing /opt/airflow/dags/utils/config.py took 0.029 seconds
[2025-03-06T14:49:29.907+0000] {processor.py:186} INFO - Started process (PID=144) to work on /opt/airflow/dags/utils/config.py
[2025-03-06T14:49:29.908+0000] {processor.py:914} INFO - Processing file /opt/airflow/dags/utils/config.py for tasks to queue
[2025-03-06T14:49:29.910+0000] {logging_mixin.py:190} INFO - [2025-03-06T14:49:29.910+0000] {dagbag.py:588} INFO - Filling up the DagBag from /opt/airflow/dags/utils/config.py
[2025-03-06T14:49:29.912+0000] {processor.py:927} WARNING - No viable dags retrieved from /opt/airflow/dags/utils/config.py
[2025-03-06T14:49:29.924+0000] {processor.py:208} INFO - Processing /opt/airflow/dags/utils/config.py took 0.024 seconds
[2025-03-06T14:50:00.179+0000] {processor.py:186} INFO - Started process (PID=154) to work on /opt/airflow/dags/utils/config.py
[2025-03-06T14:50:00.184+0000] {processor.py:914} INFO - Processing file /opt/airflow/dags/utils/config.py for tasks to queue
[2025-03-06T14:50:00.185+0000] {logging_mixin.py:190} INFO - [2025-03-06T14:50:00.185+0000] {dagbag.py:588} INFO - Filling up the DagBag from /opt/airflow/dags/utils/config.py
[2025-03-06T14:50:00.187+0000] {processor.py:927} WARNING - No viable dags retrieved from /opt/airflow/dags/utils/config.py
[2025-03-06T14:50:00.202+0000] {processor.py:208} INFO - Processing /opt/airflow/dags/utils/config.py took 0.032 seconds
[2025-03-06T14:50:30.422+0000] {processor.py:186} INFO - Started process (PID=164) to work on /opt/airflow/dags/utils/config.py
[2025-03-06T14:50:30.423+0000] {processor.py:914} INFO - Processing file /opt/airflow/dags/utils/config.py for tasks to queue
[2025-03-06T14:50:30.424+0000] {logging_mixin.py:190} INFO - [2025-03-06T14:50:30.424+0000] {dagbag.py:588} INFO - Filling up the DagBag from /opt/airflow/dags/utils/config.py
[2025-03-06T14:50:30.426+0000] {processor.py:927} WARNING - No viable dags retrieved from /opt/airflow/dags/utils/config.py
[2025-03-06T14:50:30.440+0000] {processor.py:208} INFO - Processing /opt/airflow/dags/utils/config.py took 0.023 seconds
[2025-03-06T14:51:00.769+0000] {processor.py:186} INFO - Started process (PID=175) to work on /opt/airflow/dags/utils/config.py
[2025-03-06T14:51:00.775+0000] {processor.py:914} INFO - Processing file /opt/airflow/dags/utils/config.py for tasks to queue
[2025-03-06T14:51:00.776+0000] {logging_mixin.py:190} INFO - [2025-03-06T14:51:00.776+0000] {dagbag.py:588} INFO - Filling up the DagBag from /opt/airflow/dags/utils/config.py
[2025-03-06T14:51:00.779+0000] {processor.py:927} WARNING - No viable dags retrieved from /opt/airflow/dags/utils/config.py
[2025-03-06T14:51:00.796+0000] {processor.py:208} INFO - Processing /opt/airflow/dags/utils/config.py took 0.037 seconds
[2025-03-06T14:51:31.109+0000] {processor.py:186} INFO - Started process (PID=187) to work on /opt/airflow/dags/utils/config.py
[2025-03-06T14:51:31.116+0000] {processor.py:914} INFO - Processing file /opt/airflow/dags/utils/config.py for tasks to queue
[2025-03-06T14:51:31.118+0000] {logging_mixin.py:190} INFO - [2025-03-06T14:51:31.117+0000] {dagbag.py:588} INFO - Filling up the DagBag from /opt/airflow/dags/utils/config.py
[2025-03-06T14:51:31.120+0000] {processor.py:927} WARNING - No viable dags retrieved from /opt/airflow/dags/utils/config.py
[2025-03-06T14:51:31.149+0000] {processor.py:208} INFO - Processing /opt/airflow/dags/utils/config.py took 0.048 seconds
[2025-03-06T14:52:01.771+0000] {processor.py:186} INFO - Started process (PID=204) to work on /opt/airflow/dags/utils/config.py
[2025-03-06T14:52:01.776+0000] {processor.py:914} INFO - Processing file /opt/airflow/dags/utils/config.py for tasks to queue
[2025-03-06T14:52:01.778+0000] {logging_mixin.py:190} INFO - [2025-03-06T14:52:01.778+0000] {dagbag.py:588} INFO - Filling up the DagBag from /opt/airflow/dags/utils/config.py
[2025-03-06T14:52:01.789+0000] {processor.py:927} WARNING - No viable dags retrieved from /opt/airflow/dags/utils/config.py
[2025-03-06T14:52:01.861+0000] {processor.py:208} INFO - Processing /opt/airflow/dags/utils/config.py took 0.112 seconds
[2025-03-06T14:52:32.262+0000] {processor.py:186} INFO - Started process (PID=219) to work on /opt/airflow/dags/utils/config.py
[2025-03-06T14:52:32.263+0000] {processor.py:914} INFO - Processing file /opt/airflow/dags/utils/config.py for tasks to queue
[2025-03-06T14:52:32.265+0000] {logging_mixin.py:190} INFO - [2025-03-06T14:52:32.265+0000] {dagbag.py:588} INFO - Filling up the DagBag from /opt/airflow/dags/utils/config.py
[2025-03-06T14:52:32.267+0000] {processor.py:927} WARNING - No viable dags retrieved from /opt/airflow/dags/utils/config.py
[2025-03-06T14:52:32.279+0000] {processor.py:208} INFO - Processing /opt/airflow/dags/utils/config.py took 0.023 seconds
[2025-03-06T14:53:02.607+0000] {processor.py:186} INFO - Started process (PID=230) to work on /opt/airflow/dags/utils/config.py
[2025-03-06T14:53:02.619+0000] {processor.py:914} INFO - Processing file /opt/airflow/dags/utils/config.py for tasks to queue
[2025-03-06T14:53:02.620+0000] {logging_mixin.py:190} INFO - [2025-03-06T14:53:02.620+0000] {dagbag.py:588} INFO - Filling up the DagBag from /opt/airflow/dags/utils/config.py
[2025-03-06T14:53:02.627+0000] {processor.py:927} WARNING - No viable dags retrieved from /opt/airflow/dags/utils/config.py
[2025-03-06T14:53:02.652+0000] {processor.py:208} INFO - Processing /opt/airflow/dags/utils/config.py took 0.053 seconds
[2025-03-06T14:53:32.901+0000] {processor.py:186} INFO - Started process (PID=241) to work on /opt/airflow/dags/utils/config.py
[2025-03-06T14:53:32.902+0000] {processor.py:914} INFO - Processing file /opt/airflow/dags/utils/config.py for tasks to queue
[2025-03-06T14:53:32.903+0000] {logging_mixin.py:190} INFO - [2025-03-06T14:53:32.902+0000] {dagbag.py:588} INFO - Filling up the DagBag from /opt/airflow/dags/utils/config.py
[2025-03-06T14:53:32.905+0000] {processor.py:927} WARNING - No viable dags retrieved from /opt/airflow/dags/utils/config.py
[2025-03-06T14:53:32.917+0000] {processor.py:208} INFO - Processing /opt/airflow/dags/utils/config.py took 0.024 seconds
[2025-03-06T14:54:03.218+0000] {processor.py:186} INFO - Started process (PID=252) to work on /opt/airflow/dags/utils/config.py
[2025-03-06T14:54:03.220+0000] {processor.py:914} INFO - Processing file /opt/airflow/dags/utils/config.py for tasks to queue
[2025-03-06T14:54:03.221+0000] {logging_mixin.py:190} INFO - [2025-03-06T14:54:03.221+0000] {dagbag.py:588} INFO - Filling up the DagBag from /opt/airflow/dags/utils/config.py
[2025-03-06T14:54:03.223+0000] {processor.py:927} WARNING - No viable dags retrieved from /opt/airflow/dags/utils/config.py
[2025-03-06T14:54:03.272+0000] {processor.py:208} INFO - Processing /opt/airflow/dags/utils/config.py took 0.082 seconds
[2025-03-06T14:54:33.378+0000] {processor.py:186} INFO - Started process (PID=267) to work on /opt/airflow/dags/utils/config.py
[2025-03-06T14:54:33.378+0000] {processor.py:914} INFO - Processing file /opt/airflow/dags/utils/config.py for tasks to queue
[2025-03-06T14:54:33.380+0000] {logging_mixin.py:190} INFO - [2025-03-06T14:54:33.379+0000] {dagbag.py:588} INFO - Filling up the DagBag from /opt/airflow/dags/utils/config.py
[2025-03-06T14:54:33.381+0000] {processor.py:927} WARNING - No viable dags retrieved from /opt/airflow/dags/utils/config.py
[2025-03-06T14:54:33.391+0000] {processor.py:208} INFO - Processing /opt/airflow/dags/utils/config.py took 0.020 seconds
[2025-03-06T14:55:03.828+0000] {processor.py:186} INFO - Started process (PID=286) to work on /opt/airflow/dags/utils/config.py
[2025-03-06T14:55:03.829+0000] {processor.py:914} INFO - Processing file /opt/airflow/dags/utils/config.py for tasks to queue
[2025-03-06T14:55:03.830+0000] {logging_mixin.py:190} INFO - [2025-03-06T14:55:03.830+0000] {dagbag.py:588} INFO - Filling up the DagBag from /opt/airflow/dags/utils/config.py
[2025-03-06T14:55:03.833+0000] {processor.py:927} WARNING - No viable dags retrieved from /opt/airflow/dags/utils/config.py
[2025-03-06T14:55:03.845+0000] {processor.py:208} INFO - Processing /opt/airflow/dags/utils/config.py took 0.025 seconds
[2025-03-06T14:55:34.544+0000] {processor.py:186} INFO - Started process (PID=305) to work on /opt/airflow/dags/utils/config.py
[2025-03-06T14:55:34.545+0000] {processor.py:914} INFO - Processing file /opt/airflow/dags/utils/config.py for tasks to queue
[2025-03-06T14:55:34.547+0000] {logging_mixin.py:190} INFO - [2025-03-06T14:55:34.546+0000] {dagbag.py:588} INFO - Filling up the DagBag from /opt/airflow/dags/utils/config.py
[2025-03-06T14:55:34.549+0000] {processor.py:927} WARNING - No viable dags retrieved from /opt/airflow/dags/utils/config.py
[2025-03-06T14:55:34.564+0000] {processor.py:208} INFO - Processing /opt/airflow/dags/utils/config.py took 0.027 seconds
[2025-03-06T14:56:04.879+0000] {processor.py:186} INFO - Started process (PID=316) to work on /opt/airflow/dags/utils/config.py
[2025-03-06T14:56:04.888+0000] {processor.py:914} INFO - Processing file /opt/airflow/dags/utils/config.py for tasks to queue
[2025-03-06T14:56:04.890+0000] {logging_mixin.py:190} INFO - [2025-03-06T14:56:04.889+0000] {dagbag.py:588} INFO - Filling up the DagBag from /opt/airflow/dags/utils/config.py
[2025-03-06T14:56:04.892+0000] {processor.py:927} WARNING - No viable dags retrieved from /opt/airflow/dags/utils/config.py
[2025-03-06T14:56:04.925+0000] {processor.py:208} INFO - Processing /opt/airflow/dags/utils/config.py took 0.057 seconds
[2025-03-06T14:56:35.145+0000] {processor.py:186} INFO - Started process (PID=333) to work on /opt/airflow/dags/utils/config.py
[2025-03-06T14:56:35.146+0000] {processor.py:914} INFO - Processing file /opt/airflow/dags/utils/config.py for tasks to queue
[2025-03-06T14:56:35.148+0000] {logging_mixin.py:190} INFO - [2025-03-06T14:56:35.147+0000] {dagbag.py:588} INFO - Filling up the DagBag from /opt/airflow/dags/utils/config.py
[2025-03-06T14:56:35.150+0000] {processor.py:927} WARNING - No viable dags retrieved from /opt/airflow/dags/utils/config.py
[2025-03-06T14:56:35.167+0000] {processor.py:208} INFO - Processing /opt/airflow/dags/utils/config.py took 0.033 seconds
[2025-03-06T14:57:05.220+0000] {processor.py:186} INFO - Started process (PID=349) to work on /opt/airflow/dags/utils/config.py
[2025-03-06T14:57:05.221+0000] {processor.py:914} INFO - Processing file /opt/airflow/dags/utils/config.py for tasks to queue
[2025-03-06T14:57:05.222+0000] {logging_mixin.py:190} INFO - [2025-03-06T14:57:05.221+0000] {dagbag.py:588} INFO - Filling up the DagBag from /opt/airflow/dags/utils/config.py
[2025-03-06T14:57:05.223+0000] {processor.py:927} WARNING - No viable dags retrieved from /opt/airflow/dags/utils/config.py
[2025-03-06T14:57:05.233+0000] {processor.py:208} INFO - Processing /opt/airflow/dags/utils/config.py took 0.018 seconds
[2025-03-06T14:57:35.434+0000] {processor.py:186} INFO - Started process (PID=363) to work on /opt/airflow/dags/utils/config.py
[2025-03-06T14:57:35.439+0000] {processor.py:914} INFO - Processing file /opt/airflow/dags/utils/config.py for tasks to queue
[2025-03-06T14:57:35.440+0000] {logging_mixin.py:190} INFO - [2025-03-06T14:57:35.440+0000] {dagbag.py:588} INFO - Filling up the DagBag from /opt/airflow/dags/utils/config.py
[2025-03-06T14:57:35.446+0000] {processor.py:927} WARNING - No viable dags retrieved from /opt/airflow/dags/utils/config.py
[2025-03-06T14:57:35.458+0000] {processor.py:208} INFO - Processing /opt/airflow/dags/utils/config.py took 0.032 seconds
[2025-03-06T14:58:05.562+0000] {processor.py:186} INFO - Started process (PID=378) to work on /opt/airflow/dags/utils/config.py
[2025-03-06T14:58:05.562+0000] {processor.py:914} INFO - Processing file /opt/airflow/dags/utils/config.py for tasks to queue
[2025-03-06T14:58:05.563+0000] {logging_mixin.py:190} INFO - [2025-03-06T14:58:05.563+0000] {dagbag.py:588} INFO - Filling up the DagBag from /opt/airflow/dags/utils/config.py
[2025-03-06T14:58:05.565+0000] {processor.py:927} WARNING - No viable dags retrieved from /opt/airflow/dags/utils/config.py
[2025-03-06T14:58:05.575+0000] {processor.py:208} INFO - Processing /opt/airflow/dags/utils/config.py took 0.018 seconds
[2025-03-06T14:58:35.895+0000] {processor.py:186} INFO - Started process (PID=390) to work on /opt/airflow/dags/utils/config.py
[2025-03-06T14:58:35.895+0000] {processor.py:914} INFO - Processing file /opt/airflow/dags/utils/config.py for tasks to queue
[2025-03-06T14:58:35.896+0000] {logging_mixin.py:190} INFO - [2025-03-06T14:58:35.896+0000] {dagbag.py:588} INFO - Filling up the DagBag from /opt/airflow/dags/utils/config.py
[2025-03-06T14:58:35.898+0000] {processor.py:927} WARNING - No viable dags retrieved from /opt/airflow/dags/utils/config.py
[2025-03-06T14:58:35.908+0000] {processor.py:208} INFO - Processing /opt/airflow/dags/utils/config.py took 0.018 seconds
[2025-03-06T14:59:06.160+0000] {processor.py:186} INFO - Started process (PID=401) to work on /opt/airflow/dags/utils/config.py
[2025-03-06T14:59:06.161+0000] {processor.py:914} INFO - Processing file /opt/airflow/dags/utils/config.py for tasks to queue
[2025-03-06T14:59:06.162+0000] {logging_mixin.py:190} INFO - [2025-03-06T14:59:06.161+0000] {dagbag.py:588} INFO - Filling up the DagBag from /opt/airflow/dags/utils/config.py
[2025-03-06T14:59:06.163+0000] {processor.py:927} WARNING - No viable dags retrieved from /opt/airflow/dags/utils/config.py
[2025-03-06T14:59:06.173+0000] {processor.py:208} INFO - Processing /opt/airflow/dags/utils/config.py took 0.018 seconds
[2025-03-06T14:59:36.432+0000] {processor.py:186} INFO - Started process (PID=413) to work on /opt/airflow/dags/utils/config.py
[2025-03-06T14:59:36.434+0000] {processor.py:914} INFO - Processing file /opt/airflow/dags/utils/config.py for tasks to queue
[2025-03-06T14:59:36.435+0000] {logging_mixin.py:190} INFO - [2025-03-06T14:59:36.435+0000] {dagbag.py:588} INFO - Filling up the DagBag from /opt/airflow/dags/utils/config.py
[2025-03-06T14:59:36.437+0000] {processor.py:927} WARNING - No viable dags retrieved from /opt/airflow/dags/utils/config.py
[2025-03-06T14:59:36.470+0000] {processor.py:208} INFO - Processing /opt/airflow/dags/utils/config.py took 0.058 seconds
[2025-03-06T15:00:06.721+0000] {processor.py:186} INFO - Started process (PID=424) to work on /opt/airflow/dags/utils/config.py
[2025-03-06T15:00:06.721+0000] {processor.py:914} INFO - Processing file /opt/airflow/dags/utils/config.py for tasks to queue
[2025-03-06T15:00:06.722+0000] {logging_mixin.py:190} INFO - [2025-03-06T15:00:06.722+0000] {dagbag.py:588} INFO - Filling up the DagBag from /opt/airflow/dags/utils/config.py
[2025-03-06T15:00:06.724+0000] {processor.py:927} WARNING - No viable dags retrieved from /opt/airflow/dags/utils/config.py
[2025-03-06T15:00:06.734+0000] {processor.py:208} INFO - Processing /opt/airflow/dags/utils/config.py took 0.018 seconds
[2025-03-06T15:00:37.120+0000] {processor.py:186} INFO - Started process (PID=435) to work on /opt/airflow/dags/utils/config.py
[2025-03-06T15:00:37.121+0000] {processor.py:914} INFO - Processing file /opt/airflow/dags/utils/config.py for tasks to queue
[2025-03-06T15:00:37.122+0000] {logging_mixin.py:190} INFO - [2025-03-06T15:00:37.121+0000] {dagbag.py:588} INFO - Filling up the DagBag from /opt/airflow/dags/utils/config.py
[2025-03-06T15:00:37.123+0000] {processor.py:927} WARNING - No viable dags retrieved from /opt/airflow/dags/utils/config.py
[2025-03-06T15:00:37.133+0000] {processor.py:208} INFO - Processing /opt/airflow/dags/utils/config.py took 0.018 seconds
[2025-03-06T15:01:07.355+0000] {processor.py:186} INFO - Started process (PID=446) to work on /opt/airflow/dags/utils/config.py
[2025-03-06T15:01:07.356+0000] {processor.py:914} INFO - Processing file /opt/airflow/dags/utils/config.py for tasks to queue
[2025-03-06T15:01:07.356+0000] {logging_mixin.py:190} INFO - [2025-03-06T15:01:07.356+0000] {dagbag.py:588} INFO - Filling up the DagBag from /opt/airflow/dags/utils/config.py
[2025-03-06T15:01:07.358+0000] {processor.py:927} WARNING - No viable dags retrieved from /opt/airflow/dags/utils/config.py
[2025-03-06T15:01:07.368+0000] {processor.py:208} INFO - Processing /opt/airflow/dags/utils/config.py took 0.018 seconds
[2025-03-06T15:01:37.610+0000] {processor.py:186} INFO - Started process (PID=458) to work on /opt/airflow/dags/utils/config.py
[2025-03-06T15:01:37.610+0000] {processor.py:914} INFO - Processing file /opt/airflow/dags/utils/config.py for tasks to queue
[2025-03-06T15:01:37.612+0000] {logging_mixin.py:190} INFO - [2025-03-06T15:01:37.611+0000] {dagbag.py:588} INFO - Filling up the DagBag from /opt/airflow/dags/utils/config.py
[2025-03-06T15:01:37.613+0000] {processor.py:927} WARNING - No viable dags retrieved from /opt/airflow/dags/utils/config.py
[2025-03-06T15:01:37.623+0000] {processor.py:208} INFO - Processing /opt/airflow/dags/utils/config.py took 0.018 seconds
[2025-03-06T15:02:07.855+0000] {processor.py:186} INFO - Started process (PID=469) to work on /opt/airflow/dags/utils/config.py
[2025-03-06T15:02:07.855+0000] {processor.py:914} INFO - Processing file /opt/airflow/dags/utils/config.py for tasks to queue
[2025-03-06T15:02:07.856+0000] {logging_mixin.py:190} INFO - [2025-03-06T15:02:07.856+0000] {dagbag.py:588} INFO - Filling up the DagBag from /opt/airflow/dags/utils/config.py
[2025-03-06T15:02:07.858+0000] {processor.py:927} WARNING - No viable dags retrieved from /opt/airflow/dags/utils/config.py
[2025-03-06T15:02:07.868+0000] {processor.py:208} INFO - Processing /opt/airflow/dags/utils/config.py took 0.018 seconds
[2025-03-06T15:02:38.091+0000] {processor.py:186} INFO - Started process (PID=480) to work on /opt/airflow/dags/utils/config.py
[2025-03-06T15:02:38.092+0000] {processor.py:914} INFO - Processing file /opt/airflow/dags/utils/config.py for tasks to queue
[2025-03-06T15:02:38.093+0000] {logging_mixin.py:190} INFO - [2025-03-06T15:02:38.093+0000] {dagbag.py:588} INFO - Filling up the DagBag from /opt/airflow/dags/utils/config.py
[2025-03-06T15:02:38.094+0000] {processor.py:927} WARNING - No viable dags retrieved from /opt/airflow/dags/utils/config.py
[2025-03-06T15:02:38.104+0000] {processor.py:208} INFO - Processing /opt/airflow/dags/utils/config.py took 0.018 seconds
[2025-03-06T15:03:08.333+0000] {processor.py:186} INFO - Started process (PID=492) to work on /opt/airflow/dags/utils/config.py
[2025-03-06T15:03:08.334+0000] {processor.py:914} INFO - Processing file /opt/airflow/dags/utils/config.py for tasks to queue
[2025-03-06T15:03:08.335+0000] {logging_mixin.py:190} INFO - [2025-03-06T15:03:08.335+0000] {dagbag.py:588} INFO - Filling up the DagBag from /opt/airflow/dags/utils/config.py
[2025-03-06T15:03:08.336+0000] {processor.py:927} WARNING - No viable dags retrieved from /opt/airflow/dags/utils/config.py
[2025-03-06T15:03:08.347+0000] {processor.py:208} INFO - Processing /opt/airflow/dags/utils/config.py took 0.018 seconds
[2025-03-06T15:03:38.564+0000] {processor.py:186} INFO - Started process (PID=503) to work on /opt/airflow/dags/utils/config.py
[2025-03-06T15:03:38.565+0000] {processor.py:914} INFO - Processing file /opt/airflow/dags/utils/config.py for tasks to queue
[2025-03-06T15:03:38.566+0000] {logging_mixin.py:190} INFO - [2025-03-06T15:03:38.566+0000] {dagbag.py:588} INFO - Filling up the DagBag from /opt/airflow/dags/utils/config.py
[2025-03-06T15:03:38.568+0000] {processor.py:927} WARNING - No viable dags retrieved from /opt/airflow/dags/utils/config.py
[2025-03-06T15:03:38.577+0000] {processor.py:208} INFO - Processing /opt/airflow/dags/utils/config.py took 0.018 seconds
[2025-03-06T15:04:08.840+0000] {processor.py:186} INFO - Started process (PID=514) to work on /opt/airflow/dags/utils/config.py
[2025-03-06T15:04:08.841+0000] {processor.py:914} INFO - Processing file /opt/airflow/dags/utils/config.py for tasks to queue
[2025-03-06T15:04:08.842+0000] {logging_mixin.py:190} INFO - [2025-03-06T15:04:08.842+0000] {dagbag.py:588} INFO - Filling up the DagBag from /opt/airflow/dags/utils/config.py
[2025-03-06T15:04:08.844+0000] {processor.py:927} WARNING - No viable dags retrieved from /opt/airflow/dags/utils/config.py
[2025-03-06T15:04:08.857+0000] {processor.py:208} INFO - Processing /opt/airflow/dags/utils/config.py took 0.023 seconds
[2025-03-06T15:04:39.104+0000] {processor.py:186} INFO - Started process (PID=524) to work on /opt/airflow/dags/utils/config.py
[2025-03-06T15:04:39.104+0000] {processor.py:914} INFO - Processing file /opt/airflow/dags/utils/config.py for tasks to queue
[2025-03-06T15:04:39.105+0000] {logging_mixin.py:190} INFO - [2025-03-06T15:04:39.105+0000] {dagbag.py:588} INFO - Filling up the DagBag from /opt/airflow/dags/utils/config.py
[2025-03-06T15:04:39.107+0000] {processor.py:927} WARNING - No viable dags retrieved from /opt/airflow/dags/utils/config.py
[2025-03-06T15:04:39.116+0000] {processor.py:208} INFO - Processing /opt/airflow/dags/utils/config.py took 0.017 seconds
[2025-03-06T15:05:09.367+0000] {processor.py:186} INFO - Started process (PID=535) to work on /opt/airflow/dags/utils/config.py
[2025-03-06T15:05:09.367+0000] {processor.py:914} INFO - Processing file /opt/airflow/dags/utils/config.py for tasks to queue
[2025-03-06T15:05:09.369+0000] {logging_mixin.py:190} INFO - [2025-03-06T15:05:09.368+0000] {dagbag.py:588} INFO - Filling up the DagBag from /opt/airflow/dags/utils/config.py
[2025-03-06T15:05:09.370+0000] {processor.py:927} WARNING - No viable dags retrieved from /opt/airflow/dags/utils/config.py
[2025-03-06T15:05:09.381+0000] {processor.py:208} INFO - Processing /opt/airflow/dags/utils/config.py took 0.019 seconds
[2025-03-06T15:05:39.680+0000] {processor.py:186} INFO - Started process (PID=546) to work on /opt/airflow/dags/utils/config.py
[2025-03-06T15:05:39.681+0000] {processor.py:914} INFO - Processing file /opt/airflow/dags/utils/config.py for tasks to queue
[2025-03-06T15:05:39.683+0000] {logging_mixin.py:190} INFO - [2025-03-06T15:05:39.682+0000] {dagbag.py:588} INFO - Filling up the DagBag from /opt/airflow/dags/utils/config.py
[2025-03-06T15:05:39.685+0000] {processor.py:927} WARNING - No viable dags retrieved from /opt/airflow/dags/utils/config.py
[2025-03-06T15:05:39.704+0000] {processor.py:208} INFO - Processing /opt/airflow/dags/utils/config.py took 0.030 seconds
[2025-03-06T15:06:10.384+0000] {processor.py:186} INFO - Started process (PID=559) to work on /opt/airflow/dags/utils/config.py
[2025-03-06T15:06:10.385+0000] {processor.py:914} INFO - Processing file /opt/airflow/dags/utils/config.py for tasks to queue
[2025-03-06T15:06:10.386+0000] {logging_mixin.py:190} INFO - [2025-03-06T15:06:10.386+0000] {dagbag.py:588} INFO - Filling up the DagBag from /opt/airflow/dags/utils/config.py
[2025-03-06T15:06:10.388+0000] {processor.py:927} WARNING - No viable dags retrieved from /opt/airflow/dags/utils/config.py
[2025-03-06T15:06:10.398+0000] {processor.py:208} INFO - Processing /opt/airflow/dags/utils/config.py took 0.018 seconds
[2025-03-06T15:06:40.684+0000] {processor.py:186} INFO - Started process (PID=571) to work on /opt/airflow/dags/utils/config.py
[2025-03-06T15:06:40.684+0000] {processor.py:914} INFO - Processing file /opt/airflow/dags/utils/config.py for tasks to queue
[2025-03-06T15:06:40.686+0000] {logging_mixin.py:190} INFO - [2025-03-06T15:06:40.685+0000] {dagbag.py:588} INFO - Filling up the DagBag from /opt/airflow/dags/utils/config.py
[2025-03-06T15:06:40.688+0000] {processor.py:927} WARNING - No viable dags retrieved from /opt/airflow/dags/utils/config.py
[2025-03-06T15:06:40.701+0000] {processor.py:208} INFO - Processing /opt/airflow/dags/utils/config.py took 0.025 seconds
[2025-03-06T15:07:10.965+0000] {processor.py:186} INFO - Started process (PID=582) to work on /opt/airflow/dags/utils/config.py
[2025-03-06T15:07:10.966+0000] {processor.py:914} INFO - Processing file /opt/airflow/dags/utils/config.py for tasks to queue
[2025-03-06T15:07:10.967+0000] {logging_mixin.py:190} INFO - [2025-03-06T15:07:10.967+0000] {dagbag.py:588} INFO - Filling up the DagBag from /opt/airflow/dags/utils/config.py
[2025-03-06T15:07:10.970+0000] {processor.py:927} WARNING - No viable dags retrieved from /opt/airflow/dags/utils/config.py
[2025-03-06T15:07:10.984+0000] {processor.py:208} INFO - Processing /opt/airflow/dags/utils/config.py took 0.028 seconds
[2025-03-06T15:07:41.250+0000] {processor.py:186} INFO - Started process (PID=594) to work on /opt/airflow/dags/utils/config.py
[2025-03-06T15:07:41.250+0000] {processor.py:914} INFO - Processing file /opt/airflow/dags/utils/config.py for tasks to queue
[2025-03-06T15:07:41.251+0000] {logging_mixin.py:190} INFO - [2025-03-06T15:07:41.251+0000] {dagbag.py:588} INFO - Filling up the DagBag from /opt/airflow/dags/utils/config.py
[2025-03-06T15:07:41.253+0000] {processor.py:927} WARNING - No viable dags retrieved from /opt/airflow/dags/utils/config.py
[2025-03-06T15:07:41.263+0000] {processor.py:208} INFO - Processing /opt/airflow/dags/utils/config.py took 0.018 seconds
[2025-03-06T15:08:11.602+0000] {processor.py:186} INFO - Started process (PID=610) to work on /opt/airflow/dags/utils/config.py
[2025-03-06T15:08:11.603+0000] {processor.py:914} INFO - Processing file /opt/airflow/dags/utils/config.py for tasks to queue
[2025-03-06T15:08:11.604+0000] {logging_mixin.py:190} INFO - [2025-03-06T15:08:11.604+0000] {dagbag.py:588} INFO - Filling up the DagBag from /opt/airflow/dags/utils/config.py
[2025-03-06T15:08:11.606+0000] {processor.py:927} WARNING - No viable dags retrieved from /opt/airflow/dags/utils/config.py
[2025-03-06T15:08:11.616+0000] {processor.py:208} INFO - Processing /opt/airflow/dags/utils/config.py took 0.018 seconds
[2025-03-06T15:08:41.893+0000] {processor.py:186} INFO - Started process (PID=622) to work on /opt/airflow/dags/utils/config.py
[2025-03-06T15:08:41.894+0000] {processor.py:914} INFO - Processing file /opt/airflow/dags/utils/config.py for tasks to queue
[2025-03-06T15:08:41.895+0000] {logging_mixin.py:190} INFO - [2025-03-06T15:08:41.894+0000] {dagbag.py:588} INFO - Filling up the DagBag from /opt/airflow/dags/utils/config.py
[2025-03-06T15:08:41.896+0000] {processor.py:927} WARNING - No viable dags retrieved from /opt/airflow/dags/utils/config.py
[2025-03-06T15:08:41.907+0000] {processor.py:208} INFO - Processing /opt/airflow/dags/utils/config.py took 0.018 seconds
[2025-03-06T15:09:12.144+0000] {processor.py:186} INFO - Started process (PID=632) to work on /opt/airflow/dags/utils/config.py
[2025-03-06T15:09:12.145+0000] {processor.py:914} INFO - Processing file /opt/airflow/dags/utils/config.py for tasks to queue
[2025-03-06T15:09:12.147+0000] {logging_mixin.py:190} INFO - [2025-03-06T15:09:12.146+0000] {dagbag.py:588} INFO - Filling up the DagBag from /opt/airflow/dags/utils/config.py
[2025-03-06T15:09:12.149+0000] {processor.py:927} WARNING - No viable dags retrieved from /opt/airflow/dags/utils/config.py
[2025-03-06T15:09:12.162+0000] {processor.py:208} INFO - Processing /opt/airflow/dags/utils/config.py took 0.024 seconds
[2025-03-06T15:09:42.418+0000] {processor.py:186} INFO - Started process (PID=644) to work on /opt/airflow/dags/utils/config.py
[2025-03-06T15:09:42.420+0000] {processor.py:914} INFO - Processing file /opt/airflow/dags/utils/config.py for tasks to queue
[2025-03-06T15:09:42.422+0000] {logging_mixin.py:190} INFO - [2025-03-06T15:09:42.421+0000] {dagbag.py:588} INFO - Filling up the DagBag from /opt/airflow/dags/utils/config.py
[2025-03-06T15:09:42.427+0000] {processor.py:927} WARNING - No viable dags retrieved from /opt/airflow/dags/utils/config.py
[2025-03-06T15:09:42.451+0000] {processor.py:208} INFO - Processing /opt/airflow/dags/utils/config.py took 0.043 seconds
[2025-03-06T15:10:13.105+0000] {processor.py:186} INFO - Started process (PID=657) to work on /opt/airflow/dags/utils/config.py
[2025-03-06T15:10:13.116+0000] {processor.py:914} INFO - Processing file /opt/airflow/dags/utils/config.py for tasks to queue
[2025-03-06T15:10:13.118+0000] {logging_mixin.py:190} INFO - [2025-03-06T15:10:13.117+0000] {dagbag.py:588} INFO - Filling up the DagBag from /opt/airflow/dags/utils/config.py
[2025-03-06T15:10:13.123+0000] {processor.py:927} WARNING - No viable dags retrieved from /opt/airflow/dags/utils/config.py
[2025-03-06T15:10:13.147+0000] {processor.py:208} INFO - Processing /opt/airflow/dags/utils/config.py took 0.056 seconds
[2025-03-06T15:10:43.462+0000] {processor.py:186} INFO - Started process (PID=668) to work on /opt/airflow/dags/utils/config.py
[2025-03-06T15:10:43.463+0000] {processor.py:914} INFO - Processing file /opt/airflow/dags/utils/config.py for tasks to queue
[2025-03-06T15:10:43.464+0000] {logging_mixin.py:190} INFO - [2025-03-06T15:10:43.463+0000] {dagbag.py:588} INFO - Filling up the DagBag from /opt/airflow/dags/utils/config.py
[2025-03-06T15:10:43.465+0000] {processor.py:927} WARNING - No viable dags retrieved from /opt/airflow/dags/utils/config.py
[2025-03-06T15:10:43.476+0000] {processor.py:208} INFO - Processing /opt/airflow/dags/utils/config.py took 0.019 seconds
[2025-03-06T15:11:13.727+0000] {processor.py:186} INFO - Started process (PID=679) to work on /opt/airflow/dags/utils/config.py
[2025-03-06T15:11:13.728+0000] {processor.py:914} INFO - Processing file /opt/airflow/dags/utils/config.py for tasks to queue
[2025-03-06T15:11:13.728+0000] {logging_mixin.py:190} INFO - [2025-03-06T15:11:13.728+0000] {dagbag.py:588} INFO - Filling up the DagBag from /opt/airflow/dags/utils/config.py
[2025-03-06T15:11:13.730+0000] {processor.py:927} WARNING - No viable dags retrieved from /opt/airflow/dags/utils/config.py
[2025-03-06T15:11:13.740+0000] {processor.py:208} INFO - Processing /opt/airflow/dags/utils/config.py took 0.018 seconds
[2025-03-06T15:11:43.985+0000] {processor.py:186} INFO - Started process (PID=690) to work on /opt/airflow/dags/utils/config.py
[2025-03-06T15:11:43.986+0000] {processor.py:914} INFO - Processing file /opt/airflow/dags/utils/config.py for tasks to queue
[2025-03-06T15:11:43.986+0000] {logging_mixin.py:190} INFO - [2025-03-06T15:11:43.986+0000] {dagbag.py:588} INFO - Filling up the DagBag from /opt/airflow/dags/utils/config.py
[2025-03-06T15:11:43.988+0000] {processor.py:927} WARNING - No viable dags retrieved from /opt/airflow/dags/utils/config.py
[2025-03-06T15:11:43.998+0000] {processor.py:208} INFO - Processing /opt/airflow/dags/utils/config.py took 0.018 seconds
[2025-03-06T15:12:14.261+0000] {processor.py:186} INFO - Started process (PID=701) to work on /opt/airflow/dags/utils/config.py
[2025-03-06T15:12:14.261+0000] {processor.py:914} INFO - Processing file /opt/airflow/dags/utils/config.py for tasks to queue
[2025-03-06T15:12:14.263+0000] {logging_mixin.py:190} INFO - [2025-03-06T15:12:14.262+0000] {dagbag.py:588} INFO - Filling up the DagBag from /opt/airflow/dags/utils/config.py
[2025-03-06T15:12:14.273+0000] {processor.py:927} WARNING - No viable dags retrieved from /opt/airflow/dags/utils/config.py
[2025-03-06T15:12:14.290+0000] {processor.py:208} INFO - Processing /opt/airflow/dags/utils/config.py took 0.045 seconds
[2025-03-06T15:12:44.608+0000] {processor.py:186} INFO - Started process (PID=712) to work on /opt/airflow/dags/utils/config.py
[2025-03-06T15:12:44.609+0000] {processor.py:914} INFO - Processing file /opt/airflow/dags/utils/config.py for tasks to queue
[2025-03-06T15:12:44.610+0000] {logging_mixin.py:190} INFO - [2025-03-06T15:12:44.610+0000] {dagbag.py:588} INFO - Filling up the DagBag from /opt/airflow/dags/utils/config.py
[2025-03-06T15:12:44.613+0000] {processor.py:927} WARNING - No viable dags retrieved from /opt/airflow/dags/utils/config.py
[2025-03-06T15:12:44.627+0000] {processor.py:208} INFO - Processing /opt/airflow/dags/utils/config.py took 0.028 seconds
[2025-03-06T15:13:14.878+0000] {processor.py:186} INFO - Started process (PID=722) to work on /opt/airflow/dags/utils/config.py
[2025-03-06T15:13:14.879+0000] {processor.py:914} INFO - Processing file /opt/airflow/dags/utils/config.py for tasks to queue
[2025-03-06T15:13:14.880+0000] {logging_mixin.py:190} INFO - [2025-03-06T15:13:14.880+0000] {dagbag.py:588} INFO - Filling up the DagBag from /opt/airflow/dags/utils/config.py
[2025-03-06T15:13:14.883+0000] {processor.py:927} WARNING - No viable dags retrieved from /opt/airflow/dags/utils/config.py
[2025-03-06T15:13:14.896+0000] {processor.py:208} INFO - Processing /opt/airflow/dags/utils/config.py took 0.024 seconds
[2025-03-06T15:13:45.641+0000] {processor.py:186} INFO - Started process (PID=736) to work on /opt/airflow/dags/utils/config.py
[2025-03-06T15:13:45.642+0000] {processor.py:914} INFO - Processing file /opt/airflow/dags/utils/config.py for tasks to queue
[2025-03-06T15:13:45.643+0000] {logging_mixin.py:190} INFO - [2025-03-06T15:13:45.643+0000] {dagbag.py:588} INFO - Filling up the DagBag from /opt/airflow/dags/utils/config.py
[2025-03-06T15:13:45.645+0000] {processor.py:927} WARNING - No viable dags retrieved from /opt/airflow/dags/utils/config.py
[2025-03-06T15:13:45.654+0000] {processor.py:208} INFO - Processing /opt/airflow/dags/utils/config.py took 0.018 seconds
[2025-03-06T15:14:15.875+0000] {processor.py:186} INFO - Started process (PID=745) to work on /opt/airflow/dags/utils/config.py
[2025-03-06T15:14:15.875+0000] {processor.py:914} INFO - Processing file /opt/airflow/dags/utils/config.py for tasks to queue
[2025-03-06T15:14:15.876+0000] {logging_mixin.py:190} INFO - [2025-03-06T15:14:15.876+0000] {dagbag.py:588} INFO - Filling up the DagBag from /opt/airflow/dags/utils/config.py
[2025-03-06T15:14:15.879+0000] {processor.py:927} WARNING - No viable dags retrieved from /opt/airflow/dags/utils/config.py
[2025-03-06T15:14:15.891+0000] {processor.py:208} INFO - Processing /opt/airflow/dags/utils/config.py took 0.021 seconds
[2025-03-06T15:14:46.209+0000] {processor.py:186} INFO - Started process (PID=761) to work on /opt/airflow/dags/utils/config.py
[2025-03-06T15:14:46.210+0000] {processor.py:914} INFO - Processing file /opt/airflow/dags/utils/config.py for tasks to queue
[2025-03-06T15:14:46.211+0000] {logging_mixin.py:190} INFO - [2025-03-06T15:14:46.210+0000] {dagbag.py:588} INFO - Filling up the DagBag from /opt/airflow/dags/utils/config.py
[2025-03-06T15:14:46.212+0000] {processor.py:927} WARNING - No viable dags retrieved from /opt/airflow/dags/utils/config.py
[2025-03-06T15:14:46.222+0000] {processor.py:208} INFO - Processing /opt/airflow/dags/utils/config.py took 0.018 seconds
[2025-03-06T15:15:16.485+0000] {processor.py:186} INFO - Started process (PID=774) to work on /opt/airflow/dags/utils/config.py
[2025-03-06T15:15:16.486+0000] {processor.py:914} INFO - Processing file /opt/airflow/dags/utils/config.py for tasks to queue
[2025-03-06T15:15:16.486+0000] {logging_mixin.py:190} INFO - [2025-03-06T15:15:16.486+0000] {dagbag.py:588} INFO - Filling up the DagBag from /opt/airflow/dags/utils/config.py
[2025-03-06T15:15:16.488+0000] {processor.py:927} WARNING - No viable dags retrieved from /opt/airflow/dags/utils/config.py
[2025-03-06T15:15:16.498+0000] {processor.py:208} INFO - Processing /opt/airflow/dags/utils/config.py took 0.017 seconds
[2025-03-06T15:15:46.785+0000] {processor.py:186} INFO - Started process (PID=785) to work on /opt/airflow/dags/utils/config.py
[2025-03-06T15:15:46.785+0000] {processor.py:914} INFO - Processing file /opt/airflow/dags/utils/config.py for tasks to queue
[2025-03-06T15:15:46.786+0000] {logging_mixin.py:190} INFO - [2025-03-06T15:15:46.786+0000] {dagbag.py:588} INFO - Filling up the DagBag from /opt/airflow/dags/utils/config.py
[2025-03-06T15:15:46.788+0000] {processor.py:927} WARNING - No viable dags retrieved from /opt/airflow/dags/utils/config.py
[2025-03-06T15:15:46.798+0000] {processor.py:208} INFO - Processing /opt/airflow/dags/utils/config.py took 0.018 seconds
[2025-03-06T15:16:17.548+0000] {processor.py:186} INFO - Started process (PID=801) to work on /opt/airflow/dags/utils/config.py
[2025-03-06T15:16:17.549+0000] {processor.py:914} INFO - Processing file /opt/airflow/dags/utils/config.py for tasks to queue
[2025-03-06T15:16:17.550+0000] {logging_mixin.py:190} INFO - [2025-03-06T15:16:17.549+0000] {dagbag.py:588} INFO - Filling up the DagBag from /opt/airflow/dags/utils/config.py
[2025-03-06T15:16:17.551+0000] {processor.py:927} WARNING - No viable dags retrieved from /opt/airflow/dags/utils/config.py
[2025-03-06T15:16:17.561+0000] {processor.py:208} INFO - Processing /opt/airflow/dags/utils/config.py took 0.018 seconds
[2025-03-06T15:16:48.183+0000] {processor.py:186} INFO - Started process (PID=815) to work on /opt/airflow/dags/utils/config.py
[2025-03-06T15:16:48.184+0000] {processor.py:914} INFO - Processing file /opt/airflow/dags/utils/config.py for tasks to queue
[2025-03-06T15:16:48.185+0000] {logging_mixin.py:190} INFO - [2025-03-06T15:16:48.185+0000] {dagbag.py:588} INFO - Filling up the DagBag from /opt/airflow/dags/utils/config.py
[2025-03-06T15:16:48.186+0000] {processor.py:927} WARNING - No viable dags retrieved from /opt/airflow/dags/utils/config.py
[2025-03-06T15:16:48.197+0000] {processor.py:208} INFO - Processing /opt/airflow/dags/utils/config.py took 0.018 seconds
[2025-03-06T15:17:18.344+0000] {processor.py:186} INFO - Started process (PID=834) to work on /opt/airflow/dags/utils/config.py
[2025-03-06T15:17:18.345+0000] {processor.py:914} INFO - Processing file /opt/airflow/dags/utils/config.py for tasks to queue
[2025-03-06T15:17:18.346+0000] {logging_mixin.py:190} INFO - [2025-03-06T15:17:18.345+0000] {dagbag.py:588} INFO - Filling up the DagBag from /opt/airflow/dags/utils/config.py
[2025-03-06T15:17:18.349+0000] {processor.py:927} WARNING - No viable dags retrieved from /opt/airflow/dags/utils/config.py
[2025-03-06T15:17:18.364+0000] {processor.py:208} INFO - Processing /opt/airflow/dags/utils/config.py took 0.026 seconds
[2025-03-06T15:17:48.698+0000] {processor.py:186} INFO - Started process (PID=849) to work on /opt/airflow/dags/utils/config.py
[2025-03-06T15:17:48.699+0000] {processor.py:914} INFO - Processing file /opt/airflow/dags/utils/config.py for tasks to queue
[2025-03-06T15:17:48.700+0000] {logging_mixin.py:190} INFO - [2025-03-06T15:17:48.700+0000] {dagbag.py:588} INFO - Filling up the DagBag from /opt/airflow/dags/utils/config.py
[2025-03-06T15:17:48.701+0000] {processor.py:927} WARNING - No viable dags retrieved from /opt/airflow/dags/utils/config.py
[2025-03-06T15:17:48.711+0000] {processor.py:208} INFO - Processing /opt/airflow/dags/utils/config.py took 0.018 seconds
[2025-03-06T15:18:19.023+0000] {processor.py:186} INFO - Started process (PID=860) to work on /opt/airflow/dags/utils/config.py
[2025-03-06T15:18:19.024+0000] {processor.py:914} INFO - Processing file /opt/airflow/dags/utils/config.py for tasks to queue
[2025-03-06T15:18:19.026+0000] {logging_mixin.py:190} INFO - [2025-03-06T15:18:19.025+0000] {dagbag.py:588} INFO - Filling up the DagBag from /opt/airflow/dags/utils/config.py
[2025-03-06T15:18:19.028+0000] {processor.py:927} WARNING - No viable dags retrieved from /opt/airflow/dags/utils/config.py
[2025-03-06T15:18:19.041+0000] {processor.py:208} INFO - Processing /opt/airflow/dags/utils/config.py took 0.025 seconds
[2025-03-06T15:18:49.269+0000] {processor.py:186} INFO - Started process (PID=873) to work on /opt/airflow/dags/utils/config.py
[2025-03-06T15:18:49.270+0000] {processor.py:914} INFO - Processing file /opt/airflow/dags/utils/config.py for tasks to queue
[2025-03-06T15:18:49.271+0000] {logging_mixin.py:190} INFO - [2025-03-06T15:18:49.271+0000] {dagbag.py:588} INFO - Filling up the DagBag from /opt/airflow/dags/utils/config.py
[2025-03-06T15:18:49.272+0000] {processor.py:927} WARNING - No viable dags retrieved from /opt/airflow/dags/utils/config.py
[2025-03-06T15:18:49.283+0000] {processor.py:208} INFO - Processing /opt/airflow/dags/utils/config.py took 0.019 seconds
[2025-03-06T15:19:19.676+0000] {processor.py:186} INFO - Started process (PID=884) to work on /opt/airflow/dags/utils/config.py
[2025-03-06T15:19:19.677+0000] {processor.py:914} INFO - Processing file /opt/airflow/dags/utils/config.py for tasks to queue
[2025-03-06T15:19:19.679+0000] {logging_mixin.py:190} INFO - [2025-03-06T15:19:19.679+0000] {dagbag.py:588} INFO - Filling up the DagBag from /opt/airflow/dags/utils/config.py
[2025-03-06T15:19:19.681+0000] {processor.py:927} WARNING - No viable dags retrieved from /opt/airflow/dags/utils/config.py
[2025-03-06T15:19:19.693+0000] {processor.py:208} INFO - Processing /opt/airflow/dags/utils/config.py took 0.038 seconds
[2025-03-06T15:19:50.373+0000] {processor.py:186} INFO - Started process (PID=898) to work on /opt/airflow/dags/utils/config.py
[2025-03-06T15:19:50.374+0000] {processor.py:914} INFO - Processing file /opt/airflow/dags/utils/config.py for tasks to queue
[2025-03-06T15:19:50.375+0000] {logging_mixin.py:190} INFO - [2025-03-06T15:19:50.375+0000] {dagbag.py:588} INFO - Filling up the DagBag from /opt/airflow/dags/utils/config.py
[2025-03-06T15:19:50.378+0000] {processor.py:927} WARNING - No viable dags retrieved from /opt/airflow/dags/utils/config.py
[2025-03-06T15:19:50.392+0000] {processor.py:208} INFO - Processing /opt/airflow/dags/utils/config.py took 0.028 seconds
