[2025-03-01T15:06:57.568+0000] {local_task_job_runner.py:123} INFO - ::group::Pre task execution logs
[2025-03-01T15:06:57.975+0000] {taskinstance.py:2614} INFO - Dependencies all met for dep_context=non-requeueable deps ti=<TaskInstance: first_dag.first_task scheduled__2021-09-13T00:00:00+00:00 [queued]>
[2025-03-01T15:06:58.578+0000] {taskinstance.py:2614} INFO - Dependencies all met for dep_context=requeueable deps ti=<TaskInstance: first_dag.first_task scheduled__2021-09-13T00:00:00+00:00 [queued]>
[2025-03-01T15:06:58.600+0000] {taskinstance.py:2867} INFO - Starting attempt 1 of 6
[2025-03-01T15:06:59.778+0000] {taskinstance.py:2890} INFO - Executing <Task(BashOperator): first_task> on 2021-09-13 00:00:00+00:00
[2025-03-01T15:06:59.928+0000] {warnings.py:112} WARNING - /home/***/.local/lib/python3.12/site-packages/***/task/task_runner/standard_task_runner.py:70: DeprecationWarning: This process (pid=532) is multi-threaded, use of fork() may lead to deadlocks in the child.
  pid = os.fork()

[2025-03-01T15:07:00.110+0000] {standard_task_runner.py:72} INFO - Started process 568 to run task
[2025-03-01T15:07:00.104+0000] {standard_task_runner.py:104} INFO - Running: ['***', 'tasks', 'run', 'first_dag', 'first_task', 'scheduled__2021-09-13T00:00:00+00:00', '--job-id', '76', '--raw', '--subdir', 'DAGS_FOLDER/first_dag.py', '--cfg-path', '/tmp/tmp9z1xn0yv']
[2025-03-01T15:07:00.253+0000] {standard_task_runner.py:105} INFO - Job 76: Subtask first_task
[2025-03-01T15:07:02.557+0000] {task_command.py:467} INFO - Running <TaskInstance: first_dag.first_task scheduled__2021-09-13T00:00:00+00:00 [running]> on host 93ff5a63b4d9
[2025-03-01T15:07:06.738+0000] {taskinstance.py:3134} INFO - Exporting env vars: AIRFLOW_CTX_DAG_OWNER='matthew' AIRFLOW_CTX_DAG_ID='first_dag' AIRFLOW_CTX_TASK_ID='first_task' AIRFLOW_CTX_EXECUTION_DATE='2021-09-13T00:00:00+00:00' AIRFLOW_CTX_TRY_NUMBER='1' AIRFLOW_CTX_DAG_RUN_ID='scheduled__2021-09-13T00:00:00+00:00'
[2025-03-01T15:07:06.739+0000] {taskinstance.py:732} INFO - ::endgroup::
[2025-03-01T15:07:07.464+0000] {subprocess.py:78} INFO - Tmp dir root location: /tmp
[2025-03-01T15:07:07.465+0000] {subprocess.py:88} INFO - Running command: ['/usr/bin/bash', '-c', 'echo hello world, this is the first task']
[2025-03-01T15:07:07.594+0000] {subprocess.py:99} INFO - Output:
[2025-03-01T15:07:07.610+0000] {subprocess.py:106} INFO - hello world, this is the first task
[2025-03-01T15:07:07.614+0000] {subprocess.py:110} INFO - Command exited with return code 0
[2025-03-01T15:07:07.754+0000] {taskinstance.py:341} INFO - ::group::Post task execution logs
[2025-03-01T15:07:07.754+0000] {taskinstance.py:353} INFO - Marking task as SUCCESS. dag_id=first_dag, task_id=first_task, run_id=scheduled__2021-09-13T00:00:00+00:00, execution_date=20210913T000000, start_date=20250301T150657, end_date=20250301T150707
[2025-03-01T15:07:07.956+0000] {local_task_job_runner.py:266} INFO - Task exited with return code 0
[2025-03-01T15:07:07.984+0000] {local_task_job_runner.py:245} INFO - ::endgroup::
