[2025-03-06T16:35:44.165+0000] {local_task_job_runner.py:123} INFO - ::group::Pre task execution logs
[2025-03-06T16:35:44.179+0000] {taskinstance.py:2614} INFO - Dependencies all met for dep_context=non-requeueable deps ti=<TaskInstance: etl_setup_dag.extract_write_raw_weather_data manual__2025-03-06T16:35:40.387223+00:00 [queued]>
[2025-03-06T16:35:44.186+0000] {taskinstance.py:2614} INFO - Dependencies all met for dep_context=requeueable deps ti=<TaskInstance: etl_setup_dag.extract_write_raw_weather_data manual__2025-03-06T16:35:40.387223+00:00 [queued]>
[2025-03-06T16:35:44.186+0000] {taskinstance.py:2867} INFO - Starting attempt 1 of 1
[2025-03-06T16:35:44.195+0000] {taskinstance.py:2890} INFO - Executing <Task(PythonOperator): extract_write_raw_weather_data> on 2025-03-06 16:35:40.387223+00:00
[2025-03-06T16:35:44.202+0000] {warnings.py:112} WARNING - /home/***/.local/lib/python3.12/site-packages/***/task/task_runner/standard_task_runner.py:70: DeprecationWarning: This process (pid=77) is multi-threaded, use of fork() may lead to deadlocks in the child.
  pid = os.fork()

[2025-03-06T16:35:44.204+0000] {standard_task_runner.py:72} INFO - Started process 79 to run task
[2025-03-06T16:35:44.205+0000] {standard_task_runner.py:104} INFO - Running: ['***', 'tasks', 'run', 'etl_setup_dag', 'extract_write_raw_weather_data', 'manual__2025-03-06T16:35:40.387223+00:00', '--job-id', '52', '--raw', '--subdir', 'DAGS_FOLDER/etl_dag.py', '--cfg-path', '/tmp/tmprj78l1k8']
[2025-03-06T16:35:44.207+0000] {standard_task_runner.py:105} INFO - Job 52: Subtask extract_write_raw_weather_data
[2025-03-06T16:35:44.418+0000] {task_command.py:467} INFO - Running <TaskInstance: etl_setup_dag.extract_write_raw_weather_data manual__2025-03-06T16:35:40.387223+00:00 [running]> on host 255716c1882e
[2025-03-06T16:35:44.492+0000] {taskinstance.py:3134} INFO - Exporting env vars: AIRFLOW_CTX_DAG_OWNER='***' AIRFLOW_CTX_DAG_ID='etl_setup_dag' AIRFLOW_CTX_TASK_ID='extract_write_raw_weather_data' AIRFLOW_CTX_EXECUTION_DATE='2025-03-06T16:35:40.387223+00:00' AIRFLOW_CTX_TRY_NUMBER='1' AIRFLOW_CTX_DAG_RUN_ID='manual__2025-03-06T16:35:40.387223+00:00'
[2025-03-06T16:35:44.493+0000] {taskinstance.py:732} INFO - ::endgroup::
[2025-03-06T16:35:44.503+0000] {logging_mixin.py:190} INFO - Successfully loaded API key
[2025-03-06T16:35:44.601+0000] {logging_mixin.py:190} INFO - Successfully fetched weather data for Denver,CO,USA
[2025-03-06T16:35:44.602+0000] {logging_mixin.py:190} INFO - {'lat': 39.7392, 'lon': -104.9847, 'timezone': 'America/Denver', 'timezone_offset': -25200, 'current': {'dt': 1741278944, 'sunrise': 1741267513, 'sunset': 1741309038, 'temp': 38.7, 'feels_like': 36.9, 'pressure': 1001, 'humidity': 80, 'dew_point': 33.06, 'uvi': 3.19, 'clouds': 65, 'visibility': 10000, 'wind_speed': 3, 'wind_deg': 0, 'wind_gust': 5.01, 'weather': [{'id': 803, 'main': 'Clouds', 'description': 'broken clouds', 'icon': '04d'}]}, 'City': 'Denver,CO,USA'}
[2025-03-06T16:35:44.603+0000] {logging_mixin.py:190} INFO - Successfully loaded API key
[2025-03-06T16:35:44.701+0000] {logging_mixin.py:190} INFO - Successfully fetched weather data for Austin,TX,USA
[2025-03-06T16:35:44.701+0000] {logging_mixin.py:190} INFO - {'lat': 30.2711, 'lon': -97.7437, 'timezone': 'America/Chicago', 'timezone_offset': -21600, 'current': {'dt': 1741278944, 'sunrise': 1741265478, 'sunset': 1741307599, 'temp': 63.95, 'feels_like': 61.74, 'pressure': 1018, 'humidity': 36, 'dew_point': 36.5, 'uvi': 6.4, 'clouds': 10, 'visibility': 10000, 'wind_speed': 5.01, 'wind_deg': 113, 'wind_gust': 8.01, 'weather': [{'id': 800, 'main': 'Clear', 'description': 'clear sky', 'icon': '01d'}]}, 'City': 'Austin,TX,USA'}
[2025-03-06T16:35:44.702+0000] {logging_mixin.py:190} INFO - Successfully loaded API key
[2025-03-06T16:35:44.764+0000] {logging_mixin.py:190} INFO - Successfully fetched weather data for Stuttgart,DE
[2025-03-06T16:35:44.764+0000] {logging_mixin.py:190} INFO - {'lat': 48.7823, 'lon': 9.177, 'timezone': 'Europe/Berlin', 'timezone_offset': 3600, 'current': {'dt': 1741278944, 'sunrise': 1741240520, 'sunset': 1741281243, 'temp': 60.4, 'feels_like': 57.6, 'pressure': 1021, 'humidity': 31, 'dew_point': 29.93, 'uvi': 0, 'clouds': 0, 'visibility': 10000, 'wind_speed': 5.75, 'wind_deg': 360, 'weather': [{'id': 800, 'main': 'Clear', 'description': 'clear sky', 'icon': '01d'}]}, 'alerts': [{'sender_name': 'Deutscher Wetterdienst', 'event': 'frost', 'start': 1741291200, 'end': 1741334400, 'description': 'There is a risk of frost (level 1 of 2).\nMinimum temperature: > -2 °C; near surface: > -7 °C', 'tags': ['Extreme low temperature']}], 'City': 'Stuttgart,DE'}
[2025-03-06T16:35:44.835+0000] {logging_mixin.py:190} INFO - Data saved to /opt/***/dags/data/raw_weather_data.json
[2025-03-06T16:35:44.836+0000] {logging_mixin.py:190} INFO - Weather data successfully saved to /opt/***/dags/data/raw_weather_data.json
[2025-03-06T16:35:44.838+0000] {logging_mixin.py:190} INFO - Data saved to /opt/***/dags/data/raw_compiled_data.json
[2025-03-06T16:35:44.838+0000] {logging_mixin.py:190} INFO - Weather data successfully saved to /opt/***/dags/data/raw_compiled_data.json
[2025-03-06T16:35:44.839+0000] {python.py:240} INFO - Done. Returned value was: None
[2025-03-06T16:35:44.847+0000] {taskinstance.py:341} INFO - ::group::Post task execution logs
[2025-03-06T16:35:44.848+0000] {taskinstance.py:353} INFO - Marking task as SUCCESS. dag_id=etl_setup_dag, task_id=extract_write_raw_weather_data, run_id=manual__2025-03-06T16:35:40.387223+00:00, execution_date=20250306T163540, start_date=20250306T163544, end_date=20250306T163544
[2025-03-06T16:35:44.908+0000] {local_task_job_runner.py:266} INFO - Task exited with return code 0
[2025-03-06T16:35:45.076+0000] {taskinstance.py:3901} INFO - 1 downstream tasks scheduled from follow-on schedule check
[2025-03-06T16:35:45.089+0000] {local_task_job_runner.py:245} INFO - ::endgroup::
