[2025-03-06T15:23:27.858+0000] {local_task_job_runner.py:123} INFO - ::group::Pre task execution logs
[2025-03-06T15:23:27.872+0000] {taskinstance.py:2614} INFO - Dependencies all met for dep_context=non-requeueable deps ti=<TaskInstance: etl_setup_dag.extract_write_raw_weather_data manual__2025-03-06T15:23:25.236724+00:00 [queued]>
[2025-03-06T15:23:27.879+0000] {taskinstance.py:2614} INFO - Dependencies all met for dep_context=requeueable deps ti=<TaskInstance: etl_setup_dag.extract_write_raw_weather_data manual__2025-03-06T15:23:25.236724+00:00 [queued]>
[2025-03-06T15:23:27.879+0000] {taskinstance.py:2867} INFO - Starting attempt 1 of 1
[2025-03-06T15:23:27.889+0000] {taskinstance.py:2890} INFO - Executing <Task(PythonOperator): extract_write_raw_weather_data> on 2025-03-06 15:23:25.236724+00:00
[2025-03-06T15:23:27.895+0000] {warnings.py:112} WARNING - /home/***/.local/lib/python3.12/site-packages/***/task/task_runner/standard_task_runner.py:70: DeprecationWarning: This process (pid=595) is multi-threaded, use of fork() may lead to deadlocks in the child.
  pid = os.fork()

[2025-03-06T15:23:27.897+0000] {standard_task_runner.py:72} INFO - Started process 597 to run task
[2025-03-06T15:23:27.897+0000] {standard_task_runner.py:104} INFO - Running: ['***', 'tasks', 'run', 'etl_setup_dag', 'extract_write_raw_weather_data', 'manual__2025-03-06T15:23:25.236724+00:00', '--job-id', '32', '--raw', '--subdir', 'DAGS_FOLDER/etl_dag.py', '--cfg-path', '/tmp/tmpbtqfc6q0']
[2025-03-06T15:23:27.899+0000] {standard_task_runner.py:105} INFO - Job 32: Subtask extract_write_raw_weather_data
[2025-03-06T15:23:28.110+0000] {task_command.py:467} INFO - Running <TaskInstance: etl_setup_dag.extract_write_raw_weather_data manual__2025-03-06T15:23:25.236724+00:00 [running]> on host 4248ae9eea74
[2025-03-06T15:23:28.166+0000] {taskinstance.py:3134} INFO - Exporting env vars: AIRFLOW_CTX_DAG_OWNER='***' AIRFLOW_CTX_DAG_ID='etl_setup_dag' AIRFLOW_CTX_TASK_ID='extract_write_raw_weather_data' AIRFLOW_CTX_EXECUTION_DATE='2025-03-06T15:23:25.236724+00:00' AIRFLOW_CTX_TRY_NUMBER='1' AIRFLOW_CTX_DAG_RUN_ID='manual__2025-03-06T15:23:25.236724+00:00'
[2025-03-06T15:23:28.167+0000] {taskinstance.py:732} INFO - ::endgroup::
[2025-03-06T15:23:28.177+0000] {logging_mixin.py:190} INFO - Successfully loaded API key
[2025-03-06T15:23:28.261+0000] {logging_mixin.py:190} INFO - Successfully fetched weather data for Denver,CO,USA
[2025-03-06T15:23:28.261+0000] {logging_mixin.py:190} INFO - {'lat': 39.7392, 'lon': -104.9847, 'timezone': 'America/Denver', 'timezone_offset': -25200, 'current': {'dt': 1741274608, 'sunrise': 1741267513, 'sunset': 1741309038, 'temp': 36.3, 'feels_like': 36.3, 'pressure': 1005, 'humidity': 87, 'dew_point': 32.81, 'uvi': 0.86, 'clouds': 41, 'visibility': 10000, 'wind_speed': 1.99, 'wind_deg': 152, 'wind_gust': 5.01, 'weather': [{'id': 802, 'main': 'Clouds', 'description': 'scattered clouds', 'icon': '03d'}]}, 'City': 'Denver,CO,USA'}
[2025-03-06T15:23:28.262+0000] {logging_mixin.py:190} INFO - Successfully loaded API key
[2025-03-06T15:23:28.385+0000] {logging_mixin.py:190} INFO - Successfully fetched weather data for Austin,TX,USA
[2025-03-06T15:23:28.385+0000] {logging_mixin.py:190} INFO - {'lat': 30.2711, 'lon': -97.7437, 'timezone': 'America/Chicago', 'timezone_offset': -21600, 'current': {'dt': 1741274608, 'sunrise': 1741265478, 'sunset': 1741307599, 'temp': 57.49, 'feels_like': 54.95, 'pressure': 1020, 'humidity': 43, 'dew_point': 35.2, 'uvi': 2.12, 'clouds': 0, 'visibility': 10000, 'wind_speed': 8.99, 'wind_deg': 132, 'wind_gust': 11.01, 'weather': [{'id': 800, 'main': 'Clear', 'description': 'clear sky', 'icon': '01d'}]}, 'City': 'Austin,TX,USA'}
[2025-03-06T15:23:28.386+0000] {logging_mixin.py:190} INFO - Successfully loaded API key
[2025-03-06T15:23:28.479+0000] {logging_mixin.py:190} INFO - Successfully fetched weather data for Stuttgart,DE
[2025-03-06T15:23:28.480+0000] {logging_mixin.py:190} INFO - {'lat': 48.7823, 'lon': 9.177, 'timezone': 'Europe/Berlin', 'timezone_offset': 3600, 'current': {'dt': 1741274608, 'sunrise': 1741240520, 'sunset': 1741281243, 'temp': 62.76, 'feels_like': 60.15, 'pressure': 1021, 'humidity': 30, 'dew_point': 31.05, 'uvi': 0.72, 'clouds': 0, 'visibility': 10000, 'wind_speed': 4.61, 'wind_deg': 360, 'weather': [{'id': 800, 'main': 'Clear', 'description': 'clear sky', 'icon': '01d'}]}, 'alerts': [{'sender_name': 'Deutscher Wetterdienst', 'event': 'frost', 'start': 1741291200, 'end': 1741334400, 'description': 'There is a risk of frost (level 1 of 2).\nMinimum temperature: > -2 °C; near surface: > -7 °C', 'tags': ['Extreme low temperature']}], 'City': 'Stuttgart,DE'}
[2025-03-06T15:23:28.481+0000] {logging_mixin.py:190} INFO - Data saved to /opt/***/dags/data/raw_weather_data.json
[2025-03-06T15:23:28.482+0000] {logging_mixin.py:190} INFO - Weather data successfully saved to /opt/***/dags/data/raw_weather_data.json
[2025-03-06T15:23:28.483+0000] {logging_mixin.py:190} INFO - Data saved to /opt/***/dags/data/raw_compiled_data.json
[2025-03-06T15:23:28.483+0000] {logging_mixin.py:190} INFO - Weather data successfully saved to /opt/***/dags/data/raw_compiled_data.json
[2025-03-06T15:23:28.483+0000] {python.py:240} INFO - Done. Returned value was: None
[2025-03-06T15:23:28.490+0000] {taskinstance.py:341} INFO - ::group::Post task execution logs
[2025-03-06T15:23:28.491+0000] {taskinstance.py:353} INFO - Marking task as SUCCESS. dag_id=etl_setup_dag, task_id=extract_write_raw_weather_data, run_id=manual__2025-03-06T15:23:25.236724+00:00, execution_date=20250306T152325, start_date=20250306T152327, end_date=20250306T152328
[2025-03-06T15:23:28.552+0000] {local_task_job_runner.py:266} INFO - Task exited with return code 0
[2025-03-06T15:23:28.714+0000] {taskinstance.py:3901} INFO - 1 downstream tasks scheduled from follow-on schedule check
[2025-03-06T15:23:28.716+0000] {local_task_job_runner.py:245} INFO - ::endgroup::
