[2025-03-02T08:36:40.810+0000] {processor.py:186} INFO - Started process (PID=728) to work on /opt/airflow/dags/utils/config.py
[2025-03-02T08:36:40.811+0000] {processor.py:914} INFO - Processing file /opt/airflow/dags/utils/config.py for tasks to queue
[2025-03-02T08:36:40.815+0000] {logging_mixin.py:190} INFO - [2025-03-02T08:36:40.815+0000] {dagbag.py:588} INFO - Filling up the DagBag from /opt/airflow/dags/utils/config.py
[2025-03-02T08:36:40.818+0000] {processor.py:927} WARNING - No viable dags retrieved from /opt/airflow/dags/utils/config.py
[2025-03-02T08:36:40.836+0000] {processor.py:208} INFO - Processing /opt/airflow/dags/utils/config.py took 0.035 seconds
[2025-03-02T08:37:11.081+0000] {processor.py:186} INFO - Started process (PID=737) to work on /opt/airflow/dags/utils/config.py
[2025-03-02T08:37:11.082+0000] {processor.py:914} INFO - Processing file /opt/airflow/dags/utils/config.py for tasks to queue
[2025-03-02T08:37:11.084+0000] {logging_mixin.py:190} INFO - [2025-03-02T08:37:11.084+0000] {dagbag.py:588} INFO - Filling up the DagBag from /opt/airflow/dags/utils/config.py
[2025-03-02T08:37:11.085+0000] {processor.py:927} WARNING - No viable dags retrieved from /opt/airflow/dags/utils/config.py
[2025-03-02T08:37:11.095+0000] {processor.py:208} INFO - Processing /opt/airflow/dags/utils/config.py took 0.019 seconds
[2025-03-02T08:37:41.343+0000] {processor.py:186} INFO - Started process (PID=746) to work on /opt/airflow/dags/utils/config.py
[2025-03-02T08:37:41.343+0000] {processor.py:914} INFO - Processing file /opt/airflow/dags/utils/config.py for tasks to queue
[2025-03-02T08:37:41.355+0000] {logging_mixin.py:190} INFO - [2025-03-02T08:37:41.355+0000] {dagbag.py:588} INFO - Filling up the DagBag from /opt/airflow/dags/utils/config.py
[2025-03-02T08:37:41.357+0000] {processor.py:927} WARNING - No viable dags retrieved from /opt/airflow/dags/utils/config.py
[2025-03-02T08:37:41.367+0000] {processor.py:208} INFO - Processing /opt/airflow/dags/utils/config.py took 0.031 seconds
[2025-03-02T08:38:11.621+0000] {processor.py:186} INFO - Started process (PID=755) to work on /opt/airflow/dags/utils/config.py
[2025-03-02T08:38:11.621+0000] {processor.py:914} INFO - Processing file /opt/airflow/dags/utils/config.py for tasks to queue
[2025-03-02T08:38:11.623+0000] {logging_mixin.py:190} INFO - [2025-03-02T08:38:11.623+0000] {dagbag.py:588} INFO - Filling up the DagBag from /opt/airflow/dags/utils/config.py
[2025-03-02T08:38:11.624+0000] {processor.py:927} WARNING - No viable dags retrieved from /opt/airflow/dags/utils/config.py
[2025-03-02T08:38:11.634+0000] {processor.py:208} INFO - Processing /opt/airflow/dags/utils/config.py took 0.018 seconds
[2025-03-02T08:38:41.906+0000] {processor.py:186} INFO - Started process (PID=764) to work on /opt/airflow/dags/utils/config.py
[2025-03-02T08:38:41.906+0000] {processor.py:914} INFO - Processing file /opt/airflow/dags/utils/config.py for tasks to queue
[2025-03-02T08:38:41.908+0000] {logging_mixin.py:190} INFO - [2025-03-02T08:38:41.908+0000] {dagbag.py:588} INFO - Filling up the DagBag from /opt/airflow/dags/utils/config.py
[2025-03-02T08:38:41.910+0000] {processor.py:927} WARNING - No viable dags retrieved from /opt/airflow/dags/utils/config.py
[2025-03-02T08:38:41.919+0000] {processor.py:208} INFO - Processing /opt/airflow/dags/utils/config.py took 0.018 seconds
[2025-03-02T08:39:12.191+0000] {processor.py:186} INFO - Started process (PID=774) to work on /opt/airflow/dags/utils/config.py
[2025-03-02T08:39:12.192+0000] {processor.py:914} INFO - Processing file /opt/airflow/dags/utils/config.py for tasks to queue
[2025-03-02T08:39:12.193+0000] {logging_mixin.py:190} INFO - [2025-03-02T08:39:12.193+0000] {dagbag.py:588} INFO - Filling up the DagBag from /opt/airflow/dags/utils/config.py
[2025-03-02T08:39:12.195+0000] {processor.py:927} WARNING - No viable dags retrieved from /opt/airflow/dags/utils/config.py
[2025-03-02T08:39:12.204+0000] {processor.py:208} INFO - Processing /opt/airflow/dags/utils/config.py took 0.018 seconds
[2025-03-02T08:39:42.490+0000] {processor.py:186} INFO - Started process (PID=783) to work on /opt/airflow/dags/utils/config.py
[2025-03-02T08:39:42.491+0000] {processor.py:914} INFO - Processing file /opt/airflow/dags/utils/config.py for tasks to queue
[2025-03-02T08:39:42.493+0000] {logging_mixin.py:190} INFO - [2025-03-02T08:39:42.492+0000] {dagbag.py:588} INFO - Filling up the DagBag from /opt/airflow/dags/utils/config.py
[2025-03-02T08:39:42.494+0000] {processor.py:927} WARNING - No viable dags retrieved from /opt/airflow/dags/utils/config.py
[2025-03-02T08:39:42.505+0000] {processor.py:208} INFO - Processing /opt/airflow/dags/utils/config.py took 0.019 seconds
[2025-03-02T08:40:12.750+0000] {processor.py:186} INFO - Started process (PID=793) to work on /opt/airflow/dags/utils/config.py
[2025-03-02T08:40:12.750+0000] {processor.py:914} INFO - Processing file /opt/airflow/dags/utils/config.py for tasks to queue
[2025-03-02T08:40:12.752+0000] {logging_mixin.py:190} INFO - [2025-03-02T08:40:12.752+0000] {dagbag.py:588} INFO - Filling up the DagBag from /opt/airflow/dags/utils/config.py
[2025-03-02T08:40:12.754+0000] {processor.py:927} WARNING - No viable dags retrieved from /opt/airflow/dags/utils/config.py
[2025-03-02T08:40:12.763+0000] {processor.py:208} INFO - Processing /opt/airflow/dags/utils/config.py took 0.018 seconds
[2025-03-02T08:40:43.110+0000] {processor.py:186} INFO - Started process (PID=802) to work on /opt/airflow/dags/utils/config.py
[2025-03-02T08:40:43.110+0000] {processor.py:914} INFO - Processing file /opt/airflow/dags/utils/config.py for tasks to queue
[2025-03-02T08:40:43.112+0000] {logging_mixin.py:190} INFO - [2025-03-02T08:40:43.112+0000] {dagbag.py:588} INFO - Filling up the DagBag from /opt/airflow/dags/utils/config.py
[2025-03-02T08:40:43.113+0000] {processor.py:927} WARNING - No viable dags retrieved from /opt/airflow/dags/utils/config.py
[2025-03-02T08:40:43.123+0000] {processor.py:208} INFO - Processing /opt/airflow/dags/utils/config.py took 0.018 seconds
[2025-03-02T08:41:13.434+0000] {processor.py:186} INFO - Started process (PID=813) to work on /opt/airflow/dags/utils/config.py
[2025-03-02T08:41:13.435+0000] {processor.py:914} INFO - Processing file /opt/airflow/dags/utils/config.py for tasks to queue
[2025-03-02T08:41:13.437+0000] {logging_mixin.py:190} INFO - [2025-03-02T08:41:13.436+0000] {dagbag.py:588} INFO - Filling up the DagBag from /opt/airflow/dags/utils/config.py
[2025-03-02T08:41:13.438+0000] {processor.py:927} WARNING - No viable dags retrieved from /opt/airflow/dags/utils/config.py
[2025-03-02T08:41:13.448+0000] {processor.py:208} INFO - Processing /opt/airflow/dags/utils/config.py took 0.019 seconds
[2025-03-02T08:41:43.721+0000] {processor.py:186} INFO - Started process (PID=822) to work on /opt/airflow/dags/utils/config.py
[2025-03-02T08:41:43.721+0000] {processor.py:914} INFO - Processing file /opt/airflow/dags/utils/config.py for tasks to queue
[2025-03-02T08:41:43.724+0000] {logging_mixin.py:190} INFO - [2025-03-02T08:41:43.723+0000] {dagbag.py:588} INFO - Filling up the DagBag from /opt/airflow/dags/utils/config.py
[2025-03-02T08:41:43.726+0000] {processor.py:927} WARNING - No viable dags retrieved from /opt/airflow/dags/utils/config.py
[2025-03-02T08:41:43.739+0000] {processor.py:208} INFO - Processing /opt/airflow/dags/utils/config.py took 0.026 seconds
[2025-03-02T08:42:13.994+0000] {processor.py:186} INFO - Started process (PID=830) to work on /opt/airflow/dags/utils/config.py
[2025-03-02T08:42:13.995+0000] {processor.py:914} INFO - Processing file /opt/airflow/dags/utils/config.py for tasks to queue
[2025-03-02T08:42:13.997+0000] {logging_mixin.py:190} INFO - [2025-03-02T08:42:13.996+0000] {dagbag.py:588} INFO - Filling up the DagBag from /opt/airflow/dags/utils/config.py
[2025-03-02T08:42:13.998+0000] {processor.py:927} WARNING - No viable dags retrieved from /opt/airflow/dags/utils/config.py
[2025-03-02T08:42:14.009+0000] {processor.py:208} INFO - Processing /opt/airflow/dags/utils/config.py took 0.021 seconds
[2025-03-02T08:42:44.281+0000] {processor.py:186} INFO - Started process (PID=839) to work on /opt/airflow/dags/utils/config.py
[2025-03-02T08:42:44.282+0000] {processor.py:914} INFO - Processing file /opt/airflow/dags/utils/config.py for tasks to queue
[2025-03-02T08:42:44.284+0000] {logging_mixin.py:190} INFO - [2025-03-02T08:42:44.283+0000] {dagbag.py:588} INFO - Filling up the DagBag from /opt/airflow/dags/utils/config.py
[2025-03-02T08:42:44.285+0000] {processor.py:927} WARNING - No viable dags retrieved from /opt/airflow/dags/utils/config.py
[2025-03-02T08:42:44.296+0000] {processor.py:208} INFO - Processing /opt/airflow/dags/utils/config.py took 0.019 seconds
[2025-03-02T08:43:14.732+0000] {processor.py:186} INFO - Started process (PID=849) to work on /opt/airflow/dags/utils/config.py
[2025-03-02T08:43:14.733+0000] {processor.py:914} INFO - Processing file /opt/airflow/dags/utils/config.py for tasks to queue
[2025-03-02T08:43:14.736+0000] {logging_mixin.py:190} INFO - [2025-03-02T08:43:14.736+0000] {dagbag.py:588} INFO - Filling up the DagBag from /opt/airflow/dags/utils/config.py
[2025-03-02T08:43:14.738+0000] {processor.py:927} WARNING - No viable dags retrieved from /opt/airflow/dags/utils/config.py
[2025-03-02T08:43:14.750+0000] {processor.py:208} INFO - Processing /opt/airflow/dags/utils/config.py took 0.024 seconds
[2025-03-02T08:43:44.996+0000] {processor.py:186} INFO - Started process (PID=858) to work on /opt/airflow/dags/utils/config.py
[2025-03-02T08:43:44.997+0000] {processor.py:914} INFO - Processing file /opt/airflow/dags/utils/config.py for tasks to queue
[2025-03-02T08:43:44.998+0000] {logging_mixin.py:190} INFO - [2025-03-02T08:43:44.998+0000] {dagbag.py:588} INFO - Filling up the DagBag from /opt/airflow/dags/utils/config.py
[2025-03-02T08:43:45.000+0000] {processor.py:927} WARNING - No viable dags retrieved from /opt/airflow/dags/utils/config.py
[2025-03-02T08:43:45.014+0000] {processor.py:208} INFO - Processing /opt/airflow/dags/utils/config.py took 0.024 seconds
[2025-03-02T08:44:15.358+0000] {processor.py:186} INFO - Started process (PID=868) to work on /opt/airflow/dags/utils/config.py
[2025-03-02T08:44:15.358+0000] {processor.py:914} INFO - Processing file /opt/airflow/dags/utils/config.py for tasks to queue
[2025-03-02T08:44:15.360+0000] {logging_mixin.py:190} INFO - [2025-03-02T08:44:15.360+0000] {dagbag.py:588} INFO - Filling up the DagBag from /opt/airflow/dags/utils/config.py
[2025-03-02T08:44:15.362+0000] {processor.py:927} WARNING - No viable dags retrieved from /opt/airflow/dags/utils/config.py
[2025-03-02T08:44:15.372+0000] {processor.py:208} INFO - Processing /opt/airflow/dags/utils/config.py took 0.019 seconds
[2025-03-02T08:44:45.634+0000] {processor.py:186} INFO - Started process (PID=876) to work on /opt/airflow/dags/utils/config.py
[2025-03-02T08:44:45.635+0000] {processor.py:914} INFO - Processing file /opt/airflow/dags/utils/config.py for tasks to queue
[2025-03-02T08:44:45.637+0000] {logging_mixin.py:190} INFO - [2025-03-02T08:44:45.637+0000] {dagbag.py:588} INFO - Filling up the DagBag from /opt/airflow/dags/utils/config.py
[2025-03-02T08:44:45.639+0000] {processor.py:927} WARNING - No viable dags retrieved from /opt/airflow/dags/utils/config.py
[2025-03-02T08:44:45.648+0000] {processor.py:208} INFO - Processing /opt/airflow/dags/utils/config.py took 0.020 seconds
[2025-03-02T08:45:15.926+0000] {processor.py:186} INFO - Started process (PID=886) to work on /opt/airflow/dags/utils/config.py
[2025-03-02T08:45:15.927+0000] {processor.py:914} INFO - Processing file /opt/airflow/dags/utils/config.py for tasks to queue
[2025-03-02T08:45:15.929+0000] {logging_mixin.py:190} INFO - [2025-03-02T08:45:15.929+0000] {dagbag.py:588} INFO - Filling up the DagBag from /opt/airflow/dags/utils/config.py
[2025-03-02T08:45:15.930+0000] {processor.py:927} WARNING - No viable dags retrieved from /opt/airflow/dags/utils/config.py
[2025-03-02T08:45:15.941+0000] {processor.py:208} INFO - Processing /opt/airflow/dags/utils/config.py took 0.019 seconds
[2025-03-02T08:45:46.228+0000] {processor.py:186} INFO - Started process (PID=896) to work on /opt/airflow/dags/utils/config.py
[2025-03-02T08:45:46.229+0000] {processor.py:914} INFO - Processing file /opt/airflow/dags/utils/config.py for tasks to queue
[2025-03-02T08:45:46.231+0000] {logging_mixin.py:190} INFO - [2025-03-02T08:45:46.230+0000] {dagbag.py:588} INFO - Filling up the DagBag from /opt/airflow/dags/utils/config.py
[2025-03-02T08:45:46.232+0000] {processor.py:927} WARNING - No viable dags retrieved from /opt/airflow/dags/utils/config.py
[2025-03-02T08:45:46.242+0000] {processor.py:208} INFO - Processing /opt/airflow/dags/utils/config.py took 0.018 seconds
[2025-03-02T08:46:16.765+0000] {processor.py:186} INFO - Started process (PID=906) to work on /opt/airflow/dags/utils/config.py
[2025-03-02T08:46:16.766+0000] {processor.py:914} INFO - Processing file /opt/airflow/dags/utils/config.py for tasks to queue
[2025-03-02T08:46:16.768+0000] {logging_mixin.py:190} INFO - [2025-03-02T08:46:16.768+0000] {dagbag.py:588} INFO - Filling up the DagBag from /opt/airflow/dags/utils/config.py
[2025-03-02T08:46:16.771+0000] {processor.py:927} WARNING - No viable dags retrieved from /opt/airflow/dags/utils/config.py
[2025-03-02T08:46:16.784+0000] {processor.py:208} INFO - Processing /opt/airflow/dags/utils/config.py took 0.026 seconds
[2025-03-02T08:46:47.015+0000] {processor.py:186} INFO - Started process (PID=915) to work on /opt/airflow/dags/utils/config.py
[2025-03-02T08:46:47.015+0000] {processor.py:914} INFO - Processing file /opt/airflow/dags/utils/config.py for tasks to queue
[2025-03-02T08:46:47.017+0000] {logging_mixin.py:190} INFO - [2025-03-02T08:46:47.017+0000] {dagbag.py:588} INFO - Filling up the DagBag from /opt/airflow/dags/utils/config.py
[2025-03-02T08:46:47.018+0000] {processor.py:927} WARNING - No viable dags retrieved from /opt/airflow/dags/utils/config.py
[2025-03-02T08:46:47.027+0000] {processor.py:208} INFO - Processing /opt/airflow/dags/utils/config.py took 0.018 seconds
[2025-03-02T08:47:17.307+0000] {processor.py:186} INFO - Started process (PID=924) to work on /opt/airflow/dags/utils/config.py
[2025-03-02T08:47:17.308+0000] {processor.py:914} INFO - Processing file /opt/airflow/dags/utils/config.py for tasks to queue
[2025-03-02T08:47:17.310+0000] {logging_mixin.py:190} INFO - [2025-03-02T08:47:17.309+0000] {dagbag.py:588} INFO - Filling up the DagBag from /opt/airflow/dags/utils/config.py
[2025-03-02T08:47:17.311+0000] {processor.py:927} WARNING - No viable dags retrieved from /opt/airflow/dags/utils/config.py
[2025-03-02T08:47:17.320+0000] {processor.py:208} INFO - Processing /opt/airflow/dags/utils/config.py took 0.019 seconds
[2025-03-02T08:47:47.554+0000] {processor.py:186} INFO - Started process (PID=934) to work on /opt/airflow/dags/utils/config.py
[2025-03-02T08:47:47.555+0000] {processor.py:914} INFO - Processing file /opt/airflow/dags/utils/config.py for tasks to queue
[2025-03-02T08:47:47.556+0000] {logging_mixin.py:190} INFO - [2025-03-02T08:47:47.556+0000] {dagbag.py:588} INFO - Filling up the DagBag from /opt/airflow/dags/utils/config.py
[2025-03-02T08:47:47.558+0000] {processor.py:927} WARNING - No viable dags retrieved from /opt/airflow/dags/utils/config.py
[2025-03-02T08:47:47.567+0000] {processor.py:208} INFO - Processing /opt/airflow/dags/utils/config.py took 0.018 seconds
[2025-03-02T08:48:17.870+0000] {processor.py:186} INFO - Started process (PID=943) to work on /opt/airflow/dags/utils/config.py
[2025-03-02T08:48:17.872+0000] {processor.py:914} INFO - Processing file /opt/airflow/dags/utils/config.py for tasks to queue
[2025-03-02T08:48:17.874+0000] {logging_mixin.py:190} INFO - [2025-03-02T08:48:17.873+0000] {dagbag.py:588} INFO - Filling up the DagBag from /opt/airflow/dags/utils/config.py
[2025-03-02T08:48:17.876+0000] {processor.py:927} WARNING - No viable dags retrieved from /opt/airflow/dags/utils/config.py
[2025-03-02T08:48:17.888+0000] {processor.py:208} INFO - Processing /opt/airflow/dags/utils/config.py took 0.024 seconds
[2025-03-02T08:48:48.111+0000] {processor.py:186} INFO - Started process (PID=953) to work on /opt/airflow/dags/utils/config.py
[2025-03-02T08:48:48.112+0000] {processor.py:914} INFO - Processing file /opt/airflow/dags/utils/config.py for tasks to queue
[2025-03-02T08:48:48.113+0000] {logging_mixin.py:190} INFO - [2025-03-02T08:48:48.113+0000] {dagbag.py:588} INFO - Filling up the DagBag from /opt/airflow/dags/utils/config.py
[2025-03-02T08:48:48.115+0000] {processor.py:927} WARNING - No viable dags retrieved from /opt/airflow/dags/utils/config.py
[2025-03-02T08:48:48.124+0000] {processor.py:208} INFO - Processing /opt/airflow/dags/utils/config.py took 0.018 seconds
[2025-03-02T08:49:18.376+0000] {processor.py:186} INFO - Started process (PID=962) to work on /opt/airflow/dags/utils/config.py
[2025-03-02T08:49:18.377+0000] {processor.py:914} INFO - Processing file /opt/airflow/dags/utils/config.py for tasks to queue
[2025-03-02T08:49:18.378+0000] {logging_mixin.py:190} INFO - [2025-03-02T08:49:18.378+0000] {dagbag.py:588} INFO - Filling up the DagBag from /opt/airflow/dags/utils/config.py
[2025-03-02T08:49:18.380+0000] {processor.py:927} WARNING - No viable dags retrieved from /opt/airflow/dags/utils/config.py
[2025-03-02T08:49:18.389+0000] {processor.py:208} INFO - Processing /opt/airflow/dags/utils/config.py took 0.018 seconds
[2025-03-02T08:49:48.624+0000] {processor.py:186} INFO - Started process (PID=972) to work on /opt/airflow/dags/utils/config.py
[2025-03-02T08:49:48.624+0000] {processor.py:914} INFO - Processing file /opt/airflow/dags/utils/config.py for tasks to queue
[2025-03-02T08:49:48.626+0000] {logging_mixin.py:190} INFO - [2025-03-02T08:49:48.626+0000] {dagbag.py:588} INFO - Filling up the DagBag from /opt/airflow/dags/utils/config.py
[2025-03-02T08:49:48.628+0000] {processor.py:927} WARNING - No viable dags retrieved from /opt/airflow/dags/utils/config.py
[2025-03-02T08:49:48.637+0000] {processor.py:208} INFO - Processing /opt/airflow/dags/utils/config.py took 0.018 seconds
[2025-03-02T08:50:18.884+0000] {processor.py:186} INFO - Started process (PID=981) to work on /opt/airflow/dags/utils/config.py
[2025-03-02T08:50:18.885+0000] {processor.py:914} INFO - Processing file /opt/airflow/dags/utils/config.py for tasks to queue
[2025-03-02T08:50:18.888+0000] {logging_mixin.py:190} INFO - [2025-03-02T08:50:18.887+0000] {dagbag.py:588} INFO - Filling up the DagBag from /opt/airflow/dags/utils/config.py
[2025-03-02T08:50:18.890+0000] {processor.py:927} WARNING - No viable dags retrieved from /opt/airflow/dags/utils/config.py
[2025-03-02T08:50:18.902+0000] {processor.py:208} INFO - Processing /opt/airflow/dags/utils/config.py took 0.025 seconds
[2025-03-02T08:50:49.145+0000] {processor.py:186} INFO - Started process (PID=996) to work on /opt/airflow/dags/utils/config.py
[2025-03-02T08:50:49.158+0000] {processor.py:914} INFO - Processing file /opt/airflow/dags/utils/config.py for tasks to queue
[2025-03-02T08:50:49.160+0000] {logging_mixin.py:190} INFO - [2025-03-02T08:50:49.160+0000] {dagbag.py:588} INFO - Filling up the DagBag from /opt/airflow/dags/utils/config.py
[2025-03-02T08:50:49.163+0000] {processor.py:927} WARNING - No viable dags retrieved from /opt/airflow/dags/utils/config.py
[2025-03-02T08:50:49.200+0000] {processor.py:208} INFO - Processing /opt/airflow/dags/utils/config.py took 0.063 seconds
[2025-03-02T08:51:19.398+0000] {processor.py:186} INFO - Started process (PID=1005) to work on /opt/airflow/dags/utils/config.py
[2025-03-02T08:51:19.399+0000] {processor.py:914} INFO - Processing file /opt/airflow/dags/utils/config.py for tasks to queue
[2025-03-02T08:51:19.401+0000] {logging_mixin.py:190} INFO - [2025-03-02T08:51:19.401+0000] {dagbag.py:588} INFO - Filling up the DagBag from /opt/airflow/dags/utils/config.py
[2025-03-02T08:51:19.404+0000] {processor.py:927} WARNING - No viable dags retrieved from /opt/airflow/dags/utils/config.py
[2025-03-02T08:51:19.415+0000] {processor.py:208} INFO - Processing /opt/airflow/dags/utils/config.py took 0.023 seconds
[2025-03-02T08:51:49.600+0000] {processor.py:186} INFO - Started process (PID=1014) to work on /opt/airflow/dags/utils/config.py
[2025-03-02T08:51:49.601+0000] {processor.py:914} INFO - Processing file /opt/airflow/dags/utils/config.py for tasks to queue
[2025-03-02T08:51:49.609+0000] {logging_mixin.py:190} INFO - [2025-03-02T08:51:49.608+0000] {dagbag.py:588} INFO - Filling up the DagBag from /opt/airflow/dags/utils/config.py
[2025-03-02T08:51:49.612+0000] {processor.py:927} WARNING - No viable dags retrieved from /opt/airflow/dags/utils/config.py
[2025-03-02T08:51:49.632+0000] {processor.py:208} INFO - Processing /opt/airflow/dags/utils/config.py took 0.062 seconds
[2025-03-02T08:52:19.869+0000] {processor.py:186} INFO - Started process (PID=1023) to work on /opt/airflow/dags/utils/config.py
[2025-03-02T08:52:19.870+0000] {processor.py:914} INFO - Processing file /opt/airflow/dags/utils/config.py for tasks to queue
[2025-03-02T08:52:19.873+0000] {logging_mixin.py:190} INFO - [2025-03-02T08:52:19.872+0000] {dagbag.py:588} INFO - Filling up the DagBag from /opt/airflow/dags/utils/config.py
[2025-03-02T08:52:19.875+0000] {processor.py:927} WARNING - No viable dags retrieved from /opt/airflow/dags/utils/config.py
[2025-03-02T08:52:19.889+0000] {processor.py:208} INFO - Processing /opt/airflow/dags/utils/config.py took 0.027 seconds
[2025-03-02T08:52:50.169+0000] {processor.py:186} INFO - Started process (PID=1032) to work on /opt/airflow/dags/utils/config.py
[2025-03-02T08:52:50.170+0000] {processor.py:914} INFO - Processing file /opt/airflow/dags/utils/config.py for tasks to queue
[2025-03-02T08:52:50.171+0000] {logging_mixin.py:190} INFO - [2025-03-02T08:52:50.171+0000] {dagbag.py:588} INFO - Filling up the DagBag from /opt/airflow/dags/utils/config.py
[2025-03-02T08:52:50.173+0000] {processor.py:927} WARNING - No viable dags retrieved from /opt/airflow/dags/utils/config.py
[2025-03-02T08:52:50.182+0000] {processor.py:208} INFO - Processing /opt/airflow/dags/utils/config.py took 0.019 seconds
[2025-03-02T08:53:20.560+0000] {processor.py:186} INFO - Started process (PID=1041) to work on /opt/airflow/dags/utils/config.py
[2025-03-02T08:53:20.562+0000] {processor.py:914} INFO - Processing file /opt/airflow/dags/utils/config.py for tasks to queue
[2025-03-02T08:53:20.564+0000] {logging_mixin.py:190} INFO - [2025-03-02T08:53:20.564+0000] {dagbag.py:588} INFO - Filling up the DagBag from /opt/airflow/dags/utils/config.py
[2025-03-02T08:53:20.567+0000] {processor.py:927} WARNING - No viable dags retrieved from /opt/airflow/dags/utils/config.py
[2025-03-02T08:53:20.583+0000] {processor.py:208} INFO - Processing /opt/airflow/dags/utils/config.py took 0.029 seconds
[2025-03-02T08:53:50.718+0000] {processor.py:186} INFO - Started process (PID=1050) to work on /opt/airflow/dags/utils/config.py
[2025-03-02T08:53:50.719+0000] {processor.py:914} INFO - Processing file /opt/airflow/dags/utils/config.py for tasks to queue
[2025-03-02T08:53:50.721+0000] {logging_mixin.py:190} INFO - [2025-03-02T08:53:50.720+0000] {dagbag.py:588} INFO - Filling up the DagBag from /opt/airflow/dags/utils/config.py
[2025-03-02T08:53:50.722+0000] {processor.py:927} WARNING - No viable dags retrieved from /opt/airflow/dags/utils/config.py
[2025-03-02T08:53:50.732+0000] {processor.py:208} INFO - Processing /opt/airflow/dags/utils/config.py took 0.018 seconds
[2025-03-02T08:54:21.066+0000] {processor.py:186} INFO - Started process (PID=1060) to work on /opt/airflow/dags/utils/config.py
[2025-03-02T08:54:21.067+0000] {processor.py:914} INFO - Processing file /opt/airflow/dags/utils/config.py for tasks to queue
[2025-03-02T08:54:21.069+0000] {logging_mixin.py:190} INFO - [2025-03-02T08:54:21.068+0000] {dagbag.py:588} INFO - Filling up the DagBag from /opt/airflow/dags/utils/config.py
[2025-03-02T08:54:21.070+0000] {processor.py:927} WARNING - No viable dags retrieved from /opt/airflow/dags/utils/config.py
[2025-03-02T08:54:21.081+0000] {processor.py:208} INFO - Processing /opt/airflow/dags/utils/config.py took 0.020 seconds
[2025-03-02T08:54:51.236+0000] {processor.py:186} INFO - Started process (PID=1069) to work on /opt/airflow/dags/utils/config.py
[2025-03-02T08:54:51.237+0000] {processor.py:914} INFO - Processing file /opt/airflow/dags/utils/config.py for tasks to queue
[2025-03-02T08:54:51.239+0000] {logging_mixin.py:190} INFO - [2025-03-02T08:54:51.239+0000] {dagbag.py:588} INFO - Filling up the DagBag from /opt/airflow/dags/utils/config.py
[2025-03-02T08:54:51.241+0000] {processor.py:927} WARNING - No viable dags retrieved from /opt/airflow/dags/utils/config.py
[2025-03-02T08:54:51.250+0000] {processor.py:208} INFO - Processing /opt/airflow/dags/utils/config.py took 0.019 seconds
[2025-03-02T08:55:21.640+0000] {processor.py:186} INFO - Started process (PID=1079) to work on /opt/airflow/dags/utils/config.py
[2025-03-02T08:55:21.641+0000] {processor.py:914} INFO - Processing file /opt/airflow/dags/utils/config.py for tasks to queue
[2025-03-02T08:55:21.645+0000] {logging_mixin.py:190} INFO - [2025-03-02T08:55:21.645+0000] {dagbag.py:588} INFO - Filling up the DagBag from /opt/airflow/dags/utils/config.py
[2025-03-02T08:55:21.650+0000] {processor.py:927} WARNING - No viable dags retrieved from /opt/airflow/dags/utils/config.py
[2025-03-02T08:55:21.684+0000] {processor.py:208} INFO - Processing /opt/airflow/dags/utils/config.py took 0.054 seconds
[2025-03-02T08:55:51.993+0000] {processor.py:186} INFO - Started process (PID=1088) to work on /opt/airflow/dags/utils/config.py
[2025-03-02T08:55:51.993+0000] {processor.py:914} INFO - Processing file /opt/airflow/dags/utils/config.py for tasks to queue
[2025-03-02T08:55:51.995+0000] {logging_mixin.py:190} INFO - [2025-03-02T08:55:51.995+0000] {dagbag.py:588} INFO - Filling up the DagBag from /opt/airflow/dags/utils/config.py
[2025-03-02T08:55:51.997+0000] {processor.py:927} WARNING - No viable dags retrieved from /opt/airflow/dags/utils/config.py
[2025-03-02T08:55:52.005+0000] {processor.py:208} INFO - Processing /opt/airflow/dags/utils/config.py took 0.018 seconds
[2025-03-02T08:56:22.263+0000] {processor.py:186} INFO - Started process (PID=1097) to work on /opt/airflow/dags/utils/config.py
[2025-03-02T08:56:22.264+0000] {processor.py:914} INFO - Processing file /opt/airflow/dags/utils/config.py for tasks to queue
[2025-03-02T08:56:22.265+0000] {logging_mixin.py:190} INFO - [2025-03-02T08:56:22.265+0000] {dagbag.py:588} INFO - Filling up the DagBag from /opt/airflow/dags/utils/config.py
[2025-03-02T08:56:22.267+0000] {processor.py:927} WARNING - No viable dags retrieved from /opt/airflow/dags/utils/config.py
[2025-03-02T08:56:22.276+0000] {processor.py:208} INFO - Processing /opt/airflow/dags/utils/config.py took 0.018 seconds
[2025-03-02T08:56:52.559+0000] {processor.py:186} INFO - Started process (PID=1106) to work on /opt/airflow/dags/utils/config.py
[2025-03-02T08:56:52.560+0000] {processor.py:914} INFO - Processing file /opt/airflow/dags/utils/config.py for tasks to queue
[2025-03-02T08:56:52.562+0000] {logging_mixin.py:190} INFO - [2025-03-02T08:56:52.562+0000] {dagbag.py:588} INFO - Filling up the DagBag from /opt/airflow/dags/utils/config.py
[2025-03-02T08:56:52.563+0000] {processor.py:927} WARNING - No viable dags retrieved from /opt/airflow/dags/utils/config.py
[2025-03-02T08:56:52.573+0000] {processor.py:208} INFO - Processing /opt/airflow/dags/utils/config.py took 0.019 seconds
[2025-03-02T08:57:22.828+0000] {processor.py:186} INFO - Started process (PID=1115) to work on /opt/airflow/dags/utils/config.py
[2025-03-02T08:57:22.829+0000] {processor.py:914} INFO - Processing file /opt/airflow/dags/utils/config.py for tasks to queue
[2025-03-02T08:57:22.832+0000] {logging_mixin.py:190} INFO - [2025-03-02T08:57:22.831+0000] {dagbag.py:588} INFO - Filling up the DagBag from /opt/airflow/dags/utils/config.py
[2025-03-02T08:57:22.834+0000] {processor.py:927} WARNING - No viable dags retrieved from /opt/airflow/dags/utils/config.py
[2025-03-02T08:57:22.846+0000] {processor.py:208} INFO - Processing /opt/airflow/dags/utils/config.py took 0.025 seconds
[2025-03-02T08:57:53.085+0000] {processor.py:186} INFO - Started process (PID=1124) to work on /opt/airflow/dags/utils/config.py
[2025-03-02T08:57:53.086+0000] {processor.py:914} INFO - Processing file /opt/airflow/dags/utils/config.py for tasks to queue
[2025-03-02T08:57:53.088+0000] {logging_mixin.py:190} INFO - [2025-03-02T08:57:53.087+0000] {dagbag.py:588} INFO - Filling up the DagBag from /opt/airflow/dags/utils/config.py
[2025-03-02T08:57:53.090+0000] {processor.py:927} WARNING - No viable dags retrieved from /opt/airflow/dags/utils/config.py
[2025-03-02T08:57:53.106+0000] {processor.py:208} INFO - Processing /opt/airflow/dags/utils/config.py took 0.028 seconds
[2025-03-02T08:58:23.345+0000] {processor.py:186} INFO - Started process (PID=1134) to work on /opt/airflow/dags/utils/config.py
[2025-03-02T08:58:23.346+0000] {processor.py:914} INFO - Processing file /opt/airflow/dags/utils/config.py for tasks to queue
[2025-03-02T08:58:23.349+0000] {logging_mixin.py:190} INFO - [2025-03-02T08:58:23.348+0000] {dagbag.py:588} INFO - Filling up the DagBag from /opt/airflow/dags/utils/config.py
[2025-03-02T08:58:23.351+0000] {processor.py:927} WARNING - No viable dags retrieved from /opt/airflow/dags/utils/config.py
[2025-03-02T08:58:23.367+0000] {processor.py:208} INFO - Processing /opt/airflow/dags/utils/config.py took 0.027 seconds
[2025-03-02T08:58:53.600+0000] {processor.py:186} INFO - Started process (PID=1144) to work on /opt/airflow/dags/utils/config.py
[2025-03-02T08:58:53.600+0000] {processor.py:914} INFO - Processing file /opt/airflow/dags/utils/config.py for tasks to queue
[2025-03-02T08:58:53.602+0000] {logging_mixin.py:190} INFO - [2025-03-02T08:58:53.601+0000] {dagbag.py:588} INFO - Filling up the DagBag from /opt/airflow/dags/utils/config.py
[2025-03-02T08:58:53.603+0000] {processor.py:927} WARNING - No viable dags retrieved from /opt/airflow/dags/utils/config.py
[2025-03-02T08:58:53.612+0000] {processor.py:208} INFO - Processing /opt/airflow/dags/utils/config.py took 0.018 seconds
[2025-03-02T08:59:23.872+0000] {processor.py:186} INFO - Started process (PID=1153) to work on /opt/airflow/dags/utils/config.py
[2025-03-02T08:59:23.873+0000] {processor.py:914} INFO - Processing file /opt/airflow/dags/utils/config.py for tasks to queue
[2025-03-02T08:59:23.875+0000] {logging_mixin.py:190} INFO - [2025-03-02T08:59:23.875+0000] {dagbag.py:588} INFO - Filling up the DagBag from /opt/airflow/dags/utils/config.py
[2025-03-02T08:59:23.876+0000] {processor.py:927} WARNING - No viable dags retrieved from /opt/airflow/dags/utils/config.py
[2025-03-02T08:59:23.885+0000] {processor.py:208} INFO - Processing /opt/airflow/dags/utils/config.py took 0.018 seconds
[2025-03-02T08:59:54.126+0000] {processor.py:186} INFO - Started process (PID=1162) to work on /opt/airflow/dags/utils/config.py
[2025-03-02T08:59:54.127+0000] {processor.py:914} INFO - Processing file /opt/airflow/dags/utils/config.py for tasks to queue
[2025-03-02T08:59:54.128+0000] {logging_mixin.py:190} INFO - [2025-03-02T08:59:54.128+0000] {dagbag.py:588} INFO - Filling up the DagBag from /opt/airflow/dags/utils/config.py
[2025-03-02T08:59:54.130+0000] {processor.py:927} WARNING - No viable dags retrieved from /opt/airflow/dags/utils/config.py
[2025-03-02T08:59:54.139+0000] {processor.py:208} INFO - Processing /opt/airflow/dags/utils/config.py took 0.018 seconds
[2025-03-02T09:00:24.566+0000] {processor.py:186} INFO - Started process (PID=1172) to work on /opt/airflow/dags/utils/config.py
[2025-03-02T09:00:24.567+0000] {processor.py:914} INFO - Processing file /opt/airflow/dags/utils/config.py for tasks to queue
[2025-03-02T09:00:24.569+0000] {logging_mixin.py:190} INFO - [2025-03-02T09:00:24.568+0000] {dagbag.py:588} INFO - Filling up the DagBag from /opt/airflow/dags/utils/config.py
[2025-03-02T09:00:24.570+0000] {processor.py:927} WARNING - No viable dags retrieved from /opt/airflow/dags/utils/config.py
[2025-03-02T09:00:24.579+0000] {processor.py:208} INFO - Processing /opt/airflow/dags/utils/config.py took 0.019 seconds
[2025-03-02T09:00:54.852+0000] {processor.py:186} INFO - Started process (PID=1182) to work on /opt/airflow/dags/utils/config.py
[2025-03-02T09:00:54.853+0000] {processor.py:914} INFO - Processing file /opt/airflow/dags/utils/config.py for tasks to queue
[2025-03-02T09:00:54.855+0000] {logging_mixin.py:190} INFO - [2025-03-02T09:00:54.854+0000] {dagbag.py:588} INFO - Filling up the DagBag from /opt/airflow/dags/utils/config.py
[2025-03-02T09:00:54.857+0000] {processor.py:927} WARNING - No viable dags retrieved from /opt/airflow/dags/utils/config.py
[2025-03-02T09:00:54.869+0000] {processor.py:208} INFO - Processing /opt/airflow/dags/utils/config.py took 0.024 seconds
[2025-03-02T09:01:25.012+0000] {processor.py:186} INFO - Started process (PID=1191) to work on /opt/airflow/dags/utils/config.py
[2025-03-02T09:01:25.013+0000] {processor.py:914} INFO - Processing file /opt/airflow/dags/utils/config.py for tasks to queue
[2025-03-02T09:01:25.015+0000] {logging_mixin.py:190} INFO - [2025-03-02T09:01:25.014+0000] {dagbag.py:588} INFO - Filling up the DagBag from /opt/airflow/dags/utils/config.py
[2025-03-02T09:01:25.016+0000] {processor.py:927} WARNING - No viable dags retrieved from /opt/airflow/dags/utils/config.py
[2025-03-02T09:01:25.026+0000] {processor.py:208} INFO - Processing /opt/airflow/dags/utils/config.py took 0.019 seconds
[2025-03-02T09:01:55.259+0000] {processor.py:186} INFO - Started process (PID=1199) to work on /opt/airflow/dags/utils/config.py
[2025-03-02T09:01:55.259+0000] {processor.py:914} INFO - Processing file /opt/airflow/dags/utils/config.py for tasks to queue
[2025-03-02T09:01:55.261+0000] {logging_mixin.py:190} INFO - [2025-03-02T09:01:55.261+0000] {dagbag.py:588} INFO - Filling up the DagBag from /opt/airflow/dags/utils/config.py
[2025-03-02T09:01:55.263+0000] {processor.py:927} WARNING - No viable dags retrieved from /opt/airflow/dags/utils/config.py
[2025-03-02T09:01:55.271+0000] {processor.py:208} INFO - Processing /opt/airflow/dags/utils/config.py took 0.018 seconds
[2025-03-02T09:02:25.531+0000] {processor.py:186} INFO - Started process (PID=1208) to work on /opt/airflow/dags/utils/config.py
[2025-03-02T09:02:25.532+0000] {processor.py:914} INFO - Processing file /opt/airflow/dags/utils/config.py for tasks to queue
[2025-03-02T09:02:25.535+0000] {logging_mixin.py:190} INFO - [2025-03-02T09:02:25.534+0000] {dagbag.py:588} INFO - Filling up the DagBag from /opt/airflow/dags/utils/config.py
[2025-03-02T09:02:25.537+0000] {processor.py:927} WARNING - No viable dags retrieved from /opt/airflow/dags/utils/config.py
[2025-03-02T09:02:25.548+0000] {processor.py:208} INFO - Processing /opt/airflow/dags/utils/config.py took 0.024 seconds
[2025-03-02T09:02:55.940+0000] {processor.py:186} INFO - Started process (PID=1217) to work on /opt/airflow/dags/utils/config.py
[2025-03-02T09:02:55.941+0000] {processor.py:914} INFO - Processing file /opt/airflow/dags/utils/config.py for tasks to queue
[2025-03-02T09:02:55.944+0000] {logging_mixin.py:190} INFO - [2025-03-02T09:02:55.944+0000] {dagbag.py:588} INFO - Filling up the DagBag from /opt/airflow/dags/utils/config.py
[2025-03-02T09:02:55.946+0000] {processor.py:927} WARNING - No viable dags retrieved from /opt/airflow/dags/utils/config.py
[2025-03-02T09:02:55.958+0000] {processor.py:208} INFO - Processing /opt/airflow/dags/utils/config.py took 0.024 seconds
[2025-03-02T09:03:26.119+0000] {processor.py:186} INFO - Started process (PID=1226) to work on /opt/airflow/dags/utils/config.py
[2025-03-02T09:03:26.119+0000] {processor.py:914} INFO - Processing file /opt/airflow/dags/utils/config.py for tasks to queue
[2025-03-02T09:03:26.121+0000] {logging_mixin.py:190} INFO - [2025-03-02T09:03:26.121+0000] {dagbag.py:588} INFO - Filling up the DagBag from /opt/airflow/dags/utils/config.py
[2025-03-02T09:03:26.122+0000] {processor.py:927} WARNING - No viable dags retrieved from /opt/airflow/dags/utils/config.py
[2025-03-02T09:03:26.132+0000] {processor.py:208} INFO - Processing /opt/airflow/dags/utils/config.py took 0.018 seconds
[2025-03-02T09:03:56.379+0000] {processor.py:186} INFO - Started process (PID=1235) to work on /opt/airflow/dags/utils/config.py
[2025-03-02T09:03:56.379+0000] {processor.py:914} INFO - Processing file /opt/airflow/dags/utils/config.py for tasks to queue
[2025-03-02T09:03:56.381+0000] {logging_mixin.py:190} INFO - [2025-03-02T09:03:56.381+0000] {dagbag.py:588} INFO - Filling up the DagBag from /opt/airflow/dags/utils/config.py
[2025-03-02T09:03:56.383+0000] {processor.py:927} WARNING - No viable dags retrieved from /opt/airflow/dags/utils/config.py
[2025-03-02T09:03:56.394+0000] {processor.py:208} INFO - Processing /opt/airflow/dags/utils/config.py took 0.020 seconds
[2025-03-02T09:04:26.655+0000] {processor.py:186} INFO - Started process (PID=1245) to work on /opt/airflow/dags/utils/config.py
[2025-03-02T09:04:26.656+0000] {processor.py:914} INFO - Processing file /opt/airflow/dags/utils/config.py for tasks to queue
[2025-03-02T09:04:26.658+0000] {logging_mixin.py:190} INFO - [2025-03-02T09:04:26.657+0000] {dagbag.py:588} INFO - Filling up the DagBag from /opt/airflow/dags/utils/config.py
[2025-03-02T09:04:26.659+0000] {processor.py:927} WARNING - No viable dags retrieved from /opt/airflow/dags/utils/config.py
[2025-03-02T09:04:26.669+0000] {processor.py:208} INFO - Processing /opt/airflow/dags/utils/config.py took 0.019 seconds
[2025-03-02T09:04:56.938+0000] {processor.py:186} INFO - Started process (PID=1254) to work on /opt/airflow/dags/utils/config.py
[2025-03-02T09:04:56.945+0000] {processor.py:914} INFO - Processing file /opt/airflow/dags/utils/config.py for tasks to queue
[2025-03-02T09:04:56.947+0000] {logging_mixin.py:190} INFO - [2025-03-02T09:04:56.947+0000] {dagbag.py:588} INFO - Filling up the DagBag from /opt/airflow/dags/utils/config.py
[2025-03-02T09:04:56.950+0000] {processor.py:927} WARNING - No viable dags retrieved from /opt/airflow/dags/utils/config.py
[2025-03-02T09:04:56.960+0000] {processor.py:208} INFO - Processing /opt/airflow/dags/utils/config.py took 0.042 seconds
[2025-03-02T09:05:27.214+0000] {processor.py:186} INFO - Started process (PID=1263) to work on /opt/airflow/dags/utils/config.py
[2025-03-02T09:05:27.214+0000] {processor.py:914} INFO - Processing file /opt/airflow/dags/utils/config.py for tasks to queue
[2025-03-02T09:05:27.217+0000] {logging_mixin.py:190} INFO - [2025-03-02T09:05:27.216+0000] {dagbag.py:588} INFO - Filling up the DagBag from /opt/airflow/dags/utils/config.py
[2025-03-02T09:05:27.219+0000] {processor.py:927} WARNING - No viable dags retrieved from /opt/airflow/dags/utils/config.py
[2025-03-02T09:05:27.231+0000] {processor.py:208} INFO - Processing /opt/airflow/dags/utils/config.py took 0.023 seconds
[2025-03-02T09:05:57.455+0000] {processor.py:186} INFO - Started process (PID=1272) to work on /opt/airflow/dags/utils/config.py
[2025-03-02T09:05:57.456+0000] {processor.py:914} INFO - Processing file /opt/airflow/dags/utils/config.py for tasks to queue
[2025-03-02T09:05:57.458+0000] {logging_mixin.py:190} INFO - [2025-03-02T09:05:57.457+0000] {dagbag.py:588} INFO - Filling up the DagBag from /opt/airflow/dags/utils/config.py
[2025-03-02T09:05:57.459+0000] {processor.py:927} WARNING - No viable dags retrieved from /opt/airflow/dags/utils/config.py
[2025-03-02T09:05:57.468+0000] {processor.py:208} INFO - Processing /opt/airflow/dags/utils/config.py took 0.018 seconds
[2025-03-02T09:06:27.716+0000] {processor.py:186} INFO - Started process (PID=1282) to work on /opt/airflow/dags/utils/config.py
[2025-03-02T09:06:27.717+0000] {processor.py:914} INFO - Processing file /opt/airflow/dags/utils/config.py for tasks to queue
[2025-03-02T09:06:27.719+0000] {logging_mixin.py:190} INFO - [2025-03-02T09:06:27.718+0000] {dagbag.py:588} INFO - Filling up the DagBag from /opt/airflow/dags/utils/config.py
[2025-03-02T09:06:27.721+0000] {processor.py:927} WARNING - No viable dags retrieved from /opt/airflow/dags/utils/config.py
[2025-03-02T09:06:27.730+0000] {processor.py:208} INFO - Processing /opt/airflow/dags/utils/config.py took 0.018 seconds
[2025-03-02T09:06:57.969+0000] {processor.py:186} INFO - Started process (PID=1291) to work on /opt/airflow/dags/utils/config.py
[2025-03-02T09:06:57.969+0000] {processor.py:914} INFO - Processing file /opt/airflow/dags/utils/config.py for tasks to queue
[2025-03-02T09:06:57.971+0000] {logging_mixin.py:190} INFO - [2025-03-02T09:06:57.971+0000] {dagbag.py:588} INFO - Filling up the DagBag from /opt/airflow/dags/utils/config.py
[2025-03-02T09:06:57.972+0000] {processor.py:927} WARNING - No viable dags retrieved from /opt/airflow/dags/utils/config.py
[2025-03-02T09:06:57.981+0000] {processor.py:208} INFO - Processing /opt/airflow/dags/utils/config.py took 0.018 seconds
[2025-03-02T09:07:28.348+0000] {processor.py:186} INFO - Started process (PID=1300) to work on /opt/airflow/dags/utils/config.py
[2025-03-02T09:07:28.349+0000] {processor.py:914} INFO - Processing file /opt/airflow/dags/utils/config.py for tasks to queue
[2025-03-02T09:07:28.351+0000] {logging_mixin.py:190} INFO - [2025-03-02T09:07:28.351+0000] {dagbag.py:588} INFO - Filling up the DagBag from /opt/airflow/dags/utils/config.py
[2025-03-02T09:07:28.353+0000] {processor.py:927} WARNING - No viable dags retrieved from /opt/airflow/dags/utils/config.py
[2025-03-02T09:07:28.363+0000] {processor.py:208} INFO - Processing /opt/airflow/dags/utils/config.py took 0.019 seconds
[2025-03-02T09:07:58.613+0000] {processor.py:186} INFO - Started process (PID=1309) to work on /opt/airflow/dags/utils/config.py
[2025-03-02T09:07:58.614+0000] {processor.py:914} INFO - Processing file /opt/airflow/dags/utils/config.py for tasks to queue
[2025-03-02T09:07:58.616+0000] {logging_mixin.py:190} INFO - [2025-03-02T09:07:58.616+0000] {dagbag.py:588} INFO - Filling up the DagBag from /opt/airflow/dags/utils/config.py
[2025-03-02T09:07:58.617+0000] {processor.py:927} WARNING - No viable dags retrieved from /opt/airflow/dags/utils/config.py
[2025-03-02T09:07:58.627+0000] {processor.py:208} INFO - Processing /opt/airflow/dags/utils/config.py took 0.018 seconds
[2025-03-02T09:08:28.873+0000] {processor.py:186} INFO - Started process (PID=1318) to work on /opt/airflow/dags/utils/config.py
[2025-03-02T09:08:28.873+0000] {processor.py:914} INFO - Processing file /opt/airflow/dags/utils/config.py for tasks to queue
[2025-03-02T09:08:28.875+0000] {logging_mixin.py:190} INFO - [2025-03-02T09:08:28.875+0000] {dagbag.py:588} INFO - Filling up the DagBag from /opt/airflow/dags/utils/config.py
[2025-03-02T09:08:28.877+0000] {processor.py:927} WARNING - No viable dags retrieved from /opt/airflow/dags/utils/config.py
[2025-03-02T09:08:28.886+0000] {processor.py:208} INFO - Processing /opt/airflow/dags/utils/config.py took 0.018 seconds
[2025-03-02T09:08:59.127+0000] {processor.py:186} INFO - Started process (PID=1327) to work on /opt/airflow/dags/utils/config.py
[2025-03-02T09:08:59.128+0000] {processor.py:914} INFO - Processing file /opt/airflow/dags/utils/config.py for tasks to queue
[2025-03-02T09:08:59.129+0000] {logging_mixin.py:190} INFO - [2025-03-02T09:08:59.129+0000] {dagbag.py:588} INFO - Filling up the DagBag from /opt/airflow/dags/utils/config.py
[2025-03-02T09:08:59.131+0000] {processor.py:927} WARNING - No viable dags retrieved from /opt/airflow/dags/utils/config.py
[2025-03-02T09:08:59.140+0000] {processor.py:208} INFO - Processing /opt/airflow/dags/utils/config.py took 0.018 seconds
[2025-03-02T09:09:29.388+0000] {processor.py:186} INFO - Started process (PID=1336) to work on /opt/airflow/dags/utils/config.py
[2025-03-02T09:09:29.389+0000] {processor.py:914} INFO - Processing file /opt/airflow/dags/utils/config.py for tasks to queue
[2025-03-02T09:09:29.392+0000] {logging_mixin.py:190} INFO - [2025-03-02T09:09:29.391+0000] {dagbag.py:588} INFO - Filling up the DagBag from /opt/airflow/dags/utils/config.py
[2025-03-02T09:09:29.394+0000] {processor.py:927} WARNING - No viable dags retrieved from /opt/airflow/dags/utils/config.py
[2025-03-02T09:09:29.407+0000] {processor.py:208} INFO - Processing /opt/airflow/dags/utils/config.py took 0.026 seconds
[2025-03-02T09:09:59.638+0000] {processor.py:186} INFO - Started process (PID=1345) to work on /opt/airflow/dags/utils/config.py
[2025-03-02T09:09:59.638+0000] {processor.py:914} INFO - Processing file /opt/airflow/dags/utils/config.py for tasks to queue
[2025-03-02T09:09:59.640+0000] {logging_mixin.py:190} INFO - [2025-03-02T09:09:59.640+0000] {dagbag.py:588} INFO - Filling up the DagBag from /opt/airflow/dags/utils/config.py
[2025-03-02T09:09:59.641+0000] {processor.py:927} WARNING - No viable dags retrieved from /opt/airflow/dags/utils/config.py
[2025-03-02T09:09:59.651+0000] {processor.py:208} INFO - Processing /opt/airflow/dags/utils/config.py took 0.018 seconds
[2025-03-02T09:10:29.969+0000] {processor.py:186} INFO - Started process (PID=1354) to work on /opt/airflow/dags/utils/config.py
[2025-03-02T09:10:29.970+0000] {processor.py:914} INFO - Processing file /opt/airflow/dags/utils/config.py for tasks to queue
[2025-03-02T09:10:29.972+0000] {logging_mixin.py:190} INFO - [2025-03-02T09:10:29.972+0000] {dagbag.py:588} INFO - Filling up the DagBag from /opt/airflow/dags/utils/config.py
[2025-03-02T09:10:29.974+0000] {processor.py:927} WARNING - No viable dags retrieved from /opt/airflow/dags/utils/config.py
[2025-03-02T09:10:29.986+0000] {processor.py:208} INFO - Processing /opt/airflow/dags/utils/config.py took 0.022 seconds
[2025-03-02T09:11:00.250+0000] {processor.py:186} INFO - Started process (PID=1363) to work on /opt/airflow/dags/utils/config.py
[2025-03-02T09:11:00.251+0000] {processor.py:914} INFO - Processing file /opt/airflow/dags/utils/config.py for tasks to queue
[2025-03-02T09:11:00.253+0000] {logging_mixin.py:190} INFO - [2025-03-02T09:11:00.253+0000] {dagbag.py:588} INFO - Filling up the DagBag from /opt/airflow/dags/utils/config.py
[2025-03-02T09:11:00.255+0000] {processor.py:927} WARNING - No viable dags retrieved from /opt/airflow/dags/utils/config.py
[2025-03-02T09:11:00.264+0000] {processor.py:208} INFO - Processing /opt/airflow/dags/utils/config.py took 0.019 seconds
[2025-03-02T09:11:30.506+0000] {processor.py:186} INFO - Started process (PID=1372) to work on /opt/airflow/dags/utils/config.py
[2025-03-02T09:11:30.506+0000] {processor.py:914} INFO - Processing file /opt/airflow/dags/utils/config.py for tasks to queue
[2025-03-02T09:11:30.508+0000] {logging_mixin.py:190} INFO - [2025-03-02T09:11:30.508+0000] {dagbag.py:588} INFO - Filling up the DagBag from /opt/airflow/dags/utils/config.py
[2025-03-02T09:11:30.510+0000] {processor.py:927} WARNING - No viable dags retrieved from /opt/airflow/dags/utils/config.py
[2025-03-02T09:11:30.519+0000] {processor.py:208} INFO - Processing /opt/airflow/dags/utils/config.py took 0.019 seconds
[2025-03-02T09:12:00.795+0000] {processor.py:186} INFO - Started process (PID=1381) to work on /opt/airflow/dags/utils/config.py
[2025-03-02T09:12:00.796+0000] {processor.py:914} INFO - Processing file /opt/airflow/dags/utils/config.py for tasks to queue
[2025-03-02T09:12:00.798+0000] {logging_mixin.py:190} INFO - [2025-03-02T09:12:00.798+0000] {dagbag.py:588} INFO - Filling up the DagBag from /opt/airflow/dags/utils/config.py
[2025-03-02T09:12:00.800+0000] {processor.py:927} WARNING - No viable dags retrieved from /opt/airflow/dags/utils/config.py
[2025-03-02T09:12:00.809+0000] {processor.py:208} INFO - Processing /opt/airflow/dags/utils/config.py took 0.019 seconds
[2025-03-02T09:12:31.066+0000] {processor.py:186} INFO - Started process (PID=1390) to work on /opt/airflow/dags/utils/config.py
[2025-03-02T09:12:31.067+0000] {processor.py:914} INFO - Processing file /opt/airflow/dags/utils/config.py for tasks to queue
[2025-03-02T09:12:31.069+0000] {logging_mixin.py:190} INFO - [2025-03-02T09:12:31.068+0000] {dagbag.py:588} INFO - Filling up the DagBag from /opt/airflow/dags/utils/config.py
[2025-03-02T09:12:31.070+0000] {processor.py:927} WARNING - No viable dags retrieved from /opt/airflow/dags/utils/config.py
[2025-03-02T09:12:31.080+0000] {processor.py:208} INFO - Processing /opt/airflow/dags/utils/config.py took 0.019 seconds
[2025-03-02T09:13:01.330+0000] {processor.py:186} INFO - Started process (PID=1399) to work on /opt/airflow/dags/utils/config.py
[2025-03-02T09:13:01.331+0000] {processor.py:914} INFO - Processing file /opt/airflow/dags/utils/config.py for tasks to queue
[2025-03-02T09:13:01.334+0000] {logging_mixin.py:190} INFO - [2025-03-02T09:13:01.334+0000] {dagbag.py:588} INFO - Filling up the DagBag from /opt/airflow/dags/utils/config.py
[2025-03-02T09:13:01.336+0000] {processor.py:927} WARNING - No viable dags retrieved from /opt/airflow/dags/utils/config.py
[2025-03-02T09:13:01.349+0000] {processor.py:208} INFO - Processing /opt/airflow/dags/utils/config.py took 0.025 seconds
[2025-03-02T09:13:31.598+0000] {processor.py:186} INFO - Started process (PID=1408) to work on /opt/airflow/dags/utils/config.py
[2025-03-02T09:13:31.598+0000] {processor.py:914} INFO - Processing file /opt/airflow/dags/utils/config.py for tasks to queue
[2025-03-02T09:13:31.601+0000] {logging_mixin.py:190} INFO - [2025-03-02T09:13:31.600+0000] {dagbag.py:588} INFO - Filling up the DagBag from /opt/airflow/dags/utils/config.py
[2025-03-02T09:13:31.603+0000] {processor.py:927} WARNING - No viable dags retrieved from /opt/airflow/dags/utils/config.py
[2025-03-02T09:13:31.625+0000] {processor.py:208} INFO - Processing /opt/airflow/dags/utils/config.py took 0.040 seconds
[2025-03-02T09:14:01.801+0000] {processor.py:186} INFO - Started process (PID=1417) to work on /opt/airflow/dags/utils/config.py
[2025-03-02T09:14:01.802+0000] {processor.py:914} INFO - Processing file /opt/airflow/dags/utils/config.py for tasks to queue
[2025-03-02T09:14:01.804+0000] {logging_mixin.py:190} INFO - [2025-03-02T09:14:01.803+0000] {dagbag.py:588} INFO - Filling up the DagBag from /opt/airflow/dags/utils/config.py
[2025-03-02T09:14:01.805+0000] {processor.py:927} WARNING - No viable dags retrieved from /opt/airflow/dags/utils/config.py
[2025-03-02T09:14:01.815+0000] {processor.py:208} INFO - Processing /opt/airflow/dags/utils/config.py took 0.018 seconds
[2025-03-02T09:14:32.054+0000] {processor.py:186} INFO - Started process (PID=1426) to work on /opt/airflow/dags/utils/config.py
[2025-03-02T09:14:32.054+0000] {processor.py:914} INFO - Processing file /opt/airflow/dags/utils/config.py for tasks to queue
[2025-03-02T09:14:32.056+0000] {logging_mixin.py:190} INFO - [2025-03-02T09:14:32.056+0000] {dagbag.py:588} INFO - Filling up the DagBag from /opt/airflow/dags/utils/config.py
[2025-03-02T09:14:32.058+0000] {processor.py:927} WARNING - No viable dags retrieved from /opt/airflow/dags/utils/config.py
[2025-03-02T09:14:32.067+0000] {processor.py:208} INFO - Processing /opt/airflow/dags/utils/config.py took 0.018 seconds
[2025-03-02T09:15:02.808+0000] {processor.py:186} INFO - Started process (PID=1434) to work on /opt/airflow/dags/utils/config.py
[2025-03-02T09:15:02.808+0000] {processor.py:914} INFO - Processing file /opt/airflow/dags/utils/config.py for tasks to queue
[2025-03-02T09:15:02.810+0000] {logging_mixin.py:190} INFO - [2025-03-02T09:15:02.810+0000] {dagbag.py:588} INFO - Filling up the DagBag from /opt/airflow/dags/utils/config.py
[2025-03-02T09:15:02.811+0000] {processor.py:927} WARNING - No viable dags retrieved from /opt/airflow/dags/utils/config.py
[2025-03-02T09:15:02.821+0000] {processor.py:208} INFO - Processing /opt/airflow/dags/utils/config.py took 0.019 seconds
[2025-03-02T09:15:33.062+0000] {processor.py:186} INFO - Started process (PID=1444) to work on /opt/airflow/dags/utils/config.py
[2025-03-02T09:15:33.063+0000] {processor.py:914} INFO - Processing file /opt/airflow/dags/utils/config.py for tasks to queue
[2025-03-02T09:15:33.064+0000] {logging_mixin.py:190} INFO - [2025-03-02T09:15:33.064+0000] {dagbag.py:588} INFO - Filling up the DagBag from /opt/airflow/dags/utils/config.py
[2025-03-02T09:15:33.066+0000] {processor.py:927} WARNING - No viable dags retrieved from /opt/airflow/dags/utils/config.py
[2025-03-02T09:15:33.076+0000] {processor.py:208} INFO - Processing /opt/airflow/dags/utils/config.py took 0.019 seconds
[2025-03-02T09:16:03.367+0000] {processor.py:186} INFO - Started process (PID=1453) to work on /opt/airflow/dags/utils/config.py
[2025-03-02T09:16:03.368+0000] {processor.py:914} INFO - Processing file /opt/airflow/dags/utils/config.py for tasks to queue
[2025-03-02T09:16:03.371+0000] {logging_mixin.py:190} INFO - [2025-03-02T09:16:03.371+0000] {dagbag.py:588} INFO - Filling up the DagBag from /opt/airflow/dags/utils/config.py
[2025-03-02T09:16:03.373+0000] {processor.py:927} WARNING - No viable dags retrieved from /opt/airflow/dags/utils/config.py
[2025-03-02T09:16:03.386+0000] {processor.py:208} INFO - Processing /opt/airflow/dags/utils/config.py took 0.031 seconds
[2025-03-02T09:16:33.616+0000] {processor.py:186} INFO - Started process (PID=1462) to work on /opt/airflow/dags/utils/config.py
[2025-03-02T09:16:33.616+0000] {processor.py:914} INFO - Processing file /opt/airflow/dags/utils/config.py for tasks to queue
[2025-03-02T09:16:33.618+0000] {logging_mixin.py:190} INFO - [2025-03-02T09:16:33.618+0000] {dagbag.py:588} INFO - Filling up the DagBag from /opt/airflow/dags/utils/config.py
[2025-03-02T09:16:33.619+0000] {processor.py:927} WARNING - No viable dags retrieved from /opt/airflow/dags/utils/config.py
[2025-03-02T09:16:33.628+0000] {processor.py:208} INFO - Processing /opt/airflow/dags/utils/config.py took 0.018 seconds
[2025-03-02T09:17:03.893+0000] {processor.py:186} INFO - Started process (PID=1471) to work on /opt/airflow/dags/utils/config.py
[2025-03-02T09:17:03.894+0000] {processor.py:914} INFO - Processing file /opt/airflow/dags/utils/config.py for tasks to queue
[2025-03-02T09:17:03.896+0000] {logging_mixin.py:190} INFO - [2025-03-02T09:17:03.895+0000] {dagbag.py:588} INFO - Filling up the DagBag from /opt/airflow/dags/utils/config.py
[2025-03-02T09:17:03.897+0000] {processor.py:927} WARNING - No viable dags retrieved from /opt/airflow/dags/utils/config.py
[2025-03-02T09:17:03.906+0000] {processor.py:208} INFO - Processing /opt/airflow/dags/utils/config.py took 0.018 seconds
[2025-03-02T09:17:34.151+0000] {processor.py:186} INFO - Started process (PID=1480) to work on /opt/airflow/dags/utils/config.py
[2025-03-02T09:17:34.152+0000] {processor.py:914} INFO - Processing file /opt/airflow/dags/utils/config.py for tasks to queue
[2025-03-02T09:17:34.154+0000] {logging_mixin.py:190} INFO - [2025-03-02T09:17:34.153+0000] {dagbag.py:588} INFO - Filling up the DagBag from /opt/airflow/dags/utils/config.py
[2025-03-02T09:17:34.155+0000] {processor.py:927} WARNING - No viable dags retrieved from /opt/airflow/dags/utils/config.py
[2025-03-02T09:17:34.164+0000] {processor.py:208} INFO - Processing /opt/airflow/dags/utils/config.py took 0.019 seconds
[2025-03-02T09:18:04.529+0000] {processor.py:186} INFO - Started process (PID=1489) to work on /opt/airflow/dags/utils/config.py
[2025-03-02T09:18:04.530+0000] {processor.py:914} INFO - Processing file /opt/airflow/dags/utils/config.py for tasks to queue
[2025-03-02T09:18:04.532+0000] {logging_mixin.py:190} INFO - [2025-03-02T09:18:04.531+0000] {dagbag.py:588} INFO - Filling up the DagBag from /opt/airflow/dags/utils/config.py
[2025-03-02T09:18:04.534+0000] {processor.py:927} WARNING - No viable dags retrieved from /opt/airflow/dags/utils/config.py
[2025-03-02T09:18:04.543+0000] {processor.py:208} INFO - Processing /opt/airflow/dags/utils/config.py took 0.019 seconds
[2025-03-02T09:18:34.813+0000] {processor.py:186} INFO - Started process (PID=1498) to work on /opt/airflow/dags/utils/config.py
[2025-03-02T09:18:34.813+0000] {processor.py:914} INFO - Processing file /opt/airflow/dags/utils/config.py for tasks to queue
[2025-03-02T09:18:34.815+0000] {logging_mixin.py:190} INFO - [2025-03-02T09:18:34.815+0000] {dagbag.py:588} INFO - Filling up the DagBag from /opt/airflow/dags/utils/config.py
[2025-03-02T09:18:34.817+0000] {processor.py:927} WARNING - No viable dags retrieved from /opt/airflow/dags/utils/config.py
[2025-03-02T09:18:34.826+0000] {processor.py:208} INFO - Processing /opt/airflow/dags/utils/config.py took 0.018 seconds
[2025-03-02T09:19:05.082+0000] {processor.py:186} INFO - Started process (PID=1507) to work on /opt/airflow/dags/utils/config.py
[2025-03-02T09:19:05.083+0000] {processor.py:914} INFO - Processing file /opt/airflow/dags/utils/config.py for tasks to queue
[2025-03-02T09:19:05.084+0000] {logging_mixin.py:190} INFO - [2025-03-02T09:19:05.084+0000] {dagbag.py:588} INFO - Filling up the DagBag from /opt/airflow/dags/utils/config.py
[2025-03-02T09:19:05.086+0000] {processor.py:927} WARNING - No viable dags retrieved from /opt/airflow/dags/utils/config.py
[2025-03-02T09:19:05.095+0000] {processor.py:208} INFO - Processing /opt/airflow/dags/utils/config.py took 0.018 seconds
[2025-03-02T09:19:35.344+0000] {processor.py:186} INFO - Started process (PID=1517) to work on /opt/airflow/dags/utils/config.py
[2025-03-02T09:19:35.345+0000] {processor.py:914} INFO - Processing file /opt/airflow/dags/utils/config.py for tasks to queue
[2025-03-02T09:19:35.347+0000] {logging_mixin.py:190} INFO - [2025-03-02T09:19:35.346+0000] {dagbag.py:588} INFO - Filling up the DagBag from /opt/airflow/dags/utils/config.py
[2025-03-02T09:19:35.348+0000] {processor.py:927} WARNING - No viable dags retrieved from /opt/airflow/dags/utils/config.py
[2025-03-02T09:19:35.358+0000] {processor.py:208} INFO - Processing /opt/airflow/dags/utils/config.py took 0.020 seconds
[2025-03-02T09:20:05.649+0000] {processor.py:186} INFO - Started process (PID=1526) to work on /opt/airflow/dags/utils/config.py
[2025-03-02T09:20:05.650+0000] {processor.py:914} INFO - Processing file /opt/airflow/dags/utils/config.py for tasks to queue
[2025-03-02T09:20:05.654+0000] {logging_mixin.py:190} INFO - [2025-03-02T09:20:05.653+0000] {dagbag.py:588} INFO - Filling up the DagBag from /opt/airflow/dags/utils/config.py
[2025-03-02T09:20:05.656+0000] {processor.py:927} WARNING - No viable dags retrieved from /opt/airflow/dags/utils/config.py
[2025-03-02T09:20:05.668+0000] {processor.py:208} INFO - Processing /opt/airflow/dags/utils/config.py took 0.028 seconds
[2025-03-02T09:20:35.934+0000] {processor.py:186} INFO - Started process (PID=1535) to work on /opt/airflow/dags/utils/config.py
[2025-03-02T09:20:35.935+0000] {processor.py:914} INFO - Processing file /opt/airflow/dags/utils/config.py for tasks to queue
[2025-03-02T09:20:35.937+0000] {logging_mixin.py:190} INFO - [2025-03-02T09:20:35.937+0000] {dagbag.py:588} INFO - Filling up the DagBag from /opt/airflow/dags/utils/config.py
[2025-03-02T09:20:35.938+0000] {processor.py:927} WARNING - No viable dags retrieved from /opt/airflow/dags/utils/config.py
[2025-03-02T09:20:35.947+0000] {processor.py:208} INFO - Processing /opt/airflow/dags/utils/config.py took 0.018 seconds
[2025-03-02T09:21:06.105+0000] {processor.py:186} INFO - Started process (PID=1544) to work on /opt/airflow/dags/utils/config.py
[2025-03-02T09:21:06.106+0000] {processor.py:914} INFO - Processing file /opt/airflow/dags/utils/config.py for tasks to queue
[2025-03-02T09:21:06.108+0000] {logging_mixin.py:190} INFO - [2025-03-02T09:21:06.107+0000] {dagbag.py:588} INFO - Filling up the DagBag from /opt/airflow/dags/utils/config.py
[2025-03-02T09:21:06.109+0000] {processor.py:927} WARNING - No viable dags retrieved from /opt/airflow/dags/utils/config.py
[2025-03-02T09:21:06.119+0000] {processor.py:208} INFO - Processing /opt/airflow/dags/utils/config.py took 0.020 seconds
[2025-03-02T09:21:36.351+0000] {processor.py:186} INFO - Started process (PID=1554) to work on /opt/airflow/dags/utils/config.py
[2025-03-02T09:21:36.351+0000] {processor.py:914} INFO - Processing file /opt/airflow/dags/utils/config.py for tasks to queue
[2025-03-02T09:21:36.353+0000] {logging_mixin.py:190} INFO - [2025-03-02T09:21:36.353+0000] {dagbag.py:588} INFO - Filling up the DagBag from /opt/airflow/dags/utils/config.py
[2025-03-02T09:21:36.354+0000] {processor.py:927} WARNING - No viable dags retrieved from /opt/airflow/dags/utils/config.py
[2025-03-02T09:21:36.364+0000] {processor.py:208} INFO - Processing /opt/airflow/dags/utils/config.py took 0.019 seconds
[2025-03-02T09:22:06.677+0000] {processor.py:186} INFO - Started process (PID=1564) to work on /opt/airflow/dags/utils/config.py
[2025-03-02T09:22:06.678+0000] {processor.py:914} INFO - Processing file /opt/airflow/dags/utils/config.py for tasks to queue
[2025-03-02T09:22:06.679+0000] {logging_mixin.py:190} INFO - [2025-03-02T09:22:06.679+0000] {dagbag.py:588} INFO - Filling up the DagBag from /opt/airflow/dags/utils/config.py
[2025-03-02T09:22:06.681+0000] {processor.py:927} WARNING - No viable dags retrieved from /opt/airflow/dags/utils/config.py
[2025-03-02T09:22:06.690+0000] {processor.py:208} INFO - Processing /opt/airflow/dags/utils/config.py took 0.018 seconds
[2025-03-02T09:22:36.938+0000] {processor.py:186} INFO - Started process (PID=1574) to work on /opt/airflow/dags/utils/config.py
[2025-03-02T09:22:36.939+0000] {processor.py:914} INFO - Processing file /opt/airflow/dags/utils/config.py for tasks to queue
[2025-03-02T09:22:36.942+0000] {logging_mixin.py:190} INFO - [2025-03-02T09:22:36.942+0000] {dagbag.py:588} INFO - Filling up the DagBag from /opt/airflow/dags/utils/config.py
[2025-03-02T09:22:36.944+0000] {processor.py:927} WARNING - No viable dags retrieved from /opt/airflow/dags/utils/config.py
[2025-03-02T09:22:36.957+0000] {processor.py:208} INFO - Processing /opt/airflow/dags/utils/config.py took 0.025 seconds
[2025-03-02T09:23:07.213+0000] {processor.py:186} INFO - Started process (PID=1583) to work on /opt/airflow/dags/utils/config.py
[2025-03-02T09:23:07.214+0000] {processor.py:914} INFO - Processing file /opt/airflow/dags/utils/config.py for tasks to queue
[2025-03-02T09:23:07.216+0000] {logging_mixin.py:190} INFO - [2025-03-02T09:23:07.215+0000] {dagbag.py:588} INFO - Filling up the DagBag from /opt/airflow/dags/utils/config.py
[2025-03-02T09:23:07.217+0000] {processor.py:927} WARNING - No viable dags retrieved from /opt/airflow/dags/utils/config.py
[2025-03-02T09:23:07.227+0000] {processor.py:208} INFO - Processing /opt/airflow/dags/utils/config.py took 0.019 seconds
[2025-03-02T09:26:15.176+0000] {processor.py:186} INFO - Started process (PID=62) to work on /opt/airflow/dags/utils/config.py
[2025-03-02T09:26:15.180+0000] {processor.py:914} INFO - Processing file /opt/airflow/dags/utils/config.py for tasks to queue
[2025-03-02T09:26:15.204+0000] {logging_mixin.py:190} INFO - [2025-03-02T09:26:15.203+0000] {dagbag.py:588} INFO - Filling up the DagBag from /opt/airflow/dags/utils/config.py
[2025-03-02T09:26:15.206+0000] {processor.py:927} WARNING - No viable dags retrieved from /opt/airflow/dags/utils/config.py
[2025-03-02T09:26:15.339+0000] {processor.py:208} INFO - Processing /opt/airflow/dags/utils/config.py took 0.221 seconds
[2025-03-02T09:26:46.436+0000] {processor.py:186} INFO - Started process (PID=71) to work on /opt/airflow/dags/utils/config.py
[2025-03-02T09:26:46.439+0000] {processor.py:914} INFO - Processing file /opt/airflow/dags/utils/config.py for tasks to queue
[2025-03-02T09:26:46.441+0000] {logging_mixin.py:190} INFO - [2025-03-02T09:26:46.440+0000] {dagbag.py:588} INFO - Filling up the DagBag from /opt/airflow/dags/utils/config.py
[2025-03-02T09:26:46.443+0000] {processor.py:927} WARNING - No viable dags retrieved from /opt/airflow/dags/utils/config.py
[2025-03-02T09:26:46.455+0000] {processor.py:208} INFO - Processing /opt/airflow/dags/utils/config.py took 0.030 seconds
[2025-03-02T09:27:16.790+0000] {processor.py:186} INFO - Started process (PID=81) to work on /opt/airflow/dags/utils/config.py
[2025-03-02T09:27:16.791+0000] {processor.py:914} INFO - Processing file /opt/airflow/dags/utils/config.py for tasks to queue
[2025-03-02T09:27:16.792+0000] {logging_mixin.py:190} INFO - [2025-03-02T09:27:16.792+0000] {dagbag.py:588} INFO - Filling up the DagBag from /opt/airflow/dags/utils/config.py
[2025-03-02T09:27:16.794+0000] {processor.py:927} WARNING - No viable dags retrieved from /opt/airflow/dags/utils/config.py
[2025-03-02T09:27:16.803+0000] {processor.py:208} INFO - Processing /opt/airflow/dags/utils/config.py took 0.019 seconds
[2025-03-02T09:27:47.078+0000] {processor.py:186} INFO - Started process (PID=90) to work on /opt/airflow/dags/utils/config.py
[2025-03-02T09:27:47.078+0000] {processor.py:914} INFO - Processing file /opt/airflow/dags/utils/config.py for tasks to queue
[2025-03-02T09:27:47.081+0000] {logging_mixin.py:190} INFO - [2025-03-02T09:27:47.080+0000] {dagbag.py:588} INFO - Filling up the DagBag from /opt/airflow/dags/utils/config.py
[2025-03-02T09:27:47.083+0000] {processor.py:927} WARNING - No viable dags retrieved from /opt/airflow/dags/utils/config.py
[2025-03-02T09:27:47.092+0000] {processor.py:208} INFO - Processing /opt/airflow/dags/utils/config.py took 0.020 seconds
[2025-03-02T09:28:17.339+0000] {processor.py:186} INFO - Started process (PID=99) to work on /opt/airflow/dags/utils/config.py
[2025-03-02T09:28:17.339+0000] {processor.py:914} INFO - Processing file /opt/airflow/dags/utils/config.py for tasks to queue
[2025-03-02T09:28:17.341+0000] {logging_mixin.py:190} INFO - [2025-03-02T09:28:17.341+0000] {dagbag.py:588} INFO - Filling up the DagBag from /opt/airflow/dags/utils/config.py
[2025-03-02T09:28:17.343+0000] {processor.py:927} WARNING - No viable dags retrieved from /opt/airflow/dags/utils/config.py
[2025-03-02T09:28:17.352+0000] {processor.py:208} INFO - Processing /opt/airflow/dags/utils/config.py took 0.020 seconds
[2025-03-02T09:28:47.642+0000] {processor.py:186} INFO - Started process (PID=108) to work on /opt/airflow/dags/utils/config.py
[2025-03-02T09:28:47.643+0000] {processor.py:914} INFO - Processing file /opt/airflow/dags/utils/config.py for tasks to queue
[2025-03-02T09:28:47.644+0000] {logging_mixin.py:190} INFO - [2025-03-02T09:28:47.644+0000] {dagbag.py:588} INFO - Filling up the DagBag from /opt/airflow/dags/utils/config.py
[2025-03-02T09:28:47.646+0000] {processor.py:927} WARNING - No viable dags retrieved from /opt/airflow/dags/utils/config.py
[2025-03-02T09:28:47.655+0000] {processor.py:208} INFO - Processing /opt/airflow/dags/utils/config.py took 0.019 seconds
[2025-03-02T09:29:17.950+0000] {processor.py:186} INFO - Started process (PID=117) to work on /opt/airflow/dags/utils/config.py
[2025-03-02T09:29:17.951+0000] {processor.py:914} INFO - Processing file /opt/airflow/dags/utils/config.py for tasks to queue
[2025-03-02T09:29:17.952+0000] {logging_mixin.py:190} INFO - [2025-03-02T09:29:17.952+0000] {dagbag.py:588} INFO - Filling up the DagBag from /opt/airflow/dags/utils/config.py
[2025-03-02T09:29:17.954+0000] {processor.py:927} WARNING - No viable dags retrieved from /opt/airflow/dags/utils/config.py
[2025-03-02T09:29:17.963+0000] {processor.py:208} INFO - Processing /opt/airflow/dags/utils/config.py took 0.019 seconds
[2025-03-02T09:29:48.234+0000] {processor.py:186} INFO - Started process (PID=127) to work on /opt/airflow/dags/utils/config.py
[2025-03-02T09:29:48.235+0000] {processor.py:914} INFO - Processing file /opt/airflow/dags/utils/config.py for tasks to queue
[2025-03-02T09:29:48.236+0000] {logging_mixin.py:190} INFO - [2025-03-02T09:29:48.236+0000] {dagbag.py:588} INFO - Filling up the DagBag from /opt/airflow/dags/utils/config.py
[2025-03-02T09:29:48.238+0000] {processor.py:927} WARNING - No viable dags retrieved from /opt/airflow/dags/utils/config.py
[2025-03-02T09:29:48.247+0000] {processor.py:208} INFO - Processing /opt/airflow/dags/utils/config.py took 0.019 seconds
[2025-03-02T09:30:18.577+0000] {processor.py:186} INFO - Started process (PID=136) to work on /opt/airflow/dags/utils/config.py
[2025-03-02T09:30:18.577+0000] {processor.py:914} INFO - Processing file /opt/airflow/dags/utils/config.py for tasks to queue
[2025-03-02T09:30:18.580+0000] {logging_mixin.py:190} INFO - [2025-03-02T09:30:18.580+0000] {dagbag.py:588} INFO - Filling up the DagBag from /opt/airflow/dags/utils/config.py
[2025-03-02T09:30:18.582+0000] {processor.py:927} WARNING - No viable dags retrieved from /opt/airflow/dags/utils/config.py
[2025-03-02T09:30:18.595+0000] {processor.py:208} INFO - Processing /opt/airflow/dags/utils/config.py took 0.025 seconds
[2025-03-02T09:30:48.887+0000] {processor.py:186} INFO - Started process (PID=146) to work on /opt/airflow/dags/utils/config.py
[2025-03-02T09:30:48.893+0000] {processor.py:914} INFO - Processing file /opt/airflow/dags/utils/config.py for tasks to queue
[2025-03-02T09:30:48.896+0000] {logging_mixin.py:190} INFO - [2025-03-02T09:30:48.896+0000] {dagbag.py:588} INFO - Filling up the DagBag from /opt/airflow/dags/utils/config.py
[2025-03-02T09:30:48.898+0000] {processor.py:927} WARNING - No viable dags retrieved from /opt/airflow/dags/utils/config.py
[2025-03-02T09:30:48.911+0000] {processor.py:208} INFO - Processing /opt/airflow/dags/utils/config.py took 0.031 seconds
[2025-03-02T09:31:19.461+0000] {processor.py:186} INFO - Started process (PID=156) to work on /opt/airflow/dags/utils/config.py
[2025-03-02T09:31:19.497+0000] {processor.py:914} INFO - Processing file /opt/airflow/dags/utils/config.py for tasks to queue
[2025-03-02T09:31:19.499+0000] {logging_mixin.py:190} INFO - [2025-03-02T09:31:19.498+0000] {dagbag.py:588} INFO - Filling up the DagBag from /opt/airflow/dags/utils/config.py
[2025-03-02T09:31:19.500+0000] {processor.py:927} WARNING - No viable dags retrieved from /opt/airflow/dags/utils/config.py
[2025-03-02T09:31:19.558+0000] {processor.py:208} INFO - Processing /opt/airflow/dags/utils/config.py took 0.104 seconds
[2025-03-02T09:31:50.042+0000] {processor.py:186} INFO - Started process (PID=165) to work on /opt/airflow/dags/utils/config.py
[2025-03-02T09:31:50.042+0000] {processor.py:914} INFO - Processing file /opt/airflow/dags/utils/config.py for tasks to queue
[2025-03-02T09:31:50.044+0000] {logging_mixin.py:190} INFO - [2025-03-02T09:31:50.044+0000] {dagbag.py:588} INFO - Filling up the DagBag from /opt/airflow/dags/utils/config.py
[2025-03-02T09:31:50.046+0000] {processor.py:927} WARNING - No viable dags retrieved from /opt/airflow/dags/utils/config.py
[2025-03-02T09:31:50.056+0000] {processor.py:208} INFO - Processing /opt/airflow/dags/utils/config.py took 0.021 seconds
[2025-03-02T09:32:20.333+0000] {processor.py:186} INFO - Started process (PID=174) to work on /opt/airflow/dags/utils/config.py
[2025-03-02T09:32:20.334+0000] {processor.py:914} INFO - Processing file /opt/airflow/dags/utils/config.py for tasks to queue
[2025-03-02T09:32:20.336+0000] {logging_mixin.py:190} INFO - [2025-03-02T09:32:20.336+0000] {dagbag.py:588} INFO - Filling up the DagBag from /opt/airflow/dags/utils/config.py
[2025-03-02T09:32:20.338+0000] {processor.py:927} WARNING - No viable dags retrieved from /opt/airflow/dags/utils/config.py
[2025-03-02T09:32:20.358+0000] {processor.py:208} INFO - Processing /opt/airflow/dags/utils/config.py took 0.033 seconds
[2025-03-02T09:32:50.615+0000] {processor.py:186} INFO - Started process (PID=183) to work on /opt/airflow/dags/utils/config.py
[2025-03-02T09:32:50.618+0000] {processor.py:914} INFO - Processing file /opt/airflow/dags/utils/config.py for tasks to queue
[2025-03-02T09:32:50.620+0000] {logging_mixin.py:190} INFO - [2025-03-02T09:32:50.619+0000] {dagbag.py:588} INFO - Filling up the DagBag from /opt/airflow/dags/utils/config.py
[2025-03-02T09:32:50.621+0000] {processor.py:927} WARNING - No viable dags retrieved from /opt/airflow/dags/utils/config.py
[2025-03-02T09:32:50.674+0000] {processor.py:208} INFO - Processing /opt/airflow/dags/utils/config.py took 0.067 seconds
[2025-03-02T09:33:21.025+0000] {processor.py:186} INFO - Started process (PID=192) to work on /opt/airflow/dags/utils/config.py
[2025-03-02T09:33:21.028+0000] {processor.py:914} INFO - Processing file /opt/airflow/dags/utils/config.py for tasks to queue
[2025-03-02T09:33:21.029+0000] {logging_mixin.py:190} INFO - [2025-03-02T09:33:21.029+0000] {dagbag.py:588} INFO - Filling up the DagBag from /opt/airflow/dags/utils/config.py
[2025-03-02T09:33:21.031+0000] {processor.py:927} WARNING - No viable dags retrieved from /opt/airflow/dags/utils/config.py
[2025-03-02T09:33:21.050+0000] {processor.py:208} INFO - Processing /opt/airflow/dags/utils/config.py took 0.034 seconds
[2025-03-02T09:33:51.332+0000] {processor.py:186} INFO - Started process (PID=201) to work on /opt/airflow/dags/utils/config.py
[2025-03-02T09:33:51.474+0000] {processor.py:914} INFO - Processing file /opt/airflow/dags/utils/config.py for tasks to queue
[2025-03-02T09:33:51.476+0000] {logging_mixin.py:190} INFO - [2025-03-02T09:33:51.475+0000] {dagbag.py:588} INFO - Filling up the DagBag from /opt/airflow/dags/utils/config.py
[2025-03-02T09:33:51.479+0000] {processor.py:927} WARNING - No viable dags retrieved from /opt/airflow/dags/utils/config.py
[2025-03-02T09:33:51.587+0000] {processor.py:208} INFO - Processing /opt/airflow/dags/utils/config.py took 0.273 seconds
[2025-03-02T09:34:22.177+0000] {processor.py:186} INFO - Started process (PID=216) to work on /opt/airflow/dags/utils/config.py
[2025-03-02T09:34:22.178+0000] {processor.py:914} INFO - Processing file /opt/airflow/dags/utils/config.py for tasks to queue
[2025-03-02T09:34:22.181+0000] {logging_mixin.py:190} INFO - [2025-03-02T09:34:22.181+0000] {dagbag.py:588} INFO - Filling up the DagBag from /opt/airflow/dags/utils/config.py
[2025-03-02T09:34:22.183+0000] {processor.py:927} WARNING - No viable dags retrieved from /opt/airflow/dags/utils/config.py
[2025-03-02T09:34:22.198+0000] {processor.py:208} INFO - Processing /opt/airflow/dags/utils/config.py took 0.028 seconds
[2025-03-02T09:34:52.666+0000] {processor.py:186} INFO - Started process (PID=226) to work on /opt/airflow/dags/utils/config.py
[2025-03-02T09:34:52.666+0000] {processor.py:914} INFO - Processing file /opt/airflow/dags/utils/config.py for tasks to queue
[2025-03-02T09:34:52.668+0000] {logging_mixin.py:190} INFO - [2025-03-02T09:34:52.668+0000] {dagbag.py:588} INFO - Filling up the DagBag from /opt/airflow/dags/utils/config.py
[2025-03-02T09:34:52.669+0000] {processor.py:927} WARNING - No viable dags retrieved from /opt/airflow/dags/utils/config.py
[2025-03-02T09:34:52.678+0000] {processor.py:208} INFO - Processing /opt/airflow/dags/utils/config.py took 0.017 seconds
[2025-03-02T09:35:22.926+0000] {processor.py:186} INFO - Started process (PID=235) to work on /opt/airflow/dags/utils/config.py
[2025-03-02T09:35:22.926+0000] {processor.py:914} INFO - Processing file /opt/airflow/dags/utils/config.py for tasks to queue
[2025-03-02T09:35:22.928+0000] {logging_mixin.py:190} INFO - [2025-03-02T09:35:22.928+0000] {dagbag.py:588} INFO - Filling up the DagBag from /opt/airflow/dags/utils/config.py
[2025-03-02T09:35:22.930+0000] {processor.py:927} WARNING - No viable dags retrieved from /opt/airflow/dags/utils/config.py
[2025-03-02T09:35:22.939+0000] {processor.py:208} INFO - Processing /opt/airflow/dags/utils/config.py took 0.019 seconds
[2025-03-02T09:35:53.183+0000] {processor.py:186} INFO - Started process (PID=243) to work on /opt/airflow/dags/utils/config.py
[2025-03-02T09:35:53.183+0000] {processor.py:914} INFO - Processing file /opt/airflow/dags/utils/config.py for tasks to queue
[2025-03-02T09:35:53.185+0000] {logging_mixin.py:190} INFO - [2025-03-02T09:35:53.185+0000] {dagbag.py:588} INFO - Filling up the DagBag from /opt/airflow/dags/utils/config.py
[2025-03-02T09:35:53.186+0000] {processor.py:927} WARNING - No viable dags retrieved from /opt/airflow/dags/utils/config.py
[2025-03-02T09:35:53.196+0000] {processor.py:208} INFO - Processing /opt/airflow/dags/utils/config.py took 0.019 seconds
[2025-03-02T09:36:23.455+0000] {processor.py:186} INFO - Started process (PID=252) to work on /opt/airflow/dags/utils/config.py
[2025-03-02T09:36:23.459+0000] {processor.py:914} INFO - Processing file /opt/airflow/dags/utils/config.py for tasks to queue
[2025-03-02T09:36:23.461+0000] {logging_mixin.py:190} INFO - [2025-03-02T09:36:23.461+0000] {dagbag.py:588} INFO - Filling up the DagBag from /opt/airflow/dags/utils/config.py
[2025-03-02T09:36:23.463+0000] {processor.py:927} WARNING - No viable dags retrieved from /opt/airflow/dags/utils/config.py
[2025-03-02T09:36:23.476+0000] {processor.py:208} INFO - Processing /opt/airflow/dags/utils/config.py took 0.037 seconds
[2025-03-02T09:36:53.716+0000] {processor.py:186} INFO - Started process (PID=261) to work on /opt/airflow/dags/utils/config.py
[2025-03-02T09:36:53.716+0000] {processor.py:914} INFO - Processing file /opt/airflow/dags/utils/config.py for tasks to queue
[2025-03-02T09:36:53.718+0000] {logging_mixin.py:190} INFO - [2025-03-02T09:36:53.718+0000] {dagbag.py:588} INFO - Filling up the DagBag from /opt/airflow/dags/utils/config.py
[2025-03-02T09:36:53.720+0000] {processor.py:927} WARNING - No viable dags retrieved from /opt/airflow/dags/utils/config.py
[2025-03-02T09:36:53.729+0000] {processor.py:208} INFO - Processing /opt/airflow/dags/utils/config.py took 0.019 seconds
[2025-03-02T09:37:23.984+0000] {processor.py:186} INFO - Started process (PID=270) to work on /opt/airflow/dags/utils/config.py
[2025-03-02T09:37:23.985+0000] {processor.py:914} INFO - Processing file /opt/airflow/dags/utils/config.py for tasks to queue
[2025-03-02T09:37:23.995+0000] {logging_mixin.py:190} INFO - [2025-03-02T09:37:23.987+0000] {dagbag.py:588} INFO - Filling up the DagBag from /opt/airflow/dags/utils/config.py
[2025-03-02T09:37:23.999+0000] {processor.py:927} WARNING - No viable dags retrieved from /opt/airflow/dags/utils/config.py
[2025-03-02T09:37:24.024+0000] {processor.py:208} INFO - Processing /opt/airflow/dags/utils/config.py took 0.048 seconds
[2025-03-02T09:37:54.235+0000] {processor.py:186} INFO - Started process (PID=279) to work on /opt/airflow/dags/utils/config.py
[2025-03-02T09:37:54.236+0000] {processor.py:914} INFO - Processing file /opt/airflow/dags/utils/config.py for tasks to queue
[2025-03-02T09:37:54.246+0000] {logging_mixin.py:190} INFO - [2025-03-02T09:37:54.238+0000] {dagbag.py:588} INFO - Filling up the DagBag from /opt/airflow/dags/utils/config.py
[2025-03-02T09:37:54.248+0000] {processor.py:927} WARNING - No viable dags retrieved from /opt/airflow/dags/utils/config.py
[2025-03-02T09:37:54.258+0000] {processor.py:208} INFO - Processing /opt/airflow/dags/utils/config.py took 0.030 seconds
[2025-03-02T09:38:24.511+0000] {processor.py:186} INFO - Started process (PID=287) to work on /opt/airflow/dags/utils/config.py
[2025-03-02T09:38:24.512+0000] {processor.py:914} INFO - Processing file /opt/airflow/dags/utils/config.py for tasks to queue
[2025-03-02T09:38:24.514+0000] {logging_mixin.py:190} INFO - [2025-03-02T09:38:24.514+0000] {dagbag.py:588} INFO - Filling up the DagBag from /opt/airflow/dags/utils/config.py
[2025-03-02T09:38:24.521+0000] {processor.py:927} WARNING - No viable dags retrieved from /opt/airflow/dags/utils/config.py
[2025-03-02T09:38:24.548+0000] {processor.py:208} INFO - Processing /opt/airflow/dags/utils/config.py took 0.055 seconds
[2025-03-02T09:38:54.844+0000] {processor.py:186} INFO - Started process (PID=296) to work on /opt/airflow/dags/utils/config.py
[2025-03-02T09:38:54.844+0000] {processor.py:914} INFO - Processing file /opt/airflow/dags/utils/config.py for tasks to queue
[2025-03-02T09:38:54.846+0000] {logging_mixin.py:190} INFO - [2025-03-02T09:38:54.846+0000] {dagbag.py:588} INFO - Filling up the DagBag from /opt/airflow/dags/utils/config.py
[2025-03-02T09:38:54.848+0000] {processor.py:927} WARNING - No viable dags retrieved from /opt/airflow/dags/utils/config.py
[2025-03-02T09:38:54.858+0000] {processor.py:208} INFO - Processing /opt/airflow/dags/utils/config.py took 0.019 seconds
[2025-03-02T09:39:25.462+0000] {processor.py:186} INFO - Started process (PID=305) to work on /opt/airflow/dags/utils/config.py
[2025-03-02T09:39:25.464+0000] {processor.py:914} INFO - Processing file /opt/airflow/dags/utils/config.py for tasks to queue
[2025-03-02T09:39:25.466+0000] {logging_mixin.py:190} INFO - [2025-03-02T09:39:25.466+0000] {dagbag.py:588} INFO - Filling up the DagBag from /opt/airflow/dags/utils/config.py
[2025-03-02T09:39:25.468+0000] {processor.py:927} WARNING - No viable dags retrieved from /opt/airflow/dags/utils/config.py
[2025-03-02T09:39:25.478+0000] {processor.py:208} INFO - Processing /opt/airflow/dags/utils/config.py took 0.021 seconds
[2025-03-02T09:39:55.643+0000] {processor.py:186} INFO - Started process (PID=315) to work on /opt/airflow/dags/utils/config.py
[2025-03-02T09:39:55.643+0000] {processor.py:914} INFO - Processing file /opt/airflow/dags/utils/config.py for tasks to queue
[2025-03-02T09:39:55.645+0000] {logging_mixin.py:190} INFO - [2025-03-02T09:39:55.645+0000] {dagbag.py:588} INFO - Filling up the DagBag from /opt/airflow/dags/utils/config.py
[2025-03-02T09:39:55.646+0000] {processor.py:927} WARNING - No viable dags retrieved from /opt/airflow/dags/utils/config.py
[2025-03-02T09:39:55.659+0000] {processor.py:208} INFO - Processing /opt/airflow/dags/utils/config.py took 0.022 seconds
